[2025-10-25T16:08:42.658+0200] {processor.py:161} INFO - Started process (PID=71206) to work on /Users/youssefdaaloul/venv/dbt_snowflake/airflow_venv_39/lib/python3.11/site-packages/airflow/example_dags/example_task_group.py
[2025-10-25T16:08:42.658+0200] {processor.py:830} INFO - Processing file /Users/youssefdaaloul/venv/dbt_snowflake/airflow_venv_39/lib/python3.11/site-packages/airflow/example_dags/example_task_group.py for tasks to queue
[2025-10-25T16:08:42.659+0200] {logging_mixin.py:188} INFO - [2025-10-25T16:08:42.658+0200] {dagbag.py:538} INFO - Filling up the DagBag from /Users/youssefdaaloul/venv/dbt_snowflake/airflow_venv_39/lib/python3.11/site-packages/airflow/example_dags/example_task_group.py
[2025-10-25T16:08:42.662+0200] {processor.py:840} INFO - DAG(s) 'example_task_group' retrieved from /Users/youssefdaaloul/venv/dbt_snowflake/airflow_venv_39/lib/python3.11/site-packages/airflow/example_dags/example_task_group.py
[2025-10-25T16:08:42.754+0200] {logging_mixin.py:188} INFO - [2025-10-25T16:08:42.754+0200] {dag.py:3036} INFO - Sync 1 DAGs
[2025-10-25T16:08:42.760+0200] {logging_mixin.py:188} INFO - [2025-10-25T16:08:42.760+0200] {dag.py:3823} INFO - Setting next_dagrun for example_task_group to 2025-10-24 00:00:00+00:00, run_after=2025-10-25 00:00:00+00:00
[2025-10-25T16:08:42.767+0200] {processor.py:183} INFO - Processing /Users/youssefdaaloul/venv/dbt_snowflake/airflow_venv_39/lib/python3.11/site-packages/airflow/example_dags/example_task_group.py took 0.110 seconds
[2025-10-25T16:10:14.383+0200] {processor.py:161} INFO - Started process (PID=71285) to work on /Users/youssefdaaloul/venv/dbt_snowflake/airflow_venv_39/lib/python3.11/site-packages/airflow/example_dags/example_task_group.py
[2025-10-25T16:10:14.383+0200] {processor.py:830} INFO - Processing file /Users/youssefdaaloul/venv/dbt_snowflake/airflow_venv_39/lib/python3.11/site-packages/airflow/example_dags/example_task_group.py for tasks to queue
[2025-10-25T16:10:14.384+0200] {logging_mixin.py:188} INFO - [2025-10-25T16:10:14.384+0200] {dagbag.py:538} INFO - Filling up the DagBag from /Users/youssefdaaloul/venv/dbt_snowflake/airflow_venv_39/lib/python3.11/site-packages/airflow/example_dags/example_task_group.py
[2025-10-25T16:10:14.389+0200] {processor.py:840} INFO - DAG(s) 'example_task_group' retrieved from /Users/youssefdaaloul/venv/dbt_snowflake/airflow_venv_39/lib/python3.11/site-packages/airflow/example_dags/example_task_group.py
[2025-10-25T16:10:14.451+0200] {logging_mixin.py:188} INFO - [2025-10-25T16:10:14.451+0200] {dag.py:3036} INFO - Sync 1 DAGs
[2025-10-25T16:10:14.457+0200] {logging_mixin.py:188} INFO - [2025-10-25T16:10:14.457+0200] {dag.py:3823} INFO - Setting next_dagrun for example_task_group to 2025-10-24 00:00:00+00:00, run_after=2025-10-25 00:00:00+00:00
[2025-10-25T16:10:14.464+0200] {processor.py:183} INFO - Processing /Users/youssefdaaloul/venv/dbt_snowflake/airflow_venv_39/lib/python3.11/site-packages/airflow/example_dags/example_task_group.py took 0.082 seconds
[2025-10-25T16:12:12.875+0200] {processor.py:161} INFO - Started process (PID=71396) to work on /Users/youssefdaaloul/venv/dbt_snowflake/airflow_venv_39/lib/python3.11/site-packages/airflow/example_dags/example_task_group.py
[2025-10-25T16:12:12.876+0200] {processor.py:830} INFO - Processing file /Users/youssefdaaloul/venv/dbt_snowflake/airflow_venv_39/lib/python3.11/site-packages/airflow/example_dags/example_task_group.py for tasks to queue
[2025-10-25T16:12:12.876+0200] {logging_mixin.py:188} INFO - [2025-10-25T16:12:12.876+0200] {dagbag.py:538} INFO - Filling up the DagBag from /Users/youssefdaaloul/venv/dbt_snowflake/airflow_venv_39/lib/python3.11/site-packages/airflow/example_dags/example_task_group.py
[2025-10-25T16:12:12.880+0200] {processor.py:840} INFO - DAG(s) 'example_task_group' retrieved from /Users/youssefdaaloul/venv/dbt_snowflake/airflow_venv_39/lib/python3.11/site-packages/airflow/example_dags/example_task_group.py
[2025-10-25T16:12:12.942+0200] {logging_mixin.py:188} INFO - [2025-10-25T16:12:12.942+0200] {dag.py:3036} INFO - Sync 1 DAGs
[2025-10-25T16:12:12.948+0200] {logging_mixin.py:188} INFO - [2025-10-25T16:12:12.948+0200] {dag.py:3823} INFO - Setting next_dagrun for example_task_group to 2025-10-24 00:00:00+00:00, run_after=2025-10-25 00:00:00+00:00
[2025-10-25T16:12:12.954+0200] {processor.py:183} INFO - Processing /Users/youssefdaaloul/venv/dbt_snowflake/airflow_venv_39/lib/python3.11/site-packages/airflow/example_dags/example_task_group.py took 0.080 seconds
[2025-10-25T16:14:11.008+0200] {processor.py:161} INFO - Started process (PID=71497) to work on /Users/youssefdaaloul/venv/dbt_snowflake/airflow_venv_39/lib/python3.11/site-packages/airflow/example_dags/example_task_group.py
[2025-10-25T16:14:11.009+0200] {processor.py:830} INFO - Processing file /Users/youssefdaaloul/venv/dbt_snowflake/airflow_venv_39/lib/python3.11/site-packages/airflow/example_dags/example_task_group.py for tasks to queue
[2025-10-25T16:14:11.009+0200] {logging_mixin.py:188} INFO - [2025-10-25T16:14:11.009+0200] {dagbag.py:538} INFO - Filling up the DagBag from /Users/youssefdaaloul/venv/dbt_snowflake/airflow_venv_39/lib/python3.11/site-packages/airflow/example_dags/example_task_group.py
[2025-10-25T16:14:11.013+0200] {processor.py:840} INFO - DAG(s) 'example_task_group' retrieved from /Users/youssefdaaloul/venv/dbt_snowflake/airflow_venv_39/lib/python3.11/site-packages/airflow/example_dags/example_task_group.py
[2025-10-25T16:14:11.076+0200] {logging_mixin.py:188} INFO - [2025-10-25T16:14:11.076+0200] {dag.py:3036} INFO - Sync 1 DAGs
[2025-10-25T16:14:11.082+0200] {logging_mixin.py:188} INFO - [2025-10-25T16:14:11.082+0200] {dag.py:3823} INFO - Setting next_dagrun for example_task_group to 2025-10-24 00:00:00+00:00, run_after=2025-10-25 00:00:00+00:00
[2025-10-25T16:14:11.089+0200] {processor.py:183} INFO - Processing /Users/youssefdaaloul/venv/dbt_snowflake/airflow_venv_39/lib/python3.11/site-packages/airflow/example_dags/example_task_group.py took 0.081 seconds
[2025-10-25T16:15:12.516+0200] {processor.py:161} INFO - Started process (PID=71555) to work on /Users/youssefdaaloul/venv/dbt_snowflake/airflow_venv_39/lib/python3.11/site-packages/airflow/example_dags/example_task_group.py
[2025-10-25T16:15:12.517+0200] {processor.py:830} INFO - Processing file /Users/youssefdaaloul/venv/dbt_snowflake/airflow_venv_39/lib/python3.11/site-packages/airflow/example_dags/example_task_group.py for tasks to queue
[2025-10-25T16:15:12.517+0200] {logging_mixin.py:188} INFO - [2025-10-25T16:15:12.517+0200] {dagbag.py:538} INFO - Filling up the DagBag from /Users/youssefdaaloul/venv/dbt_snowflake/airflow_venv_39/lib/python3.11/site-packages/airflow/example_dags/example_task_group.py
[2025-10-25T16:15:12.521+0200] {processor.py:840} INFO - DAG(s) 'example_task_group' retrieved from /Users/youssefdaaloul/venv/dbt_snowflake/airflow_venv_39/lib/python3.11/site-packages/airflow/example_dags/example_task_group.py
[2025-10-25T16:15:12.588+0200] {logging_mixin.py:188} INFO - [2025-10-25T16:15:12.588+0200] {dag.py:3036} INFO - Sync 1 DAGs
[2025-10-25T16:15:12.595+0200] {logging_mixin.py:188} INFO - [2025-10-25T16:15:12.595+0200] {dag.py:3823} INFO - Setting next_dagrun for example_task_group to 2025-10-24 00:00:00+00:00, run_after=2025-10-25 00:00:00+00:00
[2025-10-25T16:15:12.603+0200] {processor.py:183} INFO - Processing /Users/youssefdaaloul/venv/dbt_snowflake/airflow_venv_39/lib/python3.11/site-packages/airflow/example_dags/example_task_group.py took 0.087 seconds
[2025-10-25T16:16:14.444+0200] {processor.py:161} INFO - Started process (PID=71614) to work on /Users/youssefdaaloul/venv/dbt_snowflake/airflow_venv_39/lib/python3.11/site-packages/airflow/example_dags/example_task_group.py
[2025-10-25T16:16:14.445+0200] {processor.py:830} INFO - Processing file /Users/youssefdaaloul/venv/dbt_snowflake/airflow_venv_39/lib/python3.11/site-packages/airflow/example_dags/example_task_group.py for tasks to queue
[2025-10-25T16:16:14.445+0200] {logging_mixin.py:188} INFO - [2025-10-25T16:16:14.445+0200] {dagbag.py:538} INFO - Filling up the DagBag from /Users/youssefdaaloul/venv/dbt_snowflake/airflow_venv_39/lib/python3.11/site-packages/airflow/example_dags/example_task_group.py
[2025-10-25T16:16:14.449+0200] {processor.py:840} INFO - DAG(s) 'example_task_group' retrieved from /Users/youssefdaaloul/venv/dbt_snowflake/airflow_venv_39/lib/python3.11/site-packages/airflow/example_dags/example_task_group.py
[2025-10-25T16:16:14.517+0200] {logging_mixin.py:188} INFO - [2025-10-25T16:16:14.516+0200] {dag.py:3036} INFO - Sync 1 DAGs
[2025-10-25T16:16:14.523+0200] {logging_mixin.py:188} INFO - [2025-10-25T16:16:14.523+0200] {dag.py:3823} INFO - Setting next_dagrun for example_task_group to 2025-10-24 00:00:00+00:00, run_after=2025-10-25 00:00:00+00:00
[2025-10-25T16:16:14.531+0200] {processor.py:183} INFO - Processing /Users/youssefdaaloul/venv/dbt_snowflake/airflow_venv_39/lib/python3.11/site-packages/airflow/example_dags/example_task_group.py took 0.088 seconds
[2025-10-25T16:18:14.126+0200] {processor.py:161} INFO - Started process (PID=71709) to work on /Users/youssefdaaloul/venv/dbt_snowflake/airflow_venv_39/lib/python3.11/site-packages/airflow/example_dags/example_task_group.py
[2025-10-25T16:18:14.126+0200] {processor.py:830} INFO - Processing file /Users/youssefdaaloul/venv/dbt_snowflake/airflow_venv_39/lib/python3.11/site-packages/airflow/example_dags/example_task_group.py for tasks to queue
[2025-10-25T16:18:14.127+0200] {logging_mixin.py:188} INFO - [2025-10-25T16:18:14.127+0200] {dagbag.py:538} INFO - Filling up the DagBag from /Users/youssefdaaloul/venv/dbt_snowflake/airflow_venv_39/lib/python3.11/site-packages/airflow/example_dags/example_task_group.py
[2025-10-25T16:18:14.130+0200] {processor.py:840} INFO - DAG(s) 'example_task_group' retrieved from /Users/youssefdaaloul/venv/dbt_snowflake/airflow_venv_39/lib/python3.11/site-packages/airflow/example_dags/example_task_group.py
[2025-10-25T16:18:14.190+0200] {logging_mixin.py:188} INFO - [2025-10-25T16:18:14.190+0200] {dag.py:3036} INFO - Sync 1 DAGs
[2025-10-25T16:18:14.196+0200] {logging_mixin.py:188} INFO - [2025-10-25T16:18:14.195+0200] {dag.py:3823} INFO - Setting next_dagrun for example_task_group to 2025-10-24 00:00:00+00:00, run_after=2025-10-25 00:00:00+00:00
[2025-10-25T16:18:14.203+0200] {processor.py:183} INFO - Processing /Users/youssefdaaloul/venv/dbt_snowflake/airflow_venv_39/lib/python3.11/site-packages/airflow/example_dags/example_task_group.py took 0.078 seconds
[2025-10-25T16:19:14.129+0200] {processor.py:161} INFO - Started process (PID=71768) to work on /Users/youssefdaaloul/venv/dbt_snowflake/airflow_venv_39/lib/python3.11/site-packages/airflow/example_dags/example_task_group.py
[2025-10-25T16:19:14.130+0200] {processor.py:830} INFO - Processing file /Users/youssefdaaloul/venv/dbt_snowflake/airflow_venv_39/lib/python3.11/site-packages/airflow/example_dags/example_task_group.py for tasks to queue
[2025-10-25T16:19:14.130+0200] {logging_mixin.py:188} INFO - [2025-10-25T16:19:14.130+0200] {dagbag.py:538} INFO - Filling up the DagBag from /Users/youssefdaaloul/venv/dbt_snowflake/airflow_venv_39/lib/python3.11/site-packages/airflow/example_dags/example_task_group.py
[2025-10-25T16:19:14.136+0200] {processor.py:840} INFO - DAG(s) 'example_task_group' retrieved from /Users/youssefdaaloul/venv/dbt_snowflake/airflow_venv_39/lib/python3.11/site-packages/airflow/example_dags/example_task_group.py
[2025-10-25T16:19:14.208+0200] {logging_mixin.py:188} INFO - [2025-10-25T16:19:14.207+0200] {dag.py:3036} INFO - Sync 1 DAGs
[2025-10-25T16:19:14.218+0200] {logging_mixin.py:188} INFO - [2025-10-25T16:19:14.217+0200] {dag.py:3823} INFO - Setting next_dagrun for example_task_group to 2025-10-24 00:00:00+00:00, run_after=2025-10-25 00:00:00+00:00
[2025-10-25T16:19:14.234+0200] {processor.py:183} INFO - Processing /Users/youssefdaaloul/venv/dbt_snowflake/airflow_venv_39/lib/python3.11/site-packages/airflow/example_dags/example_task_group.py took 0.105 seconds
[2025-10-25T16:20:20.346+0200] {processor.py:161} INFO - Started process (PID=71825) to work on /Users/youssefdaaloul/venv/dbt_snowflake/airflow_venv_39/lib/python3.11/site-packages/airflow/example_dags/example_task_group.py
[2025-10-25T16:20:20.347+0200] {processor.py:830} INFO - Processing file /Users/youssefdaaloul/venv/dbt_snowflake/airflow_venv_39/lib/python3.11/site-packages/airflow/example_dags/example_task_group.py for tasks to queue
[2025-10-25T16:20:20.347+0200] {logging_mixin.py:188} INFO - [2025-10-25T16:20:20.347+0200] {dagbag.py:538} INFO - Filling up the DagBag from /Users/youssefdaaloul/venv/dbt_snowflake/airflow_venv_39/lib/python3.11/site-packages/airflow/example_dags/example_task_group.py
[2025-10-25T16:20:20.352+0200] {processor.py:840} INFO - DAG(s) 'example_task_group' retrieved from /Users/youssefdaaloul/venv/dbt_snowflake/airflow_venv_39/lib/python3.11/site-packages/airflow/example_dags/example_task_group.py
[2025-10-25T16:20:20.418+0200] {logging_mixin.py:188} INFO - [2025-10-25T16:20:20.418+0200] {dag.py:3036} INFO - Sync 1 DAGs
[2025-10-25T16:20:20.423+0200] {logging_mixin.py:188} INFO - [2025-10-25T16:20:20.423+0200] {dag.py:3823} INFO - Setting next_dagrun for example_task_group to 2025-10-24 00:00:00+00:00, run_after=2025-10-25 00:00:00+00:00
[2025-10-25T16:20:20.430+0200] {processor.py:183} INFO - Processing /Users/youssefdaaloul/venv/dbt_snowflake/airflow_venv_39/lib/python3.11/site-packages/airflow/example_dags/example_task_group.py took 0.084 seconds
[2025-10-25T16:21:19.920+0200] {processor.py:161} INFO - Started process (PID=71888) to work on /Users/youssefdaaloul/venv/dbt_snowflake/airflow_venv_39/lib/python3.11/site-packages/airflow/example_dags/example_task_group.py
[2025-10-25T16:21:19.925+0200] {processor.py:830} INFO - Processing file /Users/youssefdaaloul/venv/dbt_snowflake/airflow_venv_39/lib/python3.11/site-packages/airflow/example_dags/example_task_group.py for tasks to queue
[2025-10-25T16:21:19.926+0200] {logging_mixin.py:188} INFO - [2025-10-25T16:21:19.925+0200] {dagbag.py:538} INFO - Filling up the DagBag from /Users/youssefdaaloul/venv/dbt_snowflake/airflow_venv_39/lib/python3.11/site-packages/airflow/example_dags/example_task_group.py
[2025-10-25T16:21:19.929+0200] {processor.py:840} INFO - DAG(s) 'example_task_group' retrieved from /Users/youssefdaaloul/venv/dbt_snowflake/airflow_venv_39/lib/python3.11/site-packages/airflow/example_dags/example_task_group.py
[2025-10-25T16:21:19.989+0200] {logging_mixin.py:188} INFO - [2025-10-25T16:21:19.989+0200] {dag.py:3036} INFO - Sync 1 DAGs
[2025-10-25T16:21:19.995+0200] {logging_mixin.py:188} INFO - [2025-10-25T16:21:19.995+0200] {dag.py:3823} INFO - Setting next_dagrun for example_task_group to 2025-10-24 00:00:00+00:00, run_after=2025-10-25 00:00:00+00:00
[2025-10-25T16:21:20.001+0200] {processor.py:183} INFO - Processing /Users/youssefdaaloul/venv/dbt_snowflake/airflow_venv_39/lib/python3.11/site-packages/airflow/example_dags/example_task_group.py took 0.082 seconds
[2025-10-25T16:23:05.393+0200] {processor.py:161} INFO - Started process (PID=71987) to work on /Users/youssefdaaloul/venv/dbt_snowflake/airflow_venv_39/lib/python3.11/site-packages/airflow/example_dags/example_task_group.py
[2025-10-25T16:23:05.394+0200] {processor.py:830} INFO - Processing file /Users/youssefdaaloul/venv/dbt_snowflake/airflow_venv_39/lib/python3.11/site-packages/airflow/example_dags/example_task_group.py for tasks to queue
[2025-10-25T16:23:05.394+0200] {logging_mixin.py:188} INFO - [2025-10-25T16:23:05.394+0200] {dagbag.py:538} INFO - Filling up the DagBag from /Users/youssefdaaloul/venv/dbt_snowflake/airflow_venv_39/lib/python3.11/site-packages/airflow/example_dags/example_task_group.py
[2025-10-25T16:23:05.398+0200] {processor.py:840} INFO - DAG(s) 'example_task_group' retrieved from /Users/youssefdaaloul/venv/dbt_snowflake/airflow_venv_39/lib/python3.11/site-packages/airflow/example_dags/example_task_group.py
[2025-10-25T16:23:05.455+0200] {logging_mixin.py:188} INFO - [2025-10-25T16:23:05.455+0200] {dag.py:3036} INFO - Sync 1 DAGs
[2025-10-25T16:23:05.461+0200] {logging_mixin.py:188} INFO - [2025-10-25T16:23:05.461+0200] {dag.py:3823} INFO - Setting next_dagrun for example_task_group to 2025-10-24 00:00:00+00:00, run_after=2025-10-25 00:00:00+00:00
[2025-10-25T16:23:05.467+0200] {processor.py:183} INFO - Processing /Users/youssefdaaloul/venv/dbt_snowflake/airflow_venv_39/lib/python3.11/site-packages/airflow/example_dags/example_task_group.py took 0.075 seconds
[2025-10-25T16:24:56.644+0200] {processor.py:161} INFO - Started process (PID=72089) to work on /Users/youssefdaaloul/venv/dbt_snowflake/airflow_venv_39/lib/python3.11/site-packages/airflow/example_dags/example_task_group.py
[2025-10-25T16:24:56.645+0200] {processor.py:830} INFO - Processing file /Users/youssefdaaloul/venv/dbt_snowflake/airflow_venv_39/lib/python3.11/site-packages/airflow/example_dags/example_task_group.py for tasks to queue
[2025-10-25T16:24:56.645+0200] {logging_mixin.py:188} INFO - [2025-10-25T16:24:56.645+0200] {dagbag.py:538} INFO - Filling up the DagBag from /Users/youssefdaaloul/venv/dbt_snowflake/airflow_venv_39/lib/python3.11/site-packages/airflow/example_dags/example_task_group.py
[2025-10-25T16:24:56.649+0200] {processor.py:840} INFO - DAG(s) 'example_task_group' retrieved from /Users/youssefdaaloul/venv/dbt_snowflake/airflow_venv_39/lib/python3.11/site-packages/airflow/example_dags/example_task_group.py
[2025-10-25T16:24:56.708+0200] {logging_mixin.py:188} INFO - [2025-10-25T16:24:56.708+0200] {dag.py:3036} INFO - Sync 1 DAGs
[2025-10-25T16:24:56.714+0200] {logging_mixin.py:188} INFO - [2025-10-25T16:24:56.714+0200] {dag.py:3823} INFO - Setting next_dagrun for example_task_group to 2025-10-24 00:00:00+00:00, run_after=2025-10-25 00:00:00+00:00
[2025-10-25T16:24:56.720+0200] {processor.py:183} INFO - Processing /Users/youssefdaaloul/venv/dbt_snowflake/airflow_venv_39/lib/python3.11/site-packages/airflow/example_dags/example_task_group.py took 0.076 seconds
[2025-10-25T16:26:42.246+0200] {processor.py:161} INFO - Started process (PID=72201) to work on /Users/youssefdaaloul/venv/dbt_snowflake/airflow_venv_39/lib/python3.11/site-packages/airflow/example_dags/example_task_group.py
[2025-10-25T16:26:42.248+0200] {processor.py:830} INFO - Processing file /Users/youssefdaaloul/venv/dbt_snowflake/airflow_venv_39/lib/python3.11/site-packages/airflow/example_dags/example_task_group.py for tasks to queue
[2025-10-25T16:26:42.248+0200] {logging_mixin.py:188} INFO - [2025-10-25T16:26:42.248+0200] {dagbag.py:538} INFO - Filling up the DagBag from /Users/youssefdaaloul/venv/dbt_snowflake/airflow_venv_39/lib/python3.11/site-packages/airflow/example_dags/example_task_group.py
[2025-10-25T16:26:42.251+0200] {processor.py:840} INFO - DAG(s) 'example_task_group' retrieved from /Users/youssefdaaloul/venv/dbt_snowflake/airflow_venv_39/lib/python3.11/site-packages/airflow/example_dags/example_task_group.py
[2025-10-25T16:26:42.310+0200] {logging_mixin.py:188} INFO - [2025-10-25T16:26:42.310+0200] {dag.py:3036} INFO - Sync 1 DAGs
[2025-10-25T16:26:42.315+0200] {logging_mixin.py:188} INFO - [2025-10-25T16:26:42.315+0200] {dag.py:3823} INFO - Setting next_dagrun for example_task_group to 2025-10-24 00:00:00+00:00, run_after=2025-10-25 00:00:00+00:00
[2025-10-25T16:26:42.322+0200] {processor.py:183} INFO - Processing /Users/youssefdaaloul/venv/dbt_snowflake/airflow_venv_39/lib/python3.11/site-packages/airflow/example_dags/example_task_group.py took 0.076 seconds
[2025-10-25T16:28:36.731+0200] {processor.py:161} INFO - Started process (PID=72321) to work on /Users/youssefdaaloul/venv/dbt_snowflake/airflow_venv_39/lib/python3.11/site-packages/airflow/example_dags/example_task_group.py
[2025-10-25T16:28:36.733+0200] {processor.py:830} INFO - Processing file /Users/youssefdaaloul/venv/dbt_snowflake/airflow_venv_39/lib/python3.11/site-packages/airflow/example_dags/example_task_group.py for tasks to queue
[2025-10-25T16:28:36.733+0200] {logging_mixin.py:188} INFO - [2025-10-25T16:28:36.733+0200] {dagbag.py:538} INFO - Filling up the DagBag from /Users/youssefdaaloul/venv/dbt_snowflake/airflow_venv_39/lib/python3.11/site-packages/airflow/example_dags/example_task_group.py
[2025-10-25T16:28:36.736+0200] {processor.py:840} INFO - DAG(s) 'example_task_group' retrieved from /Users/youssefdaaloul/venv/dbt_snowflake/airflow_venv_39/lib/python3.11/site-packages/airflow/example_dags/example_task_group.py
[2025-10-25T16:28:36.797+0200] {logging_mixin.py:188} INFO - [2025-10-25T16:28:36.797+0200] {dag.py:3036} INFO - Sync 1 DAGs
[2025-10-25T16:28:36.803+0200] {logging_mixin.py:188} INFO - [2025-10-25T16:28:36.803+0200] {dag.py:3823} INFO - Setting next_dagrun for example_task_group to 2025-10-24 00:00:00+00:00, run_after=2025-10-25 00:00:00+00:00
[2025-10-25T16:28:36.810+0200] {processor.py:183} INFO - Processing /Users/youssefdaaloul/venv/dbt_snowflake/airflow_venv_39/lib/python3.11/site-packages/airflow/example_dags/example_task_group.py took 0.079 seconds
[2025-10-25T16:30:35.817+0200] {processor.py:161} INFO - Started process (PID=72438) to work on /Users/youssefdaaloul/venv/dbt_snowflake/airflow_venv_39/lib/python3.11/site-packages/airflow/example_dags/example_task_group.py
[2025-10-25T16:30:35.818+0200] {processor.py:830} INFO - Processing file /Users/youssefdaaloul/venv/dbt_snowflake/airflow_venv_39/lib/python3.11/site-packages/airflow/example_dags/example_task_group.py for tasks to queue
[2025-10-25T16:30:35.819+0200] {logging_mixin.py:188} INFO - [2025-10-25T16:30:35.819+0200] {dagbag.py:538} INFO - Filling up the DagBag from /Users/youssefdaaloul/venv/dbt_snowflake/airflow_venv_39/lib/python3.11/site-packages/airflow/example_dags/example_task_group.py
[2025-10-25T16:30:35.822+0200] {processor.py:840} INFO - DAG(s) 'example_task_group' retrieved from /Users/youssefdaaloul/venv/dbt_snowflake/airflow_venv_39/lib/python3.11/site-packages/airflow/example_dags/example_task_group.py
[2025-10-25T16:30:35.881+0200] {logging_mixin.py:188} INFO - [2025-10-25T16:30:35.881+0200] {dag.py:3036} INFO - Sync 1 DAGs
[2025-10-25T16:30:35.887+0200] {logging_mixin.py:188} INFO - [2025-10-25T16:30:35.887+0200] {dag.py:3823} INFO - Setting next_dagrun for example_task_group to 2025-10-24 00:00:00+00:00, run_after=2025-10-25 00:00:00+00:00
[2025-10-25T16:30:35.894+0200] {processor.py:183} INFO - Processing /Users/youssefdaaloul/venv/dbt_snowflake/airflow_venv_39/lib/python3.11/site-packages/airflow/example_dags/example_task_group.py took 0.077 seconds
[2025-10-25T16:32:27.224+0200] {processor.py:161} INFO - Started process (PID=72605) to work on /Users/youssefdaaloul/venv/dbt_snowflake/airflow_venv_39/lib/python3.11/site-packages/airflow/example_dags/example_task_group.py
[2025-10-25T16:32:27.225+0200] {processor.py:830} INFO - Processing file /Users/youssefdaaloul/venv/dbt_snowflake/airflow_venv_39/lib/python3.11/site-packages/airflow/example_dags/example_task_group.py for tasks to queue
[2025-10-25T16:32:27.225+0200] {logging_mixin.py:188} INFO - [2025-10-25T16:32:27.225+0200] {dagbag.py:538} INFO - Filling up the DagBag from /Users/youssefdaaloul/venv/dbt_snowflake/airflow_venv_39/lib/python3.11/site-packages/airflow/example_dags/example_task_group.py
[2025-10-25T16:32:27.229+0200] {processor.py:840} INFO - DAG(s) 'example_task_group' retrieved from /Users/youssefdaaloul/venv/dbt_snowflake/airflow_venv_39/lib/python3.11/site-packages/airflow/example_dags/example_task_group.py
[2025-10-25T16:32:27.289+0200] {logging_mixin.py:188} INFO - [2025-10-25T16:32:27.289+0200] {dag.py:3036} INFO - Sync 1 DAGs
[2025-10-25T16:32:27.296+0200] {logging_mixin.py:188} INFO - [2025-10-25T16:32:27.296+0200] {dag.py:3823} INFO - Setting next_dagrun for example_task_group to 2025-10-24 00:00:00+00:00, run_after=2025-10-25 00:00:00+00:00
[2025-10-25T16:32:27.302+0200] {processor.py:183} INFO - Processing /Users/youssefdaaloul/venv/dbt_snowflake/airflow_venv_39/lib/python3.11/site-packages/airflow/example_dags/example_task_group.py took 0.078 seconds
[2025-10-25T16:33:28.156+0200] {processor.py:161} INFO - Started process (PID=72686) to work on /Users/youssefdaaloul/venv/dbt_snowflake/airflow_venv_39/lib/python3.11/site-packages/airflow/example_dags/example_task_group.py
[2025-10-25T16:33:28.157+0200] {processor.py:830} INFO - Processing file /Users/youssefdaaloul/venv/dbt_snowflake/airflow_venv_39/lib/python3.11/site-packages/airflow/example_dags/example_task_group.py for tasks to queue
[2025-10-25T16:33:28.157+0200] {logging_mixin.py:188} INFO - [2025-10-25T16:33:28.157+0200] {dagbag.py:538} INFO - Filling up the DagBag from /Users/youssefdaaloul/venv/dbt_snowflake/airflow_venv_39/lib/python3.11/site-packages/airflow/example_dags/example_task_group.py
[2025-10-25T16:33:28.160+0200] {processor.py:840} INFO - DAG(s) 'example_task_group' retrieved from /Users/youssefdaaloul/venv/dbt_snowflake/airflow_venv_39/lib/python3.11/site-packages/airflow/example_dags/example_task_group.py
[2025-10-25T16:33:28.218+0200] {logging_mixin.py:188} INFO - [2025-10-25T16:33:28.218+0200] {dag.py:3036} INFO - Sync 1 DAGs
[2025-10-25T16:33:28.223+0200] {logging_mixin.py:188} INFO - [2025-10-25T16:33:28.223+0200] {dag.py:3823} INFO - Setting next_dagrun for example_task_group to 2025-10-24 00:00:00+00:00, run_after=2025-10-25 00:00:00+00:00
[2025-10-25T16:33:28.230+0200] {processor.py:183} INFO - Processing /Users/youssefdaaloul/venv/dbt_snowflake/airflow_venv_39/lib/python3.11/site-packages/airflow/example_dags/example_task_group.py took 0.074 seconds
[2025-10-25T16:35:26.008+0200] {processor.py:161} INFO - Started process (PID=72830) to work on /Users/youssefdaaloul/venv/dbt_snowflake/airflow_venv_39/lib/python3.11/site-packages/airflow/example_dags/example_task_group.py
[2025-10-25T16:35:26.009+0200] {processor.py:830} INFO - Processing file /Users/youssefdaaloul/venv/dbt_snowflake/airflow_venv_39/lib/python3.11/site-packages/airflow/example_dags/example_task_group.py for tasks to queue
[2025-10-25T16:35:26.009+0200] {logging_mixin.py:188} INFO - [2025-10-25T16:35:26.009+0200] {dagbag.py:538} INFO - Filling up the DagBag from /Users/youssefdaaloul/venv/dbt_snowflake/airflow_venv_39/lib/python3.11/site-packages/airflow/example_dags/example_task_group.py
[2025-10-25T16:35:26.012+0200] {processor.py:840} INFO - DAG(s) 'example_task_group' retrieved from /Users/youssefdaaloul/venv/dbt_snowflake/airflow_venv_39/lib/python3.11/site-packages/airflow/example_dags/example_task_group.py
[2025-10-25T16:35:26.074+0200] {logging_mixin.py:188} INFO - [2025-10-25T16:35:26.074+0200] {dag.py:3036} INFO - Sync 1 DAGs
[2025-10-25T16:35:26.080+0200] {logging_mixin.py:188} INFO - [2025-10-25T16:35:26.080+0200] {dag.py:3823} INFO - Setting next_dagrun for example_task_group to 2025-10-24 00:00:00+00:00, run_after=2025-10-25 00:00:00+00:00
[2025-10-25T16:35:26.087+0200] {processor.py:183} INFO - Processing /Users/youssefdaaloul/venv/dbt_snowflake/airflow_venv_39/lib/python3.11/site-packages/airflow/example_dags/example_task_group.py took 0.079 seconds
[2025-10-25T16:43:06.635+0200] {processor.py:161} INFO - Started process (PID=73693) to work on /Users/youssefdaaloul/venv/dbt_snowflake/airflow_venv_39/lib/python3.11/site-packages/airflow/example_dags/example_task_group.py
[2025-10-25T16:43:06.635+0200] {processor.py:830} INFO - Processing file /Users/youssefdaaloul/venv/dbt_snowflake/airflow_venv_39/lib/python3.11/site-packages/airflow/example_dags/example_task_group.py for tasks to queue
[2025-10-25T16:43:06.636+0200] {logging_mixin.py:188} INFO - [2025-10-25T16:43:06.636+0200] {dagbag.py:538} INFO - Filling up the DagBag from /Users/youssefdaaloul/venv/dbt_snowflake/airflow_venv_39/lib/python3.11/site-packages/airflow/example_dags/example_task_group.py
[2025-10-25T16:43:06.640+0200] {processor.py:840} INFO - DAG(s) 'example_task_group' retrieved from /Users/youssefdaaloul/venv/dbt_snowflake/airflow_venv_39/lib/python3.11/site-packages/airflow/example_dags/example_task_group.py
[2025-10-25T16:43:06.701+0200] {logging_mixin.py:188} INFO - [2025-10-25T16:43:06.701+0200] {dag.py:3036} INFO - Sync 1 DAGs
[2025-10-25T16:43:06.708+0200] {logging_mixin.py:188} INFO - [2025-10-25T16:43:06.708+0200] {dag.py:3823} INFO - Setting next_dagrun for example_task_group to 2025-10-24 00:00:00+00:00, run_after=2025-10-25 00:00:00+00:00
[2025-10-25T16:43:06.715+0200] {processor.py:183} INFO - Processing /Users/youssefdaaloul/venv/dbt_snowflake/airflow_venv_39/lib/python3.11/site-packages/airflow/example_dags/example_task_group.py took 0.081 seconds
[2025-10-25T16:44:05.489+0200] {processor.py:161} INFO - Started process (PID=73865) to work on /Users/youssefdaaloul/venv/dbt_snowflake/airflow_venv_39/lib/python3.11/site-packages/airflow/example_dags/example_task_group.py
[2025-10-25T16:44:05.489+0200] {processor.py:830} INFO - Processing file /Users/youssefdaaloul/venv/dbt_snowflake/airflow_venv_39/lib/python3.11/site-packages/airflow/example_dags/example_task_group.py for tasks to queue
[2025-10-25T16:44:05.490+0200] {logging_mixin.py:188} INFO - [2025-10-25T16:44:05.489+0200] {dagbag.py:538} INFO - Filling up the DagBag from /Users/youssefdaaloul/venv/dbt_snowflake/airflow_venv_39/lib/python3.11/site-packages/airflow/example_dags/example_task_group.py
[2025-10-25T16:44:05.493+0200] {processor.py:840} INFO - DAG(s) 'example_task_group' retrieved from /Users/youssefdaaloul/venv/dbt_snowflake/airflow_venv_39/lib/python3.11/site-packages/airflow/example_dags/example_task_group.py
[2025-10-25T16:44:05.560+0200] {logging_mixin.py:188} INFO - [2025-10-25T16:44:05.560+0200] {dag.py:3036} INFO - Sync 1 DAGs
[2025-10-25T16:44:05.566+0200] {logging_mixin.py:188} INFO - [2025-10-25T16:44:05.566+0200] {dag.py:3823} INFO - Setting next_dagrun for example_task_group to 2025-10-24 00:00:00+00:00, run_after=2025-10-25 00:00:00+00:00
[2025-10-25T16:44:05.573+0200] {processor.py:183} INFO - Processing /Users/youssefdaaloul/venv/dbt_snowflake/airflow_venv_39/lib/python3.11/site-packages/airflow/example_dags/example_task_group.py took 0.085 seconds
[2025-10-25T16:46:01.327+0200] {processor.py:161} INFO - Started process (PID=74008) to work on /Users/youssefdaaloul/venv/dbt_snowflake/airflow_venv_39/lib/python3.11/site-packages/airflow/example_dags/example_task_group.py
[2025-10-25T16:46:01.327+0200] {processor.py:830} INFO - Processing file /Users/youssefdaaloul/venv/dbt_snowflake/airflow_venv_39/lib/python3.11/site-packages/airflow/example_dags/example_task_group.py for tasks to queue
[2025-10-25T16:46:01.328+0200] {logging_mixin.py:188} INFO - [2025-10-25T16:46:01.328+0200] {dagbag.py:538} INFO - Filling up the DagBag from /Users/youssefdaaloul/venv/dbt_snowflake/airflow_venv_39/lib/python3.11/site-packages/airflow/example_dags/example_task_group.py
[2025-10-25T16:46:01.331+0200] {processor.py:840} INFO - DAG(s) 'example_task_group' retrieved from /Users/youssefdaaloul/venv/dbt_snowflake/airflow_venv_39/lib/python3.11/site-packages/airflow/example_dags/example_task_group.py
[2025-10-25T16:46:01.391+0200] {logging_mixin.py:188} INFO - [2025-10-25T16:46:01.390+0200] {dag.py:3036} INFO - Sync 1 DAGs
[2025-10-25T16:46:01.396+0200] {logging_mixin.py:188} INFO - [2025-10-25T16:46:01.396+0200] {dag.py:3823} INFO - Setting next_dagrun for example_task_group to 2025-10-24 00:00:00+00:00, run_after=2025-10-25 00:00:00+00:00
[2025-10-25T16:46:01.403+0200] {processor.py:183} INFO - Processing /Users/youssefdaaloul/venv/dbt_snowflake/airflow_venv_39/lib/python3.11/site-packages/airflow/example_dags/example_task_group.py took 0.076 seconds
[2025-10-25T16:47:01.188+0200] {processor.py:161} INFO - Started process (PID=74055) to work on /Users/youssefdaaloul/venv/dbt_snowflake/airflow_venv_39/lib/python3.11/site-packages/airflow/example_dags/example_task_group.py
[2025-10-25T16:47:01.189+0200] {processor.py:830} INFO - Processing file /Users/youssefdaaloul/venv/dbt_snowflake/airflow_venv_39/lib/python3.11/site-packages/airflow/example_dags/example_task_group.py for tasks to queue
[2025-10-25T16:47:01.189+0200] {logging_mixin.py:188} INFO - [2025-10-25T16:47:01.189+0200] {dagbag.py:538} INFO - Filling up the DagBag from /Users/youssefdaaloul/venv/dbt_snowflake/airflow_venv_39/lib/python3.11/site-packages/airflow/example_dags/example_task_group.py
[2025-10-25T16:47:01.193+0200] {processor.py:840} INFO - DAG(s) 'example_task_group' retrieved from /Users/youssefdaaloul/venv/dbt_snowflake/airflow_venv_39/lib/python3.11/site-packages/airflow/example_dags/example_task_group.py
[2025-10-25T16:47:01.254+0200] {logging_mixin.py:188} INFO - [2025-10-25T16:47:01.254+0200] {dag.py:3036} INFO - Sync 1 DAGs
[2025-10-25T16:47:01.259+0200] {logging_mixin.py:188} INFO - [2025-10-25T16:47:01.259+0200] {dag.py:3823} INFO - Setting next_dagrun for example_task_group to 2025-10-24 00:00:00+00:00, run_after=2025-10-25 00:00:00+00:00
[2025-10-25T16:47:01.266+0200] {processor.py:183} INFO - Processing /Users/youssefdaaloul/venv/dbt_snowflake/airflow_venv_39/lib/python3.11/site-packages/airflow/example_dags/example_task_group.py took 0.078 seconds
[2025-10-25T16:48:49.567+0200] {processor.py:161} INFO - Started process (PID=74163) to work on /Users/youssefdaaloul/venv/dbt_snowflake/airflow_venv_39/lib/python3.11/site-packages/airflow/example_dags/example_task_group.py
[2025-10-25T16:48:49.567+0200] {processor.py:830} INFO - Processing file /Users/youssefdaaloul/venv/dbt_snowflake/airflow_venv_39/lib/python3.11/site-packages/airflow/example_dags/example_task_group.py for tasks to queue
[2025-10-25T16:48:49.568+0200] {logging_mixin.py:188} INFO - [2025-10-25T16:48:49.568+0200] {dagbag.py:538} INFO - Filling up the DagBag from /Users/youssefdaaloul/venv/dbt_snowflake/airflow_venv_39/lib/python3.11/site-packages/airflow/example_dags/example_task_group.py
[2025-10-25T16:48:49.571+0200] {processor.py:840} INFO - DAG(s) 'example_task_group' retrieved from /Users/youssefdaaloul/venv/dbt_snowflake/airflow_venv_39/lib/python3.11/site-packages/airflow/example_dags/example_task_group.py
[2025-10-25T16:48:49.631+0200] {logging_mixin.py:188} INFO - [2025-10-25T16:48:49.630+0200] {dag.py:3036} INFO - Sync 1 DAGs
[2025-10-25T16:48:49.637+0200] {logging_mixin.py:188} INFO - [2025-10-25T16:48:49.637+0200] {dag.py:3823} INFO - Setting next_dagrun for example_task_group to 2025-10-24 00:00:00+00:00, run_after=2025-10-25 00:00:00+00:00
[2025-10-25T16:48:49.644+0200] {processor.py:183} INFO - Processing /Users/youssefdaaloul/venv/dbt_snowflake/airflow_venv_39/lib/python3.11/site-packages/airflow/example_dags/example_task_group.py took 0.077 seconds
[2025-10-25T16:49:48.855+0200] {processor.py:161} INFO - Started process (PID=74219) to work on /Users/youssefdaaloul/venv/dbt_snowflake/airflow_venv_39/lib/python3.11/site-packages/airflow/example_dags/example_task_group.py
[2025-10-25T16:49:48.856+0200] {processor.py:830} INFO - Processing file /Users/youssefdaaloul/venv/dbt_snowflake/airflow_venv_39/lib/python3.11/site-packages/airflow/example_dags/example_task_group.py for tasks to queue
[2025-10-25T16:49:48.856+0200] {logging_mixin.py:188} INFO - [2025-10-25T16:49:48.856+0200] {dagbag.py:538} INFO - Filling up the DagBag from /Users/youssefdaaloul/venv/dbt_snowflake/airflow_venv_39/lib/python3.11/site-packages/airflow/example_dags/example_task_group.py
[2025-10-25T16:49:48.860+0200] {processor.py:840} INFO - DAG(s) 'example_task_group' retrieved from /Users/youssefdaaloul/venv/dbt_snowflake/airflow_venv_39/lib/python3.11/site-packages/airflow/example_dags/example_task_group.py
[2025-10-25T16:49:48.922+0200] {logging_mixin.py:188} INFO - [2025-10-25T16:49:48.922+0200] {dag.py:3036} INFO - Sync 1 DAGs
[2025-10-25T16:49:48.928+0200] {logging_mixin.py:188} INFO - [2025-10-25T16:49:48.928+0200] {dag.py:3823} INFO - Setting next_dagrun for example_task_group to 2025-10-24 00:00:00+00:00, run_after=2025-10-25 00:00:00+00:00
[2025-10-25T16:49:48.935+0200] {processor.py:183} INFO - Processing /Users/youssefdaaloul/venv/dbt_snowflake/airflow_venv_39/lib/python3.11/site-packages/airflow/example_dags/example_task_group.py took 0.080 seconds
[2025-10-25T16:50:48.531+0200] {processor.py:161} INFO - Started process (PID=74261) to work on /Users/youssefdaaloul/venv/dbt_snowflake/airflow_venv_39/lib/python3.11/site-packages/airflow/example_dags/example_task_group.py
[2025-10-25T16:50:48.532+0200] {processor.py:830} INFO - Processing file /Users/youssefdaaloul/venv/dbt_snowflake/airflow_venv_39/lib/python3.11/site-packages/airflow/example_dags/example_task_group.py for tasks to queue
[2025-10-25T16:50:48.532+0200] {logging_mixin.py:188} INFO - [2025-10-25T16:50:48.532+0200] {dagbag.py:538} INFO - Filling up the DagBag from /Users/youssefdaaloul/venv/dbt_snowflake/airflow_venv_39/lib/python3.11/site-packages/airflow/example_dags/example_task_group.py
[2025-10-25T16:50:48.536+0200] {processor.py:840} INFO - DAG(s) 'example_task_group' retrieved from /Users/youssefdaaloul/venv/dbt_snowflake/airflow_venv_39/lib/python3.11/site-packages/airflow/example_dags/example_task_group.py
[2025-10-25T16:50:48.598+0200] {logging_mixin.py:188} INFO - [2025-10-25T16:50:48.598+0200] {dag.py:3036} INFO - Sync 1 DAGs
[2025-10-25T16:50:48.605+0200] {logging_mixin.py:188} INFO - [2025-10-25T16:50:48.605+0200] {dag.py:3823} INFO - Setting next_dagrun for example_task_group to 2025-10-24 00:00:00+00:00, run_after=2025-10-25 00:00:00+00:00
[2025-10-25T16:50:48.611+0200] {processor.py:183} INFO - Processing /Users/youssefdaaloul/venv/dbt_snowflake/airflow_venv_39/lib/python3.11/site-packages/airflow/example_dags/example_task_group.py took 0.080 seconds
