[2025-10-25T16:08:37.511+0200] {processor.py:161} INFO - Started process (PID=71203) to work on /Users/youssefdaaloul/venv/dbt_snowflake/airflow_venv_39/lib/python3.11/site-packages/airflow/example_dags/example_trigger_controller_dag.py
[2025-10-25T16:08:37.511+0200] {processor.py:830} INFO - Processing file /Users/youssefdaaloul/venv/dbt_snowflake/airflow_venv_39/lib/python3.11/site-packages/airflow/example_dags/example_trigger_controller_dag.py for tasks to queue
[2025-10-25T16:08:37.512+0200] {logging_mixin.py:188} INFO - [2025-10-25T16:08:37.511+0200] {dagbag.py:538} INFO - Filling up the DagBag from /Users/youssefdaaloul/venv/dbt_snowflake/airflow_venv_39/lib/python3.11/site-packages/airflow/example_dags/example_trigger_controller_dag.py
[2025-10-25T16:08:37.516+0200] {processor.py:840} INFO - DAG(s) 'example_trigger_controller_dag' retrieved from /Users/youssefdaaloul/venv/dbt_snowflake/airflow_venv_39/lib/python3.11/site-packages/airflow/example_dags/example_trigger_controller_dag.py
[2025-10-25T16:08:37.520+0200] {logging_mixin.py:188} INFO - [2025-10-25T16:08:37.519+0200] {dag.py:3036} INFO - Sync 1 DAGs
[2025-10-25T16:08:37.582+0200] {logging_mixin.py:188} INFO - [2025-10-25T16:08:37.582+0200] {dag.py:3823} INFO - Setting next_dagrun for example_trigger_controller_dag to 2021-01-01 00:00:00+00:00, run_after=2021-01-01 00:00:00+00:00
[2025-10-25T16:08:37.589+0200] {processor.py:183} INFO - Processing /Users/youssefdaaloul/venv/dbt_snowflake/airflow_venv_39/lib/python3.11/site-packages/airflow/example_dags/example_trigger_controller_dag.py took 0.079 seconds
[2025-10-25T16:10:08.589+0200] {processor.py:161} INFO - Started process (PID=71277) to work on /Users/youssefdaaloul/venv/dbt_snowflake/airflow_venv_39/lib/python3.11/site-packages/airflow/example_dags/example_trigger_controller_dag.py
[2025-10-25T16:10:08.589+0200] {processor.py:830} INFO - Processing file /Users/youssefdaaloul/venv/dbt_snowflake/airflow_venv_39/lib/python3.11/site-packages/airflow/example_dags/example_trigger_controller_dag.py for tasks to queue
[2025-10-25T16:10:08.589+0200] {logging_mixin.py:188} INFO - [2025-10-25T16:10:08.589+0200] {dagbag.py:538} INFO - Filling up the DagBag from /Users/youssefdaaloul/venv/dbt_snowflake/airflow_venv_39/lib/python3.11/site-packages/airflow/example_dags/example_trigger_controller_dag.py
[2025-10-25T16:10:08.594+0200] {processor.py:840} INFO - DAG(s) 'example_trigger_controller_dag' retrieved from /Users/youssefdaaloul/venv/dbt_snowflake/airflow_venv_39/lib/python3.11/site-packages/airflow/example_dags/example_trigger_controller_dag.py
[2025-10-25T16:10:08.679+0200] {logging_mixin.py:188} INFO - [2025-10-25T16:10:08.679+0200] {dag.py:3036} INFO - Sync 1 DAGs
[2025-10-25T16:10:08.685+0200] {logging_mixin.py:188} INFO - [2025-10-25T16:10:08.685+0200] {dag.py:3823} INFO - Setting next_dagrun for example_trigger_controller_dag to 2021-01-01 00:00:00+00:00, run_after=2021-01-01 00:00:00+00:00
[2025-10-25T16:10:08.693+0200] {processor.py:183} INFO - Processing /Users/youssefdaaloul/venv/dbt_snowflake/airflow_venv_39/lib/python3.11/site-packages/airflow/example_dags/example_trigger_controller_dag.py took 0.105 seconds
[2025-10-25T16:11:08.281+0200] {processor.py:161} INFO - Started process (PID=71334) to work on /Users/youssefdaaloul/venv/dbt_snowflake/airflow_venv_39/lib/python3.11/site-packages/airflow/example_dags/example_trigger_controller_dag.py
[2025-10-25T16:11:08.282+0200] {processor.py:830} INFO - Processing file /Users/youssefdaaloul/venv/dbt_snowflake/airflow_venv_39/lib/python3.11/site-packages/airflow/example_dags/example_trigger_controller_dag.py for tasks to queue
[2025-10-25T16:11:08.282+0200] {logging_mixin.py:188} INFO - [2025-10-25T16:11:08.282+0200] {dagbag.py:538} INFO - Filling up the DagBag from /Users/youssefdaaloul/venv/dbt_snowflake/airflow_venv_39/lib/python3.11/site-packages/airflow/example_dags/example_trigger_controller_dag.py
[2025-10-25T16:11:08.287+0200] {processor.py:840} INFO - DAG(s) 'example_trigger_controller_dag' retrieved from /Users/youssefdaaloul/venv/dbt_snowflake/airflow_venv_39/lib/python3.11/site-packages/airflow/example_dags/example_trigger_controller_dag.py
[2025-10-25T16:11:08.366+0200] {logging_mixin.py:188} INFO - [2025-10-25T16:11:08.366+0200] {dag.py:3036} INFO - Sync 1 DAGs
[2025-10-25T16:11:08.375+0200] {logging_mixin.py:188} INFO - [2025-10-25T16:11:08.374+0200] {dag.py:3823} INFO - Setting next_dagrun for example_trigger_controller_dag to 2021-01-01 00:00:00+00:00, run_after=2021-01-01 00:00:00+00:00
[2025-10-25T16:11:08.387+0200] {processor.py:183} INFO - Processing /Users/youssefdaaloul/venv/dbt_snowflake/airflow_venv_39/lib/python3.11/site-packages/airflow/example_dags/example_trigger_controller_dag.py took 0.106 seconds
[2025-10-25T16:12:07.193+0200] {processor.py:161} INFO - Started process (PID=71390) to work on /Users/youssefdaaloul/venv/dbt_snowflake/airflow_venv_39/lib/python3.11/site-packages/airflow/example_dags/example_trigger_controller_dag.py
[2025-10-25T16:12:07.197+0200] {processor.py:830} INFO - Processing file /Users/youssefdaaloul/venv/dbt_snowflake/airflow_venv_39/lib/python3.11/site-packages/airflow/example_dags/example_trigger_controller_dag.py for tasks to queue
[2025-10-25T16:12:07.197+0200] {logging_mixin.py:188} INFO - [2025-10-25T16:12:07.197+0200] {dagbag.py:538} INFO - Filling up the DagBag from /Users/youssefdaaloul/venv/dbt_snowflake/airflow_venv_39/lib/python3.11/site-packages/airflow/example_dags/example_trigger_controller_dag.py
[2025-10-25T16:12:07.202+0200] {processor.py:840} INFO - DAG(s) 'example_trigger_controller_dag' retrieved from /Users/youssefdaaloul/venv/dbt_snowflake/airflow_venv_39/lib/python3.11/site-packages/airflow/example_dags/example_trigger_controller_dag.py
[2025-10-25T16:12:07.262+0200] {logging_mixin.py:188} INFO - [2025-10-25T16:12:07.262+0200] {dag.py:3036} INFO - Sync 1 DAGs
[2025-10-25T16:12:07.268+0200] {logging_mixin.py:188} INFO - [2025-10-25T16:12:07.267+0200] {dag.py:3823} INFO - Setting next_dagrun for example_trigger_controller_dag to 2021-01-01 00:00:00+00:00, run_after=2021-01-01 00:00:00+00:00
[2025-10-25T16:12:07.275+0200] {processor.py:183} INFO - Processing /Users/youssefdaaloul/venv/dbt_snowflake/airflow_venv_39/lib/python3.11/site-packages/airflow/example_dags/example_trigger_controller_dag.py took 0.082 seconds
[2025-10-25T16:13:04.659+0200] {processor.py:161} INFO - Started process (PID=71440) to work on /Users/youssefdaaloul/venv/dbt_snowflake/airflow_venv_39/lib/python3.11/site-packages/airflow/example_dags/example_trigger_controller_dag.py
[2025-10-25T16:13:04.660+0200] {processor.py:830} INFO - Processing file /Users/youssefdaaloul/venv/dbt_snowflake/airflow_venv_39/lib/python3.11/site-packages/airflow/example_dags/example_trigger_controller_dag.py for tasks to queue
[2025-10-25T16:13:04.660+0200] {logging_mixin.py:188} INFO - [2025-10-25T16:13:04.660+0200] {dagbag.py:538} INFO - Filling up the DagBag from /Users/youssefdaaloul/venv/dbt_snowflake/airflow_venv_39/lib/python3.11/site-packages/airflow/example_dags/example_trigger_controller_dag.py
[2025-10-25T16:13:04.664+0200] {processor.py:840} INFO - DAG(s) 'example_trigger_controller_dag' retrieved from /Users/youssefdaaloul/venv/dbt_snowflake/airflow_venv_39/lib/python3.11/site-packages/airflow/example_dags/example_trigger_controller_dag.py
[2025-10-25T16:13:04.719+0200] {logging_mixin.py:188} INFO - [2025-10-25T16:13:04.719+0200] {dag.py:3036} INFO - Sync 1 DAGs
[2025-10-25T16:13:04.725+0200] {logging_mixin.py:188} INFO - [2025-10-25T16:13:04.725+0200] {dag.py:3823} INFO - Setting next_dagrun for example_trigger_controller_dag to 2021-01-01 00:00:00+00:00, run_after=2021-01-01 00:00:00+00:00
[2025-10-25T16:13:04.732+0200] {processor.py:183} INFO - Processing /Users/youssefdaaloul/venv/dbt_snowflake/airflow_venv_39/lib/python3.11/site-packages/airflow/example_dags/example_trigger_controller_dag.py took 0.074 seconds
[2025-10-25T16:14:05.116+0200] {processor.py:161} INFO - Started process (PID=71491) to work on /Users/youssefdaaloul/venv/dbt_snowflake/airflow_venv_39/lib/python3.11/site-packages/airflow/example_dags/example_trigger_controller_dag.py
[2025-10-25T16:14:05.117+0200] {processor.py:830} INFO - Processing file /Users/youssefdaaloul/venv/dbt_snowflake/airflow_venv_39/lib/python3.11/site-packages/airflow/example_dags/example_trigger_controller_dag.py for tasks to queue
[2025-10-25T16:14:05.117+0200] {logging_mixin.py:188} INFO - [2025-10-25T16:14:05.117+0200] {dagbag.py:538} INFO - Filling up the DagBag from /Users/youssefdaaloul/venv/dbt_snowflake/airflow_venv_39/lib/python3.11/site-packages/airflow/example_dags/example_trigger_controller_dag.py
[2025-10-25T16:14:05.122+0200] {processor.py:840} INFO - DAG(s) 'example_trigger_controller_dag' retrieved from /Users/youssefdaaloul/venv/dbt_snowflake/airflow_venv_39/lib/python3.11/site-packages/airflow/example_dags/example_trigger_controller_dag.py
[2025-10-25T16:14:05.183+0200] {logging_mixin.py:188} INFO - [2025-10-25T16:14:05.183+0200] {dag.py:3036} INFO - Sync 1 DAGs
[2025-10-25T16:14:05.189+0200] {logging_mixin.py:188} INFO - [2025-10-25T16:14:05.189+0200] {dag.py:3823} INFO - Setting next_dagrun for example_trigger_controller_dag to 2021-01-01 00:00:00+00:00, run_after=2021-01-01 00:00:00+00:00
[2025-10-25T16:14:05.199+0200] {processor.py:183} INFO - Processing /Users/youssefdaaloul/venv/dbt_snowflake/airflow_venv_39/lib/python3.11/site-packages/airflow/example_dags/example_trigger_controller_dag.py took 0.083 seconds
[2025-10-25T16:15:08.095+0200] {processor.py:161} INFO - Started process (PID=71549) to work on /Users/youssefdaaloul/venv/dbt_snowflake/airflow_venv_39/lib/python3.11/site-packages/airflow/example_dags/example_trigger_controller_dag.py
[2025-10-25T16:15:08.096+0200] {processor.py:830} INFO - Processing file /Users/youssefdaaloul/venv/dbt_snowflake/airflow_venv_39/lib/python3.11/site-packages/airflow/example_dags/example_trigger_controller_dag.py for tasks to queue
[2025-10-25T16:15:08.096+0200] {logging_mixin.py:188} INFO - [2025-10-25T16:15:08.096+0200] {dagbag.py:538} INFO - Filling up the DagBag from /Users/youssefdaaloul/venv/dbt_snowflake/airflow_venv_39/lib/python3.11/site-packages/airflow/example_dags/example_trigger_controller_dag.py
[2025-10-25T16:15:08.100+0200] {processor.py:840} INFO - DAG(s) 'example_trigger_controller_dag' retrieved from /Users/youssefdaaloul/venv/dbt_snowflake/airflow_venv_39/lib/python3.11/site-packages/airflow/example_dags/example_trigger_controller_dag.py
[2025-10-25T16:15:08.162+0200] {logging_mixin.py:188} INFO - [2025-10-25T16:15:08.162+0200] {dag.py:3036} INFO - Sync 1 DAGs
[2025-10-25T16:15:08.168+0200] {logging_mixin.py:188} INFO - [2025-10-25T16:15:08.168+0200] {dag.py:3823} INFO - Setting next_dagrun for example_trigger_controller_dag to 2021-01-01 00:00:00+00:00, run_after=2021-01-01 00:00:00+00:00
[2025-10-25T16:15:08.174+0200] {processor.py:183} INFO - Processing /Users/youssefdaaloul/venv/dbt_snowflake/airflow_venv_39/lib/python3.11/site-packages/airflow/example_dags/example_trigger_controller_dag.py took 0.080 seconds
[2025-10-25T16:16:09.343+0200] {processor.py:161} INFO - Started process (PID=71609) to work on /Users/youssefdaaloul/venv/dbt_snowflake/airflow_venv_39/lib/python3.11/site-packages/airflow/example_dags/example_trigger_controller_dag.py
[2025-10-25T16:16:09.344+0200] {processor.py:830} INFO - Processing file /Users/youssefdaaloul/venv/dbt_snowflake/airflow_venv_39/lib/python3.11/site-packages/airflow/example_dags/example_trigger_controller_dag.py for tasks to queue
[2025-10-25T16:16:09.345+0200] {logging_mixin.py:188} INFO - [2025-10-25T16:16:09.345+0200] {dagbag.py:538} INFO - Filling up the DagBag from /Users/youssefdaaloul/venv/dbt_snowflake/airflow_venv_39/lib/python3.11/site-packages/airflow/example_dags/example_trigger_controller_dag.py
[2025-10-25T16:16:09.351+0200] {processor.py:840} INFO - DAG(s) 'example_trigger_controller_dag' retrieved from /Users/youssefdaaloul/venv/dbt_snowflake/airflow_venv_39/lib/python3.11/site-packages/airflow/example_dags/example_trigger_controller_dag.py
[2025-10-25T16:16:09.413+0200] {logging_mixin.py:188} INFO - [2025-10-25T16:16:09.412+0200] {dag.py:3036} INFO - Sync 1 DAGs
[2025-10-25T16:16:09.418+0200] {logging_mixin.py:188} INFO - [2025-10-25T16:16:09.418+0200] {dag.py:3823} INFO - Setting next_dagrun for example_trigger_controller_dag to 2021-01-01 00:00:00+00:00, run_after=2021-01-01 00:00:00+00:00
[2025-10-25T16:16:09.425+0200] {processor.py:183} INFO - Processing /Users/youssefdaaloul/venv/dbt_snowflake/airflow_venv_39/lib/python3.11/site-packages/airflow/example_dags/example_trigger_controller_dag.py took 0.082 seconds
[2025-10-25T16:17:08.827+0200] {processor.py:161} INFO - Started process (PID=71651) to work on /Users/youssefdaaloul/venv/dbt_snowflake/airflow_venv_39/lib/python3.11/site-packages/airflow/example_dags/example_trigger_controller_dag.py
[2025-10-25T16:17:08.828+0200] {processor.py:830} INFO - Processing file /Users/youssefdaaloul/venv/dbt_snowflake/airflow_venv_39/lib/python3.11/site-packages/airflow/example_dags/example_trigger_controller_dag.py for tasks to queue
[2025-10-25T16:17:08.829+0200] {logging_mixin.py:188} INFO - [2025-10-25T16:17:08.828+0200] {dagbag.py:538} INFO - Filling up the DagBag from /Users/youssefdaaloul/venv/dbt_snowflake/airflow_venv_39/lib/python3.11/site-packages/airflow/example_dags/example_trigger_controller_dag.py
[2025-10-25T16:17:08.834+0200] {processor.py:840} INFO - DAG(s) 'example_trigger_controller_dag' retrieved from /Users/youssefdaaloul/venv/dbt_snowflake/airflow_venv_39/lib/python3.11/site-packages/airflow/example_dags/example_trigger_controller_dag.py
[2025-10-25T16:17:08.898+0200] {logging_mixin.py:188} INFO - [2025-10-25T16:17:08.897+0200] {dag.py:3036} INFO - Sync 1 DAGs
[2025-10-25T16:17:08.903+0200] {logging_mixin.py:188} INFO - [2025-10-25T16:17:08.903+0200] {dag.py:3823} INFO - Setting next_dagrun for example_trigger_controller_dag to 2021-01-01 00:00:00+00:00, run_after=2021-01-01 00:00:00+00:00
[2025-10-25T16:17:08.910+0200] {processor.py:183} INFO - Processing /Users/youssefdaaloul/venv/dbt_snowflake/airflow_venv_39/lib/python3.11/site-packages/airflow/example_dags/example_trigger_controller_dag.py took 0.084 seconds
[2025-10-25T16:18:08.734+0200] {processor.py:161} INFO - Started process (PID=71703) to work on /Users/youssefdaaloul/venv/dbt_snowflake/airflow_venv_39/lib/python3.11/site-packages/airflow/example_dags/example_trigger_controller_dag.py
[2025-10-25T16:18:08.736+0200] {processor.py:830} INFO - Processing file /Users/youssefdaaloul/venv/dbt_snowflake/airflow_venv_39/lib/python3.11/site-packages/airflow/example_dags/example_trigger_controller_dag.py for tasks to queue
[2025-10-25T16:18:08.736+0200] {logging_mixin.py:188} INFO - [2025-10-25T16:18:08.736+0200] {dagbag.py:538} INFO - Filling up the DagBag from /Users/youssefdaaloul/venv/dbt_snowflake/airflow_venv_39/lib/python3.11/site-packages/airflow/example_dags/example_trigger_controller_dag.py
[2025-10-25T16:18:08.740+0200] {processor.py:840} INFO - DAG(s) 'example_trigger_controller_dag' retrieved from /Users/youssefdaaloul/venv/dbt_snowflake/airflow_venv_39/lib/python3.11/site-packages/airflow/example_dags/example_trigger_controller_dag.py
[2025-10-25T16:18:08.800+0200] {logging_mixin.py:188} INFO - [2025-10-25T16:18:08.800+0200] {dag.py:3036} INFO - Sync 1 DAGs
[2025-10-25T16:18:08.806+0200] {logging_mixin.py:188} INFO - [2025-10-25T16:18:08.806+0200] {dag.py:3823} INFO - Setting next_dagrun for example_trigger_controller_dag to 2021-01-01 00:00:00+00:00, run_after=2021-01-01 00:00:00+00:00
[2025-10-25T16:18:08.813+0200] {processor.py:183} INFO - Processing /Users/youssefdaaloul/venv/dbt_snowflake/airflow_venv_39/lib/python3.11/site-packages/airflow/example_dags/example_trigger_controller_dag.py took 0.079 seconds
[2025-10-25T16:19:08.211+0200] {processor.py:161} INFO - Started process (PID=71759) to work on /Users/youssefdaaloul/venv/dbt_snowflake/airflow_venv_39/lib/python3.11/site-packages/airflow/example_dags/example_trigger_controller_dag.py
[2025-10-25T16:19:08.212+0200] {processor.py:830} INFO - Processing file /Users/youssefdaaloul/venv/dbt_snowflake/airflow_venv_39/lib/python3.11/site-packages/airflow/example_dags/example_trigger_controller_dag.py for tasks to queue
[2025-10-25T16:19:08.212+0200] {logging_mixin.py:188} INFO - [2025-10-25T16:19:08.212+0200] {dagbag.py:538} INFO - Filling up the DagBag from /Users/youssefdaaloul/venv/dbt_snowflake/airflow_venv_39/lib/python3.11/site-packages/airflow/example_dags/example_trigger_controller_dag.py
[2025-10-25T16:19:08.217+0200] {processor.py:840} INFO - DAG(s) 'example_trigger_controller_dag' retrieved from /Users/youssefdaaloul/venv/dbt_snowflake/airflow_venv_39/lib/python3.11/site-packages/airflow/example_dags/example_trigger_controller_dag.py
[2025-10-25T16:19:08.275+0200] {logging_mixin.py:188} INFO - [2025-10-25T16:19:08.275+0200] {dag.py:3036} INFO - Sync 1 DAGs
[2025-10-25T16:19:08.281+0200] {logging_mixin.py:188} INFO - [2025-10-25T16:19:08.281+0200] {dag.py:3823} INFO - Setting next_dagrun for example_trigger_controller_dag to 2021-01-01 00:00:00+00:00, run_after=2021-01-01 00:00:00+00:00
[2025-10-25T16:19:08.289+0200] {processor.py:183} INFO - Processing /Users/youssefdaaloul/venv/dbt_snowflake/airflow_venv_39/lib/python3.11/site-packages/airflow/example_dags/example_trigger_controller_dag.py took 0.078 seconds
[2025-10-25T16:20:13.002+0200] {processor.py:161} INFO - Started process (PID=71817) to work on /Users/youssefdaaloul/venv/dbt_snowflake/airflow_venv_39/lib/python3.11/site-packages/airflow/example_dags/example_trigger_controller_dag.py
[2025-10-25T16:20:13.003+0200] {processor.py:830} INFO - Processing file /Users/youssefdaaloul/venv/dbt_snowflake/airflow_venv_39/lib/python3.11/site-packages/airflow/example_dags/example_trigger_controller_dag.py for tasks to queue
[2025-10-25T16:20:13.003+0200] {logging_mixin.py:188} INFO - [2025-10-25T16:20:13.003+0200] {dagbag.py:538} INFO - Filling up the DagBag from /Users/youssefdaaloul/venv/dbt_snowflake/airflow_venv_39/lib/python3.11/site-packages/airflow/example_dags/example_trigger_controller_dag.py
[2025-10-25T16:20:13.008+0200] {processor.py:840} INFO - DAG(s) 'example_trigger_controller_dag' retrieved from /Users/youssefdaaloul/venv/dbt_snowflake/airflow_venv_39/lib/python3.11/site-packages/airflow/example_dags/example_trigger_controller_dag.py
[2025-10-25T16:20:13.067+0200] {logging_mixin.py:188} INFO - [2025-10-25T16:20:13.067+0200] {dag.py:3036} INFO - Sync 1 DAGs
[2025-10-25T16:20:13.073+0200] {logging_mixin.py:188} INFO - [2025-10-25T16:20:13.073+0200] {dag.py:3823} INFO - Setting next_dagrun for example_trigger_controller_dag to 2021-01-01 00:00:00+00:00, run_after=2021-01-01 00:00:00+00:00
[2025-10-25T16:20:13.080+0200] {processor.py:183} INFO - Processing /Users/youssefdaaloul/venv/dbt_snowflake/airflow_venv_39/lib/python3.11/site-packages/airflow/example_dags/example_trigger_controller_dag.py took 0.078 seconds
[2025-10-25T16:21:14.084+0200] {processor.py:161} INFO - Started process (PID=71880) to work on /Users/youssefdaaloul/venv/dbt_snowflake/airflow_venv_39/lib/python3.11/site-packages/airflow/example_dags/example_trigger_controller_dag.py
[2025-10-25T16:21:14.086+0200] {processor.py:830} INFO - Processing file /Users/youssefdaaloul/venv/dbt_snowflake/airflow_venv_39/lib/python3.11/site-packages/airflow/example_dags/example_trigger_controller_dag.py for tasks to queue
[2025-10-25T16:21:14.086+0200] {logging_mixin.py:188} INFO - [2025-10-25T16:21:14.086+0200] {dagbag.py:538} INFO - Filling up the DagBag from /Users/youssefdaaloul/venv/dbt_snowflake/airflow_venv_39/lib/python3.11/site-packages/airflow/example_dags/example_trigger_controller_dag.py
[2025-10-25T16:21:14.090+0200] {processor.py:840} INFO - DAG(s) 'example_trigger_controller_dag' retrieved from /Users/youssefdaaloul/venv/dbt_snowflake/airflow_venv_39/lib/python3.11/site-packages/airflow/example_dags/example_trigger_controller_dag.py
[2025-10-25T16:21:14.145+0200] {logging_mixin.py:188} INFO - [2025-10-25T16:21:14.145+0200] {dag.py:3036} INFO - Sync 1 DAGs
[2025-10-25T16:21:14.150+0200] {logging_mixin.py:188} INFO - [2025-10-25T16:21:14.150+0200] {dag.py:3823} INFO - Setting next_dagrun for example_trigger_controller_dag to 2021-01-01 00:00:00+00:00, run_after=2021-01-01 00:00:00+00:00
[2025-10-25T16:21:14.158+0200] {processor.py:183} INFO - Processing /Users/youssefdaaloul/venv/dbt_snowflake/airflow_venv_39/lib/python3.11/site-packages/airflow/example_dags/example_trigger_controller_dag.py took 0.074 seconds
[2025-10-25T16:22:09.754+0200] {processor.py:161} INFO - Started process (PID=71924) to work on /Users/youssefdaaloul/venv/dbt_snowflake/airflow_venv_39/lib/python3.11/site-packages/airflow/example_dags/example_trigger_controller_dag.py
[2025-10-25T16:22:09.755+0200] {processor.py:830} INFO - Processing file /Users/youssefdaaloul/venv/dbt_snowflake/airflow_venv_39/lib/python3.11/site-packages/airflow/example_dags/example_trigger_controller_dag.py for tasks to queue
[2025-10-25T16:22:09.756+0200] {logging_mixin.py:188} INFO - [2025-10-25T16:22:09.756+0200] {dagbag.py:538} INFO - Filling up the DagBag from /Users/youssefdaaloul/venv/dbt_snowflake/airflow_venv_39/lib/python3.11/site-packages/airflow/example_dags/example_trigger_controller_dag.py
[2025-10-25T16:22:09.759+0200] {processor.py:840} INFO - DAG(s) 'example_trigger_controller_dag' retrieved from /Users/youssefdaaloul/venv/dbt_snowflake/airflow_venv_39/lib/python3.11/site-packages/airflow/example_dags/example_trigger_controller_dag.py
[2025-10-25T16:22:09.813+0200] {logging_mixin.py:188} INFO - [2025-10-25T16:22:09.813+0200] {dag.py:3036} INFO - Sync 1 DAGs
[2025-10-25T16:22:09.819+0200] {logging_mixin.py:188} INFO - [2025-10-25T16:22:09.819+0200] {dag.py:3823} INFO - Setting next_dagrun for example_trigger_controller_dag to 2021-01-01 00:00:00+00:00, run_after=2021-01-01 00:00:00+00:00
[2025-10-25T16:22:09.825+0200] {processor.py:183} INFO - Processing /Users/youssefdaaloul/venv/dbt_snowflake/airflow_venv_39/lib/python3.11/site-packages/airflow/example_dags/example_trigger_controller_dag.py took 0.072 seconds
[2025-10-25T16:23:55.752+0200] {processor.py:161} INFO - Started process (PID=72027) to work on /Users/youssefdaaloul/venv/dbt_snowflake/airflow_venv_39/lib/python3.11/site-packages/airflow/example_dags/example_trigger_controller_dag.py
[2025-10-25T16:23:55.752+0200] {processor.py:830} INFO - Processing file /Users/youssefdaaloul/venv/dbt_snowflake/airflow_venv_39/lib/python3.11/site-packages/airflow/example_dags/example_trigger_controller_dag.py for tasks to queue
[2025-10-25T16:23:55.753+0200] {logging_mixin.py:188} INFO - [2025-10-25T16:23:55.753+0200] {dagbag.py:538} INFO - Filling up the DagBag from /Users/youssefdaaloul/venv/dbt_snowflake/airflow_venv_39/lib/python3.11/site-packages/airflow/example_dags/example_trigger_controller_dag.py
[2025-10-25T16:23:55.757+0200] {processor.py:840} INFO - DAG(s) 'example_trigger_controller_dag' retrieved from /Users/youssefdaaloul/venv/dbt_snowflake/airflow_venv_39/lib/python3.11/site-packages/airflow/example_dags/example_trigger_controller_dag.py
[2025-10-25T16:23:55.815+0200] {logging_mixin.py:188} INFO - [2025-10-25T16:23:55.815+0200] {dag.py:3036} INFO - Sync 1 DAGs
[2025-10-25T16:23:55.820+0200] {logging_mixin.py:188} INFO - [2025-10-25T16:23:55.820+0200] {dag.py:3823} INFO - Setting next_dagrun for example_trigger_controller_dag to 2021-01-01 00:00:00+00:00, run_after=2021-01-01 00:00:00+00:00
[2025-10-25T16:23:55.827+0200] {processor.py:183} INFO - Processing /Users/youssefdaaloul/venv/dbt_snowflake/airflow_venv_39/lib/python3.11/site-packages/airflow/example_dags/example_trigger_controller_dag.py took 0.076 seconds
[2025-10-25T16:24:51.873+0200] {processor.py:161} INFO - Started process (PID=72083) to work on /Users/youssefdaaloul/venv/dbt_snowflake/airflow_venv_39/lib/python3.11/site-packages/airflow/example_dags/example_trigger_controller_dag.py
[2025-10-25T16:24:51.873+0200] {processor.py:830} INFO - Processing file /Users/youssefdaaloul/venv/dbt_snowflake/airflow_venv_39/lib/python3.11/site-packages/airflow/example_dags/example_trigger_controller_dag.py for tasks to queue
[2025-10-25T16:24:51.874+0200] {logging_mixin.py:188} INFO - [2025-10-25T16:24:51.874+0200] {dagbag.py:538} INFO - Filling up the DagBag from /Users/youssefdaaloul/venv/dbt_snowflake/airflow_venv_39/lib/python3.11/site-packages/airflow/example_dags/example_trigger_controller_dag.py
[2025-10-25T16:24:51.880+0200] {processor.py:840} INFO - DAG(s) 'example_trigger_controller_dag' retrieved from /Users/youssefdaaloul/venv/dbt_snowflake/airflow_venv_39/lib/python3.11/site-packages/airflow/example_dags/example_trigger_controller_dag.py
[2025-10-25T16:24:51.943+0200] {logging_mixin.py:188} INFO - [2025-10-25T16:24:51.943+0200] {dag.py:3036} INFO - Sync 1 DAGs
[2025-10-25T16:24:51.949+0200] {logging_mixin.py:188} INFO - [2025-10-25T16:24:51.949+0200] {dag.py:3823} INFO - Setting next_dagrun for example_trigger_controller_dag to 2021-01-01 00:00:00+00:00, run_after=2021-01-01 00:00:00+00:00
[2025-10-25T16:24:51.956+0200] {processor.py:183} INFO - Processing /Users/youssefdaaloul/venv/dbt_snowflake/airflow_venv_39/lib/python3.11/site-packages/airflow/example_dags/example_trigger_controller_dag.py took 0.084 seconds
[2025-10-25T16:25:46.448+0200] {processor.py:161} INFO - Started process (PID=72145) to work on /Users/youssefdaaloul/venv/dbt_snowflake/airflow_venv_39/lib/python3.11/site-packages/airflow/example_dags/example_trigger_controller_dag.py
[2025-10-25T16:25:46.449+0200] {processor.py:830} INFO - Processing file /Users/youssefdaaloul/venv/dbt_snowflake/airflow_venv_39/lib/python3.11/site-packages/airflow/example_dags/example_trigger_controller_dag.py for tasks to queue
[2025-10-25T16:25:46.449+0200] {logging_mixin.py:188} INFO - [2025-10-25T16:25:46.449+0200] {dagbag.py:538} INFO - Filling up the DagBag from /Users/youssefdaaloul/venv/dbt_snowflake/airflow_venv_39/lib/python3.11/site-packages/airflow/example_dags/example_trigger_controller_dag.py
[2025-10-25T16:25:46.453+0200] {processor.py:840} INFO - DAG(s) 'example_trigger_controller_dag' retrieved from /Users/youssefdaaloul/venv/dbt_snowflake/airflow_venv_39/lib/python3.11/site-packages/airflow/example_dags/example_trigger_controller_dag.py
[2025-10-25T16:25:46.512+0200] {logging_mixin.py:188} INFO - [2025-10-25T16:25:46.512+0200] {dag.py:3036} INFO - Sync 1 DAGs
[2025-10-25T16:25:46.517+0200] {logging_mixin.py:188} INFO - [2025-10-25T16:25:46.517+0200] {dag.py:3823} INFO - Setting next_dagrun for example_trigger_controller_dag to 2021-01-01 00:00:00+00:00, run_after=2021-01-01 00:00:00+00:00
[2025-10-25T16:25:46.524+0200] {processor.py:183} INFO - Processing /Users/youssefdaaloul/venv/dbt_snowflake/airflow_venv_39/lib/python3.11/site-packages/airflow/example_dags/example_trigger_controller_dag.py took 0.077 seconds
[2025-10-25T16:26:39.185+0200] {processor.py:161} INFO - Started process (PID=72199) to work on /Users/youssefdaaloul/venv/dbt_snowflake/airflow_venv_39/lib/python3.11/site-packages/airflow/example_dags/example_trigger_controller_dag.py
[2025-10-25T16:26:39.186+0200] {processor.py:830} INFO - Processing file /Users/youssefdaaloul/venv/dbt_snowflake/airflow_venv_39/lib/python3.11/site-packages/airflow/example_dags/example_trigger_controller_dag.py for tasks to queue
[2025-10-25T16:26:39.187+0200] {logging_mixin.py:188} INFO - [2025-10-25T16:26:39.187+0200] {dagbag.py:538} INFO - Filling up the DagBag from /Users/youssefdaaloul/venv/dbt_snowflake/airflow_venv_39/lib/python3.11/site-packages/airflow/example_dags/example_trigger_controller_dag.py
[2025-10-25T16:26:39.191+0200] {processor.py:840} INFO - DAG(s) 'example_trigger_controller_dag' retrieved from /Users/youssefdaaloul/venv/dbt_snowflake/airflow_venv_39/lib/python3.11/site-packages/airflow/example_dags/example_trigger_controller_dag.py
[2025-10-25T16:26:39.246+0200] {logging_mixin.py:188} INFO - [2025-10-25T16:26:39.246+0200] {dag.py:3036} INFO - Sync 1 DAGs
[2025-10-25T16:26:39.251+0200] {logging_mixin.py:188} INFO - [2025-10-25T16:26:39.251+0200] {dag.py:3823} INFO - Setting next_dagrun for example_trigger_controller_dag to 2021-01-01 00:00:00+00:00, run_after=2021-01-01 00:00:00+00:00
[2025-10-25T16:26:39.258+0200] {processor.py:183} INFO - Processing /Users/youssefdaaloul/venv/dbt_snowflake/airflow_venv_39/lib/python3.11/site-packages/airflow/example_dags/example_trigger_controller_dag.py took 0.073 seconds
[2025-10-25T16:27:33.644+0200] {processor.py:161} INFO - Started process (PID=72252) to work on /Users/youssefdaaloul/venv/dbt_snowflake/airflow_venv_39/lib/python3.11/site-packages/airflow/example_dags/example_trigger_controller_dag.py
[2025-10-25T16:27:33.646+0200] {processor.py:830} INFO - Processing file /Users/youssefdaaloul/venv/dbt_snowflake/airflow_venv_39/lib/python3.11/site-packages/airflow/example_dags/example_trigger_controller_dag.py for tasks to queue
[2025-10-25T16:27:33.646+0200] {logging_mixin.py:188} INFO - [2025-10-25T16:27:33.646+0200] {dagbag.py:538} INFO - Filling up the DagBag from /Users/youssefdaaloul/venv/dbt_snowflake/airflow_venv_39/lib/python3.11/site-packages/airflow/example_dags/example_trigger_controller_dag.py
[2025-10-25T16:27:33.651+0200] {processor.py:840} INFO - DAG(s) 'example_trigger_controller_dag' retrieved from /Users/youssefdaaloul/venv/dbt_snowflake/airflow_venv_39/lib/python3.11/site-packages/airflow/example_dags/example_trigger_controller_dag.py
[2025-10-25T16:27:33.712+0200] {logging_mixin.py:188} INFO - [2025-10-25T16:27:33.712+0200] {dag.py:3036} INFO - Sync 1 DAGs
[2025-10-25T16:27:33.718+0200] {logging_mixin.py:188} INFO - [2025-10-25T16:27:33.718+0200] {dag.py:3823} INFO - Setting next_dagrun for example_trigger_controller_dag to 2021-01-01 00:00:00+00:00, run_after=2021-01-01 00:00:00+00:00
[2025-10-25T16:27:33.726+0200] {processor.py:183} INFO - Processing /Users/youssefdaaloul/venv/dbt_snowflake/airflow_venv_39/lib/python3.11/site-packages/airflow/example_dags/example_trigger_controller_dag.py took 0.082 seconds
[2025-10-25T16:28:32.754+0200] {processor.py:161} INFO - Started process (PID=72315) to work on /Users/youssefdaaloul/venv/dbt_snowflake/airflow_venv_39/lib/python3.11/site-packages/airflow/example_dags/example_trigger_controller_dag.py
[2025-10-25T16:28:32.755+0200] {processor.py:830} INFO - Processing file /Users/youssefdaaloul/venv/dbt_snowflake/airflow_venv_39/lib/python3.11/site-packages/airflow/example_dags/example_trigger_controller_dag.py for tasks to queue
[2025-10-25T16:28:32.756+0200] {logging_mixin.py:188} INFO - [2025-10-25T16:28:32.756+0200] {dagbag.py:538} INFO - Filling up the DagBag from /Users/youssefdaaloul/venv/dbt_snowflake/airflow_venv_39/lib/python3.11/site-packages/airflow/example_dags/example_trigger_controller_dag.py
[2025-10-25T16:28:32.761+0200] {processor.py:840} INFO - DAG(s) 'example_trigger_controller_dag' retrieved from /Users/youssefdaaloul/venv/dbt_snowflake/airflow_venv_39/lib/python3.11/site-packages/airflow/example_dags/example_trigger_controller_dag.py
[2025-10-25T16:28:32.823+0200] {logging_mixin.py:188} INFO - [2025-10-25T16:28:32.823+0200] {dag.py:3036} INFO - Sync 1 DAGs
[2025-10-25T16:28:32.829+0200] {logging_mixin.py:188} INFO - [2025-10-25T16:28:32.829+0200] {dag.py:3823} INFO - Setting next_dagrun for example_trigger_controller_dag to 2021-01-01 00:00:00+00:00, run_after=2021-01-01 00:00:00+00:00
[2025-10-25T16:28:32.836+0200] {processor.py:183} INFO - Processing /Users/youssefdaaloul/venv/dbt_snowflake/airflow_venv_39/lib/python3.11/site-packages/airflow/example_dags/example_trigger_controller_dag.py took 0.082 seconds
[2025-10-25T16:29:31.782+0200] {processor.py:161} INFO - Started process (PID=72368) to work on /Users/youssefdaaloul/venv/dbt_snowflake/airflow_venv_39/lib/python3.11/site-packages/airflow/example_dags/example_trigger_controller_dag.py
[2025-10-25T16:29:31.783+0200] {processor.py:830} INFO - Processing file /Users/youssefdaaloul/venv/dbt_snowflake/airflow_venv_39/lib/python3.11/site-packages/airflow/example_dags/example_trigger_controller_dag.py for tasks to queue
[2025-10-25T16:29:31.783+0200] {logging_mixin.py:188} INFO - [2025-10-25T16:29:31.783+0200] {dagbag.py:538} INFO - Filling up the DagBag from /Users/youssefdaaloul/venv/dbt_snowflake/airflow_venv_39/lib/python3.11/site-packages/airflow/example_dags/example_trigger_controller_dag.py
[2025-10-25T16:29:31.787+0200] {processor.py:840} INFO - DAG(s) 'example_trigger_controller_dag' retrieved from /Users/youssefdaaloul/venv/dbt_snowflake/airflow_venv_39/lib/python3.11/site-packages/airflow/example_dags/example_trigger_controller_dag.py
[2025-10-25T16:29:31.851+0200] {logging_mixin.py:188} INFO - [2025-10-25T16:29:31.851+0200] {dag.py:3036} INFO - Sync 1 DAGs
[2025-10-25T16:29:31.857+0200] {logging_mixin.py:188} INFO - [2025-10-25T16:29:31.856+0200] {dag.py:3823} INFO - Setting next_dagrun for example_trigger_controller_dag to 2021-01-01 00:00:00+00:00, run_after=2021-01-01 00:00:00+00:00
[2025-10-25T16:29:31.864+0200] {processor.py:183} INFO - Processing /Users/youssefdaaloul/venv/dbt_snowflake/airflow_venv_39/lib/python3.11/site-packages/airflow/example_dags/example_trigger_controller_dag.py took 0.083 seconds
[2025-10-25T16:30:30.760+0200] {processor.py:161} INFO - Started process (PID=72434) to work on /Users/youssefdaaloul/venv/dbt_snowflake/airflow_venv_39/lib/python3.11/site-packages/airflow/example_dags/example_trigger_controller_dag.py
[2025-10-25T16:30:30.763+0200] {processor.py:830} INFO - Processing file /Users/youssefdaaloul/venv/dbt_snowflake/airflow_venv_39/lib/python3.11/site-packages/airflow/example_dags/example_trigger_controller_dag.py for tasks to queue
[2025-10-25T16:30:30.764+0200] {logging_mixin.py:188} INFO - [2025-10-25T16:30:30.764+0200] {dagbag.py:538} INFO - Filling up the DagBag from /Users/youssefdaaloul/venv/dbt_snowflake/airflow_venv_39/lib/python3.11/site-packages/airflow/example_dags/example_trigger_controller_dag.py
[2025-10-25T16:30:30.768+0200] {processor.py:840} INFO - DAG(s) 'example_trigger_controller_dag' retrieved from /Users/youssefdaaloul/venv/dbt_snowflake/airflow_venv_39/lib/python3.11/site-packages/airflow/example_dags/example_trigger_controller_dag.py
[2025-10-25T16:30:30.827+0200] {logging_mixin.py:188} INFO - [2025-10-25T16:30:30.826+0200] {dag.py:3036} INFO - Sync 1 DAGs
[2025-10-25T16:30:30.832+0200] {logging_mixin.py:188} INFO - [2025-10-25T16:30:30.832+0200] {dag.py:3823} INFO - Setting next_dagrun for example_trigger_controller_dag to 2021-01-01 00:00:00+00:00, run_after=2021-01-01 00:00:00+00:00
[2025-10-25T16:30:30.839+0200] {processor.py:183} INFO - Processing /Users/youssefdaaloul/venv/dbt_snowflake/airflow_venv_39/lib/python3.11/site-packages/airflow/example_dags/example_trigger_controller_dag.py took 0.079 seconds
[2025-10-25T16:31:27.865+0200] {processor.py:161} INFO - Started process (PID=72538) to work on /Users/youssefdaaloul/venv/dbt_snowflake/airflow_venv_39/lib/python3.11/site-packages/airflow/example_dags/example_trigger_controller_dag.py
[2025-10-25T16:31:27.865+0200] {processor.py:830} INFO - Processing file /Users/youssefdaaloul/venv/dbt_snowflake/airflow_venv_39/lib/python3.11/site-packages/airflow/example_dags/example_trigger_controller_dag.py for tasks to queue
[2025-10-25T16:31:27.866+0200] {logging_mixin.py:188} INFO - [2025-10-25T16:31:27.865+0200] {dagbag.py:538} INFO - Filling up the DagBag from /Users/youssefdaaloul/venv/dbt_snowflake/airflow_venv_39/lib/python3.11/site-packages/airflow/example_dags/example_trigger_controller_dag.py
[2025-10-25T16:31:27.870+0200] {processor.py:840} INFO - DAG(s) 'example_trigger_controller_dag' retrieved from /Users/youssefdaaloul/venv/dbt_snowflake/airflow_venv_39/lib/python3.11/site-packages/airflow/example_dags/example_trigger_controller_dag.py
[2025-10-25T16:31:27.929+0200] {logging_mixin.py:188} INFO - [2025-10-25T16:31:27.929+0200] {dag.py:3036} INFO - Sync 1 DAGs
[2025-10-25T16:31:27.935+0200] {logging_mixin.py:188} INFO - [2025-10-25T16:31:27.935+0200] {dag.py:3823} INFO - Setting next_dagrun for example_trigger_controller_dag to 2021-01-01 00:00:00+00:00, run_after=2021-01-01 00:00:00+00:00
[2025-10-25T16:31:27.941+0200] {processor.py:183} INFO - Processing /Users/youssefdaaloul/venv/dbt_snowflake/airflow_venv_39/lib/python3.11/site-packages/airflow/example_dags/example_trigger_controller_dag.py took 0.077 seconds
[2025-10-25T16:32:25.555+0200] {processor.py:161} INFO - Started process (PID=72603) to work on /Users/youssefdaaloul/venv/dbt_snowflake/airflow_venv_39/lib/python3.11/site-packages/airflow/example_dags/example_trigger_controller_dag.py
[2025-10-25T16:32:25.557+0200] {processor.py:830} INFO - Processing file /Users/youssefdaaloul/venv/dbt_snowflake/airflow_venv_39/lib/python3.11/site-packages/airflow/example_dags/example_trigger_controller_dag.py for tasks to queue
[2025-10-25T16:32:25.557+0200] {logging_mixin.py:188} INFO - [2025-10-25T16:32:25.557+0200] {dagbag.py:538} INFO - Filling up the DagBag from /Users/youssefdaaloul/venv/dbt_snowflake/airflow_venv_39/lib/python3.11/site-packages/airflow/example_dags/example_trigger_controller_dag.py
[2025-10-25T16:32:25.561+0200] {processor.py:840} INFO - DAG(s) 'example_trigger_controller_dag' retrieved from /Users/youssefdaaloul/venv/dbt_snowflake/airflow_venv_39/lib/python3.11/site-packages/airflow/example_dags/example_trigger_controller_dag.py
[2025-10-25T16:32:25.616+0200] {logging_mixin.py:188} INFO - [2025-10-25T16:32:25.615+0200] {dag.py:3036} INFO - Sync 1 DAGs
[2025-10-25T16:32:25.621+0200] {logging_mixin.py:188} INFO - [2025-10-25T16:32:25.621+0200] {dag.py:3823} INFO - Setting next_dagrun for example_trigger_controller_dag to 2021-01-01 00:00:00+00:00, run_after=2021-01-01 00:00:00+00:00
[2025-10-25T16:32:25.628+0200] {processor.py:183} INFO - Processing /Users/youssefdaaloul/venv/dbt_snowflake/airflow_venv_39/lib/python3.11/site-packages/airflow/example_dags/example_trigger_controller_dag.py took 0.073 seconds
[2025-10-25T16:33:22.590+0200] {processor.py:161} INFO - Started process (PID=72680) to work on /Users/youssefdaaloul/venv/dbt_snowflake/airflow_venv_39/lib/python3.11/site-packages/airflow/example_dags/example_trigger_controller_dag.py
[2025-10-25T16:33:22.590+0200] {processor.py:830} INFO - Processing file /Users/youssefdaaloul/venv/dbt_snowflake/airflow_venv_39/lib/python3.11/site-packages/airflow/example_dags/example_trigger_controller_dag.py for tasks to queue
[2025-10-25T16:33:22.590+0200] {logging_mixin.py:188} INFO - [2025-10-25T16:33:22.590+0200] {dagbag.py:538} INFO - Filling up the DagBag from /Users/youssefdaaloul/venv/dbt_snowflake/airflow_venv_39/lib/python3.11/site-packages/airflow/example_dags/example_trigger_controller_dag.py
[2025-10-25T16:33:22.594+0200] {processor.py:840} INFO - DAG(s) 'example_trigger_controller_dag' retrieved from /Users/youssefdaaloul/venv/dbt_snowflake/airflow_venv_39/lib/python3.11/site-packages/airflow/example_dags/example_trigger_controller_dag.py
[2025-10-25T16:33:22.652+0200] {logging_mixin.py:188} INFO - [2025-10-25T16:33:22.652+0200] {dag.py:3036} INFO - Sync 1 DAGs
[2025-10-25T16:33:22.659+0200] {logging_mixin.py:188} INFO - [2025-10-25T16:33:22.659+0200] {dag.py:3823} INFO - Setting next_dagrun for example_trigger_controller_dag to 2021-01-01 00:00:00+00:00, run_after=2021-01-01 00:00:00+00:00
[2025-10-25T16:33:22.668+0200] {processor.py:183} INFO - Processing /Users/youssefdaaloul/venv/dbt_snowflake/airflow_venv_39/lib/python3.11/site-packages/airflow/example_dags/example_trigger_controller_dag.py took 0.078 seconds
[2025-10-25T16:34:24.150+0200] {processor.py:161} INFO - Started process (PID=72743) to work on /Users/youssefdaaloul/venv/dbt_snowflake/airflow_venv_39/lib/python3.11/site-packages/airflow/example_dags/example_trigger_controller_dag.py
[2025-10-25T16:34:24.152+0200] {processor.py:830} INFO - Processing file /Users/youssefdaaloul/venv/dbt_snowflake/airflow_venv_39/lib/python3.11/site-packages/airflow/example_dags/example_trigger_controller_dag.py for tasks to queue
[2025-10-25T16:34:24.152+0200] {logging_mixin.py:188} INFO - [2025-10-25T16:34:24.152+0200] {dagbag.py:538} INFO - Filling up the DagBag from /Users/youssefdaaloul/venv/dbt_snowflake/airflow_venv_39/lib/python3.11/site-packages/airflow/example_dags/example_trigger_controller_dag.py
[2025-10-25T16:34:24.157+0200] {processor.py:840} INFO - DAG(s) 'example_trigger_controller_dag' retrieved from /Users/youssefdaaloul/venv/dbt_snowflake/airflow_venv_39/lib/python3.11/site-packages/airflow/example_dags/example_trigger_controller_dag.py
[2025-10-25T16:34:24.216+0200] {logging_mixin.py:188} INFO - [2025-10-25T16:34:24.216+0200] {dag.py:3036} INFO - Sync 1 DAGs
[2025-10-25T16:34:24.222+0200] {logging_mixin.py:188} INFO - [2025-10-25T16:34:24.222+0200] {dag.py:3823} INFO - Setting next_dagrun for example_trigger_controller_dag to 2021-01-01 00:00:00+00:00, run_after=2021-01-01 00:00:00+00:00
[2025-10-25T16:34:24.229+0200] {processor.py:183} INFO - Processing /Users/youssefdaaloul/venv/dbt_snowflake/airflow_venv_39/lib/python3.11/site-packages/airflow/example_dags/example_trigger_controller_dag.py took 0.078 seconds
[2025-10-25T16:35:22.270+0200] {processor.py:161} INFO - Started process (PID=72826) to work on /Users/youssefdaaloul/venv/dbt_snowflake/airflow_venv_39/lib/python3.11/site-packages/airflow/example_dags/example_trigger_controller_dag.py
[2025-10-25T16:35:22.271+0200] {processor.py:830} INFO - Processing file /Users/youssefdaaloul/venv/dbt_snowflake/airflow_venv_39/lib/python3.11/site-packages/airflow/example_dags/example_trigger_controller_dag.py for tasks to queue
[2025-10-25T16:35:22.271+0200] {logging_mixin.py:188} INFO - [2025-10-25T16:35:22.271+0200] {dagbag.py:538} INFO - Filling up the DagBag from /Users/youssefdaaloul/venv/dbt_snowflake/airflow_venv_39/lib/python3.11/site-packages/airflow/example_dags/example_trigger_controller_dag.py
[2025-10-25T16:35:22.276+0200] {processor.py:840} INFO - DAG(s) 'example_trigger_controller_dag' retrieved from /Users/youssefdaaloul/venv/dbt_snowflake/airflow_venv_39/lib/python3.11/site-packages/airflow/example_dags/example_trigger_controller_dag.py
[2025-10-25T16:35:22.334+0200] {logging_mixin.py:188} INFO - [2025-10-25T16:35:22.334+0200] {dag.py:3036} INFO - Sync 1 DAGs
[2025-10-25T16:35:22.340+0200] {logging_mixin.py:188} INFO - [2025-10-25T16:35:22.340+0200] {dag.py:3823} INFO - Setting next_dagrun for example_trigger_controller_dag to 2021-01-01 00:00:00+00:00, run_after=2021-01-01 00:00:00+00:00
[2025-10-25T16:35:22.355+0200] {processor.py:183} INFO - Processing /Users/youssefdaaloul/venv/dbt_snowflake/airflow_venv_39/lib/python3.11/site-packages/airflow/example_dags/example_trigger_controller_dag.py took 0.085 seconds
[2025-10-25T16:36:20.855+0200] {processor.py:161} INFO - Started process (PID=72911) to work on /Users/youssefdaaloul/venv/dbt_snowflake/airflow_venv_39/lib/python3.11/site-packages/airflow/example_dags/example_trigger_controller_dag.py
[2025-10-25T16:36:20.855+0200] {processor.py:830} INFO - Processing file /Users/youssefdaaloul/venv/dbt_snowflake/airflow_venv_39/lib/python3.11/site-packages/airflow/example_dags/example_trigger_controller_dag.py for tasks to queue
[2025-10-25T16:36:20.856+0200] {logging_mixin.py:188} INFO - [2025-10-25T16:36:20.856+0200] {dagbag.py:538} INFO - Filling up the DagBag from /Users/youssefdaaloul/venv/dbt_snowflake/airflow_venv_39/lib/python3.11/site-packages/airflow/example_dags/example_trigger_controller_dag.py
[2025-10-25T16:36:20.860+0200] {processor.py:840} INFO - DAG(s) 'example_trigger_controller_dag' retrieved from /Users/youssefdaaloul/venv/dbt_snowflake/airflow_venv_39/lib/python3.11/site-packages/airflow/example_dags/example_trigger_controller_dag.py
[2025-10-25T16:36:20.917+0200] {logging_mixin.py:188} INFO - [2025-10-25T16:36:20.917+0200] {dag.py:3036} INFO - Sync 1 DAGs
[2025-10-25T16:36:20.923+0200] {logging_mixin.py:188} INFO - [2025-10-25T16:36:20.923+0200] {dag.py:3823} INFO - Setting next_dagrun for example_trigger_controller_dag to 2021-01-01 00:00:00+00:00, run_after=2021-01-01 00:00:00+00:00
[2025-10-25T16:36:20.930+0200] {processor.py:183} INFO - Processing /Users/youssefdaaloul/venv/dbt_snowflake/airflow_venv_39/lib/python3.11/site-packages/airflow/example_dags/example_trigger_controller_dag.py took 0.076 seconds
