[2025-10-25T16:09:31.614+0200] {processor.py:161} INFO - Started process (PID=71245) to work on /Users/youssefdaaloul/venv/dbt_snowflake/airflow_venv_39/lib/python3.11/site-packages/airflow/example_dags/example_branch_python_dop_operator_3.py
[2025-10-25T16:09:31.615+0200] {processor.py:830} INFO - Processing file /Users/youssefdaaloul/venv/dbt_snowflake/airflow_venv_39/lib/python3.11/site-packages/airflow/example_dags/example_branch_python_dop_operator_3.py for tasks to queue
[2025-10-25T16:09:31.615+0200] {logging_mixin.py:188} INFO - [2025-10-25T16:09:31.615+0200] {dagbag.py:538} INFO - Filling up the DagBag from /Users/youssefdaaloul/venv/dbt_snowflake/airflow_venv_39/lib/python3.11/site-packages/airflow/example_dags/example_branch_python_dop_operator_3.py
[2025-10-25T16:09:31.631+0200] {processor.py:840} INFO - DAG(s) 'example_branch_dop_operator_v3' retrieved from /Users/youssefdaaloul/venv/dbt_snowflake/airflow_venv_39/lib/python3.11/site-packages/airflow/example_dags/example_branch_python_dop_operator_3.py
[2025-10-25T16:09:31.723+0200] {logging_mixin.py:188} INFO - [2025-10-25T16:09:31.723+0200] {dag.py:3036} INFO - Sync 1 DAGs
[2025-10-25T16:09:31.731+0200] {logging_mixin.py:188} INFO - [2025-10-25T16:09:31.731+0200] {dag.py:3823} INFO - Setting next_dagrun for example_branch_dop_operator_v3 to 2025-10-25 14:08:00+00:00, run_after=2025-10-25 14:09:00+00:00
[2025-10-25T16:09:31.738+0200] {processor.py:183} INFO - Processing /Users/youssefdaaloul/venv/dbt_snowflake/airflow_venv_39/lib/python3.11/site-packages/airflow/example_dags/example_branch_python_dop_operator_3.py took 0.124 seconds
[2025-10-25T16:11:32.042+0200] {processor.py:161} INFO - Started process (PID=71361) to work on /Users/youssefdaaloul/venv/dbt_snowflake/airflow_venv_39/lib/python3.11/site-packages/airflow/example_dags/example_branch_python_dop_operator_3.py
[2025-10-25T16:11:32.043+0200] {processor.py:830} INFO - Processing file /Users/youssefdaaloul/venv/dbt_snowflake/airflow_venv_39/lib/python3.11/site-packages/airflow/example_dags/example_branch_python_dop_operator_3.py for tasks to queue
[2025-10-25T16:11:32.043+0200] {logging_mixin.py:188} INFO - [2025-10-25T16:11:32.043+0200] {dagbag.py:538} INFO - Filling up the DagBag from /Users/youssefdaaloul/venv/dbt_snowflake/airflow_venv_39/lib/python3.11/site-packages/airflow/example_dags/example_branch_python_dop_operator_3.py
[2025-10-25T16:11:32.093+0200] {processor.py:840} INFO - DAG(s) 'example_branch_dop_operator_v3' retrieved from /Users/youssefdaaloul/venv/dbt_snowflake/airflow_venv_39/lib/python3.11/site-packages/airflow/example_dags/example_branch_python_dop_operator_3.py
[2025-10-25T16:11:32.191+0200] {logging_mixin.py:188} INFO - [2025-10-25T16:11:32.191+0200] {dag.py:3036} INFO - Sync 1 DAGs
[2025-10-25T16:11:32.201+0200] {logging_mixin.py:188} INFO - [2025-10-25T16:11:32.201+0200] {dag.py:3823} INFO - Setting next_dagrun for example_branch_dop_operator_v3 to 2025-10-25 14:10:00+00:00, run_after=2025-10-25 14:11:00+00:00
[2025-10-25T16:11:32.211+0200] {processor.py:183} INFO - Processing /Users/youssefdaaloul/venv/dbt_snowflake/airflow_venv_39/lib/python3.11/site-packages/airflow/example_dags/example_branch_python_dop_operator_3.py took 0.169 seconds
[2025-10-25T16:13:28.322+0200] {processor.py:161} INFO - Started process (PID=71464) to work on /Users/youssefdaaloul/venv/dbt_snowflake/airflow_venv_39/lib/python3.11/site-packages/airflow/example_dags/example_branch_python_dop_operator_3.py
[2025-10-25T16:13:28.322+0200] {processor.py:830} INFO - Processing file /Users/youssefdaaloul/venv/dbt_snowflake/airflow_venv_39/lib/python3.11/site-packages/airflow/example_dags/example_branch_python_dop_operator_3.py for tasks to queue
[2025-10-25T16:13:28.323+0200] {logging_mixin.py:188} INFO - [2025-10-25T16:13:28.323+0200] {dagbag.py:538} INFO - Filling up the DagBag from /Users/youssefdaaloul/venv/dbt_snowflake/airflow_venv_39/lib/python3.11/site-packages/airflow/example_dags/example_branch_python_dop_operator_3.py
[2025-10-25T16:13:28.340+0200] {processor.py:840} INFO - DAG(s) 'example_branch_dop_operator_v3' retrieved from /Users/youssefdaaloul/venv/dbt_snowflake/airflow_venv_39/lib/python3.11/site-packages/airflow/example_dags/example_branch_python_dop_operator_3.py
[2025-10-25T16:13:28.403+0200] {logging_mixin.py:188} INFO - [2025-10-25T16:13:28.403+0200] {dag.py:3036} INFO - Sync 1 DAGs
[2025-10-25T16:13:28.412+0200] {logging_mixin.py:188} INFO - [2025-10-25T16:13:28.412+0200] {dag.py:3823} INFO - Setting next_dagrun for example_branch_dop_operator_v3 to 2025-10-25 14:12:00+00:00, run_after=2025-10-25 14:13:00+00:00
[2025-10-25T16:13:28.418+0200] {processor.py:183} INFO - Processing /Users/youssefdaaloul/venv/dbt_snowflake/airflow_venv_39/lib/python3.11/site-packages/airflow/example_dags/example_branch_python_dop_operator_3.py took 0.097 seconds
[2025-10-25T16:15:32.670+0200] {processor.py:161} INFO - Started process (PID=71572) to work on /Users/youssefdaaloul/venv/dbt_snowflake/airflow_venv_39/lib/python3.11/site-packages/airflow/example_dags/example_branch_python_dop_operator_3.py
[2025-10-25T16:15:32.672+0200] {processor.py:830} INFO - Processing file /Users/youssefdaaloul/venv/dbt_snowflake/airflow_venv_39/lib/python3.11/site-packages/airflow/example_dags/example_branch_python_dop_operator_3.py for tasks to queue
[2025-10-25T16:15:32.672+0200] {logging_mixin.py:188} INFO - [2025-10-25T16:15:32.672+0200] {dagbag.py:538} INFO - Filling up the DagBag from /Users/youssefdaaloul/venv/dbt_snowflake/airflow_venv_39/lib/python3.11/site-packages/airflow/example_dags/example_branch_python_dop_operator_3.py
[2025-10-25T16:15:32.687+0200] {processor.py:840} INFO - DAG(s) 'example_branch_dop_operator_v3' retrieved from /Users/youssefdaaloul/venv/dbt_snowflake/airflow_venv_39/lib/python3.11/site-packages/airflow/example_dags/example_branch_python_dop_operator_3.py
[2025-10-25T16:15:32.746+0200] {logging_mixin.py:188} INFO - [2025-10-25T16:15:32.746+0200] {dag.py:3036} INFO - Sync 1 DAGs
[2025-10-25T16:15:32.755+0200] {logging_mixin.py:188} INFO - [2025-10-25T16:15:32.755+0200] {dag.py:3823} INFO - Setting next_dagrun for example_branch_dop_operator_v3 to 2025-10-25 14:14:00+00:00, run_after=2025-10-25 14:15:00+00:00
[2025-10-25T16:15:32.762+0200] {processor.py:183} INFO - Processing /Users/youssefdaaloul/venv/dbt_snowflake/airflow_venv_39/lib/python3.11/site-packages/airflow/example_dags/example_branch_python_dop_operator_3.py took 0.092 seconds
[2025-10-25T16:17:31.714+0200] {processor.py:161} INFO - Started process (PID=71668) to work on /Users/youssefdaaloul/venv/dbt_snowflake/airflow_venv_39/lib/python3.11/site-packages/airflow/example_dags/example_branch_python_dop_operator_3.py
[2025-10-25T16:17:31.716+0200] {processor.py:830} INFO - Processing file /Users/youssefdaaloul/venv/dbt_snowflake/airflow_venv_39/lib/python3.11/site-packages/airflow/example_dags/example_branch_python_dop_operator_3.py for tasks to queue
[2025-10-25T16:17:31.716+0200] {logging_mixin.py:188} INFO - [2025-10-25T16:17:31.716+0200] {dagbag.py:538} INFO - Filling up the DagBag from /Users/youssefdaaloul/venv/dbt_snowflake/airflow_venv_39/lib/python3.11/site-packages/airflow/example_dags/example_branch_python_dop_operator_3.py
[2025-10-25T16:17:31.733+0200] {processor.py:840} INFO - DAG(s) 'example_branch_dop_operator_v3' retrieved from /Users/youssefdaaloul/venv/dbt_snowflake/airflow_venv_39/lib/python3.11/site-packages/airflow/example_dags/example_branch_python_dop_operator_3.py
[2025-10-25T16:17:31.796+0200] {logging_mixin.py:188} INFO - [2025-10-25T16:17:31.796+0200] {dag.py:3036} INFO - Sync 1 DAGs
[2025-10-25T16:17:31.805+0200] {logging_mixin.py:188} INFO - [2025-10-25T16:17:31.805+0200] {dag.py:3823} INFO - Setting next_dagrun for example_branch_dop_operator_v3 to 2025-10-25 14:16:00+00:00, run_after=2025-10-25 14:17:00+00:00
[2025-10-25T16:17:31.813+0200] {processor.py:183} INFO - Processing /Users/youssefdaaloul/venv/dbt_snowflake/airflow_venv_39/lib/python3.11/site-packages/airflow/example_dags/example_branch_python_dop_operator_3.py took 0.099 seconds
[2025-10-25T16:19:35.809+0200] {processor.py:161} INFO - Started process (PID=71793) to work on /Users/youssefdaaloul/venv/dbt_snowflake/airflow_venv_39/lib/python3.11/site-packages/airflow/example_dags/example_branch_python_dop_operator_3.py
[2025-10-25T16:19:35.810+0200] {processor.py:830} INFO - Processing file /Users/youssefdaaloul/venv/dbt_snowflake/airflow_venv_39/lib/python3.11/site-packages/airflow/example_dags/example_branch_python_dop_operator_3.py for tasks to queue
[2025-10-25T16:19:35.810+0200] {logging_mixin.py:188} INFO - [2025-10-25T16:19:35.810+0200] {dagbag.py:538} INFO - Filling up the DagBag from /Users/youssefdaaloul/venv/dbt_snowflake/airflow_venv_39/lib/python3.11/site-packages/airflow/example_dags/example_branch_python_dop_operator_3.py
[2025-10-25T16:19:35.828+0200] {processor.py:840} INFO - DAG(s) 'example_branch_dop_operator_v3' retrieved from /Users/youssefdaaloul/venv/dbt_snowflake/airflow_venv_39/lib/python3.11/site-packages/airflow/example_dags/example_branch_python_dop_operator_3.py
[2025-10-25T16:19:35.894+0200] {logging_mixin.py:188} INFO - [2025-10-25T16:19:35.894+0200] {dag.py:3036} INFO - Sync 1 DAGs
[2025-10-25T16:19:35.902+0200] {logging_mixin.py:188} INFO - [2025-10-25T16:19:35.902+0200] {dag.py:3823} INFO - Setting next_dagrun for example_branch_dop_operator_v3 to 2025-10-25 14:18:00+00:00, run_after=2025-10-25 14:19:00+00:00
[2025-10-25T16:19:35.910+0200] {processor.py:183} INFO - Processing /Users/youssefdaaloul/venv/dbt_snowflake/airflow_venv_39/lib/python3.11/site-packages/airflow/example_dags/example_branch_python_dop_operator_3.py took 0.101 seconds
[2025-10-25T16:21:35.051+0200] {processor.py:161} INFO - Started process (PID=71899) to work on /Users/youssefdaaloul/venv/dbt_snowflake/airflow_venv_39/lib/python3.11/site-packages/airflow/example_dags/example_branch_python_dop_operator_3.py
[2025-10-25T16:21:35.052+0200] {processor.py:830} INFO - Processing file /Users/youssefdaaloul/venv/dbt_snowflake/airflow_venv_39/lib/python3.11/site-packages/airflow/example_dags/example_branch_python_dop_operator_3.py for tasks to queue
[2025-10-25T16:21:35.052+0200] {logging_mixin.py:188} INFO - [2025-10-25T16:21:35.052+0200] {dagbag.py:538} INFO - Filling up the DagBag from /Users/youssefdaaloul/venv/dbt_snowflake/airflow_venv_39/lib/python3.11/site-packages/airflow/example_dags/example_branch_python_dop_operator_3.py
[2025-10-25T16:21:35.069+0200] {processor.py:840} INFO - DAG(s) 'example_branch_dop_operator_v3' retrieved from /Users/youssefdaaloul/venv/dbt_snowflake/airflow_venv_39/lib/python3.11/site-packages/airflow/example_dags/example_branch_python_dop_operator_3.py
[2025-10-25T16:21:35.124+0200] {logging_mixin.py:188} INFO - [2025-10-25T16:21:35.124+0200] {dag.py:3036} INFO - Sync 1 DAGs
[2025-10-25T16:21:35.133+0200] {logging_mixin.py:188} INFO - [2025-10-25T16:21:35.133+0200] {dag.py:3823} INFO - Setting next_dagrun for example_branch_dop_operator_v3 to 2025-10-25 14:20:00+00:00, run_after=2025-10-25 14:21:00+00:00
[2025-10-25T16:21:35.139+0200] {processor.py:183} INFO - Processing /Users/youssefdaaloul/venv/dbt_snowflake/airflow_venv_39/lib/python3.11/site-packages/airflow/example_dags/example_branch_python_dop_operator_3.py took 0.088 seconds
[2025-10-25T16:23:21.717+0200] {processor.py:161} INFO - Started process (PID=72004) to work on /Users/youssefdaaloul/venv/dbt_snowflake/airflow_venv_39/lib/python3.11/site-packages/airflow/example_dags/example_branch_python_dop_operator_3.py
[2025-10-25T16:23:21.718+0200] {processor.py:830} INFO - Processing file /Users/youssefdaaloul/venv/dbt_snowflake/airflow_venv_39/lib/python3.11/site-packages/airflow/example_dags/example_branch_python_dop_operator_3.py for tasks to queue
[2025-10-25T16:23:21.718+0200] {logging_mixin.py:188} INFO - [2025-10-25T16:23:21.718+0200] {dagbag.py:538} INFO - Filling up the DagBag from /Users/youssefdaaloul/venv/dbt_snowflake/airflow_venv_39/lib/python3.11/site-packages/airflow/example_dags/example_branch_python_dop_operator_3.py
[2025-10-25T16:23:21.733+0200] {processor.py:840} INFO - DAG(s) 'example_branch_dop_operator_v3' retrieved from /Users/youssefdaaloul/venv/dbt_snowflake/airflow_venv_39/lib/python3.11/site-packages/airflow/example_dags/example_branch_python_dop_operator_3.py
[2025-10-25T16:23:21.788+0200] {logging_mixin.py:188} INFO - [2025-10-25T16:23:21.788+0200] {dag.py:3036} INFO - Sync 1 DAGs
[2025-10-25T16:23:21.796+0200] {logging_mixin.py:188} INFO - [2025-10-25T16:23:21.796+0200] {dag.py:3823} INFO - Setting next_dagrun for example_branch_dop_operator_v3 to 2025-10-25 14:22:00+00:00, run_after=2025-10-25 14:23:00+00:00
[2025-10-25T16:23:21.803+0200] {processor.py:183} INFO - Processing /Users/youssefdaaloul/venv/dbt_snowflake/airflow_venv_39/lib/python3.11/site-packages/airflow/example_dags/example_branch_python_dop_operator_3.py took 0.086 seconds
[2025-10-25T16:25:11.530+0200] {processor.py:161} INFO - Started process (PID=72101) to work on /Users/youssefdaaloul/venv/dbt_snowflake/airflow_venv_39/lib/python3.11/site-packages/airflow/example_dags/example_branch_python_dop_operator_3.py
[2025-10-25T16:25:11.531+0200] {processor.py:830} INFO - Processing file /Users/youssefdaaloul/venv/dbt_snowflake/airflow_venv_39/lib/python3.11/site-packages/airflow/example_dags/example_branch_python_dop_operator_3.py for tasks to queue
[2025-10-25T16:25:11.531+0200] {logging_mixin.py:188} INFO - [2025-10-25T16:25:11.531+0200] {dagbag.py:538} INFO - Filling up the DagBag from /Users/youssefdaaloul/venv/dbt_snowflake/airflow_venv_39/lib/python3.11/site-packages/airflow/example_dags/example_branch_python_dop_operator_3.py
[2025-10-25T16:25:11.548+0200] {processor.py:840} INFO - DAG(s) 'example_branch_dop_operator_v3' retrieved from /Users/youssefdaaloul/venv/dbt_snowflake/airflow_venv_39/lib/python3.11/site-packages/airflow/example_dags/example_branch_python_dop_operator_3.py
[2025-10-25T16:25:11.605+0200] {logging_mixin.py:188} INFO - [2025-10-25T16:25:11.605+0200] {dag.py:3036} INFO - Sync 1 DAGs
[2025-10-25T16:25:11.614+0200] {logging_mixin.py:188} INFO - [2025-10-25T16:25:11.614+0200] {dag.py:3823} INFO - Setting next_dagrun for example_branch_dop_operator_v3 to 2025-10-25 14:24:00+00:00, run_after=2025-10-25 14:25:00+00:00
[2025-10-25T16:25:11.620+0200] {processor.py:183} INFO - Processing /Users/youssefdaaloul/venv/dbt_snowflake/airflow_venv_39/lib/python3.11/site-packages/airflow/example_dags/example_branch_python_dop_operator_3.py took 0.090 seconds
[2025-10-25T16:26:58.088+0200] {processor.py:161} INFO - Started process (PID=72214) to work on /Users/youssefdaaloul/venv/dbt_snowflake/airflow_venv_39/lib/python3.11/site-packages/airflow/example_dags/example_branch_python_dop_operator_3.py
[2025-10-25T16:26:58.089+0200] {processor.py:830} INFO - Processing file /Users/youssefdaaloul/venv/dbt_snowflake/airflow_venv_39/lib/python3.11/site-packages/airflow/example_dags/example_branch_python_dop_operator_3.py for tasks to queue
[2025-10-25T16:26:58.089+0200] {logging_mixin.py:188} INFO - [2025-10-25T16:26:58.089+0200] {dagbag.py:538} INFO - Filling up the DagBag from /Users/youssefdaaloul/venv/dbt_snowflake/airflow_venv_39/lib/python3.11/site-packages/airflow/example_dags/example_branch_python_dop_operator_3.py
[2025-10-25T16:26:58.107+0200] {processor.py:840} INFO - DAG(s) 'example_branch_dop_operator_v3' retrieved from /Users/youssefdaaloul/venv/dbt_snowflake/airflow_venv_39/lib/python3.11/site-packages/airflow/example_dags/example_branch_python_dop_operator_3.py
[2025-10-25T16:26:58.164+0200] {logging_mixin.py:188} INFO - [2025-10-25T16:26:58.164+0200] {dag.py:3036} INFO - Sync 1 DAGs
[2025-10-25T16:26:58.173+0200] {logging_mixin.py:188} INFO - [2025-10-25T16:26:58.173+0200] {dag.py:3823} INFO - Setting next_dagrun for example_branch_dop_operator_v3 to 2025-10-25 14:25:00+00:00, run_after=2025-10-25 14:26:00+00:00
[2025-10-25T16:26:58.180+0200] {processor.py:183} INFO - Processing /Users/youssefdaaloul/venv/dbt_snowflake/airflow_venv_39/lib/python3.11/site-packages/airflow/example_dags/example_branch_python_dop_operator_3.py took 0.093 seconds
[2025-10-25T16:28:55.076+0200] {processor.py:161} INFO - Started process (PID=72333) to work on /Users/youssefdaaloul/venv/dbt_snowflake/airflow_venv_39/lib/python3.11/site-packages/airflow/example_dags/example_branch_python_dop_operator_3.py
[2025-10-25T16:28:55.077+0200] {processor.py:830} INFO - Processing file /Users/youssefdaaloul/venv/dbt_snowflake/airflow_venv_39/lib/python3.11/site-packages/airflow/example_dags/example_branch_python_dop_operator_3.py for tasks to queue
[2025-10-25T16:28:55.078+0200] {logging_mixin.py:188} INFO - [2025-10-25T16:28:55.078+0200] {dagbag.py:538} INFO - Filling up the DagBag from /Users/youssefdaaloul/venv/dbt_snowflake/airflow_venv_39/lib/python3.11/site-packages/airflow/example_dags/example_branch_python_dop_operator_3.py
[2025-10-25T16:28:55.094+0200] {processor.py:840} INFO - DAG(s) 'example_branch_dop_operator_v3' retrieved from /Users/youssefdaaloul/venv/dbt_snowflake/airflow_venv_39/lib/python3.11/site-packages/airflow/example_dags/example_branch_python_dop_operator_3.py
[2025-10-25T16:28:55.154+0200] {logging_mixin.py:188} INFO - [2025-10-25T16:28:55.154+0200] {dag.py:3036} INFO - Sync 1 DAGs
[2025-10-25T16:28:55.162+0200] {logging_mixin.py:188} INFO - [2025-10-25T16:28:55.162+0200] {dag.py:3823} INFO - Setting next_dagrun for example_branch_dop_operator_v3 to 2025-10-25 14:27:00+00:00, run_after=2025-10-25 14:28:00+00:00
[2025-10-25T16:28:55.170+0200] {processor.py:183} INFO - Processing /Users/youssefdaaloul/venv/dbt_snowflake/airflow_venv_39/lib/python3.11/site-packages/airflow/example_dags/example_branch_python_dop_operator_3.py took 0.094 seconds
[2025-10-25T16:30:53.825+0200] {processor.py:161} INFO - Started process (PID=72450) to work on /Users/youssefdaaloul/venv/dbt_snowflake/airflow_venv_39/lib/python3.11/site-packages/airflow/example_dags/example_branch_python_dop_operator_3.py
[2025-10-25T16:30:53.827+0200] {processor.py:830} INFO - Processing file /Users/youssefdaaloul/venv/dbt_snowflake/airflow_venv_39/lib/python3.11/site-packages/airflow/example_dags/example_branch_python_dop_operator_3.py for tasks to queue
[2025-10-25T16:30:53.827+0200] {logging_mixin.py:188} INFO - [2025-10-25T16:30:53.827+0200] {dagbag.py:538} INFO - Filling up the DagBag from /Users/youssefdaaloul/venv/dbt_snowflake/airflow_venv_39/lib/python3.11/site-packages/airflow/example_dags/example_branch_python_dop_operator_3.py
[2025-10-25T16:30:53.842+0200] {processor.py:840} INFO - DAG(s) 'example_branch_dop_operator_v3' retrieved from /Users/youssefdaaloul/venv/dbt_snowflake/airflow_venv_39/lib/python3.11/site-packages/airflow/example_dags/example_branch_python_dop_operator_3.py
[2025-10-25T16:30:53.898+0200] {logging_mixin.py:188} INFO - [2025-10-25T16:30:53.898+0200] {dag.py:3036} INFO - Sync 1 DAGs
[2025-10-25T16:30:53.906+0200] {logging_mixin.py:188} INFO - [2025-10-25T16:30:53.906+0200] {dag.py:3823} INFO - Setting next_dagrun for example_branch_dop_operator_v3 to 2025-10-25 14:29:00+00:00, run_after=2025-10-25 14:30:00+00:00
[2025-10-25T16:30:53.913+0200] {processor.py:183} INFO - Processing /Users/youssefdaaloul/venv/dbt_snowflake/airflow_venv_39/lib/python3.11/site-packages/airflow/example_dags/example_branch_python_dop_operator_3.py took 0.088 seconds
[2025-10-25T16:32:44.359+0200] {processor.py:161} INFO - Started process (PID=72616) to work on /Users/youssefdaaloul/venv/dbt_snowflake/airflow_venv_39/lib/python3.11/site-packages/airflow/example_dags/example_branch_python_dop_operator_3.py
[2025-10-25T16:32:44.360+0200] {processor.py:830} INFO - Processing file /Users/youssefdaaloul/venv/dbt_snowflake/airflow_venv_39/lib/python3.11/site-packages/airflow/example_dags/example_branch_python_dop_operator_3.py for tasks to queue
[2025-10-25T16:32:44.360+0200] {logging_mixin.py:188} INFO - [2025-10-25T16:32:44.360+0200] {dagbag.py:538} INFO - Filling up the DagBag from /Users/youssefdaaloul/venv/dbt_snowflake/airflow_venv_39/lib/python3.11/site-packages/airflow/example_dags/example_branch_python_dop_operator_3.py
[2025-10-25T16:32:44.377+0200] {processor.py:840} INFO - DAG(s) 'example_branch_dop_operator_v3' retrieved from /Users/youssefdaaloul/venv/dbt_snowflake/airflow_venv_39/lib/python3.11/site-packages/airflow/example_dags/example_branch_python_dop_operator_3.py
[2025-10-25T16:32:44.437+0200] {logging_mixin.py:188} INFO - [2025-10-25T16:32:44.437+0200] {dag.py:3036} INFO - Sync 1 DAGs
[2025-10-25T16:32:44.446+0200] {logging_mixin.py:188} INFO - [2025-10-25T16:32:44.446+0200] {dag.py:3823} INFO - Setting next_dagrun for example_branch_dop_operator_v3 to 2025-10-25 14:31:00+00:00, run_after=2025-10-25 14:32:00+00:00
[2025-10-25T16:32:44.455+0200] {processor.py:183} INFO - Processing /Users/youssefdaaloul/venv/dbt_snowflake/airflow_venv_39/lib/python3.11/site-packages/airflow/example_dags/example_branch_python_dop_operator_3.py took 0.095 seconds
[2025-10-25T16:34:45.539+0200] {processor.py:161} INFO - Started process (PID=72777) to work on /Users/youssefdaaloul/venv/dbt_snowflake/airflow_venv_39/lib/python3.11/site-packages/airflow/example_dags/example_branch_python_dop_operator_3.py
[2025-10-25T16:34:45.540+0200] {processor.py:830} INFO - Processing file /Users/youssefdaaloul/venv/dbt_snowflake/airflow_venv_39/lib/python3.11/site-packages/airflow/example_dags/example_branch_python_dop_operator_3.py for tasks to queue
[2025-10-25T16:34:45.540+0200] {logging_mixin.py:188} INFO - [2025-10-25T16:34:45.540+0200] {dagbag.py:538} INFO - Filling up the DagBag from /Users/youssefdaaloul/venv/dbt_snowflake/airflow_venv_39/lib/python3.11/site-packages/airflow/example_dags/example_branch_python_dop_operator_3.py
[2025-10-25T16:34:45.557+0200] {processor.py:840} INFO - DAG(s) 'example_branch_dop_operator_v3' retrieved from /Users/youssefdaaloul/venv/dbt_snowflake/airflow_venv_39/lib/python3.11/site-packages/airflow/example_dags/example_branch_python_dop_operator_3.py
[2025-10-25T16:34:45.620+0200] {logging_mixin.py:188} INFO - [2025-10-25T16:34:45.620+0200] {dag.py:3036} INFO - Sync 1 DAGs
[2025-10-25T16:34:45.628+0200] {logging_mixin.py:188} INFO - [2025-10-25T16:34:45.627+0200] {dag.py:3823} INFO - Setting next_dagrun for example_branch_dop_operator_v3 to 2025-10-25 14:33:00+00:00, run_after=2025-10-25 14:34:00+00:00
[2025-10-25T16:34:45.634+0200] {processor.py:183} INFO - Processing /Users/youssefdaaloul/venv/dbt_snowflake/airflow_venv_39/lib/python3.11/site-packages/airflow/example_dags/example_branch_python_dop_operator_3.py took 0.096 seconds
[2025-10-25T16:36:42.495+0200] {processor.py:161} INFO - Started process (PID=72925) to work on /Users/youssefdaaloul/venv/dbt_snowflake/airflow_venv_39/lib/python3.11/site-packages/airflow/example_dags/example_branch_python_dop_operator_3.py
[2025-10-25T16:36:42.496+0200] {processor.py:830} INFO - Processing file /Users/youssefdaaloul/venv/dbt_snowflake/airflow_venv_39/lib/python3.11/site-packages/airflow/example_dags/example_branch_python_dop_operator_3.py for tasks to queue
[2025-10-25T16:36:42.496+0200] {logging_mixin.py:188} INFO - [2025-10-25T16:36:42.496+0200] {dagbag.py:538} INFO - Filling up the DagBag from /Users/youssefdaaloul/venv/dbt_snowflake/airflow_venv_39/lib/python3.11/site-packages/airflow/example_dags/example_branch_python_dop_operator_3.py
[2025-10-25T16:36:42.513+0200] {processor.py:840} INFO - DAG(s) 'example_branch_dop_operator_v3' retrieved from /Users/youssefdaaloul/venv/dbt_snowflake/airflow_venv_39/lib/python3.11/site-packages/airflow/example_dags/example_branch_python_dop_operator_3.py
[2025-10-25T16:36:42.573+0200] {logging_mixin.py:188} INFO - [2025-10-25T16:36:42.573+0200] {dag.py:3036} INFO - Sync 1 DAGs
[2025-10-25T16:36:42.581+0200] {logging_mixin.py:188} INFO - [2025-10-25T16:36:42.581+0200] {dag.py:3823} INFO - Setting next_dagrun for example_branch_dop_operator_v3 to 2025-10-25 14:35:00+00:00, run_after=2025-10-25 14:36:00+00:00
[2025-10-25T16:36:42.588+0200] {processor.py:183} INFO - Processing /Users/youssefdaaloul/venv/dbt_snowflake/airflow_venv_39/lib/python3.11/site-packages/airflow/example_dags/example_branch_python_dop_operator_3.py took 0.093 seconds
