[2025-10-25T16:09:13.732+0200] {processor.py:161} INFO - Started process (PID=71230) to work on /Users/youssefdaaloul/venv/dbt_snowflake/airflow_venv_39/lib/python3.11/site-packages/airflow/example_dags/example_latest_only_with_trigger.py
[2025-10-25T16:09:13.733+0200] {processor.py:830} INFO - Processing file /Users/youssefdaaloul/venv/dbt_snowflake/airflow_venv_39/lib/python3.11/site-packages/airflow/example_dags/example_latest_only_with_trigger.py for tasks to queue
[2025-10-25T16:09:13.733+0200] {logging_mixin.py:188} INFO - [2025-10-25T16:09:13.733+0200] {dagbag.py:538} INFO - Filling up the DagBag from /Users/youssefdaaloul/venv/dbt_snowflake/airflow_venv_39/lib/python3.11/site-packages/airflow/example_dags/example_latest_only_with_trigger.py
[2025-10-25T16:09:13.736+0200] {processor.py:840} INFO - DAG(s) 'latest_only_with_trigger' retrieved from /Users/youssefdaaloul/venv/dbt_snowflake/airflow_venv_39/lib/python3.11/site-packages/airflow/example_dags/example_latest_only_with_trigger.py
[2025-10-25T16:09:13.826+0200] {logging_mixin.py:188} INFO - [2025-10-25T16:09:13.825+0200] {dag.py:3036} INFO - Sync 1 DAGs
[2025-10-25T16:09:13.831+0200] {logging_mixin.py:188} INFO - [2025-10-25T16:09:13.831+0200] {dag.py:3823} INFO - Setting next_dagrun for latest_only_with_trigger to 2025-10-25 08:00:00+00:00, run_after=2025-10-25 12:00:00+00:00
[2025-10-25T16:09:13.838+0200] {processor.py:183} INFO - Processing /Users/youssefdaaloul/venv/dbt_snowflake/airflow_venv_39/lib/python3.11/site-packages/airflow/example_dags/example_latest_only_with_trigger.py took 0.106 seconds
[2025-10-25T16:11:14.212+0200] {processor.py:161} INFO - Started process (PID=71343) to work on /Users/youssefdaaloul/venv/dbt_snowflake/airflow_venv_39/lib/python3.11/site-packages/airflow/example_dags/example_latest_only_with_trigger.py
[2025-10-25T16:11:14.213+0200] {processor.py:830} INFO - Processing file /Users/youssefdaaloul/venv/dbt_snowflake/airflow_venv_39/lib/python3.11/site-packages/airflow/example_dags/example_latest_only_with_trigger.py for tasks to queue
[2025-10-25T16:11:14.214+0200] {logging_mixin.py:188} INFO - [2025-10-25T16:11:14.214+0200] {dagbag.py:538} INFO - Filling up the DagBag from /Users/youssefdaaloul/venv/dbt_snowflake/airflow_venv_39/lib/python3.11/site-packages/airflow/example_dags/example_latest_only_with_trigger.py
[2025-10-25T16:11:14.217+0200] {processor.py:840} INFO - DAG(s) 'latest_only_with_trigger' retrieved from /Users/youssefdaaloul/venv/dbt_snowflake/airflow_venv_39/lib/python3.11/site-packages/airflow/example_dags/example_latest_only_with_trigger.py
[2025-10-25T16:11:14.282+0200] {logging_mixin.py:188} INFO - [2025-10-25T16:11:14.281+0200] {dag.py:3036} INFO - Sync 1 DAGs
[2025-10-25T16:11:14.288+0200] {logging_mixin.py:188} INFO - [2025-10-25T16:11:14.288+0200] {dag.py:3823} INFO - Setting next_dagrun for latest_only_with_trigger to 2025-10-25 08:00:00+00:00, run_after=2025-10-25 12:00:00+00:00
[2025-10-25T16:11:14.296+0200] {processor.py:183} INFO - Processing /Users/youssefdaaloul/venv/dbt_snowflake/airflow_venv_39/lib/python3.11/site-packages/airflow/example_dags/example_latest_only_with_trigger.py took 0.085 seconds
[2025-10-25T16:13:11.188+0200] {processor.py:161} INFO - Started process (PID=71445) to work on /Users/youssefdaaloul/venv/dbt_snowflake/airflow_venv_39/lib/python3.11/site-packages/airflow/example_dags/example_latest_only_with_trigger.py
[2025-10-25T16:13:11.189+0200] {processor.py:830} INFO - Processing file /Users/youssefdaaloul/venv/dbt_snowflake/airflow_venv_39/lib/python3.11/site-packages/airflow/example_dags/example_latest_only_with_trigger.py for tasks to queue
[2025-10-25T16:13:11.190+0200] {logging_mixin.py:188} INFO - [2025-10-25T16:13:11.189+0200] {dagbag.py:538} INFO - Filling up the DagBag from /Users/youssefdaaloul/venv/dbt_snowflake/airflow_venv_39/lib/python3.11/site-packages/airflow/example_dags/example_latest_only_with_trigger.py
[2025-10-25T16:13:11.196+0200] {processor.py:840} INFO - DAG(s) 'latest_only_with_trigger' retrieved from /Users/youssefdaaloul/venv/dbt_snowflake/airflow_venv_39/lib/python3.11/site-packages/airflow/example_dags/example_latest_only_with_trigger.py
[2025-10-25T16:13:11.261+0200] {logging_mixin.py:188} INFO - [2025-10-25T16:13:11.260+0200] {dag.py:3036} INFO - Sync 1 DAGs
[2025-10-25T16:13:11.269+0200] {logging_mixin.py:188} INFO - [2025-10-25T16:13:11.269+0200] {dag.py:3823} INFO - Setting next_dagrun for latest_only_with_trigger to 2025-10-25 08:00:00+00:00, run_after=2025-10-25 12:00:00+00:00
[2025-10-25T16:13:11.277+0200] {processor.py:183} INFO - Processing /Users/youssefdaaloul/venv/dbt_snowflake/airflow_venv_39/lib/python3.11/site-packages/airflow/example_dags/example_latest_only_with_trigger.py took 0.090 seconds
[2025-10-25T16:15:17.154+0200] {processor.py:161} INFO - Started process (PID=71559) to work on /Users/youssefdaaloul/venv/dbt_snowflake/airflow_venv_39/lib/python3.11/site-packages/airflow/example_dags/example_latest_only_with_trigger.py
[2025-10-25T16:15:17.154+0200] {processor.py:830} INFO - Processing file /Users/youssefdaaloul/venv/dbt_snowflake/airflow_venv_39/lib/python3.11/site-packages/airflow/example_dags/example_latest_only_with_trigger.py for tasks to queue
[2025-10-25T16:15:17.155+0200] {logging_mixin.py:188} INFO - [2025-10-25T16:15:17.154+0200] {dagbag.py:538} INFO - Filling up the DagBag from /Users/youssefdaaloul/venv/dbt_snowflake/airflow_venv_39/lib/python3.11/site-packages/airflow/example_dags/example_latest_only_with_trigger.py
[2025-10-25T16:15:17.159+0200] {processor.py:840} INFO - DAG(s) 'latest_only_with_trigger' retrieved from /Users/youssefdaaloul/venv/dbt_snowflake/airflow_venv_39/lib/python3.11/site-packages/airflow/example_dags/example_latest_only_with_trigger.py
[2025-10-25T16:15:17.224+0200] {logging_mixin.py:188} INFO - [2025-10-25T16:15:17.224+0200] {dag.py:3036} INFO - Sync 1 DAGs
[2025-10-25T16:15:17.230+0200] {logging_mixin.py:188} INFO - [2025-10-25T16:15:17.230+0200] {dag.py:3823} INFO - Setting next_dagrun for latest_only_with_trigger to 2025-10-25 08:00:00+00:00, run_after=2025-10-25 12:00:00+00:00
[2025-10-25T16:15:17.236+0200] {processor.py:183} INFO - Processing /Users/youssefdaaloul/venv/dbt_snowflake/airflow_venv_39/lib/python3.11/site-packages/airflow/example_dags/example_latest_only_with_trigger.py took 0.083 seconds
[2025-10-25T16:17:14.550+0200] {processor.py:161} INFO - Started process (PID=71656) to work on /Users/youssefdaaloul/venv/dbt_snowflake/airflow_venv_39/lib/python3.11/site-packages/airflow/example_dags/example_latest_only_with_trigger.py
[2025-10-25T16:17:14.551+0200] {processor.py:830} INFO - Processing file /Users/youssefdaaloul/venv/dbt_snowflake/airflow_venv_39/lib/python3.11/site-packages/airflow/example_dags/example_latest_only_with_trigger.py for tasks to queue
[2025-10-25T16:17:14.551+0200] {logging_mixin.py:188} INFO - [2025-10-25T16:17:14.551+0200] {dagbag.py:538} INFO - Filling up the DagBag from /Users/youssefdaaloul/venv/dbt_snowflake/airflow_venv_39/lib/python3.11/site-packages/airflow/example_dags/example_latest_only_with_trigger.py
[2025-10-25T16:17:14.555+0200] {processor.py:840} INFO - DAG(s) 'latest_only_with_trigger' retrieved from /Users/youssefdaaloul/venv/dbt_snowflake/airflow_venv_39/lib/python3.11/site-packages/airflow/example_dags/example_latest_only_with_trigger.py
[2025-10-25T16:17:14.618+0200] {logging_mixin.py:188} INFO - [2025-10-25T16:17:14.617+0200] {dag.py:3036} INFO - Sync 1 DAGs
[2025-10-25T16:17:14.623+0200] {logging_mixin.py:188} INFO - [2025-10-25T16:17:14.623+0200] {dag.py:3823} INFO - Setting next_dagrun for latest_only_with_trigger to 2025-10-25 08:00:00+00:00, run_after=2025-10-25 12:00:00+00:00
[2025-10-25T16:17:14.630+0200] {processor.py:183} INFO - Processing /Users/youssefdaaloul/venv/dbt_snowflake/airflow_venv_39/lib/python3.11/site-packages/airflow/example_dags/example_latest_only_with_trigger.py took 0.081 seconds
[2025-10-25T16:19:17.299+0200] {processor.py:161} INFO - Started process (PID=71773) to work on /Users/youssefdaaloul/venv/dbt_snowflake/airflow_venv_39/lib/python3.11/site-packages/airflow/example_dags/example_latest_only_with_trigger.py
[2025-10-25T16:19:17.300+0200] {processor.py:830} INFO - Processing file /Users/youssefdaaloul/venv/dbt_snowflake/airflow_venv_39/lib/python3.11/site-packages/airflow/example_dags/example_latest_only_with_trigger.py for tasks to queue
[2025-10-25T16:19:17.300+0200] {logging_mixin.py:188} INFO - [2025-10-25T16:19:17.300+0200] {dagbag.py:538} INFO - Filling up the DagBag from /Users/youssefdaaloul/venv/dbt_snowflake/airflow_venv_39/lib/python3.11/site-packages/airflow/example_dags/example_latest_only_with_trigger.py
[2025-10-25T16:19:17.307+0200] {processor.py:840} INFO - DAG(s) 'latest_only_with_trigger' retrieved from /Users/youssefdaaloul/venv/dbt_snowflake/airflow_venv_39/lib/python3.11/site-packages/airflow/example_dags/example_latest_only_with_trigger.py
[2025-10-25T16:19:17.391+0200] {logging_mixin.py:188} INFO - [2025-10-25T16:19:17.391+0200] {dag.py:3036} INFO - Sync 1 DAGs
[2025-10-25T16:19:17.398+0200] {logging_mixin.py:188} INFO - [2025-10-25T16:19:17.397+0200] {dag.py:3823} INFO - Setting next_dagrun for latest_only_with_trigger to 2025-10-25 08:00:00+00:00, run_after=2025-10-25 12:00:00+00:00
[2025-10-25T16:19:17.406+0200] {processor.py:183} INFO - Processing /Users/youssefdaaloul/venv/dbt_snowflake/airflow_venv_39/lib/python3.11/site-packages/airflow/example_dags/example_latest_only_with_trigger.py took 0.108 seconds
[2025-10-25T16:20:50.846+0200] {processor.py:161} INFO - Started process (PID=71861) to work on /Users/youssefdaaloul/venv/dbt_snowflake/airflow_venv_39/lib/python3.11/site-packages/airflow/example_dags/example_latest_only_with_trigger.py
[2025-10-25T16:20:50.847+0200] {processor.py:830} INFO - Processing file /Users/youssefdaaloul/venv/dbt_snowflake/airflow_venv_39/lib/python3.11/site-packages/airflow/example_dags/example_latest_only_with_trigger.py for tasks to queue
[2025-10-25T16:20:50.847+0200] {logging_mixin.py:188} INFO - [2025-10-25T16:20:50.847+0200] {dagbag.py:538} INFO - Filling up the DagBag from /Users/youssefdaaloul/venv/dbt_snowflake/airflow_venv_39/lib/python3.11/site-packages/airflow/example_dags/example_latest_only_with_trigger.py
[2025-10-25T16:20:50.850+0200] {processor.py:840} INFO - DAG(s) 'latest_only_with_trigger' retrieved from /Users/youssefdaaloul/venv/dbt_snowflake/airflow_venv_39/lib/python3.11/site-packages/airflow/example_dags/example_latest_only_with_trigger.py
[2025-10-25T16:20:50.909+0200] {logging_mixin.py:188} INFO - [2025-10-25T16:20:50.909+0200] {dag.py:3036} INFO - Sync 1 DAGs
[2025-10-25T16:20:50.915+0200] {logging_mixin.py:188} INFO - [2025-10-25T16:20:50.915+0200] {dag.py:3823} INFO - Setting next_dagrun for latest_only_with_trigger to 2025-10-25 08:00:00+00:00, run_after=2025-10-25 12:00:00+00:00
[2025-10-25T16:20:50.921+0200] {processor.py:183} INFO - Processing /Users/youssefdaaloul/venv/dbt_snowflake/airflow_venv_39/lib/python3.11/site-packages/airflow/example_dags/example_latest_only_with_trigger.py took 0.075 seconds
[2025-10-25T16:22:38.494+0200] {processor.py:161} INFO - Started process (PID=71953) to work on /Users/youssefdaaloul/venv/dbt_snowflake/airflow_venv_39/lib/python3.11/site-packages/airflow/example_dags/example_latest_only_with_trigger.py
[2025-10-25T16:22:38.495+0200] {processor.py:830} INFO - Processing file /Users/youssefdaaloul/venv/dbt_snowflake/airflow_venv_39/lib/python3.11/site-packages/airflow/example_dags/example_latest_only_with_trigger.py for tasks to queue
[2025-10-25T16:22:38.495+0200] {logging_mixin.py:188} INFO - [2025-10-25T16:22:38.495+0200] {dagbag.py:538} INFO - Filling up the DagBag from /Users/youssefdaaloul/venv/dbt_snowflake/airflow_venv_39/lib/python3.11/site-packages/airflow/example_dags/example_latest_only_with_trigger.py
[2025-10-25T16:22:38.499+0200] {processor.py:840} INFO - DAG(s) 'latest_only_with_trigger' retrieved from /Users/youssefdaaloul/venv/dbt_snowflake/airflow_venv_39/lib/python3.11/site-packages/airflow/example_dags/example_latest_only_with_trigger.py
[2025-10-25T16:22:38.557+0200] {logging_mixin.py:188} INFO - [2025-10-25T16:22:38.557+0200] {dag.py:3036} INFO - Sync 1 DAGs
[2025-10-25T16:22:38.563+0200] {logging_mixin.py:188} INFO - [2025-10-25T16:22:38.563+0200] {dag.py:3823} INFO - Setting next_dagrun for latest_only_with_trigger to 2025-10-25 08:00:00+00:00, run_after=2025-10-25 12:00:00+00:00
[2025-10-25T16:22:38.569+0200] {processor.py:183} INFO - Processing /Users/youssefdaaloul/venv/dbt_snowflake/airflow_venv_39/lib/python3.11/site-packages/airflow/example_dags/example_latest_only_with_trigger.py took 0.076 seconds
[2025-10-25T16:24:27.735+0200] {processor.py:161} INFO - Started process (PID=72062) to work on /Users/youssefdaaloul/venv/dbt_snowflake/airflow_venv_39/lib/python3.11/site-packages/airflow/example_dags/example_latest_only_with_trigger.py
[2025-10-25T16:24:27.737+0200] {processor.py:830} INFO - Processing file /Users/youssefdaaloul/venv/dbt_snowflake/airflow_venv_39/lib/python3.11/site-packages/airflow/example_dags/example_latest_only_with_trigger.py for tasks to queue
[2025-10-25T16:24:27.737+0200] {logging_mixin.py:188} INFO - [2025-10-25T16:24:27.737+0200] {dagbag.py:538} INFO - Filling up the DagBag from /Users/youssefdaaloul/venv/dbt_snowflake/airflow_venv_39/lib/python3.11/site-packages/airflow/example_dags/example_latest_only_with_trigger.py
[2025-10-25T16:24:27.740+0200] {processor.py:840} INFO - DAG(s) 'latest_only_with_trigger' retrieved from /Users/youssefdaaloul/venv/dbt_snowflake/airflow_venv_39/lib/python3.11/site-packages/airflow/example_dags/example_latest_only_with_trigger.py
[2025-10-25T16:24:27.798+0200] {logging_mixin.py:188} INFO - [2025-10-25T16:24:27.798+0200] {dag.py:3036} INFO - Sync 1 DAGs
[2025-10-25T16:24:27.804+0200] {logging_mixin.py:188} INFO - [2025-10-25T16:24:27.804+0200] {dag.py:3823} INFO - Setting next_dagrun for latest_only_with_trigger to 2025-10-25 08:00:00+00:00, run_after=2025-10-25 12:00:00+00:00
[2025-10-25T16:24:27.811+0200] {processor.py:183} INFO - Processing /Users/youssefdaaloul/venv/dbt_snowflake/airflow_venv_39/lib/python3.11/site-packages/airflow/example_dags/example_latest_only_with_trigger.py took 0.076 seconds
[2025-10-25T16:26:17.108+0200] {processor.py:161} INFO - Started process (PID=72177) to work on /Users/youssefdaaloul/venv/dbt_snowflake/airflow_venv_39/lib/python3.11/site-packages/airflow/example_dags/example_latest_only_with_trigger.py
[2025-10-25T16:26:17.109+0200] {processor.py:830} INFO - Processing file /Users/youssefdaaloul/venv/dbt_snowflake/airflow_venv_39/lib/python3.11/site-packages/airflow/example_dags/example_latest_only_with_trigger.py for tasks to queue
[2025-10-25T16:26:17.109+0200] {logging_mixin.py:188} INFO - [2025-10-25T16:26:17.109+0200] {dagbag.py:538} INFO - Filling up the DagBag from /Users/youssefdaaloul/venv/dbt_snowflake/airflow_venv_39/lib/python3.11/site-packages/airflow/example_dags/example_latest_only_with_trigger.py
[2025-10-25T16:26:17.113+0200] {processor.py:840} INFO - DAG(s) 'latest_only_with_trigger' retrieved from /Users/youssefdaaloul/venv/dbt_snowflake/airflow_venv_39/lib/python3.11/site-packages/airflow/example_dags/example_latest_only_with_trigger.py
[2025-10-25T16:26:17.173+0200] {logging_mixin.py:188} INFO - [2025-10-25T16:26:17.173+0200] {dag.py:3036} INFO - Sync 1 DAGs
[2025-10-25T16:26:17.180+0200] {logging_mixin.py:188} INFO - [2025-10-25T16:26:17.180+0200] {dag.py:3823} INFO - Setting next_dagrun for latest_only_with_trigger to 2025-10-25 08:00:00+00:00, run_after=2025-10-25 12:00:00+00:00
[2025-10-25T16:26:17.187+0200] {processor.py:183} INFO - Processing /Users/youssefdaaloul/venv/dbt_snowflake/airflow_venv_39/lib/python3.11/site-packages/airflow/example_dags/example_latest_only_with_trigger.py took 0.079 seconds
[2025-10-25T16:28:06.966+0200] {processor.py:161} INFO - Started process (PID=72286) to work on /Users/youssefdaaloul/venv/dbt_snowflake/airflow_venv_39/lib/python3.11/site-packages/airflow/example_dags/example_latest_only_with_trigger.py
[2025-10-25T16:28:06.967+0200] {processor.py:830} INFO - Processing file /Users/youssefdaaloul/venv/dbt_snowflake/airflow_venv_39/lib/python3.11/site-packages/airflow/example_dags/example_latest_only_with_trigger.py for tasks to queue
[2025-10-25T16:28:06.967+0200] {logging_mixin.py:188} INFO - [2025-10-25T16:28:06.967+0200] {dagbag.py:538} INFO - Filling up the DagBag from /Users/youssefdaaloul/venv/dbt_snowflake/airflow_venv_39/lib/python3.11/site-packages/airflow/example_dags/example_latest_only_with_trigger.py
[2025-10-25T16:28:06.971+0200] {processor.py:840} INFO - DAG(s) 'latest_only_with_trigger' retrieved from /Users/youssefdaaloul/venv/dbt_snowflake/airflow_venv_39/lib/python3.11/site-packages/airflow/example_dags/example_latest_only_with_trigger.py
[2025-10-25T16:28:07.033+0200] {logging_mixin.py:188} INFO - [2025-10-25T16:28:07.033+0200] {dag.py:3036} INFO - Sync 1 DAGs
[2025-10-25T16:28:07.040+0200] {logging_mixin.py:188} INFO - [2025-10-25T16:28:07.040+0200] {dag.py:3823} INFO - Setting next_dagrun for latest_only_with_trigger to 2025-10-25 08:00:00+00:00, run_after=2025-10-25 12:00:00+00:00
[2025-10-25T16:28:07.048+0200] {processor.py:183} INFO - Processing /Users/youssefdaaloul/venv/dbt_snowflake/airflow_venv_39/lib/python3.11/site-packages/airflow/example_dags/example_latest_only_with_trigger.py took 0.082 seconds
[2025-10-25T16:30:04.187+0200] {processor.py:161} INFO - Started process (PID=72408) to work on /Users/youssefdaaloul/venv/dbt_snowflake/airflow_venv_39/lib/python3.11/site-packages/airflow/example_dags/example_latest_only_with_trigger.py
[2025-10-25T16:30:04.187+0200] {processor.py:830} INFO - Processing file /Users/youssefdaaloul/venv/dbt_snowflake/airflow_venv_39/lib/python3.11/site-packages/airflow/example_dags/example_latest_only_with_trigger.py for tasks to queue
[2025-10-25T16:30:04.188+0200] {logging_mixin.py:188} INFO - [2025-10-25T16:30:04.188+0200] {dagbag.py:538} INFO - Filling up the DagBag from /Users/youssefdaaloul/venv/dbt_snowflake/airflow_venv_39/lib/python3.11/site-packages/airflow/example_dags/example_latest_only_with_trigger.py
[2025-10-25T16:30:04.191+0200] {processor.py:840} INFO - DAG(s) 'latest_only_with_trigger' retrieved from /Users/youssefdaaloul/venv/dbt_snowflake/airflow_venv_39/lib/python3.11/site-packages/airflow/example_dags/example_latest_only_with_trigger.py
[2025-10-25T16:30:04.253+0200] {logging_mixin.py:188} INFO - [2025-10-25T16:30:04.253+0200] {dag.py:3036} INFO - Sync 1 DAGs
[2025-10-25T16:30:04.260+0200] {logging_mixin.py:188} INFO - [2025-10-25T16:30:04.259+0200] {dag.py:3823} INFO - Setting next_dagrun for latest_only_with_trigger to 2025-10-25 08:00:00+00:00, run_after=2025-10-25 12:00:00+00:00
[2025-10-25T16:30:04.267+0200] {processor.py:183} INFO - Processing /Users/youssefdaaloul/venv/dbt_snowflake/airflow_venv_39/lib/python3.11/site-packages/airflow/example_dags/example_latest_only_with_trigger.py took 0.081 seconds
[2025-10-25T16:31:58.652+0200] {processor.py:161} INFO - Started process (PID=72582) to work on /Users/youssefdaaloul/venv/dbt_snowflake/airflow_venv_39/lib/python3.11/site-packages/airflow/example_dags/example_latest_only_with_trigger.py
[2025-10-25T16:31:58.653+0200] {processor.py:830} INFO - Processing file /Users/youssefdaaloul/venv/dbt_snowflake/airflow_venv_39/lib/python3.11/site-packages/airflow/example_dags/example_latest_only_with_trigger.py for tasks to queue
[2025-10-25T16:31:58.653+0200] {logging_mixin.py:188} INFO - [2025-10-25T16:31:58.653+0200] {dagbag.py:538} INFO - Filling up the DagBag from /Users/youssefdaaloul/venv/dbt_snowflake/airflow_venv_39/lib/python3.11/site-packages/airflow/example_dags/example_latest_only_with_trigger.py
[2025-10-25T16:31:58.656+0200] {processor.py:840} INFO - DAG(s) 'latest_only_with_trigger' retrieved from /Users/youssefdaaloul/venv/dbt_snowflake/airflow_venv_39/lib/python3.11/site-packages/airflow/example_dags/example_latest_only_with_trigger.py
[2025-10-25T16:31:58.723+0200] {logging_mixin.py:188} INFO - [2025-10-25T16:31:58.723+0200] {dag.py:3036} INFO - Sync 1 DAGs
[2025-10-25T16:31:58.731+0200] {logging_mixin.py:188} INFO - [2025-10-25T16:31:58.730+0200] {dag.py:3823} INFO - Setting next_dagrun for latest_only_with_trigger to 2025-10-25 08:00:00+00:00, run_after=2025-10-25 12:00:00+00:00
[2025-10-25T16:31:58.739+0200] {processor.py:183} INFO - Processing /Users/youssefdaaloul/venv/dbt_snowflake/airflow_venv_39/lib/python3.11/site-packages/airflow/example_dags/example_latest_only_with_trigger.py took 0.087 seconds
[2025-10-25T16:33:56.465+0200] {processor.py:161} INFO - Started process (PID=72707) to work on /Users/youssefdaaloul/venv/dbt_snowflake/airflow_venv_39/lib/python3.11/site-packages/airflow/example_dags/example_latest_only_with_trigger.py
[2025-10-25T16:33:56.465+0200] {processor.py:830} INFO - Processing file /Users/youssefdaaloul/venv/dbt_snowflake/airflow_venv_39/lib/python3.11/site-packages/airflow/example_dags/example_latest_only_with_trigger.py for tasks to queue
[2025-10-25T16:33:56.466+0200] {logging_mixin.py:188} INFO - [2025-10-25T16:33:56.466+0200] {dagbag.py:538} INFO - Filling up the DagBag from /Users/youssefdaaloul/venv/dbt_snowflake/airflow_venv_39/lib/python3.11/site-packages/airflow/example_dags/example_latest_only_with_trigger.py
[2025-10-25T16:33:56.470+0200] {processor.py:840} INFO - DAG(s) 'latest_only_with_trigger' retrieved from /Users/youssefdaaloul/venv/dbt_snowflake/airflow_venv_39/lib/python3.11/site-packages/airflow/example_dags/example_latest_only_with_trigger.py
[2025-10-25T16:33:56.532+0200] {logging_mixin.py:188} INFO - [2025-10-25T16:33:56.531+0200] {dag.py:3036} INFO - Sync 1 DAGs
[2025-10-25T16:33:56.538+0200] {logging_mixin.py:188} INFO - [2025-10-25T16:33:56.538+0200] {dag.py:3823} INFO - Setting next_dagrun for latest_only_with_trigger to 2025-10-25 08:00:00+00:00, run_after=2025-10-25 12:00:00+00:00
[2025-10-25T16:33:56.545+0200] {processor.py:183} INFO - Processing /Users/youssefdaaloul/venv/dbt_snowflake/airflow_venv_39/lib/python3.11/site-packages/airflow/example_dags/example_latest_only_with_trigger.py took 0.081 seconds
[2025-10-25T16:35:54.745+0200] {processor.py:161} INFO - Started process (PID=72866) to work on /Users/youssefdaaloul/venv/dbt_snowflake/airflow_venv_39/lib/python3.11/site-packages/airflow/example_dags/example_latest_only_with_trigger.py
[2025-10-25T16:35:54.746+0200] {processor.py:830} INFO - Processing file /Users/youssefdaaloul/venv/dbt_snowflake/airflow_venv_39/lib/python3.11/site-packages/airflow/example_dags/example_latest_only_with_trigger.py for tasks to queue
[2025-10-25T16:35:54.746+0200] {logging_mixin.py:188} INFO - [2025-10-25T16:35:54.746+0200] {dagbag.py:538} INFO - Filling up the DagBag from /Users/youssefdaaloul/venv/dbt_snowflake/airflow_venv_39/lib/python3.11/site-packages/airflow/example_dags/example_latest_only_with_trigger.py
[2025-10-25T16:35:54.749+0200] {processor.py:840} INFO - DAG(s) 'latest_only_with_trigger' retrieved from /Users/youssefdaaloul/venv/dbt_snowflake/airflow_venv_39/lib/python3.11/site-packages/airflow/example_dags/example_latest_only_with_trigger.py
[2025-10-25T16:35:54.809+0200] {logging_mixin.py:188} INFO - [2025-10-25T16:35:54.809+0200] {dag.py:3036} INFO - Sync 1 DAGs
[2025-10-25T16:35:54.815+0200] {logging_mixin.py:188} INFO - [2025-10-25T16:35:54.815+0200] {dag.py:3823} INFO - Setting next_dagrun for latest_only_with_trigger to 2025-10-25 08:00:00+00:00, run_after=2025-10-25 12:00:00+00:00
[2025-10-25T16:35:54.822+0200] {processor.py:183} INFO - Processing /Users/youssefdaaloul/venv/dbt_snowflake/airflow_venv_39/lib/python3.11/site-packages/airflow/example_dags/example_latest_only_with_trigger.py took 0.077 seconds
