[2025-10-25T16:08:41.481+0200] {processor.py:161} INFO - Started process (PID=71205) to work on /Users/youssefdaaloul/venv/dbt_snowflake/airflow_venv_39/lib/python3.11/site-packages/airflow/example_dags/example_task_group_decorator.py
[2025-10-25T16:08:41.481+0200] {processor.py:830} INFO - Processing file /Users/youssefdaaloul/venv/dbt_snowflake/airflow_venv_39/lib/python3.11/site-packages/airflow/example_dags/example_task_group_decorator.py for tasks to queue
[2025-10-25T16:08:41.482+0200] {logging_mixin.py:188} INFO - [2025-10-25T16:08:41.481+0200] {dagbag.py:538} INFO - Filling up the DagBag from /Users/youssefdaaloul/venv/dbt_snowflake/airflow_venv_39/lib/python3.11/site-packages/airflow/example_dags/example_task_group_decorator.py
[2025-10-25T16:08:41.499+0200] {processor.py:840} INFO - DAG(s) 'example_task_group_decorator' retrieved from /Users/youssefdaaloul/venv/dbt_snowflake/airflow_venv_39/lib/python3.11/site-packages/airflow/example_dags/example_task_group_decorator.py
[2025-10-25T16:08:41.590+0200] {logging_mixin.py:188} INFO - [2025-10-25T16:08:41.590+0200] {dag.py:3036} INFO - Sync 1 DAGs
[2025-10-25T16:08:41.597+0200] {logging_mixin.py:188} INFO - [2025-10-25T16:08:41.597+0200] {dag.py:3823} INFO - Setting next_dagrun for example_task_group_decorator to 2025-10-24 00:00:00+00:00, run_after=2025-10-25 00:00:00+00:00
[2025-10-25T16:08:41.605+0200] {processor.py:183} INFO - Processing /Users/youssefdaaloul/venv/dbt_snowflake/airflow_venv_39/lib/python3.11/site-packages/airflow/example_dags/example_task_group_decorator.py took 0.125 seconds
[2025-10-25T16:10:12.329+0200] {processor.py:161} INFO - Started process (PID=71282) to work on /Users/youssefdaaloul/venv/dbt_snowflake/airflow_venv_39/lib/python3.11/site-packages/airflow/example_dags/example_task_group_decorator.py
[2025-10-25T16:10:12.330+0200] {processor.py:830} INFO - Processing file /Users/youssefdaaloul/venv/dbt_snowflake/airflow_venv_39/lib/python3.11/site-packages/airflow/example_dags/example_task_group_decorator.py for tasks to queue
[2025-10-25T16:10:12.330+0200] {logging_mixin.py:188} INFO - [2025-10-25T16:10:12.330+0200] {dagbag.py:538} INFO - Filling up the DagBag from /Users/youssefdaaloul/venv/dbt_snowflake/airflow_venv_39/lib/python3.11/site-packages/airflow/example_dags/example_task_group_decorator.py
[2025-10-25T16:10:12.362+0200] {processor.py:840} INFO - DAG(s) 'example_task_group_decorator' retrieved from /Users/youssefdaaloul/venv/dbt_snowflake/airflow_venv_39/lib/python3.11/site-packages/airflow/example_dags/example_task_group_decorator.py
[2025-10-25T16:10:12.427+0200] {logging_mixin.py:188} INFO - [2025-10-25T16:10:12.427+0200] {dag.py:3036} INFO - Sync 1 DAGs
[2025-10-25T16:10:12.435+0200] {logging_mixin.py:188} INFO - [2025-10-25T16:10:12.435+0200] {dag.py:3823} INFO - Setting next_dagrun for example_task_group_decorator to 2025-10-24 00:00:00+00:00, run_after=2025-10-25 00:00:00+00:00
[2025-10-25T16:10:12.443+0200] {processor.py:183} INFO - Processing /Users/youssefdaaloul/venv/dbt_snowflake/airflow_venv_39/lib/python3.11/site-packages/airflow/example_dags/example_task_group_decorator.py took 0.115 seconds
[2025-10-25T16:11:12.132+0200] {processor.py:161} INFO - Started process (PID=71340) to work on /Users/youssefdaaloul/venv/dbt_snowflake/airflow_venv_39/lib/python3.11/site-packages/airflow/example_dags/example_task_group_decorator.py
[2025-10-25T16:11:12.133+0200] {processor.py:830} INFO - Processing file /Users/youssefdaaloul/venv/dbt_snowflake/airflow_venv_39/lib/python3.11/site-packages/airflow/example_dags/example_task_group_decorator.py for tasks to queue
[2025-10-25T16:11:12.133+0200] {logging_mixin.py:188} INFO - [2025-10-25T16:11:12.133+0200] {dagbag.py:538} INFO - Filling up the DagBag from /Users/youssefdaaloul/venv/dbt_snowflake/airflow_venv_39/lib/python3.11/site-packages/airflow/example_dags/example_task_group_decorator.py
[2025-10-25T16:11:12.153+0200] {processor.py:840} INFO - DAG(s) 'example_task_group_decorator' retrieved from /Users/youssefdaaloul/venv/dbt_snowflake/airflow_venv_39/lib/python3.11/site-packages/airflow/example_dags/example_task_group_decorator.py
[2025-10-25T16:11:12.214+0200] {logging_mixin.py:188} INFO - [2025-10-25T16:11:12.214+0200] {dag.py:3036} INFO - Sync 1 DAGs
[2025-10-25T16:11:12.221+0200] {logging_mixin.py:188} INFO - [2025-10-25T16:11:12.221+0200] {dag.py:3823} INFO - Setting next_dagrun for example_task_group_decorator to 2025-10-24 00:00:00+00:00, run_after=2025-10-25 00:00:00+00:00
[2025-10-25T16:11:12.228+0200] {processor.py:183} INFO - Processing /Users/youssefdaaloul/venv/dbt_snowflake/airflow_venv_39/lib/python3.11/site-packages/airflow/example_dags/example_task_group_decorator.py took 0.096 seconds
[2025-10-25T16:12:10.951+0200] {processor.py:161} INFO - Started process (PID=71395) to work on /Users/youssefdaaloul/venv/dbt_snowflake/airflow_venv_39/lib/python3.11/site-packages/airflow/example_dags/example_task_group_decorator.py
[2025-10-25T16:12:10.951+0200] {processor.py:830} INFO - Processing file /Users/youssefdaaloul/venv/dbt_snowflake/airflow_venv_39/lib/python3.11/site-packages/airflow/example_dags/example_task_group_decorator.py for tasks to queue
[2025-10-25T16:12:10.952+0200] {logging_mixin.py:188} INFO - [2025-10-25T16:12:10.951+0200] {dagbag.py:538} INFO - Filling up the DagBag from /Users/youssefdaaloul/venv/dbt_snowflake/airflow_venv_39/lib/python3.11/site-packages/airflow/example_dags/example_task_group_decorator.py
[2025-10-25T16:12:10.972+0200] {processor.py:840} INFO - DAG(s) 'example_task_group_decorator' retrieved from /Users/youssefdaaloul/venv/dbt_snowflake/airflow_venv_39/lib/python3.11/site-packages/airflow/example_dags/example_task_group_decorator.py
[2025-10-25T16:12:11.033+0200] {logging_mixin.py:188} INFO - [2025-10-25T16:12:11.032+0200] {dag.py:3036} INFO - Sync 1 DAGs
[2025-10-25T16:12:11.040+0200] {logging_mixin.py:188} INFO - [2025-10-25T16:12:11.040+0200] {dag.py:3823} INFO - Setting next_dagrun for example_task_group_decorator to 2025-10-24 00:00:00+00:00, run_after=2025-10-25 00:00:00+00:00
[2025-10-25T16:12:11.047+0200] {processor.py:183} INFO - Processing /Users/youssefdaaloul/venv/dbt_snowflake/airflow_venv_39/lib/python3.11/site-packages/airflow/example_dags/example_task_group_decorator.py took 0.097 seconds
[2025-10-25T16:13:08.087+0200] {processor.py:161} INFO - Started process (PID=71443) to work on /Users/youssefdaaloul/venv/dbt_snowflake/airflow_venv_39/lib/python3.11/site-packages/airflow/example_dags/example_task_group_decorator.py
[2025-10-25T16:13:08.089+0200] {processor.py:830} INFO - Processing file /Users/youssefdaaloul/venv/dbt_snowflake/airflow_venv_39/lib/python3.11/site-packages/airflow/example_dags/example_task_group_decorator.py for tasks to queue
[2025-10-25T16:13:08.089+0200] {logging_mixin.py:188} INFO - [2025-10-25T16:13:08.089+0200] {dagbag.py:538} INFO - Filling up the DagBag from /Users/youssefdaaloul/venv/dbt_snowflake/airflow_venv_39/lib/python3.11/site-packages/airflow/example_dags/example_task_group_decorator.py
[2025-10-25T16:13:08.109+0200] {processor.py:840} INFO - DAG(s) 'example_task_group_decorator' retrieved from /Users/youssefdaaloul/venv/dbt_snowflake/airflow_venv_39/lib/python3.11/site-packages/airflow/example_dags/example_task_group_decorator.py
[2025-10-25T16:13:08.178+0200] {logging_mixin.py:188} INFO - [2025-10-25T16:13:08.178+0200] {dag.py:3036} INFO - Sync 1 DAGs
[2025-10-25T16:13:08.187+0200] {logging_mixin.py:188} INFO - [2025-10-25T16:13:08.186+0200] {dag.py:3823} INFO - Setting next_dagrun for example_task_group_decorator to 2025-10-24 00:00:00+00:00, run_after=2025-10-25 00:00:00+00:00
[2025-10-25T16:13:08.194+0200] {processor.py:183} INFO - Processing /Users/youssefdaaloul/venv/dbt_snowflake/airflow_venv_39/lib/python3.11/site-packages/airflow/example_dags/example_task_group_decorator.py took 0.107 seconds
[2025-10-25T16:14:08.994+0200] {processor.py:161} INFO - Started process (PID=71496) to work on /Users/youssefdaaloul/venv/dbt_snowflake/airflow_venv_39/lib/python3.11/site-packages/airflow/example_dags/example_task_group_decorator.py
[2025-10-25T16:14:08.995+0200] {processor.py:830} INFO - Processing file /Users/youssefdaaloul/venv/dbt_snowflake/airflow_venv_39/lib/python3.11/site-packages/airflow/example_dags/example_task_group_decorator.py for tasks to queue
[2025-10-25T16:14:08.995+0200] {logging_mixin.py:188} INFO - [2025-10-25T16:14:08.995+0200] {dagbag.py:538} INFO - Filling up the DagBag from /Users/youssefdaaloul/venv/dbt_snowflake/airflow_venv_39/lib/python3.11/site-packages/airflow/example_dags/example_task_group_decorator.py
[2025-10-25T16:14:09.019+0200] {processor.py:840} INFO - DAG(s) 'example_task_group_decorator' retrieved from /Users/youssefdaaloul/venv/dbt_snowflake/airflow_venv_39/lib/python3.11/site-packages/airflow/example_dags/example_task_group_decorator.py
[2025-10-25T16:14:09.095+0200] {logging_mixin.py:188} INFO - [2025-10-25T16:14:09.094+0200] {dag.py:3036} INFO - Sync 1 DAGs
[2025-10-25T16:14:09.103+0200] {logging_mixin.py:188} INFO - [2025-10-25T16:14:09.103+0200] {dag.py:3823} INFO - Setting next_dagrun for example_task_group_decorator to 2025-10-24 00:00:00+00:00, run_after=2025-10-25 00:00:00+00:00
[2025-10-25T16:14:09.120+0200] {processor.py:183} INFO - Processing /Users/youssefdaaloul/venv/dbt_snowflake/airflow_venv_39/lib/python3.11/site-packages/airflow/example_dags/example_task_group_decorator.py took 0.126 seconds
[2025-10-25T16:15:11.128+0200] {processor.py:161} INFO - Started process (PID=71554) to work on /Users/youssefdaaloul/venv/dbt_snowflake/airflow_venv_39/lib/python3.11/site-packages/airflow/example_dags/example_task_group_decorator.py
[2025-10-25T16:15:11.129+0200] {processor.py:830} INFO - Processing file /Users/youssefdaaloul/venv/dbt_snowflake/airflow_venv_39/lib/python3.11/site-packages/airflow/example_dags/example_task_group_decorator.py for tasks to queue
[2025-10-25T16:15:11.129+0200] {logging_mixin.py:188} INFO - [2025-10-25T16:15:11.129+0200] {dagbag.py:538} INFO - Filling up the DagBag from /Users/youssefdaaloul/venv/dbt_snowflake/airflow_venv_39/lib/python3.11/site-packages/airflow/example_dags/example_task_group_decorator.py
[2025-10-25T16:15:11.147+0200] {processor.py:840} INFO - DAG(s) 'example_task_group_decorator' retrieved from /Users/youssefdaaloul/venv/dbt_snowflake/airflow_venv_39/lib/python3.11/site-packages/airflow/example_dags/example_task_group_decorator.py
[2025-10-25T16:15:11.212+0200] {logging_mixin.py:188} INFO - [2025-10-25T16:15:11.211+0200] {dag.py:3036} INFO - Sync 1 DAGs
[2025-10-25T16:15:11.219+0200] {logging_mixin.py:188} INFO - [2025-10-25T16:15:11.219+0200] {dag.py:3823} INFO - Setting next_dagrun for example_task_group_decorator to 2025-10-24 00:00:00+00:00, run_after=2025-10-25 00:00:00+00:00
[2025-10-25T16:15:11.225+0200] {processor.py:183} INFO - Processing /Users/youssefdaaloul/venv/dbt_snowflake/airflow_venv_39/lib/python3.11/site-packages/airflow/example_dags/example_task_group_decorator.py took 0.098 seconds
[2025-10-25T16:16:12.488+0200] {processor.py:161} INFO - Started process (PID=71611) to work on /Users/youssefdaaloul/venv/dbt_snowflake/airflow_venv_39/lib/python3.11/site-packages/airflow/example_dags/example_task_group_decorator.py
[2025-10-25T16:16:12.489+0200] {processor.py:830} INFO - Processing file /Users/youssefdaaloul/venv/dbt_snowflake/airflow_venv_39/lib/python3.11/site-packages/airflow/example_dags/example_task_group_decorator.py for tasks to queue
[2025-10-25T16:16:12.489+0200] {logging_mixin.py:188} INFO - [2025-10-25T16:16:12.489+0200] {dagbag.py:538} INFO - Filling up the DagBag from /Users/youssefdaaloul/venv/dbt_snowflake/airflow_venv_39/lib/python3.11/site-packages/airflow/example_dags/example_task_group_decorator.py
[2025-10-25T16:16:12.510+0200] {processor.py:840} INFO - DAG(s) 'example_task_group_decorator' retrieved from /Users/youssefdaaloul/venv/dbt_snowflake/airflow_venv_39/lib/python3.11/site-packages/airflow/example_dags/example_task_group_decorator.py
[2025-10-25T16:16:12.576+0200] {logging_mixin.py:188} INFO - [2025-10-25T16:16:12.576+0200] {dag.py:3036} INFO - Sync 1 DAGs
[2025-10-25T16:16:12.583+0200] {logging_mixin.py:188} INFO - [2025-10-25T16:16:12.582+0200] {dag.py:3823} INFO - Setting next_dagrun for example_task_group_decorator to 2025-10-24 00:00:00+00:00, run_after=2025-10-25 00:00:00+00:00
[2025-10-25T16:16:12.590+0200] {processor.py:183} INFO - Processing /Users/youssefdaaloul/venv/dbt_snowflake/airflow_venv_39/lib/python3.11/site-packages/airflow/example_dags/example_task_group_decorator.py took 0.102 seconds
[2025-10-25T16:17:12.665+0200] {processor.py:161} INFO - Started process (PID=71653) to work on /Users/youssefdaaloul/venv/dbt_snowflake/airflow_venv_39/lib/python3.11/site-packages/airflow/example_dags/example_task_group_decorator.py
[2025-10-25T16:17:12.666+0200] {processor.py:830} INFO - Processing file /Users/youssefdaaloul/venv/dbt_snowflake/airflow_venv_39/lib/python3.11/site-packages/airflow/example_dags/example_task_group_decorator.py for tasks to queue
[2025-10-25T16:17:12.667+0200] {logging_mixin.py:188} INFO - [2025-10-25T16:17:12.667+0200] {dagbag.py:538} INFO - Filling up the DagBag from /Users/youssefdaaloul/venv/dbt_snowflake/airflow_venv_39/lib/python3.11/site-packages/airflow/example_dags/example_task_group_decorator.py
[2025-10-25T16:17:12.686+0200] {processor.py:840} INFO - DAG(s) 'example_task_group_decorator' retrieved from /Users/youssefdaaloul/venv/dbt_snowflake/airflow_venv_39/lib/python3.11/site-packages/airflow/example_dags/example_task_group_decorator.py
[2025-10-25T16:17:12.748+0200] {logging_mixin.py:188} INFO - [2025-10-25T16:17:12.748+0200] {dag.py:3036} INFO - Sync 1 DAGs
[2025-10-25T16:17:12.755+0200] {logging_mixin.py:188} INFO - [2025-10-25T16:17:12.755+0200] {dag.py:3823} INFO - Setting next_dagrun for example_task_group_decorator to 2025-10-24 00:00:00+00:00, run_after=2025-10-25 00:00:00+00:00
[2025-10-25T16:17:12.761+0200] {processor.py:183} INFO - Processing /Users/youssefdaaloul/venv/dbt_snowflake/airflow_venv_39/lib/python3.11/site-packages/airflow/example_dags/example_task_group_decorator.py took 0.096 seconds
[2025-10-25T16:18:12.102+0200] {processor.py:161} INFO - Started process (PID=71708) to work on /Users/youssefdaaloul/venv/dbt_snowflake/airflow_venv_39/lib/python3.11/site-packages/airflow/example_dags/example_task_group_decorator.py
[2025-10-25T16:18:12.102+0200] {processor.py:830} INFO - Processing file /Users/youssefdaaloul/venv/dbt_snowflake/airflow_venv_39/lib/python3.11/site-packages/airflow/example_dags/example_task_group_decorator.py for tasks to queue
[2025-10-25T16:18:12.103+0200] {logging_mixin.py:188} INFO - [2025-10-25T16:18:12.103+0200] {dagbag.py:538} INFO - Filling up the DagBag from /Users/youssefdaaloul/venv/dbt_snowflake/airflow_venv_39/lib/python3.11/site-packages/airflow/example_dags/example_task_group_decorator.py
[2025-10-25T16:18:12.120+0200] {processor.py:840} INFO - DAG(s) 'example_task_group_decorator' retrieved from /Users/youssefdaaloul/venv/dbt_snowflake/airflow_venv_39/lib/python3.11/site-packages/airflow/example_dags/example_task_group_decorator.py
[2025-10-25T16:18:12.182+0200] {logging_mixin.py:188} INFO - [2025-10-25T16:18:12.182+0200] {dag.py:3036} INFO - Sync 1 DAGs
[2025-10-25T16:18:12.189+0200] {logging_mixin.py:188} INFO - [2025-10-25T16:18:12.189+0200] {dag.py:3823} INFO - Setting next_dagrun for example_task_group_decorator to 2025-10-24 00:00:00+00:00, run_after=2025-10-25 00:00:00+00:00
[2025-10-25T16:18:12.195+0200] {processor.py:183} INFO - Processing /Users/youssefdaaloul/venv/dbt_snowflake/airflow_venv_39/lib/python3.11/site-packages/airflow/example_dags/example_task_group_decorator.py took 0.094 seconds
[2025-10-25T16:19:12.145+0200] {processor.py:161} INFO - Started process (PID=71763) to work on /Users/youssefdaaloul/venv/dbt_snowflake/airflow_venv_39/lib/python3.11/site-packages/airflow/example_dags/example_task_group_decorator.py
[2025-10-25T16:19:12.145+0200] {processor.py:830} INFO - Processing file /Users/youssefdaaloul/venv/dbt_snowflake/airflow_venv_39/lib/python3.11/site-packages/airflow/example_dags/example_task_group_decorator.py for tasks to queue
[2025-10-25T16:19:12.146+0200] {logging_mixin.py:188} INFO - [2025-10-25T16:19:12.146+0200] {dagbag.py:538} INFO - Filling up the DagBag from /Users/youssefdaaloul/venv/dbt_snowflake/airflow_venv_39/lib/python3.11/site-packages/airflow/example_dags/example_task_group_decorator.py
[2025-10-25T16:19:12.164+0200] {processor.py:840} INFO - DAG(s) 'example_task_group_decorator' retrieved from /Users/youssefdaaloul/venv/dbt_snowflake/airflow_venv_39/lib/python3.11/site-packages/airflow/example_dags/example_task_group_decorator.py
[2025-10-25T16:19:12.230+0200] {logging_mixin.py:188} INFO - [2025-10-25T16:19:12.230+0200] {dag.py:3036} INFO - Sync 1 DAGs
[2025-10-25T16:19:12.237+0200] {logging_mixin.py:188} INFO - [2025-10-25T16:19:12.237+0200] {dag.py:3823} INFO - Setting next_dagrun for example_task_group_decorator to 2025-10-24 00:00:00+00:00, run_after=2025-10-25 00:00:00+00:00
[2025-10-25T16:19:12.245+0200] {processor.py:183} INFO - Processing /Users/youssefdaaloul/venv/dbt_snowflake/airflow_venv_39/lib/python3.11/site-packages/airflow/example_dags/example_task_group_decorator.py took 0.100 seconds
[2025-10-25T16:20:18.852+0200] {processor.py:161} INFO - Started process (PID=71821) to work on /Users/youssefdaaloul/venv/dbt_snowflake/airflow_venv_39/lib/python3.11/site-packages/airflow/example_dags/example_task_group_decorator.py
[2025-10-25T16:20:18.853+0200] {processor.py:830} INFO - Processing file /Users/youssefdaaloul/venv/dbt_snowflake/airflow_venv_39/lib/python3.11/site-packages/airflow/example_dags/example_task_group_decorator.py for tasks to queue
[2025-10-25T16:20:18.853+0200] {logging_mixin.py:188} INFO - [2025-10-25T16:20:18.853+0200] {dagbag.py:538} INFO - Filling up the DagBag from /Users/youssefdaaloul/venv/dbt_snowflake/airflow_venv_39/lib/python3.11/site-packages/airflow/example_dags/example_task_group_decorator.py
[2025-10-25T16:20:18.873+0200] {processor.py:840} INFO - DAG(s) 'example_task_group_decorator' retrieved from /Users/youssefdaaloul/venv/dbt_snowflake/airflow_venv_39/lib/python3.11/site-packages/airflow/example_dags/example_task_group_decorator.py
[2025-10-25T16:20:18.934+0200] {logging_mixin.py:188} INFO - [2025-10-25T16:20:18.934+0200] {dag.py:3036} INFO - Sync 1 DAGs
[2025-10-25T16:20:18.941+0200] {logging_mixin.py:188} INFO - [2025-10-25T16:20:18.941+0200] {dag.py:3823} INFO - Setting next_dagrun for example_task_group_decorator to 2025-10-24 00:00:00+00:00, run_after=2025-10-25 00:00:00+00:00
[2025-10-25T16:20:18.947+0200] {processor.py:183} INFO - Processing /Users/youssefdaaloul/venv/dbt_snowflake/airflow_venv_39/lib/python3.11/site-packages/airflow/example_dags/example_task_group_decorator.py took 0.096 seconds
[2025-10-25T16:21:18.947+0200] {processor.py:161} INFO - Started process (PID=71885) to work on /Users/youssefdaaloul/venv/dbt_snowflake/airflow_venv_39/lib/python3.11/site-packages/airflow/example_dags/example_task_group_decorator.py
[2025-10-25T16:21:18.948+0200] {processor.py:830} INFO - Processing file /Users/youssefdaaloul/venv/dbt_snowflake/airflow_venv_39/lib/python3.11/site-packages/airflow/example_dags/example_task_group_decorator.py for tasks to queue
[2025-10-25T16:21:18.948+0200] {logging_mixin.py:188} INFO - [2025-10-25T16:21:18.948+0200] {dagbag.py:538} INFO - Filling up the DagBag from /Users/youssefdaaloul/venv/dbt_snowflake/airflow_venv_39/lib/python3.11/site-packages/airflow/example_dags/example_task_group_decorator.py
[2025-10-25T16:21:18.966+0200] {processor.py:840} INFO - DAG(s) 'example_task_group_decorator' retrieved from /Users/youssefdaaloul/venv/dbt_snowflake/airflow_venv_39/lib/python3.11/site-packages/airflow/example_dags/example_task_group_decorator.py
[2025-10-25T16:21:19.026+0200] {logging_mixin.py:188} INFO - [2025-10-25T16:21:19.026+0200] {dag.py:3036} INFO - Sync 1 DAGs
[2025-10-25T16:21:19.033+0200] {logging_mixin.py:188} INFO - [2025-10-25T16:21:19.033+0200] {dag.py:3823} INFO - Setting next_dagrun for example_task_group_decorator to 2025-10-24 00:00:00+00:00, run_after=2025-10-25 00:00:00+00:00
[2025-10-25T16:21:19.040+0200] {processor.py:183} INFO - Processing /Users/youssefdaaloul/venv/dbt_snowflake/airflow_venv_39/lib/python3.11/site-packages/airflow/example_dags/example_task_group_decorator.py took 0.093 seconds
[2025-10-25T16:23:03.548+0200] {processor.py:161} INFO - Started process (PID=71981) to work on /Users/youssefdaaloul/venv/dbt_snowflake/airflow_venv_39/lib/python3.11/site-packages/airflow/example_dags/example_task_group_decorator.py
[2025-10-25T16:23:03.549+0200] {processor.py:830} INFO - Processing file /Users/youssefdaaloul/venv/dbt_snowflake/airflow_venv_39/lib/python3.11/site-packages/airflow/example_dags/example_task_group_decorator.py for tasks to queue
[2025-10-25T16:23:03.549+0200] {logging_mixin.py:188} INFO - [2025-10-25T16:23:03.549+0200] {dagbag.py:538} INFO - Filling up the DagBag from /Users/youssefdaaloul/venv/dbt_snowflake/airflow_venv_39/lib/python3.11/site-packages/airflow/example_dags/example_task_group_decorator.py
[2025-10-25T16:23:03.567+0200] {processor.py:840} INFO - DAG(s) 'example_task_group_decorator' retrieved from /Users/youssefdaaloul/venv/dbt_snowflake/airflow_venv_39/lib/python3.11/site-packages/airflow/example_dags/example_task_group_decorator.py
[2025-10-25T16:23:03.625+0200] {logging_mixin.py:188} INFO - [2025-10-25T16:23:03.625+0200] {dag.py:3036} INFO - Sync 1 DAGs
[2025-10-25T16:23:03.632+0200] {logging_mixin.py:188} INFO - [2025-10-25T16:23:03.632+0200] {dag.py:3823} INFO - Setting next_dagrun for example_task_group_decorator to 2025-10-24 00:00:00+00:00, run_after=2025-10-25 00:00:00+00:00
[2025-10-25T16:23:03.639+0200] {processor.py:183} INFO - Processing /Users/youssefdaaloul/venv/dbt_snowflake/airflow_venv_39/lib/python3.11/site-packages/airflow/example_dags/example_task_group_decorator.py took 0.091 seconds
[2025-10-25T16:24:54.764+0200] {processor.py:161} INFO - Started process (PID=72087) to work on /Users/youssefdaaloul/venv/dbt_snowflake/airflow_venv_39/lib/python3.11/site-packages/airflow/example_dags/example_task_group_decorator.py
[2025-10-25T16:24:54.764+0200] {processor.py:830} INFO - Processing file /Users/youssefdaaloul/venv/dbt_snowflake/airflow_venv_39/lib/python3.11/site-packages/airflow/example_dags/example_task_group_decorator.py for tasks to queue
[2025-10-25T16:24:54.765+0200] {logging_mixin.py:188} INFO - [2025-10-25T16:24:54.765+0200] {dagbag.py:538} INFO - Filling up the DagBag from /Users/youssefdaaloul/venv/dbt_snowflake/airflow_venv_39/lib/python3.11/site-packages/airflow/example_dags/example_task_group_decorator.py
[2025-10-25T16:24:54.783+0200] {processor.py:840} INFO - DAG(s) 'example_task_group_decorator' retrieved from /Users/youssefdaaloul/venv/dbt_snowflake/airflow_venv_39/lib/python3.11/site-packages/airflow/example_dags/example_task_group_decorator.py
[2025-10-25T16:24:54.843+0200] {logging_mixin.py:188} INFO - [2025-10-25T16:24:54.843+0200] {dag.py:3036} INFO - Sync 1 DAGs
[2025-10-25T16:24:54.850+0200] {logging_mixin.py:188} INFO - [2025-10-25T16:24:54.850+0200] {dag.py:3823} INFO - Setting next_dagrun for example_task_group_decorator to 2025-10-24 00:00:00+00:00, run_after=2025-10-25 00:00:00+00:00
[2025-10-25T16:24:54.856+0200] {processor.py:183} INFO - Processing /Users/youssefdaaloul/venv/dbt_snowflake/airflow_venv_39/lib/python3.11/site-packages/airflow/example_dags/example_task_group_decorator.py took 0.093 seconds
[2025-10-25T16:26:40.994+0200] {processor.py:161} INFO - Started process (PID=72200) to work on /Users/youssefdaaloul/venv/dbt_snowflake/airflow_venv_39/lib/python3.11/site-packages/airflow/example_dags/example_task_group_decorator.py
[2025-10-25T16:26:40.995+0200] {processor.py:830} INFO - Processing file /Users/youssefdaaloul/venv/dbt_snowflake/airflow_venv_39/lib/python3.11/site-packages/airflow/example_dags/example_task_group_decorator.py for tasks to queue
[2025-10-25T16:26:40.995+0200] {logging_mixin.py:188} INFO - [2025-10-25T16:26:40.995+0200] {dagbag.py:538} INFO - Filling up the DagBag from /Users/youssefdaaloul/venv/dbt_snowflake/airflow_venv_39/lib/python3.11/site-packages/airflow/example_dags/example_task_group_decorator.py
[2025-10-25T16:26:41.012+0200] {processor.py:840} INFO - DAG(s) 'example_task_group_decorator' retrieved from /Users/youssefdaaloul/venv/dbt_snowflake/airflow_venv_39/lib/python3.11/site-packages/airflow/example_dags/example_task_group_decorator.py
[2025-10-25T16:26:41.071+0200] {logging_mixin.py:188} INFO - [2025-10-25T16:26:41.070+0200] {dag.py:3036} INFO - Sync 1 DAGs
[2025-10-25T16:26:41.076+0200] {logging_mixin.py:188} INFO - [2025-10-25T16:26:41.076+0200] {dag.py:3823} INFO - Setting next_dagrun for example_task_group_decorator to 2025-10-24 00:00:00+00:00, run_after=2025-10-25 00:00:00+00:00
[2025-10-25T16:26:41.083+0200] {processor.py:183} INFO - Processing /Users/youssefdaaloul/venv/dbt_snowflake/airflow_venv_39/lib/python3.11/site-packages/airflow/example_dags/example_task_group_decorator.py took 0.089 seconds
[2025-10-25T16:28:34.817+0200] {processor.py:161} INFO - Started process (PID=72317) to work on /Users/youssefdaaloul/venv/dbt_snowflake/airflow_venv_39/lib/python3.11/site-packages/airflow/example_dags/example_task_group_decorator.py
[2025-10-25T16:28:34.818+0200] {processor.py:830} INFO - Processing file /Users/youssefdaaloul/venv/dbt_snowflake/airflow_venv_39/lib/python3.11/site-packages/airflow/example_dags/example_task_group_decorator.py for tasks to queue
[2025-10-25T16:28:34.818+0200] {logging_mixin.py:188} INFO - [2025-10-25T16:28:34.818+0200] {dagbag.py:538} INFO - Filling up the DagBag from /Users/youssefdaaloul/venv/dbt_snowflake/airflow_venv_39/lib/python3.11/site-packages/airflow/example_dags/example_task_group_decorator.py
[2025-10-25T16:28:34.836+0200] {processor.py:840} INFO - DAG(s) 'example_task_group_decorator' retrieved from /Users/youssefdaaloul/venv/dbt_snowflake/airflow_venv_39/lib/python3.11/site-packages/airflow/example_dags/example_task_group_decorator.py
[2025-10-25T16:28:34.897+0200] {logging_mixin.py:188} INFO - [2025-10-25T16:28:34.897+0200] {dag.py:3036} INFO - Sync 1 DAGs
[2025-10-25T16:28:34.905+0200] {logging_mixin.py:188} INFO - [2025-10-25T16:28:34.905+0200] {dag.py:3823} INFO - Setting next_dagrun for example_task_group_decorator to 2025-10-24 00:00:00+00:00, run_after=2025-10-25 00:00:00+00:00
[2025-10-25T16:28:34.912+0200] {processor.py:183} INFO - Processing /Users/youssefdaaloul/venv/dbt_snowflake/airflow_venv_39/lib/python3.11/site-packages/airflow/example_dags/example_task_group_decorator.py took 0.095 seconds
[2025-10-25T16:29:35.098+0200] {processor.py:161} INFO - Started process (PID=72370) to work on /Users/youssefdaaloul/venv/dbt_snowflake/airflow_venv_39/lib/python3.11/site-packages/airflow/example_dags/example_task_group_decorator.py
[2025-10-25T16:29:35.099+0200] {processor.py:830} INFO - Processing file /Users/youssefdaaloul/venv/dbt_snowflake/airflow_venv_39/lib/python3.11/site-packages/airflow/example_dags/example_task_group_decorator.py for tasks to queue
[2025-10-25T16:29:35.099+0200] {logging_mixin.py:188} INFO - [2025-10-25T16:29:35.099+0200] {dagbag.py:538} INFO - Filling up the DagBag from /Users/youssefdaaloul/venv/dbt_snowflake/airflow_venv_39/lib/python3.11/site-packages/airflow/example_dags/example_task_group_decorator.py
[2025-10-25T16:29:35.117+0200] {processor.py:840} INFO - DAG(s) 'example_task_group_decorator' retrieved from /Users/youssefdaaloul/venv/dbt_snowflake/airflow_venv_39/lib/python3.11/site-packages/airflow/example_dags/example_task_group_decorator.py
[2025-10-25T16:29:35.178+0200] {logging_mixin.py:188} INFO - [2025-10-25T16:29:35.178+0200] {dag.py:3036} INFO - Sync 1 DAGs
[2025-10-25T16:29:35.186+0200] {logging_mixin.py:188} INFO - [2025-10-25T16:29:35.186+0200] {dag.py:3823} INFO - Setting next_dagrun for example_task_group_decorator to 2025-10-24 00:00:00+00:00, run_after=2025-10-25 00:00:00+00:00
[2025-10-25T16:29:35.194+0200] {processor.py:183} INFO - Processing /Users/youssefdaaloul/venv/dbt_snowflake/airflow_venv_39/lib/python3.11/site-packages/airflow/example_dags/example_task_group_decorator.py took 0.096 seconds
[2025-10-25T16:30:33.964+0200] {processor.py:161} INFO - Started process (PID=72436) to work on /Users/youssefdaaloul/venv/dbt_snowflake/airflow_venv_39/lib/python3.11/site-packages/airflow/example_dags/example_task_group_decorator.py
[2025-10-25T16:30:33.965+0200] {processor.py:830} INFO - Processing file /Users/youssefdaaloul/venv/dbt_snowflake/airflow_venv_39/lib/python3.11/site-packages/airflow/example_dags/example_task_group_decorator.py for tasks to queue
[2025-10-25T16:30:33.966+0200] {logging_mixin.py:188} INFO - [2025-10-25T16:30:33.965+0200] {dagbag.py:538} INFO - Filling up the DagBag from /Users/youssefdaaloul/venv/dbt_snowflake/airflow_venv_39/lib/python3.11/site-packages/airflow/example_dags/example_task_group_decorator.py
[2025-10-25T16:30:33.982+0200] {processor.py:840} INFO - DAG(s) 'example_task_group_decorator' retrieved from /Users/youssefdaaloul/venv/dbt_snowflake/airflow_venv_39/lib/python3.11/site-packages/airflow/example_dags/example_task_group_decorator.py
[2025-10-25T16:30:34.039+0200] {logging_mixin.py:188} INFO - [2025-10-25T16:30:34.039+0200] {dag.py:3036} INFO - Sync 1 DAGs
[2025-10-25T16:30:34.046+0200] {logging_mixin.py:188} INFO - [2025-10-25T16:30:34.046+0200] {dag.py:3823} INFO - Setting next_dagrun for example_task_group_decorator to 2025-10-24 00:00:00+00:00, run_after=2025-10-25 00:00:00+00:00
[2025-10-25T16:30:34.052+0200] {processor.py:183} INFO - Processing /Users/youssefdaaloul/venv/dbt_snowflake/airflow_venv_39/lib/python3.11/site-packages/airflow/example_dags/example_task_group_decorator.py took 0.089 seconds
[2025-10-25T16:31:30.798+0200] {processor.py:161} INFO - Started process (PID=72542) to work on /Users/youssefdaaloul/venv/dbt_snowflake/airflow_venv_39/lib/python3.11/site-packages/airflow/example_dags/example_task_group_decorator.py
[2025-10-25T16:31:30.799+0200] {processor.py:830} INFO - Processing file /Users/youssefdaaloul/venv/dbt_snowflake/airflow_venv_39/lib/python3.11/site-packages/airflow/example_dags/example_task_group_decorator.py for tasks to queue
[2025-10-25T16:31:30.799+0200] {logging_mixin.py:188} INFO - [2025-10-25T16:31:30.799+0200] {dagbag.py:538} INFO - Filling up the DagBag from /Users/youssefdaaloul/venv/dbt_snowflake/airflow_venv_39/lib/python3.11/site-packages/airflow/example_dags/example_task_group_decorator.py
[2025-10-25T16:31:30.817+0200] {processor.py:840} INFO - DAG(s) 'example_task_group_decorator' retrieved from /Users/youssefdaaloul/venv/dbt_snowflake/airflow_venv_39/lib/python3.11/site-packages/airflow/example_dags/example_task_group_decorator.py
[2025-10-25T16:31:30.878+0200] {logging_mixin.py:188} INFO - [2025-10-25T16:31:30.877+0200] {dag.py:3036} INFO - Sync 1 DAGs
[2025-10-25T16:31:30.884+0200] {logging_mixin.py:188} INFO - [2025-10-25T16:31:30.884+0200] {dag.py:3823} INFO - Setting next_dagrun for example_task_group_decorator to 2025-10-24 00:00:00+00:00, run_after=2025-10-25 00:00:00+00:00
[2025-10-25T16:31:30.891+0200] {processor.py:183} INFO - Processing /Users/youssefdaaloul/venv/dbt_snowflake/airflow_venv_39/lib/python3.11/site-packages/airflow/example_dags/example_task_group_decorator.py took 0.093 seconds
[2025-10-25T16:33:26.281+0200] {processor.py:161} INFO - Started process (PID=72683) to work on /Users/youssefdaaloul/venv/dbt_snowflake/airflow_venv_39/lib/python3.11/site-packages/airflow/example_dags/example_task_group_decorator.py
[2025-10-25T16:33:26.282+0200] {processor.py:830} INFO - Processing file /Users/youssefdaaloul/venv/dbt_snowflake/airflow_venv_39/lib/python3.11/site-packages/airflow/example_dags/example_task_group_decorator.py for tasks to queue
[2025-10-25T16:33:26.282+0200] {logging_mixin.py:188} INFO - [2025-10-25T16:33:26.282+0200] {dagbag.py:538} INFO - Filling up the DagBag from /Users/youssefdaaloul/venv/dbt_snowflake/airflow_venv_39/lib/python3.11/site-packages/airflow/example_dags/example_task_group_decorator.py
[2025-10-25T16:33:26.300+0200] {processor.py:840} INFO - DAG(s) 'example_task_group_decorator' retrieved from /Users/youssefdaaloul/venv/dbt_snowflake/airflow_venv_39/lib/python3.11/site-packages/airflow/example_dags/example_task_group_decorator.py
[2025-10-25T16:33:26.368+0200] {logging_mixin.py:188} INFO - [2025-10-25T16:33:26.368+0200] {dag.py:3036} INFO - Sync 1 DAGs
[2025-10-25T16:33:26.375+0200] {logging_mixin.py:188} INFO - [2025-10-25T16:33:26.375+0200] {dag.py:3823} INFO - Setting next_dagrun for example_task_group_decorator to 2025-10-24 00:00:00+00:00, run_after=2025-10-25 00:00:00+00:00
[2025-10-25T16:33:26.382+0200] {processor.py:183} INFO - Processing /Users/youssefdaaloul/venv/dbt_snowflake/airflow_venv_39/lib/python3.11/site-packages/airflow/example_dags/example_task_group_decorator.py took 0.102 seconds
[2025-10-25T16:34:28.168+0200] {processor.py:161} INFO - Started process (PID=72750) to work on /Users/youssefdaaloul/venv/dbt_snowflake/airflow_venv_39/lib/python3.11/site-packages/airflow/example_dags/example_task_group_decorator.py
[2025-10-25T16:34:28.168+0200] {processor.py:830} INFO - Processing file /Users/youssefdaaloul/venv/dbt_snowflake/airflow_venv_39/lib/python3.11/site-packages/airflow/example_dags/example_task_group_decorator.py for tasks to queue
[2025-10-25T16:34:28.168+0200] {logging_mixin.py:188} INFO - [2025-10-25T16:34:28.168+0200] {dagbag.py:538} INFO - Filling up the DagBag from /Users/youssefdaaloul/venv/dbt_snowflake/airflow_venv_39/lib/python3.11/site-packages/airflow/example_dags/example_task_group_decorator.py
[2025-10-25T16:34:28.186+0200] {processor.py:840} INFO - DAG(s) 'example_task_group_decorator' retrieved from /Users/youssefdaaloul/venv/dbt_snowflake/airflow_venv_39/lib/python3.11/site-packages/airflow/example_dags/example_task_group_decorator.py
[2025-10-25T16:34:28.250+0200] {logging_mixin.py:188} INFO - [2025-10-25T16:34:28.250+0200] {dag.py:3036} INFO - Sync 1 DAGs
[2025-10-25T16:34:28.258+0200] {logging_mixin.py:188} INFO - [2025-10-25T16:34:28.258+0200] {dag.py:3823} INFO - Setting next_dagrun for example_task_group_decorator to 2025-10-24 00:00:00+00:00, run_after=2025-10-25 00:00:00+00:00
[2025-10-25T16:34:28.265+0200] {processor.py:183} INFO - Processing /Users/youssefdaaloul/venv/dbt_snowflake/airflow_venv_39/lib/python3.11/site-packages/airflow/example_dags/example_task_group_decorator.py took 0.098 seconds
[2025-10-25T16:36:24.569+0200] {processor.py:161} INFO - Started process (PID=72913) to work on /Users/youssefdaaloul/venv/dbt_snowflake/airflow_venv_39/lib/python3.11/site-packages/airflow/example_dags/example_task_group_decorator.py
[2025-10-25T16:36:24.570+0200] {processor.py:830} INFO - Processing file /Users/youssefdaaloul/venv/dbt_snowflake/airflow_venv_39/lib/python3.11/site-packages/airflow/example_dags/example_task_group_decorator.py for tasks to queue
[2025-10-25T16:36:24.570+0200] {logging_mixin.py:188} INFO - [2025-10-25T16:36:24.570+0200] {dagbag.py:538} INFO - Filling up the DagBag from /Users/youssefdaaloul/venv/dbt_snowflake/airflow_venv_39/lib/python3.11/site-packages/airflow/example_dags/example_task_group_decorator.py
[2025-10-25T16:36:24.587+0200] {processor.py:840} INFO - DAG(s) 'example_task_group_decorator' retrieved from /Users/youssefdaaloul/venv/dbt_snowflake/airflow_venv_39/lib/python3.11/site-packages/airflow/example_dags/example_task_group_decorator.py
[2025-10-25T16:36:24.646+0200] {logging_mixin.py:188} INFO - [2025-10-25T16:36:24.646+0200] {dag.py:3036} INFO - Sync 1 DAGs
[2025-10-25T16:36:24.653+0200] {logging_mixin.py:188} INFO - [2025-10-25T16:36:24.653+0200] {dag.py:3823} INFO - Setting next_dagrun for example_task_group_decorator to 2025-10-24 00:00:00+00:00, run_after=2025-10-25 00:00:00+00:00
[2025-10-25T16:36:24.660+0200] {processor.py:183} INFO - Processing /Users/youssefdaaloul/venv/dbt_snowflake/airflow_venv_39/lib/python3.11/site-packages/airflow/example_dags/example_task_group_decorator.py took 0.092 seconds
[2025-10-25T16:44:03.484+0200] {processor.py:161} INFO - Started process (PID=73864) to work on /Users/youssefdaaloul/venv/dbt_snowflake/airflow_venv_39/lib/python3.11/site-packages/airflow/example_dags/example_task_group_decorator.py
[2025-10-25T16:44:03.484+0200] {processor.py:830} INFO - Processing file /Users/youssefdaaloul/venv/dbt_snowflake/airflow_venv_39/lib/python3.11/site-packages/airflow/example_dags/example_task_group_decorator.py for tasks to queue
[2025-10-25T16:44:03.485+0200] {logging_mixin.py:188} INFO - [2025-10-25T16:44:03.485+0200] {dagbag.py:538} INFO - Filling up the DagBag from /Users/youssefdaaloul/venv/dbt_snowflake/airflow_venv_39/lib/python3.11/site-packages/airflow/example_dags/example_task_group_decorator.py
[2025-10-25T16:44:03.505+0200] {processor.py:840} INFO - DAG(s) 'example_task_group_decorator' retrieved from /Users/youssefdaaloul/venv/dbt_snowflake/airflow_venv_39/lib/python3.11/site-packages/airflow/example_dags/example_task_group_decorator.py
[2025-10-25T16:44:03.601+0200] {logging_mixin.py:188} INFO - [2025-10-25T16:44:03.601+0200] {dag.py:3036} INFO - Sync 1 DAGs
[2025-10-25T16:44:03.608+0200] {logging_mixin.py:188} INFO - [2025-10-25T16:44:03.608+0200] {dag.py:3823} INFO - Setting next_dagrun for example_task_group_decorator to 2025-10-24 00:00:00+00:00, run_after=2025-10-25 00:00:00+00:00
[2025-10-25T16:44:03.616+0200] {processor.py:183} INFO - Processing /Users/youssefdaaloul/venv/dbt_snowflake/airflow_venv_39/lib/python3.11/site-packages/airflow/example_dags/example_task_group_decorator.py took 0.133 seconds
[2025-10-25T16:45:00.776+0200] {processor.py:161} INFO - Started process (PID=73955) to work on /Users/youssefdaaloul/venv/dbt_snowflake/airflow_venv_39/lib/python3.11/site-packages/airflow/example_dags/example_task_group_decorator.py
[2025-10-25T16:45:00.777+0200] {processor.py:830} INFO - Processing file /Users/youssefdaaloul/venv/dbt_snowflake/airflow_venv_39/lib/python3.11/site-packages/airflow/example_dags/example_task_group_decorator.py for tasks to queue
[2025-10-25T16:45:00.777+0200] {logging_mixin.py:188} INFO - [2025-10-25T16:45:00.777+0200] {dagbag.py:538} INFO - Filling up the DagBag from /Users/youssefdaaloul/venv/dbt_snowflake/airflow_venv_39/lib/python3.11/site-packages/airflow/example_dags/example_task_group_decorator.py
[2025-10-25T16:45:00.794+0200] {processor.py:840} INFO - DAG(s) 'example_task_group_decorator' retrieved from /Users/youssefdaaloul/venv/dbt_snowflake/airflow_venv_39/lib/python3.11/site-packages/airflow/example_dags/example_task_group_decorator.py
[2025-10-25T16:45:00.852+0200] {logging_mixin.py:188} INFO - [2025-10-25T16:45:00.852+0200] {dag.py:3036} INFO - Sync 1 DAGs
[2025-10-25T16:45:00.858+0200] {logging_mixin.py:188} INFO - [2025-10-25T16:45:00.858+0200] {dag.py:3823} INFO - Setting next_dagrun for example_task_group_decorator to 2025-10-24 00:00:00+00:00, run_after=2025-10-25 00:00:00+00:00
[2025-10-25T16:45:00.865+0200] {processor.py:183} INFO - Processing /Users/youssefdaaloul/venv/dbt_snowflake/airflow_venv_39/lib/python3.11/site-packages/airflow/example_dags/example_task_group_decorator.py took 0.090 seconds
[2025-10-25T16:45:59.687+0200] {processor.py:161} INFO - Started process (PID=74007) to work on /Users/youssefdaaloul/venv/dbt_snowflake/airflow_venv_39/lib/python3.11/site-packages/airflow/example_dags/example_task_group_decorator.py
[2025-10-25T16:45:59.688+0200] {processor.py:830} INFO - Processing file /Users/youssefdaaloul/venv/dbt_snowflake/airflow_venv_39/lib/python3.11/site-packages/airflow/example_dags/example_task_group_decorator.py for tasks to queue
[2025-10-25T16:45:59.688+0200] {logging_mixin.py:188} INFO - [2025-10-25T16:45:59.688+0200] {dagbag.py:538} INFO - Filling up the DagBag from /Users/youssefdaaloul/venv/dbt_snowflake/airflow_venv_39/lib/python3.11/site-packages/airflow/example_dags/example_task_group_decorator.py
[2025-10-25T16:45:59.706+0200] {processor.py:840} INFO - DAG(s) 'example_task_group_decorator' retrieved from /Users/youssefdaaloul/venv/dbt_snowflake/airflow_venv_39/lib/python3.11/site-packages/airflow/example_dags/example_task_group_decorator.py
[2025-10-25T16:45:59.766+0200] {logging_mixin.py:188} INFO - [2025-10-25T16:45:59.766+0200] {dag.py:3036} INFO - Sync 1 DAGs
[2025-10-25T16:45:59.774+0200] {logging_mixin.py:188} INFO - [2025-10-25T16:45:59.774+0200] {dag.py:3823} INFO - Setting next_dagrun for example_task_group_decorator to 2025-10-24 00:00:00+00:00, run_after=2025-10-25 00:00:00+00:00
[2025-10-25T16:45:59.782+0200] {processor.py:183} INFO - Processing /Users/youssefdaaloul/venv/dbt_snowflake/airflow_venv_39/lib/python3.11/site-packages/airflow/example_dags/example_task_group_decorator.py took 0.096 seconds
[2025-10-25T16:46:59.334+0200] {processor.py:161} INFO - Started process (PID=74054) to work on /Users/youssefdaaloul/venv/dbt_snowflake/airflow_venv_39/lib/python3.11/site-packages/airflow/example_dags/example_task_group_decorator.py
[2025-10-25T16:46:59.335+0200] {processor.py:830} INFO - Processing file /Users/youssefdaaloul/venv/dbt_snowflake/airflow_venv_39/lib/python3.11/site-packages/airflow/example_dags/example_task_group_decorator.py for tasks to queue
[2025-10-25T16:46:59.335+0200] {logging_mixin.py:188} INFO - [2025-10-25T16:46:59.335+0200] {dagbag.py:538} INFO - Filling up the DagBag from /Users/youssefdaaloul/venv/dbt_snowflake/airflow_venv_39/lib/python3.11/site-packages/airflow/example_dags/example_task_group_decorator.py
[2025-10-25T16:46:59.355+0200] {processor.py:840} INFO - DAG(s) 'example_task_group_decorator' retrieved from /Users/youssefdaaloul/venv/dbt_snowflake/airflow_venv_39/lib/python3.11/site-packages/airflow/example_dags/example_task_group_decorator.py
[2025-10-25T16:46:59.413+0200] {logging_mixin.py:188} INFO - [2025-10-25T16:46:59.413+0200] {dag.py:3036} INFO - Sync 1 DAGs
[2025-10-25T16:46:59.420+0200] {logging_mixin.py:188} INFO - [2025-10-25T16:46:59.420+0200] {dag.py:3823} INFO - Setting next_dagrun for example_task_group_decorator to 2025-10-24 00:00:00+00:00, run_after=2025-10-25 00:00:00+00:00
[2025-10-25T16:46:59.426+0200] {processor.py:183} INFO - Processing /Users/youssefdaaloul/venv/dbt_snowflake/airflow_venv_39/lib/python3.11/site-packages/airflow/example_dags/example_task_group_decorator.py took 0.092 seconds
[2025-10-25T16:47:57.649+0200] {processor.py:161} INFO - Started process (PID=74099) to work on /Users/youssefdaaloul/venv/dbt_snowflake/airflow_venv_39/lib/python3.11/site-packages/airflow/example_dags/example_task_group_decorator.py
[2025-10-25T16:47:57.650+0200] {processor.py:830} INFO - Processing file /Users/youssefdaaloul/venv/dbt_snowflake/airflow_venv_39/lib/python3.11/site-packages/airflow/example_dags/example_task_group_decorator.py for tasks to queue
[2025-10-25T16:47:57.650+0200] {logging_mixin.py:188} INFO - [2025-10-25T16:47:57.650+0200] {dagbag.py:538} INFO - Filling up the DagBag from /Users/youssefdaaloul/venv/dbt_snowflake/airflow_venv_39/lib/python3.11/site-packages/airflow/example_dags/example_task_group_decorator.py
[2025-10-25T16:47:57.668+0200] {processor.py:840} INFO - DAG(s) 'example_task_group_decorator' retrieved from /Users/youssefdaaloul/venv/dbt_snowflake/airflow_venv_39/lib/python3.11/site-packages/airflow/example_dags/example_task_group_decorator.py
[2025-10-25T16:47:57.731+0200] {logging_mixin.py:188} INFO - [2025-10-25T16:47:57.731+0200] {dag.py:3036} INFO - Sync 1 DAGs
[2025-10-25T16:47:57.739+0200] {logging_mixin.py:188} INFO - [2025-10-25T16:47:57.738+0200] {dag.py:3823} INFO - Setting next_dagrun for example_task_group_decorator to 2025-10-24 00:00:00+00:00, run_after=2025-10-25 00:00:00+00:00
[2025-10-25T16:47:57.745+0200] {processor.py:183} INFO - Processing /Users/youssefdaaloul/venv/dbt_snowflake/airflow_venv_39/lib/python3.11/site-packages/airflow/example_dags/example_task_group_decorator.py took 0.097 seconds
[2025-10-25T16:49:46.959+0200] {processor.py:161} INFO - Started process (PID=74217) to work on /Users/youssefdaaloul/venv/dbt_snowflake/airflow_venv_39/lib/python3.11/site-packages/airflow/example_dags/example_task_group_decorator.py
[2025-10-25T16:49:46.961+0200] {processor.py:830} INFO - Processing file /Users/youssefdaaloul/venv/dbt_snowflake/airflow_venv_39/lib/python3.11/site-packages/airflow/example_dags/example_task_group_decorator.py for tasks to queue
[2025-10-25T16:49:46.961+0200] {logging_mixin.py:188} INFO - [2025-10-25T16:49:46.961+0200] {dagbag.py:538} INFO - Filling up the DagBag from /Users/youssefdaaloul/venv/dbt_snowflake/airflow_venv_39/lib/python3.11/site-packages/airflow/example_dags/example_task_group_decorator.py
[2025-10-25T16:49:46.979+0200] {processor.py:840} INFO - DAG(s) 'example_task_group_decorator' retrieved from /Users/youssefdaaloul/venv/dbt_snowflake/airflow_venv_39/lib/python3.11/site-packages/airflow/example_dags/example_task_group_decorator.py
[2025-10-25T16:49:47.038+0200] {logging_mixin.py:188} INFO - [2025-10-25T16:49:47.037+0200] {dag.py:3036} INFO - Sync 1 DAGs
[2025-10-25T16:49:47.044+0200] {logging_mixin.py:188} INFO - [2025-10-25T16:49:47.044+0200] {dag.py:3823} INFO - Setting next_dagrun for example_task_group_decorator to 2025-10-24 00:00:00+00:00, run_after=2025-10-25 00:00:00+00:00
[2025-10-25T16:49:47.051+0200] {processor.py:183} INFO - Processing /Users/youssefdaaloul/venv/dbt_snowflake/airflow_venv_39/lib/python3.11/site-packages/airflow/example_dags/example_task_group_decorator.py took 0.092 seconds
[2025-10-25T16:50:46.637+0200] {processor.py:161} INFO - Started process (PID=74259) to work on /Users/youssefdaaloul/venv/dbt_snowflake/airflow_venv_39/lib/python3.11/site-packages/airflow/example_dags/example_task_group_decorator.py
[2025-10-25T16:50:46.637+0200] {processor.py:830} INFO - Processing file /Users/youssefdaaloul/venv/dbt_snowflake/airflow_venv_39/lib/python3.11/site-packages/airflow/example_dags/example_task_group_decorator.py for tasks to queue
[2025-10-25T16:50:46.637+0200] {logging_mixin.py:188} INFO - [2025-10-25T16:50:46.637+0200] {dagbag.py:538} INFO - Filling up the DagBag from /Users/youssefdaaloul/venv/dbt_snowflake/airflow_venv_39/lib/python3.11/site-packages/airflow/example_dags/example_task_group_decorator.py
[2025-10-25T16:50:46.654+0200] {processor.py:840} INFO - DAG(s) 'example_task_group_decorator' retrieved from /Users/youssefdaaloul/venv/dbt_snowflake/airflow_venv_39/lib/python3.11/site-packages/airflow/example_dags/example_task_group_decorator.py
[2025-10-25T16:50:46.712+0200] {logging_mixin.py:188} INFO - [2025-10-25T16:50:46.712+0200] {dag.py:3036} INFO - Sync 1 DAGs
[2025-10-25T16:50:46.718+0200] {logging_mixin.py:188} INFO - [2025-10-25T16:50:46.718+0200] {dag.py:3823} INFO - Setting next_dagrun for example_task_group_decorator to 2025-10-24 00:00:00+00:00, run_after=2025-10-25 00:00:00+00:00
[2025-10-25T16:50:46.726+0200] {processor.py:183} INFO - Processing /Users/youssefdaaloul/venv/dbt_snowflake/airflow_venv_39/lib/python3.11/site-packages/airflow/example_dags/example_task_group_decorator.py took 0.090 seconds
[2025-10-25T16:51:45.394+0200] {processor.py:161} INFO - Started process (PID=74360) to work on /Users/youssefdaaloul/venv/dbt_snowflake/airflow_venv_39/lib/python3.11/site-packages/airflow/example_dags/example_task_group_decorator.py
[2025-10-25T16:51:45.396+0200] {processor.py:830} INFO - Processing file /Users/youssefdaaloul/venv/dbt_snowflake/airflow_venv_39/lib/python3.11/site-packages/airflow/example_dags/example_task_group_decorator.py for tasks to queue
[2025-10-25T16:51:45.396+0200] {logging_mixin.py:188} INFO - [2025-10-25T16:51:45.396+0200] {dagbag.py:538} INFO - Filling up the DagBag from /Users/youssefdaaloul/venv/dbt_snowflake/airflow_venv_39/lib/python3.11/site-packages/airflow/example_dags/example_task_group_decorator.py
[2025-10-25T16:51:45.415+0200] {processor.py:840} INFO - DAG(s) 'example_task_group_decorator' retrieved from /Users/youssefdaaloul/venv/dbt_snowflake/airflow_venv_39/lib/python3.11/site-packages/airflow/example_dags/example_task_group_decorator.py
[2025-10-25T16:51:45.478+0200] {logging_mixin.py:188} INFO - [2025-10-25T16:51:45.478+0200] {dag.py:3036} INFO - Sync 1 DAGs
[2025-10-25T16:51:45.486+0200] {logging_mixin.py:188} INFO - [2025-10-25T16:51:45.486+0200] {dag.py:3823} INFO - Setting next_dagrun for example_task_group_decorator to 2025-10-24 00:00:00+00:00, run_after=2025-10-25 00:00:00+00:00
[2025-10-25T16:51:45.494+0200] {processor.py:183} INFO - Processing /Users/youssefdaaloul/venv/dbt_snowflake/airflow_venv_39/lib/python3.11/site-packages/airflow/example_dags/example_task_group_decorator.py took 0.100 seconds
