[2025-10-25T16:09:36.589+0200] {processor.py:161} INFO - Started process (PID=71249) to work on /Users/youssefdaaloul/venv/dbt_snowflake/airflow_venv_39/lib/python3.11/site-packages/airflow/example_dags/example_branch_labels.py
[2025-10-25T16:09:36.590+0200] {processor.py:830} INFO - Processing file /Users/youssefdaaloul/venv/dbt_snowflake/airflow_venv_39/lib/python3.11/site-packages/airflow/example_dags/example_branch_labels.py for tasks to queue
[2025-10-25T16:09:36.590+0200] {logging_mixin.py:188} INFO - [2025-10-25T16:09:36.590+0200] {dagbag.py:538} INFO - Filling up the DagBag from /Users/youssefdaaloul/venv/dbt_snowflake/airflow_venv_39/lib/python3.11/site-packages/airflow/example_dags/example_branch_labels.py
[2025-10-25T16:09:36.594+0200] {processor.py:840} INFO - DAG(s) 'example_branch_labels' retrieved from /Users/youssefdaaloul/venv/dbt_snowflake/airflow_venv_39/lib/python3.11/site-packages/airflow/example_dags/example_branch_labels.py
[2025-10-25T16:09:36.678+0200] {logging_mixin.py:188} INFO - [2025-10-25T16:09:36.678+0200] {dag.py:3036} INFO - Sync 1 DAGs
[2025-10-25T16:09:36.684+0200] {logging_mixin.py:188} INFO - [2025-10-25T16:09:36.684+0200] {dag.py:3823} INFO - Setting next_dagrun for example_branch_labels to 2025-10-24 00:00:00+00:00, run_after=2025-10-25 00:00:00+00:00
[2025-10-25T16:09:36.694+0200] {processor.py:183} INFO - Processing /Users/youssefdaaloul/venv/dbt_snowflake/airflow_venv_39/lib/python3.11/site-packages/airflow/example_dags/example_branch_labels.py took 0.105 seconds
[2025-10-25T16:11:37.040+0200] {processor.py:161} INFO - Started process (PID=71367) to work on /Users/youssefdaaloul/venv/dbt_snowflake/airflow_venv_39/lib/python3.11/site-packages/airflow/example_dags/example_branch_labels.py
[2025-10-25T16:11:37.041+0200] {processor.py:830} INFO - Processing file /Users/youssefdaaloul/venv/dbt_snowflake/airflow_venv_39/lib/python3.11/site-packages/airflow/example_dags/example_branch_labels.py for tasks to queue
[2025-10-25T16:11:37.041+0200] {logging_mixin.py:188} INFO - [2025-10-25T16:11:37.041+0200] {dagbag.py:538} INFO - Filling up the DagBag from /Users/youssefdaaloul/venv/dbt_snowflake/airflow_venv_39/lib/python3.11/site-packages/airflow/example_dags/example_branch_labels.py
[2025-10-25T16:11:37.046+0200] {processor.py:840} INFO - DAG(s) 'example_branch_labels' retrieved from /Users/youssefdaaloul/venv/dbt_snowflake/airflow_venv_39/lib/python3.11/site-packages/airflow/example_dags/example_branch_labels.py
[2025-10-25T16:11:37.110+0200] {logging_mixin.py:188} INFO - [2025-10-25T16:11:37.109+0200] {dag.py:3036} INFO - Sync 1 DAGs
[2025-10-25T16:11:37.116+0200] {logging_mixin.py:188} INFO - [2025-10-25T16:11:37.116+0200] {dag.py:3823} INFO - Setting next_dagrun for example_branch_labels to 2025-10-24 00:00:00+00:00, run_after=2025-10-25 00:00:00+00:00
[2025-10-25T16:11:37.123+0200] {processor.py:183} INFO - Processing /Users/youssefdaaloul/venv/dbt_snowflake/airflow_venv_39/lib/python3.11/site-packages/airflow/example_dags/example_branch_labels.py took 0.083 seconds
[2025-10-25T16:13:34.033+0200] {processor.py:161} INFO - Started process (PID=71467) to work on /Users/youssefdaaloul/venv/dbt_snowflake/airflow_venv_39/lib/python3.11/site-packages/airflow/example_dags/example_branch_labels.py
[2025-10-25T16:13:34.034+0200] {processor.py:830} INFO - Processing file /Users/youssefdaaloul/venv/dbt_snowflake/airflow_venv_39/lib/python3.11/site-packages/airflow/example_dags/example_branch_labels.py for tasks to queue
[2025-10-25T16:13:34.035+0200] {logging_mixin.py:188} INFO - [2025-10-25T16:13:34.035+0200] {dagbag.py:538} INFO - Filling up the DagBag from /Users/youssefdaaloul/venv/dbt_snowflake/airflow_venv_39/lib/python3.11/site-packages/airflow/example_dags/example_branch_labels.py
[2025-10-25T16:13:34.038+0200] {processor.py:840} INFO - DAG(s) 'example_branch_labels' retrieved from /Users/youssefdaaloul/venv/dbt_snowflake/airflow_venv_39/lib/python3.11/site-packages/airflow/example_dags/example_branch_labels.py
[2025-10-25T16:13:34.101+0200] {logging_mixin.py:188} INFO - [2025-10-25T16:13:34.101+0200] {dag.py:3036} INFO - Sync 1 DAGs
[2025-10-25T16:13:34.108+0200] {logging_mixin.py:188} INFO - [2025-10-25T16:13:34.108+0200] {dag.py:3823} INFO - Setting next_dagrun for example_branch_labels to 2025-10-24 00:00:00+00:00, run_after=2025-10-25 00:00:00+00:00
[2025-10-25T16:13:34.114+0200] {processor.py:183} INFO - Processing /Users/youssefdaaloul/venv/dbt_snowflake/airflow_venv_39/lib/python3.11/site-packages/airflow/example_dags/example_branch_labels.py took 0.081 seconds
[2025-10-25T16:15:38.594+0200] {processor.py:161} INFO - Started process (PID=71578) to work on /Users/youssefdaaloul/venv/dbt_snowflake/airflow_venv_39/lib/python3.11/site-packages/airflow/example_dags/example_branch_labels.py
[2025-10-25T16:15:38.595+0200] {processor.py:830} INFO - Processing file /Users/youssefdaaloul/venv/dbt_snowflake/airflow_venv_39/lib/python3.11/site-packages/airflow/example_dags/example_branch_labels.py for tasks to queue
[2025-10-25T16:15:38.595+0200] {logging_mixin.py:188} INFO - [2025-10-25T16:15:38.595+0200] {dagbag.py:538} INFO - Filling up the DagBag from /Users/youssefdaaloul/venv/dbt_snowflake/airflow_venv_39/lib/python3.11/site-packages/airflow/example_dags/example_branch_labels.py
[2025-10-25T16:15:38.600+0200] {processor.py:840} INFO - DAG(s) 'example_branch_labels' retrieved from /Users/youssefdaaloul/venv/dbt_snowflake/airflow_venv_39/lib/python3.11/site-packages/airflow/example_dags/example_branch_labels.py
[2025-10-25T16:15:38.674+0200] {logging_mixin.py:188} INFO - [2025-10-25T16:15:38.674+0200] {dag.py:3036} INFO - Sync 1 DAGs
[2025-10-25T16:15:38.682+0200] {logging_mixin.py:188} INFO - [2025-10-25T16:15:38.682+0200] {dag.py:3823} INFO - Setting next_dagrun for example_branch_labels to 2025-10-24 00:00:00+00:00, run_after=2025-10-25 00:00:00+00:00
[2025-10-25T16:15:38.703+0200] {processor.py:183} INFO - Processing /Users/youssefdaaloul/venv/dbt_snowflake/airflow_venv_39/lib/python3.11/site-packages/airflow/example_dags/example_branch_labels.py took 0.110 seconds
[2025-10-25T16:17:37.652+0200] {processor.py:161} INFO - Started process (PID=71672) to work on /Users/youssefdaaloul/venv/dbt_snowflake/airflow_venv_39/lib/python3.11/site-packages/airflow/example_dags/example_branch_labels.py
[2025-10-25T16:17:37.656+0200] {processor.py:830} INFO - Processing file /Users/youssefdaaloul/venv/dbt_snowflake/airflow_venv_39/lib/python3.11/site-packages/airflow/example_dags/example_branch_labels.py for tasks to queue
[2025-10-25T16:17:37.656+0200] {logging_mixin.py:188} INFO - [2025-10-25T16:17:37.656+0200] {dagbag.py:538} INFO - Filling up the DagBag from /Users/youssefdaaloul/venv/dbt_snowflake/airflow_venv_39/lib/python3.11/site-packages/airflow/example_dags/example_branch_labels.py
[2025-10-25T16:17:37.660+0200] {processor.py:840} INFO - DAG(s) 'example_branch_labels' retrieved from /Users/youssefdaaloul/venv/dbt_snowflake/airflow_venv_39/lib/python3.11/site-packages/airflow/example_dags/example_branch_labels.py
[2025-10-25T16:17:37.729+0200] {logging_mixin.py:188} INFO - [2025-10-25T16:17:37.728+0200] {dag.py:3036} INFO - Sync 1 DAGs
[2025-10-25T16:17:37.736+0200] {logging_mixin.py:188} INFO - [2025-10-25T16:17:37.735+0200] {dag.py:3823} INFO - Setting next_dagrun for example_branch_labels to 2025-10-24 00:00:00+00:00, run_after=2025-10-25 00:00:00+00:00
[2025-10-25T16:17:37.744+0200] {processor.py:183} INFO - Processing /Users/youssefdaaloul/venv/dbt_snowflake/airflow_venv_39/lib/python3.11/site-packages/airflow/example_dags/example_branch_labels.py took 0.092 seconds
[2025-10-25T16:19:41.593+0200] {processor.py:161} INFO - Started process (PID=71797) to work on /Users/youssefdaaloul/venv/dbt_snowflake/airflow_venv_39/lib/python3.11/site-packages/airflow/example_dags/example_branch_labels.py
[2025-10-25T16:19:41.594+0200] {processor.py:830} INFO - Processing file /Users/youssefdaaloul/venv/dbt_snowflake/airflow_venv_39/lib/python3.11/site-packages/airflow/example_dags/example_branch_labels.py for tasks to queue
[2025-10-25T16:19:41.594+0200] {logging_mixin.py:188} INFO - [2025-10-25T16:19:41.594+0200] {dagbag.py:538} INFO - Filling up the DagBag from /Users/youssefdaaloul/venv/dbt_snowflake/airflow_venv_39/lib/python3.11/site-packages/airflow/example_dags/example_branch_labels.py
[2025-10-25T16:19:41.598+0200] {processor.py:840} INFO - DAG(s) 'example_branch_labels' retrieved from /Users/youssefdaaloul/venv/dbt_snowflake/airflow_venv_39/lib/python3.11/site-packages/airflow/example_dags/example_branch_labels.py
[2025-10-25T16:19:41.658+0200] {logging_mixin.py:188} INFO - [2025-10-25T16:19:41.658+0200] {dag.py:3036} INFO - Sync 1 DAGs
[2025-10-25T16:19:41.664+0200] {logging_mixin.py:188} INFO - [2025-10-25T16:19:41.664+0200] {dag.py:3823} INFO - Setting next_dagrun for example_branch_labels to 2025-10-24 00:00:00+00:00, run_after=2025-10-25 00:00:00+00:00
[2025-10-25T16:19:41.670+0200] {processor.py:183} INFO - Processing /Users/youssefdaaloul/venv/dbt_snowflake/airflow_venv_39/lib/python3.11/site-packages/airflow/example_dags/example_branch_labels.py took 0.077 seconds
[2025-10-25T16:21:40.545+0200] {processor.py:161} INFO - Started process (PID=71903) to work on /Users/youssefdaaloul/venv/dbt_snowflake/airflow_venv_39/lib/python3.11/site-packages/airflow/example_dags/example_branch_labels.py
[2025-10-25T16:21:40.546+0200] {processor.py:830} INFO - Processing file /Users/youssefdaaloul/venv/dbt_snowflake/airflow_venv_39/lib/python3.11/site-packages/airflow/example_dags/example_branch_labels.py for tasks to queue
[2025-10-25T16:21:40.546+0200] {logging_mixin.py:188} INFO - [2025-10-25T16:21:40.546+0200] {dagbag.py:538} INFO - Filling up the DagBag from /Users/youssefdaaloul/venv/dbt_snowflake/airflow_venv_39/lib/python3.11/site-packages/airflow/example_dags/example_branch_labels.py
[2025-10-25T16:21:40.549+0200] {processor.py:840} INFO - DAG(s) 'example_branch_labels' retrieved from /Users/youssefdaaloul/venv/dbt_snowflake/airflow_venv_39/lib/python3.11/site-packages/airflow/example_dags/example_branch_labels.py
[2025-10-25T16:21:40.606+0200] {logging_mixin.py:188} INFO - [2025-10-25T16:21:40.606+0200] {dag.py:3036} INFO - Sync 1 DAGs
[2025-10-25T16:21:40.612+0200] {logging_mixin.py:188} INFO - [2025-10-25T16:21:40.612+0200] {dag.py:3823} INFO - Setting next_dagrun for example_branch_labels to 2025-10-24 00:00:00+00:00, run_after=2025-10-25 00:00:00+00:00
[2025-10-25T16:21:40.619+0200] {processor.py:183} INFO - Processing /Users/youssefdaaloul/venv/dbt_snowflake/airflow_venv_39/lib/python3.11/site-packages/airflow/example_dags/example_branch_labels.py took 0.074 seconds
[2025-10-25T16:23:26.546+0200] {processor.py:161} INFO - Started process (PID=72008) to work on /Users/youssefdaaloul/venv/dbt_snowflake/airflow_venv_39/lib/python3.11/site-packages/airflow/example_dags/example_branch_labels.py
[2025-10-25T16:23:26.546+0200] {processor.py:830} INFO - Processing file /Users/youssefdaaloul/venv/dbt_snowflake/airflow_venv_39/lib/python3.11/site-packages/airflow/example_dags/example_branch_labels.py for tasks to queue
[2025-10-25T16:23:26.547+0200] {logging_mixin.py:188} INFO - [2025-10-25T16:23:26.547+0200] {dagbag.py:538} INFO - Filling up the DagBag from /Users/youssefdaaloul/venv/dbt_snowflake/airflow_venv_39/lib/python3.11/site-packages/airflow/example_dags/example_branch_labels.py
[2025-10-25T16:23:26.550+0200] {processor.py:840} INFO - DAG(s) 'example_branch_labels' retrieved from /Users/youssefdaaloul/venv/dbt_snowflake/airflow_venv_39/lib/python3.11/site-packages/airflow/example_dags/example_branch_labels.py
[2025-10-25T16:23:26.607+0200] {logging_mixin.py:188} INFO - [2025-10-25T16:23:26.607+0200] {dag.py:3036} INFO - Sync 1 DAGs
[2025-10-25T16:23:26.613+0200] {logging_mixin.py:188} INFO - [2025-10-25T16:23:26.613+0200] {dag.py:3823} INFO - Setting next_dagrun for example_branch_labels to 2025-10-24 00:00:00+00:00, run_after=2025-10-25 00:00:00+00:00
[2025-10-25T16:23:26.619+0200] {processor.py:183} INFO - Processing /Users/youssefdaaloul/venv/dbt_snowflake/airflow_venv_39/lib/python3.11/site-packages/airflow/example_dags/example_branch_labels.py took 0.074 seconds
[2025-10-25T16:25:18.004+0200] {processor.py:161} INFO - Started process (PID=72107) to work on /Users/youssefdaaloul/venv/dbt_snowflake/airflow_venv_39/lib/python3.11/site-packages/airflow/example_dags/example_branch_labels.py
[2025-10-25T16:25:18.006+0200] {processor.py:830} INFO - Processing file /Users/youssefdaaloul/venv/dbt_snowflake/airflow_venv_39/lib/python3.11/site-packages/airflow/example_dags/example_branch_labels.py for tasks to queue
[2025-10-25T16:25:18.006+0200] {logging_mixin.py:188} INFO - [2025-10-25T16:25:18.006+0200] {dagbag.py:538} INFO - Filling up the DagBag from /Users/youssefdaaloul/venv/dbt_snowflake/airflow_venv_39/lib/python3.11/site-packages/airflow/example_dags/example_branch_labels.py
[2025-10-25T16:25:18.010+0200] {processor.py:840} INFO - DAG(s) 'example_branch_labels' retrieved from /Users/youssefdaaloul/venv/dbt_snowflake/airflow_venv_39/lib/python3.11/site-packages/airflow/example_dags/example_branch_labels.py
[2025-10-25T16:25:18.074+0200] {logging_mixin.py:188} INFO - [2025-10-25T16:25:18.074+0200] {dag.py:3036} INFO - Sync 1 DAGs
[2025-10-25T16:25:18.080+0200] {logging_mixin.py:188} INFO - [2025-10-25T16:25:18.080+0200] {dag.py:3823} INFO - Setting next_dagrun for example_branch_labels to 2025-10-24 00:00:00+00:00, run_after=2025-10-25 00:00:00+00:00
[2025-10-25T16:25:18.086+0200] {processor.py:183} INFO - Processing /Users/youssefdaaloul/venv/dbt_snowflake/airflow_venv_39/lib/python3.11/site-packages/airflow/example_dags/example_branch_labels.py took 0.083 seconds
[2025-10-25T16:27:03.637+0200] {processor.py:161} INFO - Started process (PID=72217) to work on /Users/youssefdaaloul/venv/dbt_snowflake/airflow_venv_39/lib/python3.11/site-packages/airflow/example_dags/example_branch_labels.py
[2025-10-25T16:27:03.639+0200] {processor.py:830} INFO - Processing file /Users/youssefdaaloul/venv/dbt_snowflake/airflow_venv_39/lib/python3.11/site-packages/airflow/example_dags/example_branch_labels.py for tasks to queue
[2025-10-25T16:27:03.639+0200] {logging_mixin.py:188} INFO - [2025-10-25T16:27:03.639+0200] {dagbag.py:538} INFO - Filling up the DagBag from /Users/youssefdaaloul/venv/dbt_snowflake/airflow_venv_39/lib/python3.11/site-packages/airflow/example_dags/example_branch_labels.py
[2025-10-25T16:27:03.642+0200] {processor.py:840} INFO - DAG(s) 'example_branch_labels' retrieved from /Users/youssefdaaloul/venv/dbt_snowflake/airflow_venv_39/lib/python3.11/site-packages/airflow/example_dags/example_branch_labels.py
[2025-10-25T16:27:03.701+0200] {logging_mixin.py:188} INFO - [2025-10-25T16:27:03.701+0200] {dag.py:3036} INFO - Sync 1 DAGs
[2025-10-25T16:27:03.708+0200] {logging_mixin.py:188} INFO - [2025-10-25T16:27:03.708+0200] {dag.py:3823} INFO - Setting next_dagrun for example_branch_labels to 2025-10-24 00:00:00+00:00, run_after=2025-10-25 00:00:00+00:00
[2025-10-25T16:27:03.716+0200] {processor.py:183} INFO - Processing /Users/youssefdaaloul/venv/dbt_snowflake/airflow_venv_39/lib/python3.11/site-packages/airflow/example_dags/example_branch_labels.py took 0.079 seconds
[2025-10-25T16:28:59.783+0200] {processor.py:161} INFO - Started process (PID=72337) to work on /Users/youssefdaaloul/venv/dbt_snowflake/airflow_venv_39/lib/python3.11/site-packages/airflow/example_dags/example_branch_labels.py
[2025-10-25T16:28:59.785+0200] {processor.py:830} INFO - Processing file /Users/youssefdaaloul/venv/dbt_snowflake/airflow_venv_39/lib/python3.11/site-packages/airflow/example_dags/example_branch_labels.py for tasks to queue
[2025-10-25T16:28:59.785+0200] {logging_mixin.py:188} INFO - [2025-10-25T16:28:59.785+0200] {dagbag.py:538} INFO - Filling up the DagBag from /Users/youssefdaaloul/venv/dbt_snowflake/airflow_venv_39/lib/python3.11/site-packages/airflow/example_dags/example_branch_labels.py
[2025-10-25T16:28:59.789+0200] {processor.py:840} INFO - DAG(s) 'example_branch_labels' retrieved from /Users/youssefdaaloul/venv/dbt_snowflake/airflow_venv_39/lib/python3.11/site-packages/airflow/example_dags/example_branch_labels.py
[2025-10-25T16:28:59.850+0200] {logging_mixin.py:188} INFO - [2025-10-25T16:28:59.850+0200] {dag.py:3036} INFO - Sync 1 DAGs
[2025-10-25T16:28:59.856+0200] {logging_mixin.py:188} INFO - [2025-10-25T16:28:59.856+0200] {dag.py:3823} INFO - Setting next_dagrun for example_branch_labels to 2025-10-24 00:00:00+00:00, run_after=2025-10-25 00:00:00+00:00
[2025-10-25T16:28:59.864+0200] {processor.py:183} INFO - Processing /Users/youssefdaaloul/venv/dbt_snowflake/airflow_venv_39/lib/python3.11/site-packages/airflow/example_dags/example_branch_labels.py took 0.082 seconds
[2025-10-25T16:30:58.582+0200] {processor.py:161} INFO - Started process (PID=72483) to work on /Users/youssefdaaloul/venv/dbt_snowflake/airflow_venv_39/lib/python3.11/site-packages/airflow/example_dags/example_branch_labels.py
[2025-10-25T16:30:58.584+0200] {processor.py:830} INFO - Processing file /Users/youssefdaaloul/venv/dbt_snowflake/airflow_venv_39/lib/python3.11/site-packages/airflow/example_dags/example_branch_labels.py for tasks to queue
[2025-10-25T16:30:58.584+0200] {logging_mixin.py:188} INFO - [2025-10-25T16:30:58.584+0200] {dagbag.py:538} INFO - Filling up the DagBag from /Users/youssefdaaloul/venv/dbt_snowflake/airflow_venv_39/lib/python3.11/site-packages/airflow/example_dags/example_branch_labels.py
[2025-10-25T16:30:58.587+0200] {processor.py:840} INFO - DAG(s) 'example_branch_labels' retrieved from /Users/youssefdaaloul/venv/dbt_snowflake/airflow_venv_39/lib/python3.11/site-packages/airflow/example_dags/example_branch_labels.py
[2025-10-25T16:30:58.646+0200] {logging_mixin.py:188} INFO - [2025-10-25T16:30:58.646+0200] {dag.py:3036} INFO - Sync 1 DAGs
[2025-10-25T16:30:58.652+0200] {logging_mixin.py:188} INFO - [2025-10-25T16:30:58.652+0200] {dag.py:3823} INFO - Setting next_dagrun for example_branch_labels to 2025-10-24 00:00:00+00:00, run_after=2025-10-25 00:00:00+00:00
[2025-10-25T16:30:58.659+0200] {processor.py:183} INFO - Processing /Users/youssefdaaloul/venv/dbt_snowflake/airflow_venv_39/lib/python3.11/site-packages/airflow/example_dags/example_branch_labels.py took 0.077 seconds
[2025-10-25T16:32:50.525+0200] {processor.py:161} INFO - Started process (PID=72620) to work on /Users/youssefdaaloul/venv/dbt_snowflake/airflow_venv_39/lib/python3.11/site-packages/airflow/example_dags/example_branch_labels.py
[2025-10-25T16:32:50.525+0200] {processor.py:830} INFO - Processing file /Users/youssefdaaloul/venv/dbt_snowflake/airflow_venv_39/lib/python3.11/site-packages/airflow/example_dags/example_branch_labels.py for tasks to queue
[2025-10-25T16:32:50.526+0200] {logging_mixin.py:188} INFO - [2025-10-25T16:32:50.526+0200] {dagbag.py:538} INFO - Filling up the DagBag from /Users/youssefdaaloul/venv/dbt_snowflake/airflow_venv_39/lib/python3.11/site-packages/airflow/example_dags/example_branch_labels.py
[2025-10-25T16:32:50.530+0200] {processor.py:840} INFO - DAG(s) 'example_branch_labels' retrieved from /Users/youssefdaaloul/venv/dbt_snowflake/airflow_venv_39/lib/python3.11/site-packages/airflow/example_dags/example_branch_labels.py
[2025-10-25T16:32:50.595+0200] {logging_mixin.py:188} INFO - [2025-10-25T16:32:50.594+0200] {dag.py:3036} INFO - Sync 1 DAGs
[2025-10-25T16:32:50.602+0200] {logging_mixin.py:188} INFO - [2025-10-25T16:32:50.602+0200] {dag.py:3823} INFO - Setting next_dagrun for example_branch_labels to 2025-10-24 00:00:00+00:00, run_after=2025-10-25 00:00:00+00:00
[2025-10-25T16:32:50.610+0200] {processor.py:183} INFO - Processing /Users/youssefdaaloul/venv/dbt_snowflake/airflow_venv_39/lib/python3.11/site-packages/airflow/example_dags/example_branch_labels.py took 0.086 seconds
[2025-10-25T16:34:50.571+0200] {processor.py:161} INFO - Started process (PID=72783) to work on /Users/youssefdaaloul/venv/dbt_snowflake/airflow_venv_39/lib/python3.11/site-packages/airflow/example_dags/example_branch_labels.py
[2025-10-25T16:34:50.573+0200] {processor.py:830} INFO - Processing file /Users/youssefdaaloul/venv/dbt_snowflake/airflow_venv_39/lib/python3.11/site-packages/airflow/example_dags/example_branch_labels.py for tasks to queue
[2025-10-25T16:34:50.573+0200] {logging_mixin.py:188} INFO - [2025-10-25T16:34:50.573+0200] {dagbag.py:538} INFO - Filling up the DagBag from /Users/youssefdaaloul/venv/dbt_snowflake/airflow_venv_39/lib/python3.11/site-packages/airflow/example_dags/example_branch_labels.py
[2025-10-25T16:34:50.577+0200] {processor.py:840} INFO - DAG(s) 'example_branch_labels' retrieved from /Users/youssefdaaloul/venv/dbt_snowflake/airflow_venv_39/lib/python3.11/site-packages/airflow/example_dags/example_branch_labels.py
[2025-10-25T16:34:50.638+0200] {logging_mixin.py:188} INFO - [2025-10-25T16:34:50.638+0200] {dag.py:3036} INFO - Sync 1 DAGs
[2025-10-25T16:34:50.644+0200] {logging_mixin.py:188} INFO - [2025-10-25T16:34:50.644+0200] {dag.py:3823} INFO - Setting next_dagrun for example_branch_labels to 2025-10-24 00:00:00+00:00, run_after=2025-10-25 00:00:00+00:00
[2025-10-25T16:34:50.650+0200] {processor.py:183} INFO - Processing /Users/youssefdaaloul/venv/dbt_snowflake/airflow_venv_39/lib/python3.11/site-packages/airflow/example_dags/example_branch_labels.py took 0.079 seconds
[2025-10-25T16:44:28.782+0200] {processor.py:161} INFO - Started process (PID=73915) to work on /Users/youssefdaaloul/venv/dbt_snowflake/airflow_venv_39/lib/python3.11/site-packages/airflow/example_dags/example_branch_labels.py
[2025-10-25T16:44:28.783+0200] {processor.py:830} INFO - Processing file /Users/youssefdaaloul/venv/dbt_snowflake/airflow_venv_39/lib/python3.11/site-packages/airflow/example_dags/example_branch_labels.py for tasks to queue
[2025-10-25T16:44:28.783+0200] {logging_mixin.py:188} INFO - [2025-10-25T16:44:28.783+0200] {dagbag.py:538} INFO - Filling up the DagBag from /Users/youssefdaaloul/venv/dbt_snowflake/airflow_venv_39/lib/python3.11/site-packages/airflow/example_dags/example_branch_labels.py
[2025-10-25T16:44:28.786+0200] {processor.py:840} INFO - DAG(s) 'example_branch_labels' retrieved from /Users/youssefdaaloul/venv/dbt_snowflake/airflow_venv_39/lib/python3.11/site-packages/airflow/example_dags/example_branch_labels.py
[2025-10-25T16:44:28.871+0200] {logging_mixin.py:188} INFO - [2025-10-25T16:44:28.871+0200] {dag.py:3036} INFO - Sync 1 DAGs
[2025-10-25T16:44:28.877+0200] {logging_mixin.py:188} INFO - [2025-10-25T16:44:28.877+0200] {dag.py:3823} INFO - Setting next_dagrun for example_branch_labels to 2025-10-24 00:00:00+00:00, run_after=2025-10-25 00:00:00+00:00
[2025-10-25T16:44:28.884+0200] {processor.py:183} INFO - Processing /Users/youssefdaaloul/venv/dbt_snowflake/airflow_venv_39/lib/python3.11/site-packages/airflow/example_dags/example_branch_labels.py took 0.102 seconds
[2025-10-25T16:46:24.556+0200] {processor.py:161} INFO - Started process (PID=74027) to work on /Users/youssefdaaloul/venv/dbt_snowflake/airflow_venv_39/lib/python3.11/site-packages/airflow/example_dags/example_branch_labels.py
[2025-10-25T16:46:24.557+0200] {processor.py:830} INFO - Processing file /Users/youssefdaaloul/venv/dbt_snowflake/airflow_venv_39/lib/python3.11/site-packages/airflow/example_dags/example_branch_labels.py for tasks to queue
[2025-10-25T16:46:24.557+0200] {logging_mixin.py:188} INFO - [2025-10-25T16:46:24.557+0200] {dagbag.py:538} INFO - Filling up the DagBag from /Users/youssefdaaloul/venv/dbt_snowflake/airflow_venv_39/lib/python3.11/site-packages/airflow/example_dags/example_branch_labels.py
[2025-10-25T16:46:24.561+0200] {processor.py:840} INFO - DAG(s) 'example_branch_labels' retrieved from /Users/youssefdaaloul/venv/dbt_snowflake/airflow_venv_39/lib/python3.11/site-packages/airflow/example_dags/example_branch_labels.py
[2025-10-25T16:46:24.635+0200] {logging_mixin.py:188} INFO - [2025-10-25T16:46:24.634+0200] {dag.py:3036} INFO - Sync 1 DAGs
[2025-10-25T16:46:24.641+0200] {logging_mixin.py:188} INFO - [2025-10-25T16:46:24.641+0200] {dag.py:3823} INFO - Setting next_dagrun for example_branch_labels to 2025-10-24 00:00:00+00:00, run_after=2025-10-25 00:00:00+00:00
[2025-10-25T16:46:24.649+0200] {processor.py:183} INFO - Processing /Users/youssefdaaloul/venv/dbt_snowflake/airflow_venv_39/lib/python3.11/site-packages/airflow/example_dags/example_branch_labels.py took 0.093 seconds
[2025-10-25T16:48:21.285+0200] {processor.py:161} INFO - Started process (PID=74129) to work on /Users/youssefdaaloul/venv/dbt_snowflake/airflow_venv_39/lib/python3.11/site-packages/airflow/example_dags/example_branch_labels.py
[2025-10-25T16:48:21.285+0200] {processor.py:830} INFO - Processing file /Users/youssefdaaloul/venv/dbt_snowflake/airflow_venv_39/lib/python3.11/site-packages/airflow/example_dags/example_branch_labels.py for tasks to queue
[2025-10-25T16:48:21.286+0200] {logging_mixin.py:188} INFO - [2025-10-25T16:48:21.286+0200] {dagbag.py:538} INFO - Filling up the DagBag from /Users/youssefdaaloul/venv/dbt_snowflake/airflow_venv_39/lib/python3.11/site-packages/airflow/example_dags/example_branch_labels.py
[2025-10-25T16:48:21.289+0200] {processor.py:840} INFO - DAG(s) 'example_branch_labels' retrieved from /Users/youssefdaaloul/venv/dbt_snowflake/airflow_venv_39/lib/python3.11/site-packages/airflow/example_dags/example_branch_labels.py
[2025-10-25T16:48:21.356+0200] {logging_mixin.py:188} INFO - [2025-10-25T16:48:21.356+0200] {dag.py:3036} INFO - Sync 1 DAGs
[2025-10-25T16:48:21.363+0200] {logging_mixin.py:188} INFO - [2025-10-25T16:48:21.362+0200] {dag.py:3823} INFO - Setting next_dagrun for example_branch_labels to 2025-10-24 00:00:00+00:00, run_after=2025-10-25 00:00:00+00:00
[2025-10-25T16:48:21.369+0200] {processor.py:183} INFO - Processing /Users/youssefdaaloul/venv/dbt_snowflake/airflow_venv_39/lib/python3.11/site-packages/airflow/example_dags/example_branch_labels.py took 0.085 seconds
[2025-10-25T16:50:12.751+0200] {processor.py:161} INFO - Started process (PID=74234) to work on /Users/youssefdaaloul/venv/dbt_snowflake/airflow_venv_39/lib/python3.11/site-packages/airflow/example_dags/example_branch_labels.py
[2025-10-25T16:50:12.751+0200] {processor.py:830} INFO - Processing file /Users/youssefdaaloul/venv/dbt_snowflake/airflow_venv_39/lib/python3.11/site-packages/airflow/example_dags/example_branch_labels.py for tasks to queue
[2025-10-25T16:50:12.751+0200] {logging_mixin.py:188} INFO - [2025-10-25T16:50:12.751+0200] {dagbag.py:538} INFO - Filling up the DagBag from /Users/youssefdaaloul/venv/dbt_snowflake/airflow_venv_39/lib/python3.11/site-packages/airflow/example_dags/example_branch_labels.py
[2025-10-25T16:50:12.755+0200] {processor.py:840} INFO - DAG(s) 'example_branch_labels' retrieved from /Users/youssefdaaloul/venv/dbt_snowflake/airflow_venv_39/lib/python3.11/site-packages/airflow/example_dags/example_branch_labels.py
[2025-10-25T16:50:12.813+0200] {logging_mixin.py:188} INFO - [2025-10-25T16:50:12.813+0200] {dag.py:3036} INFO - Sync 1 DAGs
[2025-10-25T16:50:12.820+0200] {logging_mixin.py:188} INFO - [2025-10-25T16:50:12.820+0200] {dag.py:3823} INFO - Setting next_dagrun for example_branch_labels to 2025-10-24 00:00:00+00:00, run_after=2025-10-25 00:00:00+00:00
[2025-10-25T16:50:12.827+0200] {processor.py:183} INFO - Processing /Users/youssefdaaloul/venv/dbt_snowflake/airflow_venv_39/lib/python3.11/site-packages/airflow/example_dags/example_branch_labels.py took 0.077 seconds
