[2025-10-25T16:09:37.510+0200] {processor.py:161} INFO - Started process (PID=71250) to work on /Users/youssefdaaloul/venv/dbt_snowflake/airflow_venv_39/lib/python3.11/site-packages/airflow/example_dags/example_branch_day_of_week_operator.py
[2025-10-25T16:09:37.510+0200] {processor.py:830} INFO - Processing file /Users/youssefdaaloul/venv/dbt_snowflake/airflow_venv_39/lib/python3.11/site-packages/airflow/example_dags/example_branch_day_of_week_operator.py for tasks to queue
[2025-10-25T16:09:37.511+0200] {logging_mixin.py:188} INFO - [2025-10-25T16:09:37.510+0200] {dagbag.py:538} INFO - Filling up the DagBag from /Users/youssefdaaloul/venv/dbt_snowflake/airflow_venv_39/lib/python3.11/site-packages/airflow/example_dags/example_branch_day_of_week_operator.py
[2025-10-25T16:09:37.515+0200] {processor.py:840} INFO - DAG(s) 'example_weekday_branch_operator' retrieved from /Users/youssefdaaloul/venv/dbt_snowflake/airflow_venv_39/lib/python3.11/site-packages/airflow/example_dags/example_branch_day_of_week_operator.py
[2025-10-25T16:09:37.601+0200] {logging_mixin.py:188} INFO - [2025-10-25T16:09:37.601+0200] {dag.py:3036} INFO - Sync 1 DAGs
[2025-10-25T16:09:37.607+0200] {logging_mixin.py:188} INFO - [2025-10-25T16:09:37.607+0200] {dag.py:3823} INFO - Setting next_dagrun for example_weekday_branch_operator to 2025-10-24 00:00:00+00:00, run_after=2025-10-25 00:00:00+00:00
[2025-10-25T16:09:37.614+0200] {processor.py:183} INFO - Processing /Users/youssefdaaloul/venv/dbt_snowflake/airflow_venv_39/lib/python3.11/site-packages/airflow/example_dags/example_branch_day_of_week_operator.py took 0.105 seconds
[2025-10-25T16:11:38.030+0200] {processor.py:161} INFO - Started process (PID=71369) to work on /Users/youssefdaaloul/venv/dbt_snowflake/airflow_venv_39/lib/python3.11/site-packages/airflow/example_dags/example_branch_day_of_week_operator.py
[2025-10-25T16:11:38.031+0200] {processor.py:830} INFO - Processing file /Users/youssefdaaloul/venv/dbt_snowflake/airflow_venv_39/lib/python3.11/site-packages/airflow/example_dags/example_branch_day_of_week_operator.py for tasks to queue
[2025-10-25T16:11:38.031+0200] {logging_mixin.py:188} INFO - [2025-10-25T16:11:38.031+0200] {dagbag.py:538} INFO - Filling up the DagBag from /Users/youssefdaaloul/venv/dbt_snowflake/airflow_venv_39/lib/python3.11/site-packages/airflow/example_dags/example_branch_day_of_week_operator.py
[2025-10-25T16:11:38.036+0200] {processor.py:840} INFO - DAG(s) 'example_weekday_branch_operator' retrieved from /Users/youssefdaaloul/venv/dbt_snowflake/airflow_venv_39/lib/python3.11/site-packages/airflow/example_dags/example_branch_day_of_week_operator.py
[2025-10-25T16:11:38.102+0200] {logging_mixin.py:188} INFO - [2025-10-25T16:11:38.101+0200] {dag.py:3036} INFO - Sync 1 DAGs
[2025-10-25T16:11:38.108+0200] {logging_mixin.py:188} INFO - [2025-10-25T16:11:38.108+0200] {dag.py:3823} INFO - Setting next_dagrun for example_weekday_branch_operator to 2025-10-24 00:00:00+00:00, run_after=2025-10-25 00:00:00+00:00
[2025-10-25T16:11:38.115+0200] {processor.py:183} INFO - Processing /Users/youssefdaaloul/venv/dbt_snowflake/airflow_venv_39/lib/python3.11/site-packages/airflow/example_dags/example_branch_day_of_week_operator.py took 0.086 seconds
[2025-10-25T16:13:35.934+0200] {processor.py:161} INFO - Started process (PID=71468) to work on /Users/youssefdaaloul/venv/dbt_snowflake/airflow_venv_39/lib/python3.11/site-packages/airflow/example_dags/example_branch_day_of_week_operator.py
[2025-10-25T16:13:35.934+0200] {processor.py:830} INFO - Processing file /Users/youssefdaaloul/venv/dbt_snowflake/airflow_venv_39/lib/python3.11/site-packages/airflow/example_dags/example_branch_day_of_week_operator.py for tasks to queue
[2025-10-25T16:13:35.935+0200] {logging_mixin.py:188} INFO - [2025-10-25T16:13:35.935+0200] {dagbag.py:538} INFO - Filling up the DagBag from /Users/youssefdaaloul/venv/dbt_snowflake/airflow_venv_39/lib/python3.11/site-packages/airflow/example_dags/example_branch_day_of_week_operator.py
[2025-10-25T16:13:35.939+0200] {processor.py:840} INFO - DAG(s) 'example_weekday_branch_operator' retrieved from /Users/youssefdaaloul/venv/dbt_snowflake/airflow_venv_39/lib/python3.11/site-packages/airflow/example_dags/example_branch_day_of_week_operator.py
[2025-10-25T16:13:36.002+0200] {logging_mixin.py:188} INFO - [2025-10-25T16:13:36.002+0200] {dag.py:3036} INFO - Sync 1 DAGs
[2025-10-25T16:13:36.008+0200] {logging_mixin.py:188} INFO - [2025-10-25T16:13:36.008+0200] {dag.py:3823} INFO - Setting next_dagrun for example_weekday_branch_operator to 2025-10-24 00:00:00+00:00, run_after=2025-10-25 00:00:00+00:00
[2025-10-25T16:13:36.015+0200] {processor.py:183} INFO - Processing /Users/youssefdaaloul/venv/dbt_snowflake/airflow_venv_39/lib/python3.11/site-packages/airflow/example_dags/example_branch_day_of_week_operator.py took 0.081 seconds
[2025-10-25T16:15:40.753+0200] {processor.py:161} INFO - Started process (PID=71580) to work on /Users/youssefdaaloul/venv/dbt_snowflake/airflow_venv_39/lib/python3.11/site-packages/airflow/example_dags/example_branch_day_of_week_operator.py
[2025-10-25T16:15:40.754+0200] {processor.py:830} INFO - Processing file /Users/youssefdaaloul/venv/dbt_snowflake/airflow_venv_39/lib/python3.11/site-packages/airflow/example_dags/example_branch_day_of_week_operator.py for tasks to queue
[2025-10-25T16:15:40.754+0200] {logging_mixin.py:188} INFO - [2025-10-25T16:15:40.754+0200] {dagbag.py:538} INFO - Filling up the DagBag from /Users/youssefdaaloul/venv/dbt_snowflake/airflow_venv_39/lib/python3.11/site-packages/airflow/example_dags/example_branch_day_of_week_operator.py
[2025-10-25T16:15:40.759+0200] {processor.py:840} INFO - DAG(s) 'example_weekday_branch_operator' retrieved from /Users/youssefdaaloul/venv/dbt_snowflake/airflow_venv_39/lib/python3.11/site-packages/airflow/example_dags/example_branch_day_of_week_operator.py
[2025-10-25T16:15:40.822+0200] {logging_mixin.py:188} INFO - [2025-10-25T16:15:40.822+0200] {dag.py:3036} INFO - Sync 1 DAGs
[2025-10-25T16:15:40.828+0200] {logging_mixin.py:188} INFO - [2025-10-25T16:15:40.828+0200] {dag.py:3823} INFO - Setting next_dagrun for example_weekday_branch_operator to 2025-10-24 00:00:00+00:00, run_after=2025-10-25 00:00:00+00:00
[2025-10-25T16:15:40.835+0200] {processor.py:183} INFO - Processing /Users/youssefdaaloul/venv/dbt_snowflake/airflow_venv_39/lib/python3.11/site-packages/airflow/example_dags/example_branch_day_of_week_operator.py took 0.082 seconds
[2025-10-25T16:17:38.913+0200] {processor.py:161} INFO - Started process (PID=71673) to work on /Users/youssefdaaloul/venv/dbt_snowflake/airflow_venv_39/lib/python3.11/site-packages/airflow/example_dags/example_branch_day_of_week_operator.py
[2025-10-25T16:17:38.914+0200] {processor.py:830} INFO - Processing file /Users/youssefdaaloul/venv/dbt_snowflake/airflow_venv_39/lib/python3.11/site-packages/airflow/example_dags/example_branch_day_of_week_operator.py for tasks to queue
[2025-10-25T16:17:38.914+0200] {logging_mixin.py:188} INFO - [2025-10-25T16:17:38.914+0200] {dagbag.py:538} INFO - Filling up the DagBag from /Users/youssefdaaloul/venv/dbt_snowflake/airflow_venv_39/lib/python3.11/site-packages/airflow/example_dags/example_branch_day_of_week_operator.py
[2025-10-25T16:17:38.920+0200] {processor.py:840} INFO - DAG(s) 'example_weekday_branch_operator' retrieved from /Users/youssefdaaloul/venv/dbt_snowflake/airflow_venv_39/lib/python3.11/site-packages/airflow/example_dags/example_branch_day_of_week_operator.py
[2025-10-25T16:17:38.985+0200] {logging_mixin.py:188} INFO - [2025-10-25T16:17:38.985+0200] {dag.py:3036} INFO - Sync 1 DAGs
[2025-10-25T16:17:38.991+0200] {logging_mixin.py:188} INFO - [2025-10-25T16:17:38.991+0200] {dag.py:3823} INFO - Setting next_dagrun for example_weekday_branch_operator to 2025-10-24 00:00:00+00:00, run_after=2025-10-25 00:00:00+00:00
[2025-10-25T16:17:38.999+0200] {processor.py:183} INFO - Processing /Users/youssefdaaloul/venv/dbt_snowflake/airflow_venv_39/lib/python3.11/site-packages/airflow/example_dags/example_branch_day_of_week_operator.py took 0.087 seconds
[2025-10-25T16:19:43.674+0200] {processor.py:161} INFO - Started process (PID=71798) to work on /Users/youssefdaaloul/venv/dbt_snowflake/airflow_venv_39/lib/python3.11/site-packages/airflow/example_dags/example_branch_day_of_week_operator.py
[2025-10-25T16:19:43.675+0200] {processor.py:830} INFO - Processing file /Users/youssefdaaloul/venv/dbt_snowflake/airflow_venv_39/lib/python3.11/site-packages/airflow/example_dags/example_branch_day_of_week_operator.py for tasks to queue
[2025-10-25T16:19:43.676+0200] {logging_mixin.py:188} INFO - [2025-10-25T16:19:43.676+0200] {dagbag.py:538} INFO - Filling up the DagBag from /Users/youssefdaaloul/venv/dbt_snowflake/airflow_venv_39/lib/python3.11/site-packages/airflow/example_dags/example_branch_day_of_week_operator.py
[2025-10-25T16:19:43.681+0200] {processor.py:840} INFO - DAG(s) 'example_weekday_branch_operator' retrieved from /Users/youssefdaaloul/venv/dbt_snowflake/airflow_venv_39/lib/python3.11/site-packages/airflow/example_dags/example_branch_day_of_week_operator.py
[2025-10-25T16:19:43.744+0200] {logging_mixin.py:188} INFO - [2025-10-25T16:19:43.743+0200] {dag.py:3036} INFO - Sync 1 DAGs
[2025-10-25T16:19:43.750+0200] {logging_mixin.py:188} INFO - [2025-10-25T16:19:43.750+0200] {dag.py:3823} INFO - Setting next_dagrun for example_weekday_branch_operator to 2025-10-24 00:00:00+00:00, run_after=2025-10-25 00:00:00+00:00
[2025-10-25T16:19:43.758+0200] {processor.py:183} INFO - Processing /Users/youssefdaaloul/venv/dbt_snowflake/airflow_venv_39/lib/python3.11/site-packages/airflow/example_dags/example_branch_day_of_week_operator.py took 0.084 seconds
[2025-10-25T16:21:42.360+0200] {processor.py:161} INFO - Started process (PID=71904) to work on /Users/youssefdaaloul/venv/dbt_snowflake/airflow_venv_39/lib/python3.11/site-packages/airflow/example_dags/example_branch_day_of_week_operator.py
[2025-10-25T16:21:42.361+0200] {processor.py:830} INFO - Processing file /Users/youssefdaaloul/venv/dbt_snowflake/airflow_venv_39/lib/python3.11/site-packages/airflow/example_dags/example_branch_day_of_week_operator.py for tasks to queue
[2025-10-25T16:21:42.362+0200] {logging_mixin.py:188} INFO - [2025-10-25T16:21:42.361+0200] {dagbag.py:538} INFO - Filling up the DagBag from /Users/youssefdaaloul/venv/dbt_snowflake/airflow_venv_39/lib/python3.11/site-packages/airflow/example_dags/example_branch_day_of_week_operator.py
[2025-10-25T16:21:42.366+0200] {processor.py:840} INFO - DAG(s) 'example_weekday_branch_operator' retrieved from /Users/youssefdaaloul/venv/dbt_snowflake/airflow_venv_39/lib/python3.11/site-packages/airflow/example_dags/example_branch_day_of_week_operator.py
[2025-10-25T16:21:42.426+0200] {logging_mixin.py:188} INFO - [2025-10-25T16:21:42.426+0200] {dag.py:3036} INFO - Sync 1 DAGs
[2025-10-25T16:21:42.432+0200] {logging_mixin.py:188} INFO - [2025-10-25T16:21:42.432+0200] {dag.py:3823} INFO - Setting next_dagrun for example_weekday_branch_operator to 2025-10-24 00:00:00+00:00, run_after=2025-10-25 00:00:00+00:00
[2025-10-25T16:21:42.438+0200] {processor.py:183} INFO - Processing /Users/youssefdaaloul/venv/dbt_snowflake/airflow_venv_39/lib/python3.11/site-packages/airflow/example_dags/example_branch_day_of_week_operator.py took 0.078 seconds
[2025-10-25T16:23:28.496+0200] {processor.py:161} INFO - Started process (PID=72009) to work on /Users/youssefdaaloul/venv/dbt_snowflake/airflow_venv_39/lib/python3.11/site-packages/airflow/example_dags/example_branch_day_of_week_operator.py
[2025-10-25T16:23:28.497+0200] {processor.py:830} INFO - Processing file /Users/youssefdaaloul/venv/dbt_snowflake/airflow_venv_39/lib/python3.11/site-packages/airflow/example_dags/example_branch_day_of_week_operator.py for tasks to queue
[2025-10-25T16:23:28.497+0200] {logging_mixin.py:188} INFO - [2025-10-25T16:23:28.497+0200] {dagbag.py:538} INFO - Filling up the DagBag from /Users/youssefdaaloul/venv/dbt_snowflake/airflow_venv_39/lib/python3.11/site-packages/airflow/example_dags/example_branch_day_of_week_operator.py
[2025-10-25T16:23:28.502+0200] {processor.py:840} INFO - DAG(s) 'example_weekday_branch_operator' retrieved from /Users/youssefdaaloul/venv/dbt_snowflake/airflow_venv_39/lib/python3.11/site-packages/airflow/example_dags/example_branch_day_of_week_operator.py
[2025-10-25T16:23:28.560+0200] {logging_mixin.py:188} INFO - [2025-10-25T16:23:28.560+0200] {dag.py:3036} INFO - Sync 1 DAGs
[2025-10-25T16:23:28.566+0200] {logging_mixin.py:188} INFO - [2025-10-25T16:23:28.566+0200] {dag.py:3823} INFO - Setting next_dagrun for example_weekday_branch_operator to 2025-10-24 00:00:00+00:00, run_after=2025-10-25 00:00:00+00:00
[2025-10-25T16:23:28.573+0200] {processor.py:183} INFO - Processing /Users/youssefdaaloul/venv/dbt_snowflake/airflow_venv_39/lib/python3.11/site-packages/airflow/example_dags/example_branch_day_of_week_operator.py took 0.077 seconds
[2025-10-25T16:25:19.907+0200] {processor.py:161} INFO - Started process (PID=72108) to work on /Users/youssefdaaloul/venv/dbt_snowflake/airflow_venv_39/lib/python3.11/site-packages/airflow/example_dags/example_branch_day_of_week_operator.py
[2025-10-25T16:25:19.908+0200] {processor.py:830} INFO - Processing file /Users/youssefdaaloul/venv/dbt_snowflake/airflow_venv_39/lib/python3.11/site-packages/airflow/example_dags/example_branch_day_of_week_operator.py for tasks to queue
[2025-10-25T16:25:19.908+0200] {logging_mixin.py:188} INFO - [2025-10-25T16:25:19.908+0200] {dagbag.py:538} INFO - Filling up the DagBag from /Users/youssefdaaloul/venv/dbt_snowflake/airflow_venv_39/lib/python3.11/site-packages/airflow/example_dags/example_branch_day_of_week_operator.py
[2025-10-25T16:25:19.913+0200] {processor.py:840} INFO - DAG(s) 'example_weekday_branch_operator' retrieved from /Users/youssefdaaloul/venv/dbt_snowflake/airflow_venv_39/lib/python3.11/site-packages/airflow/example_dags/example_branch_day_of_week_operator.py
[2025-10-25T16:25:19.971+0200] {logging_mixin.py:188} INFO - [2025-10-25T16:25:19.970+0200] {dag.py:3036} INFO - Sync 1 DAGs
[2025-10-25T16:25:19.976+0200] {logging_mixin.py:188} INFO - [2025-10-25T16:25:19.976+0200] {dag.py:3823} INFO - Setting next_dagrun for example_weekday_branch_operator to 2025-10-24 00:00:00+00:00, run_after=2025-10-25 00:00:00+00:00
[2025-10-25T16:25:19.983+0200] {processor.py:183} INFO - Processing /Users/youssefdaaloul/venv/dbt_snowflake/airflow_venv_39/lib/python3.11/site-packages/airflow/example_dags/example_branch_day_of_week_operator.py took 0.076 seconds
[2025-10-25T16:27:05.233+0200] {processor.py:161} INFO - Started process (PID=72218) to work on /Users/youssefdaaloul/venv/dbt_snowflake/airflow_venv_39/lib/python3.11/site-packages/airflow/example_dags/example_branch_day_of_week_operator.py
[2025-10-25T16:27:05.234+0200] {processor.py:830} INFO - Processing file /Users/youssefdaaloul/venv/dbt_snowflake/airflow_venv_39/lib/python3.11/site-packages/airflow/example_dags/example_branch_day_of_week_operator.py for tasks to queue
[2025-10-25T16:27:05.234+0200] {logging_mixin.py:188} INFO - [2025-10-25T16:27:05.234+0200] {dagbag.py:538} INFO - Filling up the DagBag from /Users/youssefdaaloul/venv/dbt_snowflake/airflow_venv_39/lib/python3.11/site-packages/airflow/example_dags/example_branch_day_of_week_operator.py
[2025-10-25T16:27:05.239+0200] {processor.py:840} INFO - DAG(s) 'example_weekday_branch_operator' retrieved from /Users/youssefdaaloul/venv/dbt_snowflake/airflow_venv_39/lib/python3.11/site-packages/airflow/example_dags/example_branch_day_of_week_operator.py
[2025-10-25T16:27:05.298+0200] {logging_mixin.py:188} INFO - [2025-10-25T16:27:05.297+0200] {dag.py:3036} INFO - Sync 1 DAGs
[2025-10-25T16:27:05.303+0200] {logging_mixin.py:188} INFO - [2025-10-25T16:27:05.303+0200] {dag.py:3823} INFO - Setting next_dagrun for example_weekday_branch_operator to 2025-10-24 00:00:00+00:00, run_after=2025-10-25 00:00:00+00:00
[2025-10-25T16:27:05.310+0200] {processor.py:183} INFO - Processing /Users/youssefdaaloul/venv/dbt_snowflake/airflow_venv_39/lib/python3.11/site-packages/airflow/example_dags/example_branch_day_of_week_operator.py took 0.077 seconds
[2025-10-25T16:29:01.797+0200] {processor.py:161} INFO - Started process (PID=72338) to work on /Users/youssefdaaloul/venv/dbt_snowflake/airflow_venv_39/lib/python3.11/site-packages/airflow/example_dags/example_branch_day_of_week_operator.py
[2025-10-25T16:29:01.799+0200] {processor.py:830} INFO - Processing file /Users/youssefdaaloul/venv/dbt_snowflake/airflow_venv_39/lib/python3.11/site-packages/airflow/example_dags/example_branch_day_of_week_operator.py for tasks to queue
[2025-10-25T16:29:01.799+0200] {logging_mixin.py:188} INFO - [2025-10-25T16:29:01.799+0200] {dagbag.py:538} INFO - Filling up the DagBag from /Users/youssefdaaloul/venv/dbt_snowflake/airflow_venv_39/lib/python3.11/site-packages/airflow/example_dags/example_branch_day_of_week_operator.py
[2025-10-25T16:29:01.804+0200] {processor.py:840} INFO - DAG(s) 'example_weekday_branch_operator' retrieved from /Users/youssefdaaloul/venv/dbt_snowflake/airflow_venv_39/lib/python3.11/site-packages/airflow/example_dags/example_branch_day_of_week_operator.py
[2025-10-25T16:29:01.862+0200] {logging_mixin.py:188} INFO - [2025-10-25T16:29:01.862+0200] {dag.py:3036} INFO - Sync 1 DAGs
[2025-10-25T16:29:01.867+0200] {logging_mixin.py:188} INFO - [2025-10-25T16:29:01.867+0200] {dag.py:3823} INFO - Setting next_dagrun for example_weekday_branch_operator to 2025-10-24 00:00:00+00:00, run_after=2025-10-25 00:00:00+00:00
[2025-10-25T16:29:01.874+0200] {processor.py:183} INFO - Processing /Users/youssefdaaloul/venv/dbt_snowflake/airflow_venv_39/lib/python3.11/site-packages/airflow/example_dags/example_branch_day_of_week_operator.py took 0.077 seconds
[2025-10-25T16:31:00.470+0200] {processor.py:161} INFO - Started process (PID=72484) to work on /Users/youssefdaaloul/venv/dbt_snowflake/airflow_venv_39/lib/python3.11/site-packages/airflow/example_dags/example_branch_day_of_week_operator.py
[2025-10-25T16:31:00.471+0200] {processor.py:830} INFO - Processing file /Users/youssefdaaloul/venv/dbt_snowflake/airflow_venv_39/lib/python3.11/site-packages/airflow/example_dags/example_branch_day_of_week_operator.py for tasks to queue
[2025-10-25T16:31:00.472+0200] {logging_mixin.py:188} INFO - [2025-10-25T16:31:00.472+0200] {dagbag.py:538} INFO - Filling up the DagBag from /Users/youssefdaaloul/venv/dbt_snowflake/airflow_venv_39/lib/python3.11/site-packages/airflow/example_dags/example_branch_day_of_week_operator.py
[2025-10-25T16:31:00.477+0200] {processor.py:840} INFO - DAG(s) 'example_weekday_branch_operator' retrieved from /Users/youssefdaaloul/venv/dbt_snowflake/airflow_venv_39/lib/python3.11/site-packages/airflow/example_dags/example_branch_day_of_week_operator.py
[2025-10-25T16:31:00.542+0200] {logging_mixin.py:188} INFO - [2025-10-25T16:31:00.542+0200] {dag.py:3036} INFO - Sync 1 DAGs
[2025-10-25T16:31:00.549+0200] {logging_mixin.py:188} INFO - [2025-10-25T16:31:00.549+0200] {dag.py:3823} INFO - Setting next_dagrun for example_weekday_branch_operator to 2025-10-24 00:00:00+00:00, run_after=2025-10-25 00:00:00+00:00
[2025-10-25T16:31:00.556+0200] {processor.py:183} INFO - Processing /Users/youssefdaaloul/venv/dbt_snowflake/airflow_venv_39/lib/python3.11/site-packages/airflow/example_dags/example_branch_day_of_week_operator.py took 0.086 seconds
[2025-10-25T16:32:52.473+0200] {processor.py:161} INFO - Started process (PID=72624) to work on /Users/youssefdaaloul/venv/dbt_snowflake/airflow_venv_39/lib/python3.11/site-packages/airflow/example_dags/example_branch_day_of_week_operator.py
[2025-10-25T16:32:52.474+0200] {processor.py:830} INFO - Processing file /Users/youssefdaaloul/venv/dbt_snowflake/airflow_venv_39/lib/python3.11/site-packages/airflow/example_dags/example_branch_day_of_week_operator.py for tasks to queue
[2025-10-25T16:32:52.474+0200] {logging_mixin.py:188} INFO - [2025-10-25T16:32:52.474+0200] {dagbag.py:538} INFO - Filling up the DagBag from /Users/youssefdaaloul/venv/dbt_snowflake/airflow_venv_39/lib/python3.11/site-packages/airflow/example_dags/example_branch_day_of_week_operator.py
[2025-10-25T16:32:52.480+0200] {processor.py:840} INFO - DAG(s) 'example_weekday_branch_operator' retrieved from /Users/youssefdaaloul/venv/dbt_snowflake/airflow_venv_39/lib/python3.11/site-packages/airflow/example_dags/example_branch_day_of_week_operator.py
[2025-10-25T16:32:52.544+0200] {logging_mixin.py:188} INFO - [2025-10-25T16:32:52.544+0200] {dag.py:3036} INFO - Sync 1 DAGs
[2025-10-25T16:32:52.550+0200] {logging_mixin.py:188} INFO - [2025-10-25T16:32:52.550+0200] {dag.py:3823} INFO - Setting next_dagrun for example_weekday_branch_operator to 2025-10-24 00:00:00+00:00, run_after=2025-10-25 00:00:00+00:00
[2025-10-25T16:32:52.558+0200] {processor.py:183} INFO - Processing /Users/youssefdaaloul/venv/dbt_snowflake/airflow_venv_39/lib/python3.11/site-packages/airflow/example_dags/example_branch_day_of_week_operator.py took 0.085 seconds
[2025-10-25T16:34:52.453+0200] {processor.py:161} INFO - Started process (PID=72784) to work on /Users/youssefdaaloul/venv/dbt_snowflake/airflow_venv_39/lib/python3.11/site-packages/airflow/example_dags/example_branch_day_of_week_operator.py
[2025-10-25T16:34:52.454+0200] {processor.py:830} INFO - Processing file /Users/youssefdaaloul/venv/dbt_snowflake/airflow_venv_39/lib/python3.11/site-packages/airflow/example_dags/example_branch_day_of_week_operator.py for tasks to queue
[2025-10-25T16:34:52.454+0200] {logging_mixin.py:188} INFO - [2025-10-25T16:34:52.454+0200] {dagbag.py:538} INFO - Filling up the DagBag from /Users/youssefdaaloul/venv/dbt_snowflake/airflow_venv_39/lib/python3.11/site-packages/airflow/example_dags/example_branch_day_of_week_operator.py
[2025-10-25T16:34:52.459+0200] {processor.py:840} INFO - DAG(s) 'example_weekday_branch_operator' retrieved from /Users/youssefdaaloul/venv/dbt_snowflake/airflow_venv_39/lib/python3.11/site-packages/airflow/example_dags/example_branch_day_of_week_operator.py
[2025-10-25T16:34:52.528+0200] {logging_mixin.py:188} INFO - [2025-10-25T16:34:52.528+0200] {dag.py:3036} INFO - Sync 1 DAGs
[2025-10-25T16:34:52.534+0200] {logging_mixin.py:188} INFO - [2025-10-25T16:34:52.534+0200] {dag.py:3823} INFO - Setting next_dagrun for example_weekday_branch_operator to 2025-10-24 00:00:00+00:00, run_after=2025-10-25 00:00:00+00:00
[2025-10-25T16:34:52.544+0200] {processor.py:183} INFO - Processing /Users/youssefdaaloul/venv/dbt_snowflake/airflow_venv_39/lib/python3.11/site-packages/airflow/example_dags/example_branch_day_of_week_operator.py took 0.091 seconds
