[2025-10-25T16:09:09.778+0200] {processor.py:161} INFO - Started process (PID=71225) to work on /Users/youssefdaaloul/venv/dbt_snowflake/airflow_venv_39/lib/python3.11/site-packages/airflow/example_dags/example_params_trigger_ui.py
[2025-10-25T16:09:09.779+0200] {processor.py:830} INFO - Processing file /Users/youssefdaaloul/venv/dbt_snowflake/airflow_venv_39/lib/python3.11/site-packages/airflow/example_dags/example_params_trigger_ui.py for tasks to queue
[2025-10-25T16:09:09.779+0200] {logging_mixin.py:188} INFO - [2025-10-25T16:09:09.779+0200] {dagbag.py:538} INFO - Filling up the DagBag from /Users/youssefdaaloul/venv/dbt_snowflake/airflow_venv_39/lib/python3.11/site-packages/airflow/example_dags/example_params_trigger_ui.py
[2025-10-25T16:09:09.796+0200] {processor.py:840} INFO - DAG(s) 'example_params_trigger_ui' retrieved from /Users/youssefdaaloul/venv/dbt_snowflake/airflow_venv_39/lib/python3.11/site-packages/airflow/example_dags/example_params_trigger_ui.py
[2025-10-25T16:09:09.899+0200] {logging_mixin.py:188} INFO - [2025-10-25T16:09:09.899+0200] {dag.py:3036} INFO - Sync 1 DAGs
[2025-10-25T16:09:09.902+0200] {logging_mixin.py:188} INFO - [2025-10-25T16:09:09.902+0200] {dag.py:3823} INFO - Setting next_dagrun for example_params_trigger_ui to None, run_after=None
[2025-10-25T16:09:09.913+0200] {processor.py:183} INFO - Processing /Users/youssefdaaloul/venv/dbt_snowflake/airflow_venv_39/lib/python3.11/site-packages/airflow/example_dags/example_params_trigger_ui.py took 0.135 seconds
[2025-10-25T16:10:41.205+0200] {processor.py:161} INFO - Started process (PID=71309) to work on /Users/youssefdaaloul/venv/dbt_snowflake/airflow_venv_39/lib/python3.11/site-packages/airflow/example_dags/example_params_trigger_ui.py
[2025-10-25T16:10:41.206+0200] {processor.py:830} INFO - Processing file /Users/youssefdaaloul/venv/dbt_snowflake/airflow_venv_39/lib/python3.11/site-packages/airflow/example_dags/example_params_trigger_ui.py for tasks to queue
[2025-10-25T16:10:41.207+0200] {logging_mixin.py:188} INFO - [2025-10-25T16:10:41.206+0200] {dagbag.py:538} INFO - Filling up the DagBag from /Users/youssefdaaloul/venv/dbt_snowflake/airflow_venv_39/lib/python3.11/site-packages/airflow/example_dags/example_params_trigger_ui.py
[2025-10-25T16:10:41.225+0200] {processor.py:840} INFO - DAG(s) 'example_params_trigger_ui' retrieved from /Users/youssefdaaloul/venv/dbt_snowflake/airflow_venv_39/lib/python3.11/site-packages/airflow/example_dags/example_params_trigger_ui.py
[2025-10-25T16:10:41.291+0200] {logging_mixin.py:188} INFO - [2025-10-25T16:10:41.291+0200] {dag.py:3036} INFO - Sync 1 DAGs
[2025-10-25T16:10:41.295+0200] {logging_mixin.py:188} INFO - [2025-10-25T16:10:41.295+0200] {dag.py:3823} INFO - Setting next_dagrun for example_params_trigger_ui to None, run_after=None
[2025-10-25T16:10:41.302+0200] {processor.py:183} INFO - Processing /Users/youssefdaaloul/venv/dbt_snowflake/airflow_venv_39/lib/python3.11/site-packages/airflow/example_dags/example_params_trigger_ui.py took 0.097 seconds
[2025-10-25T16:12:38.160+0200] {processor.py:161} INFO - Started process (PID=71420) to work on /Users/youssefdaaloul/venv/dbt_snowflake/airflow_venv_39/lib/python3.11/site-packages/airflow/example_dags/example_params_trigger_ui.py
[2025-10-25T16:12:38.161+0200] {processor.py:830} INFO - Processing file /Users/youssefdaaloul/venv/dbt_snowflake/airflow_venv_39/lib/python3.11/site-packages/airflow/example_dags/example_params_trigger_ui.py for tasks to queue
[2025-10-25T16:12:38.161+0200] {logging_mixin.py:188} INFO - [2025-10-25T16:12:38.161+0200] {dagbag.py:538} INFO - Filling up the DagBag from /Users/youssefdaaloul/venv/dbt_snowflake/airflow_venv_39/lib/python3.11/site-packages/airflow/example_dags/example_params_trigger_ui.py
[2025-10-25T16:12:38.178+0200] {processor.py:840} INFO - DAG(s) 'example_params_trigger_ui' retrieved from /Users/youssefdaaloul/venv/dbt_snowflake/airflow_venv_39/lib/python3.11/site-packages/airflow/example_dags/example_params_trigger_ui.py
[2025-10-25T16:12:38.246+0200] {logging_mixin.py:188} INFO - [2025-10-25T16:12:38.246+0200] {dag.py:3036} INFO - Sync 1 DAGs
[2025-10-25T16:12:38.251+0200] {logging_mixin.py:188} INFO - [2025-10-25T16:12:38.251+0200] {dag.py:3823} INFO - Setting next_dagrun for example_params_trigger_ui to None, run_after=None
[2025-10-25T16:12:38.259+0200] {processor.py:183} INFO - Processing /Users/youssefdaaloul/venv/dbt_snowflake/airflow_venv_39/lib/python3.11/site-packages/airflow/example_dags/example_params_trigger_ui.py took 0.099 seconds
[2025-10-25T16:14:38.823+0200] {processor.py:161} INFO - Started process (PID=71529) to work on /Users/youssefdaaloul/venv/dbt_snowflake/airflow_venv_39/lib/python3.11/site-packages/airflow/example_dags/example_params_trigger_ui.py
[2025-10-25T16:14:38.824+0200] {processor.py:830} INFO - Processing file /Users/youssefdaaloul/venv/dbt_snowflake/airflow_venv_39/lib/python3.11/site-packages/airflow/example_dags/example_params_trigger_ui.py for tasks to queue
[2025-10-25T16:14:38.824+0200] {logging_mixin.py:188} INFO - [2025-10-25T16:14:38.824+0200] {dagbag.py:538} INFO - Filling up the DagBag from /Users/youssefdaaloul/venv/dbt_snowflake/airflow_venv_39/lib/python3.11/site-packages/airflow/example_dags/example_params_trigger_ui.py
[2025-10-25T16:14:38.842+0200] {processor.py:840} INFO - DAG(s) 'example_params_trigger_ui' retrieved from /Users/youssefdaaloul/venv/dbt_snowflake/airflow_venv_39/lib/python3.11/site-packages/airflow/example_dags/example_params_trigger_ui.py
[2025-10-25T16:14:38.910+0200] {logging_mixin.py:188} INFO - [2025-10-25T16:14:38.910+0200] {dag.py:3036} INFO - Sync 1 DAGs
[2025-10-25T16:14:38.915+0200] {logging_mixin.py:188} INFO - [2025-10-25T16:14:38.915+0200] {dag.py:3823} INFO - Setting next_dagrun for example_params_trigger_ui to None, run_after=None
[2025-10-25T16:14:38.922+0200] {processor.py:183} INFO - Processing /Users/youssefdaaloul/venv/dbt_snowflake/airflow_venv_39/lib/python3.11/site-packages/airflow/example_dags/example_params_trigger_ui.py took 0.099 seconds
[2025-10-25T16:16:40.133+0200] {processor.py:161} INFO - Started process (PID=71632) to work on /Users/youssefdaaloul/venv/dbt_snowflake/airflow_venv_39/lib/python3.11/site-packages/airflow/example_dags/example_params_trigger_ui.py
[2025-10-25T16:16:40.134+0200] {processor.py:830} INFO - Processing file /Users/youssefdaaloul/venv/dbt_snowflake/airflow_venv_39/lib/python3.11/site-packages/airflow/example_dags/example_params_trigger_ui.py for tasks to queue
[2025-10-25T16:16:40.134+0200] {logging_mixin.py:188} INFO - [2025-10-25T16:16:40.134+0200] {dagbag.py:538} INFO - Filling up the DagBag from /Users/youssefdaaloul/venv/dbt_snowflake/airflow_venv_39/lib/python3.11/site-packages/airflow/example_dags/example_params_trigger_ui.py
[2025-10-25T16:16:40.151+0200] {processor.py:840} INFO - DAG(s) 'example_params_trigger_ui' retrieved from /Users/youssefdaaloul/venv/dbt_snowflake/airflow_venv_39/lib/python3.11/site-packages/airflow/example_dags/example_params_trigger_ui.py
[2025-10-25T16:16:40.219+0200] {logging_mixin.py:188} INFO - [2025-10-25T16:16:40.219+0200] {dag.py:3036} INFO - Sync 1 DAGs
[2025-10-25T16:16:40.224+0200] {logging_mixin.py:188} INFO - [2025-10-25T16:16:40.223+0200] {dag.py:3823} INFO - Setting next_dagrun for example_params_trigger_ui to None, run_after=None
[2025-10-25T16:16:40.231+0200] {processor.py:183} INFO - Processing /Users/youssefdaaloul/venv/dbt_snowflake/airflow_venv_39/lib/python3.11/site-packages/airflow/example_dags/example_params_trigger_ui.py took 0.098 seconds
[2025-10-25T16:18:40.246+0200] {processor.py:161} INFO - Started process (PID=71734) to work on /Users/youssefdaaloul/venv/dbt_snowflake/airflow_venv_39/lib/python3.11/site-packages/airflow/example_dags/example_params_trigger_ui.py
[2025-10-25T16:18:40.247+0200] {processor.py:830} INFO - Processing file /Users/youssefdaaloul/venv/dbt_snowflake/airflow_venv_39/lib/python3.11/site-packages/airflow/example_dags/example_params_trigger_ui.py for tasks to queue
[2025-10-25T16:18:40.248+0200] {logging_mixin.py:188} INFO - [2025-10-25T16:18:40.248+0200] {dagbag.py:538} INFO - Filling up the DagBag from /Users/youssefdaaloul/venv/dbt_snowflake/airflow_venv_39/lib/python3.11/site-packages/airflow/example_dags/example_params_trigger_ui.py
[2025-10-25T16:18:40.263+0200] {processor.py:840} INFO - DAG(s) 'example_params_trigger_ui' retrieved from /Users/youssefdaaloul/venv/dbt_snowflake/airflow_venv_39/lib/python3.11/site-packages/airflow/example_dags/example_params_trigger_ui.py
[2025-10-25T16:18:40.327+0200] {logging_mixin.py:188} INFO - [2025-10-25T16:18:40.327+0200] {dag.py:3036} INFO - Sync 1 DAGs
[2025-10-25T16:18:40.331+0200] {logging_mixin.py:188} INFO - [2025-10-25T16:18:40.331+0200] {dag.py:3823} INFO - Setting next_dagrun for example_params_trigger_ui to None, run_after=None
[2025-10-25T16:18:40.338+0200] {processor.py:183} INFO - Processing /Users/youssefdaaloul/venv/dbt_snowflake/airflow_venv_39/lib/python3.11/site-packages/airflow/example_dags/example_params_trigger_ui.py took 0.092 seconds
[2025-10-25T16:20:45.266+0200] {processor.py:161} INFO - Started process (PID=71857) to work on /Users/youssefdaaloul/venv/dbt_snowflake/airflow_venv_39/lib/python3.11/site-packages/airflow/example_dags/example_params_trigger_ui.py
[2025-10-25T16:20:45.268+0200] {processor.py:830} INFO - Processing file /Users/youssefdaaloul/venv/dbt_snowflake/airflow_venv_39/lib/python3.11/site-packages/airflow/example_dags/example_params_trigger_ui.py for tasks to queue
[2025-10-25T16:20:45.268+0200] {logging_mixin.py:188} INFO - [2025-10-25T16:20:45.268+0200] {dagbag.py:538} INFO - Filling up the DagBag from /Users/youssefdaaloul/venv/dbt_snowflake/airflow_venv_39/lib/python3.11/site-packages/airflow/example_dags/example_params_trigger_ui.py
[2025-10-25T16:20:45.284+0200] {processor.py:840} INFO - DAG(s) 'example_params_trigger_ui' retrieved from /Users/youssefdaaloul/venv/dbt_snowflake/airflow_venv_39/lib/python3.11/site-packages/airflow/example_dags/example_params_trigger_ui.py
[2025-10-25T16:20:45.350+0200] {logging_mixin.py:188} INFO - [2025-10-25T16:20:45.349+0200] {dag.py:3036} INFO - Sync 1 DAGs
[2025-10-25T16:20:45.353+0200] {logging_mixin.py:188} INFO - [2025-10-25T16:20:45.353+0200] {dag.py:3823} INFO - Setting next_dagrun for example_params_trigger_ui to None, run_after=None
[2025-10-25T16:20:45.360+0200] {processor.py:183} INFO - Processing /Users/youssefdaaloul/venv/dbt_snowflake/airflow_venv_39/lib/python3.11/site-packages/airflow/example_dags/example_params_trigger_ui.py took 0.094 seconds
[2025-10-25T16:22:33.514+0200] {processor.py:161} INFO - Started process (PID=71949) to work on /Users/youssefdaaloul/venv/dbt_snowflake/airflow_venv_39/lib/python3.11/site-packages/airflow/example_dags/example_params_trigger_ui.py
[2025-10-25T16:22:33.515+0200] {processor.py:830} INFO - Processing file /Users/youssefdaaloul/venv/dbt_snowflake/airflow_venv_39/lib/python3.11/site-packages/airflow/example_dags/example_params_trigger_ui.py for tasks to queue
[2025-10-25T16:22:33.515+0200] {logging_mixin.py:188} INFO - [2025-10-25T16:22:33.515+0200] {dagbag.py:538} INFO - Filling up the DagBag from /Users/youssefdaaloul/venv/dbt_snowflake/airflow_venv_39/lib/python3.11/site-packages/airflow/example_dags/example_params_trigger_ui.py
[2025-10-25T16:22:33.532+0200] {processor.py:840} INFO - DAG(s) 'example_params_trigger_ui' retrieved from /Users/youssefdaaloul/venv/dbt_snowflake/airflow_venv_39/lib/python3.11/site-packages/airflow/example_dags/example_params_trigger_ui.py
[2025-10-25T16:22:33.599+0200] {logging_mixin.py:188} INFO - [2025-10-25T16:22:33.599+0200] {dag.py:3036} INFO - Sync 1 DAGs
[2025-10-25T16:22:33.603+0200] {logging_mixin.py:188} INFO - [2025-10-25T16:22:33.603+0200] {dag.py:3823} INFO - Setting next_dagrun for example_params_trigger_ui to None, run_after=None
[2025-10-25T16:22:33.611+0200] {processor.py:183} INFO - Processing /Users/youssefdaaloul/venv/dbt_snowflake/airflow_venv_39/lib/python3.11/site-packages/airflow/example_dags/example_params_trigger_ui.py took 0.097 seconds
[2025-10-25T16:24:23.771+0200] {processor.py:161} INFO - Started process (PID=72053) to work on /Users/youssefdaaloul/venv/dbt_snowflake/airflow_venv_39/lib/python3.11/site-packages/airflow/example_dags/example_params_trigger_ui.py
[2025-10-25T16:24:23.772+0200] {processor.py:830} INFO - Processing file /Users/youssefdaaloul/venv/dbt_snowflake/airflow_venv_39/lib/python3.11/site-packages/airflow/example_dags/example_params_trigger_ui.py for tasks to queue
[2025-10-25T16:24:23.772+0200] {logging_mixin.py:188} INFO - [2025-10-25T16:24:23.772+0200] {dagbag.py:538} INFO - Filling up the DagBag from /Users/youssefdaaloul/venv/dbt_snowflake/airflow_venv_39/lib/python3.11/site-packages/airflow/example_dags/example_params_trigger_ui.py
[2025-10-25T16:24:23.788+0200] {processor.py:840} INFO - DAG(s) 'example_params_trigger_ui' retrieved from /Users/youssefdaaloul/venv/dbt_snowflake/airflow_venv_39/lib/python3.11/site-packages/airflow/example_dags/example_params_trigger_ui.py
[2025-10-25T16:24:23.851+0200] {logging_mixin.py:188} INFO - [2025-10-25T16:24:23.850+0200] {dag.py:3036} INFO - Sync 1 DAGs
[2025-10-25T16:24:23.854+0200] {logging_mixin.py:188} INFO - [2025-10-25T16:24:23.854+0200] {dag.py:3823} INFO - Setting next_dagrun for example_params_trigger_ui to None, run_after=None
[2025-10-25T16:24:23.861+0200] {processor.py:183} INFO - Processing /Users/youssefdaaloul/venv/dbt_snowflake/airflow_venv_39/lib/python3.11/site-packages/airflow/example_dags/example_params_trigger_ui.py took 0.091 seconds
[2025-10-25T16:26:10.562+0200] {processor.py:161} INFO - Started process (PID=72170) to work on /Users/youssefdaaloul/venv/dbt_snowflake/airflow_venv_39/lib/python3.11/site-packages/airflow/example_dags/example_params_trigger_ui.py
[2025-10-25T16:26:10.563+0200] {processor.py:830} INFO - Processing file /Users/youssefdaaloul/venv/dbt_snowflake/airflow_venv_39/lib/python3.11/site-packages/airflow/example_dags/example_params_trigger_ui.py for tasks to queue
[2025-10-25T16:26:10.564+0200] {logging_mixin.py:188} INFO - [2025-10-25T16:26:10.564+0200] {dagbag.py:538} INFO - Filling up the DagBag from /Users/youssefdaaloul/venv/dbt_snowflake/airflow_venv_39/lib/python3.11/site-packages/airflow/example_dags/example_params_trigger_ui.py
[2025-10-25T16:26:10.581+0200] {processor.py:840} INFO - DAG(s) 'example_params_trigger_ui' retrieved from /Users/youssefdaaloul/venv/dbt_snowflake/airflow_venv_39/lib/python3.11/site-packages/airflow/example_dags/example_params_trigger_ui.py
[2025-10-25T16:26:10.644+0200] {logging_mixin.py:188} INFO - [2025-10-25T16:26:10.644+0200] {dag.py:3036} INFO - Sync 1 DAGs
[2025-10-25T16:26:10.648+0200] {logging_mixin.py:188} INFO - [2025-10-25T16:26:10.648+0200] {dag.py:3823} INFO - Setting next_dagrun for example_params_trigger_ui to None, run_after=None
[2025-10-25T16:26:10.655+0200] {processor.py:183} INFO - Processing /Users/youssefdaaloul/venv/dbt_snowflake/airflow_venv_39/lib/python3.11/site-packages/airflow/example_dags/example_params_trigger_ui.py took 0.093 seconds
[2025-10-25T16:28:01.183+0200] {processor.py:161} INFO - Started process (PID=72280) to work on /Users/youssefdaaloul/venv/dbt_snowflake/airflow_venv_39/lib/python3.11/site-packages/airflow/example_dags/example_params_trigger_ui.py
[2025-10-25T16:28:01.183+0200] {processor.py:830} INFO - Processing file /Users/youssefdaaloul/venv/dbt_snowflake/airflow_venv_39/lib/python3.11/site-packages/airflow/example_dags/example_params_trigger_ui.py for tasks to queue
[2025-10-25T16:28:01.184+0200] {logging_mixin.py:188} INFO - [2025-10-25T16:28:01.184+0200] {dagbag.py:538} INFO - Filling up the DagBag from /Users/youssefdaaloul/venv/dbt_snowflake/airflow_venv_39/lib/python3.11/site-packages/airflow/example_dags/example_params_trigger_ui.py
[2025-10-25T16:28:01.201+0200] {processor.py:840} INFO - DAG(s) 'example_params_trigger_ui' retrieved from /Users/youssefdaaloul/venv/dbt_snowflake/airflow_venv_39/lib/python3.11/site-packages/airflow/example_dags/example_params_trigger_ui.py
[2025-10-25T16:28:01.267+0200] {logging_mixin.py:188} INFO - [2025-10-25T16:28:01.267+0200] {dag.py:3036} INFO - Sync 1 DAGs
[2025-10-25T16:28:01.271+0200] {logging_mixin.py:188} INFO - [2025-10-25T16:28:01.271+0200] {dag.py:3823} INFO - Setting next_dagrun for example_params_trigger_ui to None, run_after=None
[2025-10-25T16:28:01.279+0200] {processor.py:183} INFO - Processing /Users/youssefdaaloul/venv/dbt_snowflake/airflow_venv_39/lib/python3.11/site-packages/airflow/example_dags/example_params_trigger_ui.py took 0.097 seconds
[2025-10-25T16:29:58.414+0200] {processor.py:161} INFO - Started process (PID=72404) to work on /Users/youssefdaaloul/venv/dbt_snowflake/airflow_venv_39/lib/python3.11/site-packages/airflow/example_dags/example_params_trigger_ui.py
[2025-10-25T16:29:58.415+0200] {processor.py:830} INFO - Processing file /Users/youssefdaaloul/venv/dbt_snowflake/airflow_venv_39/lib/python3.11/site-packages/airflow/example_dags/example_params_trigger_ui.py for tasks to queue
[2025-10-25T16:29:58.415+0200] {logging_mixin.py:188} INFO - [2025-10-25T16:29:58.415+0200] {dagbag.py:538} INFO - Filling up the DagBag from /Users/youssefdaaloul/venv/dbt_snowflake/airflow_venv_39/lib/python3.11/site-packages/airflow/example_dags/example_params_trigger_ui.py
[2025-10-25T16:29:58.435+0200] {processor.py:840} INFO - DAG(s) 'example_params_trigger_ui' retrieved from /Users/youssefdaaloul/venv/dbt_snowflake/airflow_venv_39/lib/python3.11/site-packages/airflow/example_dags/example_params_trigger_ui.py
[2025-10-25T16:29:58.513+0200] {logging_mixin.py:188} INFO - [2025-10-25T16:29:58.513+0200] {dag.py:3036} INFO - Sync 1 DAGs
[2025-10-25T16:29:58.517+0200] {logging_mixin.py:188} INFO - [2025-10-25T16:29:58.517+0200] {dag.py:3823} INFO - Setting next_dagrun for example_params_trigger_ui to None, run_after=None
[2025-10-25T16:29:58.525+0200] {processor.py:183} INFO - Processing /Users/youssefdaaloul/venv/dbt_snowflake/airflow_venv_39/lib/python3.11/site-packages/airflow/example_dags/example_params_trigger_ui.py took 0.111 seconds
[2025-10-25T16:31:53.605+0200] {processor.py:161} INFO - Started process (PID=72578) to work on /Users/youssefdaaloul/venv/dbt_snowflake/airflow_venv_39/lib/python3.11/site-packages/airflow/example_dags/example_params_trigger_ui.py
[2025-10-25T16:31:53.606+0200] {processor.py:830} INFO - Processing file /Users/youssefdaaloul/venv/dbt_snowflake/airflow_venv_39/lib/python3.11/site-packages/airflow/example_dags/example_params_trigger_ui.py for tasks to queue
[2025-10-25T16:31:53.606+0200] {logging_mixin.py:188} INFO - [2025-10-25T16:31:53.606+0200] {dagbag.py:538} INFO - Filling up the DagBag from /Users/youssefdaaloul/venv/dbt_snowflake/airflow_venv_39/lib/python3.11/site-packages/airflow/example_dags/example_params_trigger_ui.py
[2025-10-25T16:31:53.623+0200] {processor.py:840} INFO - DAG(s) 'example_params_trigger_ui' retrieved from /Users/youssefdaaloul/venv/dbt_snowflake/airflow_venv_39/lib/python3.11/site-packages/airflow/example_dags/example_params_trigger_ui.py
[2025-10-25T16:31:53.699+0200] {logging_mixin.py:188} INFO - [2025-10-25T16:31:53.699+0200] {dag.py:3036} INFO - Sync 1 DAGs
[2025-10-25T16:31:53.703+0200] {logging_mixin.py:188} INFO - [2025-10-25T16:31:53.703+0200] {dag.py:3823} INFO - Setting next_dagrun for example_params_trigger_ui to None, run_after=None
[2025-10-25T16:31:53.711+0200] {processor.py:183} INFO - Processing /Users/youssefdaaloul/venv/dbt_snowflake/airflow_venv_39/lib/python3.11/site-packages/airflow/example_dags/example_params_trigger_ui.py took 0.106 seconds
[2025-10-25T16:33:50.737+0200] {processor.py:161} INFO - Started process (PID=72704) to work on /Users/youssefdaaloul/venv/dbt_snowflake/airflow_venv_39/lib/python3.11/site-packages/airflow/example_dags/example_params_trigger_ui.py
[2025-10-25T16:33:50.738+0200] {processor.py:830} INFO - Processing file /Users/youssefdaaloul/venv/dbt_snowflake/airflow_venv_39/lib/python3.11/site-packages/airflow/example_dags/example_params_trigger_ui.py for tasks to queue
[2025-10-25T16:33:50.738+0200] {logging_mixin.py:188} INFO - [2025-10-25T16:33:50.738+0200] {dagbag.py:538} INFO - Filling up the DagBag from /Users/youssefdaaloul/venv/dbt_snowflake/airflow_venv_39/lib/python3.11/site-packages/airflow/example_dags/example_params_trigger_ui.py
[2025-10-25T16:33:50.756+0200] {processor.py:840} INFO - DAG(s) 'example_params_trigger_ui' retrieved from /Users/youssefdaaloul/venv/dbt_snowflake/airflow_venv_39/lib/python3.11/site-packages/airflow/example_dags/example_params_trigger_ui.py
[2025-10-25T16:33:50.826+0200] {logging_mixin.py:188} INFO - [2025-10-25T16:33:50.825+0200] {dag.py:3036} INFO - Sync 1 DAGs
[2025-10-25T16:33:50.829+0200] {logging_mixin.py:188} INFO - [2025-10-25T16:33:50.829+0200] {dag.py:3823} INFO - Setting next_dagrun for example_params_trigger_ui to None, run_after=None
[2025-10-25T16:33:50.837+0200] {processor.py:183} INFO - Processing /Users/youssefdaaloul/venv/dbt_snowflake/airflow_venv_39/lib/python3.11/site-packages/airflow/example_dags/example_params_trigger_ui.py took 0.100 seconds
[2025-10-25T16:35:49.556+0200] {processor.py:161} INFO - Started process (PID=72861) to work on /Users/youssefdaaloul/venv/dbt_snowflake/airflow_venv_39/lib/python3.11/site-packages/airflow/example_dags/example_params_trigger_ui.py
[2025-10-25T16:35:49.557+0200] {processor.py:830} INFO - Processing file /Users/youssefdaaloul/venv/dbt_snowflake/airflow_venv_39/lib/python3.11/site-packages/airflow/example_dags/example_params_trigger_ui.py for tasks to queue
[2025-10-25T16:35:49.558+0200] {logging_mixin.py:188} INFO - [2025-10-25T16:35:49.558+0200] {dagbag.py:538} INFO - Filling up the DagBag from /Users/youssefdaaloul/venv/dbt_snowflake/airflow_venv_39/lib/python3.11/site-packages/airflow/example_dags/example_params_trigger_ui.py
[2025-10-25T16:35:49.574+0200] {processor.py:840} INFO - DAG(s) 'example_params_trigger_ui' retrieved from /Users/youssefdaaloul/venv/dbt_snowflake/airflow_venv_39/lib/python3.11/site-packages/airflow/example_dags/example_params_trigger_ui.py
[2025-10-25T16:35:49.639+0200] {logging_mixin.py:188} INFO - [2025-10-25T16:35:49.638+0200] {dag.py:3036} INFO - Sync 1 DAGs
[2025-10-25T16:35:49.643+0200] {logging_mixin.py:188} INFO - [2025-10-25T16:35:49.643+0200] {dag.py:3823} INFO - Setting next_dagrun for example_params_trigger_ui to None, run_after=None
[2025-10-25T16:35:49.650+0200] {processor.py:183} INFO - Processing /Users/youssefdaaloul/venv/dbt_snowflake/airflow_venv_39/lib/python3.11/site-packages/airflow/example_dags/example_params_trigger_ui.py took 0.094 seconds
