[2025-10-25T16:09:03.689+0200] {processor.py:161} INFO - Started process (PID=71219) to work on /Users/youssefdaaloul/venv/dbt_snowflake/airflow_venv_39/lib/python3.11/site-packages/airflow/example_dags/example_python_decorator.py
[2025-10-25T16:09:03.689+0200] {processor.py:830} INFO - Processing file /Users/youssefdaaloul/venv/dbt_snowflake/airflow_venv_39/lib/python3.11/site-packages/airflow/example_dags/example_python_decorator.py for tasks to queue
[2025-10-25T16:09:03.689+0200] {logging_mixin.py:188} INFO - [2025-10-25T16:09:03.689+0200] {dagbag.py:538} INFO - Filling up the DagBag from /Users/youssefdaaloul/venv/dbt_snowflake/airflow_venv_39/lib/python3.11/site-packages/airflow/example_dags/example_python_decorator.py
[2025-10-25T16:09:03.705+0200] {logging_mixin.py:188} INFO - [2025-10-25T16:09:03.705+0200] {example_python_decorator.py:79} WARNING - The virtalenv_python example task requires virtualenv, please install it.
[2025-10-25T16:09:03.706+0200] {processor.py:840} INFO - DAG(s) 'example_python_decorator' retrieved from /Users/youssefdaaloul/venv/dbt_snowflake/airflow_venv_39/lib/python3.11/site-packages/airflow/example_dags/example_python_decorator.py
[2025-10-25T16:09:03.805+0200] {logging_mixin.py:188} INFO - [2025-10-25T16:09:03.805+0200] {dag.py:3036} INFO - Sync 1 DAGs
[2025-10-25T16:09:03.808+0200] {logging_mixin.py:188} INFO - [2025-10-25T16:09:03.808+0200] {dag.py:3823} INFO - Setting next_dagrun for example_python_decorator to None, run_after=None
[2025-10-25T16:09:03.816+0200] {processor.py:183} INFO - Processing /Users/youssefdaaloul/venv/dbt_snowflake/airflow_venv_39/lib/python3.11/site-packages/airflow/example_dags/example_python_decorator.py took 0.128 seconds
[2025-10-25T16:10:36.191+0200] {processor.py:161} INFO - Started process (PID=71305) to work on /Users/youssefdaaloul/venv/dbt_snowflake/airflow_venv_39/lib/python3.11/site-packages/airflow/example_dags/example_python_decorator.py
[2025-10-25T16:10:36.192+0200] {processor.py:830} INFO - Processing file /Users/youssefdaaloul/venv/dbt_snowflake/airflow_venv_39/lib/python3.11/site-packages/airflow/example_dags/example_python_decorator.py for tasks to queue
[2025-10-25T16:10:36.192+0200] {logging_mixin.py:188} INFO - [2025-10-25T16:10:36.192+0200] {dagbag.py:538} INFO - Filling up the DagBag from /Users/youssefdaaloul/venv/dbt_snowflake/airflow_venv_39/lib/python3.11/site-packages/airflow/example_dags/example_python_decorator.py
[2025-10-25T16:10:36.210+0200] {logging_mixin.py:188} INFO - [2025-10-25T16:10:36.209+0200] {example_python_decorator.py:79} WARNING - The virtalenv_python example task requires virtualenv, please install it.
[2025-10-25T16:10:36.210+0200] {processor.py:840} INFO - DAG(s) 'example_python_decorator' retrieved from /Users/youssefdaaloul/venv/dbt_snowflake/airflow_venv_39/lib/python3.11/site-packages/airflow/example_dags/example_python_decorator.py
[2025-10-25T16:10:36.279+0200] {logging_mixin.py:188} INFO - [2025-10-25T16:10:36.279+0200] {dag.py:3036} INFO - Sync 1 DAGs
[2025-10-25T16:10:36.283+0200] {logging_mixin.py:188} INFO - [2025-10-25T16:10:36.283+0200] {dag.py:3823} INFO - Setting next_dagrun for example_python_decorator to None, run_after=None
[2025-10-25T16:10:36.291+0200] {processor.py:183} INFO - Processing /Users/youssefdaaloul/venv/dbt_snowflake/airflow_venv_39/lib/python3.11/site-packages/airflow/example_dags/example_python_decorator.py took 0.101 seconds
[2025-10-25T16:12:33.495+0200] {processor.py:161} INFO - Started process (PID=71416) to work on /Users/youssefdaaloul/venv/dbt_snowflake/airflow_venv_39/lib/python3.11/site-packages/airflow/example_dags/example_python_decorator.py
[2025-10-25T16:12:33.496+0200] {processor.py:830} INFO - Processing file /Users/youssefdaaloul/venv/dbt_snowflake/airflow_venv_39/lib/python3.11/site-packages/airflow/example_dags/example_python_decorator.py for tasks to queue
[2025-10-25T16:12:33.497+0200] {logging_mixin.py:188} INFO - [2025-10-25T16:12:33.496+0200] {dagbag.py:538} INFO - Filling up the DagBag from /Users/youssefdaaloul/venv/dbt_snowflake/airflow_venv_39/lib/python3.11/site-packages/airflow/example_dags/example_python_decorator.py
[2025-10-25T16:12:33.512+0200] {logging_mixin.py:188} INFO - [2025-10-25T16:12:33.511+0200] {example_python_decorator.py:79} WARNING - The virtalenv_python example task requires virtualenv, please install it.
[2025-10-25T16:12:33.512+0200] {processor.py:840} INFO - DAG(s) 'example_python_decorator' retrieved from /Users/youssefdaaloul/venv/dbt_snowflake/airflow_venv_39/lib/python3.11/site-packages/airflow/example_dags/example_python_decorator.py
[2025-10-25T16:12:33.572+0200] {logging_mixin.py:188} INFO - [2025-10-25T16:12:33.572+0200] {dag.py:3036} INFO - Sync 1 DAGs
[2025-10-25T16:12:33.575+0200] {logging_mixin.py:188} INFO - [2025-10-25T16:12:33.575+0200] {dag.py:3823} INFO - Setting next_dagrun for example_python_decorator to None, run_after=None
[2025-10-25T16:12:33.582+0200] {processor.py:183} INFO - Processing /Users/youssefdaaloul/venv/dbt_snowflake/airflow_venv_39/lib/python3.11/site-packages/airflow/example_dags/example_python_decorator.py took 0.087 seconds
[2025-10-25T16:14:32.828+0200] {processor.py:161} INFO - Started process (PID=71520) to work on /Users/youssefdaaloul/venv/dbt_snowflake/airflow_venv_39/lib/python3.11/site-packages/airflow/example_dags/example_python_decorator.py
[2025-10-25T16:14:32.829+0200] {processor.py:830} INFO - Processing file /Users/youssefdaaloul/venv/dbt_snowflake/airflow_venv_39/lib/python3.11/site-packages/airflow/example_dags/example_python_decorator.py for tasks to queue
[2025-10-25T16:14:32.829+0200] {logging_mixin.py:188} INFO - [2025-10-25T16:14:32.829+0200] {dagbag.py:538} INFO - Filling up the DagBag from /Users/youssefdaaloul/venv/dbt_snowflake/airflow_venv_39/lib/python3.11/site-packages/airflow/example_dags/example_python_decorator.py
[2025-10-25T16:14:32.846+0200] {logging_mixin.py:188} INFO - [2025-10-25T16:14:32.846+0200] {example_python_decorator.py:79} WARNING - The virtalenv_python example task requires virtualenv, please install it.
[2025-10-25T16:14:32.847+0200] {processor.py:840} INFO - DAG(s) 'example_python_decorator' retrieved from /Users/youssefdaaloul/venv/dbt_snowflake/airflow_venv_39/lib/python3.11/site-packages/airflow/example_dags/example_python_decorator.py
[2025-10-25T16:14:32.911+0200] {logging_mixin.py:188} INFO - [2025-10-25T16:14:32.911+0200] {dag.py:3036} INFO - Sync 1 DAGs
[2025-10-25T16:14:32.916+0200] {logging_mixin.py:188} INFO - [2025-10-25T16:14:32.915+0200] {dag.py:3823} INFO - Setting next_dagrun for example_python_decorator to None, run_after=None
[2025-10-25T16:14:32.924+0200] {processor.py:183} INFO - Processing /Users/youssefdaaloul/venv/dbt_snowflake/airflow_venv_39/lib/python3.11/site-packages/airflow/example_dags/example_python_decorator.py took 0.096 seconds
[2025-10-25T16:16:34.396+0200] {processor.py:161} INFO - Started process (PID=71628) to work on /Users/youssefdaaloul/venv/dbt_snowflake/airflow_venv_39/lib/python3.11/site-packages/airflow/example_dags/example_python_decorator.py
[2025-10-25T16:16:34.396+0200] {processor.py:830} INFO - Processing file /Users/youssefdaaloul/venv/dbt_snowflake/airflow_venv_39/lib/python3.11/site-packages/airflow/example_dags/example_python_decorator.py for tasks to queue
[2025-10-25T16:16:34.397+0200] {logging_mixin.py:188} INFO - [2025-10-25T16:16:34.397+0200] {dagbag.py:538} INFO - Filling up the DagBag from /Users/youssefdaaloul/venv/dbt_snowflake/airflow_venv_39/lib/python3.11/site-packages/airflow/example_dags/example_python_decorator.py
[2025-10-25T16:16:34.413+0200] {logging_mixin.py:188} INFO - [2025-10-25T16:16:34.413+0200] {example_python_decorator.py:79} WARNING - The virtalenv_python example task requires virtualenv, please install it.
[2025-10-25T16:16:34.414+0200] {processor.py:840} INFO - DAG(s) 'example_python_decorator' retrieved from /Users/youssefdaaloul/venv/dbt_snowflake/airflow_venv_39/lib/python3.11/site-packages/airflow/example_dags/example_python_decorator.py
[2025-10-25T16:16:34.473+0200] {logging_mixin.py:188} INFO - [2025-10-25T16:16:34.473+0200] {dag.py:3036} INFO - Sync 1 DAGs
[2025-10-25T16:16:34.477+0200] {logging_mixin.py:188} INFO - [2025-10-25T16:16:34.477+0200] {dag.py:3823} INFO - Setting next_dagrun for example_python_decorator to None, run_after=None
[2025-10-25T16:16:34.484+0200] {processor.py:183} INFO - Processing /Users/youssefdaaloul/venv/dbt_snowflake/airflow_venv_39/lib/python3.11/site-packages/airflow/example_dags/example_python_decorator.py took 0.089 seconds
[2025-10-25T16:18:34.373+0200] {processor.py:161} INFO - Started process (PID=71728) to work on /Users/youssefdaaloul/venv/dbt_snowflake/airflow_venv_39/lib/python3.11/site-packages/airflow/example_dags/example_python_decorator.py
[2025-10-25T16:18:34.374+0200] {processor.py:830} INFO - Processing file /Users/youssefdaaloul/venv/dbt_snowflake/airflow_venv_39/lib/python3.11/site-packages/airflow/example_dags/example_python_decorator.py for tasks to queue
[2025-10-25T16:18:34.374+0200] {logging_mixin.py:188} INFO - [2025-10-25T16:18:34.374+0200] {dagbag.py:538} INFO - Filling up the DagBag from /Users/youssefdaaloul/venv/dbt_snowflake/airflow_venv_39/lib/python3.11/site-packages/airflow/example_dags/example_python_decorator.py
[2025-10-25T16:18:34.390+0200] {logging_mixin.py:188} INFO - [2025-10-25T16:18:34.389+0200] {example_python_decorator.py:79} WARNING - The virtalenv_python example task requires virtualenv, please install it.
[2025-10-25T16:18:34.390+0200] {processor.py:840} INFO - DAG(s) 'example_python_decorator' retrieved from /Users/youssefdaaloul/venv/dbt_snowflake/airflow_venv_39/lib/python3.11/site-packages/airflow/example_dags/example_python_decorator.py
[2025-10-25T16:18:34.449+0200] {logging_mixin.py:188} INFO - [2025-10-25T16:18:34.448+0200] {dag.py:3036} INFO - Sync 1 DAGs
[2025-10-25T16:18:34.452+0200] {logging_mixin.py:188} INFO - [2025-10-25T16:18:34.452+0200] {dag.py:3823} INFO - Setting next_dagrun for example_python_decorator to None, run_after=None
[2025-10-25T16:18:34.459+0200] {processor.py:183} INFO - Processing /Users/youssefdaaloul/venv/dbt_snowflake/airflow_venv_39/lib/python3.11/site-packages/airflow/example_dags/example_python_decorator.py took 0.087 seconds
[2025-10-25T16:20:39.708+0200] {processor.py:161} INFO - Started process (PID=71854) to work on /Users/youssefdaaloul/venv/dbt_snowflake/airflow_venv_39/lib/python3.11/site-packages/airflow/example_dags/example_python_decorator.py
[2025-10-25T16:20:39.709+0200] {processor.py:830} INFO - Processing file /Users/youssefdaaloul/venv/dbt_snowflake/airflow_venv_39/lib/python3.11/site-packages/airflow/example_dags/example_python_decorator.py for tasks to queue
[2025-10-25T16:20:39.709+0200] {logging_mixin.py:188} INFO - [2025-10-25T16:20:39.709+0200] {dagbag.py:538} INFO - Filling up the DagBag from /Users/youssefdaaloul/venv/dbt_snowflake/airflow_venv_39/lib/python3.11/site-packages/airflow/example_dags/example_python_decorator.py
[2025-10-25T16:20:39.725+0200] {logging_mixin.py:188} INFO - [2025-10-25T16:20:39.725+0200] {example_python_decorator.py:79} WARNING - The virtalenv_python example task requires virtualenv, please install it.
[2025-10-25T16:20:39.726+0200] {processor.py:840} INFO - DAG(s) 'example_python_decorator' retrieved from /Users/youssefdaaloul/venv/dbt_snowflake/airflow_venv_39/lib/python3.11/site-packages/airflow/example_dags/example_python_decorator.py
[2025-10-25T16:20:39.782+0200] {logging_mixin.py:188} INFO - [2025-10-25T16:20:39.782+0200] {dag.py:3036} INFO - Sync 1 DAGs
[2025-10-25T16:20:39.786+0200] {logging_mixin.py:188} INFO - [2025-10-25T16:20:39.786+0200] {dag.py:3823} INFO - Setting next_dagrun for example_python_decorator to None, run_after=None
[2025-10-25T16:20:39.793+0200] {processor.py:183} INFO - Processing /Users/youssefdaaloul/venv/dbt_snowflake/airflow_venv_39/lib/python3.11/site-packages/airflow/example_dags/example_python_decorator.py took 0.085 seconds
[2025-10-25T16:22:29.534+0200] {processor.py:161} INFO - Started process (PID=71945) to work on /Users/youssefdaaloul/venv/dbt_snowflake/airflow_venv_39/lib/python3.11/site-packages/airflow/example_dags/example_python_decorator.py
[2025-10-25T16:22:29.535+0200] {processor.py:830} INFO - Processing file /Users/youssefdaaloul/venv/dbt_snowflake/airflow_venv_39/lib/python3.11/site-packages/airflow/example_dags/example_python_decorator.py for tasks to queue
[2025-10-25T16:22:29.536+0200] {logging_mixin.py:188} INFO - [2025-10-25T16:22:29.536+0200] {dagbag.py:538} INFO - Filling up the DagBag from /Users/youssefdaaloul/venv/dbt_snowflake/airflow_venv_39/lib/python3.11/site-packages/airflow/example_dags/example_python_decorator.py
[2025-10-25T16:22:29.550+0200] {logging_mixin.py:188} INFO - [2025-10-25T16:22:29.550+0200] {example_python_decorator.py:79} WARNING - The virtalenv_python example task requires virtualenv, please install it.
[2025-10-25T16:22:29.551+0200] {processor.py:840} INFO - DAG(s) 'example_python_decorator' retrieved from /Users/youssefdaaloul/venv/dbt_snowflake/airflow_venv_39/lib/python3.11/site-packages/airflow/example_dags/example_python_decorator.py
[2025-10-25T16:22:29.606+0200] {logging_mixin.py:188} INFO - [2025-10-25T16:22:29.606+0200] {dag.py:3036} INFO - Sync 1 DAGs
[2025-10-25T16:22:29.610+0200] {logging_mixin.py:188} INFO - [2025-10-25T16:22:29.610+0200] {dag.py:3823} INFO - Setting next_dagrun for example_python_decorator to None, run_after=None
[2025-10-25T16:22:29.617+0200] {processor.py:183} INFO - Processing /Users/youssefdaaloul/venv/dbt_snowflake/airflow_venv_39/lib/python3.11/site-packages/airflow/example_dags/example_python_decorator.py took 0.082 seconds
[2025-10-25T16:24:18.907+0200] {processor.py:161} INFO - Started process (PID=72048) to work on /Users/youssefdaaloul/venv/dbt_snowflake/airflow_venv_39/lib/python3.11/site-packages/airflow/example_dags/example_python_decorator.py
[2025-10-25T16:24:18.909+0200] {processor.py:830} INFO - Processing file /Users/youssefdaaloul/venv/dbt_snowflake/airflow_venv_39/lib/python3.11/site-packages/airflow/example_dags/example_python_decorator.py for tasks to queue
[2025-10-25T16:24:18.909+0200] {logging_mixin.py:188} INFO - [2025-10-25T16:24:18.909+0200] {dagbag.py:538} INFO - Filling up the DagBag from /Users/youssefdaaloul/venv/dbt_snowflake/airflow_venv_39/lib/python3.11/site-packages/airflow/example_dags/example_python_decorator.py
[2025-10-25T16:24:18.926+0200] {logging_mixin.py:188} INFO - [2025-10-25T16:24:18.926+0200] {example_python_decorator.py:79} WARNING - The virtalenv_python example task requires virtualenv, please install it.
[2025-10-25T16:24:18.927+0200] {processor.py:840} INFO - DAG(s) 'example_python_decorator' retrieved from /Users/youssefdaaloul/venv/dbt_snowflake/airflow_venv_39/lib/python3.11/site-packages/airflow/example_dags/example_python_decorator.py
[2025-10-25T16:24:18.985+0200] {logging_mixin.py:188} INFO - [2025-10-25T16:24:18.984+0200] {dag.py:3036} INFO - Sync 1 DAGs
[2025-10-25T16:24:18.988+0200] {logging_mixin.py:188} INFO - [2025-10-25T16:24:18.988+0200] {dag.py:3823} INFO - Setting next_dagrun for example_python_decorator to None, run_after=None
[2025-10-25T16:24:18.995+0200] {processor.py:183} INFO - Processing /Users/youssefdaaloul/venv/dbt_snowflake/airflow_venv_39/lib/python3.11/site-packages/airflow/example_dags/example_python_decorator.py took 0.089 seconds
[2025-10-25T16:26:06.125+0200] {processor.py:161} INFO - Started process (PID=72166) to work on /Users/youssefdaaloul/venv/dbt_snowflake/airflow_venv_39/lib/python3.11/site-packages/airflow/example_dags/example_python_decorator.py
[2025-10-25T16:26:06.126+0200] {processor.py:830} INFO - Processing file /Users/youssefdaaloul/venv/dbt_snowflake/airflow_venv_39/lib/python3.11/site-packages/airflow/example_dags/example_python_decorator.py for tasks to queue
[2025-10-25T16:26:06.126+0200] {logging_mixin.py:188} INFO - [2025-10-25T16:26:06.126+0200] {dagbag.py:538} INFO - Filling up the DagBag from /Users/youssefdaaloul/venv/dbt_snowflake/airflow_venv_39/lib/python3.11/site-packages/airflow/example_dags/example_python_decorator.py
[2025-10-25T16:26:06.141+0200] {logging_mixin.py:188} INFO - [2025-10-25T16:26:06.141+0200] {example_python_decorator.py:79} WARNING - The virtalenv_python example task requires virtualenv, please install it.
[2025-10-25T16:26:06.141+0200] {processor.py:840} INFO - DAG(s) 'example_python_decorator' retrieved from /Users/youssefdaaloul/venv/dbt_snowflake/airflow_venv_39/lib/python3.11/site-packages/airflow/example_dags/example_python_decorator.py
[2025-10-25T16:26:06.199+0200] {logging_mixin.py:188} INFO - [2025-10-25T16:26:06.199+0200] {dag.py:3036} INFO - Sync 1 DAGs
[2025-10-25T16:26:06.202+0200] {logging_mixin.py:188} INFO - [2025-10-25T16:26:06.202+0200] {dag.py:3823} INFO - Setting next_dagrun for example_python_decorator to None, run_after=None
[2025-10-25T16:26:06.209+0200] {processor.py:183} INFO - Processing /Users/youssefdaaloul/venv/dbt_snowflake/airflow_venv_39/lib/python3.11/site-packages/airflow/example_dags/example_python_decorator.py took 0.084 seconds
[2025-10-25T16:27:55.341+0200] {processor.py:161} INFO - Started process (PID=72276) to work on /Users/youssefdaaloul/venv/dbt_snowflake/airflow_venv_39/lib/python3.11/site-packages/airflow/example_dags/example_python_decorator.py
[2025-10-25T16:27:55.343+0200] {processor.py:830} INFO - Processing file /Users/youssefdaaloul/venv/dbt_snowflake/airflow_venv_39/lib/python3.11/site-packages/airflow/example_dags/example_python_decorator.py for tasks to queue
[2025-10-25T16:27:55.343+0200] {logging_mixin.py:188} INFO - [2025-10-25T16:27:55.343+0200] {dagbag.py:538} INFO - Filling up the DagBag from /Users/youssefdaaloul/venv/dbt_snowflake/airflow_venv_39/lib/python3.11/site-packages/airflow/example_dags/example_python_decorator.py
[2025-10-25T16:27:55.360+0200] {logging_mixin.py:188} INFO - [2025-10-25T16:27:55.360+0200] {example_python_decorator.py:79} WARNING - The virtalenv_python example task requires virtualenv, please install it.
[2025-10-25T16:27:55.361+0200] {processor.py:840} INFO - DAG(s) 'example_python_decorator' retrieved from /Users/youssefdaaloul/venv/dbt_snowflake/airflow_venv_39/lib/python3.11/site-packages/airflow/example_dags/example_python_decorator.py
[2025-10-25T16:27:55.424+0200] {logging_mixin.py:188} INFO - [2025-10-25T16:27:55.424+0200] {dag.py:3036} INFO - Sync 1 DAGs
[2025-10-25T16:27:55.428+0200] {logging_mixin.py:188} INFO - [2025-10-25T16:27:55.428+0200] {dag.py:3823} INFO - Setting next_dagrun for example_python_decorator to None, run_after=None
[2025-10-25T16:27:55.435+0200] {processor.py:183} INFO - Processing /Users/youssefdaaloul/venv/dbt_snowflake/airflow_venv_39/lib/python3.11/site-packages/airflow/example_dags/example_python_decorator.py took 0.094 seconds
[2025-10-25T16:29:53.098+0200] {processor.py:161} INFO - Started process (PID=72400) to work on /Users/youssefdaaloul/venv/dbt_snowflake/airflow_venv_39/lib/python3.11/site-packages/airflow/example_dags/example_python_decorator.py
[2025-10-25T16:29:53.100+0200] {processor.py:830} INFO - Processing file /Users/youssefdaaloul/venv/dbt_snowflake/airflow_venv_39/lib/python3.11/site-packages/airflow/example_dags/example_python_decorator.py for tasks to queue
[2025-10-25T16:29:53.100+0200] {logging_mixin.py:188} INFO - [2025-10-25T16:29:53.100+0200] {dagbag.py:538} INFO - Filling up the DagBag from /Users/youssefdaaloul/venv/dbt_snowflake/airflow_venv_39/lib/python3.11/site-packages/airflow/example_dags/example_python_decorator.py
[2025-10-25T16:29:53.116+0200] {logging_mixin.py:188} INFO - [2025-10-25T16:29:53.115+0200] {example_python_decorator.py:79} WARNING - The virtalenv_python example task requires virtualenv, please install it.
[2025-10-25T16:29:53.117+0200] {processor.py:840} INFO - DAG(s) 'example_python_decorator' retrieved from /Users/youssefdaaloul/venv/dbt_snowflake/airflow_venv_39/lib/python3.11/site-packages/airflow/example_dags/example_python_decorator.py
[2025-10-25T16:29:53.179+0200] {logging_mixin.py:188} INFO - [2025-10-25T16:29:53.179+0200] {dag.py:3036} INFO - Sync 1 DAGs
[2025-10-25T16:29:53.183+0200] {logging_mixin.py:188} INFO - [2025-10-25T16:29:53.183+0200] {dag.py:3823} INFO - Setting next_dagrun for example_python_decorator to None, run_after=None
[2025-10-25T16:29:53.190+0200] {processor.py:183} INFO - Processing /Users/youssefdaaloul/venv/dbt_snowflake/airflow_venv_39/lib/python3.11/site-packages/airflow/example_dags/example_python_decorator.py took 0.092 seconds
[2025-10-25T16:31:47.568+0200] {processor.py:161} INFO - Started process (PID=72575) to work on /Users/youssefdaaloul/venv/dbt_snowflake/airflow_venv_39/lib/python3.11/site-packages/airflow/example_dags/example_python_decorator.py
[2025-10-25T16:31:47.569+0200] {processor.py:830} INFO - Processing file /Users/youssefdaaloul/venv/dbt_snowflake/airflow_venv_39/lib/python3.11/site-packages/airflow/example_dags/example_python_decorator.py for tasks to queue
[2025-10-25T16:31:47.569+0200] {logging_mixin.py:188} INFO - [2025-10-25T16:31:47.569+0200] {dagbag.py:538} INFO - Filling up the DagBag from /Users/youssefdaaloul/venv/dbt_snowflake/airflow_venv_39/lib/python3.11/site-packages/airflow/example_dags/example_python_decorator.py
[2025-10-25T16:31:47.587+0200] {logging_mixin.py:188} INFO - [2025-10-25T16:31:47.587+0200] {example_python_decorator.py:79} WARNING - The virtalenv_python example task requires virtualenv, please install it.
[2025-10-25T16:31:47.588+0200] {processor.py:840} INFO - DAG(s) 'example_python_decorator' retrieved from /Users/youssefdaaloul/venv/dbt_snowflake/airflow_venv_39/lib/python3.11/site-packages/airflow/example_dags/example_python_decorator.py
[2025-10-25T16:31:47.657+0200] {logging_mixin.py:188} INFO - [2025-10-25T16:31:47.656+0200] {dag.py:3036} INFO - Sync 1 DAGs
[2025-10-25T16:31:47.661+0200] {logging_mixin.py:188} INFO - [2025-10-25T16:31:47.661+0200] {dag.py:3823} INFO - Setting next_dagrun for example_python_decorator to None, run_after=None
[2025-10-25T16:31:47.668+0200] {processor.py:183} INFO - Processing /Users/youssefdaaloul/venv/dbt_snowflake/airflow_venv_39/lib/python3.11/site-packages/airflow/example_dags/example_python_decorator.py took 0.101 seconds
[2025-10-25T16:33:45.924+0200] {processor.py:161} INFO - Started process (PID=72700) to work on /Users/youssefdaaloul/venv/dbt_snowflake/airflow_venv_39/lib/python3.11/site-packages/airflow/example_dags/example_python_decorator.py
[2025-10-25T16:33:45.925+0200] {processor.py:830} INFO - Processing file /Users/youssefdaaloul/venv/dbt_snowflake/airflow_venv_39/lib/python3.11/site-packages/airflow/example_dags/example_python_decorator.py for tasks to queue
[2025-10-25T16:33:45.925+0200] {logging_mixin.py:188} INFO - [2025-10-25T16:33:45.925+0200] {dagbag.py:538} INFO - Filling up the DagBag from /Users/youssefdaaloul/venv/dbt_snowflake/airflow_venv_39/lib/python3.11/site-packages/airflow/example_dags/example_python_decorator.py
[2025-10-25T16:33:45.942+0200] {logging_mixin.py:188} INFO - [2025-10-25T16:33:45.942+0200] {example_python_decorator.py:79} WARNING - The virtalenv_python example task requires virtualenv, please install it.
[2025-10-25T16:33:45.943+0200] {processor.py:840} INFO - DAG(s) 'example_python_decorator' retrieved from /Users/youssefdaaloul/venv/dbt_snowflake/airflow_venv_39/lib/python3.11/site-packages/airflow/example_dags/example_python_decorator.py
[2025-10-25T16:33:46.001+0200] {logging_mixin.py:188} INFO - [2025-10-25T16:33:46.001+0200] {dag.py:3036} INFO - Sync 1 DAGs
[2025-10-25T16:33:46.005+0200] {logging_mixin.py:188} INFO - [2025-10-25T16:33:46.005+0200] {dag.py:3823} INFO - Setting next_dagrun for example_python_decorator to None, run_after=None
[2025-10-25T16:33:46.012+0200] {processor.py:183} INFO - Processing /Users/youssefdaaloul/venv/dbt_snowflake/airflow_venv_39/lib/python3.11/site-packages/airflow/example_dags/example_python_decorator.py took 0.089 seconds
[2025-10-25T16:35:43.865+0200] {processor.py:161} INFO - Started process (PID=72850) to work on /Users/youssefdaaloul/venv/dbt_snowflake/airflow_venv_39/lib/python3.11/site-packages/airflow/example_dags/example_python_decorator.py
[2025-10-25T16:35:43.865+0200] {processor.py:830} INFO - Processing file /Users/youssefdaaloul/venv/dbt_snowflake/airflow_venv_39/lib/python3.11/site-packages/airflow/example_dags/example_python_decorator.py for tasks to queue
[2025-10-25T16:35:43.866+0200] {logging_mixin.py:188} INFO - [2025-10-25T16:35:43.866+0200] {dagbag.py:538} INFO - Filling up the DagBag from /Users/youssefdaaloul/venv/dbt_snowflake/airflow_venv_39/lib/python3.11/site-packages/airflow/example_dags/example_python_decorator.py
[2025-10-25T16:35:43.881+0200] {logging_mixin.py:188} INFO - [2025-10-25T16:35:43.880+0200] {example_python_decorator.py:79} WARNING - The virtalenv_python example task requires virtualenv, please install it.
[2025-10-25T16:35:43.881+0200] {processor.py:840} INFO - DAG(s) 'example_python_decorator' retrieved from /Users/youssefdaaloul/venv/dbt_snowflake/airflow_venv_39/lib/python3.11/site-packages/airflow/example_dags/example_python_decorator.py
[2025-10-25T16:35:43.939+0200] {logging_mixin.py:188} INFO - [2025-10-25T16:35:43.939+0200] {dag.py:3036} INFO - Sync 1 DAGs
[2025-10-25T16:35:43.944+0200] {logging_mixin.py:188} INFO - [2025-10-25T16:35:43.944+0200] {dag.py:3823} INFO - Setting next_dagrun for example_python_decorator to None, run_after=None
[2025-10-25T16:35:43.951+0200] {processor.py:183} INFO - Processing /Users/youssefdaaloul/venv/dbt_snowflake/airflow_venv_39/lib/python3.11/site-packages/airflow/example_dags/example_python_decorator.py took 0.087 seconds
