[2025-10-25T16:08:35.519+0200] {processor.py:161} INFO - Started process (PID=71201) to work on /Users/youssefdaaloul/venv/dbt_snowflake/airflow_venv_39/lib/python3.11/site-packages/airflow/example_dags/example_trigger_target_dag.py
[2025-10-25T16:08:35.519+0200] {processor.py:830} INFO - Processing file /Users/youssefdaaloul/venv/dbt_snowflake/airflow_venv_39/lib/python3.11/site-packages/airflow/example_dags/example_trigger_target_dag.py for tasks to queue
[2025-10-25T16:08:35.519+0200] {logging_mixin.py:188} INFO - [2025-10-25T16:08:35.519+0200] {dagbag.py:538} INFO - Filling up the DagBag from /Users/youssefdaaloul/venv/dbt_snowflake/airflow_venv_39/lib/python3.11/site-packages/airflow/example_dags/example_trigger_target_dag.py
[2025-10-25T16:08:35.535+0200] {processor.py:840} INFO - DAG(s) 'example_trigger_target_dag' retrieved from /Users/youssefdaaloul/venv/dbt_snowflake/airflow_venv_39/lib/python3.11/site-packages/airflow/example_dags/example_trigger_target_dag.py
[2025-10-25T16:08:35.538+0200] {logging_mixin.py:188} INFO - [2025-10-25T16:08:35.538+0200] {dag.py:3036} INFO - Sync 1 DAGs
[2025-10-25T16:08:35.592+0200] {logging_mixin.py:188} INFO - [2025-10-25T16:08:35.592+0200] {dag.py:3823} INFO - Setting next_dagrun for example_trigger_target_dag to None, run_after=None
[2025-10-25T16:08:35.600+0200] {processor.py:183} INFO - Processing /Users/youssefdaaloul/venv/dbt_snowflake/airflow_venv_39/lib/python3.11/site-packages/airflow/example_dags/example_trigger_target_dag.py took 0.082 seconds
[2025-10-25T16:10:06.584+0200] {processor.py:161} INFO - Started process (PID=71274) to work on /Users/youssefdaaloul/venv/dbt_snowflake/airflow_venv_39/lib/python3.11/site-packages/airflow/example_dags/example_trigger_target_dag.py
[2025-10-25T16:10:06.585+0200] {processor.py:830} INFO - Processing file /Users/youssefdaaloul/venv/dbt_snowflake/airflow_venv_39/lib/python3.11/site-packages/airflow/example_dags/example_trigger_target_dag.py for tasks to queue
[2025-10-25T16:10:06.585+0200] {logging_mixin.py:188} INFO - [2025-10-25T16:10:06.585+0200] {dagbag.py:538} INFO - Filling up the DagBag from /Users/youssefdaaloul/venv/dbt_snowflake/airflow_venv_39/lib/python3.11/site-packages/airflow/example_dags/example_trigger_target_dag.py
[2025-10-25T16:10:06.601+0200] {processor.py:840} INFO - DAG(s) 'example_trigger_target_dag' retrieved from /Users/youssefdaaloul/venv/dbt_snowflake/airflow_venv_39/lib/python3.11/site-packages/airflow/example_dags/example_trigger_target_dag.py
[2025-10-25T16:10:06.701+0200] {logging_mixin.py:188} INFO - [2025-10-25T16:10:06.700+0200] {dag.py:3036} INFO - Sync 1 DAGs
[2025-10-25T16:10:06.704+0200] {logging_mixin.py:188} INFO - [2025-10-25T16:10:06.704+0200] {dag.py:3823} INFO - Setting next_dagrun for example_trigger_target_dag to None, run_after=None
[2025-10-25T16:10:06.712+0200] {processor.py:183} INFO - Processing /Users/youssefdaaloul/venv/dbt_snowflake/airflow_venv_39/lib/python3.11/site-packages/airflow/example_dags/example_trigger_target_dag.py took 0.128 seconds
[2025-10-25T16:11:06.529+0200] {processor.py:161} INFO - Started process (PID=71329) to work on /Users/youssefdaaloul/venv/dbt_snowflake/airflow_venv_39/lib/python3.11/site-packages/airflow/example_dags/example_trigger_target_dag.py
[2025-10-25T16:11:06.530+0200] {processor.py:830} INFO - Processing file /Users/youssefdaaloul/venv/dbt_snowflake/airflow_venv_39/lib/python3.11/site-packages/airflow/example_dags/example_trigger_target_dag.py for tasks to queue
[2025-10-25T16:11:06.530+0200] {logging_mixin.py:188} INFO - [2025-10-25T16:11:06.530+0200] {dagbag.py:538} INFO - Filling up the DagBag from /Users/youssefdaaloul/venv/dbt_snowflake/airflow_venv_39/lib/python3.11/site-packages/airflow/example_dags/example_trigger_target_dag.py
[2025-10-25T16:11:06.552+0200] {processor.py:840} INFO - DAG(s) 'example_trigger_target_dag' retrieved from /Users/youssefdaaloul/venv/dbt_snowflake/airflow_venv_39/lib/python3.11/site-packages/airflow/example_dags/example_trigger_target_dag.py
[2025-10-25T16:11:06.612+0200] {logging_mixin.py:188} INFO - [2025-10-25T16:11:06.611+0200] {dag.py:3036} INFO - Sync 1 DAGs
[2025-10-25T16:11:06.615+0200] {logging_mixin.py:188} INFO - [2025-10-25T16:11:06.615+0200] {dag.py:3823} INFO - Setting next_dagrun for example_trigger_target_dag to None, run_after=None
[2025-10-25T16:11:06.622+0200] {processor.py:183} INFO - Processing /Users/youssefdaaloul/venv/dbt_snowflake/airflow_venv_39/lib/python3.11/site-packages/airflow/example_dags/example_trigger_target_dag.py took 0.093 seconds
[2025-10-25T16:12:05.196+0200] {processor.py:161} INFO - Started process (PID=71388) to work on /Users/youssefdaaloul/venv/dbt_snowflake/airflow_venv_39/lib/python3.11/site-packages/airflow/example_dags/example_trigger_target_dag.py
[2025-10-25T16:12:05.197+0200] {processor.py:830} INFO - Processing file /Users/youssefdaaloul/venv/dbt_snowflake/airflow_venv_39/lib/python3.11/site-packages/airflow/example_dags/example_trigger_target_dag.py for tasks to queue
[2025-10-25T16:12:05.197+0200] {logging_mixin.py:188} INFO - [2025-10-25T16:12:05.197+0200] {dagbag.py:538} INFO - Filling up the DagBag from /Users/youssefdaaloul/venv/dbt_snowflake/airflow_venv_39/lib/python3.11/site-packages/airflow/example_dags/example_trigger_target_dag.py
[2025-10-25T16:12:05.212+0200] {processor.py:840} INFO - DAG(s) 'example_trigger_target_dag' retrieved from /Users/youssefdaaloul/venv/dbt_snowflake/airflow_venv_39/lib/python3.11/site-packages/airflow/example_dags/example_trigger_target_dag.py
[2025-10-25T16:12:05.269+0200] {logging_mixin.py:188} INFO - [2025-10-25T16:12:05.269+0200] {dag.py:3036} INFO - Sync 1 DAGs
[2025-10-25T16:12:05.273+0200] {logging_mixin.py:188} INFO - [2025-10-25T16:12:05.273+0200] {dag.py:3823} INFO - Setting next_dagrun for example_trigger_target_dag to None, run_after=None
[2025-10-25T16:12:05.280+0200] {processor.py:183} INFO - Processing /Users/youssefdaaloul/venv/dbt_snowflake/airflow_venv_39/lib/python3.11/site-packages/airflow/example_dags/example_trigger_target_dag.py took 0.084 seconds
[2025-10-25T16:13:02.778+0200] {processor.py:161} INFO - Started process (PID=71438) to work on /Users/youssefdaaloul/venv/dbt_snowflake/airflow_venv_39/lib/python3.11/site-packages/airflow/example_dags/example_trigger_target_dag.py
[2025-10-25T16:13:02.780+0200] {processor.py:830} INFO - Processing file /Users/youssefdaaloul/venv/dbt_snowflake/airflow_venv_39/lib/python3.11/site-packages/airflow/example_dags/example_trigger_target_dag.py for tasks to queue
[2025-10-25T16:13:02.780+0200] {logging_mixin.py:188} INFO - [2025-10-25T16:13:02.780+0200] {dagbag.py:538} INFO - Filling up the DagBag from /Users/youssefdaaloul/venv/dbt_snowflake/airflow_venv_39/lib/python3.11/site-packages/airflow/example_dags/example_trigger_target_dag.py
[2025-10-25T16:13:02.795+0200] {processor.py:840} INFO - DAG(s) 'example_trigger_target_dag' retrieved from /Users/youssefdaaloul/venv/dbt_snowflake/airflow_venv_39/lib/python3.11/site-packages/airflow/example_dags/example_trigger_target_dag.py
[2025-10-25T16:13:02.853+0200] {logging_mixin.py:188} INFO - [2025-10-25T16:13:02.852+0200] {dag.py:3036} INFO - Sync 1 DAGs
[2025-10-25T16:13:02.856+0200] {logging_mixin.py:188} INFO - [2025-10-25T16:13:02.856+0200] {dag.py:3823} INFO - Setting next_dagrun for example_trigger_target_dag to None, run_after=None
[2025-10-25T16:13:02.864+0200] {processor.py:183} INFO - Processing /Users/youssefdaaloul/venv/dbt_snowflake/airflow_venv_39/lib/python3.11/site-packages/airflow/example_dags/example_trigger_target_dag.py took 0.086 seconds
[2025-10-25T16:14:03.809+0200] {processor.py:161} INFO - Started process (PID=71490) to work on /Users/youssefdaaloul/venv/dbt_snowflake/airflow_venv_39/lib/python3.11/site-packages/airflow/example_dags/example_trigger_target_dag.py
[2025-10-25T16:14:03.810+0200] {processor.py:830} INFO - Processing file /Users/youssefdaaloul/venv/dbt_snowflake/airflow_venv_39/lib/python3.11/site-packages/airflow/example_dags/example_trigger_target_dag.py for tasks to queue
[2025-10-25T16:14:03.810+0200] {logging_mixin.py:188} INFO - [2025-10-25T16:14:03.810+0200] {dagbag.py:538} INFO - Filling up the DagBag from /Users/youssefdaaloul/venv/dbt_snowflake/airflow_venv_39/lib/python3.11/site-packages/airflow/example_dags/example_trigger_target_dag.py
[2025-10-25T16:14:03.826+0200] {processor.py:840} INFO - DAG(s) 'example_trigger_target_dag' retrieved from /Users/youssefdaaloul/venv/dbt_snowflake/airflow_venv_39/lib/python3.11/site-packages/airflow/example_dags/example_trigger_target_dag.py
[2025-10-25T16:14:03.890+0200] {logging_mixin.py:188} INFO - [2025-10-25T16:14:03.890+0200] {dag.py:3036} INFO - Sync 1 DAGs
[2025-10-25T16:14:03.894+0200] {logging_mixin.py:188} INFO - [2025-10-25T16:14:03.894+0200] {dag.py:3823} INFO - Setting next_dagrun for example_trigger_target_dag to None, run_after=None
[2025-10-25T16:14:03.903+0200] {processor.py:183} INFO - Processing /Users/youssefdaaloul/venv/dbt_snowflake/airflow_venv_39/lib/python3.11/site-packages/airflow/example_dags/example_trigger_target_dag.py took 0.094 seconds
[2025-10-25T16:15:06.145+0200] {processor.py:161} INFO - Started process (PID=71547) to work on /Users/youssefdaaloul/venv/dbt_snowflake/airflow_venv_39/lib/python3.11/site-packages/airflow/example_dags/example_trigger_target_dag.py
[2025-10-25T16:15:06.146+0200] {processor.py:830} INFO - Processing file /Users/youssefdaaloul/venv/dbt_snowflake/airflow_venv_39/lib/python3.11/site-packages/airflow/example_dags/example_trigger_target_dag.py for tasks to queue
[2025-10-25T16:15:06.146+0200] {logging_mixin.py:188} INFO - [2025-10-25T16:15:06.146+0200] {dagbag.py:538} INFO - Filling up the DagBag from /Users/youssefdaaloul/venv/dbt_snowflake/airflow_venv_39/lib/python3.11/site-packages/airflow/example_dags/example_trigger_target_dag.py
[2025-10-25T16:15:06.163+0200] {processor.py:840} INFO - DAG(s) 'example_trigger_target_dag' retrieved from /Users/youssefdaaloul/venv/dbt_snowflake/airflow_venv_39/lib/python3.11/site-packages/airflow/example_dags/example_trigger_target_dag.py
[2025-10-25T16:15:06.223+0200] {logging_mixin.py:188} INFO - [2025-10-25T16:15:06.223+0200] {dag.py:3036} INFO - Sync 1 DAGs
[2025-10-25T16:15:06.228+0200] {logging_mixin.py:188} INFO - [2025-10-25T16:15:06.228+0200] {dag.py:3823} INFO - Setting next_dagrun for example_trigger_target_dag to None, run_after=None
[2025-10-25T16:15:06.235+0200] {processor.py:183} INFO - Processing /Users/youssefdaaloul/venv/dbt_snowflake/airflow_venv_39/lib/python3.11/site-packages/airflow/example_dags/example_trigger_target_dag.py took 0.090 seconds
[2025-10-25T16:16:07.415+0200] {processor.py:161} INFO - Started process (PID=71608) to work on /Users/youssefdaaloul/venv/dbt_snowflake/airflow_venv_39/lib/python3.11/site-packages/airflow/example_dags/example_trigger_target_dag.py
[2025-10-25T16:16:07.416+0200] {processor.py:830} INFO - Processing file /Users/youssefdaaloul/venv/dbt_snowflake/airflow_venv_39/lib/python3.11/site-packages/airflow/example_dags/example_trigger_target_dag.py for tasks to queue
[2025-10-25T16:16:07.417+0200] {logging_mixin.py:188} INFO - [2025-10-25T16:16:07.417+0200] {dagbag.py:538} INFO - Filling up the DagBag from /Users/youssefdaaloul/venv/dbt_snowflake/airflow_venv_39/lib/python3.11/site-packages/airflow/example_dags/example_trigger_target_dag.py
[2025-10-25T16:16:07.433+0200] {processor.py:840} INFO - DAG(s) 'example_trigger_target_dag' retrieved from /Users/youssefdaaloul/venv/dbt_snowflake/airflow_venv_39/lib/python3.11/site-packages/airflow/example_dags/example_trigger_target_dag.py
[2025-10-25T16:16:07.498+0200] {logging_mixin.py:188} INFO - [2025-10-25T16:16:07.497+0200] {dag.py:3036} INFO - Sync 1 DAGs
[2025-10-25T16:16:07.501+0200] {logging_mixin.py:188} INFO - [2025-10-25T16:16:07.501+0200] {dag.py:3823} INFO - Setting next_dagrun for example_trigger_target_dag to None, run_after=None
[2025-10-25T16:16:07.509+0200] {processor.py:183} INFO - Processing /Users/youssefdaaloul/venv/dbt_snowflake/airflow_venv_39/lib/python3.11/site-packages/airflow/example_dags/example_trigger_target_dag.py took 0.095 seconds
[2025-10-25T16:17:06.826+0200] {processor.py:161} INFO - Started process (PID=71650) to work on /Users/youssefdaaloul/venv/dbt_snowflake/airflow_venv_39/lib/python3.11/site-packages/airflow/example_dags/example_trigger_target_dag.py
[2025-10-25T16:17:06.828+0200] {processor.py:830} INFO - Processing file /Users/youssefdaaloul/venv/dbt_snowflake/airflow_venv_39/lib/python3.11/site-packages/airflow/example_dags/example_trigger_target_dag.py for tasks to queue
[2025-10-25T16:17:06.828+0200] {logging_mixin.py:188} INFO - [2025-10-25T16:17:06.828+0200] {dagbag.py:538} INFO - Filling up the DagBag from /Users/youssefdaaloul/venv/dbt_snowflake/airflow_venv_39/lib/python3.11/site-packages/airflow/example_dags/example_trigger_target_dag.py
[2025-10-25T16:17:06.843+0200] {processor.py:840} INFO - DAG(s) 'example_trigger_target_dag' retrieved from /Users/youssefdaaloul/venv/dbt_snowflake/airflow_venv_39/lib/python3.11/site-packages/airflow/example_dags/example_trigger_target_dag.py
[2025-10-25T16:17:06.904+0200] {logging_mixin.py:188} INFO - [2025-10-25T16:17:06.904+0200] {dag.py:3036} INFO - Sync 1 DAGs
[2025-10-25T16:17:06.908+0200] {logging_mixin.py:188} INFO - [2025-10-25T16:17:06.908+0200] {dag.py:3823} INFO - Setting next_dagrun for example_trigger_target_dag to None, run_after=None
[2025-10-25T16:17:06.915+0200] {processor.py:183} INFO - Processing /Users/youssefdaaloul/venv/dbt_snowflake/airflow_venv_39/lib/python3.11/site-packages/airflow/example_dags/example_trigger_target_dag.py took 0.090 seconds
[2025-10-25T16:18:06.675+0200] {processor.py:161} INFO - Started process (PID=71701) to work on /Users/youssefdaaloul/venv/dbt_snowflake/airflow_venv_39/lib/python3.11/site-packages/airflow/example_dags/example_trigger_target_dag.py
[2025-10-25T16:18:06.676+0200] {processor.py:830} INFO - Processing file /Users/youssefdaaloul/venv/dbt_snowflake/airflow_venv_39/lib/python3.11/site-packages/airflow/example_dags/example_trigger_target_dag.py for tasks to queue
[2025-10-25T16:18:06.677+0200] {logging_mixin.py:188} INFO - [2025-10-25T16:18:06.676+0200] {dagbag.py:538} INFO - Filling up the DagBag from /Users/youssefdaaloul/venv/dbt_snowflake/airflow_venv_39/lib/python3.11/site-packages/airflow/example_dags/example_trigger_target_dag.py
[2025-10-25T16:18:06.693+0200] {processor.py:840} INFO - DAG(s) 'example_trigger_target_dag' retrieved from /Users/youssefdaaloul/venv/dbt_snowflake/airflow_venv_39/lib/python3.11/site-packages/airflow/example_dags/example_trigger_target_dag.py
[2025-10-25T16:18:06.753+0200] {logging_mixin.py:188} INFO - [2025-10-25T16:18:06.752+0200] {dag.py:3036} INFO - Sync 1 DAGs
[2025-10-25T16:18:06.756+0200] {logging_mixin.py:188} INFO - [2025-10-25T16:18:06.756+0200] {dag.py:3823} INFO - Setting next_dagrun for example_trigger_target_dag to None, run_after=None
[2025-10-25T16:18:06.764+0200] {processor.py:183} INFO - Processing /Users/youssefdaaloul/venv/dbt_snowflake/airflow_venv_39/lib/python3.11/site-packages/airflow/example_dags/example_trigger_target_dag.py took 0.089 seconds
[2025-10-25T16:19:06.671+0200] {processor.py:161} INFO - Started process (PID=71757) to work on /Users/youssefdaaloul/venv/dbt_snowflake/airflow_venv_39/lib/python3.11/site-packages/airflow/example_dags/example_trigger_target_dag.py
[2025-10-25T16:19:06.671+0200] {processor.py:830} INFO - Processing file /Users/youssefdaaloul/venv/dbt_snowflake/airflow_venv_39/lib/python3.11/site-packages/airflow/example_dags/example_trigger_target_dag.py for tasks to queue
[2025-10-25T16:19:06.672+0200] {logging_mixin.py:188} INFO - [2025-10-25T16:19:06.672+0200] {dagbag.py:538} INFO - Filling up the DagBag from /Users/youssefdaaloul/venv/dbt_snowflake/airflow_venv_39/lib/python3.11/site-packages/airflow/example_dags/example_trigger_target_dag.py
[2025-10-25T16:19:06.688+0200] {processor.py:840} INFO - DAG(s) 'example_trigger_target_dag' retrieved from /Users/youssefdaaloul/venv/dbt_snowflake/airflow_venv_39/lib/python3.11/site-packages/airflow/example_dags/example_trigger_target_dag.py
[2025-10-25T16:19:06.755+0200] {logging_mixin.py:188} INFO - [2025-10-25T16:19:06.755+0200] {dag.py:3036} INFO - Sync 1 DAGs
[2025-10-25T16:19:06.760+0200] {logging_mixin.py:188} INFO - [2025-10-25T16:19:06.759+0200] {dag.py:3823} INFO - Setting next_dagrun for example_trigger_target_dag to None, run_after=None
[2025-10-25T16:19:06.768+0200] {processor.py:183} INFO - Processing /Users/youssefdaaloul/venv/dbt_snowflake/airflow_venv_39/lib/python3.11/site-packages/airflow/example_dags/example_trigger_target_dag.py took 0.098 seconds
[2025-10-25T16:20:11.999+0200] {processor.py:161} INFO - Started process (PID=71816) to work on /Users/youssefdaaloul/venv/dbt_snowflake/airflow_venv_39/lib/python3.11/site-packages/airflow/example_dags/example_trigger_target_dag.py
[2025-10-25T16:20:11.999+0200] {processor.py:830} INFO - Processing file /Users/youssefdaaloul/venv/dbt_snowflake/airflow_venv_39/lib/python3.11/site-packages/airflow/example_dags/example_trigger_target_dag.py for tasks to queue
[2025-10-25T16:20:11.999+0200] {logging_mixin.py:188} INFO - [2025-10-25T16:20:11.999+0200] {dagbag.py:538} INFO - Filling up the DagBag from /Users/youssefdaaloul/venv/dbt_snowflake/airflow_venv_39/lib/python3.11/site-packages/airflow/example_dags/example_trigger_target_dag.py
[2025-10-25T16:20:12.016+0200] {processor.py:840} INFO - DAG(s) 'example_trigger_target_dag' retrieved from /Users/youssefdaaloul/venv/dbt_snowflake/airflow_venv_39/lib/python3.11/site-packages/airflow/example_dags/example_trigger_target_dag.py
[2025-10-25T16:20:12.073+0200] {logging_mixin.py:188} INFO - [2025-10-25T16:20:12.073+0200] {dag.py:3036} INFO - Sync 1 DAGs
[2025-10-25T16:20:12.077+0200] {logging_mixin.py:188} INFO - [2025-10-25T16:20:12.077+0200] {dag.py:3823} INFO - Setting next_dagrun for example_trigger_target_dag to None, run_after=None
[2025-10-25T16:20:12.084+0200] {processor.py:183} INFO - Processing /Users/youssefdaaloul/venv/dbt_snowflake/airflow_venv_39/lib/python3.11/site-packages/airflow/example_dags/example_trigger_target_dag.py took 0.086 seconds
[2025-10-25T16:21:12.409+0200] {processor.py:161} INFO - Started process (PID=71879) to work on /Users/youssefdaaloul/venv/dbt_snowflake/airflow_venv_39/lib/python3.11/site-packages/airflow/example_dags/example_trigger_target_dag.py
[2025-10-25T16:21:12.410+0200] {processor.py:830} INFO - Processing file /Users/youssefdaaloul/venv/dbt_snowflake/airflow_venv_39/lib/python3.11/site-packages/airflow/example_dags/example_trigger_target_dag.py for tasks to queue
[2025-10-25T16:21:12.410+0200] {logging_mixin.py:188} INFO - [2025-10-25T16:21:12.410+0200] {dagbag.py:538} INFO - Filling up the DagBag from /Users/youssefdaaloul/venv/dbt_snowflake/airflow_venv_39/lib/python3.11/site-packages/airflow/example_dags/example_trigger_target_dag.py
[2025-10-25T16:21:12.426+0200] {processor.py:840} INFO - DAG(s) 'example_trigger_target_dag' retrieved from /Users/youssefdaaloul/venv/dbt_snowflake/airflow_venv_39/lib/python3.11/site-packages/airflow/example_dags/example_trigger_target_dag.py
[2025-10-25T16:21:12.486+0200] {logging_mixin.py:188} INFO - [2025-10-25T16:21:12.486+0200] {dag.py:3036} INFO - Sync 1 DAGs
[2025-10-25T16:21:12.490+0200] {logging_mixin.py:188} INFO - [2025-10-25T16:21:12.490+0200] {dag.py:3823} INFO - Setting next_dagrun for example_trigger_target_dag to None, run_after=None
[2025-10-25T16:21:12.497+0200] {processor.py:183} INFO - Processing /Users/youssefdaaloul/venv/dbt_snowflake/airflow_venv_39/lib/python3.11/site-packages/airflow/example_dags/example_trigger_target_dag.py took 0.089 seconds
[2025-10-25T16:22:07.928+0200] {processor.py:161} INFO - Started process (PID=71923) to work on /Users/youssefdaaloul/venv/dbt_snowflake/airflow_venv_39/lib/python3.11/site-packages/airflow/example_dags/example_trigger_target_dag.py
[2025-10-25T16:22:07.930+0200] {processor.py:830} INFO - Processing file /Users/youssefdaaloul/venv/dbt_snowflake/airflow_venv_39/lib/python3.11/site-packages/airflow/example_dags/example_trigger_target_dag.py for tasks to queue
[2025-10-25T16:22:07.930+0200] {logging_mixin.py:188} INFO - [2025-10-25T16:22:07.930+0200] {dagbag.py:538} INFO - Filling up the DagBag from /Users/youssefdaaloul/venv/dbt_snowflake/airflow_venv_39/lib/python3.11/site-packages/airflow/example_dags/example_trigger_target_dag.py
[2025-10-25T16:22:07.944+0200] {processor.py:840} INFO - DAG(s) 'example_trigger_target_dag' retrieved from /Users/youssefdaaloul/venv/dbt_snowflake/airflow_venv_39/lib/python3.11/site-packages/airflow/example_dags/example_trigger_target_dag.py
[2025-10-25T16:22:07.999+0200] {logging_mixin.py:188} INFO - [2025-10-25T16:22:07.999+0200] {dag.py:3036} INFO - Sync 1 DAGs
[2025-10-25T16:22:08.002+0200] {logging_mixin.py:188} INFO - [2025-10-25T16:22:08.002+0200] {dag.py:3823} INFO - Setting next_dagrun for example_trigger_target_dag to None, run_after=None
[2025-10-25T16:22:08.010+0200] {processor.py:183} INFO - Processing /Users/youssefdaaloul/venv/dbt_snowflake/airflow_venv_39/lib/python3.11/site-packages/airflow/example_dags/example_trigger_target_dag.py took 0.082 seconds
[2025-10-25T16:22:59.792+0200] {processor.py:161} INFO - Started process (PID=71978) to work on /Users/youssefdaaloul/venv/dbt_snowflake/airflow_venv_39/lib/python3.11/site-packages/airflow/example_dags/example_trigger_target_dag.py
[2025-10-25T16:22:59.793+0200] {processor.py:830} INFO - Processing file /Users/youssefdaaloul/venv/dbt_snowflake/airflow_venv_39/lib/python3.11/site-packages/airflow/example_dags/example_trigger_target_dag.py for tasks to queue
[2025-10-25T16:22:59.793+0200] {logging_mixin.py:188} INFO - [2025-10-25T16:22:59.793+0200] {dagbag.py:538} INFO - Filling up the DagBag from /Users/youssefdaaloul/venv/dbt_snowflake/airflow_venv_39/lib/python3.11/site-packages/airflow/example_dags/example_trigger_target_dag.py
[2025-10-25T16:22:59.808+0200] {processor.py:840} INFO - DAG(s) 'example_trigger_target_dag' retrieved from /Users/youssefdaaloul/venv/dbt_snowflake/airflow_venv_39/lib/python3.11/site-packages/airflow/example_dags/example_trigger_target_dag.py
[2025-10-25T16:22:59.867+0200] {logging_mixin.py:188} INFO - [2025-10-25T16:22:59.867+0200] {dag.py:3036} INFO - Sync 1 DAGs
[2025-10-25T16:22:59.871+0200] {logging_mixin.py:188} INFO - [2025-10-25T16:22:59.871+0200] {dag.py:3823} INFO - Setting next_dagrun for example_trigger_target_dag to None, run_after=None
[2025-10-25T16:22:59.878+0200] {processor.py:183} INFO - Processing /Users/youssefdaaloul/venv/dbt_snowflake/airflow_venv_39/lib/python3.11/site-packages/airflow/example_dags/example_trigger_target_dag.py took 0.087 seconds
[2025-10-25T16:23:53.907+0200] {processor.py:161} INFO - Started process (PID=72026) to work on /Users/youssefdaaloul/venv/dbt_snowflake/airflow_venv_39/lib/python3.11/site-packages/airflow/example_dags/example_trigger_target_dag.py
[2025-10-25T16:23:53.908+0200] {processor.py:830} INFO - Processing file /Users/youssefdaaloul/venv/dbt_snowflake/airflow_venv_39/lib/python3.11/site-packages/airflow/example_dags/example_trigger_target_dag.py for tasks to queue
[2025-10-25T16:23:53.908+0200] {logging_mixin.py:188} INFO - [2025-10-25T16:23:53.908+0200] {dagbag.py:538} INFO - Filling up the DagBag from /Users/youssefdaaloul/venv/dbt_snowflake/airflow_venv_39/lib/python3.11/site-packages/airflow/example_dags/example_trigger_target_dag.py
[2025-10-25T16:23:53.922+0200] {processor.py:840} INFO - DAG(s) 'example_trigger_target_dag' retrieved from /Users/youssefdaaloul/venv/dbt_snowflake/airflow_venv_39/lib/python3.11/site-packages/airflow/example_dags/example_trigger_target_dag.py
[2025-10-25T16:23:53.977+0200] {logging_mixin.py:188} INFO - [2025-10-25T16:23:53.977+0200] {dag.py:3036} INFO - Sync 1 DAGs
[2025-10-25T16:23:53.981+0200] {logging_mixin.py:188} INFO - [2025-10-25T16:23:53.981+0200] {dag.py:3823} INFO - Setting next_dagrun for example_trigger_target_dag to None, run_after=None
[2025-10-25T16:23:53.988+0200] {processor.py:183} INFO - Processing /Users/youssefdaaloul/venv/dbt_snowflake/airflow_venv_39/lib/python3.11/site-packages/airflow/example_dags/example_trigger_target_dag.py took 0.081 seconds
[2025-10-25T16:24:50.560+0200] {processor.py:161} INFO - Started process (PID=72082) to work on /Users/youssefdaaloul/venv/dbt_snowflake/airflow_venv_39/lib/python3.11/site-packages/airflow/example_dags/example_trigger_target_dag.py
[2025-10-25T16:24:50.560+0200] {processor.py:830} INFO - Processing file /Users/youssefdaaloul/venv/dbt_snowflake/airflow_venv_39/lib/python3.11/site-packages/airflow/example_dags/example_trigger_target_dag.py for tasks to queue
[2025-10-25T16:24:50.561+0200] {logging_mixin.py:188} INFO - [2025-10-25T16:24:50.561+0200] {dagbag.py:538} INFO - Filling up the DagBag from /Users/youssefdaaloul/venv/dbt_snowflake/airflow_venv_39/lib/python3.11/site-packages/airflow/example_dags/example_trigger_target_dag.py
[2025-10-25T16:24:50.575+0200] {processor.py:840} INFO - DAG(s) 'example_trigger_target_dag' retrieved from /Users/youssefdaaloul/venv/dbt_snowflake/airflow_venv_39/lib/python3.11/site-packages/airflow/example_dags/example_trigger_target_dag.py
[2025-10-25T16:24:50.629+0200] {logging_mixin.py:188} INFO - [2025-10-25T16:24:50.629+0200] {dag.py:3036} INFO - Sync 1 DAGs
[2025-10-25T16:24:50.633+0200] {logging_mixin.py:188} INFO - [2025-10-25T16:24:50.633+0200] {dag.py:3823} INFO - Setting next_dagrun for example_trigger_target_dag to None, run_after=None
[2025-10-25T16:24:50.640+0200] {processor.py:183} INFO - Processing /Users/youssefdaaloul/venv/dbt_snowflake/airflow_venv_39/lib/python3.11/site-packages/airflow/example_dags/example_trigger_target_dag.py took 0.080 seconds
[2025-10-25T16:25:44.551+0200] {processor.py:161} INFO - Started process (PID=72142) to work on /Users/youssefdaaloul/venv/dbt_snowflake/airflow_venv_39/lib/python3.11/site-packages/airflow/example_dags/example_trigger_target_dag.py
[2025-10-25T16:25:44.552+0200] {processor.py:830} INFO - Processing file /Users/youssefdaaloul/venv/dbt_snowflake/airflow_venv_39/lib/python3.11/site-packages/airflow/example_dags/example_trigger_target_dag.py for tasks to queue
[2025-10-25T16:25:44.552+0200] {logging_mixin.py:188} INFO - [2025-10-25T16:25:44.552+0200] {dagbag.py:538} INFO - Filling up the DagBag from /Users/youssefdaaloul/venv/dbt_snowflake/airflow_venv_39/lib/python3.11/site-packages/airflow/example_dags/example_trigger_target_dag.py
[2025-10-25T16:25:44.568+0200] {processor.py:840} INFO - DAG(s) 'example_trigger_target_dag' retrieved from /Users/youssefdaaloul/venv/dbt_snowflake/airflow_venv_39/lib/python3.11/site-packages/airflow/example_dags/example_trigger_target_dag.py
[2025-10-25T16:25:44.626+0200] {logging_mixin.py:188} INFO - [2025-10-25T16:25:44.626+0200] {dag.py:3036} INFO - Sync 1 DAGs
[2025-10-25T16:25:44.630+0200] {logging_mixin.py:188} INFO - [2025-10-25T16:25:44.630+0200] {dag.py:3823} INFO - Setting next_dagrun for example_trigger_target_dag to None, run_after=None
[2025-10-25T16:25:44.637+0200] {processor.py:183} INFO - Processing /Users/youssefdaaloul/venv/dbt_snowflake/airflow_venv_39/lib/python3.11/site-packages/airflow/example_dags/example_trigger_target_dag.py took 0.086 seconds
[2025-10-25T16:26:37.336+0200] {processor.py:161} INFO - Started process (PID=72198) to work on /Users/youssefdaaloul/venv/dbt_snowflake/airflow_venv_39/lib/python3.11/site-packages/airflow/example_dags/example_trigger_target_dag.py
[2025-10-25T16:26:37.337+0200] {processor.py:830} INFO - Processing file /Users/youssefdaaloul/venv/dbt_snowflake/airflow_venv_39/lib/python3.11/site-packages/airflow/example_dags/example_trigger_target_dag.py for tasks to queue
[2025-10-25T16:26:37.337+0200] {logging_mixin.py:188} INFO - [2025-10-25T16:26:37.337+0200] {dagbag.py:538} INFO - Filling up the DagBag from /Users/youssefdaaloul/venv/dbt_snowflake/airflow_venv_39/lib/python3.11/site-packages/airflow/example_dags/example_trigger_target_dag.py
[2025-10-25T16:26:37.353+0200] {processor.py:840} INFO - DAG(s) 'example_trigger_target_dag' retrieved from /Users/youssefdaaloul/venv/dbt_snowflake/airflow_venv_39/lib/python3.11/site-packages/airflow/example_dags/example_trigger_target_dag.py
[2025-10-25T16:26:37.410+0200] {logging_mixin.py:188} INFO - [2025-10-25T16:26:37.410+0200] {dag.py:3036} INFO - Sync 1 DAGs
[2025-10-25T16:26:37.414+0200] {logging_mixin.py:188} INFO - [2025-10-25T16:26:37.414+0200] {dag.py:3823} INFO - Setting next_dagrun for example_trigger_target_dag to None, run_after=None
[2025-10-25T16:26:37.423+0200] {processor.py:183} INFO - Processing /Users/youssefdaaloul/venv/dbt_snowflake/airflow_venv_39/lib/python3.11/site-packages/airflow/example_dags/example_trigger_target_dag.py took 0.087 seconds
[2025-10-25T16:27:31.733+0200] {processor.py:161} INFO - Started process (PID=72250) to work on /Users/youssefdaaloul/venv/dbt_snowflake/airflow_venv_39/lib/python3.11/site-packages/airflow/example_dags/example_trigger_target_dag.py
[2025-10-25T16:27:31.734+0200] {processor.py:830} INFO - Processing file /Users/youssefdaaloul/venv/dbt_snowflake/airflow_venv_39/lib/python3.11/site-packages/airflow/example_dags/example_trigger_target_dag.py for tasks to queue
[2025-10-25T16:27:31.734+0200] {logging_mixin.py:188} INFO - [2025-10-25T16:27:31.734+0200] {dagbag.py:538} INFO - Filling up the DagBag from /Users/youssefdaaloul/venv/dbt_snowflake/airflow_venv_39/lib/python3.11/site-packages/airflow/example_dags/example_trigger_target_dag.py
[2025-10-25T16:27:31.749+0200] {processor.py:840} INFO - DAG(s) 'example_trigger_target_dag' retrieved from /Users/youssefdaaloul/venv/dbt_snowflake/airflow_venv_39/lib/python3.11/site-packages/airflow/example_dags/example_trigger_target_dag.py
[2025-10-25T16:27:31.805+0200] {logging_mixin.py:188} INFO - [2025-10-25T16:27:31.805+0200] {dag.py:3036} INFO - Sync 1 DAGs
[2025-10-25T16:27:31.808+0200] {logging_mixin.py:188} INFO - [2025-10-25T16:27:31.808+0200] {dag.py:3823} INFO - Setting next_dagrun for example_trigger_target_dag to None, run_after=None
[2025-10-25T16:27:31.816+0200] {processor.py:183} INFO - Processing /Users/youssefdaaloul/venv/dbt_snowflake/airflow_venv_39/lib/python3.11/site-packages/airflow/example_dags/example_trigger_target_dag.py took 0.083 seconds
[2025-10-25T16:28:30.815+0200] {processor.py:161} INFO - Started process (PID=72314) to work on /Users/youssefdaaloul/venv/dbt_snowflake/airflow_venv_39/lib/python3.11/site-packages/airflow/example_dags/example_trigger_target_dag.py
[2025-10-25T16:28:30.816+0200] {processor.py:830} INFO - Processing file /Users/youssefdaaloul/venv/dbt_snowflake/airflow_venv_39/lib/python3.11/site-packages/airflow/example_dags/example_trigger_target_dag.py for tasks to queue
[2025-10-25T16:28:30.816+0200] {logging_mixin.py:188} INFO - [2025-10-25T16:28:30.816+0200] {dagbag.py:538} INFO - Filling up the DagBag from /Users/youssefdaaloul/venv/dbt_snowflake/airflow_venv_39/lib/python3.11/site-packages/airflow/example_dags/example_trigger_target_dag.py
[2025-10-25T16:28:30.832+0200] {processor.py:840} INFO - DAG(s) 'example_trigger_target_dag' retrieved from /Users/youssefdaaloul/venv/dbt_snowflake/airflow_venv_39/lib/python3.11/site-packages/airflow/example_dags/example_trigger_target_dag.py
[2025-10-25T16:28:30.891+0200] {logging_mixin.py:188} INFO - [2025-10-25T16:28:30.891+0200] {dag.py:3036} INFO - Sync 1 DAGs
[2025-10-25T16:28:30.894+0200] {logging_mixin.py:188} INFO - [2025-10-25T16:28:30.894+0200] {dag.py:3823} INFO - Setting next_dagrun for example_trigger_target_dag to None, run_after=None
[2025-10-25T16:28:30.902+0200] {processor.py:183} INFO - Processing /Users/youssefdaaloul/venv/dbt_snowflake/airflow_venv_39/lib/python3.11/site-packages/airflow/example_dags/example_trigger_target_dag.py took 0.087 seconds
[2025-10-25T16:29:29.768+0200] {processor.py:161} INFO - Started process (PID=72367) to work on /Users/youssefdaaloul/venv/dbt_snowflake/airflow_venv_39/lib/python3.11/site-packages/airflow/example_dags/example_trigger_target_dag.py
[2025-10-25T16:29:29.769+0200] {processor.py:830} INFO - Processing file /Users/youssefdaaloul/venv/dbt_snowflake/airflow_venv_39/lib/python3.11/site-packages/airflow/example_dags/example_trigger_target_dag.py for tasks to queue
[2025-10-25T16:29:29.769+0200] {logging_mixin.py:188} INFO - [2025-10-25T16:29:29.769+0200] {dagbag.py:538} INFO - Filling up the DagBag from /Users/youssefdaaloul/venv/dbt_snowflake/airflow_venv_39/lib/python3.11/site-packages/airflow/example_dags/example_trigger_target_dag.py
[2025-10-25T16:29:29.784+0200] {processor.py:840} INFO - DAG(s) 'example_trigger_target_dag' retrieved from /Users/youssefdaaloul/venv/dbt_snowflake/airflow_venv_39/lib/python3.11/site-packages/airflow/example_dags/example_trigger_target_dag.py
[2025-10-25T16:29:29.840+0200] {logging_mixin.py:188} INFO - [2025-10-25T16:29:29.840+0200] {dag.py:3036} INFO - Sync 1 DAGs
[2025-10-25T16:29:29.844+0200] {logging_mixin.py:188} INFO - [2025-10-25T16:29:29.844+0200] {dag.py:3823} INFO - Setting next_dagrun for example_trigger_target_dag to None, run_after=None
[2025-10-25T16:29:29.851+0200] {processor.py:183} INFO - Processing /Users/youssefdaaloul/venv/dbt_snowflake/airflow_venv_39/lib/python3.11/site-packages/airflow/example_dags/example_trigger_target_dag.py took 0.084 seconds
[2025-10-25T16:30:28.872+0200] {processor.py:161} INFO - Started process (PID=72433) to work on /Users/youssefdaaloul/venv/dbt_snowflake/airflow_venv_39/lib/python3.11/site-packages/airflow/example_dags/example_trigger_target_dag.py
[2025-10-25T16:30:28.874+0200] {processor.py:830} INFO - Processing file /Users/youssefdaaloul/venv/dbt_snowflake/airflow_venv_39/lib/python3.11/site-packages/airflow/example_dags/example_trigger_target_dag.py for tasks to queue
[2025-10-25T16:30:28.874+0200] {logging_mixin.py:188} INFO - [2025-10-25T16:30:28.874+0200] {dagbag.py:538} INFO - Filling up the DagBag from /Users/youssefdaaloul/venv/dbt_snowflake/airflow_venv_39/lib/python3.11/site-packages/airflow/example_dags/example_trigger_target_dag.py
[2025-10-25T16:30:28.888+0200] {processor.py:840} INFO - DAG(s) 'example_trigger_target_dag' retrieved from /Users/youssefdaaloul/venv/dbt_snowflake/airflow_venv_39/lib/python3.11/site-packages/airflow/example_dags/example_trigger_target_dag.py
[2025-10-25T16:30:28.948+0200] {logging_mixin.py:188} INFO - [2025-10-25T16:30:28.948+0200] {dag.py:3036} INFO - Sync 1 DAGs
[2025-10-25T16:30:28.951+0200] {logging_mixin.py:188} INFO - [2025-10-25T16:30:28.951+0200] {dag.py:3823} INFO - Setting next_dagrun for example_trigger_target_dag to None, run_after=None
[2025-10-25T16:30:28.958+0200] {processor.py:183} INFO - Processing /Users/youssefdaaloul/venv/dbt_snowflake/airflow_venv_39/lib/python3.11/site-packages/airflow/example_dags/example_trigger_target_dag.py took 0.086 seconds
[2025-10-25T16:31:25.949+0200] {processor.py:161} INFO - Started process (PID=72536) to work on /Users/youssefdaaloul/venv/dbt_snowflake/airflow_venv_39/lib/python3.11/site-packages/airflow/example_dags/example_trigger_target_dag.py
[2025-10-25T16:31:25.950+0200] {processor.py:830} INFO - Processing file /Users/youssefdaaloul/venv/dbt_snowflake/airflow_venv_39/lib/python3.11/site-packages/airflow/example_dags/example_trigger_target_dag.py for tasks to queue
[2025-10-25T16:31:25.950+0200] {logging_mixin.py:188} INFO - [2025-10-25T16:31:25.950+0200] {dagbag.py:538} INFO - Filling up the DagBag from /Users/youssefdaaloul/venv/dbt_snowflake/airflow_venv_39/lib/python3.11/site-packages/airflow/example_dags/example_trigger_target_dag.py
[2025-10-25T16:31:25.966+0200] {processor.py:840} INFO - DAG(s) 'example_trigger_target_dag' retrieved from /Users/youssefdaaloul/venv/dbt_snowflake/airflow_venv_39/lib/python3.11/site-packages/airflow/example_dags/example_trigger_target_dag.py
[2025-10-25T16:31:26.026+0200] {logging_mixin.py:188} INFO - [2025-10-25T16:31:26.026+0200] {dag.py:3036} INFO - Sync 1 DAGs
[2025-10-25T16:31:26.030+0200] {logging_mixin.py:188} INFO - [2025-10-25T16:31:26.030+0200] {dag.py:3823} INFO - Setting next_dagrun for example_trigger_target_dag to None, run_after=None
[2025-10-25T16:31:26.038+0200] {processor.py:183} INFO - Processing /Users/youssefdaaloul/venv/dbt_snowflake/airflow_venv_39/lib/python3.11/site-packages/airflow/example_dags/example_trigger_target_dag.py took 0.089 seconds
[2025-10-25T16:32:23.696+0200] {processor.py:161} INFO - Started process (PID=72602) to work on /Users/youssefdaaloul/venv/dbt_snowflake/airflow_venv_39/lib/python3.11/site-packages/airflow/example_dags/example_trigger_target_dag.py
[2025-10-25T16:32:23.699+0200] {processor.py:830} INFO - Processing file /Users/youssefdaaloul/venv/dbt_snowflake/airflow_venv_39/lib/python3.11/site-packages/airflow/example_dags/example_trigger_target_dag.py for tasks to queue
[2025-10-25T16:32:23.700+0200] {logging_mixin.py:188} INFO - [2025-10-25T16:32:23.700+0200] {dagbag.py:538} INFO - Filling up the DagBag from /Users/youssefdaaloul/venv/dbt_snowflake/airflow_venv_39/lib/python3.11/site-packages/airflow/example_dags/example_trigger_target_dag.py
[2025-10-25T16:32:23.714+0200] {processor.py:840} INFO - DAG(s) 'example_trigger_target_dag' retrieved from /Users/youssefdaaloul/venv/dbt_snowflake/airflow_venv_39/lib/python3.11/site-packages/airflow/example_dags/example_trigger_target_dag.py
[2025-10-25T16:32:23.773+0200] {logging_mixin.py:188} INFO - [2025-10-25T16:32:23.773+0200] {dag.py:3036} INFO - Sync 1 DAGs
[2025-10-25T16:32:23.778+0200] {logging_mixin.py:188} INFO - [2025-10-25T16:32:23.778+0200] {dag.py:3823} INFO - Setting next_dagrun for example_trigger_target_dag to None, run_after=None
[2025-10-25T16:32:23.785+0200] {processor.py:183} INFO - Processing /Users/youssefdaaloul/venv/dbt_snowflake/airflow_venv_39/lib/python3.11/site-packages/airflow/example_dags/example_trigger_target_dag.py took 0.089 seconds
[2025-10-25T16:33:20.628+0200] {processor.py:161} INFO - Started process (PID=72672) to work on /Users/youssefdaaloul/venv/dbt_snowflake/airflow_venv_39/lib/python3.11/site-packages/airflow/example_dags/example_trigger_target_dag.py
[2025-10-25T16:33:20.628+0200] {processor.py:830} INFO - Processing file /Users/youssefdaaloul/venv/dbt_snowflake/airflow_venv_39/lib/python3.11/site-packages/airflow/example_dags/example_trigger_target_dag.py for tasks to queue
[2025-10-25T16:33:20.629+0200] {logging_mixin.py:188} INFO - [2025-10-25T16:33:20.629+0200] {dagbag.py:538} INFO - Filling up the DagBag from /Users/youssefdaaloul/venv/dbt_snowflake/airflow_venv_39/lib/python3.11/site-packages/airflow/example_dags/example_trigger_target_dag.py
[2025-10-25T16:33:20.644+0200] {processor.py:840} INFO - DAG(s) 'example_trigger_target_dag' retrieved from /Users/youssefdaaloul/venv/dbt_snowflake/airflow_venv_39/lib/python3.11/site-packages/airflow/example_dags/example_trigger_target_dag.py
[2025-10-25T16:33:20.701+0200] {logging_mixin.py:188} INFO - [2025-10-25T16:33:20.701+0200] {dag.py:3036} INFO - Sync 1 DAGs
[2025-10-25T16:33:20.705+0200] {logging_mixin.py:188} INFO - [2025-10-25T16:33:20.705+0200] {dag.py:3823} INFO - Setting next_dagrun for example_trigger_target_dag to None, run_after=None
[2025-10-25T16:33:20.712+0200] {processor.py:183} INFO - Processing /Users/youssefdaaloul/venv/dbt_snowflake/airflow_venv_39/lib/python3.11/site-packages/airflow/example_dags/example_trigger_target_dag.py took 0.085 seconds
[2025-10-25T16:34:22.261+0200] {processor.py:161} INFO - Started process (PID=72740) to work on /Users/youssefdaaloul/venv/dbt_snowflake/airflow_venv_39/lib/python3.11/site-packages/airflow/example_dags/example_trigger_target_dag.py
[2025-10-25T16:34:22.261+0200] {processor.py:830} INFO - Processing file /Users/youssefdaaloul/venv/dbt_snowflake/airflow_venv_39/lib/python3.11/site-packages/airflow/example_dags/example_trigger_target_dag.py for tasks to queue
[2025-10-25T16:34:22.262+0200] {logging_mixin.py:188} INFO - [2025-10-25T16:34:22.262+0200] {dagbag.py:538} INFO - Filling up the DagBag from /Users/youssefdaaloul/venv/dbt_snowflake/airflow_venv_39/lib/python3.11/site-packages/airflow/example_dags/example_trigger_target_dag.py
[2025-10-25T16:34:22.280+0200] {processor.py:840} INFO - DAG(s) 'example_trigger_target_dag' retrieved from /Users/youssefdaaloul/venv/dbt_snowflake/airflow_venv_39/lib/python3.11/site-packages/airflow/example_dags/example_trigger_target_dag.py
[2025-10-25T16:34:22.344+0200] {logging_mixin.py:188} INFO - [2025-10-25T16:34:22.344+0200] {dag.py:3036} INFO - Sync 1 DAGs
[2025-10-25T16:34:22.349+0200] {logging_mixin.py:188} INFO - [2025-10-25T16:34:22.348+0200] {dag.py:3823} INFO - Setting next_dagrun for example_trigger_target_dag to None, run_after=None
[2025-10-25T16:34:22.358+0200] {processor.py:183} INFO - Processing /Users/youssefdaaloul/venv/dbt_snowflake/airflow_venv_39/lib/python3.11/site-packages/airflow/example_dags/example_trigger_target_dag.py took 0.098 seconds
[2025-10-25T16:35:20.378+0200] {processor.py:161} INFO - Started process (PID=72825) to work on /Users/youssefdaaloul/venv/dbt_snowflake/airflow_venv_39/lib/python3.11/site-packages/airflow/example_dags/example_trigger_target_dag.py
[2025-10-25T16:35:20.379+0200] {processor.py:830} INFO - Processing file /Users/youssefdaaloul/venv/dbt_snowflake/airflow_venv_39/lib/python3.11/site-packages/airflow/example_dags/example_trigger_target_dag.py for tasks to queue
[2025-10-25T16:35:20.379+0200] {logging_mixin.py:188} INFO - [2025-10-25T16:35:20.379+0200] {dagbag.py:538} INFO - Filling up the DagBag from /Users/youssefdaaloul/venv/dbt_snowflake/airflow_venv_39/lib/python3.11/site-packages/airflow/example_dags/example_trigger_target_dag.py
[2025-10-25T16:35:20.397+0200] {processor.py:840} INFO - DAG(s) 'example_trigger_target_dag' retrieved from /Users/youssefdaaloul/venv/dbt_snowflake/airflow_venv_39/lib/python3.11/site-packages/airflow/example_dags/example_trigger_target_dag.py
[2025-10-25T16:35:20.455+0200] {logging_mixin.py:188} INFO - [2025-10-25T16:35:20.455+0200] {dag.py:3036} INFO - Sync 1 DAGs
[2025-10-25T16:35:20.459+0200] {logging_mixin.py:188} INFO - [2025-10-25T16:35:20.459+0200] {dag.py:3823} INFO - Setting next_dagrun for example_trigger_target_dag to None, run_after=None
[2025-10-25T16:35:20.466+0200] {processor.py:183} INFO - Processing /Users/youssefdaaloul/venv/dbt_snowflake/airflow_venv_39/lib/python3.11/site-packages/airflow/example_dags/example_trigger_target_dag.py took 0.089 seconds
[2025-10-25T16:36:18.968+0200] {processor.py:161} INFO - Started process (PID=72910) to work on /Users/youssefdaaloul/venv/dbt_snowflake/airflow_venv_39/lib/python3.11/site-packages/airflow/example_dags/example_trigger_target_dag.py
[2025-10-25T16:36:18.970+0200] {processor.py:830} INFO - Processing file /Users/youssefdaaloul/venv/dbt_snowflake/airflow_venv_39/lib/python3.11/site-packages/airflow/example_dags/example_trigger_target_dag.py for tasks to queue
[2025-10-25T16:36:18.970+0200] {logging_mixin.py:188} INFO - [2025-10-25T16:36:18.970+0200] {dagbag.py:538} INFO - Filling up the DagBag from /Users/youssefdaaloul/venv/dbt_snowflake/airflow_venv_39/lib/python3.11/site-packages/airflow/example_dags/example_trigger_target_dag.py
[2025-10-25T16:36:18.986+0200] {processor.py:840} INFO - DAG(s) 'example_trigger_target_dag' retrieved from /Users/youssefdaaloul/venv/dbt_snowflake/airflow_venv_39/lib/python3.11/site-packages/airflow/example_dags/example_trigger_target_dag.py
[2025-10-25T16:36:19.042+0200] {logging_mixin.py:188} INFO - [2025-10-25T16:36:19.042+0200] {dag.py:3036} INFO - Sync 1 DAGs
[2025-10-25T16:36:19.046+0200] {logging_mixin.py:188} INFO - [2025-10-25T16:36:19.046+0200] {dag.py:3823} INFO - Setting next_dagrun for example_trigger_target_dag to None, run_after=None
[2025-10-25T16:36:19.053+0200] {processor.py:183} INFO - Processing /Users/youssefdaaloul/venv/dbt_snowflake/airflow_venv_39/lib/python3.11/site-packages/airflow/example_dags/example_trigger_target_dag.py took 0.085 seconds
