[2025-10-25T16:08:54.693+0200] {processor.py:161} INFO - Started process (PID=71213) to work on /Users/youssefdaaloul/venv/dbt_snowflake/airflow_venv_39/lib/python3.11/site-packages/airflow/example_dags/example_setup_teardown_taskflow.py
[2025-10-25T16:08:54.694+0200] {processor.py:830} INFO - Processing file /Users/youssefdaaloul/venv/dbt_snowflake/airflow_venv_39/lib/python3.11/site-packages/airflow/example_dags/example_setup_teardown_taskflow.py for tasks to queue
[2025-10-25T16:08:54.694+0200] {logging_mixin.py:188} INFO - [2025-10-25T16:08:54.694+0200] {dagbag.py:538} INFO - Filling up the DagBag from /Users/youssefdaaloul/venv/dbt_snowflake/airflow_venv_39/lib/python3.11/site-packages/airflow/example_dags/example_setup_teardown_taskflow.py
[2025-10-25T16:08:54.711+0200] {processor.py:840} INFO - DAG(s) 'example_setup_teardown_taskflow' retrieved from /Users/youssefdaaloul/venv/dbt_snowflake/airflow_venv_39/lib/python3.11/site-packages/airflow/example_dags/example_setup_teardown_taskflow.py
[2025-10-25T16:08:54.802+0200] {logging_mixin.py:188} INFO - [2025-10-25T16:08:54.802+0200] {dag.py:3036} INFO - Sync 1 DAGs
[2025-10-25T16:08:54.807+0200] {logging_mixin.py:188} INFO - [2025-10-25T16:08:54.807+0200] {dag.py:3823} INFO - Setting next_dagrun for example_setup_teardown_taskflow to 2025-10-24 00:00:00+00:00, run_after=2025-10-25 00:00:00+00:00
[2025-10-25T16:08:54.816+0200] {processor.py:183} INFO - Processing /Users/youssefdaaloul/venv/dbt_snowflake/airflow_venv_39/lib/python3.11/site-packages/airflow/example_dags/example_setup_teardown_taskflow.py took 0.122 seconds
[2025-10-25T16:10:27.150+0200] {processor.py:161} INFO - Started process (PID=71300) to work on /Users/youssefdaaloul/venv/dbt_snowflake/airflow_venv_39/lib/python3.11/site-packages/airflow/example_dags/example_setup_teardown_taskflow.py
[2025-10-25T16:10:27.151+0200] {processor.py:830} INFO - Processing file /Users/youssefdaaloul/venv/dbt_snowflake/airflow_venv_39/lib/python3.11/site-packages/airflow/example_dags/example_setup_teardown_taskflow.py for tasks to queue
[2025-10-25T16:10:27.151+0200] {logging_mixin.py:188} INFO - [2025-10-25T16:10:27.151+0200] {dagbag.py:538} INFO - Filling up the DagBag from /Users/youssefdaaloul/venv/dbt_snowflake/airflow_venv_39/lib/python3.11/site-packages/airflow/example_dags/example_setup_teardown_taskflow.py
[2025-10-25T16:10:27.166+0200] {processor.py:840} INFO - DAG(s) 'example_setup_teardown_taskflow' retrieved from /Users/youssefdaaloul/venv/dbt_snowflake/airflow_venv_39/lib/python3.11/site-packages/airflow/example_dags/example_setup_teardown_taskflow.py
[2025-10-25T16:10:27.223+0200] {logging_mixin.py:188} INFO - [2025-10-25T16:10:27.223+0200] {dag.py:3036} INFO - Sync 1 DAGs
[2025-10-25T16:10:27.229+0200] {logging_mixin.py:188} INFO - [2025-10-25T16:10:27.229+0200] {dag.py:3823} INFO - Setting next_dagrun for example_setup_teardown_taskflow to 2025-10-24 00:00:00+00:00, run_after=2025-10-25 00:00:00+00:00
[2025-10-25T16:10:27.235+0200] {processor.py:183} INFO - Processing /Users/youssefdaaloul/venv/dbt_snowflake/airflow_venv_39/lib/python3.11/site-packages/airflow/example_dags/example_setup_teardown_taskflow.py took 0.085 seconds
[2025-10-25T16:12:24.694+0200] {processor.py:161} INFO - Started process (PID=71410) to work on /Users/youssefdaaloul/venv/dbt_snowflake/airflow_venv_39/lib/python3.11/site-packages/airflow/example_dags/example_setup_teardown_taskflow.py
[2025-10-25T16:12:24.695+0200] {processor.py:830} INFO - Processing file /Users/youssefdaaloul/venv/dbt_snowflake/airflow_venv_39/lib/python3.11/site-packages/airflow/example_dags/example_setup_teardown_taskflow.py for tasks to queue
[2025-10-25T16:12:24.695+0200] {logging_mixin.py:188} INFO - [2025-10-25T16:12:24.695+0200] {dagbag.py:538} INFO - Filling up the DagBag from /Users/youssefdaaloul/venv/dbt_snowflake/airflow_venv_39/lib/python3.11/site-packages/airflow/example_dags/example_setup_teardown_taskflow.py
[2025-10-25T16:12:24.714+0200] {processor.py:840} INFO - DAG(s) 'example_setup_teardown_taskflow' retrieved from /Users/youssefdaaloul/venv/dbt_snowflake/airflow_venv_39/lib/python3.11/site-packages/airflow/example_dags/example_setup_teardown_taskflow.py
[2025-10-25T16:12:24.775+0200] {logging_mixin.py:188} INFO - [2025-10-25T16:12:24.775+0200] {dag.py:3036} INFO - Sync 1 DAGs
[2025-10-25T16:12:24.782+0200] {logging_mixin.py:188} INFO - [2025-10-25T16:12:24.782+0200] {dag.py:3823} INFO - Setting next_dagrun for example_setup_teardown_taskflow to 2025-10-24 00:00:00+00:00, run_after=2025-10-25 00:00:00+00:00
[2025-10-25T16:12:24.789+0200] {processor.py:183} INFO - Processing /Users/youssefdaaloul/venv/dbt_snowflake/airflow_venv_39/lib/python3.11/site-packages/airflow/example_dags/example_setup_teardown_taskflow.py took 0.095 seconds
[2025-10-25T16:14:22.885+0200] {processor.py:161} INFO - Started process (PID=71510) to work on /Users/youssefdaaloul/venv/dbt_snowflake/airflow_venv_39/lib/python3.11/site-packages/airflow/example_dags/example_setup_teardown_taskflow.py
[2025-10-25T16:14:22.886+0200] {processor.py:830} INFO - Processing file /Users/youssefdaaloul/venv/dbt_snowflake/airflow_venv_39/lib/python3.11/site-packages/airflow/example_dags/example_setup_teardown_taskflow.py for tasks to queue
[2025-10-25T16:14:22.886+0200] {logging_mixin.py:188} INFO - [2025-10-25T16:14:22.886+0200] {dagbag.py:538} INFO - Filling up the DagBag from /Users/youssefdaaloul/venv/dbt_snowflake/airflow_venv_39/lib/python3.11/site-packages/airflow/example_dags/example_setup_teardown_taskflow.py
[2025-10-25T16:14:22.904+0200] {processor.py:840} INFO - DAG(s) 'example_setup_teardown_taskflow' retrieved from /Users/youssefdaaloul/venv/dbt_snowflake/airflow_venv_39/lib/python3.11/site-packages/airflow/example_dags/example_setup_teardown_taskflow.py
[2025-10-25T16:14:22.967+0200] {logging_mixin.py:188} INFO - [2025-10-25T16:14:22.967+0200] {dag.py:3036} INFO - Sync 1 DAGs
[2025-10-25T16:14:22.974+0200] {logging_mixin.py:188} INFO - [2025-10-25T16:14:22.974+0200] {dag.py:3823} INFO - Setting next_dagrun for example_setup_teardown_taskflow to 2025-10-24 00:00:00+00:00, run_after=2025-10-25 00:00:00+00:00
[2025-10-25T16:14:22.982+0200] {processor.py:183} INFO - Processing /Users/youssefdaaloul/venv/dbt_snowflake/airflow_venv_39/lib/python3.11/site-packages/airflow/example_dags/example_setup_teardown_taskflow.py took 0.097 seconds
[2025-10-25T16:16:25.430+0200] {processor.py:161} INFO - Started process (PID=71621) to work on /Users/youssefdaaloul/venv/dbt_snowflake/airflow_venv_39/lib/python3.11/site-packages/airflow/example_dags/example_setup_teardown_taskflow.py
[2025-10-25T16:16:25.431+0200] {processor.py:830} INFO - Processing file /Users/youssefdaaloul/venv/dbt_snowflake/airflow_venv_39/lib/python3.11/site-packages/airflow/example_dags/example_setup_teardown_taskflow.py for tasks to queue
[2025-10-25T16:16:25.432+0200] {logging_mixin.py:188} INFO - [2025-10-25T16:16:25.432+0200] {dagbag.py:538} INFO - Filling up the DagBag from /Users/youssefdaaloul/venv/dbt_snowflake/airflow_venv_39/lib/python3.11/site-packages/airflow/example_dags/example_setup_teardown_taskflow.py
[2025-10-25T16:16:25.447+0200] {processor.py:840} INFO - DAG(s) 'example_setup_teardown_taskflow' retrieved from /Users/youssefdaaloul/venv/dbt_snowflake/airflow_venv_39/lib/python3.11/site-packages/airflow/example_dags/example_setup_teardown_taskflow.py
[2025-10-25T16:16:25.506+0200] {logging_mixin.py:188} INFO - [2025-10-25T16:16:25.506+0200] {dag.py:3036} INFO - Sync 1 DAGs
[2025-10-25T16:16:25.513+0200] {logging_mixin.py:188} INFO - [2025-10-25T16:16:25.513+0200] {dag.py:3823} INFO - Setting next_dagrun for example_setup_teardown_taskflow to 2025-10-24 00:00:00+00:00, run_after=2025-10-25 00:00:00+00:00
[2025-10-25T16:16:25.521+0200] {processor.py:183} INFO - Processing /Users/youssefdaaloul/venv/dbt_snowflake/airflow_venv_39/lib/python3.11/site-packages/airflow/example_dags/example_setup_teardown_taskflow.py took 0.091 seconds
[2025-10-25T16:18:25.315+0200] {processor.py:161} INFO - Started process (PID=71722) to work on /Users/youssefdaaloul/venv/dbt_snowflake/airflow_venv_39/lib/python3.11/site-packages/airflow/example_dags/example_setup_teardown_taskflow.py
[2025-10-25T16:18:25.319+0200] {processor.py:830} INFO - Processing file /Users/youssefdaaloul/venv/dbt_snowflake/airflow_venv_39/lib/python3.11/site-packages/airflow/example_dags/example_setup_teardown_taskflow.py for tasks to queue
[2025-10-25T16:18:25.319+0200] {logging_mixin.py:188} INFO - [2025-10-25T16:18:25.319+0200] {dagbag.py:538} INFO - Filling up the DagBag from /Users/youssefdaaloul/venv/dbt_snowflake/airflow_venv_39/lib/python3.11/site-packages/airflow/example_dags/example_setup_teardown_taskflow.py
[2025-10-25T16:18:25.334+0200] {processor.py:840} INFO - DAG(s) 'example_setup_teardown_taskflow' retrieved from /Users/youssefdaaloul/venv/dbt_snowflake/airflow_venv_39/lib/python3.11/site-packages/airflow/example_dags/example_setup_teardown_taskflow.py
[2025-10-25T16:18:25.396+0200] {logging_mixin.py:188} INFO - [2025-10-25T16:18:25.395+0200] {dag.py:3036} INFO - Sync 1 DAGs
[2025-10-25T16:18:25.403+0200] {logging_mixin.py:188} INFO - [2025-10-25T16:18:25.403+0200] {dag.py:3823} INFO - Setting next_dagrun for example_setup_teardown_taskflow to 2025-10-24 00:00:00+00:00, run_after=2025-10-25 00:00:00+00:00
[2025-10-25T16:18:25.410+0200] {processor.py:183} INFO - Processing /Users/youssefdaaloul/venv/dbt_snowflake/airflow_venv_39/lib/python3.11/site-packages/airflow/example_dags/example_setup_teardown_taskflow.py took 0.095 seconds
[2025-10-25T16:20:31.213+0200] {processor.py:161} INFO - Started process (PID=71846) to work on /Users/youssefdaaloul/venv/dbt_snowflake/airflow_venv_39/lib/python3.11/site-packages/airflow/example_dags/example_setup_teardown_taskflow.py
[2025-10-25T16:20:31.213+0200] {processor.py:830} INFO - Processing file /Users/youssefdaaloul/venv/dbt_snowflake/airflow_venv_39/lib/python3.11/site-packages/airflow/example_dags/example_setup_teardown_taskflow.py for tasks to queue
[2025-10-25T16:20:31.214+0200] {logging_mixin.py:188} INFO - [2025-10-25T16:20:31.214+0200] {dagbag.py:538} INFO - Filling up the DagBag from /Users/youssefdaaloul/venv/dbt_snowflake/airflow_venv_39/lib/python3.11/site-packages/airflow/example_dags/example_setup_teardown_taskflow.py
[2025-10-25T16:20:31.230+0200] {processor.py:840} INFO - DAG(s) 'example_setup_teardown_taskflow' retrieved from /Users/youssefdaaloul/venv/dbt_snowflake/airflow_venv_39/lib/python3.11/site-packages/airflow/example_dags/example_setup_teardown_taskflow.py
[2025-10-25T16:20:31.294+0200] {logging_mixin.py:188} INFO - [2025-10-25T16:20:31.294+0200] {dag.py:3036} INFO - Sync 1 DAGs
[2025-10-25T16:20:31.301+0200] {logging_mixin.py:188} INFO - [2025-10-25T16:20:31.301+0200] {dag.py:3823} INFO - Setting next_dagrun for example_setup_teardown_taskflow to 2025-10-24 00:00:00+00:00, run_after=2025-10-25 00:00:00+00:00
[2025-10-25T16:20:31.309+0200] {processor.py:183} INFO - Processing /Users/youssefdaaloul/venv/dbt_snowflake/airflow_venv_39/lib/python3.11/site-packages/airflow/example_dags/example_setup_teardown_taskflow.py took 0.097 seconds
[2025-10-25T16:22:20.747+0200] {processor.py:161} INFO - Started process (PID=71935) to work on /Users/youssefdaaloul/venv/dbt_snowflake/airflow_venv_39/lib/python3.11/site-packages/airflow/example_dags/example_setup_teardown_taskflow.py
[2025-10-25T16:22:20.748+0200] {processor.py:830} INFO - Processing file /Users/youssefdaaloul/venv/dbt_snowflake/airflow_venv_39/lib/python3.11/site-packages/airflow/example_dags/example_setup_teardown_taskflow.py for tasks to queue
[2025-10-25T16:22:20.748+0200] {logging_mixin.py:188} INFO - [2025-10-25T16:22:20.748+0200] {dagbag.py:538} INFO - Filling up the DagBag from /Users/youssefdaaloul/venv/dbt_snowflake/airflow_venv_39/lib/python3.11/site-packages/airflow/example_dags/example_setup_teardown_taskflow.py
[2025-10-25T16:22:20.765+0200] {processor.py:840} INFO - DAG(s) 'example_setup_teardown_taskflow' retrieved from /Users/youssefdaaloul/venv/dbt_snowflake/airflow_venv_39/lib/python3.11/site-packages/airflow/example_dags/example_setup_teardown_taskflow.py
[2025-10-25T16:22:20.822+0200] {logging_mixin.py:188} INFO - [2025-10-25T16:22:20.821+0200] {dag.py:3036} INFO - Sync 1 DAGs
[2025-10-25T16:22:20.828+0200] {logging_mixin.py:188} INFO - [2025-10-25T16:22:20.828+0200] {dag.py:3823} INFO - Setting next_dagrun for example_setup_teardown_taskflow to 2025-10-24 00:00:00+00:00, run_after=2025-10-25 00:00:00+00:00
[2025-10-25T16:22:20.835+0200] {processor.py:183} INFO - Processing /Users/youssefdaaloul/venv/dbt_snowflake/airflow_venv_39/lib/python3.11/site-packages/airflow/example_dags/example_setup_teardown_taskflow.py took 0.088 seconds
[2025-10-25T16:24:08.295+0200] {processor.py:161} INFO - Started process (PID=72036) to work on /Users/youssefdaaloul/venv/dbt_snowflake/airflow_venv_39/lib/python3.11/site-packages/airflow/example_dags/example_setup_teardown_taskflow.py
[2025-10-25T16:24:08.296+0200] {processor.py:830} INFO - Processing file /Users/youssefdaaloul/venv/dbt_snowflake/airflow_venv_39/lib/python3.11/site-packages/airflow/example_dags/example_setup_teardown_taskflow.py for tasks to queue
[2025-10-25T16:24:08.296+0200] {logging_mixin.py:188} INFO - [2025-10-25T16:24:08.296+0200] {dagbag.py:538} INFO - Filling up the DagBag from /Users/youssefdaaloul/venv/dbt_snowflake/airflow_venv_39/lib/python3.11/site-packages/airflow/example_dags/example_setup_teardown_taskflow.py
[2025-10-25T16:24:08.311+0200] {processor.py:840} INFO - DAG(s) 'example_setup_teardown_taskflow' retrieved from /Users/youssefdaaloul/venv/dbt_snowflake/airflow_venv_39/lib/python3.11/site-packages/airflow/example_dags/example_setup_teardown_taskflow.py
[2025-10-25T16:24:08.376+0200] {logging_mixin.py:188} INFO - [2025-10-25T16:24:08.376+0200] {dag.py:3036} INFO - Sync 1 DAGs
[2025-10-25T16:24:08.382+0200] {logging_mixin.py:188} INFO - [2025-10-25T16:24:08.382+0200] {dag.py:3823} INFO - Setting next_dagrun for example_setup_teardown_taskflow to 2025-10-24 00:00:00+00:00, run_after=2025-10-25 00:00:00+00:00
[2025-10-25T16:24:08.389+0200] {processor.py:183} INFO - Processing /Users/youssefdaaloul/venv/dbt_snowflake/airflow_venv_39/lib/python3.11/site-packages/airflow/example_dags/example_setup_teardown_taskflow.py took 0.094 seconds
[2025-10-25T16:25:57.849+0200] {processor.py:161} INFO - Started process (PID=72154) to work on /Users/youssefdaaloul/venv/dbt_snowflake/airflow_venv_39/lib/python3.11/site-packages/airflow/example_dags/example_setup_teardown_taskflow.py
[2025-10-25T16:25:57.850+0200] {processor.py:830} INFO - Processing file /Users/youssefdaaloul/venv/dbt_snowflake/airflow_venv_39/lib/python3.11/site-packages/airflow/example_dags/example_setup_teardown_taskflow.py for tasks to queue
[2025-10-25T16:25:57.850+0200] {logging_mixin.py:188} INFO - [2025-10-25T16:25:57.850+0200] {dagbag.py:538} INFO - Filling up the DagBag from /Users/youssefdaaloul/venv/dbt_snowflake/airflow_venv_39/lib/python3.11/site-packages/airflow/example_dags/example_setup_teardown_taskflow.py
[2025-10-25T16:25:57.866+0200] {processor.py:840} INFO - DAG(s) 'example_setup_teardown_taskflow' retrieved from /Users/youssefdaaloul/venv/dbt_snowflake/airflow_venv_39/lib/python3.11/site-packages/airflow/example_dags/example_setup_teardown_taskflow.py
[2025-10-25T16:25:57.922+0200] {logging_mixin.py:188} INFO - [2025-10-25T16:25:57.922+0200] {dag.py:3036} INFO - Sync 1 DAGs
[2025-10-25T16:25:57.928+0200] {logging_mixin.py:188} INFO - [2025-10-25T16:25:57.928+0200] {dag.py:3823} INFO - Setting next_dagrun for example_setup_teardown_taskflow to 2025-10-24 00:00:00+00:00, run_after=2025-10-25 00:00:00+00:00
[2025-10-25T16:25:57.934+0200] {processor.py:183} INFO - Processing /Users/youssefdaaloul/venv/dbt_snowflake/airflow_venv_39/lib/python3.11/site-packages/airflow/example_dags/example_setup_teardown_taskflow.py took 0.086 seconds
[2025-10-25T16:27:47.242+0200] {processor.py:161} INFO - Started process (PID=72265) to work on /Users/youssefdaaloul/venv/dbt_snowflake/airflow_venv_39/lib/python3.11/site-packages/airflow/example_dags/example_setup_teardown_taskflow.py
[2025-10-25T16:27:47.243+0200] {processor.py:830} INFO - Processing file /Users/youssefdaaloul/venv/dbt_snowflake/airflow_venv_39/lib/python3.11/site-packages/airflow/example_dags/example_setup_teardown_taskflow.py for tasks to queue
[2025-10-25T16:27:47.243+0200] {logging_mixin.py:188} INFO - [2025-10-25T16:27:47.243+0200] {dagbag.py:538} INFO - Filling up the DagBag from /Users/youssefdaaloul/venv/dbt_snowflake/airflow_venv_39/lib/python3.11/site-packages/airflow/example_dags/example_setup_teardown_taskflow.py
[2025-10-25T16:27:47.263+0200] {processor.py:840} INFO - DAG(s) 'example_setup_teardown_taskflow' retrieved from /Users/youssefdaaloul/venv/dbt_snowflake/airflow_venv_39/lib/python3.11/site-packages/airflow/example_dags/example_setup_teardown_taskflow.py
[2025-10-25T16:27:47.337+0200] {logging_mixin.py:188} INFO - [2025-10-25T16:27:47.337+0200] {dag.py:3036} INFO - Sync 1 DAGs
[2025-10-25T16:27:47.344+0200] {logging_mixin.py:188} INFO - [2025-10-25T16:27:47.344+0200] {dag.py:3823} INFO - Setting next_dagrun for example_setup_teardown_taskflow to 2025-10-24 00:00:00+00:00, run_after=2025-10-25 00:00:00+00:00
[2025-10-25T16:27:47.351+0200] {processor.py:183} INFO - Processing /Users/youssefdaaloul/venv/dbt_snowflake/airflow_venv_39/lib/python3.11/site-packages/airflow/example_dags/example_setup_teardown_taskflow.py took 0.109 seconds
[2025-10-25T16:29:44.471+0200] {processor.py:161} INFO - Started process (PID=72376) to work on /Users/youssefdaaloul/venv/dbt_snowflake/airflow_venv_39/lib/python3.11/site-packages/airflow/example_dags/example_setup_teardown_taskflow.py
[2025-10-25T16:29:44.472+0200] {processor.py:830} INFO - Processing file /Users/youssefdaaloul/venv/dbt_snowflake/airflow_venv_39/lib/python3.11/site-packages/airflow/example_dags/example_setup_teardown_taskflow.py for tasks to queue
[2025-10-25T16:29:44.473+0200] {logging_mixin.py:188} INFO - [2025-10-25T16:29:44.473+0200] {dagbag.py:538} INFO - Filling up the DagBag from /Users/youssefdaaloul/venv/dbt_snowflake/airflow_venv_39/lib/python3.11/site-packages/airflow/example_dags/example_setup_teardown_taskflow.py
[2025-10-25T16:29:44.488+0200] {processor.py:840} INFO - DAG(s) 'example_setup_teardown_taskflow' retrieved from /Users/youssefdaaloul/venv/dbt_snowflake/airflow_venv_39/lib/python3.11/site-packages/airflow/example_dags/example_setup_teardown_taskflow.py
[2025-10-25T16:29:44.551+0200] {logging_mixin.py:188} INFO - [2025-10-25T16:29:44.551+0200] {dag.py:3036} INFO - Sync 1 DAGs
[2025-10-25T16:29:44.558+0200] {logging_mixin.py:188} INFO - [2025-10-25T16:29:44.558+0200] {dag.py:3823} INFO - Setting next_dagrun for example_setup_teardown_taskflow to 2025-10-24 00:00:00+00:00, run_after=2025-10-25 00:00:00+00:00
[2025-10-25T16:29:44.566+0200] {processor.py:183} INFO - Processing /Users/youssefdaaloul/venv/dbt_snowflake/airflow_venv_39/lib/python3.11/site-packages/airflow/example_dags/example_setup_teardown_taskflow.py took 0.095 seconds
[2025-10-25T16:31:39.616+0200] {processor.py:161} INFO - Started process (PID=72567) to work on /Users/youssefdaaloul/venv/dbt_snowflake/airflow_venv_39/lib/python3.11/site-packages/airflow/example_dags/example_setup_teardown_taskflow.py
[2025-10-25T16:31:39.616+0200] {processor.py:830} INFO - Processing file /Users/youssefdaaloul/venv/dbt_snowflake/airflow_venv_39/lib/python3.11/site-packages/airflow/example_dags/example_setup_teardown_taskflow.py for tasks to queue
[2025-10-25T16:31:39.617+0200] {logging_mixin.py:188} INFO - [2025-10-25T16:31:39.617+0200] {dagbag.py:538} INFO - Filling up the DagBag from /Users/youssefdaaloul/venv/dbt_snowflake/airflow_venv_39/lib/python3.11/site-packages/airflow/example_dags/example_setup_teardown_taskflow.py
[2025-10-25T16:31:39.631+0200] {processor.py:840} INFO - DAG(s) 'example_setup_teardown_taskflow' retrieved from /Users/youssefdaaloul/venv/dbt_snowflake/airflow_venv_39/lib/python3.11/site-packages/airflow/example_dags/example_setup_teardown_taskflow.py
[2025-10-25T16:31:39.688+0200] {logging_mixin.py:188} INFO - [2025-10-25T16:31:39.688+0200] {dag.py:3036} INFO - Sync 1 DAGs
[2025-10-25T16:31:39.694+0200] {logging_mixin.py:188} INFO - [2025-10-25T16:31:39.694+0200] {dag.py:3823} INFO - Setting next_dagrun for example_setup_teardown_taskflow to 2025-10-24 00:00:00+00:00, run_after=2025-10-25 00:00:00+00:00
[2025-10-25T16:31:39.702+0200] {processor.py:183} INFO - Processing /Users/youssefdaaloul/venv/dbt_snowflake/airflow_venv_39/lib/python3.11/site-packages/airflow/example_dags/example_setup_teardown_taskflow.py took 0.086 seconds
[2025-10-25T16:33:37.162+0200] {processor.py:161} INFO - Started process (PID=72694) to work on /Users/youssefdaaloul/venv/dbt_snowflake/airflow_venv_39/lib/python3.11/site-packages/airflow/example_dags/example_setup_teardown_taskflow.py
[2025-10-25T16:33:37.163+0200] {processor.py:830} INFO - Processing file /Users/youssefdaaloul/venv/dbt_snowflake/airflow_venv_39/lib/python3.11/site-packages/airflow/example_dags/example_setup_teardown_taskflow.py for tasks to queue
[2025-10-25T16:33:37.163+0200] {logging_mixin.py:188} INFO - [2025-10-25T16:33:37.163+0200] {dagbag.py:538} INFO - Filling up the DagBag from /Users/youssefdaaloul/venv/dbt_snowflake/airflow_venv_39/lib/python3.11/site-packages/airflow/example_dags/example_setup_teardown_taskflow.py
[2025-10-25T16:33:37.178+0200] {processor.py:840} INFO - DAG(s) 'example_setup_teardown_taskflow' retrieved from /Users/youssefdaaloul/venv/dbt_snowflake/airflow_venv_39/lib/python3.11/site-packages/airflow/example_dags/example_setup_teardown_taskflow.py
[2025-10-25T16:33:37.235+0200] {logging_mixin.py:188} INFO - [2025-10-25T16:33:37.235+0200] {dag.py:3036} INFO - Sync 1 DAGs
[2025-10-25T16:33:37.241+0200] {logging_mixin.py:188} INFO - [2025-10-25T16:33:37.241+0200] {dag.py:3823} INFO - Setting next_dagrun for example_setup_teardown_taskflow to 2025-10-24 00:00:00+00:00, run_after=2025-10-25 00:00:00+00:00
[2025-10-25T16:33:37.248+0200] {processor.py:183} INFO - Processing /Users/youssefdaaloul/venv/dbt_snowflake/airflow_venv_39/lib/python3.11/site-packages/airflow/example_dags/example_setup_teardown_taskflow.py took 0.086 seconds
[2025-10-25T16:35:34.880+0200] {processor.py:161} INFO - Started process (PID=72843) to work on /Users/youssefdaaloul/venv/dbt_snowflake/airflow_venv_39/lib/python3.11/site-packages/airflow/example_dags/example_setup_teardown_taskflow.py
[2025-10-25T16:35:34.881+0200] {processor.py:830} INFO - Processing file /Users/youssefdaaloul/venv/dbt_snowflake/airflow_venv_39/lib/python3.11/site-packages/airflow/example_dags/example_setup_teardown_taskflow.py for tasks to queue
[2025-10-25T16:35:34.881+0200] {logging_mixin.py:188} INFO - [2025-10-25T16:35:34.881+0200] {dagbag.py:538} INFO - Filling up the DagBag from /Users/youssefdaaloul/venv/dbt_snowflake/airflow_venv_39/lib/python3.11/site-packages/airflow/example_dags/example_setup_teardown_taskflow.py
[2025-10-25T16:35:34.896+0200] {processor.py:840} INFO - DAG(s) 'example_setup_teardown_taskflow' retrieved from /Users/youssefdaaloul/venv/dbt_snowflake/airflow_venv_39/lib/python3.11/site-packages/airflow/example_dags/example_setup_teardown_taskflow.py
[2025-10-25T16:35:34.956+0200] {logging_mixin.py:188} INFO - [2025-10-25T16:35:34.956+0200] {dag.py:3036} INFO - Sync 1 DAGs
[2025-10-25T16:35:34.962+0200] {logging_mixin.py:188} INFO - [2025-10-25T16:35:34.962+0200] {dag.py:3823} INFO - Setting next_dagrun for example_setup_teardown_taskflow to 2025-10-24 00:00:00+00:00, run_after=2025-10-25 00:00:00+00:00
[2025-10-25T16:35:34.969+0200] {processor.py:183} INFO - Processing /Users/youssefdaaloul/venv/dbt_snowflake/airflow_venv_39/lib/python3.11/site-packages/airflow/example_dags/example_setup_teardown_taskflow.py took 0.089 seconds
