[2025-10-25T16:09:39.381+0200] {processor.py:161} INFO - Started process (PID=71251) to work on /Users/youssefdaaloul/venv/dbt_snowflake/airflow_venv_39/lib/python3.11/site-packages/airflow/example_dags/example_branch_datetime_operator.py
[2025-10-25T16:09:39.382+0200] {processor.py:830} INFO - Processing file /Users/youssefdaaloul/venv/dbt_snowflake/airflow_venv_39/lib/python3.11/site-packages/airflow/example_dags/example_branch_datetime_operator.py for tasks to queue
[2025-10-25T16:09:39.382+0200] {logging_mixin.py:188} INFO - [2025-10-25T16:09:39.382+0200] {dagbag.py:538} INFO - Filling up the DagBag from /Users/youssefdaaloul/venv/dbt_snowflake/airflow_venv_39/lib/python3.11/site-packages/airflow/example_dags/example_branch_datetime_operator.py
[2025-10-25T16:09:39.387+0200] {processor.py:840} INFO - DAG(s) 'example_branch_datetime_operator_2', 'example_branch_datetime_operator_3', 'example_branch_datetime_operator' retrieved from /Users/youssefdaaloul/venv/dbt_snowflake/airflow_venv_39/lib/python3.11/site-packages/airflow/example_dags/example_branch_datetime_operator.py
[2025-10-25T16:09:39.478+0200] {logging_mixin.py:188} INFO - [2025-10-25T16:09:39.478+0200] {dag.py:3036} INFO - Sync 3 DAGs
[2025-10-25T16:09:39.485+0200] {logging_mixin.py:188} INFO - [2025-10-25T16:09:39.484+0200] {dag.py:3823} INFO - Setting next_dagrun for example_branch_datetime_operator to 2025-10-24 00:00:00+00:00, run_after=2025-10-25 00:00:00+00:00
[2025-10-25T16:09:39.486+0200] {logging_mixin.py:188} INFO - [2025-10-25T16:09:39.486+0200] {dag.py:3823} INFO - Setting next_dagrun for example_branch_datetime_operator_2 to 2025-10-24 00:00:00+00:00, run_after=2025-10-25 00:00:00+00:00
[2025-10-25T16:09:39.486+0200] {logging_mixin.py:188} INFO - [2025-10-25T16:09:39.486+0200] {dag.py:3823} INFO - Setting next_dagrun for example_branch_datetime_operator_3 to 2025-10-24 00:00:00+00:00, run_after=2025-10-25 00:00:00+00:00
[2025-10-25T16:09:39.493+0200] {processor.py:183} INFO - Processing /Users/youssefdaaloul/venv/dbt_snowflake/airflow_venv_39/lib/python3.11/site-packages/airflow/example_dags/example_branch_datetime_operator.py took 0.112 seconds
[2025-10-25T16:11:39.958+0200] {processor.py:161} INFO - Started process (PID=71370) to work on /Users/youssefdaaloul/venv/dbt_snowflake/airflow_venv_39/lib/python3.11/site-packages/airflow/example_dags/example_branch_datetime_operator.py
[2025-10-25T16:11:39.960+0200] {processor.py:830} INFO - Processing file /Users/youssefdaaloul/venv/dbt_snowflake/airflow_venv_39/lib/python3.11/site-packages/airflow/example_dags/example_branch_datetime_operator.py for tasks to queue
[2025-10-25T16:11:39.960+0200] {logging_mixin.py:188} INFO - [2025-10-25T16:11:39.960+0200] {dagbag.py:538} INFO - Filling up the DagBag from /Users/youssefdaaloul/venv/dbt_snowflake/airflow_venv_39/lib/python3.11/site-packages/airflow/example_dags/example_branch_datetime_operator.py
[2025-10-25T16:11:39.966+0200] {processor.py:840} INFO - DAG(s) 'example_branch_datetime_operator_3', 'example_branch_datetime_operator', 'example_branch_datetime_operator_2' retrieved from /Users/youssefdaaloul/venv/dbt_snowflake/airflow_venv_39/lib/python3.11/site-packages/airflow/example_dags/example_branch_datetime_operator.py
[2025-10-25T16:11:40.028+0200] {logging_mixin.py:188} INFO - [2025-10-25T16:11:40.028+0200] {dag.py:3036} INFO - Sync 3 DAGs
[2025-10-25T16:11:40.034+0200] {logging_mixin.py:188} INFO - [2025-10-25T16:11:40.034+0200] {dag.py:3823} INFO - Setting next_dagrun for example_branch_datetime_operator to 2025-10-24 00:00:00+00:00, run_after=2025-10-25 00:00:00+00:00
[2025-10-25T16:11:40.035+0200] {logging_mixin.py:188} INFO - [2025-10-25T16:11:40.035+0200] {dag.py:3823} INFO - Setting next_dagrun for example_branch_datetime_operator_2 to 2025-10-24 00:00:00+00:00, run_after=2025-10-25 00:00:00+00:00
[2025-10-25T16:11:40.036+0200] {logging_mixin.py:188} INFO - [2025-10-25T16:11:40.036+0200] {dag.py:3823} INFO - Setting next_dagrun for example_branch_datetime_operator_3 to 2025-10-24 00:00:00+00:00, run_after=2025-10-25 00:00:00+00:00
[2025-10-25T16:11:40.042+0200] {processor.py:183} INFO - Processing /Users/youssefdaaloul/venv/dbt_snowflake/airflow_venv_39/lib/python3.11/site-packages/airflow/example_dags/example_branch_datetime_operator.py took 0.084 seconds
[2025-10-25T16:13:37.914+0200] {processor.py:161} INFO - Started process (PID=71470) to work on /Users/youssefdaaloul/venv/dbt_snowflake/airflow_venv_39/lib/python3.11/site-packages/airflow/example_dags/example_branch_datetime_operator.py
[2025-10-25T16:13:37.915+0200] {processor.py:830} INFO - Processing file /Users/youssefdaaloul/venv/dbt_snowflake/airflow_venv_39/lib/python3.11/site-packages/airflow/example_dags/example_branch_datetime_operator.py for tasks to queue
[2025-10-25T16:13:37.915+0200] {logging_mixin.py:188} INFO - [2025-10-25T16:13:37.915+0200] {dagbag.py:538} INFO - Filling up the DagBag from /Users/youssefdaaloul/venv/dbt_snowflake/airflow_venv_39/lib/python3.11/site-packages/airflow/example_dags/example_branch_datetime_operator.py
[2025-10-25T16:13:37.920+0200] {processor.py:840} INFO - DAG(s) 'example_branch_datetime_operator', 'example_branch_datetime_operator_2', 'example_branch_datetime_operator_3' retrieved from /Users/youssefdaaloul/venv/dbt_snowflake/airflow_venv_39/lib/python3.11/site-packages/airflow/example_dags/example_branch_datetime_operator.py
[2025-10-25T16:13:37.988+0200] {logging_mixin.py:188} INFO - [2025-10-25T16:13:37.987+0200] {dag.py:3036} INFO - Sync 3 DAGs
[2025-10-25T16:13:37.994+0200] {logging_mixin.py:188} INFO - [2025-10-25T16:13:37.994+0200] {dag.py:3823} INFO - Setting next_dagrun for example_branch_datetime_operator to 2025-10-24 00:00:00+00:00, run_after=2025-10-25 00:00:00+00:00
[2025-10-25T16:13:37.995+0200] {logging_mixin.py:188} INFO - [2025-10-25T16:13:37.995+0200] {dag.py:3823} INFO - Setting next_dagrun for example_branch_datetime_operator_2 to 2025-10-24 00:00:00+00:00, run_after=2025-10-25 00:00:00+00:00
[2025-10-25T16:13:37.996+0200] {logging_mixin.py:188} INFO - [2025-10-25T16:13:37.996+0200] {dag.py:3823} INFO - Setting next_dagrun for example_branch_datetime_operator_3 to 2025-10-24 00:00:00+00:00, run_after=2025-10-25 00:00:00+00:00
[2025-10-25T16:13:38.003+0200] {processor.py:183} INFO - Processing /Users/youssefdaaloul/venv/dbt_snowflake/airflow_venv_39/lib/python3.11/site-packages/airflow/example_dags/example_branch_datetime_operator.py took 0.089 seconds
[2025-10-25T16:15:42.689+0200] {processor.py:161} INFO - Started process (PID=71583) to work on /Users/youssefdaaloul/venv/dbt_snowflake/airflow_venv_39/lib/python3.11/site-packages/airflow/example_dags/example_branch_datetime_operator.py
[2025-10-25T16:15:42.690+0200] {processor.py:830} INFO - Processing file /Users/youssefdaaloul/venv/dbt_snowflake/airflow_venv_39/lib/python3.11/site-packages/airflow/example_dags/example_branch_datetime_operator.py for tasks to queue
[2025-10-25T16:15:42.690+0200] {logging_mixin.py:188} INFO - [2025-10-25T16:15:42.690+0200] {dagbag.py:538} INFO - Filling up the DagBag from /Users/youssefdaaloul/venv/dbt_snowflake/airflow_venv_39/lib/python3.11/site-packages/airflow/example_dags/example_branch_datetime_operator.py
[2025-10-25T16:15:42.696+0200] {processor.py:840} INFO - DAG(s) 'example_branch_datetime_operator_3', 'example_branch_datetime_operator', 'example_branch_datetime_operator_2' retrieved from /Users/youssefdaaloul/venv/dbt_snowflake/airflow_venv_39/lib/python3.11/site-packages/airflow/example_dags/example_branch_datetime_operator.py
[2025-10-25T16:15:42.765+0200] {logging_mixin.py:188} INFO - [2025-10-25T16:15:42.765+0200] {dag.py:3036} INFO - Sync 3 DAGs
[2025-10-25T16:15:42.772+0200] {logging_mixin.py:188} INFO - [2025-10-25T16:15:42.772+0200] {dag.py:3823} INFO - Setting next_dagrun for example_branch_datetime_operator to 2025-10-24 00:00:00+00:00, run_after=2025-10-25 00:00:00+00:00
[2025-10-25T16:15:42.773+0200] {logging_mixin.py:188} INFO - [2025-10-25T16:15:42.773+0200] {dag.py:3823} INFO - Setting next_dagrun for example_branch_datetime_operator_2 to 2025-10-24 00:00:00+00:00, run_after=2025-10-25 00:00:00+00:00
[2025-10-25T16:15:42.774+0200] {logging_mixin.py:188} INFO - [2025-10-25T16:15:42.774+0200] {dag.py:3823} INFO - Setting next_dagrun for example_branch_datetime_operator_3 to 2025-10-24 00:00:00+00:00, run_after=2025-10-25 00:00:00+00:00
[2025-10-25T16:15:42.781+0200] {processor.py:183} INFO - Processing /Users/youssefdaaloul/venv/dbt_snowflake/airflow_venv_39/lib/python3.11/site-packages/airflow/example_dags/example_branch_datetime_operator.py took 0.092 seconds
[2025-10-25T16:17:40.858+0200] {processor.py:161} INFO - Started process (PID=71675) to work on /Users/youssefdaaloul/venv/dbt_snowflake/airflow_venv_39/lib/python3.11/site-packages/airflow/example_dags/example_branch_datetime_operator.py
[2025-10-25T16:17:40.859+0200] {processor.py:830} INFO - Processing file /Users/youssefdaaloul/venv/dbt_snowflake/airflow_venv_39/lib/python3.11/site-packages/airflow/example_dags/example_branch_datetime_operator.py for tasks to queue
[2025-10-25T16:17:40.859+0200] {logging_mixin.py:188} INFO - [2025-10-25T16:17:40.859+0200] {dagbag.py:538} INFO - Filling up the DagBag from /Users/youssefdaaloul/venv/dbt_snowflake/airflow_venv_39/lib/python3.11/site-packages/airflow/example_dags/example_branch_datetime_operator.py
[2025-10-25T16:17:40.866+0200] {processor.py:840} INFO - DAG(s) 'example_branch_datetime_operator_2', 'example_branch_datetime_operator_3', 'example_branch_datetime_operator' retrieved from /Users/youssefdaaloul/venv/dbt_snowflake/airflow_venv_39/lib/python3.11/site-packages/airflow/example_dags/example_branch_datetime_operator.py
[2025-10-25T16:17:40.938+0200] {logging_mixin.py:188} INFO - [2025-10-25T16:17:40.937+0200] {dag.py:3036} INFO - Sync 3 DAGs
[2025-10-25T16:17:40.945+0200] {logging_mixin.py:188} INFO - [2025-10-25T16:17:40.945+0200] {dag.py:3823} INFO - Setting next_dagrun for example_branch_datetime_operator to 2025-10-24 00:00:00+00:00, run_after=2025-10-25 00:00:00+00:00
[2025-10-25T16:17:40.947+0200] {logging_mixin.py:188} INFO - [2025-10-25T16:17:40.947+0200] {dag.py:3823} INFO - Setting next_dagrun for example_branch_datetime_operator_2 to 2025-10-24 00:00:00+00:00, run_after=2025-10-25 00:00:00+00:00
[2025-10-25T16:17:40.948+0200] {logging_mixin.py:188} INFO - [2025-10-25T16:17:40.948+0200] {dag.py:3823} INFO - Setting next_dagrun for example_branch_datetime_operator_3 to 2025-10-24 00:00:00+00:00, run_after=2025-10-25 00:00:00+00:00
[2025-10-25T16:17:40.955+0200] {processor.py:183} INFO - Processing /Users/youssefdaaloul/venv/dbt_snowflake/airflow_venv_39/lib/python3.11/site-packages/airflow/example_dags/example_branch_datetime_operator.py took 0.098 seconds
[2025-10-25T16:19:45.818+0200] {processor.py:161} INFO - Started process (PID=71799) to work on /Users/youssefdaaloul/venv/dbt_snowflake/airflow_venv_39/lib/python3.11/site-packages/airflow/example_dags/example_branch_datetime_operator.py
[2025-10-25T16:19:45.818+0200] {processor.py:830} INFO - Processing file /Users/youssefdaaloul/venv/dbt_snowflake/airflow_venv_39/lib/python3.11/site-packages/airflow/example_dags/example_branch_datetime_operator.py for tasks to queue
[2025-10-25T16:19:45.818+0200] {logging_mixin.py:188} INFO - [2025-10-25T16:19:45.818+0200] {dagbag.py:538} INFO - Filling up the DagBag from /Users/youssefdaaloul/venv/dbt_snowflake/airflow_venv_39/lib/python3.11/site-packages/airflow/example_dags/example_branch_datetime_operator.py
[2025-10-25T16:19:45.824+0200] {processor.py:840} INFO - DAG(s) 'example_branch_datetime_operator_3', 'example_branch_datetime_operator', 'example_branch_datetime_operator_2' retrieved from /Users/youssefdaaloul/venv/dbt_snowflake/airflow_venv_39/lib/python3.11/site-packages/airflow/example_dags/example_branch_datetime_operator.py
[2025-10-25T16:19:45.889+0200] {logging_mixin.py:188} INFO - [2025-10-25T16:19:45.889+0200] {dag.py:3036} INFO - Sync 3 DAGs
[2025-10-25T16:19:45.896+0200] {logging_mixin.py:188} INFO - [2025-10-25T16:19:45.895+0200] {dag.py:3823} INFO - Setting next_dagrun for example_branch_datetime_operator to 2025-10-24 00:00:00+00:00, run_after=2025-10-25 00:00:00+00:00
[2025-10-25T16:19:45.897+0200] {logging_mixin.py:188} INFO - [2025-10-25T16:19:45.897+0200] {dag.py:3823} INFO - Setting next_dagrun for example_branch_datetime_operator_2 to 2025-10-24 00:00:00+00:00, run_after=2025-10-25 00:00:00+00:00
[2025-10-25T16:19:45.898+0200] {logging_mixin.py:188} INFO - [2025-10-25T16:19:45.898+0200] {dag.py:3823} INFO - Setting next_dagrun for example_branch_datetime_operator_3 to 2025-10-24 00:00:00+00:00, run_after=2025-10-25 00:00:00+00:00
[2025-10-25T16:19:45.905+0200] {processor.py:183} INFO - Processing /Users/youssefdaaloul/venv/dbt_snowflake/airflow_venv_39/lib/python3.11/site-packages/airflow/example_dags/example_branch_datetime_operator.py took 0.087 seconds
[2025-10-25T16:21:43.372+0200] {processor.py:161} INFO - Started process (PID=71905) to work on /Users/youssefdaaloul/venv/dbt_snowflake/airflow_venv_39/lib/python3.11/site-packages/airflow/example_dags/example_branch_datetime_operator.py
[2025-10-25T16:21:43.373+0200] {processor.py:830} INFO - Processing file /Users/youssefdaaloul/venv/dbt_snowflake/airflow_venv_39/lib/python3.11/site-packages/airflow/example_dags/example_branch_datetime_operator.py for tasks to queue
[2025-10-25T16:21:43.373+0200] {logging_mixin.py:188} INFO - [2025-10-25T16:21:43.373+0200] {dagbag.py:538} INFO - Filling up the DagBag from /Users/youssefdaaloul/venv/dbt_snowflake/airflow_venv_39/lib/python3.11/site-packages/airflow/example_dags/example_branch_datetime_operator.py
[2025-10-25T16:21:43.378+0200] {processor.py:840} INFO - DAG(s) 'example_branch_datetime_operator_2', 'example_branch_datetime_operator_3', 'example_branch_datetime_operator' retrieved from /Users/youssefdaaloul/venv/dbt_snowflake/airflow_venv_39/lib/python3.11/site-packages/airflow/example_dags/example_branch_datetime_operator.py
[2025-10-25T16:21:43.440+0200] {logging_mixin.py:188} INFO - [2025-10-25T16:21:43.439+0200] {dag.py:3036} INFO - Sync 3 DAGs
[2025-10-25T16:21:43.446+0200] {logging_mixin.py:188} INFO - [2025-10-25T16:21:43.446+0200] {dag.py:3823} INFO - Setting next_dagrun for example_branch_datetime_operator to 2025-10-24 00:00:00+00:00, run_after=2025-10-25 00:00:00+00:00
[2025-10-25T16:21:43.448+0200] {logging_mixin.py:188} INFO - [2025-10-25T16:21:43.447+0200] {dag.py:3823} INFO - Setting next_dagrun for example_branch_datetime_operator_2 to 2025-10-24 00:00:00+00:00, run_after=2025-10-25 00:00:00+00:00
[2025-10-25T16:21:43.448+0200] {logging_mixin.py:188} INFO - [2025-10-25T16:21:43.448+0200] {dag.py:3823} INFO - Setting next_dagrun for example_branch_datetime_operator_3 to 2025-10-24 00:00:00+00:00, run_after=2025-10-25 00:00:00+00:00
[2025-10-25T16:21:43.455+0200] {processor.py:183} INFO - Processing /Users/youssefdaaloul/venv/dbt_snowflake/airflow_venv_39/lib/python3.11/site-packages/airflow/example_dags/example_branch_datetime_operator.py took 0.084 seconds
[2025-10-25T16:23:30.343+0200] {processor.py:161} INFO - Started process (PID=72010) to work on /Users/youssefdaaloul/venv/dbt_snowflake/airflow_venv_39/lib/python3.11/site-packages/airflow/example_dags/example_branch_datetime_operator.py
[2025-10-25T16:23:30.343+0200] {processor.py:830} INFO - Processing file /Users/youssefdaaloul/venv/dbt_snowflake/airflow_venv_39/lib/python3.11/site-packages/airflow/example_dags/example_branch_datetime_operator.py for tasks to queue
[2025-10-25T16:23:30.344+0200] {logging_mixin.py:188} INFO - [2025-10-25T16:23:30.344+0200] {dagbag.py:538} INFO - Filling up the DagBag from /Users/youssefdaaloul/venv/dbt_snowflake/airflow_venv_39/lib/python3.11/site-packages/airflow/example_dags/example_branch_datetime_operator.py
[2025-10-25T16:23:30.349+0200] {processor.py:840} INFO - DAG(s) 'example_branch_datetime_operator_2', 'example_branch_datetime_operator', 'example_branch_datetime_operator_3' retrieved from /Users/youssefdaaloul/venv/dbt_snowflake/airflow_venv_39/lib/python3.11/site-packages/airflow/example_dags/example_branch_datetime_operator.py
[2025-10-25T16:23:30.411+0200] {logging_mixin.py:188} INFO - [2025-10-25T16:23:30.411+0200] {dag.py:3036} INFO - Sync 3 DAGs
[2025-10-25T16:23:30.417+0200] {logging_mixin.py:188} INFO - [2025-10-25T16:23:30.417+0200] {dag.py:3823} INFO - Setting next_dagrun for example_branch_datetime_operator to 2025-10-24 00:00:00+00:00, run_after=2025-10-25 00:00:00+00:00
[2025-10-25T16:23:30.418+0200] {logging_mixin.py:188} INFO - [2025-10-25T16:23:30.418+0200] {dag.py:3823} INFO - Setting next_dagrun for example_branch_datetime_operator_2 to 2025-10-24 00:00:00+00:00, run_after=2025-10-25 00:00:00+00:00
[2025-10-25T16:23:30.419+0200] {logging_mixin.py:188} INFO - [2025-10-25T16:23:30.419+0200] {dag.py:3823} INFO - Setting next_dagrun for example_branch_datetime_operator_3 to 2025-10-24 00:00:00+00:00, run_after=2025-10-25 00:00:00+00:00
[2025-10-25T16:23:30.425+0200] {processor.py:183} INFO - Processing /Users/youssefdaaloul/venv/dbt_snowflake/airflow_venv_39/lib/python3.11/site-packages/airflow/example_dags/example_branch_datetime_operator.py took 0.083 seconds
[2025-10-25T16:25:21.758+0200] {processor.py:161} INFO - Started process (PID=72109) to work on /Users/youssefdaaloul/venv/dbt_snowflake/airflow_venv_39/lib/python3.11/site-packages/airflow/example_dags/example_branch_datetime_operator.py
[2025-10-25T16:25:21.760+0200] {processor.py:830} INFO - Processing file /Users/youssefdaaloul/venv/dbt_snowflake/airflow_venv_39/lib/python3.11/site-packages/airflow/example_dags/example_branch_datetime_operator.py for tasks to queue
[2025-10-25T16:25:21.760+0200] {logging_mixin.py:188} INFO - [2025-10-25T16:25:21.760+0200] {dagbag.py:538} INFO - Filling up the DagBag from /Users/youssefdaaloul/venv/dbt_snowflake/airflow_venv_39/lib/python3.11/site-packages/airflow/example_dags/example_branch_datetime_operator.py
[2025-10-25T16:25:21.765+0200] {processor.py:840} INFO - DAG(s) 'example_branch_datetime_operator_3', 'example_branch_datetime_operator', 'example_branch_datetime_operator_2' retrieved from /Users/youssefdaaloul/venv/dbt_snowflake/airflow_venv_39/lib/python3.11/site-packages/airflow/example_dags/example_branch_datetime_operator.py
[2025-10-25T16:25:21.823+0200] {logging_mixin.py:188} INFO - [2025-10-25T16:25:21.823+0200] {dag.py:3036} INFO - Sync 3 DAGs
[2025-10-25T16:25:21.829+0200] {logging_mixin.py:188} INFO - [2025-10-25T16:25:21.829+0200] {dag.py:3823} INFO - Setting next_dagrun for example_branch_datetime_operator to 2025-10-24 00:00:00+00:00, run_after=2025-10-25 00:00:00+00:00
[2025-10-25T16:25:21.830+0200] {logging_mixin.py:188} INFO - [2025-10-25T16:25:21.830+0200] {dag.py:3823} INFO - Setting next_dagrun for example_branch_datetime_operator_2 to 2025-10-24 00:00:00+00:00, run_after=2025-10-25 00:00:00+00:00
[2025-10-25T16:25:21.831+0200] {logging_mixin.py:188} INFO - [2025-10-25T16:25:21.831+0200] {dag.py:3823} INFO - Setting next_dagrun for example_branch_datetime_operator_3 to 2025-10-24 00:00:00+00:00, run_after=2025-10-25 00:00:00+00:00
[2025-10-25T16:25:21.841+0200] {processor.py:183} INFO - Processing /Users/youssefdaaloul/venv/dbt_snowflake/airflow_venv_39/lib/python3.11/site-packages/airflow/example_dags/example_branch_datetime_operator.py took 0.083 seconds
[2025-10-25T16:27:07.095+0200] {processor.py:161} INFO - Started process (PID=72220) to work on /Users/youssefdaaloul/venv/dbt_snowflake/airflow_venv_39/lib/python3.11/site-packages/airflow/example_dags/example_branch_datetime_operator.py
[2025-10-25T16:27:07.096+0200] {processor.py:830} INFO - Processing file /Users/youssefdaaloul/venv/dbt_snowflake/airflow_venv_39/lib/python3.11/site-packages/airflow/example_dags/example_branch_datetime_operator.py for tasks to queue
[2025-10-25T16:27:07.096+0200] {logging_mixin.py:188} INFO - [2025-10-25T16:27:07.096+0200] {dagbag.py:538} INFO - Filling up the DagBag from /Users/youssefdaaloul/venv/dbt_snowflake/airflow_venv_39/lib/python3.11/site-packages/airflow/example_dags/example_branch_datetime_operator.py
[2025-10-25T16:27:07.101+0200] {processor.py:840} INFO - DAG(s) 'example_branch_datetime_operator', 'example_branch_datetime_operator_2', 'example_branch_datetime_operator_3' retrieved from /Users/youssefdaaloul/venv/dbt_snowflake/airflow_venv_39/lib/python3.11/site-packages/airflow/example_dags/example_branch_datetime_operator.py
[2025-10-25T16:27:07.165+0200] {logging_mixin.py:188} INFO - [2025-10-25T16:27:07.165+0200] {dag.py:3036} INFO - Sync 3 DAGs
[2025-10-25T16:27:07.171+0200] {logging_mixin.py:188} INFO - [2025-10-25T16:27:07.171+0200] {dag.py:3823} INFO - Setting next_dagrun for example_branch_datetime_operator to 2025-10-24 00:00:00+00:00, run_after=2025-10-25 00:00:00+00:00
[2025-10-25T16:27:07.172+0200] {logging_mixin.py:188} INFO - [2025-10-25T16:27:07.172+0200] {dag.py:3823} INFO - Setting next_dagrun for example_branch_datetime_operator_2 to 2025-10-24 00:00:00+00:00, run_after=2025-10-25 00:00:00+00:00
[2025-10-25T16:27:07.173+0200] {logging_mixin.py:188} INFO - [2025-10-25T16:27:07.173+0200] {dag.py:3823} INFO - Setting next_dagrun for example_branch_datetime_operator_3 to 2025-10-24 00:00:00+00:00, run_after=2025-10-25 00:00:00+00:00
[2025-10-25T16:27:07.179+0200] {processor.py:183} INFO - Processing /Users/youssefdaaloul/venv/dbt_snowflake/airflow_venv_39/lib/python3.11/site-packages/airflow/example_dags/example_branch_datetime_operator.py took 0.085 seconds
[2025-10-25T16:29:03.646+0200] {processor.py:161} INFO - Started process (PID=72339) to work on /Users/youssefdaaloul/venv/dbt_snowflake/airflow_venv_39/lib/python3.11/site-packages/airflow/example_dags/example_branch_datetime_operator.py
[2025-10-25T16:29:03.647+0200] {processor.py:830} INFO - Processing file /Users/youssefdaaloul/venv/dbt_snowflake/airflow_venv_39/lib/python3.11/site-packages/airflow/example_dags/example_branch_datetime_operator.py for tasks to queue
[2025-10-25T16:29:03.647+0200] {logging_mixin.py:188} INFO - [2025-10-25T16:29:03.647+0200] {dagbag.py:538} INFO - Filling up the DagBag from /Users/youssefdaaloul/venv/dbt_snowflake/airflow_venv_39/lib/python3.11/site-packages/airflow/example_dags/example_branch_datetime_operator.py
[2025-10-25T16:29:03.652+0200] {processor.py:840} INFO - DAG(s) 'example_branch_datetime_operator', 'example_branch_datetime_operator_3', 'example_branch_datetime_operator_2' retrieved from /Users/youssefdaaloul/venv/dbt_snowflake/airflow_venv_39/lib/python3.11/site-packages/airflow/example_dags/example_branch_datetime_operator.py
[2025-10-25T16:29:03.710+0200] {logging_mixin.py:188} INFO - [2025-10-25T16:29:03.709+0200] {dag.py:3036} INFO - Sync 3 DAGs
[2025-10-25T16:29:03.715+0200] {logging_mixin.py:188} INFO - [2025-10-25T16:29:03.715+0200] {dag.py:3823} INFO - Setting next_dagrun for example_branch_datetime_operator to 2025-10-24 00:00:00+00:00, run_after=2025-10-25 00:00:00+00:00
[2025-10-25T16:29:03.717+0200] {logging_mixin.py:188} INFO - [2025-10-25T16:29:03.717+0200] {dag.py:3823} INFO - Setting next_dagrun for example_branch_datetime_operator_2 to 2025-10-24 00:00:00+00:00, run_after=2025-10-25 00:00:00+00:00
[2025-10-25T16:29:03.717+0200] {logging_mixin.py:188} INFO - [2025-10-25T16:29:03.717+0200] {dag.py:3823} INFO - Setting next_dagrun for example_branch_datetime_operator_3 to 2025-10-24 00:00:00+00:00, run_after=2025-10-25 00:00:00+00:00
[2025-10-25T16:29:03.724+0200] {processor.py:183} INFO - Processing /Users/youssefdaaloul/venv/dbt_snowflake/airflow_venv_39/lib/python3.11/site-packages/airflow/example_dags/example_branch_datetime_operator.py took 0.078 seconds
[2025-10-25T16:31:02.328+0200] {processor.py:161} INFO - Started process (PID=72487) to work on /Users/youssefdaaloul/venv/dbt_snowflake/airflow_venv_39/lib/python3.11/site-packages/airflow/example_dags/example_branch_datetime_operator.py
[2025-10-25T16:31:02.330+0200] {processor.py:830} INFO - Processing file /Users/youssefdaaloul/venv/dbt_snowflake/airflow_venv_39/lib/python3.11/site-packages/airflow/example_dags/example_branch_datetime_operator.py for tasks to queue
[2025-10-25T16:31:02.330+0200] {logging_mixin.py:188} INFO - [2025-10-25T16:31:02.330+0200] {dagbag.py:538} INFO - Filling up the DagBag from /Users/youssefdaaloul/venv/dbt_snowflake/airflow_venv_39/lib/python3.11/site-packages/airflow/example_dags/example_branch_datetime_operator.py
[2025-10-25T16:31:02.335+0200] {processor.py:840} INFO - DAG(s) 'example_branch_datetime_operator_3', 'example_branch_datetime_operator', 'example_branch_datetime_operator_2' retrieved from /Users/youssefdaaloul/venv/dbt_snowflake/airflow_venv_39/lib/python3.11/site-packages/airflow/example_dags/example_branch_datetime_operator.py
[2025-10-25T16:31:02.411+0200] {logging_mixin.py:188} INFO - [2025-10-25T16:31:02.411+0200] {dag.py:3036} INFO - Sync 3 DAGs
[2025-10-25T16:31:02.418+0200] {logging_mixin.py:188} INFO - [2025-10-25T16:31:02.418+0200] {dag.py:3823} INFO - Setting next_dagrun for example_branch_datetime_operator to 2025-10-24 00:00:00+00:00, run_after=2025-10-25 00:00:00+00:00
[2025-10-25T16:31:02.420+0200] {logging_mixin.py:188} INFO - [2025-10-25T16:31:02.420+0200] {dag.py:3823} INFO - Setting next_dagrun for example_branch_datetime_operator_2 to 2025-10-24 00:00:00+00:00, run_after=2025-10-25 00:00:00+00:00
[2025-10-25T16:31:02.421+0200] {logging_mixin.py:188} INFO - [2025-10-25T16:31:02.420+0200] {dag.py:3823} INFO - Setting next_dagrun for example_branch_datetime_operator_3 to 2025-10-24 00:00:00+00:00, run_after=2025-10-25 00:00:00+00:00
[2025-10-25T16:31:02.428+0200] {processor.py:183} INFO - Processing /Users/youssefdaaloul/venv/dbt_snowflake/airflow_venv_39/lib/python3.11/site-packages/airflow/example_dags/example_branch_datetime_operator.py took 0.100 seconds
[2025-10-25T16:32:54.363+0200] {processor.py:161} INFO - Started process (PID=72630) to work on /Users/youssefdaaloul/venv/dbt_snowflake/airflow_venv_39/lib/python3.11/site-packages/airflow/example_dags/example_branch_datetime_operator.py
[2025-10-25T16:32:54.363+0200] {processor.py:830} INFO - Processing file /Users/youssefdaaloul/venv/dbt_snowflake/airflow_venv_39/lib/python3.11/site-packages/airflow/example_dags/example_branch_datetime_operator.py for tasks to queue
[2025-10-25T16:32:54.364+0200] {logging_mixin.py:188} INFO - [2025-10-25T16:32:54.364+0200] {dagbag.py:538} INFO - Filling up the DagBag from /Users/youssefdaaloul/venv/dbt_snowflake/airflow_venv_39/lib/python3.11/site-packages/airflow/example_dags/example_branch_datetime_operator.py
[2025-10-25T16:32:54.369+0200] {processor.py:840} INFO - DAG(s) 'example_branch_datetime_operator_3', 'example_branch_datetime_operator_2', 'example_branch_datetime_operator' retrieved from /Users/youssefdaaloul/venv/dbt_snowflake/airflow_venv_39/lib/python3.11/site-packages/airflow/example_dags/example_branch_datetime_operator.py
[2025-10-25T16:32:54.429+0200] {logging_mixin.py:188} INFO - [2025-10-25T16:32:54.428+0200] {dag.py:3036} INFO - Sync 3 DAGs
[2025-10-25T16:32:54.435+0200] {logging_mixin.py:188} INFO - [2025-10-25T16:32:54.435+0200] {dag.py:3823} INFO - Setting next_dagrun for example_branch_datetime_operator to 2025-10-24 00:00:00+00:00, run_after=2025-10-25 00:00:00+00:00
[2025-10-25T16:32:54.437+0200] {logging_mixin.py:188} INFO - [2025-10-25T16:32:54.436+0200] {dag.py:3823} INFO - Setting next_dagrun for example_branch_datetime_operator_2 to 2025-10-24 00:00:00+00:00, run_after=2025-10-25 00:00:00+00:00
[2025-10-25T16:32:54.437+0200] {logging_mixin.py:188} INFO - [2025-10-25T16:32:54.437+0200] {dag.py:3823} INFO - Setting next_dagrun for example_branch_datetime_operator_3 to 2025-10-24 00:00:00+00:00, run_after=2025-10-25 00:00:00+00:00
[2025-10-25T16:32:54.443+0200] {processor.py:183} INFO - Processing /Users/youssefdaaloul/venv/dbt_snowflake/airflow_venv_39/lib/python3.11/site-packages/airflow/example_dags/example_branch_datetime_operator.py took 0.081 seconds
[2025-10-25T16:34:54.332+0200] {processor.py:161} INFO - Started process (PID=72788) to work on /Users/youssefdaaloul/venv/dbt_snowflake/airflow_venv_39/lib/python3.11/site-packages/airflow/example_dags/example_branch_datetime_operator.py
[2025-10-25T16:34:54.333+0200] {processor.py:830} INFO - Processing file /Users/youssefdaaloul/venv/dbt_snowflake/airflow_venv_39/lib/python3.11/site-packages/airflow/example_dags/example_branch_datetime_operator.py for tasks to queue
[2025-10-25T16:34:54.333+0200] {logging_mixin.py:188} INFO - [2025-10-25T16:34:54.333+0200] {dagbag.py:538} INFO - Filling up the DagBag from /Users/youssefdaaloul/venv/dbt_snowflake/airflow_venv_39/lib/python3.11/site-packages/airflow/example_dags/example_branch_datetime_operator.py
[2025-10-25T16:34:54.339+0200] {processor.py:840} INFO - DAG(s) 'example_branch_datetime_operator_3', 'example_branch_datetime_operator_2', 'example_branch_datetime_operator' retrieved from /Users/youssefdaaloul/venv/dbt_snowflake/airflow_venv_39/lib/python3.11/site-packages/airflow/example_dags/example_branch_datetime_operator.py
[2025-10-25T16:34:54.401+0200] {logging_mixin.py:188} INFO - [2025-10-25T16:34:54.401+0200] {dag.py:3036} INFO - Sync 3 DAGs
[2025-10-25T16:34:54.407+0200] {logging_mixin.py:188} INFO - [2025-10-25T16:34:54.407+0200] {dag.py:3823} INFO - Setting next_dagrun for example_branch_datetime_operator to 2025-10-24 00:00:00+00:00, run_after=2025-10-25 00:00:00+00:00
[2025-10-25T16:34:54.408+0200] {logging_mixin.py:188} INFO - [2025-10-25T16:34:54.408+0200] {dag.py:3823} INFO - Setting next_dagrun for example_branch_datetime_operator_2 to 2025-10-24 00:00:00+00:00, run_after=2025-10-25 00:00:00+00:00
[2025-10-25T16:34:54.409+0200] {logging_mixin.py:188} INFO - [2025-10-25T16:34:54.409+0200] {dag.py:3823} INFO - Setting next_dagrun for example_branch_datetime_operator_3 to 2025-10-24 00:00:00+00:00, run_after=2025-10-25 00:00:00+00:00
[2025-10-25T16:34:54.415+0200] {processor.py:183} INFO - Processing /Users/youssefdaaloul/venv/dbt_snowflake/airflow_venv_39/lib/python3.11/site-packages/airflow/example_dags/example_branch_datetime_operator.py took 0.083 seconds
[2025-10-25T16:44:31.547+0200] {processor.py:161} INFO - Started process (PID=73927) to work on /Users/youssefdaaloul/venv/dbt_snowflake/airflow_venv_39/lib/python3.11/site-packages/airflow/example_dags/example_branch_datetime_operator.py
[2025-10-25T16:44:31.548+0200] {processor.py:830} INFO - Processing file /Users/youssefdaaloul/venv/dbt_snowflake/airflow_venv_39/lib/python3.11/site-packages/airflow/example_dags/example_branch_datetime_operator.py for tasks to queue
[2025-10-25T16:44:31.548+0200] {logging_mixin.py:188} INFO - [2025-10-25T16:44:31.548+0200] {dagbag.py:538} INFO - Filling up the DagBag from /Users/youssefdaaloul/venv/dbt_snowflake/airflow_venv_39/lib/python3.11/site-packages/airflow/example_dags/example_branch_datetime_operator.py
[2025-10-25T16:44:31.553+0200] {processor.py:840} INFO - DAG(s) 'example_branch_datetime_operator_3', 'example_branch_datetime_operator', 'example_branch_datetime_operator_2' retrieved from /Users/youssefdaaloul/venv/dbt_snowflake/airflow_venv_39/lib/python3.11/site-packages/airflow/example_dags/example_branch_datetime_operator.py
[2025-10-25T16:44:31.641+0200] {logging_mixin.py:188} INFO - [2025-10-25T16:44:31.641+0200] {dag.py:3036} INFO - Sync 3 DAGs
[2025-10-25T16:44:31.647+0200] {logging_mixin.py:188} INFO - [2025-10-25T16:44:31.647+0200] {dag.py:3823} INFO - Setting next_dagrun for example_branch_datetime_operator to 2025-10-24 00:00:00+00:00, run_after=2025-10-25 00:00:00+00:00
[2025-10-25T16:44:31.648+0200] {logging_mixin.py:188} INFO - [2025-10-25T16:44:31.648+0200] {dag.py:3823} INFO - Setting next_dagrun for example_branch_datetime_operator_2 to 2025-10-24 00:00:00+00:00, run_after=2025-10-25 00:00:00+00:00
[2025-10-25T16:44:31.649+0200] {logging_mixin.py:188} INFO - [2025-10-25T16:44:31.649+0200] {dag.py:3823} INFO - Setting next_dagrun for example_branch_datetime_operator_3 to 2025-10-24 00:00:00+00:00, run_after=2025-10-25 00:00:00+00:00
[2025-10-25T16:44:31.656+0200] {processor.py:183} INFO - Processing /Users/youssefdaaloul/venv/dbt_snowflake/airflow_venv_39/lib/python3.11/site-packages/airflow/example_dags/example_branch_datetime_operator.py took 0.109 seconds
[2025-10-25T16:46:28.429+0200] {processor.py:161} INFO - Started process (PID=74030) to work on /Users/youssefdaaloul/venv/dbt_snowflake/airflow_venv_39/lib/python3.11/site-packages/airflow/example_dags/example_branch_datetime_operator.py
[2025-10-25T16:46:28.429+0200] {processor.py:830} INFO - Processing file /Users/youssefdaaloul/venv/dbt_snowflake/airflow_venv_39/lib/python3.11/site-packages/airflow/example_dags/example_branch_datetime_operator.py for tasks to queue
[2025-10-25T16:46:28.430+0200] {logging_mixin.py:188} INFO - [2025-10-25T16:46:28.430+0200] {dagbag.py:538} INFO - Filling up the DagBag from /Users/youssefdaaloul/venv/dbt_snowflake/airflow_venv_39/lib/python3.11/site-packages/airflow/example_dags/example_branch_datetime_operator.py
[2025-10-25T16:46:28.435+0200] {processor.py:840} INFO - DAG(s) 'example_branch_datetime_operator_3', 'example_branch_datetime_operator', 'example_branch_datetime_operator_2' retrieved from /Users/youssefdaaloul/venv/dbt_snowflake/airflow_venv_39/lib/python3.11/site-packages/airflow/example_dags/example_branch_datetime_operator.py
[2025-10-25T16:46:28.501+0200] {logging_mixin.py:188} INFO - [2025-10-25T16:46:28.501+0200] {dag.py:3036} INFO - Sync 3 DAGs
[2025-10-25T16:46:28.508+0200] {logging_mixin.py:188} INFO - [2025-10-25T16:46:28.508+0200] {dag.py:3823} INFO - Setting next_dagrun for example_branch_datetime_operator to 2025-10-24 00:00:00+00:00, run_after=2025-10-25 00:00:00+00:00
[2025-10-25T16:46:28.510+0200] {logging_mixin.py:188} INFO - [2025-10-25T16:46:28.510+0200] {dag.py:3823} INFO - Setting next_dagrun for example_branch_datetime_operator_2 to 2025-10-24 00:00:00+00:00, run_after=2025-10-25 00:00:00+00:00
[2025-10-25T16:46:28.510+0200] {logging_mixin.py:188} INFO - [2025-10-25T16:46:28.510+0200] {dag.py:3823} INFO - Setting next_dagrun for example_branch_datetime_operator_3 to 2025-10-24 00:00:00+00:00, run_after=2025-10-25 00:00:00+00:00
[2025-10-25T16:46:28.517+0200] {processor.py:183} INFO - Processing /Users/youssefdaaloul/venv/dbt_snowflake/airflow_venv_39/lib/python3.11/site-packages/airflow/example_dags/example_branch_datetime_operator.py took 0.089 seconds
[2025-10-25T16:48:23.491+0200] {processor.py:161} INFO - Started process (PID=74131) to work on /Users/youssefdaaloul/venv/dbt_snowflake/airflow_venv_39/lib/python3.11/site-packages/airflow/example_dags/example_branch_datetime_operator.py
[2025-10-25T16:48:23.492+0200] {processor.py:830} INFO - Processing file /Users/youssefdaaloul/venv/dbt_snowflake/airflow_venv_39/lib/python3.11/site-packages/airflow/example_dags/example_branch_datetime_operator.py for tasks to queue
[2025-10-25T16:48:23.492+0200] {logging_mixin.py:188} INFO - [2025-10-25T16:48:23.492+0200] {dagbag.py:538} INFO - Filling up the DagBag from /Users/youssefdaaloul/venv/dbt_snowflake/airflow_venv_39/lib/python3.11/site-packages/airflow/example_dags/example_branch_datetime_operator.py
[2025-10-25T16:48:23.497+0200] {processor.py:840} INFO - DAG(s) 'example_branch_datetime_operator_3', 'example_branch_datetime_operator_2', 'example_branch_datetime_operator' retrieved from /Users/youssefdaaloul/venv/dbt_snowflake/airflow_venv_39/lib/python3.11/site-packages/airflow/example_dags/example_branch_datetime_operator.py
[2025-10-25T16:48:23.561+0200] {logging_mixin.py:188} INFO - [2025-10-25T16:48:23.561+0200] {dag.py:3036} INFO - Sync 3 DAGs
[2025-10-25T16:48:23.567+0200] {logging_mixin.py:188} INFO - [2025-10-25T16:48:23.567+0200] {dag.py:3823} INFO - Setting next_dagrun for example_branch_datetime_operator to 2025-10-24 00:00:00+00:00, run_after=2025-10-25 00:00:00+00:00
[2025-10-25T16:48:23.569+0200] {logging_mixin.py:188} INFO - [2025-10-25T16:48:23.569+0200] {dag.py:3823} INFO - Setting next_dagrun for example_branch_datetime_operator_2 to 2025-10-24 00:00:00+00:00, run_after=2025-10-25 00:00:00+00:00
[2025-10-25T16:48:23.569+0200] {logging_mixin.py:188} INFO - [2025-10-25T16:48:23.569+0200] {dag.py:3823} INFO - Setting next_dagrun for example_branch_datetime_operator_3 to 2025-10-24 00:00:00+00:00, run_after=2025-10-25 00:00:00+00:00
[2025-10-25T16:48:23.576+0200] {processor.py:183} INFO - Processing /Users/youssefdaaloul/venv/dbt_snowflake/airflow_venv_39/lib/python3.11/site-packages/airflow/example_dags/example_branch_datetime_operator.py took 0.085 seconds
[2025-10-25T16:50:17.703+0200] {processor.py:161} INFO - Started process (PID=74236) to work on /Users/youssefdaaloul/venv/dbt_snowflake/airflow_venv_39/lib/python3.11/site-packages/airflow/example_dags/example_branch_datetime_operator.py
[2025-10-25T16:50:17.704+0200] {processor.py:830} INFO - Processing file /Users/youssefdaaloul/venv/dbt_snowflake/airflow_venv_39/lib/python3.11/site-packages/airflow/example_dags/example_branch_datetime_operator.py for tasks to queue
[2025-10-25T16:50:17.704+0200] {logging_mixin.py:188} INFO - [2025-10-25T16:50:17.704+0200] {dagbag.py:538} INFO - Filling up the DagBag from /Users/youssefdaaloul/venv/dbt_snowflake/airflow_venv_39/lib/python3.11/site-packages/airflow/example_dags/example_branch_datetime_operator.py
[2025-10-25T16:50:17.711+0200] {processor.py:840} INFO - DAG(s) 'example_branch_datetime_operator', 'example_branch_datetime_operator_3', 'example_branch_datetime_operator_2' retrieved from /Users/youssefdaaloul/venv/dbt_snowflake/airflow_venv_39/lib/python3.11/site-packages/airflow/example_dags/example_branch_datetime_operator.py
[2025-10-25T16:50:17.775+0200] {logging_mixin.py:188} INFO - [2025-10-25T16:50:17.775+0200] {dag.py:3036} INFO - Sync 3 DAGs
[2025-10-25T16:50:17.782+0200] {logging_mixin.py:188} INFO - [2025-10-25T16:50:17.782+0200] {dag.py:3823} INFO - Setting next_dagrun for example_branch_datetime_operator to 2025-10-24 00:00:00+00:00, run_after=2025-10-25 00:00:00+00:00
[2025-10-25T16:50:17.783+0200] {logging_mixin.py:188} INFO - [2025-10-25T16:50:17.783+0200] {dag.py:3823} INFO - Setting next_dagrun for example_branch_datetime_operator_2 to 2025-10-24 00:00:00+00:00, run_after=2025-10-25 00:00:00+00:00
[2025-10-25T16:50:17.784+0200] {logging_mixin.py:188} INFO - [2025-10-25T16:50:17.784+0200] {dag.py:3823} INFO - Setting next_dagrun for example_branch_datetime_operator_3 to 2025-10-24 00:00:00+00:00, run_after=2025-10-25 00:00:00+00:00
[2025-10-25T16:50:17.791+0200] {processor.py:183} INFO - Processing /Users/youssefdaaloul/venv/dbt_snowflake/airflow_venv_39/lib/python3.11/site-packages/airflow/example_dags/example_branch_datetime_operator.py took 0.088 seconds
