[2025-10-25T16:08:50.614+0200] {processor.py:161} INFO - Started process (PID=71211) to work on /Users/youssefdaaloul/venv/dbt_snowflake/airflow_venv_39/lib/python3.11/site-packages/airflow/example_dags/example_short_circuit_operator.py
[2025-10-25T16:08:50.614+0200] {processor.py:830} INFO - Processing file /Users/youssefdaaloul/venv/dbt_snowflake/airflow_venv_39/lib/python3.11/site-packages/airflow/example_dags/example_short_circuit_operator.py for tasks to queue
[2025-10-25T16:08:50.614+0200] {logging_mixin.py:188} INFO - [2025-10-25T16:08:50.614+0200] {dagbag.py:538} INFO - Filling up the DagBag from /Users/youssefdaaloul/venv/dbt_snowflake/airflow_venv_39/lib/python3.11/site-packages/airflow/example_dags/example_short_circuit_operator.py
[2025-10-25T16:08:50.626+0200] {processor.py:840} INFO - DAG(s) 'example_short_circuit_operator' retrieved from /Users/youssefdaaloul/venv/dbt_snowflake/airflow_venv_39/lib/python3.11/site-packages/airflow/example_dags/example_short_circuit_operator.py
[2025-10-25T16:08:50.720+0200] {logging_mixin.py:188} INFO - [2025-10-25T16:08:50.720+0200] {dag.py:3036} INFO - Sync 1 DAGs
[2025-10-25T16:08:50.727+0200] {logging_mixin.py:188} INFO - [2025-10-25T16:08:50.727+0200] {dag.py:3823} INFO - Setting next_dagrun for example_short_circuit_operator to 2025-10-24 00:00:00+00:00, run_after=2025-10-25 00:00:00+00:00
[2025-10-25T16:08:50.734+0200] {processor.py:183} INFO - Processing /Users/youssefdaaloul/venv/dbt_snowflake/airflow_venv_39/lib/python3.11/site-packages/airflow/example_dags/example_short_circuit_operator.py took 0.120 seconds
[2025-10-25T16:10:23.283+0200] {processor.py:161} INFO - Started process (PID=71295) to work on /Users/youssefdaaloul/venv/dbt_snowflake/airflow_venv_39/lib/python3.11/site-packages/airflow/example_dags/example_short_circuit_operator.py
[2025-10-25T16:10:23.283+0200] {processor.py:830} INFO - Processing file /Users/youssefdaaloul/venv/dbt_snowflake/airflow_venv_39/lib/python3.11/site-packages/airflow/example_dags/example_short_circuit_operator.py for tasks to queue
[2025-10-25T16:10:23.283+0200] {logging_mixin.py:188} INFO - [2025-10-25T16:10:23.283+0200] {dagbag.py:538} INFO - Filling up the DagBag from /Users/youssefdaaloul/venv/dbt_snowflake/airflow_venv_39/lib/python3.11/site-packages/airflow/example_dags/example_short_circuit_operator.py
[2025-10-25T16:10:23.294+0200] {processor.py:840} INFO - DAG(s) 'example_short_circuit_operator' retrieved from /Users/youssefdaaloul/venv/dbt_snowflake/airflow_venv_39/lib/python3.11/site-packages/airflow/example_dags/example_short_circuit_operator.py
[2025-10-25T16:10:23.353+0200] {logging_mixin.py:188} INFO - [2025-10-25T16:10:23.353+0200] {dag.py:3036} INFO - Sync 1 DAGs
[2025-10-25T16:10:23.359+0200] {logging_mixin.py:188} INFO - [2025-10-25T16:10:23.359+0200] {dag.py:3823} INFO - Setting next_dagrun for example_short_circuit_operator to 2025-10-24 00:00:00+00:00, run_after=2025-10-25 00:00:00+00:00
[2025-10-25T16:10:23.369+0200] {processor.py:183} INFO - Processing /Users/youssefdaaloul/venv/dbt_snowflake/airflow_venv_39/lib/python3.11/site-packages/airflow/example_dags/example_short_circuit_operator.py took 0.086 seconds
[2025-10-25T16:12:20.686+0200] {processor.py:161} INFO - Started process (PID=71407) to work on /Users/youssefdaaloul/venv/dbt_snowflake/airflow_venv_39/lib/python3.11/site-packages/airflow/example_dags/example_short_circuit_operator.py
[2025-10-25T16:12:20.688+0200] {processor.py:830} INFO - Processing file /Users/youssefdaaloul/venv/dbt_snowflake/airflow_venv_39/lib/python3.11/site-packages/airflow/example_dags/example_short_circuit_operator.py for tasks to queue
[2025-10-25T16:12:20.689+0200] {logging_mixin.py:188} INFO - [2025-10-25T16:12:20.688+0200] {dagbag.py:538} INFO - Filling up the DagBag from /Users/youssefdaaloul/venv/dbt_snowflake/airflow_venv_39/lib/python3.11/site-packages/airflow/example_dags/example_short_circuit_operator.py
[2025-10-25T16:12:20.701+0200] {processor.py:840} INFO - DAG(s) 'example_short_circuit_operator' retrieved from /Users/youssefdaaloul/venv/dbt_snowflake/airflow_venv_39/lib/python3.11/site-packages/airflow/example_dags/example_short_circuit_operator.py
[2025-10-25T16:12:20.762+0200] {logging_mixin.py:188} INFO - [2025-10-25T16:12:20.762+0200] {dag.py:3036} INFO - Sync 1 DAGs
[2025-10-25T16:12:20.769+0200] {logging_mixin.py:188} INFO - [2025-10-25T16:12:20.769+0200] {dag.py:3823} INFO - Setting next_dagrun for example_short_circuit_operator to 2025-10-24 00:00:00+00:00, run_after=2025-10-25 00:00:00+00:00
[2025-10-25T16:12:20.776+0200] {processor.py:183} INFO - Processing /Users/youssefdaaloul/venv/dbt_snowflake/airflow_venv_39/lib/python3.11/site-packages/airflow/example_dags/example_short_circuit_operator.py took 0.090 seconds
[2025-10-25T16:14:18.745+0200] {processor.py:161} INFO - Started process (PID=71505) to work on /Users/youssefdaaloul/venv/dbt_snowflake/airflow_venv_39/lib/python3.11/site-packages/airflow/example_dags/example_short_circuit_operator.py
[2025-10-25T16:14:18.745+0200] {processor.py:830} INFO - Processing file /Users/youssefdaaloul/venv/dbt_snowflake/airflow_venv_39/lib/python3.11/site-packages/airflow/example_dags/example_short_circuit_operator.py for tasks to queue
[2025-10-25T16:14:18.746+0200] {logging_mixin.py:188} INFO - [2025-10-25T16:14:18.745+0200] {dagbag.py:538} INFO - Filling up the DagBag from /Users/youssefdaaloul/venv/dbt_snowflake/airflow_venv_39/lib/python3.11/site-packages/airflow/example_dags/example_short_circuit_operator.py
[2025-10-25T16:14:18.757+0200] {processor.py:840} INFO - DAG(s) 'example_short_circuit_operator' retrieved from /Users/youssefdaaloul/venv/dbt_snowflake/airflow_venv_39/lib/python3.11/site-packages/airflow/example_dags/example_short_circuit_operator.py
[2025-10-25T16:14:18.822+0200] {logging_mixin.py:188} INFO - [2025-10-25T16:14:18.821+0200] {dag.py:3036} INFO - Sync 1 DAGs
[2025-10-25T16:14:18.829+0200] {logging_mixin.py:188} INFO - [2025-10-25T16:14:18.829+0200] {dag.py:3823} INFO - Setting next_dagrun for example_short_circuit_operator to 2025-10-24 00:00:00+00:00, run_after=2025-10-25 00:00:00+00:00
[2025-10-25T16:14:18.837+0200] {processor.py:183} INFO - Processing /Users/youssefdaaloul/venv/dbt_snowflake/airflow_venv_39/lib/python3.11/site-packages/airflow/example_dags/example_short_circuit_operator.py took 0.092 seconds
[2025-10-25T16:16:21.926+0200] {processor.py:161} INFO - Started process (PID=71619) to work on /Users/youssefdaaloul/venv/dbt_snowflake/airflow_venv_39/lib/python3.11/site-packages/airflow/example_dags/example_short_circuit_operator.py
[2025-10-25T16:16:21.927+0200] {processor.py:830} INFO - Processing file /Users/youssefdaaloul/venv/dbt_snowflake/airflow_venv_39/lib/python3.11/site-packages/airflow/example_dags/example_short_circuit_operator.py for tasks to queue
[2025-10-25T16:16:21.928+0200] {logging_mixin.py:188} INFO - [2025-10-25T16:16:21.928+0200] {dagbag.py:538} INFO - Filling up the DagBag from /Users/youssefdaaloul/venv/dbt_snowflake/airflow_venv_39/lib/python3.11/site-packages/airflow/example_dags/example_short_circuit_operator.py
[2025-10-25T16:16:21.940+0200] {processor.py:840} INFO - DAG(s) 'example_short_circuit_operator' retrieved from /Users/youssefdaaloul/venv/dbt_snowflake/airflow_venv_39/lib/python3.11/site-packages/airflow/example_dags/example_short_circuit_operator.py
[2025-10-25T16:16:21.998+0200] {logging_mixin.py:188} INFO - [2025-10-25T16:16:21.998+0200] {dag.py:3036} INFO - Sync 1 DAGs
[2025-10-25T16:16:22.004+0200] {logging_mixin.py:188} INFO - [2025-10-25T16:16:22.004+0200] {dag.py:3823} INFO - Setting next_dagrun for example_short_circuit_operator to 2025-10-24 00:00:00+00:00, run_after=2025-10-25 00:00:00+00:00
[2025-10-25T16:16:22.011+0200] {processor.py:183} INFO - Processing /Users/youssefdaaloul/venv/dbt_snowflake/airflow_venv_39/lib/python3.11/site-packages/airflow/example_dags/example_short_circuit_operator.py took 0.085 seconds
[2025-10-25T16:18:21.575+0200] {processor.py:161} INFO - Started process (PID=71718) to work on /Users/youssefdaaloul/venv/dbt_snowflake/airflow_venv_39/lib/python3.11/site-packages/airflow/example_dags/example_short_circuit_operator.py
[2025-10-25T16:18:21.576+0200] {processor.py:830} INFO - Processing file /Users/youssefdaaloul/venv/dbt_snowflake/airflow_venv_39/lib/python3.11/site-packages/airflow/example_dags/example_short_circuit_operator.py for tasks to queue
[2025-10-25T16:18:21.576+0200] {logging_mixin.py:188} INFO - [2025-10-25T16:18:21.576+0200] {dagbag.py:538} INFO - Filling up the DagBag from /Users/youssefdaaloul/venv/dbt_snowflake/airflow_venv_39/lib/python3.11/site-packages/airflow/example_dags/example_short_circuit_operator.py
[2025-10-25T16:18:21.588+0200] {processor.py:840} INFO - DAG(s) 'example_short_circuit_operator' retrieved from /Users/youssefdaaloul/venv/dbt_snowflake/airflow_venv_39/lib/python3.11/site-packages/airflow/example_dags/example_short_circuit_operator.py
[2025-10-25T16:18:21.652+0200] {logging_mixin.py:188} INFO - [2025-10-25T16:18:21.652+0200] {dag.py:3036} INFO - Sync 1 DAGs
[2025-10-25T16:18:21.658+0200] {logging_mixin.py:188} INFO - [2025-10-25T16:18:21.658+0200] {dag.py:3823} INFO - Setting next_dagrun for example_short_circuit_operator to 2025-10-24 00:00:00+00:00, run_after=2025-10-25 00:00:00+00:00
[2025-10-25T16:18:21.665+0200] {processor.py:183} INFO - Processing /Users/youssefdaaloul/venv/dbt_snowflake/airflow_venv_39/lib/python3.11/site-packages/airflow/example_dags/example_short_circuit_operator.py took 0.090 seconds
[2025-10-25T16:20:28.315+0200] {processor.py:161} INFO - Started process (PID=71844) to work on /Users/youssefdaaloul/venv/dbt_snowflake/airflow_venv_39/lib/python3.11/site-packages/airflow/example_dags/example_short_circuit_operator.py
[2025-10-25T16:20:28.315+0200] {processor.py:830} INFO - Processing file /Users/youssefdaaloul/venv/dbt_snowflake/airflow_venv_39/lib/python3.11/site-packages/airflow/example_dags/example_short_circuit_operator.py for tasks to queue
[2025-10-25T16:20:28.315+0200] {logging_mixin.py:188} INFO - [2025-10-25T16:20:28.315+0200] {dagbag.py:538} INFO - Filling up the DagBag from /Users/youssefdaaloul/venv/dbt_snowflake/airflow_venv_39/lib/python3.11/site-packages/airflow/example_dags/example_short_circuit_operator.py
[2025-10-25T16:20:28.328+0200] {processor.py:840} INFO - DAG(s) 'example_short_circuit_operator' retrieved from /Users/youssefdaaloul/venv/dbt_snowflake/airflow_venv_39/lib/python3.11/site-packages/airflow/example_dags/example_short_circuit_operator.py
[2025-10-25T16:20:28.396+0200] {logging_mixin.py:188} INFO - [2025-10-25T16:20:28.396+0200] {dag.py:3036} INFO - Sync 1 DAGs
[2025-10-25T16:20:28.404+0200] {logging_mixin.py:188} INFO - [2025-10-25T16:20:28.403+0200] {dag.py:3823} INFO - Setting next_dagrun for example_short_circuit_operator to 2025-10-24 00:00:00+00:00, run_after=2025-10-25 00:00:00+00:00
[2025-10-25T16:20:28.412+0200] {processor.py:183} INFO - Processing /Users/youssefdaaloul/venv/dbt_snowflake/airflow_venv_39/lib/python3.11/site-packages/airflow/example_dags/example_short_circuit_operator.py took 0.097 seconds
[2025-10-25T16:22:16.918+0200] {processor.py:161} INFO - Started process (PID=71930) to work on /Users/youssefdaaloul/venv/dbt_snowflake/airflow_venv_39/lib/python3.11/site-packages/airflow/example_dags/example_short_circuit_operator.py
[2025-10-25T16:22:16.919+0200] {processor.py:830} INFO - Processing file /Users/youssefdaaloul/venv/dbt_snowflake/airflow_venv_39/lib/python3.11/site-packages/airflow/example_dags/example_short_circuit_operator.py for tasks to queue
[2025-10-25T16:22:16.920+0200] {logging_mixin.py:188} INFO - [2025-10-25T16:22:16.919+0200] {dagbag.py:538} INFO - Filling up the DagBag from /Users/youssefdaaloul/venv/dbt_snowflake/airflow_venv_39/lib/python3.11/site-packages/airflow/example_dags/example_short_circuit_operator.py
[2025-10-25T16:22:16.933+0200] {processor.py:840} INFO - DAG(s) 'example_short_circuit_operator' retrieved from /Users/youssefdaaloul/venv/dbt_snowflake/airflow_venv_39/lib/python3.11/site-packages/airflow/example_dags/example_short_circuit_operator.py
[2025-10-25T16:22:16.995+0200] {logging_mixin.py:188} INFO - [2025-10-25T16:22:16.995+0200] {dag.py:3036} INFO - Sync 1 DAGs
[2025-10-25T16:22:17.001+0200] {logging_mixin.py:188} INFO - [2025-10-25T16:22:17.001+0200] {dag.py:3823} INFO - Setting next_dagrun for example_short_circuit_operator to 2025-10-24 00:00:00+00:00, run_after=2025-10-25 00:00:00+00:00
[2025-10-25T16:22:17.009+0200] {processor.py:183} INFO - Processing /Users/youssefdaaloul/venv/dbt_snowflake/airflow_venv_39/lib/python3.11/site-packages/airflow/example_dags/example_short_circuit_operator.py took 0.091 seconds
[2025-10-25T16:24:04.521+0200] {processor.py:161} INFO - Started process (PID=72033) to work on /Users/youssefdaaloul/venv/dbt_snowflake/airflow_venv_39/lib/python3.11/site-packages/airflow/example_dags/example_short_circuit_operator.py
[2025-10-25T16:24:04.522+0200] {processor.py:830} INFO - Processing file /Users/youssefdaaloul/venv/dbt_snowflake/airflow_venv_39/lib/python3.11/site-packages/airflow/example_dags/example_short_circuit_operator.py for tasks to queue
[2025-10-25T16:24:04.522+0200] {logging_mixin.py:188} INFO - [2025-10-25T16:24:04.522+0200] {dagbag.py:538} INFO - Filling up the DagBag from /Users/youssefdaaloul/venv/dbt_snowflake/airflow_venv_39/lib/python3.11/site-packages/airflow/example_dags/example_short_circuit_operator.py
[2025-10-25T16:24:04.534+0200] {processor.py:840} INFO - DAG(s) 'example_short_circuit_operator' retrieved from /Users/youssefdaaloul/venv/dbt_snowflake/airflow_venv_39/lib/python3.11/site-packages/airflow/example_dags/example_short_circuit_operator.py
[2025-10-25T16:24:04.598+0200] {logging_mixin.py:188} INFO - [2025-10-25T16:24:04.598+0200] {dag.py:3036} INFO - Sync 1 DAGs
[2025-10-25T16:24:04.606+0200] {logging_mixin.py:188} INFO - [2025-10-25T16:24:04.606+0200] {dag.py:3823} INFO - Setting next_dagrun for example_short_circuit_operator to 2025-10-24 00:00:00+00:00, run_after=2025-10-25 00:00:00+00:00
[2025-10-25T16:24:04.614+0200] {processor.py:183} INFO - Processing /Users/youssefdaaloul/venv/dbt_snowflake/airflow_venv_39/lib/python3.11/site-packages/airflow/example_dags/example_short_circuit_operator.py took 0.093 seconds
[2025-10-25T16:25:54.722+0200] {processor.py:161} INFO - Started process (PID=72151) to work on /Users/youssefdaaloul/venv/dbt_snowflake/airflow_venv_39/lib/python3.11/site-packages/airflow/example_dags/example_short_circuit_operator.py
[2025-10-25T16:25:54.724+0200] {processor.py:830} INFO - Processing file /Users/youssefdaaloul/venv/dbt_snowflake/airflow_venv_39/lib/python3.11/site-packages/airflow/example_dags/example_short_circuit_operator.py for tasks to queue
[2025-10-25T16:25:54.724+0200] {logging_mixin.py:188} INFO - [2025-10-25T16:25:54.724+0200] {dagbag.py:538} INFO - Filling up the DagBag from /Users/youssefdaaloul/venv/dbt_snowflake/airflow_venv_39/lib/python3.11/site-packages/airflow/example_dags/example_short_circuit_operator.py
[2025-10-25T16:25:54.735+0200] {processor.py:840} INFO - DAG(s) 'example_short_circuit_operator' retrieved from /Users/youssefdaaloul/venv/dbt_snowflake/airflow_venv_39/lib/python3.11/site-packages/airflow/example_dags/example_short_circuit_operator.py
[2025-10-25T16:25:54.791+0200] {logging_mixin.py:188} INFO - [2025-10-25T16:25:54.791+0200] {dag.py:3036} INFO - Sync 1 DAGs
[2025-10-25T16:25:54.797+0200] {logging_mixin.py:188} INFO - [2025-10-25T16:25:54.797+0200] {dag.py:3823} INFO - Setting next_dagrun for example_short_circuit_operator to 2025-10-24 00:00:00+00:00, run_after=2025-10-25 00:00:00+00:00
[2025-10-25T16:25:54.804+0200] {processor.py:183} INFO - Processing /Users/youssefdaaloul/venv/dbt_snowflake/airflow_venv_39/lib/python3.11/site-packages/airflow/example_dags/example_short_circuit_operator.py took 0.082 seconds
[2025-10-25T16:27:43.378+0200] {processor.py:161} INFO - Started process (PID=72260) to work on /Users/youssefdaaloul/venv/dbt_snowflake/airflow_venv_39/lib/python3.11/site-packages/airflow/example_dags/example_short_circuit_operator.py
[2025-10-25T16:27:43.379+0200] {processor.py:830} INFO - Processing file /Users/youssefdaaloul/venv/dbt_snowflake/airflow_venv_39/lib/python3.11/site-packages/airflow/example_dags/example_short_circuit_operator.py for tasks to queue
[2025-10-25T16:27:43.379+0200] {logging_mixin.py:188} INFO - [2025-10-25T16:27:43.379+0200] {dagbag.py:538} INFO - Filling up the DagBag from /Users/youssefdaaloul/venv/dbt_snowflake/airflow_venv_39/lib/python3.11/site-packages/airflow/example_dags/example_short_circuit_operator.py
[2025-10-25T16:27:43.392+0200] {processor.py:840} INFO - DAG(s) 'example_short_circuit_operator' retrieved from /Users/youssefdaaloul/venv/dbt_snowflake/airflow_venv_39/lib/python3.11/site-packages/airflow/example_dags/example_short_circuit_operator.py
[2025-10-25T16:27:43.457+0200] {logging_mixin.py:188} INFO - [2025-10-25T16:27:43.457+0200] {dag.py:3036} INFO - Sync 1 DAGs
[2025-10-25T16:27:43.464+0200] {logging_mixin.py:188} INFO - [2025-10-25T16:27:43.464+0200] {dag.py:3823} INFO - Setting next_dagrun for example_short_circuit_operator to 2025-10-24 00:00:00+00:00, run_after=2025-10-25 00:00:00+00:00
[2025-10-25T16:27:43.471+0200] {processor.py:183} INFO - Processing /Users/youssefdaaloul/venv/dbt_snowflake/airflow_venv_39/lib/python3.11/site-packages/airflow/example_dags/example_short_circuit_operator.py took 0.093 seconds
[2025-10-25T16:29:40.640+0200] {processor.py:161} INFO - Started process (PID=72374) to work on /Users/youssefdaaloul/venv/dbt_snowflake/airflow_venv_39/lib/python3.11/site-packages/airflow/example_dags/example_short_circuit_operator.py
[2025-10-25T16:29:40.642+0200] {processor.py:830} INFO - Processing file /Users/youssefdaaloul/venv/dbt_snowflake/airflow_venv_39/lib/python3.11/site-packages/airflow/example_dags/example_short_circuit_operator.py for tasks to queue
[2025-10-25T16:29:40.642+0200] {logging_mixin.py:188} INFO - [2025-10-25T16:29:40.642+0200] {dagbag.py:538} INFO - Filling up the DagBag from /Users/youssefdaaloul/venv/dbt_snowflake/airflow_venv_39/lib/python3.11/site-packages/airflow/example_dags/example_short_circuit_operator.py
[2025-10-25T16:29:40.655+0200] {processor.py:840} INFO - DAG(s) 'example_short_circuit_operator' retrieved from /Users/youssefdaaloul/venv/dbt_snowflake/airflow_venv_39/lib/python3.11/site-packages/airflow/example_dags/example_short_circuit_operator.py
[2025-10-25T16:29:40.721+0200] {logging_mixin.py:188} INFO - [2025-10-25T16:29:40.721+0200] {dag.py:3036} INFO - Sync 1 DAGs
[2025-10-25T16:29:40.729+0200] {logging_mixin.py:188} INFO - [2025-10-25T16:29:40.729+0200] {dag.py:3823} INFO - Setting next_dagrun for example_short_circuit_operator to 2025-10-24 00:00:00+00:00, run_after=2025-10-25 00:00:00+00:00
[2025-10-25T16:29:40.737+0200] {processor.py:183} INFO - Processing /Users/youssefdaaloul/venv/dbt_snowflake/airflow_venv_39/lib/python3.11/site-packages/airflow/example_dags/example_short_circuit_operator.py took 0.097 seconds
[2025-10-25T16:31:36.550+0200] {processor.py:161} INFO - Started process (PID=72564) to work on /Users/youssefdaaloul/venv/dbt_snowflake/airflow_venv_39/lib/python3.11/site-packages/airflow/example_dags/example_short_circuit_operator.py
[2025-10-25T16:31:36.551+0200] {processor.py:830} INFO - Processing file /Users/youssefdaaloul/venv/dbt_snowflake/airflow_venv_39/lib/python3.11/site-packages/airflow/example_dags/example_short_circuit_operator.py for tasks to queue
[2025-10-25T16:31:36.552+0200] {logging_mixin.py:188} INFO - [2025-10-25T16:31:36.551+0200] {dagbag.py:538} INFO - Filling up the DagBag from /Users/youssefdaaloul/venv/dbt_snowflake/airflow_venv_39/lib/python3.11/site-packages/airflow/example_dags/example_short_circuit_operator.py
[2025-10-25T16:31:36.562+0200] {processor.py:840} INFO - DAG(s) 'example_short_circuit_operator' retrieved from /Users/youssefdaaloul/venv/dbt_snowflake/airflow_venv_39/lib/python3.11/site-packages/airflow/example_dags/example_short_circuit_operator.py
[2025-10-25T16:31:36.619+0200] {logging_mixin.py:188} INFO - [2025-10-25T16:31:36.619+0200] {dag.py:3036} INFO - Sync 1 DAGs
[2025-10-25T16:31:36.625+0200] {logging_mixin.py:188} INFO - [2025-10-25T16:31:36.625+0200] {dag.py:3823} INFO - Setting next_dagrun for example_short_circuit_operator to 2025-10-24 00:00:00+00:00, run_after=2025-10-25 00:00:00+00:00
[2025-10-25T16:31:36.632+0200] {processor.py:183} INFO - Processing /Users/youssefdaaloul/venv/dbt_snowflake/airflow_venv_39/lib/python3.11/site-packages/airflow/example_dags/example_short_circuit_operator.py took 0.082 seconds
[2025-10-25T16:33:33.345+0200] {processor.py:161} INFO - Started process (PID=72690) to work on /Users/youssefdaaloul/venv/dbt_snowflake/airflow_venv_39/lib/python3.11/site-packages/airflow/example_dags/example_short_circuit_operator.py
[2025-10-25T16:33:33.345+0200] {processor.py:830} INFO - Processing file /Users/youssefdaaloul/venv/dbt_snowflake/airflow_venv_39/lib/python3.11/site-packages/airflow/example_dags/example_short_circuit_operator.py for tasks to queue
[2025-10-25T16:33:33.346+0200] {logging_mixin.py:188} INFO - [2025-10-25T16:33:33.346+0200] {dagbag.py:538} INFO - Filling up the DagBag from /Users/youssefdaaloul/venv/dbt_snowflake/airflow_venv_39/lib/python3.11/site-packages/airflow/example_dags/example_short_circuit_operator.py
[2025-10-25T16:33:33.358+0200] {processor.py:840} INFO - DAG(s) 'example_short_circuit_operator' retrieved from /Users/youssefdaaloul/venv/dbt_snowflake/airflow_venv_39/lib/python3.11/site-packages/airflow/example_dags/example_short_circuit_operator.py
[2025-10-25T16:33:33.419+0200] {logging_mixin.py:188} INFO - [2025-10-25T16:33:33.419+0200] {dag.py:3036} INFO - Sync 1 DAGs
[2025-10-25T16:33:33.425+0200] {logging_mixin.py:188} INFO - [2025-10-25T16:33:33.425+0200] {dag.py:3823} INFO - Setting next_dagrun for example_short_circuit_operator to 2025-10-24 00:00:00+00:00, run_after=2025-10-25 00:00:00+00:00
[2025-10-25T16:33:33.432+0200] {processor.py:183} INFO - Processing /Users/youssefdaaloul/venv/dbt_snowflake/airflow_venv_39/lib/python3.11/site-packages/airflow/example_dags/example_short_circuit_operator.py took 0.088 seconds
[2025-10-25T16:35:31.748+0200] {processor.py:161} INFO - Started process (PID=72841) to work on /Users/youssefdaaloul/venv/dbt_snowflake/airflow_venv_39/lib/python3.11/site-packages/airflow/example_dags/example_short_circuit_operator.py
[2025-10-25T16:35:31.750+0200] {processor.py:830} INFO - Processing file /Users/youssefdaaloul/venv/dbt_snowflake/airflow_venv_39/lib/python3.11/site-packages/airflow/example_dags/example_short_circuit_operator.py for tasks to queue
[2025-10-25T16:35:31.751+0200] {logging_mixin.py:188} INFO - [2025-10-25T16:35:31.751+0200] {dagbag.py:538} INFO - Filling up the DagBag from /Users/youssefdaaloul/venv/dbt_snowflake/airflow_venv_39/lib/python3.11/site-packages/airflow/example_dags/example_short_circuit_operator.py
[2025-10-25T16:35:31.770+0200] {processor.py:840} INFO - DAG(s) 'example_short_circuit_operator' retrieved from /Users/youssefdaaloul/venv/dbt_snowflake/airflow_venv_39/lib/python3.11/site-packages/airflow/example_dags/example_short_circuit_operator.py
[2025-10-25T16:35:31.852+0200] {logging_mixin.py:188} INFO - [2025-10-25T16:35:31.852+0200] {dag.py:3036} INFO - Sync 1 DAGs
[2025-10-25T16:35:31.860+0200] {logging_mixin.py:188} INFO - [2025-10-25T16:35:31.860+0200] {dag.py:3823} INFO - Setting next_dagrun for example_short_circuit_operator to 2025-10-24 00:00:00+00:00, run_after=2025-10-25 00:00:00+00:00
[2025-10-25T16:35:31.868+0200] {processor.py:183} INFO - Processing /Users/youssefdaaloul/venv/dbt_snowflake/airflow_venv_39/lib/python3.11/site-packages/airflow/example_dags/example_short_circuit_operator.py took 0.120 seconds
[2025-10-25T16:43:12.356+0200] {processor.py:161} INFO - Started process (PID=73714) to work on /Users/youssefdaaloul/venv/dbt_snowflake/airflow_venv_39/lib/python3.11/site-packages/airflow/example_dags/example_short_circuit_operator.py
[2025-10-25T16:43:12.357+0200] {processor.py:830} INFO - Processing file /Users/youssefdaaloul/venv/dbt_snowflake/airflow_venv_39/lib/python3.11/site-packages/airflow/example_dags/example_short_circuit_operator.py for tasks to queue
[2025-10-25T16:43:12.357+0200] {logging_mixin.py:188} INFO - [2025-10-25T16:43:12.357+0200] {dagbag.py:538} INFO - Filling up the DagBag from /Users/youssefdaaloul/venv/dbt_snowflake/airflow_venv_39/lib/python3.11/site-packages/airflow/example_dags/example_short_circuit_operator.py
[2025-10-25T16:43:12.369+0200] {processor.py:840} INFO - DAG(s) 'example_short_circuit_operator' retrieved from /Users/youssefdaaloul/venv/dbt_snowflake/airflow_venv_39/lib/python3.11/site-packages/airflow/example_dags/example_short_circuit_operator.py
[2025-10-25T16:43:12.428+0200] {logging_mixin.py:188} INFO - [2025-10-25T16:43:12.427+0200] {dag.py:3036} INFO - Sync 1 DAGs
[2025-10-25T16:43:12.434+0200] {logging_mixin.py:188} INFO - [2025-10-25T16:43:12.434+0200] {dag.py:3823} INFO - Setting next_dagrun for example_short_circuit_operator to 2025-10-24 00:00:00+00:00, run_after=2025-10-25 00:00:00+00:00
[2025-10-25T16:43:12.440+0200] {processor.py:183} INFO - Processing /Users/youssefdaaloul/venv/dbt_snowflake/airflow_venv_39/lib/python3.11/site-packages/airflow/example_dags/example_short_circuit_operator.py took 0.084 seconds
[2025-10-25T16:45:05.858+0200] {processor.py:161} INFO - Started process (PID=73958) to work on /Users/youssefdaaloul/venv/dbt_snowflake/airflow_venv_39/lib/python3.11/site-packages/airflow/example_dags/example_short_circuit_operator.py
[2025-10-25T16:45:05.859+0200] {processor.py:830} INFO - Processing file /Users/youssefdaaloul/venv/dbt_snowflake/airflow_venv_39/lib/python3.11/site-packages/airflow/example_dags/example_short_circuit_operator.py for tasks to queue
[2025-10-25T16:45:05.859+0200] {logging_mixin.py:188} INFO - [2025-10-25T16:45:05.859+0200] {dagbag.py:538} INFO - Filling up the DagBag from /Users/youssefdaaloul/venv/dbt_snowflake/airflow_venv_39/lib/python3.11/site-packages/airflow/example_dags/example_short_circuit_operator.py
[2025-10-25T16:45:05.870+0200] {processor.py:840} INFO - DAG(s) 'example_short_circuit_operator' retrieved from /Users/youssefdaaloul/venv/dbt_snowflake/airflow_venv_39/lib/python3.11/site-packages/airflow/example_dags/example_short_circuit_operator.py
[2025-10-25T16:45:05.927+0200] {logging_mixin.py:188} INFO - [2025-10-25T16:45:05.927+0200] {dag.py:3036} INFO - Sync 1 DAGs
[2025-10-25T16:45:05.934+0200] {logging_mixin.py:188} INFO - [2025-10-25T16:45:05.933+0200] {dag.py:3823} INFO - Setting next_dagrun for example_short_circuit_operator to 2025-10-24 00:00:00+00:00, run_after=2025-10-25 00:00:00+00:00
[2025-10-25T16:45:05.940+0200] {processor.py:183} INFO - Processing /Users/youssefdaaloul/venv/dbt_snowflake/airflow_venv_39/lib/python3.11/site-packages/airflow/example_dags/example_short_circuit_operator.py took 0.082 seconds
[2025-10-25T16:47:06.615+0200] {processor.py:161} INFO - Started process (PID=74058) to work on /Users/youssefdaaloul/venv/dbt_snowflake/airflow_venv_39/lib/python3.11/site-packages/airflow/example_dags/example_short_circuit_operator.py
[2025-10-25T16:47:06.615+0200] {processor.py:830} INFO - Processing file /Users/youssefdaaloul/venv/dbt_snowflake/airflow_venv_39/lib/python3.11/site-packages/airflow/example_dags/example_short_circuit_operator.py for tasks to queue
[2025-10-25T16:47:06.616+0200] {logging_mixin.py:188} INFO - [2025-10-25T16:47:06.616+0200] {dagbag.py:538} INFO - Filling up the DagBag from /Users/youssefdaaloul/venv/dbt_snowflake/airflow_venv_39/lib/python3.11/site-packages/airflow/example_dags/example_short_circuit_operator.py
[2025-10-25T16:47:06.627+0200] {processor.py:840} INFO - DAG(s) 'example_short_circuit_operator' retrieved from /Users/youssefdaaloul/venv/dbt_snowflake/airflow_venv_39/lib/python3.11/site-packages/airflow/example_dags/example_short_circuit_operator.py
[2025-10-25T16:47:06.691+0200] {logging_mixin.py:188} INFO - [2025-10-25T16:47:06.691+0200] {dag.py:3036} INFO - Sync 1 DAGs
[2025-10-25T16:47:06.698+0200] {logging_mixin.py:188} INFO - [2025-10-25T16:47:06.698+0200] {dag.py:3823} INFO - Setting next_dagrun for example_short_circuit_operator to 2025-10-24 00:00:00+00:00, run_after=2025-10-25 00:00:00+00:00
[2025-10-25T16:47:06.706+0200] {processor.py:183} INFO - Processing /Users/youssefdaaloul/venv/dbt_snowflake/airflow_venv_39/lib/python3.11/site-packages/airflow/example_dags/example_short_circuit_operator.py took 0.092 seconds
[2025-10-25T16:48:55.021+0200] {processor.py:161} INFO - Started process (PID=74166) to work on /Users/youssefdaaloul/venv/dbt_snowflake/airflow_venv_39/lib/python3.11/site-packages/airflow/example_dags/example_short_circuit_operator.py
[2025-10-25T16:48:55.022+0200] {processor.py:830} INFO - Processing file /Users/youssefdaaloul/venv/dbt_snowflake/airflow_venv_39/lib/python3.11/site-packages/airflow/example_dags/example_short_circuit_operator.py for tasks to queue
[2025-10-25T16:48:55.022+0200] {logging_mixin.py:188} INFO - [2025-10-25T16:48:55.022+0200] {dagbag.py:538} INFO - Filling up the DagBag from /Users/youssefdaaloul/venv/dbt_snowflake/airflow_venv_39/lib/python3.11/site-packages/airflow/example_dags/example_short_circuit_operator.py
[2025-10-25T16:48:55.032+0200] {processor.py:840} INFO - DAG(s) 'example_short_circuit_operator' retrieved from /Users/youssefdaaloul/venv/dbt_snowflake/airflow_venv_39/lib/python3.11/site-packages/airflow/example_dags/example_short_circuit_operator.py
[2025-10-25T16:48:55.089+0200] {logging_mixin.py:188} INFO - [2025-10-25T16:48:55.089+0200] {dag.py:3036} INFO - Sync 1 DAGs
[2025-10-25T16:48:55.095+0200] {logging_mixin.py:188} INFO - [2025-10-25T16:48:55.095+0200] {dag.py:3823} INFO - Setting next_dagrun for example_short_circuit_operator to 2025-10-24 00:00:00+00:00, run_after=2025-10-25 00:00:00+00:00
[2025-10-25T16:48:55.101+0200] {processor.py:183} INFO - Processing /Users/youssefdaaloul/venv/dbt_snowflake/airflow_venv_39/lib/python3.11/site-packages/airflow/example_dags/example_short_circuit_operator.py took 0.081 seconds
[2025-10-25T16:50:53.240+0200] {processor.py:161} INFO - Started process (PID=74264) to work on /Users/youssefdaaloul/venv/dbt_snowflake/airflow_venv_39/lib/python3.11/site-packages/airflow/example_dags/example_short_circuit_operator.py
[2025-10-25T16:50:53.241+0200] {processor.py:830} INFO - Processing file /Users/youssefdaaloul/venv/dbt_snowflake/airflow_venv_39/lib/python3.11/site-packages/airflow/example_dags/example_short_circuit_operator.py for tasks to queue
[2025-10-25T16:50:53.241+0200] {logging_mixin.py:188} INFO - [2025-10-25T16:50:53.241+0200] {dagbag.py:538} INFO - Filling up the DagBag from /Users/youssefdaaloul/venv/dbt_snowflake/airflow_venv_39/lib/python3.11/site-packages/airflow/example_dags/example_short_circuit_operator.py
[2025-10-25T16:50:53.253+0200] {processor.py:840} INFO - DAG(s) 'example_short_circuit_operator' retrieved from /Users/youssefdaaloul/venv/dbt_snowflake/airflow_venv_39/lib/python3.11/site-packages/airflow/example_dags/example_short_circuit_operator.py
[2025-10-25T16:50:53.317+0200] {logging_mixin.py:188} INFO - [2025-10-25T16:50:53.316+0200] {dag.py:3036} INFO - Sync 1 DAGs
[2025-10-25T16:50:53.324+0200] {logging_mixin.py:188} INFO - [2025-10-25T16:50:53.324+0200] {dag.py:3823} INFO - Setting next_dagrun for example_short_circuit_operator to 2025-10-24 00:00:00+00:00, run_after=2025-10-25 00:00:00+00:00
[2025-10-25T16:50:53.331+0200] {processor.py:183} INFO - Processing /Users/youssefdaaloul/venv/dbt_snowflake/airflow_venv_39/lib/python3.11/site-packages/airflow/example_dags/example_short_circuit_operator.py took 0.091 seconds
