[2025-10-25T16:09:17.853+0200] {processor.py:161} INFO - Started process (PID=71232) to work on /Users/youssefdaaloul/venv/dbt_snowflake/airflow_venv_39/lib/python3.11/site-packages/airflow/example_dags/example_kubernetes_executor.py
[2025-10-25T16:09:17.853+0200] {processor.py:830} INFO - Processing file /Users/youssefdaaloul/venv/dbt_snowflake/airflow_venv_39/lib/python3.11/site-packages/airflow/example_dags/example_kubernetes_executor.py for tasks to queue
[2025-10-25T16:09:17.854+0200] {logging_mixin.py:188} INFO - [2025-10-25T16:09:17.854+0200] {dagbag.py:538} INFO - Filling up the DagBag from /Users/youssefdaaloul/venv/dbt_snowflake/airflow_venv_39/lib/python3.11/site-packages/airflow/example_dags/example_kubernetes_executor.py
[2025-10-25T16:09:17.870+0200] {logging_mixin.py:188} INFO - [2025-10-25T16:09:17.870+0200] {example_kubernetes_executor.py:38} WARNING - The example_kubernetes_executor example DAG requires the kubernetes provider. Please install it with: pip install apache-airflow[cncf.kubernetes]
[2025-10-25T16:09:17.870+0200] {processor.py:842} WARNING - No viable dags retrieved from /Users/youssefdaaloul/venv/dbt_snowflake/airflow_venv_39/lib/python3.11/site-packages/airflow/example_dags/example_kubernetes_executor.py
[2025-10-25T16:09:17.927+0200] {processor.py:183} INFO - Processing /Users/youssefdaaloul/venv/dbt_snowflake/airflow_venv_39/lib/python3.11/site-packages/airflow/example_dags/example_kubernetes_executor.py took 0.075 seconds
[2025-10-25T16:11:19.065+0200] {processor.py:161} INFO - Started process (PID=71353) to work on /Users/youssefdaaloul/venv/dbt_snowflake/airflow_venv_39/lib/python3.11/site-packages/airflow/example_dags/example_kubernetes_executor.py
[2025-10-25T16:11:19.065+0200] {processor.py:830} INFO - Processing file /Users/youssefdaaloul/venv/dbt_snowflake/airflow_venv_39/lib/python3.11/site-packages/airflow/example_dags/example_kubernetes_executor.py for tasks to queue
[2025-10-25T16:11:19.066+0200] {logging_mixin.py:188} INFO - [2025-10-25T16:11:19.066+0200] {dagbag.py:538} INFO - Filling up the DagBag from /Users/youssefdaaloul/venv/dbt_snowflake/airflow_venv_39/lib/python3.11/site-packages/airflow/example_dags/example_kubernetes_executor.py
[2025-10-25T16:11:19.081+0200] {logging_mixin.py:188} INFO - [2025-10-25T16:11:19.081+0200] {example_kubernetes_executor.py:38} WARNING - The example_kubernetes_executor example DAG requires the kubernetes provider. Please install it with: pip install apache-airflow[cncf.kubernetes]
[2025-10-25T16:11:19.081+0200] {processor.py:842} WARNING - No viable dags retrieved from /Users/youssefdaaloul/venv/dbt_snowflake/airflow_venv_39/lib/python3.11/site-packages/airflow/example_dags/example_kubernetes_executor.py
[2025-10-25T16:11:19.154+0200] {processor.py:183} INFO - Processing /Users/youssefdaaloul/venv/dbt_snowflake/airflow_venv_39/lib/python3.11/site-packages/airflow/example_dags/example_kubernetes_executor.py took 0.090 seconds
[2025-10-25T16:13:14.998+0200] {processor.py:161} INFO - Started process (PID=71449) to work on /Users/youssefdaaloul/venv/dbt_snowflake/airflow_venv_39/lib/python3.11/site-packages/airflow/example_dags/example_kubernetes_executor.py
[2025-10-25T16:13:14.999+0200] {processor.py:830} INFO - Processing file /Users/youssefdaaloul/venv/dbt_snowflake/airflow_venv_39/lib/python3.11/site-packages/airflow/example_dags/example_kubernetes_executor.py for tasks to queue
[2025-10-25T16:13:14.999+0200] {logging_mixin.py:188} INFO - [2025-10-25T16:13:14.999+0200] {dagbag.py:538} INFO - Filling up the DagBag from /Users/youssefdaaloul/venv/dbt_snowflake/airflow_venv_39/lib/python3.11/site-packages/airflow/example_dags/example_kubernetes_executor.py
[2025-10-25T16:13:15.014+0200] {logging_mixin.py:188} INFO - [2025-10-25T16:13:15.013+0200] {example_kubernetes_executor.py:38} WARNING - The example_kubernetes_executor example DAG requires the kubernetes provider. Please install it with: pip install apache-airflow[cncf.kubernetes]
[2025-10-25T16:13:15.014+0200] {processor.py:842} WARNING - No viable dags retrieved from /Users/youssefdaaloul/venv/dbt_snowflake/airflow_venv_39/lib/python3.11/site-packages/airflow/example_dags/example_kubernetes_executor.py
[2025-10-25T16:13:15.068+0200] {processor.py:183} INFO - Processing /Users/youssefdaaloul/venv/dbt_snowflake/airflow_venv_39/lib/python3.11/site-packages/airflow/example_dags/example_kubernetes_executor.py took 0.070 seconds
[2025-10-25T16:15:20.116+0200] {processor.py:161} INFO - Started process (PID=71562) to work on /Users/youssefdaaloul/venv/dbt_snowflake/airflow_venv_39/lib/python3.11/site-packages/airflow/example_dags/example_kubernetes_executor.py
[2025-10-25T16:15:20.117+0200] {processor.py:830} INFO - Processing file /Users/youssefdaaloul/venv/dbt_snowflake/airflow_venv_39/lib/python3.11/site-packages/airflow/example_dags/example_kubernetes_executor.py for tasks to queue
[2025-10-25T16:15:20.117+0200] {logging_mixin.py:188} INFO - [2025-10-25T16:15:20.117+0200] {dagbag.py:538} INFO - Filling up the DagBag from /Users/youssefdaaloul/venv/dbt_snowflake/airflow_venv_39/lib/python3.11/site-packages/airflow/example_dags/example_kubernetes_executor.py
[2025-10-25T16:15:20.131+0200] {logging_mixin.py:188} INFO - [2025-10-25T16:15:20.131+0200] {example_kubernetes_executor.py:38} WARNING - The example_kubernetes_executor example DAG requires the kubernetes provider. Please install it with: pip install apache-airflow[cncf.kubernetes]
[2025-10-25T16:15:20.131+0200] {processor.py:842} WARNING - No viable dags retrieved from /Users/youssefdaaloul/venv/dbt_snowflake/airflow_venv_39/lib/python3.11/site-packages/airflow/example_dags/example_kubernetes_executor.py
[2025-10-25T16:15:20.184+0200] {processor.py:183} INFO - Processing /Users/youssefdaaloul/venv/dbt_snowflake/airflow_venv_39/lib/python3.11/site-packages/airflow/example_dags/example_kubernetes_executor.py took 0.068 seconds
[2025-10-25T16:17:18.646+0200] {processor.py:161} INFO - Started process (PID=71660) to work on /Users/youssefdaaloul/venv/dbt_snowflake/airflow_venv_39/lib/python3.11/site-packages/airflow/example_dags/example_kubernetes_executor.py
[2025-10-25T16:17:18.647+0200] {processor.py:830} INFO - Processing file /Users/youssefdaaloul/venv/dbt_snowflake/airflow_venv_39/lib/python3.11/site-packages/airflow/example_dags/example_kubernetes_executor.py for tasks to queue
[2025-10-25T16:17:18.647+0200] {logging_mixin.py:188} INFO - [2025-10-25T16:17:18.647+0200] {dagbag.py:538} INFO - Filling up the DagBag from /Users/youssefdaaloul/venv/dbt_snowflake/airflow_venv_39/lib/python3.11/site-packages/airflow/example_dags/example_kubernetes_executor.py
[2025-10-25T16:17:18.663+0200] {logging_mixin.py:188} INFO - [2025-10-25T16:17:18.662+0200] {example_kubernetes_executor.py:38} WARNING - The example_kubernetes_executor example DAG requires the kubernetes provider. Please install it with: pip install apache-airflow[cncf.kubernetes]
[2025-10-25T16:17:18.663+0200] {processor.py:842} WARNING - No viable dags retrieved from /Users/youssefdaaloul/venv/dbt_snowflake/airflow_venv_39/lib/python3.11/site-packages/airflow/example_dags/example_kubernetes_executor.py
[2025-10-25T16:17:18.717+0200] {processor.py:183} INFO - Processing /Users/youssefdaaloul/venv/dbt_snowflake/airflow_venv_39/lib/python3.11/site-packages/airflow/example_dags/example_kubernetes_executor.py took 0.072 seconds
[2025-10-25T16:19:21.591+0200] {processor.py:161} INFO - Started process (PID=71785) to work on /Users/youssefdaaloul/venv/dbt_snowflake/airflow_venv_39/lib/python3.11/site-packages/airflow/example_dags/example_kubernetes_executor.py
[2025-10-25T16:19:21.592+0200] {processor.py:830} INFO - Processing file /Users/youssefdaaloul/venv/dbt_snowflake/airflow_venv_39/lib/python3.11/site-packages/airflow/example_dags/example_kubernetes_executor.py for tasks to queue
[2025-10-25T16:19:21.592+0200] {logging_mixin.py:188} INFO - [2025-10-25T16:19:21.592+0200] {dagbag.py:538} INFO - Filling up the DagBag from /Users/youssefdaaloul/venv/dbt_snowflake/airflow_venv_39/lib/python3.11/site-packages/airflow/example_dags/example_kubernetes_executor.py
[2025-10-25T16:19:21.614+0200] {logging_mixin.py:188} INFO - [2025-10-25T16:19:21.614+0200] {example_kubernetes_executor.py:38} WARNING - The example_kubernetes_executor example DAG requires the kubernetes provider. Please install it with: pip install apache-airflow[cncf.kubernetes]
[2025-10-25T16:19:21.614+0200] {processor.py:842} WARNING - No viable dags retrieved from /Users/youssefdaaloul/venv/dbt_snowflake/airflow_venv_39/lib/python3.11/site-packages/airflow/example_dags/example_kubernetes_executor.py
[2025-10-25T16:19:21.674+0200] {processor.py:183} INFO - Processing /Users/youssefdaaloul/venv/dbt_snowflake/airflow_venv_39/lib/python3.11/site-packages/airflow/example_dags/example_kubernetes_executor.py took 0.083 seconds
[2025-10-25T16:21:23.064+0200] {processor.py:161} INFO - Started process (PID=71891) to work on /Users/youssefdaaloul/venv/dbt_snowflake/airflow_venv_39/lib/python3.11/site-packages/airflow/example_dags/example_kubernetes_executor.py
[2025-10-25T16:21:23.064+0200] {processor.py:830} INFO - Processing file /Users/youssefdaaloul/venv/dbt_snowflake/airflow_venv_39/lib/python3.11/site-packages/airflow/example_dags/example_kubernetes_executor.py for tasks to queue
[2025-10-25T16:21:23.064+0200] {logging_mixin.py:188} INFO - [2025-10-25T16:21:23.064+0200] {dagbag.py:538} INFO - Filling up the DagBag from /Users/youssefdaaloul/venv/dbt_snowflake/airflow_venv_39/lib/python3.11/site-packages/airflow/example_dags/example_kubernetes_executor.py
[2025-10-25T16:21:23.079+0200] {logging_mixin.py:188} INFO - [2025-10-25T16:21:23.079+0200] {example_kubernetes_executor.py:38} WARNING - The example_kubernetes_executor example DAG requires the kubernetes provider. Please install it with: pip install apache-airflow[cncf.kubernetes]
[2025-10-25T16:21:23.079+0200] {processor.py:842} WARNING - No viable dags retrieved from /Users/youssefdaaloul/venv/dbt_snowflake/airflow_venv_39/lib/python3.11/site-packages/airflow/example_dags/example_kubernetes_executor.py
[2025-10-25T16:21:23.130+0200] {processor.py:183} INFO - Processing /Users/youssefdaaloul/venv/dbt_snowflake/airflow_venv_39/lib/python3.11/site-packages/airflow/example_dags/example_kubernetes_executor.py took 0.067 seconds
[2025-10-25T16:23:09.056+0200] {processor.py:161} INFO - Started process (PID=71990) to work on /Users/youssefdaaloul/venv/dbt_snowflake/airflow_venv_39/lib/python3.11/site-packages/airflow/example_dags/example_kubernetes_executor.py
[2025-10-25T16:23:09.058+0200] {processor.py:830} INFO - Processing file /Users/youssefdaaloul/venv/dbt_snowflake/airflow_venv_39/lib/python3.11/site-packages/airflow/example_dags/example_kubernetes_executor.py for tasks to queue
[2025-10-25T16:23:09.059+0200] {logging_mixin.py:188} INFO - [2025-10-25T16:23:09.058+0200] {dagbag.py:538} INFO - Filling up the DagBag from /Users/youssefdaaloul/venv/dbt_snowflake/airflow_venv_39/lib/python3.11/site-packages/airflow/example_dags/example_kubernetes_executor.py
[2025-10-25T16:23:09.074+0200] {logging_mixin.py:188} INFO - [2025-10-25T16:23:09.074+0200] {example_kubernetes_executor.py:38} WARNING - The example_kubernetes_executor example DAG requires the kubernetes provider. Please install it with: pip install apache-airflow[cncf.kubernetes]
[2025-10-25T16:23:09.075+0200] {processor.py:842} WARNING - No viable dags retrieved from /Users/youssefdaaloul/venv/dbt_snowflake/airflow_venv_39/lib/python3.11/site-packages/airflow/example_dags/example_kubernetes_executor.py
[2025-10-25T16:23:09.127+0200] {processor.py:183} INFO - Processing /Users/youssefdaaloul/venv/dbt_snowflake/airflow_venv_39/lib/python3.11/site-packages/airflow/example_dags/example_kubernetes_executor.py took 0.071 seconds
[2025-10-25T16:24:59.540+0200] {processor.py:161} INFO - Started process (PID=72091) to work on /Users/youssefdaaloul/venv/dbt_snowflake/airflow_venv_39/lib/python3.11/site-packages/airflow/example_dags/example_kubernetes_executor.py
[2025-10-25T16:24:59.541+0200] {processor.py:830} INFO - Processing file /Users/youssefdaaloul/venv/dbt_snowflake/airflow_venv_39/lib/python3.11/site-packages/airflow/example_dags/example_kubernetes_executor.py for tasks to queue
[2025-10-25T16:24:59.541+0200] {logging_mixin.py:188} INFO - [2025-10-25T16:24:59.541+0200] {dagbag.py:538} INFO - Filling up the DagBag from /Users/youssefdaaloul/venv/dbt_snowflake/airflow_venv_39/lib/python3.11/site-packages/airflow/example_dags/example_kubernetes_executor.py
[2025-10-25T16:24:59.555+0200] {logging_mixin.py:188} INFO - [2025-10-25T16:24:59.555+0200] {example_kubernetes_executor.py:38} WARNING - The example_kubernetes_executor example DAG requires the kubernetes provider. Please install it with: pip install apache-airflow[cncf.kubernetes]
[2025-10-25T16:24:59.555+0200] {processor.py:842} WARNING - No viable dags retrieved from /Users/youssefdaaloul/venv/dbt_snowflake/airflow_venv_39/lib/python3.11/site-packages/airflow/example_dags/example_kubernetes_executor.py
[2025-10-25T16:24:59.607+0200] {processor.py:183} INFO - Processing /Users/youssefdaaloul/venv/dbt_snowflake/airflow_venv_39/lib/python3.11/site-packages/airflow/example_dags/example_kubernetes_executor.py took 0.068 seconds
[2025-10-25T16:26:45.957+0200] {processor.py:161} INFO - Started process (PID=72204) to work on /Users/youssefdaaloul/venv/dbt_snowflake/airflow_venv_39/lib/python3.11/site-packages/airflow/example_dags/example_kubernetes_executor.py
[2025-10-25T16:26:45.958+0200] {processor.py:830} INFO - Processing file /Users/youssefdaaloul/venv/dbt_snowflake/airflow_venv_39/lib/python3.11/site-packages/airflow/example_dags/example_kubernetes_executor.py for tasks to queue
[2025-10-25T16:26:45.958+0200] {logging_mixin.py:188} INFO - [2025-10-25T16:26:45.958+0200] {dagbag.py:538} INFO - Filling up the DagBag from /Users/youssefdaaloul/venv/dbt_snowflake/airflow_venv_39/lib/python3.11/site-packages/airflow/example_dags/example_kubernetes_executor.py
[2025-10-25T16:26:45.972+0200] {logging_mixin.py:188} INFO - [2025-10-25T16:26:45.972+0200] {example_kubernetes_executor.py:38} WARNING - The example_kubernetes_executor example DAG requires the kubernetes provider. Please install it with: pip install apache-airflow[cncf.kubernetes]
[2025-10-25T16:26:45.972+0200] {processor.py:842} WARNING - No viable dags retrieved from /Users/youssefdaaloul/venv/dbt_snowflake/airflow_venv_39/lib/python3.11/site-packages/airflow/example_dags/example_kubernetes_executor.py
[2025-10-25T16:26:46.022+0200] {processor.py:183} INFO - Processing /Users/youssefdaaloul/venv/dbt_snowflake/airflow_venv_39/lib/python3.11/site-packages/airflow/example_dags/example_kubernetes_executor.py took 0.065 seconds
[2025-10-25T16:28:42.362+0200] {processor.py:161} INFO - Started process (PID=72325) to work on /Users/youssefdaaloul/venv/dbt_snowflake/airflow_venv_39/lib/python3.11/site-packages/airflow/example_dags/example_kubernetes_executor.py
[2025-10-25T16:28:42.363+0200] {processor.py:830} INFO - Processing file /Users/youssefdaaloul/venv/dbt_snowflake/airflow_venv_39/lib/python3.11/site-packages/airflow/example_dags/example_kubernetes_executor.py for tasks to queue
[2025-10-25T16:28:42.363+0200] {logging_mixin.py:188} INFO - [2025-10-25T16:28:42.363+0200] {dagbag.py:538} INFO - Filling up the DagBag from /Users/youssefdaaloul/venv/dbt_snowflake/airflow_venv_39/lib/python3.11/site-packages/airflow/example_dags/example_kubernetes_executor.py
[2025-10-25T16:28:42.379+0200] {logging_mixin.py:188} INFO - [2025-10-25T16:28:42.379+0200] {example_kubernetes_executor.py:38} WARNING - The example_kubernetes_executor example DAG requires the kubernetes provider. Please install it with: pip install apache-airflow[cncf.kubernetes]
[2025-10-25T16:28:42.379+0200] {processor.py:842} WARNING - No viable dags retrieved from /Users/youssefdaaloul/venv/dbt_snowflake/airflow_venv_39/lib/python3.11/site-packages/airflow/example_dags/example_kubernetes_executor.py
[2025-10-25T16:28:42.432+0200] {processor.py:183} INFO - Processing /Users/youssefdaaloul/venv/dbt_snowflake/airflow_venv_39/lib/python3.11/site-packages/airflow/example_dags/example_kubernetes_executor.py took 0.070 seconds
[2025-10-25T16:30:41.048+0200] {processor.py:161} INFO - Started process (PID=72442) to work on /Users/youssefdaaloul/venv/dbt_snowflake/airflow_venv_39/lib/python3.11/site-packages/airflow/example_dags/example_kubernetes_executor.py
[2025-10-25T16:30:41.048+0200] {processor.py:830} INFO - Processing file /Users/youssefdaaloul/venv/dbt_snowflake/airflow_venv_39/lib/python3.11/site-packages/airflow/example_dags/example_kubernetes_executor.py for tasks to queue
[2025-10-25T16:30:41.049+0200] {logging_mixin.py:188} INFO - [2025-10-25T16:30:41.049+0200] {dagbag.py:538} INFO - Filling up the DagBag from /Users/youssefdaaloul/venv/dbt_snowflake/airflow_venv_39/lib/python3.11/site-packages/airflow/example_dags/example_kubernetes_executor.py
[2025-10-25T16:30:41.067+0200] {logging_mixin.py:188} INFO - [2025-10-25T16:30:41.067+0200] {example_kubernetes_executor.py:38} WARNING - The example_kubernetes_executor example DAG requires the kubernetes provider. Please install it with: pip install apache-airflow[cncf.kubernetes]
[2025-10-25T16:30:41.067+0200] {processor.py:842} WARNING - No viable dags retrieved from /Users/youssefdaaloul/venv/dbt_snowflake/airflow_venv_39/lib/python3.11/site-packages/airflow/example_dags/example_kubernetes_executor.py
[2025-10-25T16:30:41.119+0200] {processor.py:183} INFO - Processing /Users/youssefdaaloul/venv/dbt_snowflake/airflow_venv_39/lib/python3.11/site-packages/airflow/example_dags/example_kubernetes_executor.py took 0.072 seconds
[2025-10-25T16:32:32.494+0200] {processor.py:161} INFO - Started process (PID=72608) to work on /Users/youssefdaaloul/venv/dbt_snowflake/airflow_venv_39/lib/python3.11/site-packages/airflow/example_dags/example_kubernetes_executor.py
[2025-10-25T16:32:32.494+0200] {processor.py:830} INFO - Processing file /Users/youssefdaaloul/venv/dbt_snowflake/airflow_venv_39/lib/python3.11/site-packages/airflow/example_dags/example_kubernetes_executor.py for tasks to queue
[2025-10-25T16:32:32.494+0200] {logging_mixin.py:188} INFO - [2025-10-25T16:32:32.494+0200] {dagbag.py:538} INFO - Filling up the DagBag from /Users/youssefdaaloul/venv/dbt_snowflake/airflow_venv_39/lib/python3.11/site-packages/airflow/example_dags/example_kubernetes_executor.py
[2025-10-25T16:32:32.509+0200] {logging_mixin.py:188} INFO - [2025-10-25T16:32:32.509+0200] {example_kubernetes_executor.py:38} WARNING - The example_kubernetes_executor example DAG requires the kubernetes provider. Please install it with: pip install apache-airflow[cncf.kubernetes]
[2025-10-25T16:32:32.509+0200] {processor.py:842} WARNING - No viable dags retrieved from /Users/youssefdaaloul/venv/dbt_snowflake/airflow_venv_39/lib/python3.11/site-packages/airflow/example_dags/example_kubernetes_executor.py
[2025-10-25T16:32:32.560+0200] {processor.py:183} INFO - Processing /Users/youssefdaaloul/venv/dbt_snowflake/airflow_venv_39/lib/python3.11/site-packages/airflow/example_dags/example_kubernetes_executor.py took 0.066 seconds
[2025-10-25T16:34:32.032+0200] {processor.py:161} INFO - Started process (PID=72753) to work on /Users/youssefdaaloul/venv/dbt_snowflake/airflow_venv_39/lib/python3.11/site-packages/airflow/example_dags/example_kubernetes_executor.py
[2025-10-25T16:34:32.033+0200] {processor.py:830} INFO - Processing file /Users/youssefdaaloul/venv/dbt_snowflake/airflow_venv_39/lib/python3.11/site-packages/airflow/example_dags/example_kubernetes_executor.py for tasks to queue
[2025-10-25T16:34:32.033+0200] {logging_mixin.py:188} INFO - [2025-10-25T16:34:32.033+0200] {dagbag.py:538} INFO - Filling up the DagBag from /Users/youssefdaaloul/venv/dbt_snowflake/airflow_venv_39/lib/python3.11/site-packages/airflow/example_dags/example_kubernetes_executor.py
[2025-10-25T16:34:32.049+0200] {logging_mixin.py:188} INFO - [2025-10-25T16:34:32.049+0200] {example_kubernetes_executor.py:38} WARNING - The example_kubernetes_executor example DAG requires the kubernetes provider. Please install it with: pip install apache-airflow[cncf.kubernetes]
[2025-10-25T16:34:32.049+0200] {processor.py:842} WARNING - No viable dags retrieved from /Users/youssefdaaloul/venv/dbt_snowflake/airflow_venv_39/lib/python3.11/site-packages/airflow/example_dags/example_kubernetes_executor.py
[2025-10-25T16:34:32.108+0200] {processor.py:183} INFO - Processing /Users/youssefdaaloul/venv/dbt_snowflake/airflow_venv_39/lib/python3.11/site-packages/airflow/example_dags/example_kubernetes_executor.py took 0.076 seconds
[2025-10-25T16:36:29.813+0200] {processor.py:161} INFO - Started process (PID=72917) to work on /Users/youssefdaaloul/venv/dbt_snowflake/airflow_venv_39/lib/python3.11/site-packages/airflow/example_dags/example_kubernetes_executor.py
[2025-10-25T16:36:29.813+0200] {processor.py:830} INFO - Processing file /Users/youssefdaaloul/venv/dbt_snowflake/airflow_venv_39/lib/python3.11/site-packages/airflow/example_dags/example_kubernetes_executor.py for tasks to queue
[2025-10-25T16:36:29.814+0200] {logging_mixin.py:188} INFO - [2025-10-25T16:36:29.814+0200] {dagbag.py:538} INFO - Filling up the DagBag from /Users/youssefdaaloul/venv/dbt_snowflake/airflow_venv_39/lib/python3.11/site-packages/airflow/example_dags/example_kubernetes_executor.py
[2025-10-25T16:36:29.830+0200] {logging_mixin.py:188} INFO - [2025-10-25T16:36:29.830+0200] {example_kubernetes_executor.py:38} WARNING - The example_kubernetes_executor example DAG requires the kubernetes provider. Please install it with: pip install apache-airflow[cncf.kubernetes]
[2025-10-25T16:36:29.831+0200] {processor.py:842} WARNING - No viable dags retrieved from /Users/youssefdaaloul/venv/dbt_snowflake/airflow_venv_39/lib/python3.11/site-packages/airflow/example_dags/example_kubernetes_executor.py
[2025-10-25T16:36:29.895+0200] {processor.py:183} INFO - Processing /Users/youssefdaaloul/venv/dbt_snowflake/airflow_venv_39/lib/python3.11/site-packages/airflow/example_dags/example_kubernetes_executor.py took 0.082 seconds
[2025-10-25T16:44:11.385+0200] {processor.py:161} INFO - Started process (PID=73869) to work on /Users/youssefdaaloul/venv/dbt_snowflake/airflow_venv_39/lib/python3.11/site-packages/airflow/example_dags/example_kubernetes_executor.py
[2025-10-25T16:44:11.386+0200] {processor.py:830} INFO - Processing file /Users/youssefdaaloul/venv/dbt_snowflake/airflow_venv_39/lib/python3.11/site-packages/airflow/example_dags/example_kubernetes_executor.py for tasks to queue
[2025-10-25T16:44:11.386+0200] {logging_mixin.py:188} INFO - [2025-10-25T16:44:11.386+0200] {dagbag.py:538} INFO - Filling up the DagBag from /Users/youssefdaaloul/venv/dbt_snowflake/airflow_venv_39/lib/python3.11/site-packages/airflow/example_dags/example_kubernetes_executor.py
[2025-10-25T16:44:11.402+0200] {logging_mixin.py:188} INFO - [2025-10-25T16:44:11.402+0200] {example_kubernetes_executor.py:38} WARNING - The example_kubernetes_executor example DAG requires the kubernetes provider. Please install it with: pip install apache-airflow[cncf.kubernetes]
[2025-10-25T16:44:11.402+0200] {processor.py:842} WARNING - No viable dags retrieved from /Users/youssefdaaloul/venv/dbt_snowflake/airflow_venv_39/lib/python3.11/site-packages/airflow/example_dags/example_kubernetes_executor.py
[2025-10-25T16:44:11.458+0200] {processor.py:183} INFO - Processing /Users/youssefdaaloul/venv/dbt_snowflake/airflow_venv_39/lib/python3.11/site-packages/airflow/example_dags/example_kubernetes_executor.py took 0.073 seconds
[2025-10-25T16:46:06.941+0200] {processor.py:161} INFO - Started process (PID=74012) to work on /Users/youssefdaaloul/venv/dbt_snowflake/airflow_venv_39/lib/python3.11/site-packages/airflow/example_dags/example_kubernetes_executor.py
[2025-10-25T16:46:06.943+0200] {processor.py:830} INFO - Processing file /Users/youssefdaaloul/venv/dbt_snowflake/airflow_venv_39/lib/python3.11/site-packages/airflow/example_dags/example_kubernetes_executor.py for tasks to queue
[2025-10-25T16:46:06.943+0200] {logging_mixin.py:188} INFO - [2025-10-25T16:46:06.943+0200] {dagbag.py:538} INFO - Filling up the DagBag from /Users/youssefdaaloul/venv/dbt_snowflake/airflow_venv_39/lib/python3.11/site-packages/airflow/example_dags/example_kubernetes_executor.py
[2025-10-25T16:46:06.957+0200] {logging_mixin.py:188} INFO - [2025-10-25T16:46:06.957+0200] {example_kubernetes_executor.py:38} WARNING - The example_kubernetes_executor example DAG requires the kubernetes provider. Please install it with: pip install apache-airflow[cncf.kubernetes]
[2025-10-25T16:46:06.958+0200] {processor.py:842} WARNING - No viable dags retrieved from /Users/youssefdaaloul/venv/dbt_snowflake/airflow_venv_39/lib/python3.11/site-packages/airflow/example_dags/example_kubernetes_executor.py
[2025-10-25T16:46:07.010+0200] {processor.py:183} INFO - Processing /Users/youssefdaaloul/venv/dbt_snowflake/airflow_venv_39/lib/python3.11/site-packages/airflow/example_dags/example_kubernetes_executor.py took 0.069 seconds
[2025-10-25T16:48:03.621+0200] {processor.py:161} INFO - Started process (PID=74108) to work on /Users/youssefdaaloul/venv/dbt_snowflake/airflow_venv_39/lib/python3.11/site-packages/airflow/example_dags/example_kubernetes_executor.py
[2025-10-25T16:48:03.622+0200] {processor.py:830} INFO - Processing file /Users/youssefdaaloul/venv/dbt_snowflake/airflow_venv_39/lib/python3.11/site-packages/airflow/example_dags/example_kubernetes_executor.py for tasks to queue
[2025-10-25T16:48:03.623+0200] {logging_mixin.py:188} INFO - [2025-10-25T16:48:03.623+0200] {dagbag.py:538} INFO - Filling up the DagBag from /Users/youssefdaaloul/venv/dbt_snowflake/airflow_venv_39/lib/python3.11/site-packages/airflow/example_dags/example_kubernetes_executor.py
[2025-10-25T16:48:03.637+0200] {logging_mixin.py:188} INFO - [2025-10-25T16:48:03.637+0200] {example_kubernetes_executor.py:38} WARNING - The example_kubernetes_executor example DAG requires the kubernetes provider. Please install it with: pip install apache-airflow[cncf.kubernetes]
[2025-10-25T16:48:03.638+0200] {processor.py:842} WARNING - No viable dags retrieved from /Users/youssefdaaloul/venv/dbt_snowflake/airflow_venv_39/lib/python3.11/site-packages/airflow/example_dags/example_kubernetes_executor.py
[2025-10-25T16:48:03.691+0200] {processor.py:183} INFO - Processing /Users/youssefdaaloul/venv/dbt_snowflake/airflow_venv_39/lib/python3.11/site-packages/airflow/example_dags/example_kubernetes_executor.py took 0.070 seconds
[2025-10-25T16:49:54.539+0200] {processor.py:161} INFO - Started process (PID=74222) to work on /Users/youssefdaaloul/venv/dbt_snowflake/airflow_venv_39/lib/python3.11/site-packages/airflow/example_dags/example_kubernetes_executor.py
[2025-10-25T16:49:54.540+0200] {processor.py:830} INFO - Processing file /Users/youssefdaaloul/venv/dbt_snowflake/airflow_venv_39/lib/python3.11/site-packages/airflow/example_dags/example_kubernetes_executor.py for tasks to queue
[2025-10-25T16:49:54.541+0200] {logging_mixin.py:188} INFO - [2025-10-25T16:49:54.540+0200] {dagbag.py:538} INFO - Filling up the DagBag from /Users/youssefdaaloul/venv/dbt_snowflake/airflow_venv_39/lib/python3.11/site-packages/airflow/example_dags/example_kubernetes_executor.py
[2025-10-25T16:49:54.555+0200] {logging_mixin.py:188} INFO - [2025-10-25T16:49:54.555+0200] {example_kubernetes_executor.py:38} WARNING - The example_kubernetes_executor example DAG requires the kubernetes provider. Please install it with: pip install apache-airflow[cncf.kubernetes]
[2025-10-25T16:49:54.555+0200] {processor.py:842} WARNING - No viable dags retrieved from /Users/youssefdaaloul/venv/dbt_snowflake/airflow_venv_39/lib/python3.11/site-packages/airflow/example_dags/example_kubernetes_executor.py
[2025-10-25T16:49:54.612+0200] {processor.py:183} INFO - Processing /Users/youssefdaaloul/venv/dbt_snowflake/airflow_venv_39/lib/python3.11/site-packages/airflow/example_dags/example_kubernetes_executor.py took 0.073 seconds
[2025-10-25T16:51:51.352+0200] {processor.py:161} INFO - Started process (PID=74364) to work on /Users/youssefdaaloul/venv/dbt_snowflake/airflow_venv_39/lib/python3.11/site-packages/airflow/example_dags/example_kubernetes_executor.py
[2025-10-25T16:51:51.353+0200] {processor.py:830} INFO - Processing file /Users/youssefdaaloul/venv/dbt_snowflake/airflow_venv_39/lib/python3.11/site-packages/airflow/example_dags/example_kubernetes_executor.py for tasks to queue
[2025-10-25T16:51:51.353+0200] {logging_mixin.py:188} INFO - [2025-10-25T16:51:51.353+0200] {dagbag.py:538} INFO - Filling up the DagBag from /Users/youssefdaaloul/venv/dbt_snowflake/airflow_venv_39/lib/python3.11/site-packages/airflow/example_dags/example_kubernetes_executor.py
[2025-10-25T16:51:51.368+0200] {logging_mixin.py:188} INFO - [2025-10-25T16:51:51.368+0200] {example_kubernetes_executor.py:38} WARNING - The example_kubernetes_executor example DAG requires the kubernetes provider. Please install it with: pip install apache-airflow[cncf.kubernetes]
[2025-10-25T16:51:51.368+0200] {processor.py:842} WARNING - No viable dags retrieved from /Users/youssefdaaloul/venv/dbt_snowflake/airflow_venv_39/lib/python3.11/site-packages/airflow/example_dags/example_kubernetes_executor.py
[2025-10-25T16:51:51.420+0200] {processor.py:183} INFO - Processing /Users/youssefdaaloul/venv/dbt_snowflake/airflow_venv_39/lib/python3.11/site-packages/airflow/example_dags/example_kubernetes_executor.py took 0.068 seconds
