[2025-10-25T16:09:23.830+0200] {processor.py:161} INFO - Started process (PID=71240) to work on /Users/youssefdaaloul/venv/dbt_snowflake/airflow_venv_39/lib/python3.11/site-packages/airflow/example_dags/example_dynamic_task_mapping.py
[2025-10-25T16:09:23.831+0200] {processor.py:830} INFO - Processing file /Users/youssefdaaloul/venv/dbt_snowflake/airflow_venv_39/lib/python3.11/site-packages/airflow/example_dags/example_dynamic_task_mapping.py for tasks to queue
[2025-10-25T16:09:23.831+0200] {logging_mixin.py:188} INFO - [2025-10-25T16:09:23.831+0200] {dagbag.py:538} INFO - Filling up the DagBag from /Users/youssefdaaloul/venv/dbt_snowflake/airflow_venv_39/lib/python3.11/site-packages/airflow/example_dags/example_dynamic_task_mapping.py
[2025-10-25T16:09:23.846+0200] {processor.py:840} INFO - DAG(s) 'example_dynamic_task_mapping' retrieved from /Users/youssefdaaloul/venv/dbt_snowflake/airflow_venv_39/lib/python3.11/site-packages/airflow/example_dags/example_dynamic_task_mapping.py
[2025-10-25T16:09:23.935+0200] {logging_mixin.py:188} INFO - [2025-10-25T16:09:23.935+0200] {dag.py:3036} INFO - Sync 1 DAGs
[2025-10-25T16:09:23.941+0200] {logging_mixin.py:188} INFO - [2025-10-25T16:09:23.941+0200] {dag.py:3823} INFO - Setting next_dagrun for example_dynamic_task_mapping to 2022-03-04 00:00:00+00:00, run_after=2022-03-05 00:00:00+00:00
[2025-10-25T16:09:23.948+0200] {processor.py:183} INFO - Processing /Users/youssefdaaloul/venv/dbt_snowflake/airflow_venv_39/lib/python3.11/site-packages/airflow/example_dags/example_dynamic_task_mapping.py took 0.118 seconds
[2025-10-25T16:11:24.258+0200] {processor.py:161} INFO - Started process (PID=71356) to work on /Users/youssefdaaloul/venv/dbt_snowflake/airflow_venv_39/lib/python3.11/site-packages/airflow/example_dags/example_dynamic_task_mapping.py
[2025-10-25T16:11:24.259+0200] {processor.py:830} INFO - Processing file /Users/youssefdaaloul/venv/dbt_snowflake/airflow_venv_39/lib/python3.11/site-packages/airflow/example_dags/example_dynamic_task_mapping.py for tasks to queue
[2025-10-25T16:11:24.259+0200] {logging_mixin.py:188} INFO - [2025-10-25T16:11:24.259+0200] {dagbag.py:538} INFO - Filling up the DagBag from /Users/youssefdaaloul/venv/dbt_snowflake/airflow_venv_39/lib/python3.11/site-packages/airflow/example_dags/example_dynamic_task_mapping.py
[2025-10-25T16:11:24.276+0200] {processor.py:840} INFO - DAG(s) 'example_dynamic_task_mapping' retrieved from /Users/youssefdaaloul/venv/dbt_snowflake/airflow_venv_39/lib/python3.11/site-packages/airflow/example_dags/example_dynamic_task_mapping.py
[2025-10-25T16:11:24.344+0200] {logging_mixin.py:188} INFO - [2025-10-25T16:11:24.344+0200] {dag.py:3036} INFO - Sync 1 DAGs
[2025-10-25T16:11:24.351+0200] {logging_mixin.py:188} INFO - [2025-10-25T16:11:24.351+0200] {dag.py:3823} INFO - Setting next_dagrun for example_dynamic_task_mapping to 2022-03-04 00:00:00+00:00, run_after=2022-03-05 00:00:00+00:00
[2025-10-25T16:11:24.359+0200] {processor.py:183} INFO - Processing /Users/youssefdaaloul/venv/dbt_snowflake/airflow_venv_39/lib/python3.11/site-packages/airflow/example_dags/example_dynamic_task_mapping.py took 0.101 seconds
[2025-10-25T16:13:20.819+0200] {processor.py:161} INFO - Started process (PID=71459) to work on /Users/youssefdaaloul/venv/dbt_snowflake/airflow_venv_39/lib/python3.11/site-packages/airflow/example_dags/example_dynamic_task_mapping.py
[2025-10-25T16:13:20.820+0200] {processor.py:830} INFO - Processing file /Users/youssefdaaloul/venv/dbt_snowflake/airflow_venv_39/lib/python3.11/site-packages/airflow/example_dags/example_dynamic_task_mapping.py for tasks to queue
[2025-10-25T16:13:20.821+0200] {logging_mixin.py:188} INFO - [2025-10-25T16:13:20.821+0200] {dagbag.py:538} INFO - Filling up the DagBag from /Users/youssefdaaloul/venv/dbt_snowflake/airflow_venv_39/lib/python3.11/site-packages/airflow/example_dags/example_dynamic_task_mapping.py
[2025-10-25T16:13:20.835+0200] {processor.py:840} INFO - DAG(s) 'example_dynamic_task_mapping' retrieved from /Users/youssefdaaloul/venv/dbt_snowflake/airflow_venv_39/lib/python3.11/site-packages/airflow/example_dags/example_dynamic_task_mapping.py
[2025-10-25T16:13:20.890+0200] {logging_mixin.py:188} INFO - [2025-10-25T16:13:20.890+0200] {dag.py:3036} INFO - Sync 1 DAGs
[2025-10-25T16:13:20.896+0200] {logging_mixin.py:188} INFO - [2025-10-25T16:13:20.896+0200] {dag.py:3823} INFO - Setting next_dagrun for example_dynamic_task_mapping to 2022-03-04 00:00:00+00:00, run_after=2022-03-05 00:00:00+00:00
[2025-10-25T16:13:20.904+0200] {processor.py:183} INFO - Processing /Users/youssefdaaloul/venv/dbt_snowflake/airflow_venv_39/lib/python3.11/site-packages/airflow/example_dags/example_dynamic_task_mapping.py took 0.085 seconds
[2025-10-25T16:15:25.119+0200] {processor.py:161} INFO - Started process (PID=71565) to work on /Users/youssefdaaloul/venv/dbt_snowflake/airflow_venv_39/lib/python3.11/site-packages/airflow/example_dags/example_dynamic_task_mapping.py
[2025-10-25T16:15:25.120+0200] {processor.py:830} INFO - Processing file /Users/youssefdaaloul/venv/dbt_snowflake/airflow_venv_39/lib/python3.11/site-packages/airflow/example_dags/example_dynamic_task_mapping.py for tasks to queue
[2025-10-25T16:15:25.120+0200] {logging_mixin.py:188} INFO - [2025-10-25T16:15:25.120+0200] {dagbag.py:538} INFO - Filling up the DagBag from /Users/youssefdaaloul/venv/dbt_snowflake/airflow_venv_39/lib/python3.11/site-packages/airflow/example_dags/example_dynamic_task_mapping.py
[2025-10-25T16:15:25.135+0200] {processor.py:840} INFO - DAG(s) 'example_dynamic_task_mapping' retrieved from /Users/youssefdaaloul/venv/dbt_snowflake/airflow_venv_39/lib/python3.11/site-packages/airflow/example_dags/example_dynamic_task_mapping.py
[2025-10-25T16:15:25.197+0200] {logging_mixin.py:188} INFO - [2025-10-25T16:15:25.197+0200] {dag.py:3036} INFO - Sync 1 DAGs
[2025-10-25T16:15:25.205+0200] {logging_mixin.py:188} INFO - [2025-10-25T16:15:25.204+0200] {dag.py:3823} INFO - Setting next_dagrun for example_dynamic_task_mapping to 2022-03-04 00:00:00+00:00, run_after=2022-03-05 00:00:00+00:00
[2025-10-25T16:15:25.211+0200] {processor.py:183} INFO - Processing /Users/youssefdaaloul/venv/dbt_snowflake/airflow_venv_39/lib/python3.11/site-packages/airflow/example_dags/example_dynamic_task_mapping.py took 0.093 seconds
[2025-10-25T16:17:24.378+0200] {processor.py:161} INFO - Started process (PID=71663) to work on /Users/youssefdaaloul/venv/dbt_snowflake/airflow_venv_39/lib/python3.11/site-packages/airflow/example_dags/example_dynamic_task_mapping.py
[2025-10-25T16:17:24.380+0200] {processor.py:830} INFO - Processing file /Users/youssefdaaloul/venv/dbt_snowflake/airflow_venv_39/lib/python3.11/site-packages/airflow/example_dags/example_dynamic_task_mapping.py for tasks to queue
[2025-10-25T16:17:24.380+0200] {logging_mixin.py:188} INFO - [2025-10-25T16:17:24.380+0200] {dagbag.py:538} INFO - Filling up the DagBag from /Users/youssefdaaloul/venv/dbt_snowflake/airflow_venv_39/lib/python3.11/site-packages/airflow/example_dags/example_dynamic_task_mapping.py
[2025-10-25T16:17:24.396+0200] {processor.py:840} INFO - DAG(s) 'example_dynamic_task_mapping' retrieved from /Users/youssefdaaloul/venv/dbt_snowflake/airflow_venv_39/lib/python3.11/site-packages/airflow/example_dags/example_dynamic_task_mapping.py
[2025-10-25T16:17:24.458+0200] {logging_mixin.py:188} INFO - [2025-10-25T16:17:24.458+0200] {dag.py:3036} INFO - Sync 1 DAGs
[2025-10-25T16:17:24.465+0200] {logging_mixin.py:188} INFO - [2025-10-25T16:17:24.464+0200] {dag.py:3823} INFO - Setting next_dagrun for example_dynamic_task_mapping to 2022-03-04 00:00:00+00:00, run_after=2022-03-05 00:00:00+00:00
[2025-10-25T16:17:24.471+0200] {processor.py:183} INFO - Processing /Users/youssefdaaloul/venv/dbt_snowflake/airflow_venv_39/lib/python3.11/site-packages/airflow/example_dags/example_dynamic_task_mapping.py took 0.093 seconds
[2025-10-25T16:19:27.446+0200] {processor.py:161} INFO - Started process (PID=71789) to work on /Users/youssefdaaloul/venv/dbt_snowflake/airflow_venv_39/lib/python3.11/site-packages/airflow/example_dags/example_dynamic_task_mapping.py
[2025-10-25T16:19:27.447+0200] {processor.py:830} INFO - Processing file /Users/youssefdaaloul/venv/dbt_snowflake/airflow_venv_39/lib/python3.11/site-packages/airflow/example_dags/example_dynamic_task_mapping.py for tasks to queue
[2025-10-25T16:19:27.447+0200] {logging_mixin.py:188} INFO - [2025-10-25T16:19:27.447+0200] {dagbag.py:538} INFO - Filling up the DagBag from /Users/youssefdaaloul/venv/dbt_snowflake/airflow_venv_39/lib/python3.11/site-packages/airflow/example_dags/example_dynamic_task_mapping.py
[2025-10-25T16:19:27.466+0200] {processor.py:840} INFO - DAG(s) 'example_dynamic_task_mapping' retrieved from /Users/youssefdaaloul/venv/dbt_snowflake/airflow_venv_39/lib/python3.11/site-packages/airflow/example_dags/example_dynamic_task_mapping.py
[2025-10-25T16:19:27.528+0200] {logging_mixin.py:188} INFO - [2025-10-25T16:19:27.528+0200] {dag.py:3036} INFO - Sync 1 DAGs
[2025-10-25T16:19:27.536+0200] {logging_mixin.py:188} INFO - [2025-10-25T16:19:27.535+0200] {dag.py:3823} INFO - Setting next_dagrun for example_dynamic_task_mapping to 2022-03-04 00:00:00+00:00, run_after=2022-03-05 00:00:00+00:00
[2025-10-25T16:19:27.544+0200] {processor.py:183} INFO - Processing /Users/youssefdaaloul/venv/dbt_snowflake/airflow_venv_39/lib/python3.11/site-packages/airflow/example_dags/example_dynamic_task_mapping.py took 0.098 seconds
[2025-10-25T16:21:27.543+0200] {processor.py:161} INFO - Started process (PID=71895) to work on /Users/youssefdaaloul/venv/dbt_snowflake/airflow_venv_39/lib/python3.11/site-packages/airflow/example_dags/example_dynamic_task_mapping.py
[2025-10-25T16:21:27.543+0200] {processor.py:830} INFO - Processing file /Users/youssefdaaloul/venv/dbt_snowflake/airflow_venv_39/lib/python3.11/site-packages/airflow/example_dags/example_dynamic_task_mapping.py for tasks to queue
[2025-10-25T16:21:27.543+0200] {logging_mixin.py:188} INFO - [2025-10-25T16:21:27.543+0200] {dagbag.py:538} INFO - Filling up the DagBag from /Users/youssefdaaloul/venv/dbt_snowflake/airflow_venv_39/lib/python3.11/site-packages/airflow/example_dags/example_dynamic_task_mapping.py
[2025-10-25T16:21:27.559+0200] {processor.py:840} INFO - DAG(s) 'example_dynamic_task_mapping' retrieved from /Users/youssefdaaloul/venv/dbt_snowflake/airflow_venv_39/lib/python3.11/site-packages/airflow/example_dags/example_dynamic_task_mapping.py
[2025-10-25T16:21:27.615+0200] {logging_mixin.py:188} INFO - [2025-10-25T16:21:27.615+0200] {dag.py:3036} INFO - Sync 1 DAGs
[2025-10-25T16:21:27.620+0200] {logging_mixin.py:188} INFO - [2025-10-25T16:21:27.620+0200] {dag.py:3823} INFO - Setting next_dagrun for example_dynamic_task_mapping to 2022-03-04 00:00:00+00:00, run_after=2022-03-05 00:00:00+00:00
[2025-10-25T16:21:27.627+0200] {processor.py:183} INFO - Processing /Users/youssefdaaloul/venv/dbt_snowflake/airflow_venv_39/lib/python3.11/site-packages/airflow/example_dags/example_dynamic_task_mapping.py took 0.085 seconds
[2025-10-25T16:23:14.707+0200] {processor.py:161} INFO - Started process (PID=71995) to work on /Users/youssefdaaloul/venv/dbt_snowflake/airflow_venv_39/lib/python3.11/site-packages/airflow/example_dags/example_dynamic_task_mapping.py
[2025-10-25T16:23:14.708+0200] {processor.py:830} INFO - Processing file /Users/youssefdaaloul/venv/dbt_snowflake/airflow_venv_39/lib/python3.11/site-packages/airflow/example_dags/example_dynamic_task_mapping.py for tasks to queue
[2025-10-25T16:23:14.708+0200] {logging_mixin.py:188} INFO - [2025-10-25T16:23:14.708+0200] {dagbag.py:538} INFO - Filling up the DagBag from /Users/youssefdaaloul/venv/dbt_snowflake/airflow_venv_39/lib/python3.11/site-packages/airflow/example_dags/example_dynamic_task_mapping.py
[2025-10-25T16:23:14.722+0200] {processor.py:840} INFO - DAG(s) 'example_dynamic_task_mapping' retrieved from /Users/youssefdaaloul/venv/dbt_snowflake/airflow_venv_39/lib/python3.11/site-packages/airflow/example_dags/example_dynamic_task_mapping.py
[2025-10-25T16:23:14.778+0200] {logging_mixin.py:188} INFO - [2025-10-25T16:23:14.778+0200] {dag.py:3036} INFO - Sync 1 DAGs
[2025-10-25T16:23:14.784+0200] {logging_mixin.py:188} INFO - [2025-10-25T16:23:14.784+0200] {dag.py:3823} INFO - Setting next_dagrun for example_dynamic_task_mapping to 2022-03-04 00:00:00+00:00, run_after=2022-03-05 00:00:00+00:00
[2025-10-25T16:23:14.790+0200] {processor.py:183} INFO - Processing /Users/youssefdaaloul/venv/dbt_snowflake/airflow_venv_39/lib/python3.11/site-packages/airflow/example_dags/example_dynamic_task_mapping.py took 0.084 seconds
[2025-10-25T16:25:04.328+0200] {processor.py:161} INFO - Started process (PID=72094) to work on /Users/youssefdaaloul/venv/dbt_snowflake/airflow_venv_39/lib/python3.11/site-packages/airflow/example_dags/example_dynamic_task_mapping.py
[2025-10-25T16:25:04.328+0200] {processor.py:830} INFO - Processing file /Users/youssefdaaloul/venv/dbt_snowflake/airflow_venv_39/lib/python3.11/site-packages/airflow/example_dags/example_dynamic_task_mapping.py for tasks to queue
[2025-10-25T16:25:04.329+0200] {logging_mixin.py:188} INFO - [2025-10-25T16:25:04.329+0200] {dagbag.py:538} INFO - Filling up the DagBag from /Users/youssefdaaloul/venv/dbt_snowflake/airflow_venv_39/lib/python3.11/site-packages/airflow/example_dags/example_dynamic_task_mapping.py
[2025-10-25T16:25:04.345+0200] {processor.py:840} INFO - DAG(s) 'example_dynamic_task_mapping' retrieved from /Users/youssefdaaloul/venv/dbt_snowflake/airflow_venv_39/lib/python3.11/site-packages/airflow/example_dags/example_dynamic_task_mapping.py
[2025-10-25T16:25:04.403+0200] {logging_mixin.py:188} INFO - [2025-10-25T16:25:04.402+0200] {dag.py:3036} INFO - Sync 1 DAGs
[2025-10-25T16:25:04.409+0200] {logging_mixin.py:188} INFO - [2025-10-25T16:25:04.408+0200] {dag.py:3823} INFO - Setting next_dagrun for example_dynamic_task_mapping to 2022-03-04 00:00:00+00:00, run_after=2022-03-05 00:00:00+00:00
[2025-10-25T16:25:04.416+0200] {processor.py:183} INFO - Processing /Users/youssefdaaloul/venv/dbt_snowflake/airflow_venv_39/lib/python3.11/site-packages/airflow/example_dags/example_dynamic_task_mapping.py took 0.088 seconds
[2025-10-25T16:26:50.540+0200] {processor.py:161} INFO - Started process (PID=72208) to work on /Users/youssefdaaloul/venv/dbt_snowflake/airflow_venv_39/lib/python3.11/site-packages/airflow/example_dags/example_dynamic_task_mapping.py
[2025-10-25T16:26:50.542+0200] {processor.py:830} INFO - Processing file /Users/youssefdaaloul/venv/dbt_snowflake/airflow_venv_39/lib/python3.11/site-packages/airflow/example_dags/example_dynamic_task_mapping.py for tasks to queue
[2025-10-25T16:26:50.542+0200] {logging_mixin.py:188} INFO - [2025-10-25T16:26:50.542+0200] {dagbag.py:538} INFO - Filling up the DagBag from /Users/youssefdaaloul/venv/dbt_snowflake/airflow_venv_39/lib/python3.11/site-packages/airflow/example_dags/example_dynamic_task_mapping.py
[2025-10-25T16:26:50.556+0200] {processor.py:840} INFO - DAG(s) 'example_dynamic_task_mapping' retrieved from /Users/youssefdaaloul/venv/dbt_snowflake/airflow_venv_39/lib/python3.11/site-packages/airflow/example_dags/example_dynamic_task_mapping.py
[2025-10-25T16:26:50.611+0200] {logging_mixin.py:188} INFO - [2025-10-25T16:26:50.611+0200] {dag.py:3036} INFO - Sync 1 DAGs
[2025-10-25T16:26:50.617+0200] {logging_mixin.py:188} INFO - [2025-10-25T16:26:50.617+0200] {dag.py:3823} INFO - Setting next_dagrun for example_dynamic_task_mapping to 2022-03-04 00:00:00+00:00, run_after=2022-03-05 00:00:00+00:00
[2025-10-25T16:26:50.624+0200] {processor.py:183} INFO - Processing /Users/youssefdaaloul/venv/dbt_snowflake/airflow_venv_39/lib/python3.11/site-packages/airflow/example_dags/example_dynamic_task_mapping.py took 0.084 seconds
[2025-10-25T16:28:47.940+0200] {processor.py:161} INFO - Started process (PID=72329) to work on /Users/youssefdaaloul/venv/dbt_snowflake/airflow_venv_39/lib/python3.11/site-packages/airflow/example_dags/example_dynamic_task_mapping.py
[2025-10-25T16:28:47.941+0200] {processor.py:830} INFO - Processing file /Users/youssefdaaloul/venv/dbt_snowflake/airflow_venv_39/lib/python3.11/site-packages/airflow/example_dags/example_dynamic_task_mapping.py for tasks to queue
[2025-10-25T16:28:47.941+0200] {logging_mixin.py:188} INFO - [2025-10-25T16:28:47.941+0200] {dagbag.py:538} INFO - Filling up the DagBag from /Users/youssefdaaloul/venv/dbt_snowflake/airflow_venv_39/lib/python3.11/site-packages/airflow/example_dags/example_dynamic_task_mapping.py
[2025-10-25T16:28:47.957+0200] {processor.py:840} INFO - DAG(s) 'example_dynamic_task_mapping' retrieved from /Users/youssefdaaloul/venv/dbt_snowflake/airflow_venv_39/lib/python3.11/site-packages/airflow/example_dags/example_dynamic_task_mapping.py
[2025-10-25T16:28:48.014+0200] {logging_mixin.py:188} INFO - [2025-10-25T16:28:48.014+0200] {dag.py:3036} INFO - Sync 1 DAGs
[2025-10-25T16:28:48.020+0200] {logging_mixin.py:188} INFO - [2025-10-25T16:28:48.020+0200] {dag.py:3823} INFO - Setting next_dagrun for example_dynamic_task_mapping to 2022-03-04 00:00:00+00:00, run_after=2022-03-05 00:00:00+00:00
[2025-10-25T16:28:48.027+0200] {processor.py:183} INFO - Processing /Users/youssefdaaloul/venv/dbt_snowflake/airflow_venv_39/lib/python3.11/site-packages/airflow/example_dags/example_dynamic_task_mapping.py took 0.088 seconds
[2025-10-25T16:30:46.804+0200] {processor.py:161} INFO - Started process (PID=72446) to work on /Users/youssefdaaloul/venv/dbt_snowflake/airflow_venv_39/lib/python3.11/site-packages/airflow/example_dags/example_dynamic_task_mapping.py
[2025-10-25T16:30:46.804+0200] {processor.py:830} INFO - Processing file /Users/youssefdaaloul/venv/dbt_snowflake/airflow_venv_39/lib/python3.11/site-packages/airflow/example_dags/example_dynamic_task_mapping.py for tasks to queue
[2025-10-25T16:30:46.804+0200] {logging_mixin.py:188} INFO - [2025-10-25T16:30:46.804+0200] {dagbag.py:538} INFO - Filling up the DagBag from /Users/youssefdaaloul/venv/dbt_snowflake/airflow_venv_39/lib/python3.11/site-packages/airflow/example_dags/example_dynamic_task_mapping.py
[2025-10-25T16:30:46.819+0200] {processor.py:840} INFO - DAG(s) 'example_dynamic_task_mapping' retrieved from /Users/youssefdaaloul/venv/dbt_snowflake/airflow_venv_39/lib/python3.11/site-packages/airflow/example_dags/example_dynamic_task_mapping.py
[2025-10-25T16:30:46.877+0200] {logging_mixin.py:188} INFO - [2025-10-25T16:30:46.877+0200] {dag.py:3036} INFO - Sync 1 DAGs
[2025-10-25T16:30:46.883+0200] {logging_mixin.py:188} INFO - [2025-10-25T16:30:46.883+0200] {dag.py:3823} INFO - Setting next_dagrun for example_dynamic_task_mapping to 2022-03-04 00:00:00+00:00, run_after=2022-03-05 00:00:00+00:00
[2025-10-25T16:30:46.890+0200] {processor.py:183} INFO - Processing /Users/youssefdaaloul/venv/dbt_snowflake/airflow_venv_39/lib/python3.11/site-packages/airflow/example_dags/example_dynamic_task_mapping.py took 0.086 seconds
[2025-10-25T16:32:38.409+0200] {processor.py:161} INFO - Started process (PID=72612) to work on /Users/youssefdaaloul/venv/dbt_snowflake/airflow_venv_39/lib/python3.11/site-packages/airflow/example_dags/example_dynamic_task_mapping.py
[2025-10-25T16:32:38.410+0200] {processor.py:830} INFO - Processing file /Users/youssefdaaloul/venv/dbt_snowflake/airflow_venv_39/lib/python3.11/site-packages/airflow/example_dags/example_dynamic_task_mapping.py for tasks to queue
[2025-10-25T16:32:38.410+0200] {logging_mixin.py:188} INFO - [2025-10-25T16:32:38.410+0200] {dagbag.py:538} INFO - Filling up the DagBag from /Users/youssefdaaloul/venv/dbt_snowflake/airflow_venv_39/lib/python3.11/site-packages/airflow/example_dags/example_dynamic_task_mapping.py
[2025-10-25T16:32:38.426+0200] {processor.py:840} INFO - DAG(s) 'example_dynamic_task_mapping' retrieved from /Users/youssefdaaloul/venv/dbt_snowflake/airflow_venv_39/lib/python3.11/site-packages/airflow/example_dags/example_dynamic_task_mapping.py
[2025-10-25T16:32:38.492+0200] {logging_mixin.py:188} INFO - [2025-10-25T16:32:38.492+0200] {dag.py:3036} INFO - Sync 1 DAGs
[2025-10-25T16:32:38.499+0200] {logging_mixin.py:188} INFO - [2025-10-25T16:32:38.499+0200] {dag.py:3823} INFO - Setting next_dagrun for example_dynamic_task_mapping to 2022-03-04 00:00:00+00:00, run_after=2022-03-05 00:00:00+00:00
[2025-10-25T16:32:38.507+0200] {processor.py:183} INFO - Processing /Users/youssefdaaloul/venv/dbt_snowflake/airflow_venv_39/lib/python3.11/site-packages/airflow/example_dags/example_dynamic_task_mapping.py took 0.098 seconds
[2025-10-25T16:34:37.662+0200] {processor.py:161} INFO - Started process (PID=72759) to work on /Users/youssefdaaloul/venv/dbt_snowflake/airflow_venv_39/lib/python3.11/site-packages/airflow/example_dags/example_dynamic_task_mapping.py
[2025-10-25T16:34:37.663+0200] {processor.py:830} INFO - Processing file /Users/youssefdaaloul/venv/dbt_snowflake/airflow_venv_39/lib/python3.11/site-packages/airflow/example_dags/example_dynamic_task_mapping.py for tasks to queue
[2025-10-25T16:34:37.663+0200] {logging_mixin.py:188} INFO - [2025-10-25T16:34:37.663+0200] {dagbag.py:538} INFO - Filling up the DagBag from /Users/youssefdaaloul/venv/dbt_snowflake/airflow_venv_39/lib/python3.11/site-packages/airflow/example_dags/example_dynamic_task_mapping.py
[2025-10-25T16:34:37.677+0200] {processor.py:840} INFO - DAG(s) 'example_dynamic_task_mapping' retrieved from /Users/youssefdaaloul/venv/dbt_snowflake/airflow_venv_39/lib/python3.11/site-packages/airflow/example_dags/example_dynamic_task_mapping.py
[2025-10-25T16:34:37.733+0200] {logging_mixin.py:188} INFO - [2025-10-25T16:34:37.732+0200] {dag.py:3036} INFO - Sync 1 DAGs
[2025-10-25T16:34:37.738+0200] {logging_mixin.py:188} INFO - [2025-10-25T16:34:37.738+0200] {dag.py:3823} INFO - Setting next_dagrun for example_dynamic_task_mapping to 2022-03-04 00:00:00+00:00, run_after=2022-03-05 00:00:00+00:00
[2025-10-25T16:34:37.745+0200] {processor.py:183} INFO - Processing /Users/youssefdaaloul/venv/dbt_snowflake/airflow_venv_39/lib/python3.11/site-packages/airflow/example_dags/example_dynamic_task_mapping.py took 0.083 seconds
[2025-10-25T16:36:35.449+0200] {processor.py:161} INFO - Started process (PID=72920) to work on /Users/youssefdaaloul/venv/dbt_snowflake/airflow_venv_39/lib/python3.11/site-packages/airflow/example_dags/example_dynamic_task_mapping.py
[2025-10-25T16:36:35.451+0200] {processor.py:830} INFO - Processing file /Users/youssefdaaloul/venv/dbt_snowflake/airflow_venv_39/lib/python3.11/site-packages/airflow/example_dags/example_dynamic_task_mapping.py for tasks to queue
[2025-10-25T16:36:35.451+0200] {logging_mixin.py:188} INFO - [2025-10-25T16:36:35.451+0200] {dagbag.py:538} INFO - Filling up the DagBag from /Users/youssefdaaloul/venv/dbt_snowflake/airflow_venv_39/lib/python3.11/site-packages/airflow/example_dags/example_dynamic_task_mapping.py
[2025-10-25T16:36:35.465+0200] {processor.py:840} INFO - DAG(s) 'example_dynamic_task_mapping' retrieved from /Users/youssefdaaloul/venv/dbt_snowflake/airflow_venv_39/lib/python3.11/site-packages/airflow/example_dags/example_dynamic_task_mapping.py
[2025-10-25T16:36:35.520+0200] {logging_mixin.py:188} INFO - [2025-10-25T16:36:35.520+0200] {dag.py:3036} INFO - Sync 1 DAGs
[2025-10-25T16:36:35.526+0200] {logging_mixin.py:188} INFO - [2025-10-25T16:36:35.526+0200] {dag.py:3823} INFO - Setting next_dagrun for example_dynamic_task_mapping to 2022-03-04 00:00:00+00:00, run_after=2022-03-05 00:00:00+00:00
[2025-10-25T16:36:35.533+0200] {processor.py:183} INFO - Processing /Users/youssefdaaloul/venv/dbt_snowflake/airflow_venv_39/lib/python3.11/site-packages/airflow/example_dags/example_dynamic_task_mapping.py took 0.084 seconds
[2025-10-25T16:44:17.642+0200] {processor.py:161} INFO - Started process (PID=73890) to work on /Users/youssefdaaloul/venv/dbt_snowflake/airflow_venv_39/lib/python3.11/site-packages/airflow/example_dags/example_dynamic_task_mapping.py
[2025-10-25T16:44:17.643+0200] {processor.py:830} INFO - Processing file /Users/youssefdaaloul/venv/dbt_snowflake/airflow_venv_39/lib/python3.11/site-packages/airflow/example_dags/example_dynamic_task_mapping.py for tasks to queue
[2025-10-25T16:44:17.643+0200] {logging_mixin.py:188} INFO - [2025-10-25T16:44:17.643+0200] {dagbag.py:538} INFO - Filling up the DagBag from /Users/youssefdaaloul/venv/dbt_snowflake/airflow_venv_39/lib/python3.11/site-packages/airflow/example_dags/example_dynamic_task_mapping.py
[2025-10-25T16:44:17.661+0200] {processor.py:840} INFO - DAG(s) 'example_dynamic_task_mapping' retrieved from /Users/youssefdaaloul/venv/dbt_snowflake/airflow_venv_39/lib/python3.11/site-packages/airflow/example_dags/example_dynamic_task_mapping.py
[2025-10-25T16:44:17.750+0200] {logging_mixin.py:188} INFO - [2025-10-25T16:44:17.749+0200] {dag.py:3036} INFO - Sync 1 DAGs
[2025-10-25T16:44:17.755+0200] {logging_mixin.py:188} INFO - [2025-10-25T16:44:17.755+0200] {dag.py:3823} INFO - Setting next_dagrun for example_dynamic_task_mapping to 2022-03-04 00:00:00+00:00, run_after=2022-03-05 00:00:00+00:00
[2025-10-25T16:44:17.762+0200] {processor.py:183} INFO - Processing /Users/youssefdaaloul/venv/dbt_snowflake/airflow_venv_39/lib/python3.11/site-packages/airflow/example_dags/example_dynamic_task_mapping.py took 0.121 seconds
[2025-10-25T16:46:12.645+0200] {processor.py:161} INFO - Started process (PID=74016) to work on /Users/youssefdaaloul/venv/dbt_snowflake/airflow_venv_39/lib/python3.11/site-packages/airflow/example_dags/example_dynamic_task_mapping.py
[2025-10-25T16:46:12.646+0200] {processor.py:830} INFO - Processing file /Users/youssefdaaloul/venv/dbt_snowflake/airflow_venv_39/lib/python3.11/site-packages/airflow/example_dags/example_dynamic_task_mapping.py for tasks to queue
[2025-10-25T16:46:12.646+0200] {logging_mixin.py:188} INFO - [2025-10-25T16:46:12.646+0200] {dagbag.py:538} INFO - Filling up the DagBag from /Users/youssefdaaloul/venv/dbt_snowflake/airflow_venv_39/lib/python3.11/site-packages/airflow/example_dags/example_dynamic_task_mapping.py
[2025-10-25T16:46:12.662+0200] {processor.py:840} INFO - DAG(s) 'example_dynamic_task_mapping' retrieved from /Users/youssefdaaloul/venv/dbt_snowflake/airflow_venv_39/lib/python3.11/site-packages/airflow/example_dags/example_dynamic_task_mapping.py
[2025-10-25T16:46:12.724+0200] {logging_mixin.py:188} INFO - [2025-10-25T16:46:12.724+0200] {dag.py:3036} INFO - Sync 1 DAGs
[2025-10-25T16:46:12.730+0200] {logging_mixin.py:188} INFO - [2025-10-25T16:46:12.730+0200] {dag.py:3823} INFO - Setting next_dagrun for example_dynamic_task_mapping to 2022-03-04 00:00:00+00:00, run_after=2022-03-05 00:00:00+00:00
[2025-10-25T16:46:12.737+0200] {processor.py:183} INFO - Processing /Users/youssefdaaloul/venv/dbt_snowflake/airflow_venv_39/lib/python3.11/site-packages/airflow/example_dags/example_dynamic_task_mapping.py took 0.093 seconds
[2025-10-25T16:48:08.539+0200] {processor.py:161} INFO - Started process (PID=74117) to work on /Users/youssefdaaloul/venv/dbt_snowflake/airflow_venv_39/lib/python3.11/site-packages/airflow/example_dags/example_dynamic_task_mapping.py
[2025-10-25T16:48:08.540+0200] {processor.py:830} INFO - Processing file /Users/youssefdaaloul/venv/dbt_snowflake/airflow_venv_39/lib/python3.11/site-packages/airflow/example_dags/example_dynamic_task_mapping.py for tasks to queue
[2025-10-25T16:48:08.540+0200] {logging_mixin.py:188} INFO - [2025-10-25T16:48:08.540+0200] {dagbag.py:538} INFO - Filling up the DagBag from /Users/youssefdaaloul/venv/dbt_snowflake/airflow_venv_39/lib/python3.11/site-packages/airflow/example_dags/example_dynamic_task_mapping.py
[2025-10-25T16:48:08.555+0200] {processor.py:840} INFO - DAG(s) 'example_dynamic_task_mapping' retrieved from /Users/youssefdaaloul/venv/dbt_snowflake/airflow_venv_39/lib/python3.11/site-packages/airflow/example_dags/example_dynamic_task_mapping.py
[2025-10-25T16:48:08.617+0200] {logging_mixin.py:188} INFO - [2025-10-25T16:48:08.617+0200] {dag.py:3036} INFO - Sync 1 DAGs
[2025-10-25T16:48:08.625+0200] {logging_mixin.py:188} INFO - [2025-10-25T16:48:08.625+0200] {dag.py:3823} INFO - Setting next_dagrun for example_dynamic_task_mapping to 2022-03-04 00:00:00+00:00, run_after=2022-03-05 00:00:00+00:00
[2025-10-25T16:48:08.633+0200] {processor.py:183} INFO - Processing /Users/youssefdaaloul/venv/dbt_snowflake/airflow_venv_39/lib/python3.11/site-packages/airflow/example_dags/example_dynamic_task_mapping.py took 0.094 seconds
[2025-10-25T16:50:00.235+0200] {processor.py:161} INFO - Started process (PID=74226) to work on /Users/youssefdaaloul/venv/dbt_snowflake/airflow_venv_39/lib/python3.11/site-packages/airflow/example_dags/example_dynamic_task_mapping.py
[2025-10-25T16:50:00.235+0200] {processor.py:830} INFO - Processing file /Users/youssefdaaloul/venv/dbt_snowflake/airflow_venv_39/lib/python3.11/site-packages/airflow/example_dags/example_dynamic_task_mapping.py for tasks to queue
[2025-10-25T16:50:00.235+0200] {logging_mixin.py:188} INFO - [2025-10-25T16:50:00.235+0200] {dagbag.py:538} INFO - Filling up the DagBag from /Users/youssefdaaloul/venv/dbt_snowflake/airflow_venv_39/lib/python3.11/site-packages/airflow/example_dags/example_dynamic_task_mapping.py
[2025-10-25T16:50:00.249+0200] {processor.py:840} INFO - DAG(s) 'example_dynamic_task_mapping' retrieved from /Users/youssefdaaloul/venv/dbt_snowflake/airflow_venv_39/lib/python3.11/site-packages/airflow/example_dags/example_dynamic_task_mapping.py
[2025-10-25T16:50:00.306+0200] {logging_mixin.py:188} INFO - [2025-10-25T16:50:00.306+0200] {dag.py:3036} INFO - Sync 1 DAGs
[2025-10-25T16:50:00.312+0200] {logging_mixin.py:188} INFO - [2025-10-25T16:50:00.312+0200] {dag.py:3823} INFO - Setting next_dagrun for example_dynamic_task_mapping to 2022-03-04 00:00:00+00:00, run_after=2022-03-05 00:00:00+00:00
[2025-10-25T16:50:00.319+0200] {processor.py:183} INFO - Processing /Users/youssefdaaloul/venv/dbt_snowflake/airflow_venv_39/lib/python3.11/site-packages/airflow/example_dags/example_dynamic_task_mapping.py took 0.085 seconds
[2025-10-25T16:51:56.422+0200] {processor.py:161} INFO - Started process (PID=74372) to work on /Users/youssefdaaloul/venv/dbt_snowflake/airflow_venv_39/lib/python3.11/site-packages/airflow/example_dags/example_dynamic_task_mapping.py
[2025-10-25T16:51:56.422+0200] {processor.py:830} INFO - Processing file /Users/youssefdaaloul/venv/dbt_snowflake/airflow_venv_39/lib/python3.11/site-packages/airflow/example_dags/example_dynamic_task_mapping.py for tasks to queue
[2025-10-25T16:51:56.423+0200] {logging_mixin.py:188} INFO - [2025-10-25T16:51:56.423+0200] {dagbag.py:538} INFO - Filling up the DagBag from /Users/youssefdaaloul/venv/dbt_snowflake/airflow_venv_39/lib/python3.11/site-packages/airflow/example_dags/example_dynamic_task_mapping.py
[2025-10-25T16:51:56.438+0200] {processor.py:840} INFO - DAG(s) 'example_dynamic_task_mapping' retrieved from /Users/youssefdaaloul/venv/dbt_snowflake/airflow_venv_39/lib/python3.11/site-packages/airflow/example_dags/example_dynamic_task_mapping.py
[2025-10-25T16:51:56.499+0200] {logging_mixin.py:188} INFO - [2025-10-25T16:51:56.499+0200] {dag.py:3036} INFO - Sync 1 DAGs
[2025-10-25T16:51:56.505+0200] {logging_mixin.py:188} INFO - [2025-10-25T16:51:56.505+0200] {dag.py:3823} INFO - Setting next_dagrun for example_dynamic_task_mapping to 2022-03-04 00:00:00+00:00, run_after=2022-03-05 00:00:00+00:00
[2025-10-25T16:51:56.512+0200] {processor.py:183} INFO - Processing /Users/youssefdaaloul/venv/dbt_snowflake/airflow_venv_39/lib/python3.11/site-packages/airflow/example_dags/example_dynamic_task_mapping.py took 0.091 seconds
