[2025-10-25T16:08:48.612+0200] {processor.py:161} INFO - Started process (PID=71210) to work on /Users/youssefdaaloul/venv/dbt_snowflake/airflow_venv_39/lib/python3.11/site-packages/airflow/example_dags/example_skip_dag.py
[2025-10-25T16:08:48.612+0200] {processor.py:830} INFO - Processing file /Users/youssefdaaloul/venv/dbt_snowflake/airflow_venv_39/lib/python3.11/site-packages/airflow/example_dags/example_skip_dag.py for tasks to queue
[2025-10-25T16:08:48.613+0200] {logging_mixin.py:188} INFO - [2025-10-25T16:08:48.613+0200] {dagbag.py:538} INFO - Filling up the DagBag from /Users/youssefdaaloul/venv/dbt_snowflake/airflow_venv_39/lib/python3.11/site-packages/airflow/example_dags/example_skip_dag.py
[2025-10-25T16:08:48.616+0200] {processor.py:840} INFO - DAG(s) 'example_skip_dag' retrieved from /Users/youssefdaaloul/venv/dbt_snowflake/airflow_venv_39/lib/python3.11/site-packages/airflow/example_dags/example_skip_dag.py
[2025-10-25T16:08:48.707+0200] {logging_mixin.py:188} INFO - [2025-10-25T16:08:48.707+0200] {dag.py:3036} INFO - Sync 1 DAGs
[2025-10-25T16:08:48.713+0200] {logging_mixin.py:188} INFO - [2025-10-25T16:08:48.713+0200] {dag.py:3823} INFO - Setting next_dagrun for example_skip_dag to 2025-10-24 00:00:00+00:00, run_after=2025-10-25 00:00:00+00:00
[2025-10-25T16:08:48.720+0200] {processor.py:183} INFO - Processing /Users/youssefdaaloul/venv/dbt_snowflake/airflow_venv_39/lib/python3.11/site-packages/airflow/example_dags/example_skip_dag.py took 0.109 seconds
[2025-10-25T16:10:21.437+0200] {processor.py:161} INFO - Started process (PID=71293) to work on /Users/youssefdaaloul/venv/dbt_snowflake/airflow_venv_39/lib/python3.11/site-packages/airflow/example_dags/example_skip_dag.py
[2025-10-25T16:10:21.438+0200] {processor.py:830} INFO - Processing file /Users/youssefdaaloul/venv/dbt_snowflake/airflow_venv_39/lib/python3.11/site-packages/airflow/example_dags/example_skip_dag.py for tasks to queue
[2025-10-25T16:10:21.438+0200] {logging_mixin.py:188} INFO - [2025-10-25T16:10:21.438+0200] {dagbag.py:538} INFO - Filling up the DagBag from /Users/youssefdaaloul/venv/dbt_snowflake/airflow_venv_39/lib/python3.11/site-packages/airflow/example_dags/example_skip_dag.py
[2025-10-25T16:10:21.441+0200] {processor.py:840} INFO - DAG(s) 'example_skip_dag' retrieved from /Users/youssefdaaloul/venv/dbt_snowflake/airflow_venv_39/lib/python3.11/site-packages/airflow/example_dags/example_skip_dag.py
[2025-10-25T16:10:21.503+0200] {logging_mixin.py:188} INFO - [2025-10-25T16:10:21.503+0200] {dag.py:3036} INFO - Sync 1 DAGs
[2025-10-25T16:10:21.509+0200] {logging_mixin.py:188} INFO - [2025-10-25T16:10:21.509+0200] {dag.py:3823} INFO - Setting next_dagrun for example_skip_dag to 2025-10-24 00:00:00+00:00, run_after=2025-10-25 00:00:00+00:00
[2025-10-25T16:10:21.517+0200] {processor.py:183} INFO - Processing /Users/youssefdaaloul/venv/dbt_snowflake/airflow_venv_39/lib/python3.11/site-packages/airflow/example_dags/example_skip_dag.py took 0.080 seconds
[2025-10-25T16:12:18.637+0200] {processor.py:161} INFO - Started process (PID=71404) to work on /Users/youssefdaaloul/venv/dbt_snowflake/airflow_venv_39/lib/python3.11/site-packages/airflow/example_dags/example_skip_dag.py
[2025-10-25T16:12:18.637+0200] {processor.py:830} INFO - Processing file /Users/youssefdaaloul/venv/dbt_snowflake/airflow_venv_39/lib/python3.11/site-packages/airflow/example_dags/example_skip_dag.py for tasks to queue
[2025-10-25T16:12:18.638+0200] {logging_mixin.py:188} INFO - [2025-10-25T16:12:18.637+0200] {dagbag.py:538} INFO - Filling up the DagBag from /Users/youssefdaaloul/venv/dbt_snowflake/airflow_venv_39/lib/python3.11/site-packages/airflow/example_dags/example_skip_dag.py
[2025-10-25T16:12:18.641+0200] {processor.py:840} INFO - DAG(s) 'example_skip_dag' retrieved from /Users/youssefdaaloul/venv/dbt_snowflake/airflow_venv_39/lib/python3.11/site-packages/airflow/example_dags/example_skip_dag.py
[2025-10-25T16:12:18.757+0200] {logging_mixin.py:188} INFO - [2025-10-25T16:12:18.757+0200] {dag.py:3036} INFO - Sync 1 DAGs
[2025-10-25T16:12:18.766+0200] {logging_mixin.py:188} INFO - [2025-10-25T16:12:18.765+0200] {dag.py:3823} INFO - Setting next_dagrun for example_skip_dag to 2025-10-24 00:00:00+00:00, run_after=2025-10-25 00:00:00+00:00
[2025-10-25T16:12:18.779+0200] {processor.py:183} INFO - Processing /Users/youssefdaaloul/venv/dbt_snowflake/airflow_venv_39/lib/python3.11/site-packages/airflow/example_dags/example_skip_dag.py took 0.143 seconds
[2025-10-25T16:14:16.685+0200] {processor.py:161} INFO - Started process (PID=71503) to work on /Users/youssefdaaloul/venv/dbt_snowflake/airflow_venv_39/lib/python3.11/site-packages/airflow/example_dags/example_skip_dag.py
[2025-10-25T16:14:16.686+0200] {processor.py:830} INFO - Processing file /Users/youssefdaaloul/venv/dbt_snowflake/airflow_venv_39/lib/python3.11/site-packages/airflow/example_dags/example_skip_dag.py for tasks to queue
[2025-10-25T16:14:16.687+0200] {logging_mixin.py:188} INFO - [2025-10-25T16:14:16.687+0200] {dagbag.py:538} INFO - Filling up the DagBag from /Users/youssefdaaloul/venv/dbt_snowflake/airflow_venv_39/lib/python3.11/site-packages/airflow/example_dags/example_skip_dag.py
[2025-10-25T16:14:16.691+0200] {processor.py:840} INFO - DAG(s) 'example_skip_dag' retrieved from /Users/youssefdaaloul/venv/dbt_snowflake/airflow_venv_39/lib/python3.11/site-packages/airflow/example_dags/example_skip_dag.py
[2025-10-25T16:14:16.753+0200] {logging_mixin.py:188} INFO - [2025-10-25T16:14:16.753+0200] {dag.py:3036} INFO - Sync 1 DAGs
[2025-10-25T16:14:16.759+0200] {logging_mixin.py:188} INFO - [2025-10-25T16:14:16.759+0200] {dag.py:3823} INFO - Setting next_dagrun for example_skip_dag to 2025-10-24 00:00:00+00:00, run_after=2025-10-25 00:00:00+00:00
[2025-10-25T16:14:16.766+0200] {processor.py:183} INFO - Processing /Users/youssefdaaloul/venv/dbt_snowflake/airflow_venv_39/lib/python3.11/site-packages/airflow/example_dags/example_skip_dag.py took 0.081 seconds
[2025-10-25T16:16:20.030+0200] {processor.py:161} INFO - Started process (PID=71618) to work on /Users/youssefdaaloul/venv/dbt_snowflake/airflow_venv_39/lib/python3.11/site-packages/airflow/example_dags/example_skip_dag.py
[2025-10-25T16:16:20.031+0200] {processor.py:830} INFO - Processing file /Users/youssefdaaloul/venv/dbt_snowflake/airflow_venv_39/lib/python3.11/site-packages/airflow/example_dags/example_skip_dag.py for tasks to queue
[2025-10-25T16:16:20.031+0200] {logging_mixin.py:188} INFO - [2025-10-25T16:16:20.031+0200] {dagbag.py:538} INFO - Filling up the DagBag from /Users/youssefdaaloul/venv/dbt_snowflake/airflow_venv_39/lib/python3.11/site-packages/airflow/example_dags/example_skip_dag.py
[2025-10-25T16:16:20.034+0200] {processor.py:840} INFO - DAG(s) 'example_skip_dag' retrieved from /Users/youssefdaaloul/venv/dbt_snowflake/airflow_venv_39/lib/python3.11/site-packages/airflow/example_dags/example_skip_dag.py
[2025-10-25T16:16:20.096+0200] {logging_mixin.py:188} INFO - [2025-10-25T16:16:20.096+0200] {dag.py:3036} INFO - Sync 1 DAGs
[2025-10-25T16:16:20.102+0200] {logging_mixin.py:188} INFO - [2025-10-25T16:16:20.102+0200] {dag.py:3823} INFO - Setting next_dagrun for example_skip_dag to 2025-10-24 00:00:00+00:00, run_after=2025-10-25 00:00:00+00:00
[2025-10-25T16:16:20.109+0200] {processor.py:183} INFO - Processing /Users/youssefdaaloul/venv/dbt_snowflake/airflow_venv_39/lib/python3.11/site-packages/airflow/example_dags/example_skip_dag.py took 0.079 seconds
[2025-10-25T16:18:20.694+0200] {processor.py:161} INFO - Started process (PID=71717) to work on /Users/youssefdaaloul/venv/dbt_snowflake/airflow_venv_39/lib/python3.11/site-packages/airflow/example_dags/example_skip_dag.py
[2025-10-25T16:18:20.695+0200] {processor.py:830} INFO - Processing file /Users/youssefdaaloul/venv/dbt_snowflake/airflow_venv_39/lib/python3.11/site-packages/airflow/example_dags/example_skip_dag.py for tasks to queue
[2025-10-25T16:18:20.696+0200] {logging_mixin.py:188} INFO - [2025-10-25T16:18:20.696+0200] {dagbag.py:538} INFO - Filling up the DagBag from /Users/youssefdaaloul/venv/dbt_snowflake/airflow_venv_39/lib/python3.11/site-packages/airflow/example_dags/example_skip_dag.py
[2025-10-25T16:18:20.699+0200] {processor.py:840} INFO - DAG(s) 'example_skip_dag' retrieved from /Users/youssefdaaloul/venv/dbt_snowflake/airflow_venv_39/lib/python3.11/site-packages/airflow/example_dags/example_skip_dag.py
[2025-10-25T16:18:20.762+0200] {logging_mixin.py:188} INFO - [2025-10-25T16:18:20.762+0200] {dag.py:3036} INFO - Sync 1 DAGs
[2025-10-25T16:18:20.768+0200] {logging_mixin.py:188} INFO - [2025-10-25T16:18:20.767+0200] {dag.py:3823} INFO - Setting next_dagrun for example_skip_dag to 2025-10-24 00:00:00+00:00, run_after=2025-10-25 00:00:00+00:00
[2025-10-25T16:18:20.776+0200] {processor.py:183} INFO - Processing /Users/youssefdaaloul/venv/dbt_snowflake/airflow_venv_39/lib/python3.11/site-packages/airflow/example_dags/example_skip_dag.py took 0.082 seconds
[2025-10-25T16:20:26.167+0200] {processor.py:161} INFO - Started process (PID=71841) to work on /Users/youssefdaaloul/venv/dbt_snowflake/airflow_venv_39/lib/python3.11/site-packages/airflow/example_dags/example_skip_dag.py
[2025-10-25T16:20:26.168+0200] {processor.py:830} INFO - Processing file /Users/youssefdaaloul/venv/dbt_snowflake/airflow_venv_39/lib/python3.11/site-packages/airflow/example_dags/example_skip_dag.py for tasks to queue
[2025-10-25T16:20:26.169+0200] {logging_mixin.py:188} INFO - [2025-10-25T16:20:26.168+0200] {dagbag.py:538} INFO - Filling up the DagBag from /Users/youssefdaaloul/venv/dbt_snowflake/airflow_venv_39/lib/python3.11/site-packages/airflow/example_dags/example_skip_dag.py
[2025-10-25T16:20:26.172+0200] {processor.py:840} INFO - DAG(s) 'example_skip_dag' retrieved from /Users/youssefdaaloul/venv/dbt_snowflake/airflow_venv_39/lib/python3.11/site-packages/airflow/example_dags/example_skip_dag.py
[2025-10-25T16:20:26.236+0200] {logging_mixin.py:188} INFO - [2025-10-25T16:20:26.235+0200] {dag.py:3036} INFO - Sync 1 DAGs
[2025-10-25T16:20:26.242+0200] {logging_mixin.py:188} INFO - [2025-10-25T16:20:26.242+0200] {dag.py:3823} INFO - Setting next_dagrun for example_skip_dag to 2025-10-24 00:00:00+00:00, run_after=2025-10-25 00:00:00+00:00
[2025-10-25T16:20:26.250+0200] {processor.py:183} INFO - Processing /Users/youssefdaaloul/venv/dbt_snowflake/airflow_venv_39/lib/python3.11/site-packages/airflow/example_dags/example_skip_dag.py took 0.083 seconds
[2025-10-25T16:22:14.756+0200] {processor.py:161} INFO - Started process (PID=71929) to work on /Users/youssefdaaloul/venv/dbt_snowflake/airflow_venv_39/lib/python3.11/site-packages/airflow/example_dags/example_skip_dag.py
[2025-10-25T16:22:14.757+0200] {processor.py:830} INFO - Processing file /Users/youssefdaaloul/venv/dbt_snowflake/airflow_venv_39/lib/python3.11/site-packages/airflow/example_dags/example_skip_dag.py for tasks to queue
[2025-10-25T16:22:14.757+0200] {logging_mixin.py:188} INFO - [2025-10-25T16:22:14.757+0200] {dagbag.py:538} INFO - Filling up the DagBag from /Users/youssefdaaloul/venv/dbt_snowflake/airflow_venv_39/lib/python3.11/site-packages/airflow/example_dags/example_skip_dag.py
[2025-10-25T16:22:14.760+0200] {processor.py:840} INFO - DAG(s) 'example_skip_dag' retrieved from /Users/youssefdaaloul/venv/dbt_snowflake/airflow_venv_39/lib/python3.11/site-packages/airflow/example_dags/example_skip_dag.py
[2025-10-25T16:22:14.817+0200] {logging_mixin.py:188} INFO - [2025-10-25T16:22:14.817+0200] {dag.py:3036} INFO - Sync 1 DAGs
[2025-10-25T16:22:14.824+0200] {logging_mixin.py:188} INFO - [2025-10-25T16:22:14.824+0200] {dag.py:3823} INFO - Setting next_dagrun for example_skip_dag to 2025-10-24 00:00:00+00:00, run_after=2025-10-25 00:00:00+00:00
[2025-10-25T16:22:14.830+0200] {processor.py:183} INFO - Processing /Users/youssefdaaloul/venv/dbt_snowflake/airflow_venv_39/lib/python3.11/site-packages/airflow/example_dags/example_skip_dag.py took 0.074 seconds
[2025-10-25T16:24:03.102+0200] {processor.py:161} INFO - Started process (PID=72032) to work on /Users/youssefdaaloul/venv/dbt_snowflake/airflow_venv_39/lib/python3.11/site-packages/airflow/example_dags/example_skip_dag.py
[2025-10-25T16:24:03.103+0200] {processor.py:830} INFO - Processing file /Users/youssefdaaloul/venv/dbt_snowflake/airflow_venv_39/lib/python3.11/site-packages/airflow/example_dags/example_skip_dag.py for tasks to queue
[2025-10-25T16:24:03.104+0200] {logging_mixin.py:188} INFO - [2025-10-25T16:24:03.103+0200] {dagbag.py:538} INFO - Filling up the DagBag from /Users/youssefdaaloul/venv/dbt_snowflake/airflow_venv_39/lib/python3.11/site-packages/airflow/example_dags/example_skip_dag.py
[2025-10-25T16:24:03.107+0200] {processor.py:840} INFO - DAG(s) 'example_skip_dag' retrieved from /Users/youssefdaaloul/venv/dbt_snowflake/airflow_venv_39/lib/python3.11/site-packages/airflow/example_dags/example_skip_dag.py
[2025-10-25T16:24:03.168+0200] {logging_mixin.py:188} INFO - [2025-10-25T16:24:03.167+0200] {dag.py:3036} INFO - Sync 1 DAGs
[2025-10-25T16:24:03.174+0200] {logging_mixin.py:188} INFO - [2025-10-25T16:24:03.174+0200] {dag.py:3823} INFO - Setting next_dagrun for example_skip_dag to 2025-10-24 00:00:00+00:00, run_after=2025-10-25 00:00:00+00:00
[2025-10-25T16:24:03.181+0200] {processor.py:183} INFO - Processing /Users/youssefdaaloul/venv/dbt_snowflake/airflow_venv_39/lib/python3.11/site-packages/airflow/example_dags/example_skip_dag.py took 0.079 seconds
[2025-10-25T16:25:53.459+0200] {processor.py:161} INFO - Started process (PID=72150) to work on /Users/youssefdaaloul/venv/dbt_snowflake/airflow_venv_39/lib/python3.11/site-packages/airflow/example_dags/example_skip_dag.py
[2025-10-25T16:25:53.459+0200] {processor.py:830} INFO - Processing file /Users/youssefdaaloul/venv/dbt_snowflake/airflow_venv_39/lib/python3.11/site-packages/airflow/example_dags/example_skip_dag.py for tasks to queue
[2025-10-25T16:25:53.459+0200] {logging_mixin.py:188} INFO - [2025-10-25T16:25:53.459+0200] {dagbag.py:538} INFO - Filling up the DagBag from /Users/youssefdaaloul/venv/dbt_snowflake/airflow_venv_39/lib/python3.11/site-packages/airflow/example_dags/example_skip_dag.py
[2025-10-25T16:25:53.462+0200] {processor.py:840} INFO - DAG(s) 'example_skip_dag' retrieved from /Users/youssefdaaloul/venv/dbt_snowflake/airflow_venv_39/lib/python3.11/site-packages/airflow/example_dags/example_skip_dag.py
[2025-10-25T16:25:53.521+0200] {logging_mixin.py:188} INFO - [2025-10-25T16:25:53.521+0200] {dag.py:3036} INFO - Sync 1 DAGs
[2025-10-25T16:25:53.528+0200] {logging_mixin.py:188} INFO - [2025-10-25T16:25:53.528+0200] {dag.py:3823} INFO - Setting next_dagrun for example_skip_dag to 2025-10-24 00:00:00+00:00, run_after=2025-10-25 00:00:00+00:00
[2025-10-25T16:25:53.534+0200] {processor.py:183} INFO - Processing /Users/youssefdaaloul/venv/dbt_snowflake/airflow_venv_39/lib/python3.11/site-packages/airflow/example_dags/example_skip_dag.py took 0.076 seconds
[2025-10-25T16:27:41.460+0200] {processor.py:161} INFO - Started process (PID=72259) to work on /Users/youssefdaaloul/venv/dbt_snowflake/airflow_venv_39/lib/python3.11/site-packages/airflow/example_dags/example_skip_dag.py
[2025-10-25T16:27:41.460+0200] {processor.py:830} INFO - Processing file /Users/youssefdaaloul/venv/dbt_snowflake/airflow_venv_39/lib/python3.11/site-packages/airflow/example_dags/example_skip_dag.py for tasks to queue
[2025-10-25T16:27:41.461+0200] {logging_mixin.py:188} INFO - [2025-10-25T16:27:41.460+0200] {dagbag.py:538} INFO - Filling up the DagBag from /Users/youssefdaaloul/venv/dbt_snowflake/airflow_venv_39/lib/python3.11/site-packages/airflow/example_dags/example_skip_dag.py
[2025-10-25T16:27:41.464+0200] {processor.py:840} INFO - DAG(s) 'example_skip_dag' retrieved from /Users/youssefdaaloul/venv/dbt_snowflake/airflow_venv_39/lib/python3.11/site-packages/airflow/example_dags/example_skip_dag.py
[2025-10-25T16:27:41.529+0200] {logging_mixin.py:188} INFO - [2025-10-25T16:27:41.529+0200] {dag.py:3036} INFO - Sync 1 DAGs
[2025-10-25T16:27:41.537+0200] {logging_mixin.py:188} INFO - [2025-10-25T16:27:41.537+0200] {dag.py:3823} INFO - Setting next_dagrun for example_skip_dag to 2025-10-24 00:00:00+00:00, run_after=2025-10-25 00:00:00+00:00
[2025-10-25T16:27:41.544+0200] {processor.py:183} INFO - Processing /Users/youssefdaaloul/venv/dbt_snowflake/airflow_venv_39/lib/python3.11/site-packages/airflow/example_dags/example_skip_dag.py took 0.085 seconds
[2025-10-25T16:29:38.788+0200] {processor.py:161} INFO - Started process (PID=72373) to work on /Users/youssefdaaloul/venv/dbt_snowflake/airflow_venv_39/lib/python3.11/site-packages/airflow/example_dags/example_skip_dag.py
[2025-10-25T16:29:38.789+0200] {processor.py:830} INFO - Processing file /Users/youssefdaaloul/venv/dbt_snowflake/airflow_venv_39/lib/python3.11/site-packages/airflow/example_dags/example_skip_dag.py for tasks to queue
[2025-10-25T16:29:38.789+0200] {logging_mixin.py:188} INFO - [2025-10-25T16:29:38.789+0200] {dagbag.py:538} INFO - Filling up the DagBag from /Users/youssefdaaloul/venv/dbt_snowflake/airflow_venv_39/lib/python3.11/site-packages/airflow/example_dags/example_skip_dag.py
[2025-10-25T16:29:38.793+0200] {processor.py:840} INFO - DAG(s) 'example_skip_dag' retrieved from /Users/youssefdaaloul/venv/dbt_snowflake/airflow_venv_39/lib/python3.11/site-packages/airflow/example_dags/example_skip_dag.py
[2025-10-25T16:29:38.854+0200] {logging_mixin.py:188} INFO - [2025-10-25T16:29:38.854+0200] {dag.py:3036} INFO - Sync 1 DAGs
[2025-10-25T16:29:38.860+0200] {logging_mixin.py:188} INFO - [2025-10-25T16:29:38.860+0200] {dag.py:3823} INFO - Setting next_dagrun for example_skip_dag to 2025-10-24 00:00:00+00:00, run_after=2025-10-25 00:00:00+00:00
[2025-10-25T16:29:38.867+0200] {processor.py:183} INFO - Processing /Users/youssefdaaloul/venv/dbt_snowflake/airflow_venv_39/lib/python3.11/site-packages/airflow/example_dags/example_skip_dag.py took 0.079 seconds
[2025-10-25T16:31:34.677+0200] {processor.py:161} INFO - Started process (PID=72553) to work on /Users/youssefdaaloul/venv/dbt_snowflake/airflow_venv_39/lib/python3.11/site-packages/airflow/example_dags/example_skip_dag.py
[2025-10-25T16:31:34.677+0200] {processor.py:830} INFO - Processing file /Users/youssefdaaloul/venv/dbt_snowflake/airflow_venv_39/lib/python3.11/site-packages/airflow/example_dags/example_skip_dag.py for tasks to queue
[2025-10-25T16:31:34.678+0200] {logging_mixin.py:188} INFO - [2025-10-25T16:31:34.678+0200] {dagbag.py:538} INFO - Filling up the DagBag from /Users/youssefdaaloul/venv/dbt_snowflake/airflow_venv_39/lib/python3.11/site-packages/airflow/example_dags/example_skip_dag.py
[2025-10-25T16:31:34.681+0200] {processor.py:840} INFO - DAG(s) 'example_skip_dag' retrieved from /Users/youssefdaaloul/venv/dbt_snowflake/airflow_venv_39/lib/python3.11/site-packages/airflow/example_dags/example_skip_dag.py
[2025-10-25T16:31:34.745+0200] {logging_mixin.py:188} INFO - [2025-10-25T16:31:34.745+0200] {dag.py:3036} INFO - Sync 1 DAGs
[2025-10-25T16:31:34.751+0200] {logging_mixin.py:188} INFO - [2025-10-25T16:31:34.751+0200] {dag.py:3823} INFO - Setting next_dagrun for example_skip_dag to 2025-10-24 00:00:00+00:00, run_after=2025-10-25 00:00:00+00:00
[2025-10-25T16:31:34.759+0200] {processor.py:183} INFO - Processing /Users/youssefdaaloul/venv/dbt_snowflake/airflow_venv_39/lib/python3.11/site-packages/airflow/example_dags/example_skip_dag.py took 0.082 seconds
[2025-10-25T16:33:31.486+0200] {processor.py:161} INFO - Started process (PID=72689) to work on /Users/youssefdaaloul/venv/dbt_snowflake/airflow_venv_39/lib/python3.11/site-packages/airflow/example_dags/example_skip_dag.py
[2025-10-25T16:33:31.487+0200] {processor.py:830} INFO - Processing file /Users/youssefdaaloul/venv/dbt_snowflake/airflow_venv_39/lib/python3.11/site-packages/airflow/example_dags/example_skip_dag.py for tasks to queue
[2025-10-25T16:33:31.487+0200] {logging_mixin.py:188} INFO - [2025-10-25T16:33:31.487+0200] {dagbag.py:538} INFO - Filling up the DagBag from /Users/youssefdaaloul/venv/dbt_snowflake/airflow_venv_39/lib/python3.11/site-packages/airflow/example_dags/example_skip_dag.py
[2025-10-25T16:33:31.490+0200] {processor.py:840} INFO - DAG(s) 'example_skip_dag' retrieved from /Users/youssefdaaloul/venv/dbt_snowflake/airflow_venv_39/lib/python3.11/site-packages/airflow/example_dags/example_skip_dag.py
[2025-10-25T16:33:31.551+0200] {logging_mixin.py:188} INFO - [2025-10-25T16:33:31.550+0200] {dag.py:3036} INFO - Sync 1 DAGs
[2025-10-25T16:33:31.556+0200] {logging_mixin.py:188} INFO - [2025-10-25T16:33:31.556+0200] {dag.py:3823} INFO - Setting next_dagrun for example_skip_dag to 2025-10-24 00:00:00+00:00, run_after=2025-10-25 00:00:00+00:00
[2025-10-25T16:33:31.563+0200] {processor.py:183} INFO - Processing /Users/youssefdaaloul/venv/dbt_snowflake/airflow_venv_39/lib/python3.11/site-packages/airflow/example_dags/example_skip_dag.py took 0.078 seconds
[2025-10-25T16:35:29.825+0200] {processor.py:161} INFO - Started process (PID=72839) to work on /Users/youssefdaaloul/venv/dbt_snowflake/airflow_venv_39/lib/python3.11/site-packages/airflow/example_dags/example_skip_dag.py
[2025-10-25T16:35:29.826+0200] {processor.py:830} INFO - Processing file /Users/youssefdaaloul/venv/dbt_snowflake/airflow_venv_39/lib/python3.11/site-packages/airflow/example_dags/example_skip_dag.py for tasks to queue
[2025-10-25T16:35:29.826+0200] {logging_mixin.py:188} INFO - [2025-10-25T16:35:29.826+0200] {dagbag.py:538} INFO - Filling up the DagBag from /Users/youssefdaaloul/venv/dbt_snowflake/airflow_venv_39/lib/python3.11/site-packages/airflow/example_dags/example_skip_dag.py
[2025-10-25T16:35:29.830+0200] {processor.py:840} INFO - DAG(s) 'example_skip_dag' retrieved from /Users/youssefdaaloul/venv/dbt_snowflake/airflow_venv_39/lib/python3.11/site-packages/airflow/example_dags/example_skip_dag.py
[2025-10-25T16:35:29.894+0200] {logging_mixin.py:188} INFO - [2025-10-25T16:35:29.893+0200] {dag.py:3036} INFO - Sync 1 DAGs
[2025-10-25T16:35:29.900+0200] {logging_mixin.py:188} INFO - [2025-10-25T16:35:29.900+0200] {dag.py:3823} INFO - Setting next_dagrun for example_skip_dag to 2025-10-24 00:00:00+00:00, run_after=2025-10-25 00:00:00+00:00
[2025-10-25T16:35:29.908+0200] {processor.py:183} INFO - Processing /Users/youssefdaaloul/venv/dbt_snowflake/airflow_venv_39/lib/python3.11/site-packages/airflow/example_dags/example_skip_dag.py took 0.083 seconds
[2025-10-25T16:43:10.507+0200] {processor.py:161} INFO - Started process (PID=73701) to work on /Users/youssefdaaloul/venv/dbt_snowflake/airflow_venv_39/lib/python3.11/site-packages/airflow/example_dags/example_skip_dag.py
[2025-10-25T16:43:10.508+0200] {processor.py:830} INFO - Processing file /Users/youssefdaaloul/venv/dbt_snowflake/airflow_venv_39/lib/python3.11/site-packages/airflow/example_dags/example_skip_dag.py for tasks to queue
[2025-10-25T16:43:10.508+0200] {logging_mixin.py:188} INFO - [2025-10-25T16:43:10.508+0200] {dagbag.py:538} INFO - Filling up the DagBag from /Users/youssefdaaloul/venv/dbt_snowflake/airflow_venv_39/lib/python3.11/site-packages/airflow/example_dags/example_skip_dag.py
[2025-10-25T16:43:10.511+0200] {processor.py:840} INFO - DAG(s) 'example_skip_dag' retrieved from /Users/youssefdaaloul/venv/dbt_snowflake/airflow_venv_39/lib/python3.11/site-packages/airflow/example_dags/example_skip_dag.py
[2025-10-25T16:43:10.568+0200] {logging_mixin.py:188} INFO - [2025-10-25T16:43:10.568+0200] {dag.py:3036} INFO - Sync 1 DAGs
[2025-10-25T16:43:10.573+0200] {logging_mixin.py:188} INFO - [2025-10-25T16:43:10.573+0200] {dag.py:3823} INFO - Setting next_dagrun for example_skip_dag to 2025-10-24 00:00:00+00:00, run_after=2025-10-25 00:00:00+00:00
[2025-10-25T16:43:10.580+0200] {processor.py:183} INFO - Processing /Users/youssefdaaloul/venv/dbt_snowflake/airflow_venv_39/lib/python3.11/site-packages/airflow/example_dags/example_skip_dag.py took 0.073 seconds
[2025-10-25T16:45:04.524+0200] {processor.py:161} INFO - Started process (PID=73957) to work on /Users/youssefdaaloul/venv/dbt_snowflake/airflow_venv_39/lib/python3.11/site-packages/airflow/example_dags/example_skip_dag.py
[2025-10-25T16:45:04.525+0200] {processor.py:830} INFO - Processing file /Users/youssefdaaloul/venv/dbt_snowflake/airflow_venv_39/lib/python3.11/site-packages/airflow/example_dags/example_skip_dag.py for tasks to queue
[2025-10-25T16:45:04.526+0200] {logging_mixin.py:188} INFO - [2025-10-25T16:45:04.526+0200] {dagbag.py:538} INFO - Filling up the DagBag from /Users/youssefdaaloul/venv/dbt_snowflake/airflow_venv_39/lib/python3.11/site-packages/airflow/example_dags/example_skip_dag.py
[2025-10-25T16:45:04.529+0200] {processor.py:840} INFO - DAG(s) 'example_skip_dag' retrieved from /Users/youssefdaaloul/venv/dbt_snowflake/airflow_venv_39/lib/python3.11/site-packages/airflow/example_dags/example_skip_dag.py
[2025-10-25T16:45:04.586+0200] {logging_mixin.py:188} INFO - [2025-10-25T16:45:04.586+0200] {dag.py:3036} INFO - Sync 1 DAGs
[2025-10-25T16:45:04.592+0200] {logging_mixin.py:188} INFO - [2025-10-25T16:45:04.592+0200] {dag.py:3823} INFO - Setting next_dagrun for example_skip_dag to 2025-10-24 00:00:00+00:00, run_after=2025-10-25 00:00:00+00:00
[2025-10-25T16:45:04.599+0200] {processor.py:183} INFO - Processing /Users/youssefdaaloul/venv/dbt_snowflake/airflow_venv_39/lib/python3.11/site-packages/airflow/example_dags/example_skip_dag.py took 0.075 seconds
[2025-10-25T16:47:04.705+0200] {processor.py:161} INFO - Started process (PID=74057) to work on /Users/youssefdaaloul/venv/dbt_snowflake/airflow_venv_39/lib/python3.11/site-packages/airflow/example_dags/example_skip_dag.py
[2025-10-25T16:47:04.706+0200] {processor.py:830} INFO - Processing file /Users/youssefdaaloul/venv/dbt_snowflake/airflow_venv_39/lib/python3.11/site-packages/airflow/example_dags/example_skip_dag.py for tasks to queue
[2025-10-25T16:47:04.706+0200] {logging_mixin.py:188} INFO - [2025-10-25T16:47:04.706+0200] {dagbag.py:538} INFO - Filling up the DagBag from /Users/youssefdaaloul/venv/dbt_snowflake/airflow_venv_39/lib/python3.11/site-packages/airflow/example_dags/example_skip_dag.py
[2025-10-25T16:47:04.709+0200] {processor.py:840} INFO - DAG(s) 'example_skip_dag' retrieved from /Users/youssefdaaloul/venv/dbt_snowflake/airflow_venv_39/lib/python3.11/site-packages/airflow/example_dags/example_skip_dag.py
[2025-10-25T16:47:04.768+0200] {logging_mixin.py:188} INFO - [2025-10-25T16:47:04.768+0200] {dag.py:3036} INFO - Sync 1 DAGs
[2025-10-25T16:47:04.773+0200] {logging_mixin.py:188} INFO - [2025-10-25T16:47:04.773+0200] {dag.py:3823} INFO - Setting next_dagrun for example_skip_dag to 2025-10-24 00:00:00+00:00, run_after=2025-10-25 00:00:00+00:00
[2025-10-25T16:47:04.780+0200] {processor.py:183} INFO - Processing /Users/youssefdaaloul/venv/dbt_snowflake/airflow_venv_39/lib/python3.11/site-packages/airflow/example_dags/example_skip_dag.py took 0.076 seconds
[2025-10-25T16:48:53.216+0200] {processor.py:161} INFO - Started process (PID=74165) to work on /Users/youssefdaaloul/venv/dbt_snowflake/airflow_venv_39/lib/python3.11/site-packages/airflow/example_dags/example_skip_dag.py
[2025-10-25T16:48:53.216+0200] {processor.py:830} INFO - Processing file /Users/youssefdaaloul/venv/dbt_snowflake/airflow_venv_39/lib/python3.11/site-packages/airflow/example_dags/example_skip_dag.py for tasks to queue
[2025-10-25T16:48:53.217+0200] {logging_mixin.py:188} INFO - [2025-10-25T16:48:53.217+0200] {dagbag.py:538} INFO - Filling up the DagBag from /Users/youssefdaaloul/venv/dbt_snowflake/airflow_venv_39/lib/python3.11/site-packages/airflow/example_dags/example_skip_dag.py
[2025-10-25T16:48:53.220+0200] {processor.py:840} INFO - DAG(s) 'example_skip_dag' retrieved from /Users/youssefdaaloul/venv/dbt_snowflake/airflow_venv_39/lib/python3.11/site-packages/airflow/example_dags/example_skip_dag.py
[2025-10-25T16:48:53.276+0200] {logging_mixin.py:188} INFO - [2025-10-25T16:48:53.276+0200] {dag.py:3036} INFO - Sync 1 DAGs
[2025-10-25T16:48:53.281+0200] {logging_mixin.py:188} INFO - [2025-10-25T16:48:53.281+0200] {dag.py:3823} INFO - Setting next_dagrun for example_skip_dag to 2025-10-24 00:00:00+00:00, run_after=2025-10-25 00:00:00+00:00
[2025-10-25T16:48:53.288+0200] {processor.py:183} INFO - Processing /Users/youssefdaaloul/venv/dbt_snowflake/airflow_venv_39/lib/python3.11/site-packages/airflow/example_dags/example_skip_dag.py took 0.073 seconds
[2025-10-25T16:50:51.349+0200] {processor.py:161} INFO - Started process (PID=74263) to work on /Users/youssefdaaloul/venv/dbt_snowflake/airflow_venv_39/lib/python3.11/site-packages/airflow/example_dags/example_skip_dag.py
[2025-10-25T16:50:51.350+0200] {processor.py:830} INFO - Processing file /Users/youssefdaaloul/venv/dbt_snowflake/airflow_venv_39/lib/python3.11/site-packages/airflow/example_dags/example_skip_dag.py for tasks to queue
[2025-10-25T16:50:51.350+0200] {logging_mixin.py:188} INFO - [2025-10-25T16:50:51.350+0200] {dagbag.py:538} INFO - Filling up the DagBag from /Users/youssefdaaloul/venv/dbt_snowflake/airflow_venv_39/lib/python3.11/site-packages/airflow/example_dags/example_skip_dag.py
[2025-10-25T16:50:51.354+0200] {processor.py:840} INFO - DAG(s) 'example_skip_dag' retrieved from /Users/youssefdaaloul/venv/dbt_snowflake/airflow_venv_39/lib/python3.11/site-packages/airflow/example_dags/example_skip_dag.py
[2025-10-25T16:50:51.416+0200] {logging_mixin.py:188} INFO - [2025-10-25T16:50:51.416+0200] {dag.py:3036} INFO - Sync 1 DAGs
[2025-10-25T16:50:51.421+0200] {logging_mixin.py:188} INFO - [2025-10-25T16:50:51.421+0200] {dag.py:3823} INFO - Setting next_dagrun for example_skip_dag to 2025-10-24 00:00:00+00:00, run_after=2025-10-25 00:00:00+00:00
[2025-10-25T16:50:51.431+0200] {processor.py:183} INFO - Processing /Users/youssefdaaloul/venv/dbt_snowflake/airflow_venv_39/lib/python3.11/site-packages/airflow/example_dags/example_skip_dag.py took 0.082 seconds
