[2025-10-25T16:09:41.312+0200] {processor.py:161} INFO - Started process (PID=71252) to work on /Users/youssefdaaloul/venv/dbt_snowflake/airflow_venv_39/lib/python3.11/site-packages/airflow/example_dags/example_bash_operator.py
[2025-10-25T16:09:41.313+0200] {processor.py:830} INFO - Processing file /Users/youssefdaaloul/venv/dbt_snowflake/airflow_venv_39/lib/python3.11/site-packages/airflow/example_dags/example_bash_operator.py for tasks to queue
[2025-10-25T16:09:41.313+0200] {logging_mixin.py:188} INFO - [2025-10-25T16:09:41.313+0200] {dagbag.py:538} INFO - Filling up the DagBag from /Users/youssefdaaloul/venv/dbt_snowflake/airflow_venv_39/lib/python3.11/site-packages/airflow/example_dags/example_bash_operator.py
[2025-10-25T16:09:41.318+0200] {processor.py:840} INFO - DAG(s) 'example_bash_operator' retrieved from /Users/youssefdaaloul/venv/dbt_snowflake/airflow_venv_39/lib/python3.11/site-packages/airflow/example_dags/example_bash_operator.py
[2025-10-25T16:09:41.410+0200] {logging_mixin.py:188} INFO - [2025-10-25T16:09:41.409+0200] {dag.py:3036} INFO - Sync 1 DAGs
[2025-10-25T16:09:41.416+0200] {logging_mixin.py:188} INFO - [2025-10-25T16:09:41.416+0200] {dag.py:3823} INFO - Setting next_dagrun for example_bash_operator to 2025-10-24 00:00:00+00:00, run_after=2025-10-25 00:00:00+00:00
[2025-10-25T16:09:41.424+0200] {processor.py:183} INFO - Processing /Users/youssefdaaloul/venv/dbt_snowflake/airflow_venv_39/lib/python3.11/site-packages/airflow/example_dags/example_bash_operator.py took 0.112 seconds
[2025-10-25T16:11:41.845+0200] {processor.py:161} INFO - Started process (PID=71371) to work on /Users/youssefdaaloul/venv/dbt_snowflake/airflow_venv_39/lib/python3.11/site-packages/airflow/example_dags/example_bash_operator.py
[2025-10-25T16:11:41.845+0200] {processor.py:830} INFO - Processing file /Users/youssefdaaloul/venv/dbt_snowflake/airflow_venv_39/lib/python3.11/site-packages/airflow/example_dags/example_bash_operator.py for tasks to queue
[2025-10-25T16:11:41.846+0200] {logging_mixin.py:188} INFO - [2025-10-25T16:11:41.845+0200] {dagbag.py:538} INFO - Filling up the DagBag from /Users/youssefdaaloul/venv/dbt_snowflake/airflow_venv_39/lib/python3.11/site-packages/airflow/example_dags/example_bash_operator.py
[2025-10-25T16:11:41.851+0200] {processor.py:840} INFO - DAG(s) 'example_bash_operator' retrieved from /Users/youssefdaaloul/venv/dbt_snowflake/airflow_venv_39/lib/python3.11/site-packages/airflow/example_dags/example_bash_operator.py
[2025-10-25T16:11:41.911+0200] {logging_mixin.py:188} INFO - [2025-10-25T16:11:41.911+0200] {dag.py:3036} INFO - Sync 1 DAGs
[2025-10-25T16:11:41.917+0200] {logging_mixin.py:188} INFO - [2025-10-25T16:11:41.917+0200] {dag.py:3823} INFO - Setting next_dagrun for example_bash_operator to 2025-10-24 00:00:00+00:00, run_after=2025-10-25 00:00:00+00:00
[2025-10-25T16:11:41.924+0200] {processor.py:183} INFO - Processing /Users/youssefdaaloul/venv/dbt_snowflake/airflow_venv_39/lib/python3.11/site-packages/airflow/example_dags/example_bash_operator.py took 0.080 seconds
[2025-10-25T16:13:39.847+0200] {processor.py:161} INFO - Started process (PID=71471) to work on /Users/youssefdaaloul/venv/dbt_snowflake/airflow_venv_39/lib/python3.11/site-packages/airflow/example_dags/example_bash_operator.py
[2025-10-25T16:13:39.848+0200] {processor.py:830} INFO - Processing file /Users/youssefdaaloul/venv/dbt_snowflake/airflow_venv_39/lib/python3.11/site-packages/airflow/example_dags/example_bash_operator.py for tasks to queue
[2025-10-25T16:13:39.848+0200] {logging_mixin.py:188} INFO - [2025-10-25T16:13:39.848+0200] {dagbag.py:538} INFO - Filling up the DagBag from /Users/youssefdaaloul/venv/dbt_snowflake/airflow_venv_39/lib/python3.11/site-packages/airflow/example_dags/example_bash_operator.py
[2025-10-25T16:13:39.853+0200] {processor.py:840} INFO - DAG(s) 'example_bash_operator' retrieved from /Users/youssefdaaloul/venv/dbt_snowflake/airflow_venv_39/lib/python3.11/site-packages/airflow/example_dags/example_bash_operator.py
[2025-10-25T16:13:39.922+0200] {logging_mixin.py:188} INFO - [2025-10-25T16:13:39.922+0200] {dag.py:3036} INFO - Sync 1 DAGs
[2025-10-25T16:13:39.929+0200] {logging_mixin.py:188} INFO - [2025-10-25T16:13:39.929+0200] {dag.py:3823} INFO - Setting next_dagrun for example_bash_operator to 2025-10-24 00:00:00+00:00, run_after=2025-10-25 00:00:00+00:00
[2025-10-25T16:13:39.937+0200] {processor.py:183} INFO - Processing /Users/youssefdaaloul/venv/dbt_snowflake/airflow_venv_39/lib/python3.11/site-packages/airflow/example_dags/example_bash_operator.py took 0.090 seconds
[2025-10-25T16:15:44.463+0200] {processor.py:161} INFO - Started process (PID=71584) to work on /Users/youssefdaaloul/venv/dbt_snowflake/airflow_venv_39/lib/python3.11/site-packages/airflow/example_dags/example_bash_operator.py
[2025-10-25T16:15:44.464+0200] {processor.py:830} INFO - Processing file /Users/youssefdaaloul/venv/dbt_snowflake/airflow_venv_39/lib/python3.11/site-packages/airflow/example_dags/example_bash_operator.py for tasks to queue
[2025-10-25T16:15:44.464+0200] {logging_mixin.py:188} INFO - [2025-10-25T16:15:44.464+0200] {dagbag.py:538} INFO - Filling up the DagBag from /Users/youssefdaaloul/venv/dbt_snowflake/airflow_venv_39/lib/python3.11/site-packages/airflow/example_dags/example_bash_operator.py
[2025-10-25T16:15:44.469+0200] {processor.py:840} INFO - DAG(s) 'example_bash_operator' retrieved from /Users/youssefdaaloul/venv/dbt_snowflake/airflow_venv_39/lib/python3.11/site-packages/airflow/example_dags/example_bash_operator.py
[2025-10-25T16:15:44.530+0200] {logging_mixin.py:188} INFO - [2025-10-25T16:15:44.530+0200] {dag.py:3036} INFO - Sync 1 DAGs
[2025-10-25T16:15:44.537+0200] {logging_mixin.py:188} INFO - [2025-10-25T16:15:44.537+0200] {dag.py:3823} INFO - Setting next_dagrun for example_bash_operator to 2025-10-24 00:00:00+00:00, run_after=2025-10-25 00:00:00+00:00
[2025-10-25T16:15:44.543+0200] {processor.py:183} INFO - Processing /Users/youssefdaaloul/venv/dbt_snowflake/airflow_venv_39/lib/python3.11/site-packages/airflow/example_dags/example_bash_operator.py took 0.080 seconds
[2025-10-25T16:17:43.206+0200] {processor.py:161} INFO - Started process (PID=71682) to work on /Users/youssefdaaloul/venv/dbt_snowflake/airflow_venv_39/lib/python3.11/site-packages/airflow/example_dags/example_bash_operator.py
[2025-10-25T16:17:43.206+0200] {processor.py:830} INFO - Processing file /Users/youssefdaaloul/venv/dbt_snowflake/airflow_venv_39/lib/python3.11/site-packages/airflow/example_dags/example_bash_operator.py for tasks to queue
[2025-10-25T16:17:43.207+0200] {logging_mixin.py:188} INFO - [2025-10-25T16:17:43.207+0200] {dagbag.py:538} INFO - Filling up the DagBag from /Users/youssefdaaloul/venv/dbt_snowflake/airflow_venv_39/lib/python3.11/site-packages/airflow/example_dags/example_bash_operator.py
[2025-10-25T16:17:43.211+0200] {processor.py:840} INFO - DAG(s) 'example_bash_operator' retrieved from /Users/youssefdaaloul/venv/dbt_snowflake/airflow_venv_39/lib/python3.11/site-packages/airflow/example_dags/example_bash_operator.py
[2025-10-25T16:17:43.278+0200] {logging_mixin.py:188} INFO - [2025-10-25T16:17:43.278+0200] {dag.py:3036} INFO - Sync 1 DAGs
[2025-10-25T16:17:43.285+0200] {logging_mixin.py:188} INFO - [2025-10-25T16:17:43.285+0200] {dag.py:3823} INFO - Setting next_dagrun for example_bash_operator to 2025-10-24 00:00:00+00:00, run_after=2025-10-25 00:00:00+00:00
[2025-10-25T16:17:43.292+0200] {processor.py:183} INFO - Processing /Users/youssefdaaloul/venv/dbt_snowflake/airflow_venv_39/lib/python3.11/site-packages/airflow/example_dags/example_bash_operator.py took 0.087 seconds
[2025-10-25T16:19:47.837+0200] {processor.py:161} INFO - Started process (PID=71801) to work on /Users/youssefdaaloul/venv/dbt_snowflake/airflow_venv_39/lib/python3.11/site-packages/airflow/example_dags/example_bash_operator.py
[2025-10-25T16:19:47.837+0200] {processor.py:830} INFO - Processing file /Users/youssefdaaloul/venv/dbt_snowflake/airflow_venv_39/lib/python3.11/site-packages/airflow/example_dags/example_bash_operator.py for tasks to queue
[2025-10-25T16:19:47.838+0200] {logging_mixin.py:188} INFO - [2025-10-25T16:19:47.837+0200] {dagbag.py:538} INFO - Filling up the DagBag from /Users/youssefdaaloul/venv/dbt_snowflake/airflow_venv_39/lib/python3.11/site-packages/airflow/example_dags/example_bash_operator.py
[2025-10-25T16:19:47.843+0200] {processor.py:840} INFO - DAG(s) 'example_bash_operator' retrieved from /Users/youssefdaaloul/venv/dbt_snowflake/airflow_venv_39/lib/python3.11/site-packages/airflow/example_dags/example_bash_operator.py
[2025-10-25T16:19:47.908+0200] {logging_mixin.py:188} INFO - [2025-10-25T16:19:47.908+0200] {dag.py:3036} INFO - Sync 1 DAGs
[2025-10-25T16:19:47.914+0200] {logging_mixin.py:188} INFO - [2025-10-25T16:19:47.914+0200] {dag.py:3823} INFO - Setting next_dagrun for example_bash_operator to 2025-10-24 00:00:00+00:00, run_after=2025-10-25 00:00:00+00:00
[2025-10-25T16:19:47.922+0200] {processor.py:183} INFO - Processing /Users/youssefdaaloul/venv/dbt_snowflake/airflow_venv_39/lib/python3.11/site-packages/airflow/example_dags/example_bash_operator.py took 0.085 seconds
[2025-10-25T16:21:45.214+0200] {processor.py:161} INFO - Started process (PID=71906) to work on /Users/youssefdaaloul/venv/dbt_snowflake/airflow_venv_39/lib/python3.11/site-packages/airflow/example_dags/example_bash_operator.py
[2025-10-25T16:21:45.215+0200] {processor.py:830} INFO - Processing file /Users/youssefdaaloul/venv/dbt_snowflake/airflow_venv_39/lib/python3.11/site-packages/airflow/example_dags/example_bash_operator.py for tasks to queue
[2025-10-25T16:21:45.215+0200] {logging_mixin.py:188} INFO - [2025-10-25T16:21:45.215+0200] {dagbag.py:538} INFO - Filling up the DagBag from /Users/youssefdaaloul/venv/dbt_snowflake/airflow_venv_39/lib/python3.11/site-packages/airflow/example_dags/example_bash_operator.py
[2025-10-25T16:21:45.221+0200] {processor.py:840} INFO - DAG(s) 'example_bash_operator' retrieved from /Users/youssefdaaloul/venv/dbt_snowflake/airflow_venv_39/lib/python3.11/site-packages/airflow/example_dags/example_bash_operator.py
[2025-10-25T16:21:45.284+0200] {logging_mixin.py:188} INFO - [2025-10-25T16:21:45.284+0200] {dag.py:3036} INFO - Sync 1 DAGs
[2025-10-25T16:21:45.289+0200] {logging_mixin.py:188} INFO - [2025-10-25T16:21:45.289+0200] {dag.py:3823} INFO - Setting next_dagrun for example_bash_operator to 2025-10-24 00:00:00+00:00, run_after=2025-10-25 00:00:00+00:00
[2025-10-25T16:21:45.296+0200] {processor.py:183} INFO - Processing /Users/youssefdaaloul/venv/dbt_snowflake/airflow_venv_39/lib/python3.11/site-packages/airflow/example_dags/example_bash_operator.py took 0.082 seconds
[2025-10-25T16:23:32.214+0200] {processor.py:161} INFO - Started process (PID=72011) to work on /Users/youssefdaaloul/venv/dbt_snowflake/airflow_venv_39/lib/python3.11/site-packages/airflow/example_dags/example_bash_operator.py
[2025-10-25T16:23:32.215+0200] {processor.py:830} INFO - Processing file /Users/youssefdaaloul/venv/dbt_snowflake/airflow_venv_39/lib/python3.11/site-packages/airflow/example_dags/example_bash_operator.py for tasks to queue
[2025-10-25T16:23:32.215+0200] {logging_mixin.py:188} INFO - [2025-10-25T16:23:32.215+0200] {dagbag.py:538} INFO - Filling up the DagBag from /Users/youssefdaaloul/venv/dbt_snowflake/airflow_venv_39/lib/python3.11/site-packages/airflow/example_dags/example_bash_operator.py
[2025-10-25T16:23:32.220+0200] {processor.py:840} INFO - DAG(s) 'example_bash_operator' retrieved from /Users/youssefdaaloul/venv/dbt_snowflake/airflow_venv_39/lib/python3.11/site-packages/airflow/example_dags/example_bash_operator.py
[2025-10-25T16:23:32.278+0200] {logging_mixin.py:188} INFO - [2025-10-25T16:23:32.278+0200] {dag.py:3036} INFO - Sync 1 DAGs
[2025-10-25T16:23:32.284+0200] {logging_mixin.py:188} INFO - [2025-10-25T16:23:32.284+0200] {dag.py:3823} INFO - Setting next_dagrun for example_bash_operator to 2025-10-24 00:00:00+00:00, run_after=2025-10-25 00:00:00+00:00
[2025-10-25T16:23:32.290+0200] {processor.py:183} INFO - Processing /Users/youssefdaaloul/venv/dbt_snowflake/airflow_venv_39/lib/python3.11/site-packages/airflow/example_dags/example_bash_operator.py took 0.076 seconds
[2025-10-25T16:25:23.635+0200] {processor.py:161} INFO - Started process (PID=72110) to work on /Users/youssefdaaloul/venv/dbt_snowflake/airflow_venv_39/lib/python3.11/site-packages/airflow/example_dags/example_bash_operator.py
[2025-10-25T16:25:23.636+0200] {processor.py:830} INFO - Processing file /Users/youssefdaaloul/venv/dbt_snowflake/airflow_venv_39/lib/python3.11/site-packages/airflow/example_dags/example_bash_operator.py for tasks to queue
[2025-10-25T16:25:23.636+0200] {logging_mixin.py:188} INFO - [2025-10-25T16:25:23.636+0200] {dagbag.py:538} INFO - Filling up the DagBag from /Users/youssefdaaloul/venv/dbt_snowflake/airflow_venv_39/lib/python3.11/site-packages/airflow/example_dags/example_bash_operator.py
[2025-10-25T16:25:23.641+0200] {processor.py:840} INFO - DAG(s) 'example_bash_operator' retrieved from /Users/youssefdaaloul/venv/dbt_snowflake/airflow_venv_39/lib/python3.11/site-packages/airflow/example_dags/example_bash_operator.py
[2025-10-25T16:25:23.701+0200] {logging_mixin.py:188} INFO - [2025-10-25T16:25:23.701+0200] {dag.py:3036} INFO - Sync 1 DAGs
[2025-10-25T16:25:23.707+0200] {logging_mixin.py:188} INFO - [2025-10-25T16:25:23.706+0200] {dag.py:3823} INFO - Setting next_dagrun for example_bash_operator to 2025-10-24 00:00:00+00:00, run_after=2025-10-25 00:00:00+00:00
[2025-10-25T16:25:23.713+0200] {processor.py:183} INFO - Processing /Users/youssefdaaloul/venv/dbt_snowflake/airflow_venv_39/lib/python3.11/site-packages/airflow/example_dags/example_bash_operator.py took 0.079 seconds
[2025-10-25T16:27:09.029+0200] {processor.py:161} INFO - Started process (PID=72221) to work on /Users/youssefdaaloul/venv/dbt_snowflake/airflow_venv_39/lib/python3.11/site-packages/airflow/example_dags/example_bash_operator.py
[2025-10-25T16:27:09.030+0200] {processor.py:830} INFO - Processing file /Users/youssefdaaloul/venv/dbt_snowflake/airflow_venv_39/lib/python3.11/site-packages/airflow/example_dags/example_bash_operator.py for tasks to queue
[2025-10-25T16:27:09.030+0200] {logging_mixin.py:188} INFO - [2025-10-25T16:27:09.030+0200] {dagbag.py:538} INFO - Filling up the DagBag from /Users/youssefdaaloul/venv/dbt_snowflake/airflow_venv_39/lib/python3.11/site-packages/airflow/example_dags/example_bash_operator.py
[2025-10-25T16:27:09.036+0200] {processor.py:840} INFO - DAG(s) 'example_bash_operator' retrieved from /Users/youssefdaaloul/venv/dbt_snowflake/airflow_venv_39/lib/python3.11/site-packages/airflow/example_dags/example_bash_operator.py
[2025-10-25T16:27:09.102+0200] {logging_mixin.py:188} INFO - [2025-10-25T16:27:09.102+0200] {dag.py:3036} INFO - Sync 1 DAGs
[2025-10-25T16:27:09.109+0200] {logging_mixin.py:188} INFO - [2025-10-25T16:27:09.109+0200] {dag.py:3823} INFO - Setting next_dagrun for example_bash_operator to 2025-10-24 00:00:00+00:00, run_after=2025-10-25 00:00:00+00:00
[2025-10-25T16:27:09.116+0200] {processor.py:183} INFO - Processing /Users/youssefdaaloul/venv/dbt_snowflake/airflow_venv_39/lib/python3.11/site-packages/airflow/example_dags/example_bash_operator.py took 0.087 seconds
[2025-10-25T16:29:05.534+0200] {processor.py:161} INFO - Started process (PID=72340) to work on /Users/youssefdaaloul/venv/dbt_snowflake/airflow_venv_39/lib/python3.11/site-packages/airflow/example_dags/example_bash_operator.py
[2025-10-25T16:29:05.534+0200] {processor.py:830} INFO - Processing file /Users/youssefdaaloul/venv/dbt_snowflake/airflow_venv_39/lib/python3.11/site-packages/airflow/example_dags/example_bash_operator.py for tasks to queue
[2025-10-25T16:29:05.535+0200] {logging_mixin.py:188} INFO - [2025-10-25T16:29:05.535+0200] {dagbag.py:538} INFO - Filling up the DagBag from /Users/youssefdaaloul/venv/dbt_snowflake/airflow_venv_39/lib/python3.11/site-packages/airflow/example_dags/example_bash_operator.py
[2025-10-25T16:29:05.540+0200] {processor.py:840} INFO - DAG(s) 'example_bash_operator' retrieved from /Users/youssefdaaloul/venv/dbt_snowflake/airflow_venv_39/lib/python3.11/site-packages/airflow/example_dags/example_bash_operator.py
[2025-10-25T16:29:05.603+0200] {logging_mixin.py:188} INFO - [2025-10-25T16:29:05.603+0200] {dag.py:3036} INFO - Sync 1 DAGs
[2025-10-25T16:29:05.610+0200] {logging_mixin.py:188} INFO - [2025-10-25T16:29:05.610+0200] {dag.py:3823} INFO - Setting next_dagrun for example_bash_operator to 2025-10-24 00:00:00+00:00, run_after=2025-10-25 00:00:00+00:00
[2025-10-25T16:29:05.618+0200] {processor.py:183} INFO - Processing /Users/youssefdaaloul/venv/dbt_snowflake/airflow_venv_39/lib/python3.11/site-packages/airflow/example_dags/example_bash_operator.py took 0.084 seconds
[2025-10-25T16:31:04.241+0200] {processor.py:161} INFO - Started process (PID=72488) to work on /Users/youssefdaaloul/venv/dbt_snowflake/airflow_venv_39/lib/python3.11/site-packages/airflow/example_dags/example_bash_operator.py
[2025-10-25T16:31:04.241+0200] {processor.py:830} INFO - Processing file /Users/youssefdaaloul/venv/dbt_snowflake/airflow_venv_39/lib/python3.11/site-packages/airflow/example_dags/example_bash_operator.py for tasks to queue
[2025-10-25T16:31:04.242+0200] {logging_mixin.py:188} INFO - [2025-10-25T16:31:04.241+0200] {dagbag.py:538} INFO - Filling up the DagBag from /Users/youssefdaaloul/venv/dbt_snowflake/airflow_venv_39/lib/python3.11/site-packages/airflow/example_dags/example_bash_operator.py
[2025-10-25T16:31:04.247+0200] {processor.py:840} INFO - DAG(s) 'example_bash_operator' retrieved from /Users/youssefdaaloul/venv/dbt_snowflake/airflow_venv_39/lib/python3.11/site-packages/airflow/example_dags/example_bash_operator.py
[2025-10-25T16:31:04.307+0200] {logging_mixin.py:188} INFO - [2025-10-25T16:31:04.307+0200] {dag.py:3036} INFO - Sync 1 DAGs
[2025-10-25T16:31:04.313+0200] {logging_mixin.py:188} INFO - [2025-10-25T16:31:04.313+0200] {dag.py:3823} INFO - Setting next_dagrun for example_bash_operator to 2025-10-24 00:00:00+00:00, run_after=2025-10-25 00:00:00+00:00
[2025-10-25T16:31:04.320+0200] {processor.py:183} INFO - Processing /Users/youssefdaaloul/venv/dbt_snowflake/airflow_venv_39/lib/python3.11/site-packages/airflow/example_dags/example_bash_operator.py took 0.080 seconds
[2025-10-25T16:32:56.278+0200] {processor.py:161} INFO - Started process (PID=72635) to work on /Users/youssefdaaloul/venv/dbt_snowflake/airflow_venv_39/lib/python3.11/site-packages/airflow/example_dags/example_bash_operator.py
[2025-10-25T16:32:56.278+0200] {processor.py:830} INFO - Processing file /Users/youssefdaaloul/venv/dbt_snowflake/airflow_venv_39/lib/python3.11/site-packages/airflow/example_dags/example_bash_operator.py for tasks to queue
[2025-10-25T16:32:56.279+0200] {logging_mixin.py:188} INFO - [2025-10-25T16:32:56.278+0200] {dagbag.py:538} INFO - Filling up the DagBag from /Users/youssefdaaloul/venv/dbt_snowflake/airflow_venv_39/lib/python3.11/site-packages/airflow/example_dags/example_bash_operator.py
[2025-10-25T16:32:56.283+0200] {processor.py:840} INFO - DAG(s) 'example_bash_operator' retrieved from /Users/youssefdaaloul/venv/dbt_snowflake/airflow_venv_39/lib/python3.11/site-packages/airflow/example_dags/example_bash_operator.py
[2025-10-25T16:32:56.353+0200] {logging_mixin.py:188} INFO - [2025-10-25T16:32:56.353+0200] {dag.py:3036} INFO - Sync 1 DAGs
[2025-10-25T16:32:56.361+0200] {logging_mixin.py:188} INFO - [2025-10-25T16:32:56.361+0200] {dag.py:3823} INFO - Setting next_dagrun for example_bash_operator to 2025-10-24 00:00:00+00:00, run_after=2025-10-25 00:00:00+00:00
[2025-10-25T16:32:56.369+0200] {processor.py:183} INFO - Processing /Users/youssefdaaloul/venv/dbt_snowflake/airflow_venv_39/lib/python3.11/site-packages/airflow/example_dags/example_bash_operator.py took 0.092 seconds
[2025-10-25T16:34:55.175+0200] {processor.py:161} INFO - Started process (PID=72789) to work on /Users/youssefdaaloul/venv/dbt_snowflake/airflow_venv_39/lib/python3.11/site-packages/airflow/example_dags/example_bash_operator.py
[2025-10-25T16:34:55.176+0200] {processor.py:830} INFO - Processing file /Users/youssefdaaloul/venv/dbt_snowflake/airflow_venv_39/lib/python3.11/site-packages/airflow/example_dags/example_bash_operator.py for tasks to queue
[2025-10-25T16:34:55.176+0200] {logging_mixin.py:188} INFO - [2025-10-25T16:34:55.176+0200] {dagbag.py:538} INFO - Filling up the DagBag from /Users/youssefdaaloul/venv/dbt_snowflake/airflow_venv_39/lib/python3.11/site-packages/airflow/example_dags/example_bash_operator.py
[2025-10-25T16:34:55.181+0200] {processor.py:840} INFO - DAG(s) 'example_bash_operator' retrieved from /Users/youssefdaaloul/venv/dbt_snowflake/airflow_venv_39/lib/python3.11/site-packages/airflow/example_dags/example_bash_operator.py
[2025-10-25T16:34:55.244+0200] {logging_mixin.py:188} INFO - [2025-10-25T16:34:55.244+0200] {dag.py:3036} INFO - Sync 1 DAGs
[2025-10-25T16:34:55.250+0200] {logging_mixin.py:188} INFO - [2025-10-25T16:34:55.250+0200] {dag.py:3823} INFO - Setting next_dagrun for example_bash_operator to 2025-10-24 00:00:00+00:00, run_after=2025-10-25 00:00:00+00:00
[2025-10-25T16:34:55.257+0200] {processor.py:183} INFO - Processing /Users/youssefdaaloul/venv/dbt_snowflake/airflow_venv_39/lib/python3.11/site-packages/airflow/example_dags/example_bash_operator.py took 0.082 seconds
