[2025-10-25T16:08:56.588+0200] {processor.py:161} INFO - Started process (PID=71214) to work on /Users/youssefdaaloul/venv/dbt_snowflake/airflow_venv_39/lib/python3.11/site-packages/airflow/example_dags/example_setup_teardown.py
[2025-10-25T16:08:56.589+0200] {processor.py:830} INFO - Processing file /Users/youssefdaaloul/venv/dbt_snowflake/airflow_venv_39/lib/python3.11/site-packages/airflow/example_dags/example_setup_teardown.py for tasks to queue
[2025-10-25T16:08:56.589+0200] {logging_mixin.py:188} INFO - [2025-10-25T16:08:56.589+0200] {dagbag.py:538} INFO - Filling up the DagBag from /Users/youssefdaaloul/venv/dbt_snowflake/airflow_venv_39/lib/python3.11/site-packages/airflow/example_dags/example_setup_teardown.py
[2025-10-25T16:08:56.593+0200] {processor.py:840} INFO - DAG(s) 'example_setup_teardown' retrieved from /Users/youssefdaaloul/venv/dbt_snowflake/airflow_venv_39/lib/python3.11/site-packages/airflow/example_dags/example_setup_teardown.py
[2025-10-25T16:08:56.687+0200] {logging_mixin.py:188} INFO - [2025-10-25T16:08:56.687+0200] {dag.py:3036} INFO - Sync 1 DAGs
[2025-10-25T16:08:56.693+0200] {logging_mixin.py:188} INFO - [2025-10-25T16:08:56.693+0200] {dag.py:3823} INFO - Setting next_dagrun for example_setup_teardown to 2025-10-24 00:00:00+00:00, run_after=2025-10-25 00:00:00+00:00
[2025-10-25T16:08:56.699+0200] {processor.py:183} INFO - Processing /Users/youssefdaaloul/venv/dbt_snowflake/airflow_venv_39/lib/python3.11/site-packages/airflow/example_dags/example_setup_teardown.py took 0.112 seconds
[2025-10-25T16:10:29.061+0200] {processor.py:161} INFO - Started process (PID=71301) to work on /Users/youssefdaaloul/venv/dbt_snowflake/airflow_venv_39/lib/python3.11/site-packages/airflow/example_dags/example_setup_teardown.py
[2025-10-25T16:10:29.062+0200] {processor.py:830} INFO - Processing file /Users/youssefdaaloul/venv/dbt_snowflake/airflow_venv_39/lib/python3.11/site-packages/airflow/example_dags/example_setup_teardown.py for tasks to queue
[2025-10-25T16:10:29.063+0200] {logging_mixin.py:188} INFO - [2025-10-25T16:10:29.062+0200] {dagbag.py:538} INFO - Filling up the DagBag from /Users/youssefdaaloul/venv/dbt_snowflake/airflow_venv_39/lib/python3.11/site-packages/airflow/example_dags/example_setup_teardown.py
[2025-10-25T16:10:29.066+0200] {processor.py:840} INFO - DAG(s) 'example_setup_teardown' retrieved from /Users/youssefdaaloul/venv/dbt_snowflake/airflow_venv_39/lib/python3.11/site-packages/airflow/example_dags/example_setup_teardown.py
[2025-10-25T16:10:29.134+0200] {logging_mixin.py:188} INFO - [2025-10-25T16:10:29.133+0200] {dag.py:3036} INFO - Sync 1 DAGs
[2025-10-25T16:10:29.139+0200] {logging_mixin.py:188} INFO - [2025-10-25T16:10:29.139+0200] {dag.py:3823} INFO - Setting next_dagrun for example_setup_teardown to 2025-10-24 00:00:00+00:00, run_after=2025-10-25 00:00:00+00:00
[2025-10-25T16:10:29.148+0200] {processor.py:183} INFO - Processing /Users/youssefdaaloul/venv/dbt_snowflake/airflow_venv_39/lib/python3.11/site-packages/airflow/example_dags/example_setup_teardown.py took 0.086 seconds
[2025-10-25T16:12:26.631+0200] {processor.py:161} INFO - Started process (PID=71412) to work on /Users/youssefdaaloul/venv/dbt_snowflake/airflow_venv_39/lib/python3.11/site-packages/airflow/example_dags/example_setup_teardown.py
[2025-10-25T16:12:26.634+0200] {processor.py:830} INFO - Processing file /Users/youssefdaaloul/venv/dbt_snowflake/airflow_venv_39/lib/python3.11/site-packages/airflow/example_dags/example_setup_teardown.py for tasks to queue
[2025-10-25T16:12:26.634+0200] {logging_mixin.py:188} INFO - [2025-10-25T16:12:26.634+0200] {dagbag.py:538} INFO - Filling up the DagBag from /Users/youssefdaaloul/venv/dbt_snowflake/airflow_venv_39/lib/python3.11/site-packages/airflow/example_dags/example_setup_teardown.py
[2025-10-25T16:12:26.637+0200] {processor.py:840} INFO - DAG(s) 'example_setup_teardown' retrieved from /Users/youssefdaaloul/venv/dbt_snowflake/airflow_venv_39/lib/python3.11/site-packages/airflow/example_dags/example_setup_teardown.py
[2025-10-25T16:12:26.695+0200] {logging_mixin.py:188} INFO - [2025-10-25T16:12:26.695+0200] {dag.py:3036} INFO - Sync 1 DAGs
[2025-10-25T16:12:26.701+0200] {logging_mixin.py:188} INFO - [2025-10-25T16:12:26.701+0200] {dag.py:3823} INFO - Setting next_dagrun for example_setup_teardown to 2025-10-24 00:00:00+00:00, run_after=2025-10-25 00:00:00+00:00
[2025-10-25T16:12:26.710+0200] {processor.py:183} INFO - Processing /Users/youssefdaaloul/venv/dbt_snowflake/airflow_venv_39/lib/python3.11/site-packages/airflow/example_dags/example_setup_teardown.py took 0.079 seconds
[2025-10-25T16:14:24.980+0200] {processor.py:161} INFO - Started process (PID=71514) to work on /Users/youssefdaaloul/venv/dbt_snowflake/airflow_venv_39/lib/python3.11/site-packages/airflow/example_dags/example_setup_teardown.py
[2025-10-25T16:14:24.980+0200] {processor.py:830} INFO - Processing file /Users/youssefdaaloul/venv/dbt_snowflake/airflow_venv_39/lib/python3.11/site-packages/airflow/example_dags/example_setup_teardown.py for tasks to queue
[2025-10-25T16:14:24.981+0200] {logging_mixin.py:188} INFO - [2025-10-25T16:14:24.981+0200] {dagbag.py:538} INFO - Filling up the DagBag from /Users/youssefdaaloul/venv/dbt_snowflake/airflow_venv_39/lib/python3.11/site-packages/airflow/example_dags/example_setup_teardown.py
[2025-10-25T16:14:24.985+0200] {processor.py:840} INFO - DAG(s) 'example_setup_teardown' retrieved from /Users/youssefdaaloul/venv/dbt_snowflake/airflow_venv_39/lib/python3.11/site-packages/airflow/example_dags/example_setup_teardown.py
[2025-10-25T16:14:25.053+0200] {logging_mixin.py:188} INFO - [2025-10-25T16:14:25.053+0200] {dag.py:3036} INFO - Sync 1 DAGs
[2025-10-25T16:14:25.063+0200] {logging_mixin.py:188} INFO - [2025-10-25T16:14:25.063+0200] {dag.py:3823} INFO - Setting next_dagrun for example_setup_teardown to 2025-10-24 00:00:00+00:00, run_after=2025-10-25 00:00:00+00:00
[2025-10-25T16:14:25.075+0200] {processor.py:183} INFO - Processing /Users/youssefdaaloul/venv/dbt_snowflake/airflow_venv_39/lib/python3.11/site-packages/airflow/example_dags/example_setup_teardown.py took 0.096 seconds
[2025-10-25T16:16:27.586+0200] {processor.py:161} INFO - Started process (PID=71623) to work on /Users/youssefdaaloul/venv/dbt_snowflake/airflow_venv_39/lib/python3.11/site-packages/airflow/example_dags/example_setup_teardown.py
[2025-10-25T16:16:27.586+0200] {processor.py:830} INFO - Processing file /Users/youssefdaaloul/venv/dbt_snowflake/airflow_venv_39/lib/python3.11/site-packages/airflow/example_dags/example_setup_teardown.py for tasks to queue
[2025-10-25T16:16:27.587+0200] {logging_mixin.py:188} INFO - [2025-10-25T16:16:27.586+0200] {dagbag.py:538} INFO - Filling up the DagBag from /Users/youssefdaaloul/venv/dbt_snowflake/airflow_venv_39/lib/python3.11/site-packages/airflow/example_dags/example_setup_teardown.py
[2025-10-25T16:16:27.590+0200] {processor.py:840} INFO - DAG(s) 'example_setup_teardown' retrieved from /Users/youssefdaaloul/venv/dbt_snowflake/airflow_venv_39/lib/python3.11/site-packages/airflow/example_dags/example_setup_teardown.py
[2025-10-25T16:16:27.651+0200] {logging_mixin.py:188} INFO - [2025-10-25T16:16:27.651+0200] {dag.py:3036} INFO - Sync 1 DAGs
[2025-10-25T16:16:27.657+0200] {logging_mixin.py:188} INFO - [2025-10-25T16:16:27.657+0200] {dag.py:3823} INFO - Setting next_dagrun for example_setup_teardown to 2025-10-24 00:00:00+00:00, run_after=2025-10-25 00:00:00+00:00
[2025-10-25T16:16:27.664+0200] {processor.py:183} INFO - Processing /Users/youssefdaaloul/venv/dbt_snowflake/airflow_venv_39/lib/python3.11/site-packages/airflow/example_dags/example_setup_teardown.py took 0.079 seconds
[2025-10-25T16:18:27.227+0200] {processor.py:161} INFO - Started process (PID=71724) to work on /Users/youssefdaaloul/venv/dbt_snowflake/airflow_venv_39/lib/python3.11/site-packages/airflow/example_dags/example_setup_teardown.py
[2025-10-25T16:18:27.228+0200] {processor.py:830} INFO - Processing file /Users/youssefdaaloul/venv/dbt_snowflake/airflow_venv_39/lib/python3.11/site-packages/airflow/example_dags/example_setup_teardown.py for tasks to queue
[2025-10-25T16:18:27.228+0200] {logging_mixin.py:188} INFO - [2025-10-25T16:18:27.228+0200] {dagbag.py:538} INFO - Filling up the DagBag from /Users/youssefdaaloul/venv/dbt_snowflake/airflow_venv_39/lib/python3.11/site-packages/airflow/example_dags/example_setup_teardown.py
[2025-10-25T16:18:27.232+0200] {processor.py:840} INFO - DAG(s) 'example_setup_teardown' retrieved from /Users/youssefdaaloul/venv/dbt_snowflake/airflow_venv_39/lib/python3.11/site-packages/airflow/example_dags/example_setup_teardown.py
[2025-10-25T16:18:27.295+0200] {logging_mixin.py:188} INFO - [2025-10-25T16:18:27.295+0200] {dag.py:3036} INFO - Sync 1 DAGs
[2025-10-25T16:18:27.301+0200] {logging_mixin.py:188} INFO - [2025-10-25T16:18:27.301+0200] {dag.py:3823} INFO - Setting next_dagrun for example_setup_teardown to 2025-10-24 00:00:00+00:00, run_after=2025-10-25 00:00:00+00:00
[2025-10-25T16:18:27.307+0200] {processor.py:183} INFO - Processing /Users/youssefdaaloul/venv/dbt_snowflake/airflow_venv_39/lib/python3.11/site-packages/airflow/example_dags/example_setup_teardown.py took 0.081 seconds
[2025-10-25T16:20:33.129+0200] {processor.py:161} INFO - Started process (PID=71847) to work on /Users/youssefdaaloul/venv/dbt_snowflake/airflow_venv_39/lib/python3.11/site-packages/airflow/example_dags/example_setup_teardown.py
[2025-10-25T16:20:33.131+0200] {processor.py:830} INFO - Processing file /Users/youssefdaaloul/venv/dbt_snowflake/airflow_venv_39/lib/python3.11/site-packages/airflow/example_dags/example_setup_teardown.py for tasks to queue
[2025-10-25T16:20:33.131+0200] {logging_mixin.py:188} INFO - [2025-10-25T16:20:33.131+0200] {dagbag.py:538} INFO - Filling up the DagBag from /Users/youssefdaaloul/venv/dbt_snowflake/airflow_venv_39/lib/python3.11/site-packages/airflow/example_dags/example_setup_teardown.py
[2025-10-25T16:20:33.134+0200] {processor.py:840} INFO - DAG(s) 'example_setup_teardown' retrieved from /Users/youssefdaaloul/venv/dbt_snowflake/airflow_venv_39/lib/python3.11/site-packages/airflow/example_dags/example_setup_teardown.py
[2025-10-25T16:20:33.195+0200] {logging_mixin.py:188} INFO - [2025-10-25T16:20:33.195+0200] {dag.py:3036} INFO - Sync 1 DAGs
[2025-10-25T16:20:33.200+0200] {logging_mixin.py:188} INFO - [2025-10-25T16:20:33.200+0200] {dag.py:3823} INFO - Setting next_dagrun for example_setup_teardown to 2025-10-24 00:00:00+00:00, run_after=2025-10-25 00:00:00+00:00
[2025-10-25T16:20:33.207+0200] {processor.py:183} INFO - Processing /Users/youssefdaaloul/venv/dbt_snowflake/airflow_venv_39/lib/python3.11/site-packages/airflow/example_dags/example_setup_teardown.py took 0.078 seconds
[2025-10-25T16:22:22.054+0200] {processor.py:161} INFO - Started process (PID=71936) to work on /Users/youssefdaaloul/venv/dbt_snowflake/airflow_venv_39/lib/python3.11/site-packages/airflow/example_dags/example_setup_teardown.py
[2025-10-25T16:22:22.055+0200] {processor.py:830} INFO - Processing file /Users/youssefdaaloul/venv/dbt_snowflake/airflow_venv_39/lib/python3.11/site-packages/airflow/example_dags/example_setup_teardown.py for tasks to queue
[2025-10-25T16:22:22.055+0200] {logging_mixin.py:188} INFO - [2025-10-25T16:22:22.055+0200] {dagbag.py:538} INFO - Filling up the DagBag from /Users/youssefdaaloul/venv/dbt_snowflake/airflow_venv_39/lib/python3.11/site-packages/airflow/example_dags/example_setup_teardown.py
[2025-10-25T16:22:22.059+0200] {processor.py:840} INFO - DAG(s) 'example_setup_teardown' retrieved from /Users/youssefdaaloul/venv/dbt_snowflake/airflow_venv_39/lib/python3.11/site-packages/airflow/example_dags/example_setup_teardown.py
[2025-10-25T16:22:22.118+0200] {logging_mixin.py:188} INFO - [2025-10-25T16:22:22.118+0200] {dag.py:3036} INFO - Sync 1 DAGs
[2025-10-25T16:22:22.123+0200] {logging_mixin.py:188} INFO - [2025-10-25T16:22:22.123+0200] {dag.py:3823} INFO - Setting next_dagrun for example_setup_teardown to 2025-10-24 00:00:00+00:00, run_after=2025-10-25 00:00:00+00:00
[2025-10-25T16:22:22.130+0200] {processor.py:183} INFO - Processing /Users/youssefdaaloul/venv/dbt_snowflake/airflow_venv_39/lib/python3.11/site-packages/airflow/example_dags/example_setup_teardown.py took 0.076 seconds
[2025-10-25T16:24:10.149+0200] {processor.py:161} INFO - Started process (PID=72037) to work on /Users/youssefdaaloul/venv/dbt_snowflake/airflow_venv_39/lib/python3.11/site-packages/airflow/example_dags/example_setup_teardown.py
[2025-10-25T16:24:10.150+0200] {processor.py:830} INFO - Processing file /Users/youssefdaaloul/venv/dbt_snowflake/airflow_venv_39/lib/python3.11/site-packages/airflow/example_dags/example_setup_teardown.py for tasks to queue
[2025-10-25T16:24:10.150+0200] {logging_mixin.py:188} INFO - [2025-10-25T16:24:10.150+0200] {dagbag.py:538} INFO - Filling up the DagBag from /Users/youssefdaaloul/venv/dbt_snowflake/airflow_venv_39/lib/python3.11/site-packages/airflow/example_dags/example_setup_teardown.py
[2025-10-25T16:24:10.153+0200] {processor.py:840} INFO - DAG(s) 'example_setup_teardown' retrieved from /Users/youssefdaaloul/venv/dbt_snowflake/airflow_venv_39/lib/python3.11/site-packages/airflow/example_dags/example_setup_teardown.py
[2025-10-25T16:24:10.214+0200] {logging_mixin.py:188} INFO - [2025-10-25T16:24:10.214+0200] {dag.py:3036} INFO - Sync 1 DAGs
[2025-10-25T16:24:10.220+0200] {logging_mixin.py:188} INFO - [2025-10-25T16:24:10.220+0200] {dag.py:3823} INFO - Setting next_dagrun for example_setup_teardown to 2025-10-24 00:00:00+00:00, run_after=2025-10-25 00:00:00+00:00
[2025-10-25T16:24:10.226+0200] {processor.py:183} INFO - Processing /Users/youssefdaaloul/venv/dbt_snowflake/airflow_venv_39/lib/python3.11/site-packages/airflow/example_dags/example_setup_teardown.py took 0.078 seconds
[2025-10-25T16:25:59.714+0200] {processor.py:161} INFO - Started process (PID=72155) to work on /Users/youssefdaaloul/venv/dbt_snowflake/airflow_venv_39/lib/python3.11/site-packages/airflow/example_dags/example_setup_teardown.py
[2025-10-25T16:25:59.715+0200] {processor.py:830} INFO - Processing file /Users/youssefdaaloul/venv/dbt_snowflake/airflow_venv_39/lib/python3.11/site-packages/airflow/example_dags/example_setup_teardown.py for tasks to queue
[2025-10-25T16:25:59.716+0200] {logging_mixin.py:188} INFO - [2025-10-25T16:25:59.716+0200] {dagbag.py:538} INFO - Filling up the DagBag from /Users/youssefdaaloul/venv/dbt_snowflake/airflow_venv_39/lib/python3.11/site-packages/airflow/example_dags/example_setup_teardown.py
[2025-10-25T16:25:59.719+0200] {processor.py:840} INFO - DAG(s) 'example_setup_teardown' retrieved from /Users/youssefdaaloul/venv/dbt_snowflake/airflow_venv_39/lib/python3.11/site-packages/airflow/example_dags/example_setup_teardown.py
[2025-10-25T16:25:59.784+0200] {logging_mixin.py:188} INFO - [2025-10-25T16:25:59.784+0200] {dag.py:3036} INFO - Sync 1 DAGs
[2025-10-25T16:25:59.791+0200] {logging_mixin.py:188} INFO - [2025-10-25T16:25:59.790+0200] {dag.py:3823} INFO - Setting next_dagrun for example_setup_teardown to 2025-10-24 00:00:00+00:00, run_after=2025-10-25 00:00:00+00:00
[2025-10-25T16:25:59.798+0200] {processor.py:183} INFO - Processing /Users/youssefdaaloul/venv/dbt_snowflake/airflow_venv_39/lib/python3.11/site-packages/airflow/example_dags/example_setup_teardown.py took 0.084 seconds
[2025-10-25T16:27:49.233+0200] {processor.py:161} INFO - Started process (PID=72266) to work on /Users/youssefdaaloul/venv/dbt_snowflake/airflow_venv_39/lib/python3.11/site-packages/airflow/example_dags/example_setup_teardown.py
[2025-10-25T16:27:49.234+0200] {processor.py:830} INFO - Processing file /Users/youssefdaaloul/venv/dbt_snowflake/airflow_venv_39/lib/python3.11/site-packages/airflow/example_dags/example_setup_teardown.py for tasks to queue
[2025-10-25T16:27:49.234+0200] {logging_mixin.py:188} INFO - [2025-10-25T16:27:49.234+0200] {dagbag.py:538} INFO - Filling up the DagBag from /Users/youssefdaaloul/venv/dbt_snowflake/airflow_venv_39/lib/python3.11/site-packages/airflow/example_dags/example_setup_teardown.py
[2025-10-25T16:27:49.240+0200] {processor.py:840} INFO - DAG(s) 'example_setup_teardown' retrieved from /Users/youssefdaaloul/venv/dbt_snowflake/airflow_venv_39/lib/python3.11/site-packages/airflow/example_dags/example_setup_teardown.py
[2025-10-25T16:27:49.305+0200] {logging_mixin.py:188} INFO - [2025-10-25T16:27:49.305+0200] {dag.py:3036} INFO - Sync 1 DAGs
[2025-10-25T16:27:49.311+0200] {logging_mixin.py:188} INFO - [2025-10-25T16:27:49.311+0200] {dag.py:3823} INFO - Setting next_dagrun for example_setup_teardown to 2025-10-24 00:00:00+00:00, run_after=2025-10-25 00:00:00+00:00
[2025-10-25T16:27:49.319+0200] {processor.py:183} INFO - Processing /Users/youssefdaaloul/venv/dbt_snowflake/airflow_venv_39/lib/python3.11/site-packages/airflow/example_dags/example_setup_teardown.py took 0.086 seconds
[2025-10-25T16:29:46.374+0200] {processor.py:161} INFO - Started process (PID=72377) to work on /Users/youssefdaaloul/venv/dbt_snowflake/airflow_venv_39/lib/python3.11/site-packages/airflow/example_dags/example_setup_teardown.py
[2025-10-25T16:29:46.374+0200] {processor.py:830} INFO - Processing file /Users/youssefdaaloul/venv/dbt_snowflake/airflow_venv_39/lib/python3.11/site-packages/airflow/example_dags/example_setup_teardown.py for tasks to queue
[2025-10-25T16:29:46.375+0200] {logging_mixin.py:188} INFO - [2025-10-25T16:29:46.375+0200] {dagbag.py:538} INFO - Filling up the DagBag from /Users/youssefdaaloul/venv/dbt_snowflake/airflow_venv_39/lib/python3.11/site-packages/airflow/example_dags/example_setup_teardown.py
[2025-10-25T16:29:46.379+0200] {processor.py:840} INFO - DAG(s) 'example_setup_teardown' retrieved from /Users/youssefdaaloul/venv/dbt_snowflake/airflow_venv_39/lib/python3.11/site-packages/airflow/example_dags/example_setup_teardown.py
[2025-10-25T16:29:46.447+0200] {logging_mixin.py:188} INFO - [2025-10-25T16:29:46.446+0200] {dag.py:3036} INFO - Sync 1 DAGs
[2025-10-25T16:29:46.453+0200] {logging_mixin.py:188} INFO - [2025-10-25T16:29:46.453+0200] {dag.py:3823} INFO - Setting next_dagrun for example_setup_teardown to 2025-10-24 00:00:00+00:00, run_after=2025-10-25 00:00:00+00:00
[2025-10-25T16:29:46.460+0200] {processor.py:183} INFO - Processing /Users/youssefdaaloul/venv/dbt_snowflake/airflow_venv_39/lib/python3.11/site-packages/airflow/example_dags/example_setup_teardown.py took 0.087 seconds
[2025-10-25T16:31:41.450+0200] {processor.py:161} INFO - Started process (PID=72570) to work on /Users/youssefdaaloul/venv/dbt_snowflake/airflow_venv_39/lib/python3.11/site-packages/airflow/example_dags/example_setup_teardown.py
[2025-10-25T16:31:41.452+0200] {processor.py:830} INFO - Processing file /Users/youssefdaaloul/venv/dbt_snowflake/airflow_venv_39/lib/python3.11/site-packages/airflow/example_dags/example_setup_teardown.py for tasks to queue
[2025-10-25T16:31:41.452+0200] {logging_mixin.py:188} INFO - [2025-10-25T16:31:41.452+0200] {dagbag.py:538} INFO - Filling up the DagBag from /Users/youssefdaaloul/venv/dbt_snowflake/airflow_venv_39/lib/python3.11/site-packages/airflow/example_dags/example_setup_teardown.py
[2025-10-25T16:31:41.455+0200] {processor.py:840} INFO - DAG(s) 'example_setup_teardown' retrieved from /Users/youssefdaaloul/venv/dbt_snowflake/airflow_venv_39/lib/python3.11/site-packages/airflow/example_dags/example_setup_teardown.py
[2025-10-25T16:31:41.512+0200] {logging_mixin.py:188} INFO - [2025-10-25T16:31:41.512+0200] {dag.py:3036} INFO - Sync 1 DAGs
[2025-10-25T16:31:41.517+0200] {logging_mixin.py:188} INFO - [2025-10-25T16:31:41.517+0200] {dag.py:3823} INFO - Setting next_dagrun for example_setup_teardown to 2025-10-24 00:00:00+00:00, run_after=2025-10-25 00:00:00+00:00
[2025-10-25T16:31:41.524+0200] {processor.py:183} INFO - Processing /Users/youssefdaaloul/venv/dbt_snowflake/airflow_venv_39/lib/python3.11/site-packages/airflow/example_dags/example_setup_teardown.py took 0.074 seconds
[2025-10-25T16:33:39.036+0200] {processor.py:161} INFO - Started process (PID=72695) to work on /Users/youssefdaaloul/venv/dbt_snowflake/airflow_venv_39/lib/python3.11/site-packages/airflow/example_dags/example_setup_teardown.py
[2025-10-25T16:33:39.037+0200] {processor.py:830} INFO - Processing file /Users/youssefdaaloul/venv/dbt_snowflake/airflow_venv_39/lib/python3.11/site-packages/airflow/example_dags/example_setup_teardown.py for tasks to queue
[2025-10-25T16:33:39.037+0200] {logging_mixin.py:188} INFO - [2025-10-25T16:33:39.037+0200] {dagbag.py:538} INFO - Filling up the DagBag from /Users/youssefdaaloul/venv/dbt_snowflake/airflow_venv_39/lib/python3.11/site-packages/airflow/example_dags/example_setup_teardown.py
[2025-10-25T16:33:39.041+0200] {processor.py:840} INFO - DAG(s) 'example_setup_teardown' retrieved from /Users/youssefdaaloul/venv/dbt_snowflake/airflow_venv_39/lib/python3.11/site-packages/airflow/example_dags/example_setup_teardown.py
[2025-10-25T16:33:39.103+0200] {logging_mixin.py:188} INFO - [2025-10-25T16:33:39.103+0200] {dag.py:3036} INFO - Sync 1 DAGs
[2025-10-25T16:33:39.110+0200] {logging_mixin.py:188} INFO - [2025-10-25T16:33:39.110+0200] {dag.py:3823} INFO - Setting next_dagrun for example_setup_teardown to 2025-10-24 00:00:00+00:00, run_after=2025-10-25 00:00:00+00:00
[2025-10-25T16:33:39.119+0200] {processor.py:183} INFO - Processing /Users/youssefdaaloul/venv/dbt_snowflake/airflow_venv_39/lib/python3.11/site-packages/airflow/example_dags/example_setup_teardown.py took 0.083 seconds
[2025-10-25T16:35:36.332+0200] {processor.py:161} INFO - Started process (PID=72844) to work on /Users/youssefdaaloul/venv/dbt_snowflake/airflow_venv_39/lib/python3.11/site-packages/airflow/example_dags/example_setup_teardown.py
[2025-10-25T16:35:36.333+0200] {processor.py:830} INFO - Processing file /Users/youssefdaaloul/venv/dbt_snowflake/airflow_venv_39/lib/python3.11/site-packages/airflow/example_dags/example_setup_teardown.py for tasks to queue
[2025-10-25T16:35:36.333+0200] {logging_mixin.py:188} INFO - [2025-10-25T16:35:36.333+0200] {dagbag.py:538} INFO - Filling up the DagBag from /Users/youssefdaaloul/venv/dbt_snowflake/airflow_venv_39/lib/python3.11/site-packages/airflow/example_dags/example_setup_teardown.py
[2025-10-25T16:35:36.341+0200] {processor.py:840} INFO - DAG(s) 'example_setup_teardown' retrieved from /Users/youssefdaaloul/venv/dbt_snowflake/airflow_venv_39/lib/python3.11/site-packages/airflow/example_dags/example_setup_teardown.py
[2025-10-25T16:35:36.407+0200] {logging_mixin.py:188} INFO - [2025-10-25T16:35:36.407+0200] {dag.py:3036} INFO - Sync 1 DAGs
[2025-10-25T16:35:36.413+0200] {logging_mixin.py:188} INFO - [2025-10-25T16:35:36.413+0200] {dag.py:3823} INFO - Setting next_dagrun for example_setup_teardown to 2025-10-24 00:00:00+00:00, run_after=2025-10-25 00:00:00+00:00
[2025-10-25T16:35:36.420+0200] {processor.py:183} INFO - Processing /Users/youssefdaaloul/venv/dbt_snowflake/airflow_venv_39/lib/python3.11/site-packages/airflow/example_dags/example_setup_teardown.py took 0.088 seconds
[2025-10-25T16:43:19.059+0200] {processor.py:161} INFO - Started process (PID=73726) to work on /Users/youssefdaaloul/venv/dbt_snowflake/airflow_venv_39/lib/python3.11/site-packages/airflow/example_dags/example_setup_teardown.py
[2025-10-25T16:43:19.059+0200] {processor.py:830} INFO - Processing file /Users/youssefdaaloul/venv/dbt_snowflake/airflow_venv_39/lib/python3.11/site-packages/airflow/example_dags/example_setup_teardown.py for tasks to queue
[2025-10-25T16:43:19.059+0200] {logging_mixin.py:188} INFO - [2025-10-25T16:43:19.059+0200] {dagbag.py:538} INFO - Filling up the DagBag from /Users/youssefdaaloul/venv/dbt_snowflake/airflow_venv_39/lib/python3.11/site-packages/airflow/example_dags/example_setup_teardown.py
[2025-10-25T16:43:19.066+0200] {processor.py:840} INFO - DAG(s) 'example_setup_teardown' retrieved from /Users/youssefdaaloul/venv/dbt_snowflake/airflow_venv_39/lib/python3.11/site-packages/airflow/example_dags/example_setup_teardown.py
[2025-10-25T16:43:19.126+0200] {logging_mixin.py:188} INFO - [2025-10-25T16:43:19.126+0200] {dag.py:3036} INFO - Sync 1 DAGs
[2025-10-25T16:43:19.131+0200] {logging_mixin.py:188} INFO - [2025-10-25T16:43:19.131+0200] {dag.py:3823} INFO - Setting next_dagrun for example_setup_teardown to 2025-10-24 00:00:00+00:00, run_after=2025-10-25 00:00:00+00:00
[2025-10-25T16:43:19.138+0200] {processor.py:183} INFO - Processing /Users/youssefdaaloul/venv/dbt_snowflake/airflow_venv_39/lib/python3.11/site-packages/airflow/example_dags/example_setup_teardown.py took 0.080 seconds
[2025-10-25T16:45:11.407+0200] {processor.py:161} INFO - Started process (PID=73962) to work on /Users/youssefdaaloul/venv/dbt_snowflake/airflow_venv_39/lib/python3.11/site-packages/airflow/example_dags/example_setup_teardown.py
[2025-10-25T16:45:11.408+0200] {processor.py:830} INFO - Processing file /Users/youssefdaaloul/venv/dbt_snowflake/airflow_venv_39/lib/python3.11/site-packages/airflow/example_dags/example_setup_teardown.py for tasks to queue
[2025-10-25T16:45:11.408+0200] {logging_mixin.py:188} INFO - [2025-10-25T16:45:11.408+0200] {dagbag.py:538} INFO - Filling up the DagBag from /Users/youssefdaaloul/venv/dbt_snowflake/airflow_venv_39/lib/python3.11/site-packages/airflow/example_dags/example_setup_teardown.py
[2025-10-25T16:45:11.412+0200] {processor.py:840} INFO - DAG(s) 'example_setup_teardown' retrieved from /Users/youssefdaaloul/venv/dbt_snowflake/airflow_venv_39/lib/python3.11/site-packages/airflow/example_dags/example_setup_teardown.py
[2025-10-25T16:45:11.474+0200] {logging_mixin.py:188} INFO - [2025-10-25T16:45:11.474+0200] {dag.py:3036} INFO - Sync 1 DAGs
[2025-10-25T16:45:11.480+0200] {logging_mixin.py:188} INFO - [2025-10-25T16:45:11.480+0200] {dag.py:3823} INFO - Setting next_dagrun for example_setup_teardown to 2025-10-24 00:00:00+00:00, run_after=2025-10-25 00:00:00+00:00
[2025-10-25T16:45:11.487+0200] {processor.py:183} INFO - Processing /Users/youssefdaaloul/venv/dbt_snowflake/airflow_venv_39/lib/python3.11/site-packages/airflow/example_dags/example_setup_teardown.py took 0.080 seconds
[2025-10-25T16:47:10.984+0200] {processor.py:161} INFO - Started process (PID=74063) to work on /Users/youssefdaaloul/venv/dbt_snowflake/airflow_venv_39/lib/python3.11/site-packages/airflow/example_dags/example_setup_teardown.py
[2025-10-25T16:47:10.984+0200] {processor.py:830} INFO - Processing file /Users/youssefdaaloul/venv/dbt_snowflake/airflow_venv_39/lib/python3.11/site-packages/airflow/example_dags/example_setup_teardown.py for tasks to queue
[2025-10-25T16:47:10.985+0200] {logging_mixin.py:188} INFO - [2025-10-25T16:47:10.985+0200] {dagbag.py:538} INFO - Filling up the DagBag from /Users/youssefdaaloul/venv/dbt_snowflake/airflow_venv_39/lib/python3.11/site-packages/airflow/example_dags/example_setup_teardown.py
[2025-10-25T16:47:10.989+0200] {processor.py:840} INFO - DAG(s) 'example_setup_teardown' retrieved from /Users/youssefdaaloul/venv/dbt_snowflake/airflow_venv_39/lib/python3.11/site-packages/airflow/example_dags/example_setup_teardown.py
[2025-10-25T16:47:11.049+0200] {logging_mixin.py:188} INFO - [2025-10-25T16:47:11.049+0200] {dag.py:3036} INFO - Sync 1 DAGs
[2025-10-25T16:47:11.055+0200] {logging_mixin.py:188} INFO - [2025-10-25T16:47:11.055+0200] {dag.py:3823} INFO - Setting next_dagrun for example_setup_teardown to 2025-10-24 00:00:00+00:00, run_after=2025-10-25 00:00:00+00:00
[2025-10-25T16:47:11.064+0200] {processor.py:183} INFO - Processing /Users/youssefdaaloul/venv/dbt_snowflake/airflow_venv_39/lib/python3.11/site-packages/airflow/example_dags/example_setup_teardown.py took 0.081 seconds
[2025-10-25T16:48:59.857+0200] {processor.py:161} INFO - Started process (PID=74171) to work on /Users/youssefdaaloul/venv/dbt_snowflake/airflow_venv_39/lib/python3.11/site-packages/airflow/example_dags/example_setup_teardown.py
[2025-10-25T16:48:59.857+0200] {processor.py:830} INFO - Processing file /Users/youssefdaaloul/venv/dbt_snowflake/airflow_venv_39/lib/python3.11/site-packages/airflow/example_dags/example_setup_teardown.py for tasks to queue
[2025-10-25T16:48:59.858+0200] {logging_mixin.py:188} INFO - [2025-10-25T16:48:59.858+0200] {dagbag.py:538} INFO - Filling up the DagBag from /Users/youssefdaaloul/venv/dbt_snowflake/airflow_venv_39/lib/python3.11/site-packages/airflow/example_dags/example_setup_teardown.py
[2025-10-25T16:48:59.861+0200] {processor.py:840} INFO - DAG(s) 'example_setup_teardown' retrieved from /Users/youssefdaaloul/venv/dbt_snowflake/airflow_venv_39/lib/python3.11/site-packages/airflow/example_dags/example_setup_teardown.py
[2025-10-25T16:48:59.921+0200] {logging_mixin.py:188} INFO - [2025-10-25T16:48:59.921+0200] {dag.py:3036} INFO - Sync 1 DAGs
[2025-10-25T16:48:59.926+0200] {logging_mixin.py:188} INFO - [2025-10-25T16:48:59.926+0200] {dag.py:3823} INFO - Setting next_dagrun for example_setup_teardown to 2025-10-24 00:00:00+00:00, run_after=2025-10-25 00:00:00+00:00
[2025-10-25T16:48:59.933+0200] {processor.py:183} INFO - Processing /Users/youssefdaaloul/venv/dbt_snowflake/airflow_venv_39/lib/python3.11/site-packages/airflow/example_dags/example_setup_teardown.py took 0.077 seconds
[2025-10-25T16:50:58.305+0200] {processor.py:161} INFO - Started process (PID=74268) to work on /Users/youssefdaaloul/venv/dbt_snowflake/airflow_venv_39/lib/python3.11/site-packages/airflow/example_dags/example_setup_teardown.py
[2025-10-25T16:50:58.306+0200] {processor.py:830} INFO - Processing file /Users/youssefdaaloul/venv/dbt_snowflake/airflow_venv_39/lib/python3.11/site-packages/airflow/example_dags/example_setup_teardown.py for tasks to queue
[2025-10-25T16:50:58.306+0200] {logging_mixin.py:188} INFO - [2025-10-25T16:50:58.306+0200] {dagbag.py:538} INFO - Filling up the DagBag from /Users/youssefdaaloul/venv/dbt_snowflake/airflow_venv_39/lib/python3.11/site-packages/airflow/example_dags/example_setup_teardown.py
[2025-10-25T16:50:58.309+0200] {processor.py:840} INFO - DAG(s) 'example_setup_teardown' retrieved from /Users/youssefdaaloul/venv/dbt_snowflake/airflow_venv_39/lib/python3.11/site-packages/airflow/example_dags/example_setup_teardown.py
[2025-10-25T16:50:58.370+0200] {logging_mixin.py:188} INFO - [2025-10-25T16:50:58.370+0200] {dag.py:3036} INFO - Sync 1 DAGs
[2025-10-25T16:50:58.377+0200] {logging_mixin.py:188} INFO - [2025-10-25T16:50:58.377+0200] {dag.py:3823} INFO - Setting next_dagrun for example_setup_teardown to 2025-10-24 00:00:00+00:00, run_after=2025-10-25 00:00:00+00:00
[2025-10-25T16:50:58.384+0200] {processor.py:183} INFO - Processing /Users/youssefdaaloul/venv/dbt_snowflake/airflow_venv_39/lib/python3.11/site-packages/airflow/example_dags/example_setup_teardown.py took 0.079 seconds
