[2025-10-25T16:09:14.610+0200] {processor.py:161} INFO - Started process (PID=71231) to work on /Users/youssefdaaloul/venv/dbt_snowflake/airflow_venv_39/lib/python3.11/site-packages/airflow/example_dags/example_latest_only.py
[2025-10-25T16:09:14.610+0200] {processor.py:830} INFO - Processing file /Users/youssefdaaloul/venv/dbt_snowflake/airflow_venv_39/lib/python3.11/site-packages/airflow/example_dags/example_latest_only.py for tasks to queue
[2025-10-25T16:09:14.611+0200] {logging_mixin.py:188} INFO - [2025-10-25T16:09:14.611+0200] {dagbag.py:538} INFO - Filling up the DagBag from /Users/youssefdaaloul/venv/dbt_snowflake/airflow_venv_39/lib/python3.11/site-packages/airflow/example_dags/example_latest_only.py
[2025-10-25T16:09:14.614+0200] {processor.py:840} INFO - DAG(s) 'latest_only' retrieved from /Users/youssefdaaloul/venv/dbt_snowflake/airflow_venv_39/lib/python3.11/site-packages/airflow/example_dags/example_latest_only.py
[2025-10-25T16:09:14.720+0200] {logging_mixin.py:188} INFO - [2025-10-25T16:09:14.720+0200] {dag.py:3036} INFO - Sync 1 DAGs
[2025-10-25T16:09:14.727+0200] {logging_mixin.py:188} INFO - [2025-10-25T16:09:14.727+0200] {dag.py:3823} INFO - Setting next_dagrun for latest_only to 2025-10-25 08:00:00+00:00, run_after=2025-10-25 12:00:00+00:00
[2025-10-25T16:09:14.735+0200] {processor.py:183} INFO - Processing /Users/youssefdaaloul/venv/dbt_snowflake/airflow_venv_39/lib/python3.11/site-packages/airflow/example_dags/example_latest_only.py took 0.125 seconds
[2025-10-25T16:11:17.020+0200] {processor.py:161} INFO - Started process (PID=71347) to work on /Users/youssefdaaloul/venv/dbt_snowflake/airflow_venv_39/lib/python3.11/site-packages/airflow/example_dags/example_latest_only.py
[2025-10-25T16:11:17.020+0200] {processor.py:830} INFO - Processing file /Users/youssefdaaloul/venv/dbt_snowflake/airflow_venv_39/lib/python3.11/site-packages/airflow/example_dags/example_latest_only.py for tasks to queue
[2025-10-25T16:11:17.021+0200] {logging_mixin.py:188} INFO - [2025-10-25T16:11:17.021+0200] {dagbag.py:538} INFO - Filling up the DagBag from /Users/youssefdaaloul/venv/dbt_snowflake/airflow_venv_39/lib/python3.11/site-packages/airflow/example_dags/example_latest_only.py
[2025-10-25T16:11:17.024+0200] {processor.py:840} INFO - DAG(s) 'latest_only' retrieved from /Users/youssefdaaloul/venv/dbt_snowflake/airflow_venv_39/lib/python3.11/site-packages/airflow/example_dags/example_latest_only.py
[2025-10-25T16:11:17.083+0200] {logging_mixin.py:188} INFO - [2025-10-25T16:11:17.083+0200] {dag.py:3036} INFO - Sync 1 DAGs
[2025-10-25T16:11:17.089+0200] {logging_mixin.py:188} INFO - [2025-10-25T16:11:17.089+0200] {dag.py:3823} INFO - Setting next_dagrun for latest_only to 2025-10-25 08:00:00+00:00, run_after=2025-10-25 12:00:00+00:00
[2025-10-25T16:11:17.095+0200] {processor.py:183} INFO - Processing /Users/youssefdaaloul/venv/dbt_snowflake/airflow_venv_39/lib/python3.11/site-packages/airflow/example_dags/example_latest_only.py took 0.076 seconds
[2025-10-25T16:13:13.597+0200] {processor.py:161} INFO - Started process (PID=71448) to work on /Users/youssefdaaloul/venv/dbt_snowflake/airflow_venv_39/lib/python3.11/site-packages/airflow/example_dags/example_latest_only.py
[2025-10-25T16:13:13.597+0200] {processor.py:830} INFO - Processing file /Users/youssefdaaloul/venv/dbt_snowflake/airflow_venv_39/lib/python3.11/site-packages/airflow/example_dags/example_latest_only.py for tasks to queue
[2025-10-25T16:13:13.598+0200] {logging_mixin.py:188} INFO - [2025-10-25T16:13:13.598+0200] {dagbag.py:538} INFO - Filling up the DagBag from /Users/youssefdaaloul/venv/dbt_snowflake/airflow_venv_39/lib/python3.11/site-packages/airflow/example_dags/example_latest_only.py
[2025-10-25T16:13:13.600+0200] {processor.py:840} INFO - DAG(s) 'latest_only' retrieved from /Users/youssefdaaloul/venv/dbt_snowflake/airflow_venv_39/lib/python3.11/site-packages/airflow/example_dags/example_latest_only.py
[2025-10-25T16:13:13.657+0200] {logging_mixin.py:188} INFO - [2025-10-25T16:13:13.657+0200] {dag.py:3036} INFO - Sync 1 DAGs
[2025-10-25T16:13:13.664+0200] {logging_mixin.py:188} INFO - [2025-10-25T16:13:13.664+0200] {dag.py:3823} INFO - Setting next_dagrun for latest_only to 2025-10-25 08:00:00+00:00, run_after=2025-10-25 12:00:00+00:00
[2025-10-25T16:13:13.671+0200] {processor.py:183} INFO - Processing /Users/youssefdaaloul/venv/dbt_snowflake/airflow_venv_39/lib/python3.11/site-packages/airflow/example_dags/example_latest_only.py took 0.074 seconds
[2025-10-25T16:15:19.143+0200] {processor.py:161} INFO - Started process (PID=71561) to work on /Users/youssefdaaloul/venv/dbt_snowflake/airflow_venv_39/lib/python3.11/site-packages/airflow/example_dags/example_latest_only.py
[2025-10-25T16:15:19.144+0200] {processor.py:830} INFO - Processing file /Users/youssefdaaloul/venv/dbt_snowflake/airflow_venv_39/lib/python3.11/site-packages/airflow/example_dags/example_latest_only.py for tasks to queue
[2025-10-25T16:15:19.144+0200] {logging_mixin.py:188} INFO - [2025-10-25T16:15:19.144+0200] {dagbag.py:538} INFO - Filling up the DagBag from /Users/youssefdaaloul/venv/dbt_snowflake/airflow_venv_39/lib/python3.11/site-packages/airflow/example_dags/example_latest_only.py
[2025-10-25T16:15:19.148+0200] {processor.py:840} INFO - DAG(s) 'latest_only' retrieved from /Users/youssefdaaloul/venv/dbt_snowflake/airflow_venv_39/lib/python3.11/site-packages/airflow/example_dags/example_latest_only.py
[2025-10-25T16:15:19.215+0200] {logging_mixin.py:188} INFO - [2025-10-25T16:15:19.215+0200] {dag.py:3036} INFO - Sync 1 DAGs
[2025-10-25T16:15:19.223+0200] {logging_mixin.py:188} INFO - [2025-10-25T16:15:19.223+0200] {dag.py:3823} INFO - Setting next_dagrun for latest_only to 2025-10-25 08:00:00+00:00, run_after=2025-10-25 12:00:00+00:00
[2025-10-25T16:15:19.232+0200] {processor.py:183} INFO - Processing /Users/youssefdaaloul/venv/dbt_snowflake/airflow_venv_39/lib/python3.11/site-packages/airflow/example_dags/example_latest_only.py took 0.089 seconds
[2025-10-25T16:17:16.887+0200] {processor.py:161} INFO - Started process (PID=71657) to work on /Users/youssefdaaloul/venv/dbt_snowflake/airflow_venv_39/lib/python3.11/site-packages/airflow/example_dags/example_latest_only.py
[2025-10-25T16:17:16.888+0200] {processor.py:830} INFO - Processing file /Users/youssefdaaloul/venv/dbt_snowflake/airflow_venv_39/lib/python3.11/site-packages/airflow/example_dags/example_latest_only.py for tasks to queue
[2025-10-25T16:17:16.888+0200] {logging_mixin.py:188} INFO - [2025-10-25T16:17:16.888+0200] {dagbag.py:538} INFO - Filling up the DagBag from /Users/youssefdaaloul/venv/dbt_snowflake/airflow_venv_39/lib/python3.11/site-packages/airflow/example_dags/example_latest_only.py
[2025-10-25T16:17:16.894+0200] {processor.py:840} INFO - DAG(s) 'latest_only' retrieved from /Users/youssefdaaloul/venv/dbt_snowflake/airflow_venv_39/lib/python3.11/site-packages/airflow/example_dags/example_latest_only.py
[2025-10-25T16:17:16.960+0200] {logging_mixin.py:188} INFO - [2025-10-25T16:17:16.959+0200] {dag.py:3036} INFO - Sync 1 DAGs
[2025-10-25T16:17:16.965+0200] {logging_mixin.py:188} INFO - [2025-10-25T16:17:16.965+0200] {dag.py:3823} INFO - Setting next_dagrun for latest_only to 2025-10-25 08:00:00+00:00, run_after=2025-10-25 12:00:00+00:00
[2025-10-25T16:17:16.973+0200] {processor.py:183} INFO - Processing /Users/youssefdaaloul/venv/dbt_snowflake/airflow_venv_39/lib/python3.11/site-packages/airflow/example_dags/example_latest_only.py took 0.086 seconds
[2025-10-25T16:19:19.508+0200] {processor.py:161} INFO - Started process (PID=71782) to work on /Users/youssefdaaloul/venv/dbt_snowflake/airflow_venv_39/lib/python3.11/site-packages/airflow/example_dags/example_latest_only.py
[2025-10-25T16:19:19.509+0200] {processor.py:830} INFO - Processing file /Users/youssefdaaloul/venv/dbt_snowflake/airflow_venv_39/lib/python3.11/site-packages/airflow/example_dags/example_latest_only.py for tasks to queue
[2025-10-25T16:19:19.510+0200] {logging_mixin.py:188} INFO - [2025-10-25T16:19:19.510+0200] {dagbag.py:538} INFO - Filling up the DagBag from /Users/youssefdaaloul/venv/dbt_snowflake/airflow_venv_39/lib/python3.11/site-packages/airflow/example_dags/example_latest_only.py
[2025-10-25T16:19:19.513+0200] {processor.py:840} INFO - DAG(s) 'latest_only' retrieved from /Users/youssefdaaloul/venv/dbt_snowflake/airflow_venv_39/lib/python3.11/site-packages/airflow/example_dags/example_latest_only.py
[2025-10-25T16:19:19.589+0200] {logging_mixin.py:188} INFO - [2025-10-25T16:19:19.589+0200] {dag.py:3036} INFO - Sync 1 DAGs
[2025-10-25T16:19:19.596+0200] {logging_mixin.py:188} INFO - [2025-10-25T16:19:19.595+0200] {dag.py:3823} INFO - Setting next_dagrun for latest_only to 2025-10-25 08:00:00+00:00, run_after=2025-10-25 12:00:00+00:00
[2025-10-25T16:19:19.603+0200] {processor.py:183} INFO - Processing /Users/youssefdaaloul/venv/dbt_snowflake/airflow_venv_39/lib/python3.11/site-packages/airflow/example_dags/example_latest_only.py took 0.095 seconds
[2025-10-25T16:21:21.204+0200] {processor.py:161} INFO - Started process (PID=71889) to work on /Users/youssefdaaloul/venv/dbt_snowflake/airflow_venv_39/lib/python3.11/site-packages/airflow/example_dags/example_latest_only.py
[2025-10-25T16:21:21.204+0200] {processor.py:830} INFO - Processing file /Users/youssefdaaloul/venv/dbt_snowflake/airflow_venv_39/lib/python3.11/site-packages/airflow/example_dags/example_latest_only.py for tasks to queue
[2025-10-25T16:21:21.205+0200] {logging_mixin.py:188} INFO - [2025-10-25T16:21:21.205+0200] {dagbag.py:538} INFO - Filling up the DagBag from /Users/youssefdaaloul/venv/dbt_snowflake/airflow_venv_39/lib/python3.11/site-packages/airflow/example_dags/example_latest_only.py
[2025-10-25T16:21:21.208+0200] {processor.py:840} INFO - DAG(s) 'latest_only' retrieved from /Users/youssefdaaloul/venv/dbt_snowflake/airflow_venv_39/lib/python3.11/site-packages/airflow/example_dags/example_latest_only.py
[2025-10-25T16:21:21.266+0200] {logging_mixin.py:188} INFO - [2025-10-25T16:21:21.266+0200] {dag.py:3036} INFO - Sync 1 DAGs
[2025-10-25T16:21:21.272+0200] {logging_mixin.py:188} INFO - [2025-10-25T16:21:21.272+0200] {dag.py:3823} INFO - Setting next_dagrun for latest_only to 2025-10-25 08:00:00+00:00, run_after=2025-10-25 12:00:00+00:00
[2025-10-25T16:21:21.278+0200] {processor.py:183} INFO - Processing /Users/youssefdaaloul/venv/dbt_snowflake/airflow_venv_39/lib/python3.11/site-packages/airflow/example_dags/example_latest_only.py took 0.075 seconds
[2025-10-25T16:23:07.237+0200] {processor.py:161} INFO - Started process (PID=71989) to work on /Users/youssefdaaloul/venv/dbt_snowflake/airflow_venv_39/lib/python3.11/site-packages/airflow/example_dags/example_latest_only.py
[2025-10-25T16:23:07.238+0200] {processor.py:830} INFO - Processing file /Users/youssefdaaloul/venv/dbt_snowflake/airflow_venv_39/lib/python3.11/site-packages/airflow/example_dags/example_latest_only.py for tasks to queue
[2025-10-25T16:23:07.238+0200] {logging_mixin.py:188} INFO - [2025-10-25T16:23:07.238+0200] {dagbag.py:538} INFO - Filling up the DagBag from /Users/youssefdaaloul/venv/dbt_snowflake/airflow_venv_39/lib/python3.11/site-packages/airflow/example_dags/example_latest_only.py
[2025-10-25T16:23:07.242+0200] {processor.py:840} INFO - DAG(s) 'latest_only' retrieved from /Users/youssefdaaloul/venv/dbt_snowflake/airflow_venv_39/lib/python3.11/site-packages/airflow/example_dags/example_latest_only.py
[2025-10-25T16:23:07.299+0200] {logging_mixin.py:188} INFO - [2025-10-25T16:23:07.299+0200] {dag.py:3036} INFO - Sync 1 DAGs
[2025-10-25T16:23:07.304+0200] {logging_mixin.py:188} INFO - [2025-10-25T16:23:07.304+0200] {dag.py:3823} INFO - Setting next_dagrun for latest_only to 2025-10-25 08:00:00+00:00, run_after=2025-10-25 12:00:00+00:00
[2025-10-25T16:23:07.311+0200] {processor.py:183} INFO - Processing /Users/youssefdaaloul/venv/dbt_snowflake/airflow_venv_39/lib/python3.11/site-packages/airflow/example_dags/example_latest_only.py took 0.074 seconds
[2025-10-25T16:24:58.523+0200] {processor.py:161} INFO - Started process (PID=72090) to work on /Users/youssefdaaloul/venv/dbt_snowflake/airflow_venv_39/lib/python3.11/site-packages/airflow/example_dags/example_latest_only.py
[2025-10-25T16:24:58.524+0200] {processor.py:830} INFO - Processing file /Users/youssefdaaloul/venv/dbt_snowflake/airflow_venv_39/lib/python3.11/site-packages/airflow/example_dags/example_latest_only.py for tasks to queue
[2025-10-25T16:24:58.524+0200] {logging_mixin.py:188} INFO - [2025-10-25T16:24:58.524+0200] {dagbag.py:538} INFO - Filling up the DagBag from /Users/youssefdaaloul/venv/dbt_snowflake/airflow_venv_39/lib/python3.11/site-packages/airflow/example_dags/example_latest_only.py
[2025-10-25T16:24:58.528+0200] {processor.py:840} INFO - DAG(s) 'latest_only' retrieved from /Users/youssefdaaloul/venv/dbt_snowflake/airflow_venv_39/lib/python3.11/site-packages/airflow/example_dags/example_latest_only.py
[2025-10-25T16:24:58.585+0200] {logging_mixin.py:188} INFO - [2025-10-25T16:24:58.585+0200] {dag.py:3036} INFO - Sync 1 DAGs
[2025-10-25T16:24:58.590+0200] {logging_mixin.py:188} INFO - [2025-10-25T16:24:58.590+0200] {dag.py:3823} INFO - Setting next_dagrun for latest_only to 2025-10-25 08:00:00+00:00, run_after=2025-10-25 12:00:00+00:00
[2025-10-25T16:24:58.597+0200] {processor.py:183} INFO - Processing /Users/youssefdaaloul/venv/dbt_snowflake/airflow_venv_39/lib/python3.11/site-packages/airflow/example_dags/example_latest_only.py took 0.074 seconds
[2025-10-25T16:26:44.096+0200] {processor.py:161} INFO - Started process (PID=72202) to work on /Users/youssefdaaloul/venv/dbt_snowflake/airflow_venv_39/lib/python3.11/site-packages/airflow/example_dags/example_latest_only.py
[2025-10-25T16:26:44.097+0200] {processor.py:830} INFO - Processing file /Users/youssefdaaloul/venv/dbt_snowflake/airflow_venv_39/lib/python3.11/site-packages/airflow/example_dags/example_latest_only.py for tasks to queue
[2025-10-25T16:26:44.097+0200] {logging_mixin.py:188} INFO - [2025-10-25T16:26:44.097+0200] {dagbag.py:538} INFO - Filling up the DagBag from /Users/youssefdaaloul/venv/dbt_snowflake/airflow_venv_39/lib/python3.11/site-packages/airflow/example_dags/example_latest_only.py
[2025-10-25T16:26:44.100+0200] {processor.py:840} INFO - DAG(s) 'latest_only' retrieved from /Users/youssefdaaloul/venv/dbt_snowflake/airflow_venv_39/lib/python3.11/site-packages/airflow/example_dags/example_latest_only.py
[2025-10-25T16:26:44.156+0200] {logging_mixin.py:188} INFO - [2025-10-25T16:26:44.156+0200] {dag.py:3036} INFO - Sync 1 DAGs
[2025-10-25T16:26:44.162+0200] {logging_mixin.py:188} INFO - [2025-10-25T16:26:44.162+0200] {dag.py:3823} INFO - Setting next_dagrun for latest_only to 2025-10-25 08:00:00+00:00, run_after=2025-10-25 12:00:00+00:00
[2025-10-25T16:26:44.170+0200] {processor.py:183} INFO - Processing /Users/youssefdaaloul/venv/dbt_snowflake/airflow_venv_39/lib/python3.11/site-packages/airflow/example_dags/example_latest_only.py took 0.074 seconds
[2025-10-25T16:28:40.520+0200] {processor.py:161} INFO - Started process (PID=72324) to work on /Users/youssefdaaloul/venv/dbt_snowflake/airflow_venv_39/lib/python3.11/site-packages/airflow/example_dags/example_latest_only.py
[2025-10-25T16:28:40.521+0200] {processor.py:830} INFO - Processing file /Users/youssefdaaloul/venv/dbt_snowflake/airflow_venv_39/lib/python3.11/site-packages/airflow/example_dags/example_latest_only.py for tasks to queue
[2025-10-25T16:28:40.521+0200] {logging_mixin.py:188} INFO - [2025-10-25T16:28:40.521+0200] {dagbag.py:538} INFO - Filling up the DagBag from /Users/youssefdaaloul/venv/dbt_snowflake/airflow_venv_39/lib/python3.11/site-packages/airflow/example_dags/example_latest_only.py
[2025-10-25T16:28:40.524+0200] {processor.py:840} INFO - DAG(s) 'latest_only' retrieved from /Users/youssefdaaloul/venv/dbt_snowflake/airflow_venv_39/lib/python3.11/site-packages/airflow/example_dags/example_latest_only.py
[2025-10-25T16:28:40.586+0200] {logging_mixin.py:188} INFO - [2025-10-25T16:28:40.586+0200] {dag.py:3036} INFO - Sync 1 DAGs
[2025-10-25T16:28:40.592+0200] {logging_mixin.py:188} INFO - [2025-10-25T16:28:40.592+0200] {dag.py:3823} INFO - Setting next_dagrun for latest_only to 2025-10-25 08:00:00+00:00, run_after=2025-10-25 12:00:00+00:00
[2025-10-25T16:28:40.599+0200] {processor.py:183} INFO - Processing /Users/youssefdaaloul/venv/dbt_snowflake/airflow_venv_39/lib/python3.11/site-packages/airflow/example_dags/example_latest_only.py took 0.079 seconds
[2025-10-25T16:30:39.026+0200] {processor.py:161} INFO - Started process (PID=72441) to work on /Users/youssefdaaloul/venv/dbt_snowflake/airflow_venv_39/lib/python3.11/site-packages/airflow/example_dags/example_latest_only.py
[2025-10-25T16:30:39.027+0200] {processor.py:830} INFO - Processing file /Users/youssefdaaloul/venv/dbt_snowflake/airflow_venv_39/lib/python3.11/site-packages/airflow/example_dags/example_latest_only.py for tasks to queue
[2025-10-25T16:30:39.027+0200] {logging_mixin.py:188} INFO - [2025-10-25T16:30:39.027+0200] {dagbag.py:538} INFO - Filling up the DagBag from /Users/youssefdaaloul/venv/dbt_snowflake/airflow_venv_39/lib/python3.11/site-packages/airflow/example_dags/example_latest_only.py
[2025-10-25T16:30:39.031+0200] {processor.py:840} INFO - DAG(s) 'latest_only' retrieved from /Users/youssefdaaloul/venv/dbt_snowflake/airflow_venv_39/lib/python3.11/site-packages/airflow/example_dags/example_latest_only.py
[2025-10-25T16:30:39.088+0200] {logging_mixin.py:188} INFO - [2025-10-25T16:30:39.088+0200] {dag.py:3036} INFO - Sync 1 DAGs
[2025-10-25T16:30:39.094+0200] {logging_mixin.py:188} INFO - [2025-10-25T16:30:39.094+0200] {dag.py:3823} INFO - Setting next_dagrun for latest_only to 2025-10-25 08:00:00+00:00, run_after=2025-10-25 12:00:00+00:00
[2025-10-25T16:30:39.101+0200] {processor.py:183} INFO - Processing /Users/youssefdaaloul/venv/dbt_snowflake/airflow_venv_39/lib/python3.11/site-packages/airflow/example_dags/example_latest_only.py took 0.075 seconds
[2025-10-25T16:32:30.638+0200] {processor.py:161} INFO - Started process (PID=72607) to work on /Users/youssefdaaloul/venv/dbt_snowflake/airflow_venv_39/lib/python3.11/site-packages/airflow/example_dags/example_latest_only.py
[2025-10-25T16:32:30.639+0200] {processor.py:830} INFO - Processing file /Users/youssefdaaloul/venv/dbt_snowflake/airflow_venv_39/lib/python3.11/site-packages/airflow/example_dags/example_latest_only.py for tasks to queue
[2025-10-25T16:32:30.639+0200] {logging_mixin.py:188} INFO - [2025-10-25T16:32:30.639+0200] {dagbag.py:538} INFO - Filling up the DagBag from /Users/youssefdaaloul/venv/dbt_snowflake/airflow_venv_39/lib/python3.11/site-packages/airflow/example_dags/example_latest_only.py
[2025-10-25T16:32:30.642+0200] {processor.py:840} INFO - DAG(s) 'latest_only' retrieved from /Users/youssefdaaloul/venv/dbt_snowflake/airflow_venv_39/lib/python3.11/site-packages/airflow/example_dags/example_latest_only.py
[2025-10-25T16:32:30.699+0200] {logging_mixin.py:188} INFO - [2025-10-25T16:32:30.699+0200] {dag.py:3036} INFO - Sync 1 DAGs
[2025-10-25T16:32:30.706+0200] {logging_mixin.py:188} INFO - [2025-10-25T16:32:30.706+0200] {dag.py:3823} INFO - Setting next_dagrun for latest_only to 2025-10-25 08:00:00+00:00, run_after=2025-10-25 12:00:00+00:00
[2025-10-25T16:32:30.713+0200] {processor.py:183} INFO - Processing /Users/youssefdaaloul/venv/dbt_snowflake/airflow_venv_39/lib/python3.11/site-packages/airflow/example_dags/example_latest_only.py took 0.076 seconds
[2025-10-25T16:34:31.105+0200] {processor.py:161} INFO - Started process (PID=72752) to work on /Users/youssefdaaloul/venv/dbt_snowflake/airflow_venv_39/lib/python3.11/site-packages/airflow/example_dags/example_latest_only.py
[2025-10-25T16:34:31.106+0200] {processor.py:830} INFO - Processing file /Users/youssefdaaloul/venv/dbt_snowflake/airflow_venv_39/lib/python3.11/site-packages/airflow/example_dags/example_latest_only.py for tasks to queue
[2025-10-25T16:34:31.106+0200] {logging_mixin.py:188} INFO - [2025-10-25T16:34:31.106+0200] {dagbag.py:538} INFO - Filling up the DagBag from /Users/youssefdaaloul/venv/dbt_snowflake/airflow_venv_39/lib/python3.11/site-packages/airflow/example_dags/example_latest_only.py
[2025-10-25T16:34:31.109+0200] {processor.py:840} INFO - DAG(s) 'latest_only' retrieved from /Users/youssefdaaloul/venv/dbt_snowflake/airflow_venv_39/lib/python3.11/site-packages/airflow/example_dags/example_latest_only.py
[2025-10-25T16:34:31.166+0200] {logging_mixin.py:188} INFO - [2025-10-25T16:34:31.166+0200] {dag.py:3036} INFO - Sync 1 DAGs
[2025-10-25T16:34:31.172+0200] {logging_mixin.py:188} INFO - [2025-10-25T16:34:31.172+0200] {dag.py:3823} INFO - Setting next_dagrun for latest_only to 2025-10-25 08:00:00+00:00, run_after=2025-10-25 12:00:00+00:00
[2025-10-25T16:34:31.179+0200] {processor.py:183} INFO - Processing /Users/youssefdaaloul/venv/dbt_snowflake/airflow_venv_39/lib/python3.11/site-packages/airflow/example_dags/example_latest_only.py took 0.075 seconds
[2025-10-25T16:36:27.955+0200] {processor.py:161} INFO - Started process (PID=72916) to work on /Users/youssefdaaloul/venv/dbt_snowflake/airflow_venv_39/lib/python3.11/site-packages/airflow/example_dags/example_latest_only.py
[2025-10-25T16:36:27.956+0200] {processor.py:830} INFO - Processing file /Users/youssefdaaloul/venv/dbt_snowflake/airflow_venv_39/lib/python3.11/site-packages/airflow/example_dags/example_latest_only.py for tasks to queue
[2025-10-25T16:36:27.956+0200] {logging_mixin.py:188} INFO - [2025-10-25T16:36:27.956+0200] {dagbag.py:538} INFO - Filling up the DagBag from /Users/youssefdaaloul/venv/dbt_snowflake/airflow_venv_39/lib/python3.11/site-packages/airflow/example_dags/example_latest_only.py
[2025-10-25T16:36:27.959+0200] {processor.py:840} INFO - DAG(s) 'latest_only' retrieved from /Users/youssefdaaloul/venv/dbt_snowflake/airflow_venv_39/lib/python3.11/site-packages/airflow/example_dags/example_latest_only.py
[2025-10-25T16:36:28.020+0200] {logging_mixin.py:188} INFO - [2025-10-25T16:36:28.020+0200] {dag.py:3036} INFO - Sync 1 DAGs
[2025-10-25T16:36:28.027+0200] {logging_mixin.py:188} INFO - [2025-10-25T16:36:28.026+0200] {dag.py:3823} INFO - Setting next_dagrun for latest_only to 2025-10-25 08:00:00+00:00, run_after=2025-10-25 12:00:00+00:00
[2025-10-25T16:36:28.034+0200] {processor.py:183} INFO - Processing /Users/youssefdaaloul/venv/dbt_snowflake/airflow_venv_39/lib/python3.11/site-packages/airflow/example_dags/example_latest_only.py took 0.079 seconds
