[2025-10-25T16:08:52.689+0200] {processor.py:161} INFO - Started process (PID=71212) to work on /Users/youssefdaaloul/venv/dbt_snowflake/airflow_venv_39/lib/python3.11/site-packages/airflow/example_dags/example_short_circuit_decorator.py
[2025-10-25T16:08:52.690+0200] {processor.py:830} INFO - Processing file /Users/youssefdaaloul/venv/dbt_snowflake/airflow_venv_39/lib/python3.11/site-packages/airflow/example_dags/example_short_circuit_decorator.py for tasks to queue
[2025-10-25T16:08:52.690+0200] {logging_mixin.py:188} INFO - [2025-10-25T16:08:52.690+0200] {dagbag.py:538} INFO - Filling up the DagBag from /Users/youssefdaaloul/venv/dbt_snowflake/airflow_venv_39/lib/python3.11/site-packages/airflow/example_dags/example_short_circuit_decorator.py
[2025-10-25T16:08:52.706+0200] {processor.py:840} INFO - DAG(s) 'example_short_circuit_decorator' retrieved from /Users/youssefdaaloul/venv/dbt_snowflake/airflow_venv_39/lib/python3.11/site-packages/airflow/example_dags/example_short_circuit_decorator.py
[2025-10-25T16:08:52.808+0200] {logging_mixin.py:188} INFO - [2025-10-25T16:08:52.808+0200] {dag.py:3036} INFO - Sync 1 DAGs
[2025-10-25T16:08:52.817+0200] {logging_mixin.py:188} INFO - [2025-10-25T16:08:52.817+0200] {dag.py:3823} INFO - Setting next_dagrun for example_short_circuit_decorator to 2025-10-24 00:00:00+00:00, run_after=2025-10-25 00:00:00+00:00
[2025-10-25T16:08:52.830+0200] {processor.py:183} INFO - Processing /Users/youssefdaaloul/venv/dbt_snowflake/airflow_venv_39/lib/python3.11/site-packages/airflow/example_dags/example_short_circuit_decorator.py took 0.141 seconds
[2025-10-25T16:10:25.201+0200] {processor.py:161} INFO - Started process (PID=71298) to work on /Users/youssefdaaloul/venv/dbt_snowflake/airflow_venv_39/lib/python3.11/site-packages/airflow/example_dags/example_short_circuit_decorator.py
[2025-10-25T16:10:25.202+0200] {processor.py:830} INFO - Processing file /Users/youssefdaaloul/venv/dbt_snowflake/airflow_venv_39/lib/python3.11/site-packages/airflow/example_dags/example_short_circuit_decorator.py for tasks to queue
[2025-10-25T16:10:25.202+0200] {logging_mixin.py:188} INFO - [2025-10-25T16:10:25.202+0200] {dagbag.py:538} INFO - Filling up the DagBag from /Users/youssefdaaloul/venv/dbt_snowflake/airflow_venv_39/lib/python3.11/site-packages/airflow/example_dags/example_short_circuit_decorator.py
[2025-10-25T16:10:25.218+0200] {processor.py:840} INFO - DAG(s) 'example_short_circuit_decorator' retrieved from /Users/youssefdaaloul/venv/dbt_snowflake/airflow_venv_39/lib/python3.11/site-packages/airflow/example_dags/example_short_circuit_decorator.py
[2025-10-25T16:10:25.286+0200] {logging_mixin.py:188} INFO - [2025-10-25T16:10:25.285+0200] {dag.py:3036} INFO - Sync 1 DAGs
[2025-10-25T16:10:25.294+0200] {logging_mixin.py:188} INFO - [2025-10-25T16:10:25.294+0200] {dag.py:3823} INFO - Setting next_dagrun for example_short_circuit_decorator to 2025-10-24 00:00:00+00:00, run_after=2025-10-25 00:00:00+00:00
[2025-10-25T16:10:25.302+0200] {processor.py:183} INFO - Processing /Users/youssefdaaloul/venv/dbt_snowflake/airflow_venv_39/lib/python3.11/site-packages/airflow/example_dags/example_short_circuit_decorator.py took 0.101 seconds
[2025-10-25T16:12:22.645+0200] {processor.py:161} INFO - Started process (PID=71409) to work on /Users/youssefdaaloul/venv/dbt_snowflake/airflow_venv_39/lib/python3.11/site-packages/airflow/example_dags/example_short_circuit_decorator.py
[2025-10-25T16:12:22.646+0200] {processor.py:830} INFO - Processing file /Users/youssefdaaloul/venv/dbt_snowflake/airflow_venv_39/lib/python3.11/site-packages/airflow/example_dags/example_short_circuit_decorator.py for tasks to queue
[2025-10-25T16:12:22.646+0200] {logging_mixin.py:188} INFO - [2025-10-25T16:12:22.646+0200] {dagbag.py:538} INFO - Filling up the DagBag from /Users/youssefdaaloul/venv/dbt_snowflake/airflow_venv_39/lib/python3.11/site-packages/airflow/example_dags/example_short_circuit_decorator.py
[2025-10-25T16:12:22.661+0200] {processor.py:840} INFO - DAG(s) 'example_short_circuit_decorator' retrieved from /Users/youssefdaaloul/venv/dbt_snowflake/airflow_venv_39/lib/python3.11/site-packages/airflow/example_dags/example_short_circuit_decorator.py
[2025-10-25T16:12:22.718+0200] {logging_mixin.py:188} INFO - [2025-10-25T16:12:22.717+0200] {dag.py:3036} INFO - Sync 1 DAGs
[2025-10-25T16:12:22.724+0200] {logging_mixin.py:188} INFO - [2025-10-25T16:12:22.724+0200] {dag.py:3823} INFO - Setting next_dagrun for example_short_circuit_decorator to 2025-10-24 00:00:00+00:00, run_after=2025-10-25 00:00:00+00:00
[2025-10-25T16:12:22.731+0200] {processor.py:183} INFO - Processing /Users/youssefdaaloul/venv/dbt_snowflake/airflow_venv_39/lib/python3.11/site-packages/airflow/example_dags/example_short_circuit_decorator.py took 0.087 seconds
[2025-10-25T16:14:20.653+0200] {processor.py:161} INFO - Started process (PID=71506) to work on /Users/youssefdaaloul/venv/dbt_snowflake/airflow_venv_39/lib/python3.11/site-packages/airflow/example_dags/example_short_circuit_decorator.py
[2025-10-25T16:14:20.654+0200] {processor.py:830} INFO - Processing file /Users/youssefdaaloul/venv/dbt_snowflake/airflow_venv_39/lib/python3.11/site-packages/airflow/example_dags/example_short_circuit_decorator.py for tasks to queue
[2025-10-25T16:14:20.654+0200] {logging_mixin.py:188} INFO - [2025-10-25T16:14:20.654+0200] {dagbag.py:538} INFO - Filling up the DagBag from /Users/youssefdaaloul/venv/dbt_snowflake/airflow_venv_39/lib/python3.11/site-packages/airflow/example_dags/example_short_circuit_decorator.py
[2025-10-25T16:14:20.670+0200] {processor.py:840} INFO - DAG(s) 'example_short_circuit_decorator' retrieved from /Users/youssefdaaloul/venv/dbt_snowflake/airflow_venv_39/lib/python3.11/site-packages/airflow/example_dags/example_short_circuit_decorator.py
[2025-10-25T16:14:20.732+0200] {logging_mixin.py:188} INFO - [2025-10-25T16:14:20.732+0200] {dag.py:3036} INFO - Sync 1 DAGs
[2025-10-25T16:14:20.739+0200] {logging_mixin.py:188} INFO - [2025-10-25T16:14:20.738+0200] {dag.py:3823} INFO - Setting next_dagrun for example_short_circuit_decorator to 2025-10-24 00:00:00+00:00, run_after=2025-10-25 00:00:00+00:00
[2025-10-25T16:14:20.745+0200] {processor.py:183} INFO - Processing /Users/youssefdaaloul/venv/dbt_snowflake/airflow_venv_39/lib/python3.11/site-packages/airflow/example_dags/example_short_circuit_decorator.py took 0.093 seconds
[2025-10-25T16:16:23.444+0200] {processor.py:161} INFO - Started process (PID=71620) to work on /Users/youssefdaaloul/venv/dbt_snowflake/airflow_venv_39/lib/python3.11/site-packages/airflow/example_dags/example_short_circuit_decorator.py
[2025-10-25T16:16:23.445+0200] {processor.py:830} INFO - Processing file /Users/youssefdaaloul/venv/dbt_snowflake/airflow_venv_39/lib/python3.11/site-packages/airflow/example_dags/example_short_circuit_decorator.py for tasks to queue
[2025-10-25T16:16:23.445+0200] {logging_mixin.py:188} INFO - [2025-10-25T16:16:23.445+0200] {dagbag.py:538} INFO - Filling up the DagBag from /Users/youssefdaaloul/venv/dbt_snowflake/airflow_venv_39/lib/python3.11/site-packages/airflow/example_dags/example_short_circuit_decorator.py
[2025-10-25T16:16:23.461+0200] {processor.py:840} INFO - DAG(s) 'example_short_circuit_decorator' retrieved from /Users/youssefdaaloul/venv/dbt_snowflake/airflow_venv_39/lib/python3.11/site-packages/airflow/example_dags/example_short_circuit_decorator.py
[2025-10-25T16:16:23.522+0200] {logging_mixin.py:188} INFO - [2025-10-25T16:16:23.522+0200] {dag.py:3036} INFO - Sync 1 DAGs
[2025-10-25T16:16:23.528+0200] {logging_mixin.py:188} INFO - [2025-10-25T16:16:23.528+0200] {dag.py:3823} INFO - Setting next_dagrun for example_short_circuit_decorator to 2025-10-24 00:00:00+00:00, run_after=2025-10-25 00:00:00+00:00
[2025-10-25T16:16:23.535+0200] {processor.py:183} INFO - Processing /Users/youssefdaaloul/venv/dbt_snowflake/airflow_venv_39/lib/python3.11/site-packages/airflow/example_dags/example_short_circuit_decorator.py took 0.091 seconds
[2025-10-25T16:18:23.348+0200] {processor.py:161} INFO - Started process (PID=71719) to work on /Users/youssefdaaloul/venv/dbt_snowflake/airflow_venv_39/lib/python3.11/site-packages/airflow/example_dags/example_short_circuit_decorator.py
[2025-10-25T16:18:23.349+0200] {processor.py:830} INFO - Processing file /Users/youssefdaaloul/venv/dbt_snowflake/airflow_venv_39/lib/python3.11/site-packages/airflow/example_dags/example_short_circuit_decorator.py for tasks to queue
[2025-10-25T16:18:23.349+0200] {logging_mixin.py:188} INFO - [2025-10-25T16:18:23.349+0200] {dagbag.py:538} INFO - Filling up the DagBag from /Users/youssefdaaloul/venv/dbt_snowflake/airflow_venv_39/lib/python3.11/site-packages/airflow/example_dags/example_short_circuit_decorator.py
[2025-10-25T16:18:23.365+0200] {processor.py:840} INFO - DAG(s) 'example_short_circuit_decorator' retrieved from /Users/youssefdaaloul/venv/dbt_snowflake/airflow_venv_39/lib/python3.11/site-packages/airflow/example_dags/example_short_circuit_decorator.py
[2025-10-25T16:18:23.426+0200] {logging_mixin.py:188} INFO - [2025-10-25T16:18:23.426+0200] {dag.py:3036} INFO - Sync 1 DAGs
[2025-10-25T16:18:23.433+0200] {logging_mixin.py:188} INFO - [2025-10-25T16:18:23.433+0200] {dag.py:3823} INFO - Setting next_dagrun for example_short_circuit_decorator to 2025-10-24 00:00:00+00:00, run_after=2025-10-25 00:00:00+00:00
[2025-10-25T16:18:23.440+0200] {processor.py:183} INFO - Processing /Users/youssefdaaloul/venv/dbt_snowflake/airflow_venv_39/lib/python3.11/site-packages/airflow/example_dags/example_short_circuit_decorator.py took 0.093 seconds
[2025-10-25T16:20:30.132+0200] {processor.py:161} INFO - Started process (PID=71845) to work on /Users/youssefdaaloul/venv/dbt_snowflake/airflow_venv_39/lib/python3.11/site-packages/airflow/example_dags/example_short_circuit_decorator.py
[2025-10-25T16:20:30.132+0200] {processor.py:830} INFO - Processing file /Users/youssefdaaloul/venv/dbt_snowflake/airflow_venv_39/lib/python3.11/site-packages/airflow/example_dags/example_short_circuit_decorator.py for tasks to queue
[2025-10-25T16:20:30.133+0200] {logging_mixin.py:188} INFO - [2025-10-25T16:20:30.132+0200] {dagbag.py:538} INFO - Filling up the DagBag from /Users/youssefdaaloul/venv/dbt_snowflake/airflow_venv_39/lib/python3.11/site-packages/airflow/example_dags/example_short_circuit_decorator.py
[2025-10-25T16:20:30.149+0200] {processor.py:840} INFO - DAG(s) 'example_short_circuit_decorator' retrieved from /Users/youssefdaaloul/venv/dbt_snowflake/airflow_venv_39/lib/python3.11/site-packages/airflow/example_dags/example_short_circuit_decorator.py
[2025-10-25T16:20:30.206+0200] {logging_mixin.py:188} INFO - [2025-10-25T16:20:30.206+0200] {dag.py:3036} INFO - Sync 1 DAGs
[2025-10-25T16:20:30.212+0200] {logging_mixin.py:188} INFO - [2025-10-25T16:20:30.212+0200] {dag.py:3823} INFO - Setting next_dagrun for example_short_circuit_decorator to 2025-10-24 00:00:00+00:00, run_after=2025-10-25 00:00:00+00:00
[2025-10-25T16:20:30.219+0200] {processor.py:183} INFO - Processing /Users/youssefdaaloul/venv/dbt_snowflake/airflow_venv_39/lib/python3.11/site-packages/airflow/example_dags/example_short_circuit_decorator.py took 0.088 seconds
[2025-10-25T16:22:18.863+0200] {processor.py:161} INFO - Started process (PID=71932) to work on /Users/youssefdaaloul/venv/dbt_snowflake/airflow_venv_39/lib/python3.11/site-packages/airflow/example_dags/example_short_circuit_decorator.py
[2025-10-25T16:22:18.864+0200] {processor.py:830} INFO - Processing file /Users/youssefdaaloul/venv/dbt_snowflake/airflow_venv_39/lib/python3.11/site-packages/airflow/example_dags/example_short_circuit_decorator.py for tasks to queue
[2025-10-25T16:22:18.865+0200] {logging_mixin.py:188} INFO - [2025-10-25T16:22:18.864+0200] {dagbag.py:538} INFO - Filling up the DagBag from /Users/youssefdaaloul/venv/dbt_snowflake/airflow_venv_39/lib/python3.11/site-packages/airflow/example_dags/example_short_circuit_decorator.py
[2025-10-25T16:22:18.880+0200] {processor.py:840} INFO - DAG(s) 'example_short_circuit_decorator' retrieved from /Users/youssefdaaloul/venv/dbt_snowflake/airflow_venv_39/lib/python3.11/site-packages/airflow/example_dags/example_short_circuit_decorator.py
[2025-10-25T16:22:18.937+0200] {logging_mixin.py:188} INFO - [2025-10-25T16:22:18.937+0200] {dag.py:3036} INFO - Sync 1 DAGs
[2025-10-25T16:22:18.943+0200] {logging_mixin.py:188} INFO - [2025-10-25T16:22:18.943+0200] {dag.py:3823} INFO - Setting next_dagrun for example_short_circuit_decorator to 2025-10-24 00:00:00+00:00, run_after=2025-10-25 00:00:00+00:00
[2025-10-25T16:22:18.952+0200] {processor.py:183} INFO - Processing /Users/youssefdaaloul/venv/dbt_snowflake/airflow_venv_39/lib/python3.11/site-packages/airflow/example_dags/example_short_circuit_decorator.py took 0.089 seconds
[2025-10-25T16:24:06.447+0200] {processor.py:161} INFO - Started process (PID=72034) to work on /Users/youssefdaaloul/venv/dbt_snowflake/airflow_venv_39/lib/python3.11/site-packages/airflow/example_dags/example_short_circuit_decorator.py
[2025-10-25T16:24:06.448+0200] {processor.py:830} INFO - Processing file /Users/youssefdaaloul/venv/dbt_snowflake/airflow_venv_39/lib/python3.11/site-packages/airflow/example_dags/example_short_circuit_decorator.py for tasks to queue
[2025-10-25T16:24:06.448+0200] {logging_mixin.py:188} INFO - [2025-10-25T16:24:06.448+0200] {dagbag.py:538} INFO - Filling up the DagBag from /Users/youssefdaaloul/venv/dbt_snowflake/airflow_venv_39/lib/python3.11/site-packages/airflow/example_dags/example_short_circuit_decorator.py
[2025-10-25T16:24:06.464+0200] {processor.py:840} INFO - DAG(s) 'example_short_circuit_decorator' retrieved from /Users/youssefdaaloul/venv/dbt_snowflake/airflow_venv_39/lib/python3.11/site-packages/airflow/example_dags/example_short_circuit_decorator.py
[2025-10-25T16:24:06.524+0200] {logging_mixin.py:188} INFO - [2025-10-25T16:24:06.523+0200] {dag.py:3036} INFO - Sync 1 DAGs
[2025-10-25T16:24:06.530+0200] {logging_mixin.py:188} INFO - [2025-10-25T16:24:06.530+0200] {dag.py:3823} INFO - Setting next_dagrun for example_short_circuit_decorator to 2025-10-24 00:00:00+00:00, run_after=2025-10-25 00:00:00+00:00
[2025-10-25T16:24:06.536+0200] {processor.py:183} INFO - Processing /Users/youssefdaaloul/venv/dbt_snowflake/airflow_venv_39/lib/python3.11/site-packages/airflow/example_dags/example_short_circuit_decorator.py took 0.090 seconds
[2025-10-25T16:25:55.957+0200] {processor.py:161} INFO - Started process (PID=72152) to work on /Users/youssefdaaloul/venv/dbt_snowflake/airflow_venv_39/lib/python3.11/site-packages/airflow/example_dags/example_short_circuit_decorator.py
[2025-10-25T16:25:55.958+0200] {processor.py:830} INFO - Processing file /Users/youssefdaaloul/venv/dbt_snowflake/airflow_venv_39/lib/python3.11/site-packages/airflow/example_dags/example_short_circuit_decorator.py for tasks to queue
[2025-10-25T16:25:55.958+0200] {logging_mixin.py:188} INFO - [2025-10-25T16:25:55.958+0200] {dagbag.py:538} INFO - Filling up the DagBag from /Users/youssefdaaloul/venv/dbt_snowflake/airflow_venv_39/lib/python3.11/site-packages/airflow/example_dags/example_short_circuit_decorator.py
[2025-10-25T16:25:55.973+0200] {processor.py:840} INFO - DAG(s) 'example_short_circuit_decorator' retrieved from /Users/youssefdaaloul/venv/dbt_snowflake/airflow_venv_39/lib/python3.11/site-packages/airflow/example_dags/example_short_circuit_decorator.py
[2025-10-25T16:25:56.031+0200] {logging_mixin.py:188} INFO - [2025-10-25T16:25:56.030+0200] {dag.py:3036} INFO - Sync 1 DAGs
[2025-10-25T16:25:56.037+0200] {logging_mixin.py:188} INFO - [2025-10-25T16:25:56.037+0200] {dag.py:3823} INFO - Setting next_dagrun for example_short_circuit_decorator to 2025-10-24 00:00:00+00:00, run_after=2025-10-25 00:00:00+00:00
[2025-10-25T16:25:56.043+0200] {processor.py:183} INFO - Processing /Users/youssefdaaloul/venv/dbt_snowflake/airflow_venv_39/lib/python3.11/site-packages/airflow/example_dags/example_short_circuit_decorator.py took 0.086 seconds
[2025-10-25T16:27:45.318+0200] {processor.py:161} INFO - Started process (PID=72263) to work on /Users/youssefdaaloul/venv/dbt_snowflake/airflow_venv_39/lib/python3.11/site-packages/airflow/example_dags/example_short_circuit_decorator.py
[2025-10-25T16:27:45.319+0200] {processor.py:830} INFO - Processing file /Users/youssefdaaloul/venv/dbt_snowflake/airflow_venv_39/lib/python3.11/site-packages/airflow/example_dags/example_short_circuit_decorator.py for tasks to queue
[2025-10-25T16:27:45.320+0200] {logging_mixin.py:188} INFO - [2025-10-25T16:27:45.319+0200] {dagbag.py:538} INFO - Filling up the DagBag from /Users/youssefdaaloul/venv/dbt_snowflake/airflow_venv_39/lib/python3.11/site-packages/airflow/example_dags/example_short_circuit_decorator.py
[2025-10-25T16:27:45.336+0200] {processor.py:840} INFO - DAG(s) 'example_short_circuit_decorator' retrieved from /Users/youssefdaaloul/venv/dbt_snowflake/airflow_venv_39/lib/python3.11/site-packages/airflow/example_dags/example_short_circuit_decorator.py
[2025-10-25T16:27:45.395+0200] {logging_mixin.py:188} INFO - [2025-10-25T16:27:45.395+0200] {dag.py:3036} INFO - Sync 1 DAGs
[2025-10-25T16:27:45.401+0200] {logging_mixin.py:188} INFO - [2025-10-25T16:27:45.401+0200] {dag.py:3823} INFO - Setting next_dagrun for example_short_circuit_decorator to 2025-10-24 00:00:00+00:00, run_after=2025-10-25 00:00:00+00:00
[2025-10-25T16:27:45.408+0200] {processor.py:183} INFO - Processing /Users/youssefdaaloul/venv/dbt_snowflake/airflow_venv_39/lib/python3.11/site-packages/airflow/example_dags/example_short_circuit_decorator.py took 0.091 seconds
[2025-10-25T16:29:42.563+0200] {processor.py:161} INFO - Started process (PID=72375) to work on /Users/youssefdaaloul/venv/dbt_snowflake/airflow_venv_39/lib/python3.11/site-packages/airflow/example_dags/example_short_circuit_decorator.py
[2025-10-25T16:29:42.564+0200] {processor.py:830} INFO - Processing file /Users/youssefdaaloul/venv/dbt_snowflake/airflow_venv_39/lib/python3.11/site-packages/airflow/example_dags/example_short_circuit_decorator.py for tasks to queue
[2025-10-25T16:29:42.564+0200] {logging_mixin.py:188} INFO - [2025-10-25T16:29:42.564+0200] {dagbag.py:538} INFO - Filling up the DagBag from /Users/youssefdaaloul/venv/dbt_snowflake/airflow_venv_39/lib/python3.11/site-packages/airflow/example_dags/example_short_circuit_decorator.py
[2025-10-25T16:29:42.580+0200] {processor.py:840} INFO - DAG(s) 'example_short_circuit_decorator' retrieved from /Users/youssefdaaloul/venv/dbt_snowflake/airflow_venv_39/lib/python3.11/site-packages/airflow/example_dags/example_short_circuit_decorator.py
[2025-10-25T16:29:42.642+0200] {logging_mixin.py:188} INFO - [2025-10-25T16:29:42.642+0200] {dag.py:3036} INFO - Sync 1 DAGs
[2025-10-25T16:29:42.649+0200] {logging_mixin.py:188} INFO - [2025-10-25T16:29:42.649+0200] {dag.py:3823} INFO - Setting next_dagrun for example_short_circuit_decorator to 2025-10-24 00:00:00+00:00, run_after=2025-10-25 00:00:00+00:00
[2025-10-25T16:29:42.656+0200] {processor.py:183} INFO - Processing /Users/youssefdaaloul/venv/dbt_snowflake/airflow_venv_39/lib/python3.11/site-packages/airflow/example_dags/example_short_circuit_decorator.py took 0.093 seconds
[2025-10-25T16:31:38.384+0200] {processor.py:161} INFO - Started process (PID=72566) to work on /Users/youssefdaaloul/venv/dbt_snowflake/airflow_venv_39/lib/python3.11/site-packages/airflow/example_dags/example_short_circuit_decorator.py
[2025-10-25T16:31:38.385+0200] {processor.py:830} INFO - Processing file /Users/youssefdaaloul/venv/dbt_snowflake/airflow_venv_39/lib/python3.11/site-packages/airflow/example_dags/example_short_circuit_decorator.py for tasks to queue
[2025-10-25T16:31:38.385+0200] {logging_mixin.py:188} INFO - [2025-10-25T16:31:38.385+0200] {dagbag.py:538} INFO - Filling up the DagBag from /Users/youssefdaaloul/venv/dbt_snowflake/airflow_venv_39/lib/python3.11/site-packages/airflow/example_dags/example_short_circuit_decorator.py
[2025-10-25T16:31:38.400+0200] {processor.py:840} INFO - DAG(s) 'example_short_circuit_decorator' retrieved from /Users/youssefdaaloul/venv/dbt_snowflake/airflow_venv_39/lib/python3.11/site-packages/airflow/example_dags/example_short_circuit_decorator.py
[2025-10-25T16:31:38.456+0200] {logging_mixin.py:188} INFO - [2025-10-25T16:31:38.456+0200] {dag.py:3036} INFO - Sync 1 DAGs
[2025-10-25T16:31:38.462+0200] {logging_mixin.py:188} INFO - [2025-10-25T16:31:38.462+0200] {dag.py:3823} INFO - Setting next_dagrun for example_short_circuit_decorator to 2025-10-24 00:00:00+00:00, run_after=2025-10-25 00:00:00+00:00
[2025-10-25T16:31:38.469+0200] {processor.py:183} INFO - Processing /Users/youssefdaaloul/venv/dbt_snowflake/airflow_venv_39/lib/python3.11/site-packages/airflow/example_dags/example_short_circuit_decorator.py took 0.085 seconds
[2025-10-25T16:33:35.235+0200] {processor.py:161} INFO - Started process (PID=72692) to work on /Users/youssefdaaloul/venv/dbt_snowflake/airflow_venv_39/lib/python3.11/site-packages/airflow/example_dags/example_short_circuit_decorator.py
[2025-10-25T16:33:35.236+0200] {processor.py:830} INFO - Processing file /Users/youssefdaaloul/venv/dbt_snowflake/airflow_venv_39/lib/python3.11/site-packages/airflow/example_dags/example_short_circuit_decorator.py for tasks to queue
[2025-10-25T16:33:35.236+0200] {logging_mixin.py:188} INFO - [2025-10-25T16:33:35.236+0200] {dagbag.py:538} INFO - Filling up the DagBag from /Users/youssefdaaloul/venv/dbt_snowflake/airflow_venv_39/lib/python3.11/site-packages/airflow/example_dags/example_short_circuit_decorator.py
[2025-10-25T16:33:35.253+0200] {processor.py:840} INFO - DAG(s) 'example_short_circuit_decorator' retrieved from /Users/youssefdaaloul/venv/dbt_snowflake/airflow_venv_39/lib/python3.11/site-packages/airflow/example_dags/example_short_circuit_decorator.py
[2025-10-25T16:33:35.310+0200] {logging_mixin.py:188} INFO - [2025-10-25T16:33:35.309+0200] {dag.py:3036} INFO - Sync 1 DAGs
[2025-10-25T16:33:35.317+0200] {logging_mixin.py:188} INFO - [2025-10-25T16:33:35.317+0200] {dag.py:3823} INFO - Setting next_dagrun for example_short_circuit_decorator to 2025-10-24 00:00:00+00:00, run_after=2025-10-25 00:00:00+00:00
[2025-10-25T16:33:35.324+0200] {processor.py:183} INFO - Processing /Users/youssefdaaloul/venv/dbt_snowflake/airflow_venv_39/lib/python3.11/site-packages/airflow/example_dags/example_short_circuit_decorator.py took 0.089 seconds
[2025-10-25T16:35:32.933+0200] {processor.py:161} INFO - Started process (PID=72842) to work on /Users/youssefdaaloul/venv/dbt_snowflake/airflow_venv_39/lib/python3.11/site-packages/airflow/example_dags/example_short_circuit_decorator.py
[2025-10-25T16:35:32.934+0200] {processor.py:830} INFO - Processing file /Users/youssefdaaloul/venv/dbt_snowflake/airflow_venv_39/lib/python3.11/site-packages/airflow/example_dags/example_short_circuit_decorator.py for tasks to queue
[2025-10-25T16:35:32.934+0200] {logging_mixin.py:188} INFO - [2025-10-25T16:35:32.934+0200] {dagbag.py:538} INFO - Filling up the DagBag from /Users/youssefdaaloul/venv/dbt_snowflake/airflow_venv_39/lib/python3.11/site-packages/airflow/example_dags/example_short_circuit_decorator.py
[2025-10-25T16:35:32.950+0200] {processor.py:840} INFO - DAG(s) 'example_short_circuit_decorator' retrieved from /Users/youssefdaaloul/venv/dbt_snowflake/airflow_venv_39/lib/python3.11/site-packages/airflow/example_dags/example_short_circuit_decorator.py
[2025-10-25T16:35:33.012+0200] {logging_mixin.py:188} INFO - [2025-10-25T16:35:33.012+0200] {dag.py:3036} INFO - Sync 1 DAGs
[2025-10-25T16:35:33.018+0200] {logging_mixin.py:188} INFO - [2025-10-25T16:35:33.018+0200] {dag.py:3823} INFO - Setting next_dagrun for example_short_circuit_decorator to 2025-10-24 00:00:00+00:00, run_after=2025-10-25 00:00:00+00:00
[2025-10-25T16:35:33.025+0200] {processor.py:183} INFO - Processing /Users/youssefdaaloul/venv/dbt_snowflake/airflow_venv_39/lib/python3.11/site-packages/airflow/example_dags/example_short_circuit_decorator.py took 0.092 seconds
[2025-10-25T16:43:14.220+0200] {processor.py:161} INFO - Started process (PID=73715) to work on /Users/youssefdaaloul/venv/dbt_snowflake/airflow_venv_39/lib/python3.11/site-packages/airflow/example_dags/example_short_circuit_decorator.py
[2025-10-25T16:43:14.221+0200] {processor.py:830} INFO - Processing file /Users/youssefdaaloul/venv/dbt_snowflake/airflow_venv_39/lib/python3.11/site-packages/airflow/example_dags/example_short_circuit_decorator.py for tasks to queue
[2025-10-25T16:43:14.221+0200] {logging_mixin.py:188} INFO - [2025-10-25T16:43:14.221+0200] {dagbag.py:538} INFO - Filling up the DagBag from /Users/youssefdaaloul/venv/dbt_snowflake/airflow_venv_39/lib/python3.11/site-packages/airflow/example_dags/example_short_circuit_decorator.py
[2025-10-25T16:43:14.239+0200] {processor.py:840} INFO - DAG(s) 'example_short_circuit_decorator' retrieved from /Users/youssefdaaloul/venv/dbt_snowflake/airflow_venv_39/lib/python3.11/site-packages/airflow/example_dags/example_short_circuit_decorator.py
[2025-10-25T16:43:14.296+0200] {logging_mixin.py:188} INFO - [2025-10-25T16:43:14.296+0200] {dag.py:3036} INFO - Sync 1 DAGs
[2025-10-25T16:43:14.302+0200] {logging_mixin.py:188} INFO - [2025-10-25T16:43:14.302+0200] {dag.py:3823} INFO - Setting next_dagrun for example_short_circuit_decorator to 2025-10-24 00:00:00+00:00, run_after=2025-10-25 00:00:00+00:00
[2025-10-25T16:43:14.309+0200] {processor.py:183} INFO - Processing /Users/youssefdaaloul/venv/dbt_snowflake/airflow_venv_39/lib/python3.11/site-packages/airflow/example_dags/example_short_circuit_decorator.py took 0.089 seconds
[2025-10-25T16:45:07.706+0200] {processor.py:161} INFO - Started process (PID=73960) to work on /Users/youssefdaaloul/venv/dbt_snowflake/airflow_venv_39/lib/python3.11/site-packages/airflow/example_dags/example_short_circuit_decorator.py
[2025-10-25T16:45:07.707+0200] {processor.py:830} INFO - Processing file /Users/youssefdaaloul/venv/dbt_snowflake/airflow_venv_39/lib/python3.11/site-packages/airflow/example_dags/example_short_circuit_decorator.py for tasks to queue
[2025-10-25T16:45:07.707+0200] {logging_mixin.py:188} INFO - [2025-10-25T16:45:07.707+0200] {dagbag.py:538} INFO - Filling up the DagBag from /Users/youssefdaaloul/venv/dbt_snowflake/airflow_venv_39/lib/python3.11/site-packages/airflow/example_dags/example_short_circuit_decorator.py
[2025-10-25T16:45:07.723+0200] {processor.py:840} INFO - DAG(s) 'example_short_circuit_decorator' retrieved from /Users/youssefdaaloul/venv/dbt_snowflake/airflow_venv_39/lib/python3.11/site-packages/airflow/example_dags/example_short_circuit_decorator.py
[2025-10-25T16:45:07.779+0200] {logging_mixin.py:188} INFO - [2025-10-25T16:45:07.779+0200] {dag.py:3036} INFO - Sync 1 DAGs
[2025-10-25T16:45:07.785+0200] {logging_mixin.py:188} INFO - [2025-10-25T16:45:07.785+0200] {dag.py:3823} INFO - Setting next_dagrun for example_short_circuit_decorator to 2025-10-24 00:00:00+00:00, run_after=2025-10-25 00:00:00+00:00
[2025-10-25T16:45:07.791+0200] {processor.py:183} INFO - Processing /Users/youssefdaaloul/venv/dbt_snowflake/airflow_venv_39/lib/python3.11/site-packages/airflow/example_dags/example_short_circuit_decorator.py took 0.086 seconds
[2025-10-25T16:47:07.788+0200] {processor.py:161} INFO - Started process (PID=74060) to work on /Users/youssefdaaloul/venv/dbt_snowflake/airflow_venv_39/lib/python3.11/site-packages/airflow/example_dags/example_short_circuit_decorator.py
[2025-10-25T16:47:07.790+0200] {processor.py:830} INFO - Processing file /Users/youssefdaaloul/venv/dbt_snowflake/airflow_venv_39/lib/python3.11/site-packages/airflow/example_dags/example_short_circuit_decorator.py for tasks to queue
[2025-10-25T16:47:07.790+0200] {logging_mixin.py:188} INFO - [2025-10-25T16:47:07.790+0200] {dagbag.py:538} INFO - Filling up the DagBag from /Users/youssefdaaloul/venv/dbt_snowflake/airflow_venv_39/lib/python3.11/site-packages/airflow/example_dags/example_short_circuit_decorator.py
[2025-10-25T16:47:07.806+0200] {processor.py:840} INFO - DAG(s) 'example_short_circuit_decorator' retrieved from /Users/youssefdaaloul/venv/dbt_snowflake/airflow_venv_39/lib/python3.11/site-packages/airflow/example_dags/example_short_circuit_decorator.py
[2025-10-25T16:47:07.866+0200] {logging_mixin.py:188} INFO - [2025-10-25T16:47:07.866+0200] {dag.py:3036} INFO - Sync 1 DAGs
[2025-10-25T16:47:07.873+0200] {logging_mixin.py:188} INFO - [2025-10-25T16:47:07.873+0200] {dag.py:3823} INFO - Setting next_dagrun for example_short_circuit_decorator to 2025-10-24 00:00:00+00:00, run_after=2025-10-25 00:00:00+00:00
[2025-10-25T16:47:07.880+0200] {processor.py:183} INFO - Processing /Users/youssefdaaloul/venv/dbt_snowflake/airflow_venv_39/lib/python3.11/site-packages/airflow/example_dags/example_short_circuit_decorator.py took 0.092 seconds
[2025-10-25T16:48:56.871+0200] {processor.py:161} INFO - Started process (PID=74168) to work on /Users/youssefdaaloul/venv/dbt_snowflake/airflow_venv_39/lib/python3.11/site-packages/airflow/example_dags/example_short_circuit_decorator.py
[2025-10-25T16:48:56.872+0200] {processor.py:830} INFO - Processing file /Users/youssefdaaloul/venv/dbt_snowflake/airflow_venv_39/lib/python3.11/site-packages/airflow/example_dags/example_short_circuit_decorator.py for tasks to queue
[2025-10-25T16:48:56.873+0200] {logging_mixin.py:188} INFO - [2025-10-25T16:48:56.872+0200] {dagbag.py:538} INFO - Filling up the DagBag from /Users/youssefdaaloul/venv/dbt_snowflake/airflow_venv_39/lib/python3.11/site-packages/airflow/example_dags/example_short_circuit_decorator.py
[2025-10-25T16:48:56.888+0200] {processor.py:840} INFO - DAG(s) 'example_short_circuit_decorator' retrieved from /Users/youssefdaaloul/venv/dbt_snowflake/airflow_venv_39/lib/python3.11/site-packages/airflow/example_dags/example_short_circuit_decorator.py
[2025-10-25T16:48:56.948+0200] {logging_mixin.py:188} INFO - [2025-10-25T16:48:56.948+0200] {dag.py:3036} INFO - Sync 1 DAGs
[2025-10-25T16:48:56.955+0200] {logging_mixin.py:188} INFO - [2025-10-25T16:48:56.955+0200] {dag.py:3823} INFO - Setting next_dagrun for example_short_circuit_decorator to 2025-10-24 00:00:00+00:00, run_after=2025-10-25 00:00:00+00:00
[2025-10-25T16:48:56.962+0200] {processor.py:183} INFO - Processing /Users/youssefdaaloul/venv/dbt_snowflake/airflow_venv_39/lib/python3.11/site-packages/airflow/example_dags/example_short_circuit_decorator.py took 0.091 seconds
[2025-10-25T16:50:54.498+0200] {processor.py:161} INFO - Started process (PID=74265) to work on /Users/youssefdaaloul/venv/dbt_snowflake/airflow_venv_39/lib/python3.11/site-packages/airflow/example_dags/example_short_circuit_decorator.py
[2025-10-25T16:50:54.499+0200] {processor.py:830} INFO - Processing file /Users/youssefdaaloul/venv/dbt_snowflake/airflow_venv_39/lib/python3.11/site-packages/airflow/example_dags/example_short_circuit_decorator.py for tasks to queue
[2025-10-25T16:50:54.500+0200] {logging_mixin.py:188} INFO - [2025-10-25T16:50:54.500+0200] {dagbag.py:538} INFO - Filling up the DagBag from /Users/youssefdaaloul/venv/dbt_snowflake/airflow_venv_39/lib/python3.11/site-packages/airflow/example_dags/example_short_circuit_decorator.py
[2025-10-25T16:50:54.517+0200] {processor.py:840} INFO - DAG(s) 'example_short_circuit_decorator' retrieved from /Users/youssefdaaloul/venv/dbt_snowflake/airflow_venv_39/lib/python3.11/site-packages/airflow/example_dags/example_short_circuit_decorator.py
[2025-10-25T16:50:54.578+0200] {logging_mixin.py:188} INFO - [2025-10-25T16:50:54.578+0200] {dag.py:3036} INFO - Sync 1 DAGs
[2025-10-25T16:50:54.584+0200] {logging_mixin.py:188} INFO - [2025-10-25T16:50:54.584+0200] {dag.py:3823} INFO - Setting next_dagrun for example_short_circuit_decorator to 2025-10-24 00:00:00+00:00, run_after=2025-10-25 00:00:00+00:00
[2025-10-25T16:50:54.591+0200] {processor.py:183} INFO - Processing /Users/youssefdaaloul/venv/dbt_snowflake/airflow_venv_39/lib/python3.11/site-packages/airflow/example_dags/example_short_circuit_decorator.py took 0.093 seconds
