[2025-10-25T16:09:02.532+0200] {processor.py:161} INFO - Started process (PID=71218) to work on /Users/youssefdaaloul/venv/dbt_snowflake/airflow_venv_39/lib/python3.11/site-packages/airflow/example_dags/example_python_operator.py
[2025-10-25T16:09:02.532+0200] {processor.py:830} INFO - Processing file /Users/youssefdaaloul/venv/dbt_snowflake/airflow_venv_39/lib/python3.11/site-packages/airflow/example_dags/example_python_operator.py for tasks to queue
[2025-10-25T16:09:02.532+0200] {logging_mixin.py:188} INFO - [2025-10-25T16:09:02.532+0200] {dagbag.py:538} INFO - Filling up the DagBag from /Users/youssefdaaloul/venv/dbt_snowflake/airflow_venv_39/lib/python3.11/site-packages/airflow/example_dags/example_python_operator.py
[2025-10-25T16:09:02.542+0200] {logging_mixin.py:188} INFO - [2025-10-25T16:09:02.542+0200] {example_python_operator.py:88} WARNING - The virtalenv_python example task requires virtualenv, please install it.
[2025-10-25T16:09:02.544+0200] {processor.py:840} INFO - DAG(s) 'example_python_operator' retrieved from /Users/youssefdaaloul/venv/dbt_snowflake/airflow_venv_39/lib/python3.11/site-packages/airflow/example_dags/example_python_operator.py
[2025-10-25T16:09:02.653+0200] {logging_mixin.py:188} INFO - [2025-10-25T16:09:02.653+0200] {dag.py:3036} INFO - Sync 1 DAGs
[2025-10-25T16:09:02.657+0200] {logging_mixin.py:188} INFO - [2025-10-25T16:09:02.657+0200] {dag.py:3823} INFO - Setting next_dagrun for example_python_operator to None, run_after=None
[2025-10-25T16:09:02.664+0200] {processor.py:183} INFO - Processing /Users/youssefdaaloul/venv/dbt_snowflake/airflow_venv_39/lib/python3.11/site-packages/airflow/example_dags/example_python_operator.py took 0.133 seconds
[2025-10-25T16:10:34.210+0200] {processor.py:161} INFO - Started process (PID=71304) to work on /Users/youssefdaaloul/venv/dbt_snowflake/airflow_venv_39/lib/python3.11/site-packages/airflow/example_dags/example_python_operator.py
[2025-10-25T16:10:34.210+0200] {processor.py:830} INFO - Processing file /Users/youssefdaaloul/venv/dbt_snowflake/airflow_venv_39/lib/python3.11/site-packages/airflow/example_dags/example_python_operator.py for tasks to queue
[2025-10-25T16:10:34.211+0200] {logging_mixin.py:188} INFO - [2025-10-25T16:10:34.211+0200] {dagbag.py:538} INFO - Filling up the DagBag from /Users/youssefdaaloul/venv/dbt_snowflake/airflow_venv_39/lib/python3.11/site-packages/airflow/example_dags/example_python_operator.py
[2025-10-25T16:10:34.223+0200] {logging_mixin.py:188} INFO - [2025-10-25T16:10:34.223+0200] {example_python_operator.py:88} WARNING - The virtalenv_python example task requires virtualenv, please install it.
[2025-10-25T16:10:34.224+0200] {processor.py:840} INFO - DAG(s) 'example_python_operator' retrieved from /Users/youssefdaaloul/venv/dbt_snowflake/airflow_venv_39/lib/python3.11/site-packages/airflow/example_dags/example_python_operator.py
[2025-10-25T16:10:34.306+0200] {logging_mixin.py:188} INFO - [2025-10-25T16:10:34.306+0200] {dag.py:3036} INFO - Sync 1 DAGs
[2025-10-25T16:10:34.309+0200] {logging_mixin.py:188} INFO - [2025-10-25T16:10:34.309+0200] {dag.py:3823} INFO - Setting next_dagrun for example_python_operator to None, run_after=None
[2025-10-25T16:10:34.319+0200] {processor.py:183} INFO - Processing /Users/youssefdaaloul/venv/dbt_snowflake/airflow_venv_39/lib/python3.11/site-packages/airflow/example_dags/example_python_operator.py took 0.110 seconds
[2025-10-25T16:12:31.639+0200] {processor.py:161} INFO - Started process (PID=71415) to work on /Users/youssefdaaloul/venv/dbt_snowflake/airflow_venv_39/lib/python3.11/site-packages/airflow/example_dags/example_python_operator.py
[2025-10-25T16:12:31.640+0200] {processor.py:830} INFO - Processing file /Users/youssefdaaloul/venv/dbt_snowflake/airflow_venv_39/lib/python3.11/site-packages/airflow/example_dags/example_python_operator.py for tasks to queue
[2025-10-25T16:12:31.640+0200] {logging_mixin.py:188} INFO - [2025-10-25T16:12:31.640+0200] {dagbag.py:538} INFO - Filling up the DagBag from /Users/youssefdaaloul/venv/dbt_snowflake/airflow_venv_39/lib/python3.11/site-packages/airflow/example_dags/example_python_operator.py
[2025-10-25T16:12:31.650+0200] {logging_mixin.py:188} INFO - [2025-10-25T16:12:31.650+0200] {example_python_operator.py:88} WARNING - The virtalenv_python example task requires virtualenv, please install it.
[2025-10-25T16:12:31.651+0200] {processor.py:840} INFO - DAG(s) 'example_python_operator' retrieved from /Users/youssefdaaloul/venv/dbt_snowflake/airflow_venv_39/lib/python3.11/site-packages/airflow/example_dags/example_python_operator.py
[2025-10-25T16:12:31.708+0200] {logging_mixin.py:188} INFO - [2025-10-25T16:12:31.707+0200] {dag.py:3036} INFO - Sync 1 DAGs
[2025-10-25T16:12:31.711+0200] {logging_mixin.py:188} INFO - [2025-10-25T16:12:31.711+0200] {dag.py:3823} INFO - Setting next_dagrun for example_python_operator to None, run_after=None
[2025-10-25T16:12:31.719+0200] {processor.py:183} INFO - Processing /Users/youssefdaaloul/venv/dbt_snowflake/airflow_venv_39/lib/python3.11/site-packages/airflow/example_dags/example_python_operator.py took 0.080 seconds
[2025-10-25T16:14:30.818+0200] {processor.py:161} INFO - Started process (PID=71518) to work on /Users/youssefdaaloul/venv/dbt_snowflake/airflow_venv_39/lib/python3.11/site-packages/airflow/example_dags/example_python_operator.py
[2025-10-25T16:14:30.819+0200] {processor.py:830} INFO - Processing file /Users/youssefdaaloul/venv/dbt_snowflake/airflow_venv_39/lib/python3.11/site-packages/airflow/example_dags/example_python_operator.py for tasks to queue
[2025-10-25T16:14:30.819+0200] {logging_mixin.py:188} INFO - [2025-10-25T16:14:30.819+0200] {dagbag.py:538} INFO - Filling up the DagBag from /Users/youssefdaaloul/venv/dbt_snowflake/airflow_venv_39/lib/python3.11/site-packages/airflow/example_dags/example_python_operator.py
[2025-10-25T16:14:30.829+0200] {logging_mixin.py:188} INFO - [2025-10-25T16:14:30.829+0200] {example_python_operator.py:88} WARNING - The virtalenv_python example task requires virtualenv, please install it.
[2025-10-25T16:14:30.831+0200] {processor.py:840} INFO - DAG(s) 'example_python_operator' retrieved from /Users/youssefdaaloul/venv/dbt_snowflake/airflow_venv_39/lib/python3.11/site-packages/airflow/example_dags/example_python_operator.py
[2025-10-25T16:14:30.896+0200] {logging_mixin.py:188} INFO - [2025-10-25T16:14:30.896+0200] {dag.py:3036} INFO - Sync 1 DAGs
[2025-10-25T16:14:30.901+0200] {logging_mixin.py:188} INFO - [2025-10-25T16:14:30.901+0200] {dag.py:3823} INFO - Setting next_dagrun for example_python_operator to None, run_after=None
[2025-10-25T16:14:30.910+0200] {processor.py:183} INFO - Processing /Users/youssefdaaloul/venv/dbt_snowflake/airflow_venv_39/lib/python3.11/site-packages/airflow/example_dags/example_python_operator.py took 0.092 seconds
[2025-10-25T16:16:32.701+0200] {processor.py:161} INFO - Started process (PID=71627) to work on /Users/youssefdaaloul/venv/dbt_snowflake/airflow_venv_39/lib/python3.11/site-packages/airflow/example_dags/example_python_operator.py
[2025-10-25T16:16:32.701+0200] {processor.py:830} INFO - Processing file /Users/youssefdaaloul/venv/dbt_snowflake/airflow_venv_39/lib/python3.11/site-packages/airflow/example_dags/example_python_operator.py for tasks to queue
[2025-10-25T16:16:32.702+0200] {logging_mixin.py:188} INFO - [2025-10-25T16:16:32.702+0200] {dagbag.py:538} INFO - Filling up the DagBag from /Users/youssefdaaloul/venv/dbt_snowflake/airflow_venv_39/lib/python3.11/site-packages/airflow/example_dags/example_python_operator.py
[2025-10-25T16:16:32.712+0200] {logging_mixin.py:188} INFO - [2025-10-25T16:16:32.712+0200] {example_python_operator.py:88} WARNING - The virtalenv_python example task requires virtualenv, please install it.
[2025-10-25T16:16:32.713+0200] {processor.py:840} INFO - DAG(s) 'example_python_operator' retrieved from /Users/youssefdaaloul/venv/dbt_snowflake/airflow_venv_39/lib/python3.11/site-packages/airflow/example_dags/example_python_operator.py
[2025-10-25T16:16:32.773+0200] {logging_mixin.py:188} INFO - [2025-10-25T16:16:32.773+0200] {dag.py:3036} INFO - Sync 1 DAGs
[2025-10-25T16:16:32.776+0200] {logging_mixin.py:188} INFO - [2025-10-25T16:16:32.776+0200] {dag.py:3823} INFO - Setting next_dagrun for example_python_operator to None, run_after=None
[2025-10-25T16:16:32.784+0200] {processor.py:183} INFO - Processing /Users/youssefdaaloul/venv/dbt_snowflake/airflow_venv_39/lib/python3.11/site-packages/airflow/example_dags/example_python_operator.py took 0.083 seconds
[2025-10-25T16:18:32.483+0200] {processor.py:161} INFO - Started process (PID=71727) to work on /Users/youssefdaaloul/venv/dbt_snowflake/airflow_venv_39/lib/python3.11/site-packages/airflow/example_dags/example_python_operator.py
[2025-10-25T16:18:32.484+0200] {processor.py:830} INFO - Processing file /Users/youssefdaaloul/venv/dbt_snowflake/airflow_venv_39/lib/python3.11/site-packages/airflow/example_dags/example_python_operator.py for tasks to queue
[2025-10-25T16:18:32.484+0200] {logging_mixin.py:188} INFO - [2025-10-25T16:18:32.484+0200] {dagbag.py:538} INFO - Filling up the DagBag from /Users/youssefdaaloul/venv/dbt_snowflake/airflow_venv_39/lib/python3.11/site-packages/airflow/example_dags/example_python_operator.py
[2025-10-25T16:18:32.496+0200] {logging_mixin.py:188} INFO - [2025-10-25T16:18:32.495+0200] {example_python_operator.py:88} WARNING - The virtalenv_python example task requires virtualenv, please install it.
[2025-10-25T16:18:32.497+0200] {processor.py:840} INFO - DAG(s) 'example_python_operator' retrieved from /Users/youssefdaaloul/venv/dbt_snowflake/airflow_venv_39/lib/python3.11/site-packages/airflow/example_dags/example_python_operator.py
[2025-10-25T16:18:32.561+0200] {logging_mixin.py:188} INFO - [2025-10-25T16:18:32.561+0200] {dag.py:3036} INFO - Sync 1 DAGs
[2025-10-25T16:18:32.564+0200] {logging_mixin.py:188} INFO - [2025-10-25T16:18:32.564+0200] {dag.py:3823} INFO - Setting next_dagrun for example_python_operator to None, run_after=None
[2025-10-25T16:18:32.573+0200] {processor.py:183} INFO - Processing /Users/youssefdaaloul/venv/dbt_snowflake/airflow_venv_39/lib/python3.11/site-packages/airflow/example_dags/example_python_operator.py took 0.090 seconds
[2025-10-25T16:20:37.863+0200] {processor.py:161} INFO - Started process (PID=71853) to work on /Users/youssefdaaloul/venv/dbt_snowflake/airflow_venv_39/lib/python3.11/site-packages/airflow/example_dags/example_python_operator.py
[2025-10-25T16:20:37.864+0200] {processor.py:830} INFO - Processing file /Users/youssefdaaloul/venv/dbt_snowflake/airflow_venv_39/lib/python3.11/site-packages/airflow/example_dags/example_python_operator.py for tasks to queue
[2025-10-25T16:20:37.864+0200] {logging_mixin.py:188} INFO - [2025-10-25T16:20:37.864+0200] {dagbag.py:538} INFO - Filling up the DagBag from /Users/youssefdaaloul/venv/dbt_snowflake/airflow_venv_39/lib/python3.11/site-packages/airflow/example_dags/example_python_operator.py
[2025-10-25T16:20:37.874+0200] {logging_mixin.py:188} INFO - [2025-10-25T16:20:37.873+0200] {example_python_operator.py:88} WARNING - The virtalenv_python example task requires virtualenv, please install it.
[2025-10-25T16:20:37.875+0200] {processor.py:840} INFO - DAG(s) 'example_python_operator' retrieved from /Users/youssefdaaloul/venv/dbt_snowflake/airflow_venv_39/lib/python3.11/site-packages/airflow/example_dags/example_python_operator.py
[2025-10-25T16:20:37.931+0200] {logging_mixin.py:188} INFO - [2025-10-25T16:20:37.931+0200] {dag.py:3036} INFO - Sync 1 DAGs
[2025-10-25T16:20:37.934+0200] {logging_mixin.py:188} INFO - [2025-10-25T16:20:37.934+0200] {dag.py:3823} INFO - Setting next_dagrun for example_python_operator to None, run_after=None
[2025-10-25T16:20:37.942+0200] {processor.py:183} INFO - Processing /Users/youssefdaaloul/venv/dbt_snowflake/airflow_venv_39/lib/python3.11/site-packages/airflow/example_dags/example_python_operator.py took 0.080 seconds
[2025-10-25T16:22:27.626+0200] {processor.py:161} INFO - Started process (PID=71941) to work on /Users/youssefdaaloul/venv/dbt_snowflake/airflow_venv_39/lib/python3.11/site-packages/airflow/example_dags/example_python_operator.py
[2025-10-25T16:22:27.627+0200] {processor.py:830} INFO - Processing file /Users/youssefdaaloul/venv/dbt_snowflake/airflow_venv_39/lib/python3.11/site-packages/airflow/example_dags/example_python_operator.py for tasks to queue
[2025-10-25T16:22:27.627+0200] {logging_mixin.py:188} INFO - [2025-10-25T16:22:27.627+0200] {dagbag.py:538} INFO - Filling up the DagBag from /Users/youssefdaaloul/venv/dbt_snowflake/airflow_venv_39/lib/python3.11/site-packages/airflow/example_dags/example_python_operator.py
[2025-10-25T16:22:27.637+0200] {logging_mixin.py:188} INFO - [2025-10-25T16:22:27.637+0200] {example_python_operator.py:88} WARNING - The virtalenv_python example task requires virtualenv, please install it.
[2025-10-25T16:22:27.639+0200] {processor.py:840} INFO - DAG(s) 'example_python_operator' retrieved from /Users/youssefdaaloul/venv/dbt_snowflake/airflow_venv_39/lib/python3.11/site-packages/airflow/example_dags/example_python_operator.py
[2025-10-25T16:22:27.698+0200] {logging_mixin.py:188} INFO - [2025-10-25T16:22:27.698+0200] {dag.py:3036} INFO - Sync 1 DAGs
[2025-10-25T16:22:27.701+0200] {logging_mixin.py:188} INFO - [2025-10-25T16:22:27.701+0200] {dag.py:3823} INFO - Setting next_dagrun for example_python_operator to None, run_after=None
[2025-10-25T16:22:27.709+0200] {processor.py:183} INFO - Processing /Users/youssefdaaloul/venv/dbt_snowflake/airflow_venv_39/lib/python3.11/site-packages/airflow/example_dags/example_python_operator.py took 0.083 seconds
[2025-10-25T16:24:16.261+0200] {processor.py:161} INFO - Started process (PID=72045) to work on /Users/youssefdaaloul/venv/dbt_snowflake/airflow_venv_39/lib/python3.11/site-packages/airflow/example_dags/example_python_operator.py
[2025-10-25T16:24:16.264+0200] {processor.py:830} INFO - Processing file /Users/youssefdaaloul/venv/dbt_snowflake/airflow_venv_39/lib/python3.11/site-packages/airflow/example_dags/example_python_operator.py for tasks to queue
[2025-10-25T16:24:16.267+0200] {logging_mixin.py:188} INFO - [2025-10-25T16:24:16.267+0200] {dagbag.py:538} INFO - Filling up the DagBag from /Users/youssefdaaloul/venv/dbt_snowflake/airflow_venv_39/lib/python3.11/site-packages/airflow/example_dags/example_python_operator.py
[2025-10-25T16:24:16.286+0200] {logging_mixin.py:188} INFO - [2025-10-25T16:24:16.286+0200] {example_python_operator.py:88} WARNING - The virtalenv_python example task requires virtualenv, please install it.
[2025-10-25T16:24:16.288+0200] {processor.py:840} INFO - DAG(s) 'example_python_operator' retrieved from /Users/youssefdaaloul/venv/dbt_snowflake/airflow_venv_39/lib/python3.11/site-packages/airflow/example_dags/example_python_operator.py
[2025-10-25T16:24:16.465+0200] {logging_mixin.py:188} INFO - [2025-10-25T16:24:16.465+0200] {dag.py:3036} INFO - Sync 1 DAGs
[2025-10-25T16:24:16.469+0200] {logging_mixin.py:188} INFO - [2025-10-25T16:24:16.469+0200] {dag.py:3823} INFO - Setting next_dagrun for example_python_operator to None, run_after=None
[2025-10-25T16:24:16.484+0200] {processor.py:183} INFO - Processing /Users/youssefdaaloul/venv/dbt_snowflake/airflow_venv_39/lib/python3.11/site-packages/airflow/example_dags/example_python_operator.py took 0.224 seconds
[2025-10-25T16:26:04.271+0200] {processor.py:161} INFO - Started process (PID=72161) to work on /Users/youssefdaaloul/venv/dbt_snowflake/airflow_venv_39/lib/python3.11/site-packages/airflow/example_dags/example_python_operator.py
[2025-10-25T16:26:04.272+0200] {processor.py:830} INFO - Processing file /Users/youssefdaaloul/venv/dbt_snowflake/airflow_venv_39/lib/python3.11/site-packages/airflow/example_dags/example_python_operator.py for tasks to queue
[2025-10-25T16:26:04.272+0200] {logging_mixin.py:188} INFO - [2025-10-25T16:26:04.272+0200] {dagbag.py:538} INFO - Filling up the DagBag from /Users/youssefdaaloul/venv/dbt_snowflake/airflow_venv_39/lib/python3.11/site-packages/airflow/example_dags/example_python_operator.py
[2025-10-25T16:26:04.282+0200] {logging_mixin.py:188} INFO - [2025-10-25T16:26:04.282+0200] {example_python_operator.py:88} WARNING - The virtalenv_python example task requires virtualenv, please install it.
[2025-10-25T16:26:04.284+0200] {processor.py:840} INFO - DAG(s) 'example_python_operator' retrieved from /Users/youssefdaaloul/venv/dbt_snowflake/airflow_venv_39/lib/python3.11/site-packages/airflow/example_dags/example_python_operator.py
[2025-10-25T16:26:04.343+0200] {logging_mixin.py:188} INFO - [2025-10-25T16:26:04.343+0200] {dag.py:3036} INFO - Sync 1 DAGs
[2025-10-25T16:26:04.349+0200] {logging_mixin.py:188} INFO - [2025-10-25T16:26:04.349+0200] {dag.py:3823} INFO - Setting next_dagrun for example_python_operator to None, run_after=None
[2025-10-25T16:26:04.358+0200] {processor.py:183} INFO - Processing /Users/youssefdaaloul/venv/dbt_snowflake/airflow_venv_39/lib/python3.11/site-packages/airflow/example_dags/example_python_operator.py took 0.088 seconds
[2025-10-25T16:27:54.133+0200] {processor.py:161} INFO - Started process (PID=72275) to work on /Users/youssefdaaloul/venv/dbt_snowflake/airflow_venv_39/lib/python3.11/site-packages/airflow/example_dags/example_python_operator.py
[2025-10-25T16:27:54.134+0200] {processor.py:830} INFO - Processing file /Users/youssefdaaloul/venv/dbt_snowflake/airflow_venv_39/lib/python3.11/site-packages/airflow/example_dags/example_python_operator.py for tasks to queue
[2025-10-25T16:27:54.134+0200] {logging_mixin.py:188} INFO - [2025-10-25T16:27:54.134+0200] {dagbag.py:538} INFO - Filling up the DagBag from /Users/youssefdaaloul/venv/dbt_snowflake/airflow_venv_39/lib/python3.11/site-packages/airflow/example_dags/example_python_operator.py
[2025-10-25T16:27:54.146+0200] {logging_mixin.py:188} INFO - [2025-10-25T16:27:54.145+0200] {example_python_operator.py:88} WARNING - The virtalenv_python example task requires virtualenv, please install it.
[2025-10-25T16:27:54.147+0200] {processor.py:840} INFO - DAG(s) 'example_python_operator' retrieved from /Users/youssefdaaloul/venv/dbt_snowflake/airflow_venv_39/lib/python3.11/site-packages/airflow/example_dags/example_python_operator.py
[2025-10-25T16:27:54.207+0200] {logging_mixin.py:188} INFO - [2025-10-25T16:27:54.206+0200] {dag.py:3036} INFO - Sync 1 DAGs
[2025-10-25T16:27:54.210+0200] {logging_mixin.py:188} INFO - [2025-10-25T16:27:54.210+0200] {dag.py:3823} INFO - Setting next_dagrun for example_python_operator to None, run_after=None
[2025-10-25T16:27:54.217+0200] {processor.py:183} INFO - Processing /Users/youssefdaaloul/venv/dbt_snowflake/airflow_venv_39/lib/python3.11/site-packages/airflow/example_dags/example_python_operator.py took 0.084 seconds
[2025-10-25T16:29:51.017+0200] {processor.py:161} INFO - Started process (PID=72381) to work on /Users/youssefdaaloul/venv/dbt_snowflake/airflow_venv_39/lib/python3.11/site-packages/airflow/example_dags/example_python_operator.py
[2025-10-25T16:29:51.018+0200] {processor.py:830} INFO - Processing file /Users/youssefdaaloul/venv/dbt_snowflake/airflow_venv_39/lib/python3.11/site-packages/airflow/example_dags/example_python_operator.py for tasks to queue
[2025-10-25T16:29:51.018+0200] {logging_mixin.py:188} INFO - [2025-10-25T16:29:51.018+0200] {dagbag.py:538} INFO - Filling up the DagBag from /Users/youssefdaaloul/venv/dbt_snowflake/airflow_venv_39/lib/python3.11/site-packages/airflow/example_dags/example_python_operator.py
[2025-10-25T16:29:51.030+0200] {logging_mixin.py:188} INFO - [2025-10-25T16:29:51.030+0200] {example_python_operator.py:88} WARNING - The virtalenv_python example task requires virtualenv, please install it.
[2025-10-25T16:29:51.031+0200] {processor.py:840} INFO - DAG(s) 'example_python_operator' retrieved from /Users/youssefdaaloul/venv/dbt_snowflake/airflow_venv_39/lib/python3.11/site-packages/airflow/example_dags/example_python_operator.py
[2025-10-25T16:29:51.092+0200] {logging_mixin.py:188} INFO - [2025-10-25T16:29:51.092+0200] {dag.py:3036} INFO - Sync 1 DAGs
[2025-10-25T16:29:51.095+0200] {logging_mixin.py:188} INFO - [2025-10-25T16:29:51.095+0200] {dag.py:3823} INFO - Setting next_dagrun for example_python_operator to None, run_after=None
[2025-10-25T16:29:51.102+0200] {processor.py:183} INFO - Processing /Users/youssefdaaloul/venv/dbt_snowflake/airflow_venv_39/lib/python3.11/site-packages/airflow/example_dags/example_python_operator.py took 0.085 seconds
[2025-10-25T16:31:46.225+0200] {processor.py:161} INFO - Started process (PID=72573) to work on /Users/youssefdaaloul/venv/dbt_snowflake/airflow_venv_39/lib/python3.11/site-packages/airflow/example_dags/example_python_operator.py
[2025-10-25T16:31:46.226+0200] {processor.py:830} INFO - Processing file /Users/youssefdaaloul/venv/dbt_snowflake/airflow_venv_39/lib/python3.11/site-packages/airflow/example_dags/example_python_operator.py for tasks to queue
[2025-10-25T16:31:46.226+0200] {logging_mixin.py:188} INFO - [2025-10-25T16:31:46.226+0200] {dagbag.py:538} INFO - Filling up the DagBag from /Users/youssefdaaloul/venv/dbt_snowflake/airflow_venv_39/lib/python3.11/site-packages/airflow/example_dags/example_python_operator.py
[2025-10-25T16:31:46.236+0200] {logging_mixin.py:188} INFO - [2025-10-25T16:31:46.236+0200] {example_python_operator.py:88} WARNING - The virtalenv_python example task requires virtualenv, please install it.
[2025-10-25T16:31:46.238+0200] {processor.py:840} INFO - DAG(s) 'example_python_operator' retrieved from /Users/youssefdaaloul/venv/dbt_snowflake/airflow_venv_39/lib/python3.11/site-packages/airflow/example_dags/example_python_operator.py
[2025-10-25T16:31:46.302+0200] {logging_mixin.py:188} INFO - [2025-10-25T16:31:46.302+0200] {dag.py:3036} INFO - Sync 1 DAGs
[2025-10-25T16:31:46.305+0200] {logging_mixin.py:188} INFO - [2025-10-25T16:31:46.305+0200] {dag.py:3823} INFO - Setting next_dagrun for example_python_operator to None, run_after=None
[2025-10-25T16:31:46.313+0200] {processor.py:183} INFO - Processing /Users/youssefdaaloul/venv/dbt_snowflake/airflow_venv_39/lib/python3.11/site-packages/airflow/example_dags/example_python_operator.py took 0.088 seconds
[2025-10-25T16:33:44.671+0200] {processor.py:161} INFO - Started process (PID=72698) to work on /Users/youssefdaaloul/venv/dbt_snowflake/airflow_venv_39/lib/python3.11/site-packages/airflow/example_dags/example_python_operator.py
[2025-10-25T16:33:44.673+0200] {processor.py:830} INFO - Processing file /Users/youssefdaaloul/venv/dbt_snowflake/airflow_venv_39/lib/python3.11/site-packages/airflow/example_dags/example_python_operator.py for tasks to queue
[2025-10-25T16:33:44.673+0200] {logging_mixin.py:188} INFO - [2025-10-25T16:33:44.673+0200] {dagbag.py:538} INFO - Filling up the DagBag from /Users/youssefdaaloul/venv/dbt_snowflake/airflow_venv_39/lib/python3.11/site-packages/airflow/example_dags/example_python_operator.py
[2025-10-25T16:33:44.682+0200] {logging_mixin.py:188} INFO - [2025-10-25T16:33:44.682+0200] {example_python_operator.py:88} WARNING - The virtalenv_python example task requires virtualenv, please install it.
[2025-10-25T16:33:44.683+0200] {processor.py:840} INFO - DAG(s) 'example_python_operator' retrieved from /Users/youssefdaaloul/venv/dbt_snowflake/airflow_venv_39/lib/python3.11/site-packages/airflow/example_dags/example_python_operator.py
[2025-10-25T16:33:44.739+0200] {logging_mixin.py:188} INFO - [2025-10-25T16:33:44.739+0200] {dag.py:3036} INFO - Sync 1 DAGs
[2025-10-25T16:33:44.743+0200] {logging_mixin.py:188} INFO - [2025-10-25T16:33:44.743+0200] {dag.py:3823} INFO - Setting next_dagrun for example_python_operator to None, run_after=None
[2025-10-25T16:33:44.751+0200] {processor.py:183} INFO - Processing /Users/youssefdaaloul/venv/dbt_snowflake/airflow_venv_39/lib/python3.11/site-packages/airflow/example_dags/example_python_operator.py took 0.081 seconds
[2025-10-25T16:35:42.253+0200] {processor.py:161} INFO - Started process (PID=72849) to work on /Users/youssefdaaloul/venv/dbt_snowflake/airflow_venv_39/lib/python3.11/site-packages/airflow/example_dags/example_python_operator.py
[2025-10-25T16:35:42.254+0200] {processor.py:830} INFO - Processing file /Users/youssefdaaloul/venv/dbt_snowflake/airflow_venv_39/lib/python3.11/site-packages/airflow/example_dags/example_python_operator.py for tasks to queue
[2025-10-25T16:35:42.254+0200] {logging_mixin.py:188} INFO - [2025-10-25T16:35:42.254+0200] {dagbag.py:538} INFO - Filling up the DagBag from /Users/youssefdaaloul/venv/dbt_snowflake/airflow_venv_39/lib/python3.11/site-packages/airflow/example_dags/example_python_operator.py
[2025-10-25T16:35:42.265+0200] {logging_mixin.py:188} INFO - [2025-10-25T16:35:42.265+0200] {example_python_operator.py:88} WARNING - The virtalenv_python example task requires virtualenv, please install it.
[2025-10-25T16:35:42.267+0200] {processor.py:840} INFO - DAG(s) 'example_python_operator' retrieved from /Users/youssefdaaloul/venv/dbt_snowflake/airflow_venv_39/lib/python3.11/site-packages/airflow/example_dags/example_python_operator.py
[2025-10-25T16:35:42.330+0200] {logging_mixin.py:188} INFO - [2025-10-25T16:35:42.329+0200] {dag.py:3036} INFO - Sync 1 DAGs
[2025-10-25T16:35:42.333+0200] {logging_mixin.py:188} INFO - [2025-10-25T16:35:42.332+0200] {dag.py:3823} INFO - Setting next_dagrun for example_python_operator to None, run_after=None
[2025-10-25T16:35:42.340+0200] {processor.py:183} INFO - Processing /Users/youssefdaaloul/venv/dbt_snowflake/airflow_venv_39/lib/python3.11/site-packages/airflow/example_dags/example_python_operator.py took 0.087 seconds
