[2025-10-25T16:09:11.257+0200] {processor.py:161} INFO - Started process (PID=71226) to work on /Users/youssefdaaloul/venv/dbt_snowflake/airflow_venv_39/lib/python3.11/site-packages/airflow/example_dags/example_nested_branch_dag.py
[2025-10-25T16:09:11.257+0200] {processor.py:830} INFO - Processing file /Users/youssefdaaloul/venv/dbt_snowflake/airflow_venv_39/lib/python3.11/site-packages/airflow/example_dags/example_nested_branch_dag.py for tasks to queue
[2025-10-25T16:09:11.258+0200] {logging_mixin.py:188} INFO - [2025-10-25T16:09:11.257+0200] {dagbag.py:538} INFO - Filling up the DagBag from /Users/youssefdaaloul/venv/dbt_snowflake/airflow_venv_39/lib/python3.11/site-packages/airflow/example_dags/example_nested_branch_dag.py
[2025-10-25T16:09:11.276+0200] {processor.py:840} INFO - DAG(s) 'example_nested_branch_dag' retrieved from /Users/youssefdaaloul/venv/dbt_snowflake/airflow_venv_39/lib/python3.11/site-packages/airflow/example_dags/example_nested_branch_dag.py
[2025-10-25T16:09:11.385+0200] {logging_mixin.py:188} INFO - [2025-10-25T16:09:11.385+0200] {dag.py:3036} INFO - Sync 1 DAGs
[2025-10-25T16:09:11.393+0200] {logging_mixin.py:188} INFO - [2025-10-25T16:09:11.393+0200] {dag.py:3823} INFO - Setting next_dagrun for example_nested_branch_dag to 2025-10-24 00:00:00+00:00, run_after=2025-10-25 00:00:00+00:00
[2025-10-25T16:09:11.404+0200] {processor.py:183} INFO - Processing /Users/youssefdaaloul/venv/dbt_snowflake/airflow_venv_39/lib/python3.11/site-packages/airflow/example_dags/example_nested_branch_dag.py took 0.148 seconds
[2025-10-25T16:10:43.112+0200] {processor.py:161} INFO - Started process (PID=71310) to work on /Users/youssefdaaloul/venv/dbt_snowflake/airflow_venv_39/lib/python3.11/site-packages/airflow/example_dags/example_nested_branch_dag.py
[2025-10-25T16:10:43.113+0200] {processor.py:830} INFO - Processing file /Users/youssefdaaloul/venv/dbt_snowflake/airflow_venv_39/lib/python3.11/site-packages/airflow/example_dags/example_nested_branch_dag.py for tasks to queue
[2025-10-25T16:10:43.113+0200] {logging_mixin.py:188} INFO - [2025-10-25T16:10:43.113+0200] {dagbag.py:538} INFO - Filling up the DagBag from /Users/youssefdaaloul/venv/dbt_snowflake/airflow_venv_39/lib/python3.11/site-packages/airflow/example_dags/example_nested_branch_dag.py
[2025-10-25T16:10:43.129+0200] {processor.py:840} INFO - DAG(s) 'example_nested_branch_dag' retrieved from /Users/youssefdaaloul/venv/dbt_snowflake/airflow_venv_39/lib/python3.11/site-packages/airflow/example_dags/example_nested_branch_dag.py
[2025-10-25T16:10:43.185+0200] {logging_mixin.py:188} INFO - [2025-10-25T16:10:43.185+0200] {dag.py:3036} INFO - Sync 1 DAGs
[2025-10-25T16:10:43.192+0200] {logging_mixin.py:188} INFO - [2025-10-25T16:10:43.191+0200] {dag.py:3823} INFO - Setting next_dagrun for example_nested_branch_dag to 2025-10-24 00:00:00+00:00, run_after=2025-10-25 00:00:00+00:00
[2025-10-25T16:10:43.198+0200] {processor.py:183} INFO - Processing /Users/youssefdaaloul/venv/dbt_snowflake/airflow_venv_39/lib/python3.11/site-packages/airflow/example_dags/example_nested_branch_dag.py took 0.087 seconds
[2025-10-25T16:12:40.046+0200] {processor.py:161} INFO - Started process (PID=71421) to work on /Users/youssefdaaloul/venv/dbt_snowflake/airflow_venv_39/lib/python3.11/site-packages/airflow/example_dags/example_nested_branch_dag.py
[2025-10-25T16:12:40.046+0200] {processor.py:830} INFO - Processing file /Users/youssefdaaloul/venv/dbt_snowflake/airflow_venv_39/lib/python3.11/site-packages/airflow/example_dags/example_nested_branch_dag.py for tasks to queue
[2025-10-25T16:12:40.047+0200] {logging_mixin.py:188} INFO - [2025-10-25T16:12:40.046+0200] {dagbag.py:538} INFO - Filling up the DagBag from /Users/youssefdaaloul/venv/dbt_snowflake/airflow_venv_39/lib/python3.11/site-packages/airflow/example_dags/example_nested_branch_dag.py
[2025-10-25T16:12:40.063+0200] {processor.py:840} INFO - DAG(s) 'example_nested_branch_dag' retrieved from /Users/youssefdaaloul/venv/dbt_snowflake/airflow_venv_39/lib/python3.11/site-packages/airflow/example_dags/example_nested_branch_dag.py
[2025-10-25T16:12:40.122+0200] {logging_mixin.py:188} INFO - [2025-10-25T16:12:40.122+0200] {dag.py:3036} INFO - Sync 1 DAGs
[2025-10-25T16:12:40.129+0200] {logging_mixin.py:188} INFO - [2025-10-25T16:12:40.129+0200] {dag.py:3823} INFO - Setting next_dagrun for example_nested_branch_dag to 2025-10-24 00:00:00+00:00, run_after=2025-10-25 00:00:00+00:00
[2025-10-25T16:12:40.136+0200] {processor.py:183} INFO - Processing /Users/youssefdaaloul/venv/dbt_snowflake/airflow_venv_39/lib/python3.11/site-packages/airflow/example_dags/example_nested_branch_dag.py took 0.091 seconds
[2025-10-25T16:14:40.845+0200] {processor.py:161} INFO - Started process (PID=71531) to work on /Users/youssefdaaloul/venv/dbt_snowflake/airflow_venv_39/lib/python3.11/site-packages/airflow/example_dags/example_nested_branch_dag.py
[2025-10-25T16:14:40.846+0200] {processor.py:830} INFO - Processing file /Users/youssefdaaloul/venv/dbt_snowflake/airflow_venv_39/lib/python3.11/site-packages/airflow/example_dags/example_nested_branch_dag.py for tasks to queue
[2025-10-25T16:14:40.846+0200] {logging_mixin.py:188} INFO - [2025-10-25T16:14:40.846+0200] {dagbag.py:538} INFO - Filling up the DagBag from /Users/youssefdaaloul/venv/dbt_snowflake/airflow_venv_39/lib/python3.11/site-packages/airflow/example_dags/example_nested_branch_dag.py
[2025-10-25T16:14:40.865+0200] {processor.py:840} INFO - DAG(s) 'example_nested_branch_dag' retrieved from /Users/youssefdaaloul/venv/dbt_snowflake/airflow_venv_39/lib/python3.11/site-packages/airflow/example_dags/example_nested_branch_dag.py
[2025-10-25T16:14:40.925+0200] {logging_mixin.py:188} INFO - [2025-10-25T16:14:40.925+0200] {dag.py:3036} INFO - Sync 1 DAGs
[2025-10-25T16:14:40.932+0200] {logging_mixin.py:188} INFO - [2025-10-25T16:14:40.931+0200] {dag.py:3823} INFO - Setting next_dagrun for example_nested_branch_dag to 2025-10-24 00:00:00+00:00, run_after=2025-10-25 00:00:00+00:00
[2025-10-25T16:14:40.939+0200] {processor.py:183} INFO - Processing /Users/youssefdaaloul/venv/dbt_snowflake/airflow_venv_39/lib/python3.11/site-packages/airflow/example_dags/example_nested_branch_dag.py took 0.094 seconds
[2025-10-25T16:16:42.133+0200] {processor.py:161} INFO - Started process (PID=71633) to work on /Users/youssefdaaloul/venv/dbt_snowflake/airflow_venv_39/lib/python3.11/site-packages/airflow/example_dags/example_nested_branch_dag.py
[2025-10-25T16:16:42.135+0200] {processor.py:830} INFO - Processing file /Users/youssefdaaloul/venv/dbt_snowflake/airflow_venv_39/lib/python3.11/site-packages/airflow/example_dags/example_nested_branch_dag.py for tasks to queue
[2025-10-25T16:16:42.135+0200] {logging_mixin.py:188} INFO - [2025-10-25T16:16:42.135+0200] {dagbag.py:538} INFO - Filling up the DagBag from /Users/youssefdaaloul/venv/dbt_snowflake/airflow_venv_39/lib/python3.11/site-packages/airflow/example_dags/example_nested_branch_dag.py
[2025-10-25T16:16:42.152+0200] {processor.py:840} INFO - DAG(s) 'example_nested_branch_dag' retrieved from /Users/youssefdaaloul/venv/dbt_snowflake/airflow_venv_39/lib/python3.11/site-packages/airflow/example_dags/example_nested_branch_dag.py
[2025-10-25T16:16:42.218+0200] {logging_mixin.py:188} INFO - [2025-10-25T16:16:42.218+0200] {dag.py:3036} INFO - Sync 1 DAGs
[2025-10-25T16:16:42.225+0200] {logging_mixin.py:188} INFO - [2025-10-25T16:16:42.225+0200] {dag.py:3823} INFO - Setting next_dagrun for example_nested_branch_dag to 2025-10-24 00:00:00+00:00, run_after=2025-10-25 00:00:00+00:00
[2025-10-25T16:16:42.233+0200] {processor.py:183} INFO - Processing /Users/youssefdaaloul/venv/dbt_snowflake/airflow_venv_39/lib/python3.11/site-packages/airflow/example_dags/example_nested_branch_dag.py took 0.101 seconds
[2025-10-25T16:18:42.242+0200] {processor.py:161} INFO - Started process (PID=71735) to work on /Users/youssefdaaloul/venv/dbt_snowflake/airflow_venv_39/lib/python3.11/site-packages/airflow/example_dags/example_nested_branch_dag.py
[2025-10-25T16:18:42.243+0200] {processor.py:830} INFO - Processing file /Users/youssefdaaloul/venv/dbt_snowflake/airflow_venv_39/lib/python3.11/site-packages/airflow/example_dags/example_nested_branch_dag.py for tasks to queue
[2025-10-25T16:18:42.243+0200] {logging_mixin.py:188} INFO - [2025-10-25T16:18:42.243+0200] {dagbag.py:538} INFO - Filling up the DagBag from /Users/youssefdaaloul/venv/dbt_snowflake/airflow_venv_39/lib/python3.11/site-packages/airflow/example_dags/example_nested_branch_dag.py
[2025-10-25T16:18:42.261+0200] {processor.py:840} INFO - DAG(s) 'example_nested_branch_dag' retrieved from /Users/youssefdaaloul/venv/dbt_snowflake/airflow_venv_39/lib/python3.11/site-packages/airflow/example_dags/example_nested_branch_dag.py
[2025-10-25T16:18:42.332+0200] {logging_mixin.py:188} INFO - [2025-10-25T16:18:42.331+0200] {dag.py:3036} INFO - Sync 1 DAGs
[2025-10-25T16:18:42.339+0200] {logging_mixin.py:188} INFO - [2025-10-25T16:18:42.339+0200] {dag.py:3823} INFO - Setting next_dagrun for example_nested_branch_dag to 2025-10-24 00:00:00+00:00, run_after=2025-10-25 00:00:00+00:00
[2025-10-25T16:18:42.348+0200] {processor.py:183} INFO - Processing /Users/youssefdaaloul/venv/dbt_snowflake/airflow_venv_39/lib/python3.11/site-packages/airflow/example_dags/example_nested_branch_dag.py took 0.106 seconds
[2025-10-25T16:20:47.126+0200] {processor.py:161} INFO - Started process (PID=71859) to work on /Users/youssefdaaloul/venv/dbt_snowflake/airflow_venv_39/lib/python3.11/site-packages/airflow/example_dags/example_nested_branch_dag.py
[2025-10-25T16:20:47.127+0200] {processor.py:830} INFO - Processing file /Users/youssefdaaloul/venv/dbt_snowflake/airflow_venv_39/lib/python3.11/site-packages/airflow/example_dags/example_nested_branch_dag.py for tasks to queue
[2025-10-25T16:20:47.127+0200] {logging_mixin.py:188} INFO - [2025-10-25T16:20:47.127+0200] {dagbag.py:538} INFO - Filling up the DagBag from /Users/youssefdaaloul/venv/dbt_snowflake/airflow_venv_39/lib/python3.11/site-packages/airflow/example_dags/example_nested_branch_dag.py
[2025-10-25T16:20:47.143+0200] {processor.py:840} INFO - DAG(s) 'example_nested_branch_dag' retrieved from /Users/youssefdaaloul/venv/dbt_snowflake/airflow_venv_39/lib/python3.11/site-packages/airflow/example_dags/example_nested_branch_dag.py
[2025-10-25T16:20:47.204+0200] {logging_mixin.py:188} INFO - [2025-10-25T16:20:47.204+0200] {dag.py:3036} INFO - Sync 1 DAGs
[2025-10-25T16:20:47.210+0200] {logging_mixin.py:188} INFO - [2025-10-25T16:20:47.210+0200] {dag.py:3823} INFO - Setting next_dagrun for example_nested_branch_dag to 2025-10-24 00:00:00+00:00, run_after=2025-10-25 00:00:00+00:00
[2025-10-25T16:20:47.217+0200] {processor.py:183} INFO - Processing /Users/youssefdaaloul/venv/dbt_snowflake/airflow_venv_39/lib/python3.11/site-packages/airflow/example_dags/example_nested_branch_dag.py took 0.092 seconds
[2025-10-25T16:22:35.354+0200] {processor.py:161} INFO - Started process (PID=71950) to work on /Users/youssefdaaloul/venv/dbt_snowflake/airflow_venv_39/lib/python3.11/site-packages/airflow/example_dags/example_nested_branch_dag.py
[2025-10-25T16:22:35.355+0200] {processor.py:830} INFO - Processing file /Users/youssefdaaloul/venv/dbt_snowflake/airflow_venv_39/lib/python3.11/site-packages/airflow/example_dags/example_nested_branch_dag.py for tasks to queue
[2025-10-25T16:22:35.356+0200] {logging_mixin.py:188} INFO - [2025-10-25T16:22:35.355+0200] {dagbag.py:538} INFO - Filling up the DagBag from /Users/youssefdaaloul/venv/dbt_snowflake/airflow_venv_39/lib/python3.11/site-packages/airflow/example_dags/example_nested_branch_dag.py
[2025-10-25T16:22:35.373+0200] {processor.py:840} INFO - DAG(s) 'example_nested_branch_dag' retrieved from /Users/youssefdaaloul/venv/dbt_snowflake/airflow_venv_39/lib/python3.11/site-packages/airflow/example_dags/example_nested_branch_dag.py
[2025-10-25T16:22:35.436+0200] {logging_mixin.py:188} INFO - [2025-10-25T16:22:35.436+0200] {dag.py:3036} INFO - Sync 1 DAGs
[2025-10-25T16:22:35.442+0200] {logging_mixin.py:188} INFO - [2025-10-25T16:22:35.442+0200] {dag.py:3823} INFO - Setting next_dagrun for example_nested_branch_dag to 2025-10-24 00:00:00+00:00, run_after=2025-10-25 00:00:00+00:00
[2025-10-25T16:22:35.449+0200] {processor.py:183} INFO - Processing /Users/youssefdaaloul/venv/dbt_snowflake/airflow_venv_39/lib/python3.11/site-packages/airflow/example_dags/example_nested_branch_dag.py took 0.095 seconds
[2025-10-25T16:24:24.790+0200] {processor.py:161} INFO - Started process (PID=72055) to work on /Users/youssefdaaloul/venv/dbt_snowflake/airflow_venv_39/lib/python3.11/site-packages/airflow/example_dags/example_nested_branch_dag.py
[2025-10-25T16:24:24.791+0200] {processor.py:830} INFO - Processing file /Users/youssefdaaloul/venv/dbt_snowflake/airflow_venv_39/lib/python3.11/site-packages/airflow/example_dags/example_nested_branch_dag.py for tasks to queue
[2025-10-25T16:24:24.791+0200] {logging_mixin.py:188} INFO - [2025-10-25T16:24:24.791+0200] {dagbag.py:538} INFO - Filling up the DagBag from /Users/youssefdaaloul/venv/dbt_snowflake/airflow_venv_39/lib/python3.11/site-packages/airflow/example_dags/example_nested_branch_dag.py
[2025-10-25T16:24:24.808+0200] {processor.py:840} INFO - DAG(s) 'example_nested_branch_dag' retrieved from /Users/youssefdaaloul/venv/dbt_snowflake/airflow_venv_39/lib/python3.11/site-packages/airflow/example_dags/example_nested_branch_dag.py
[2025-10-25T16:24:24.877+0200] {logging_mixin.py:188} INFO - [2025-10-25T16:24:24.877+0200] {dag.py:3036} INFO - Sync 1 DAGs
[2025-10-25T16:24:24.884+0200] {logging_mixin.py:188} INFO - [2025-10-25T16:24:24.884+0200] {dag.py:3823} INFO - Setting next_dagrun for example_nested_branch_dag to 2025-10-24 00:00:00+00:00, run_after=2025-10-25 00:00:00+00:00
[2025-10-25T16:24:24.891+0200] {processor.py:183} INFO - Processing /Users/youssefdaaloul/venv/dbt_snowflake/airflow_venv_39/lib/python3.11/site-packages/airflow/example_dags/example_nested_branch_dag.py took 0.102 seconds
[2025-10-25T16:26:12.463+0200] {processor.py:161} INFO - Started process (PID=72171) to work on /Users/youssefdaaloul/venv/dbt_snowflake/airflow_venv_39/lib/python3.11/site-packages/airflow/example_dags/example_nested_branch_dag.py
[2025-10-25T16:26:12.465+0200] {processor.py:830} INFO - Processing file /Users/youssefdaaloul/venv/dbt_snowflake/airflow_venv_39/lib/python3.11/site-packages/airflow/example_dags/example_nested_branch_dag.py for tasks to queue
[2025-10-25T16:26:12.465+0200] {logging_mixin.py:188} INFO - [2025-10-25T16:26:12.465+0200] {dagbag.py:538} INFO - Filling up the DagBag from /Users/youssefdaaloul/venv/dbt_snowflake/airflow_venv_39/lib/python3.11/site-packages/airflow/example_dags/example_nested_branch_dag.py
[2025-10-25T16:26:12.480+0200] {processor.py:840} INFO - DAG(s) 'example_nested_branch_dag' retrieved from /Users/youssefdaaloul/venv/dbt_snowflake/airflow_venv_39/lib/python3.11/site-packages/airflow/example_dags/example_nested_branch_dag.py
[2025-10-25T16:26:12.536+0200] {logging_mixin.py:188} INFO - [2025-10-25T16:26:12.535+0200] {dag.py:3036} INFO - Sync 1 DAGs
[2025-10-25T16:26:12.542+0200] {logging_mixin.py:188} INFO - [2025-10-25T16:26:12.542+0200] {dag.py:3823} INFO - Setting next_dagrun for example_nested_branch_dag to 2025-10-24 00:00:00+00:00, run_after=2025-10-25 00:00:00+00:00
[2025-10-25T16:26:12.548+0200] {processor.py:183} INFO - Processing /Users/youssefdaaloul/venv/dbt_snowflake/airflow_venv_39/lib/python3.11/site-packages/airflow/example_dags/example_nested_branch_dag.py took 0.085 seconds
[2025-10-25T16:28:03.153+0200] {processor.py:161} INFO - Started process (PID=72281) to work on /Users/youssefdaaloul/venv/dbt_snowflake/airflow_venv_39/lib/python3.11/site-packages/airflow/example_dags/example_nested_branch_dag.py
[2025-10-25T16:28:03.154+0200] {processor.py:830} INFO - Processing file /Users/youssefdaaloul/venv/dbt_snowflake/airflow_venv_39/lib/python3.11/site-packages/airflow/example_dags/example_nested_branch_dag.py for tasks to queue
[2025-10-25T16:28:03.155+0200] {logging_mixin.py:188} INFO - [2025-10-25T16:28:03.155+0200] {dagbag.py:538} INFO - Filling up the DagBag from /Users/youssefdaaloul/venv/dbt_snowflake/airflow_venv_39/lib/python3.11/site-packages/airflow/example_dags/example_nested_branch_dag.py
[2025-10-25T16:28:03.172+0200] {processor.py:840} INFO - DAG(s) 'example_nested_branch_dag' retrieved from /Users/youssefdaaloul/venv/dbt_snowflake/airflow_venv_39/lib/python3.11/site-packages/airflow/example_dags/example_nested_branch_dag.py
[2025-10-25T16:28:03.232+0200] {logging_mixin.py:188} INFO - [2025-10-25T16:28:03.232+0200] {dag.py:3036} INFO - Sync 1 DAGs
[2025-10-25T16:28:03.239+0200] {logging_mixin.py:188} INFO - [2025-10-25T16:28:03.239+0200] {dag.py:3823} INFO - Setting next_dagrun for example_nested_branch_dag to 2025-10-24 00:00:00+00:00, run_after=2025-10-25 00:00:00+00:00
[2025-10-25T16:28:03.246+0200] {processor.py:183} INFO - Processing /Users/youssefdaaloul/venv/dbt_snowflake/airflow_venv_39/lib/python3.11/site-packages/airflow/example_dags/example_nested_branch_dag.py took 0.094 seconds
[2025-10-25T16:30:00.409+0200] {processor.py:161} INFO - Started process (PID=72405) to work on /Users/youssefdaaloul/venv/dbt_snowflake/airflow_venv_39/lib/python3.11/site-packages/airflow/example_dags/example_nested_branch_dag.py
[2025-10-25T16:30:00.410+0200] {processor.py:830} INFO - Processing file /Users/youssefdaaloul/venv/dbt_snowflake/airflow_venv_39/lib/python3.11/site-packages/airflow/example_dags/example_nested_branch_dag.py for tasks to queue
[2025-10-25T16:30:00.410+0200] {logging_mixin.py:188} INFO - [2025-10-25T16:30:00.410+0200] {dagbag.py:538} INFO - Filling up the DagBag from /Users/youssefdaaloul/venv/dbt_snowflake/airflow_venv_39/lib/python3.11/site-packages/airflow/example_dags/example_nested_branch_dag.py
[2025-10-25T16:30:00.428+0200] {processor.py:840} INFO - DAG(s) 'example_nested_branch_dag' retrieved from /Users/youssefdaaloul/venv/dbt_snowflake/airflow_venv_39/lib/python3.11/site-packages/airflow/example_dags/example_nested_branch_dag.py
[2025-10-25T16:30:00.490+0200] {logging_mixin.py:188} INFO - [2025-10-25T16:30:00.490+0200] {dag.py:3036} INFO - Sync 1 DAGs
[2025-10-25T16:30:00.497+0200] {logging_mixin.py:188} INFO - [2025-10-25T16:30:00.496+0200] {dag.py:3823} INFO - Setting next_dagrun for example_nested_branch_dag to 2025-10-24 00:00:00+00:00, run_after=2025-10-25 00:00:00+00:00
[2025-10-25T16:30:00.504+0200] {processor.py:183} INFO - Processing /Users/youssefdaaloul/venv/dbt_snowflake/airflow_venv_39/lib/python3.11/site-packages/airflow/example_dags/example_nested_branch_dag.py took 0.095 seconds
[2025-10-25T16:31:55.499+0200] {processor.py:161} INFO - Started process (PID=72579) to work on /Users/youssefdaaloul/venv/dbt_snowflake/airflow_venv_39/lib/python3.11/site-packages/airflow/example_dags/example_nested_branch_dag.py
[2025-10-25T16:31:55.501+0200] {processor.py:830} INFO - Processing file /Users/youssefdaaloul/venv/dbt_snowflake/airflow_venv_39/lib/python3.11/site-packages/airflow/example_dags/example_nested_branch_dag.py for tasks to queue
[2025-10-25T16:31:55.501+0200] {logging_mixin.py:188} INFO - [2025-10-25T16:31:55.501+0200] {dagbag.py:538} INFO - Filling up the DagBag from /Users/youssefdaaloul/venv/dbt_snowflake/airflow_venv_39/lib/python3.11/site-packages/airflow/example_dags/example_nested_branch_dag.py
[2025-10-25T16:31:55.517+0200] {processor.py:840} INFO - DAG(s) 'example_nested_branch_dag' retrieved from /Users/youssefdaaloul/venv/dbt_snowflake/airflow_venv_39/lib/python3.11/site-packages/airflow/example_dags/example_nested_branch_dag.py
[2025-10-25T16:31:55.573+0200] {logging_mixin.py:188} INFO - [2025-10-25T16:31:55.573+0200] {dag.py:3036} INFO - Sync 1 DAGs
[2025-10-25T16:31:55.579+0200] {logging_mixin.py:188} INFO - [2025-10-25T16:31:55.579+0200] {dag.py:3823} INFO - Setting next_dagrun for example_nested_branch_dag to 2025-10-24 00:00:00+00:00, run_after=2025-10-25 00:00:00+00:00
[2025-10-25T16:31:55.587+0200] {processor.py:183} INFO - Processing /Users/youssefdaaloul/venv/dbt_snowflake/airflow_venv_39/lib/python3.11/site-packages/airflow/example_dags/example_nested_branch_dag.py took 0.088 seconds
[2025-10-25T16:33:52.680+0200] {processor.py:161} INFO - Started process (PID=72705) to work on /Users/youssefdaaloul/venv/dbt_snowflake/airflow_venv_39/lib/python3.11/site-packages/airflow/example_dags/example_nested_branch_dag.py
[2025-10-25T16:33:52.680+0200] {processor.py:830} INFO - Processing file /Users/youssefdaaloul/venv/dbt_snowflake/airflow_venv_39/lib/python3.11/site-packages/airflow/example_dags/example_nested_branch_dag.py for tasks to queue
[2025-10-25T16:33:52.681+0200] {logging_mixin.py:188} INFO - [2025-10-25T16:33:52.681+0200] {dagbag.py:538} INFO - Filling up the DagBag from /Users/youssefdaaloul/venv/dbt_snowflake/airflow_venv_39/lib/python3.11/site-packages/airflow/example_dags/example_nested_branch_dag.py
[2025-10-25T16:33:52.697+0200] {processor.py:840} INFO - DAG(s) 'example_nested_branch_dag' retrieved from /Users/youssefdaaloul/venv/dbt_snowflake/airflow_venv_39/lib/python3.11/site-packages/airflow/example_dags/example_nested_branch_dag.py
[2025-10-25T16:33:52.758+0200] {logging_mixin.py:188} INFO - [2025-10-25T16:33:52.758+0200] {dag.py:3036} INFO - Sync 1 DAGs
[2025-10-25T16:33:52.767+0200] {logging_mixin.py:188} INFO - [2025-10-25T16:33:52.767+0200] {dag.py:3823} INFO - Setting next_dagrun for example_nested_branch_dag to 2025-10-24 00:00:00+00:00, run_after=2025-10-25 00:00:00+00:00
[2025-10-25T16:33:52.774+0200] {processor.py:183} INFO - Processing /Users/youssefdaaloul/venv/dbt_snowflake/airflow_venv_39/lib/python3.11/site-packages/airflow/example_dags/example_nested_branch_dag.py took 0.095 seconds
[2025-10-25T16:35:51.437+0200] {processor.py:161} INFO - Started process (PID=72864) to work on /Users/youssefdaaloul/venv/dbt_snowflake/airflow_venv_39/lib/python3.11/site-packages/airflow/example_dags/example_nested_branch_dag.py
[2025-10-25T16:35:51.438+0200] {processor.py:830} INFO - Processing file /Users/youssefdaaloul/venv/dbt_snowflake/airflow_venv_39/lib/python3.11/site-packages/airflow/example_dags/example_nested_branch_dag.py for tasks to queue
[2025-10-25T16:35:51.438+0200] {logging_mixin.py:188} INFO - [2025-10-25T16:35:51.438+0200] {dagbag.py:538} INFO - Filling up the DagBag from /Users/youssefdaaloul/venv/dbt_snowflake/airflow_venv_39/lib/python3.11/site-packages/airflow/example_dags/example_nested_branch_dag.py
[2025-10-25T16:35:51.454+0200] {processor.py:840} INFO - DAG(s) 'example_nested_branch_dag' retrieved from /Users/youssefdaaloul/venv/dbt_snowflake/airflow_venv_39/lib/python3.11/site-packages/airflow/example_dags/example_nested_branch_dag.py
[2025-10-25T16:35:51.511+0200] {logging_mixin.py:188} INFO - [2025-10-25T16:35:51.511+0200] {dag.py:3036} INFO - Sync 1 DAGs
[2025-10-25T16:35:51.517+0200] {logging_mixin.py:188} INFO - [2025-10-25T16:35:51.517+0200] {dag.py:3823} INFO - Setting next_dagrun for example_nested_branch_dag to 2025-10-24 00:00:00+00:00, run_after=2025-10-25 00:00:00+00:00
[2025-10-25T16:35:51.524+0200] {processor.py:183} INFO - Processing /Users/youssefdaaloul/venv/dbt_snowflake/airflow_venv_39/lib/python3.11/site-packages/airflow/example_dags/example_nested_branch_dag.py took 0.087 seconds
[2025-10-25T16:43:33.637+0200] {processor.py:161} INFO - Started process (PID=73766) to work on /Users/youssefdaaloul/venv/dbt_snowflake/airflow_venv_39/lib/python3.11/site-packages/airflow/example_dags/example_nested_branch_dag.py
[2025-10-25T16:43:33.638+0200] {processor.py:830} INFO - Processing file /Users/youssefdaaloul/venv/dbt_snowflake/airflow_venv_39/lib/python3.11/site-packages/airflow/example_dags/example_nested_branch_dag.py for tasks to queue
[2025-10-25T16:43:33.638+0200] {logging_mixin.py:188} INFO - [2025-10-25T16:43:33.638+0200] {dagbag.py:538} INFO - Filling up the DagBag from /Users/youssefdaaloul/venv/dbt_snowflake/airflow_venv_39/lib/python3.11/site-packages/airflow/example_dags/example_nested_branch_dag.py
[2025-10-25T16:43:33.654+0200] {processor.py:840} INFO - DAG(s) 'example_nested_branch_dag' retrieved from /Users/youssefdaaloul/venv/dbt_snowflake/airflow_venv_39/lib/python3.11/site-packages/airflow/example_dags/example_nested_branch_dag.py
[2025-10-25T16:43:33.714+0200] {logging_mixin.py:188} INFO - [2025-10-25T16:43:33.713+0200] {dag.py:3036} INFO - Sync 1 DAGs
[2025-10-25T16:43:33.720+0200] {logging_mixin.py:188} INFO - [2025-10-25T16:43:33.720+0200] {dag.py:3823} INFO - Setting next_dagrun for example_nested_branch_dag to 2025-10-24 00:00:00+00:00, run_after=2025-10-25 00:00:00+00:00
[2025-10-25T16:43:33.726+0200] {processor.py:183} INFO - Processing /Users/youssefdaaloul/venv/dbt_snowflake/airflow_venv_39/lib/python3.11/site-packages/airflow/example_dags/example_nested_branch_dag.py took 0.090 seconds
[2025-10-25T16:45:26.944+0200] {processor.py:161} INFO - Started process (PID=73977) to work on /Users/youssefdaaloul/venv/dbt_snowflake/airflow_venv_39/lib/python3.11/site-packages/airflow/example_dags/example_nested_branch_dag.py
[2025-10-25T16:45:26.945+0200] {processor.py:830} INFO - Processing file /Users/youssefdaaloul/venv/dbt_snowflake/airflow_venv_39/lib/python3.11/site-packages/airflow/example_dags/example_nested_branch_dag.py for tasks to queue
[2025-10-25T16:45:26.945+0200] {logging_mixin.py:188} INFO - [2025-10-25T16:45:26.945+0200] {dagbag.py:538} INFO - Filling up the DagBag from /Users/youssefdaaloul/venv/dbt_snowflake/airflow_venv_39/lib/python3.11/site-packages/airflow/example_dags/example_nested_branch_dag.py
[2025-10-25T16:45:26.961+0200] {processor.py:840} INFO - DAG(s) 'example_nested_branch_dag' retrieved from /Users/youssefdaaloul/venv/dbt_snowflake/airflow_venv_39/lib/python3.11/site-packages/airflow/example_dags/example_nested_branch_dag.py
[2025-10-25T16:45:27.018+0200] {logging_mixin.py:188} INFO - [2025-10-25T16:45:27.018+0200] {dag.py:3036} INFO - Sync 1 DAGs
[2025-10-25T16:45:27.024+0200] {logging_mixin.py:188} INFO - [2025-10-25T16:45:27.024+0200] {dag.py:3823} INFO - Setting next_dagrun for example_nested_branch_dag to 2025-10-24 00:00:00+00:00, run_after=2025-10-25 00:00:00+00:00
[2025-10-25T16:45:27.030+0200] {processor.py:183} INFO - Processing /Users/youssefdaaloul/venv/dbt_snowflake/airflow_venv_39/lib/python3.11/site-packages/airflow/example_dags/example_nested_branch_dag.py took 0.087 seconds
[2025-10-25T16:47:25.577+0200] {processor.py:161} INFO - Started process (PID=74074) to work on /Users/youssefdaaloul/venv/dbt_snowflake/airflow_venv_39/lib/python3.11/site-packages/airflow/example_dags/example_nested_branch_dag.py
[2025-10-25T16:47:25.578+0200] {processor.py:830} INFO - Processing file /Users/youssefdaaloul/venv/dbt_snowflake/airflow_venv_39/lib/python3.11/site-packages/airflow/example_dags/example_nested_branch_dag.py for tasks to queue
[2025-10-25T16:47:25.578+0200] {logging_mixin.py:188} INFO - [2025-10-25T16:47:25.578+0200] {dagbag.py:538} INFO - Filling up the DagBag from /Users/youssefdaaloul/venv/dbt_snowflake/airflow_venv_39/lib/python3.11/site-packages/airflow/example_dags/example_nested_branch_dag.py
[2025-10-25T16:47:25.596+0200] {processor.py:840} INFO - DAG(s) 'example_nested_branch_dag' retrieved from /Users/youssefdaaloul/venv/dbt_snowflake/airflow_venv_39/lib/python3.11/site-packages/airflow/example_dags/example_nested_branch_dag.py
[2025-10-25T16:47:25.658+0200] {logging_mixin.py:188} INFO - [2025-10-25T16:47:25.658+0200] {dag.py:3036} INFO - Sync 1 DAGs
[2025-10-25T16:47:25.665+0200] {logging_mixin.py:188} INFO - [2025-10-25T16:47:25.664+0200] {dag.py:3823} INFO - Setting next_dagrun for example_nested_branch_dag to 2025-10-24 00:00:00+00:00, run_after=2025-10-25 00:00:00+00:00
[2025-10-25T16:47:25.672+0200] {processor.py:183} INFO - Processing /Users/youssefdaaloul/venv/dbt_snowflake/airflow_venv_39/lib/python3.11/site-packages/airflow/example_dags/example_nested_branch_dag.py took 0.096 seconds
[2025-10-25T16:49:13.898+0200] {processor.py:161} INFO - Started process (PID=74182) to work on /Users/youssefdaaloul/venv/dbt_snowflake/airflow_venv_39/lib/python3.11/site-packages/airflow/example_dags/example_nested_branch_dag.py
[2025-10-25T16:49:13.900+0200] {processor.py:830} INFO - Processing file /Users/youssefdaaloul/venv/dbt_snowflake/airflow_venv_39/lib/python3.11/site-packages/airflow/example_dags/example_nested_branch_dag.py for tasks to queue
[2025-10-25T16:49:13.900+0200] {logging_mixin.py:188} INFO - [2025-10-25T16:49:13.900+0200] {dagbag.py:538} INFO - Filling up the DagBag from /Users/youssefdaaloul/venv/dbt_snowflake/airflow_venv_39/lib/python3.11/site-packages/airflow/example_dags/example_nested_branch_dag.py
[2025-10-25T16:49:13.917+0200] {processor.py:840} INFO - DAG(s) 'example_nested_branch_dag' retrieved from /Users/youssefdaaloul/venv/dbt_snowflake/airflow_venv_39/lib/python3.11/site-packages/airflow/example_dags/example_nested_branch_dag.py
[2025-10-25T16:49:13.976+0200] {logging_mixin.py:188} INFO - [2025-10-25T16:49:13.976+0200] {dag.py:3036} INFO - Sync 1 DAGs
[2025-10-25T16:49:13.982+0200] {logging_mixin.py:188} INFO - [2025-10-25T16:49:13.982+0200] {dag.py:3823} INFO - Setting next_dagrun for example_nested_branch_dag to 2025-10-24 00:00:00+00:00, run_after=2025-10-25 00:00:00+00:00
[2025-10-25T16:49:13.989+0200] {processor.py:183} INFO - Processing /Users/youssefdaaloul/venv/dbt_snowflake/airflow_venv_39/lib/python3.11/site-packages/airflow/example_dags/example_nested_branch_dag.py took 0.091 seconds
[2025-10-25T16:51:12.810+0200] {processor.py:161} INFO - Started process (PID=74277) to work on /Users/youssefdaaloul/venv/dbt_snowflake/airflow_venv_39/lib/python3.11/site-packages/airflow/example_dags/example_nested_branch_dag.py
[2025-10-25T16:51:12.811+0200] {processor.py:830} INFO - Processing file /Users/youssefdaaloul/venv/dbt_snowflake/airflow_venv_39/lib/python3.11/site-packages/airflow/example_dags/example_nested_branch_dag.py for tasks to queue
[2025-10-25T16:51:12.811+0200] {logging_mixin.py:188} INFO - [2025-10-25T16:51:12.811+0200] {dagbag.py:538} INFO - Filling up the DagBag from /Users/youssefdaaloul/venv/dbt_snowflake/airflow_venv_39/lib/python3.11/site-packages/airflow/example_dags/example_nested_branch_dag.py
[2025-10-25T16:51:12.829+0200] {processor.py:840} INFO - DAG(s) 'example_nested_branch_dag' retrieved from /Users/youssefdaaloul/venv/dbt_snowflake/airflow_venv_39/lib/python3.11/site-packages/airflow/example_dags/example_nested_branch_dag.py
[2025-10-25T16:51:12.890+0200] {logging_mixin.py:188} INFO - [2025-10-25T16:51:12.890+0200] {dag.py:3036} INFO - Sync 1 DAGs
[2025-10-25T16:51:12.896+0200] {logging_mixin.py:188} INFO - [2025-10-25T16:51:12.896+0200] {dag.py:3823} INFO - Setting next_dagrun for example_nested_branch_dag to 2025-10-24 00:00:00+00:00, run_after=2025-10-25 00:00:00+00:00
[2025-10-25T16:51:12.903+0200] {processor.py:183} INFO - Processing /Users/youssefdaaloul/venv/dbt_snowflake/airflow_venv_39/lib/python3.11/site-packages/airflow/example_dags/example_nested_branch_dag.py took 0.093 seconds
