[2025-10-25T16:09:00.629+0200] {processor.py:161} INFO - Started process (PID=71217) to work on /Users/youssefdaaloul/venv/dbt_snowflake/airflow_venv_39/lib/python3.11/site-packages/airflow/example_dags/example_sensor_decorator.py
[2025-10-25T16:09:00.630+0200] {processor.py:830} INFO - Processing file /Users/youssefdaaloul/venv/dbt_snowflake/airflow_venv_39/lib/python3.11/site-packages/airflow/example_dags/example_sensor_decorator.py for tasks to queue
[2025-10-25T16:09:00.630+0200] {logging_mixin.py:188} INFO - [2025-10-25T16:09:00.630+0200] {dagbag.py:538} INFO - Filling up the DagBag from /Users/youssefdaaloul/venv/dbt_snowflake/airflow_venv_39/lib/python3.11/site-packages/airflow/example_dags/example_sensor_decorator.py
[2025-10-25T16:09:00.646+0200] {processor.py:840} INFO - DAG(s) 'example_sensor_decorator' retrieved from /Users/youssefdaaloul/venv/dbt_snowflake/airflow_venv_39/lib/python3.11/site-packages/airflow/example_dags/example_sensor_decorator.py
[2025-10-25T16:09:00.745+0200] {logging_mixin.py:188} INFO - [2025-10-25T16:09:00.745+0200] {dag.py:3036} INFO - Sync 1 DAGs
[2025-10-25T16:09:00.749+0200] {logging_mixin.py:188} INFO - [2025-10-25T16:09:00.749+0200] {dag.py:3823} INFO - Setting next_dagrun for example_sensor_decorator to None, run_after=None
[2025-10-25T16:09:00.756+0200] {processor.py:183} INFO - Processing /Users/youssefdaaloul/venv/dbt_snowflake/airflow_venv_39/lib/python3.11/site-packages/airflow/example_dags/example_sensor_decorator.py took 0.127 seconds
[2025-10-25T16:10:32.238+0200] {processor.py:161} INFO - Started process (PID=71303) to work on /Users/youssefdaaloul/venv/dbt_snowflake/airflow_venv_39/lib/python3.11/site-packages/airflow/example_dags/example_sensor_decorator.py
[2025-10-25T16:10:32.239+0200] {processor.py:830} INFO - Processing file /Users/youssefdaaloul/venv/dbt_snowflake/airflow_venv_39/lib/python3.11/site-packages/airflow/example_dags/example_sensor_decorator.py for tasks to queue
[2025-10-25T16:10:32.239+0200] {logging_mixin.py:188} INFO - [2025-10-25T16:10:32.239+0200] {dagbag.py:538} INFO - Filling up the DagBag from /Users/youssefdaaloul/venv/dbt_snowflake/airflow_venv_39/lib/python3.11/site-packages/airflow/example_dags/example_sensor_decorator.py
[2025-10-25T16:10:32.255+0200] {processor.py:840} INFO - DAG(s) 'example_sensor_decorator' retrieved from /Users/youssefdaaloul/venv/dbt_snowflake/airflow_venv_39/lib/python3.11/site-packages/airflow/example_dags/example_sensor_decorator.py
[2025-10-25T16:10:32.320+0200] {logging_mixin.py:188} INFO - [2025-10-25T16:10:32.320+0200] {dag.py:3036} INFO - Sync 1 DAGs
[2025-10-25T16:10:32.324+0200] {logging_mixin.py:188} INFO - [2025-10-25T16:10:32.324+0200] {dag.py:3823} INFO - Setting next_dagrun for example_sensor_decorator to None, run_after=None
[2025-10-25T16:10:32.334+0200] {processor.py:183} INFO - Processing /Users/youssefdaaloul/venv/dbt_snowflake/airflow_venv_39/lib/python3.11/site-packages/airflow/example_dags/example_sensor_decorator.py took 0.096 seconds
[2025-10-25T16:12:29.656+0200] {processor.py:161} INFO - Started process (PID=71414) to work on /Users/youssefdaaloul/venv/dbt_snowflake/airflow_venv_39/lib/python3.11/site-packages/airflow/example_dags/example_sensor_decorator.py
[2025-10-25T16:12:29.656+0200] {processor.py:830} INFO - Processing file /Users/youssefdaaloul/venv/dbt_snowflake/airflow_venv_39/lib/python3.11/site-packages/airflow/example_dags/example_sensor_decorator.py for tasks to queue
[2025-10-25T16:12:29.657+0200] {logging_mixin.py:188} INFO - [2025-10-25T16:12:29.657+0200] {dagbag.py:538} INFO - Filling up the DagBag from /Users/youssefdaaloul/venv/dbt_snowflake/airflow_venv_39/lib/python3.11/site-packages/airflow/example_dags/example_sensor_decorator.py
[2025-10-25T16:12:29.671+0200] {processor.py:840} INFO - DAG(s) 'example_sensor_decorator' retrieved from /Users/youssefdaaloul/venv/dbt_snowflake/airflow_venv_39/lib/python3.11/site-packages/airflow/example_dags/example_sensor_decorator.py
[2025-10-25T16:12:29.733+0200] {logging_mixin.py:188} INFO - [2025-10-25T16:12:29.733+0200] {dag.py:3036} INFO - Sync 1 DAGs
[2025-10-25T16:12:29.737+0200] {logging_mixin.py:188} INFO - [2025-10-25T16:12:29.737+0200] {dag.py:3823} INFO - Setting next_dagrun for example_sensor_decorator to None, run_after=None
[2025-10-25T16:12:29.745+0200] {processor.py:183} INFO - Processing /Users/youssefdaaloul/venv/dbt_snowflake/airflow_venv_39/lib/python3.11/site-packages/airflow/example_dags/example_sensor_decorator.py took 0.090 seconds
[2025-10-25T16:14:28.862+0200] {processor.py:161} INFO - Started process (PID=71517) to work on /Users/youssefdaaloul/venv/dbt_snowflake/airflow_venv_39/lib/python3.11/site-packages/airflow/example_dags/example_sensor_decorator.py
[2025-10-25T16:14:28.862+0200] {processor.py:830} INFO - Processing file /Users/youssefdaaloul/venv/dbt_snowflake/airflow_venv_39/lib/python3.11/site-packages/airflow/example_dags/example_sensor_decorator.py for tasks to queue
[2025-10-25T16:14:28.863+0200] {logging_mixin.py:188} INFO - [2025-10-25T16:14:28.862+0200] {dagbag.py:538} INFO - Filling up the DagBag from /Users/youssefdaaloul/venv/dbt_snowflake/airflow_venv_39/lib/python3.11/site-packages/airflow/example_dags/example_sensor_decorator.py
[2025-10-25T16:14:28.877+0200] {processor.py:840} INFO - DAG(s) 'example_sensor_decorator' retrieved from /Users/youssefdaaloul/venv/dbt_snowflake/airflow_venv_39/lib/python3.11/site-packages/airflow/example_dags/example_sensor_decorator.py
[2025-10-25T16:14:28.943+0200] {logging_mixin.py:188} INFO - [2025-10-25T16:14:28.942+0200] {dag.py:3036} INFO - Sync 1 DAGs
[2025-10-25T16:14:28.946+0200] {logging_mixin.py:188} INFO - [2025-10-25T16:14:28.946+0200] {dag.py:3823} INFO - Setting next_dagrun for example_sensor_decorator to None, run_after=None
[2025-10-25T16:14:28.954+0200] {processor.py:183} INFO - Processing /Users/youssefdaaloul/venv/dbt_snowflake/airflow_venv_39/lib/python3.11/site-packages/airflow/example_dags/example_sensor_decorator.py took 0.093 seconds
[2025-10-25T16:16:31.442+0200] {processor.py:161} INFO - Started process (PID=71626) to work on /Users/youssefdaaloul/venv/dbt_snowflake/airflow_venv_39/lib/python3.11/site-packages/airflow/example_dags/example_sensor_decorator.py
[2025-10-25T16:16:31.443+0200] {processor.py:830} INFO - Processing file /Users/youssefdaaloul/venv/dbt_snowflake/airflow_venv_39/lib/python3.11/site-packages/airflow/example_dags/example_sensor_decorator.py for tasks to queue
[2025-10-25T16:16:31.443+0200] {logging_mixin.py:188} INFO - [2025-10-25T16:16:31.443+0200] {dagbag.py:538} INFO - Filling up the DagBag from /Users/youssefdaaloul/venv/dbt_snowflake/airflow_venv_39/lib/python3.11/site-packages/airflow/example_dags/example_sensor_decorator.py
[2025-10-25T16:16:31.459+0200] {processor.py:840} INFO - DAG(s) 'example_sensor_decorator' retrieved from /Users/youssefdaaloul/venv/dbt_snowflake/airflow_venv_39/lib/python3.11/site-packages/airflow/example_dags/example_sensor_decorator.py
[2025-10-25T16:16:31.526+0200] {logging_mixin.py:188} INFO - [2025-10-25T16:16:31.526+0200] {dag.py:3036} INFO - Sync 1 DAGs
[2025-10-25T16:16:31.530+0200] {logging_mixin.py:188} INFO - [2025-10-25T16:16:31.530+0200] {dag.py:3823} INFO - Setting next_dagrun for example_sensor_decorator to None, run_after=None
[2025-10-25T16:16:31.537+0200] {processor.py:183} INFO - Processing /Users/youssefdaaloul/venv/dbt_snowflake/airflow_venv_39/lib/python3.11/site-packages/airflow/example_dags/example_sensor_decorator.py took 0.096 seconds
[2025-10-25T16:18:31.080+0200] {processor.py:161} INFO - Started process (PID=71726) to work on /Users/youssefdaaloul/venv/dbt_snowflake/airflow_venv_39/lib/python3.11/site-packages/airflow/example_dags/example_sensor_decorator.py
[2025-10-25T16:18:31.081+0200] {processor.py:830} INFO - Processing file /Users/youssefdaaloul/venv/dbt_snowflake/airflow_venv_39/lib/python3.11/site-packages/airflow/example_dags/example_sensor_decorator.py for tasks to queue
[2025-10-25T16:18:31.081+0200] {logging_mixin.py:188} INFO - [2025-10-25T16:18:31.081+0200] {dagbag.py:538} INFO - Filling up the DagBag from /Users/youssefdaaloul/venv/dbt_snowflake/airflow_venv_39/lib/python3.11/site-packages/airflow/example_dags/example_sensor_decorator.py
[2025-10-25T16:18:31.095+0200] {processor.py:840} INFO - DAG(s) 'example_sensor_decorator' retrieved from /Users/youssefdaaloul/venv/dbt_snowflake/airflow_venv_39/lib/python3.11/site-packages/airflow/example_dags/example_sensor_decorator.py
[2025-10-25T16:18:31.157+0200] {logging_mixin.py:188} INFO - [2025-10-25T16:18:31.157+0200] {dag.py:3036} INFO - Sync 1 DAGs
[2025-10-25T16:18:31.160+0200] {logging_mixin.py:188} INFO - [2025-10-25T16:18:31.160+0200] {dag.py:3823} INFO - Setting next_dagrun for example_sensor_decorator to None, run_after=None
[2025-10-25T16:18:31.167+0200] {processor.py:183} INFO - Processing /Users/youssefdaaloul/venv/dbt_snowflake/airflow_venv_39/lib/python3.11/site-packages/airflow/example_dags/example_sensor_decorator.py took 0.088 seconds
[2025-10-25T16:20:36.009+0200] {processor.py:161} INFO - Started process (PID=71851) to work on /Users/youssefdaaloul/venv/dbt_snowflake/airflow_venv_39/lib/python3.11/site-packages/airflow/example_dags/example_sensor_decorator.py
[2025-10-25T16:20:36.010+0200] {processor.py:830} INFO - Processing file /Users/youssefdaaloul/venv/dbt_snowflake/airflow_venv_39/lib/python3.11/site-packages/airflow/example_dags/example_sensor_decorator.py for tasks to queue
[2025-10-25T16:20:36.011+0200] {logging_mixin.py:188} INFO - [2025-10-25T16:20:36.010+0200] {dagbag.py:538} INFO - Filling up the DagBag from /Users/youssefdaaloul/venv/dbt_snowflake/airflow_venv_39/lib/python3.11/site-packages/airflow/example_dags/example_sensor_decorator.py
[2025-10-25T16:20:36.026+0200] {processor.py:840} INFO - DAG(s) 'example_sensor_decorator' retrieved from /Users/youssefdaaloul/venv/dbt_snowflake/airflow_venv_39/lib/python3.11/site-packages/airflow/example_dags/example_sensor_decorator.py
[2025-10-25T16:20:36.089+0200] {logging_mixin.py:188} INFO - [2025-10-25T16:20:36.089+0200] {dag.py:3036} INFO - Sync 1 DAGs
[2025-10-25T16:20:36.093+0200] {logging_mixin.py:188} INFO - [2025-10-25T16:20:36.093+0200] {dag.py:3823} INFO - Setting next_dagrun for example_sensor_decorator to None, run_after=None
[2025-10-25T16:20:36.100+0200] {processor.py:183} INFO - Processing /Users/youssefdaaloul/venv/dbt_snowflake/airflow_venv_39/lib/python3.11/site-packages/airflow/example_dags/example_sensor_decorator.py took 0.091 seconds
[2025-10-25T16:22:25.767+0200] {processor.py:161} INFO - Started process (PID=71939) to work on /Users/youssefdaaloul/venv/dbt_snowflake/airflow_venv_39/lib/python3.11/site-packages/airflow/example_dags/example_sensor_decorator.py
[2025-10-25T16:22:25.768+0200] {processor.py:830} INFO - Processing file /Users/youssefdaaloul/venv/dbt_snowflake/airflow_venv_39/lib/python3.11/site-packages/airflow/example_dags/example_sensor_decorator.py for tasks to queue
[2025-10-25T16:22:25.769+0200] {logging_mixin.py:188} INFO - [2025-10-25T16:22:25.769+0200] {dagbag.py:538} INFO - Filling up the DagBag from /Users/youssefdaaloul/venv/dbt_snowflake/airflow_venv_39/lib/python3.11/site-packages/airflow/example_dags/example_sensor_decorator.py
[2025-10-25T16:22:25.783+0200] {processor.py:840} INFO - DAG(s) 'example_sensor_decorator' retrieved from /Users/youssefdaaloul/venv/dbt_snowflake/airflow_venv_39/lib/python3.11/site-packages/airflow/example_dags/example_sensor_decorator.py
[2025-10-25T16:22:25.843+0200] {logging_mixin.py:188} INFO - [2025-10-25T16:22:25.843+0200] {dag.py:3036} INFO - Sync 1 DAGs
[2025-10-25T16:22:25.847+0200] {logging_mixin.py:188} INFO - [2025-10-25T16:22:25.847+0200] {dag.py:3823} INFO - Setting next_dagrun for example_sensor_decorator to None, run_after=None
[2025-10-25T16:22:25.853+0200] {processor.py:183} INFO - Processing /Users/youssefdaaloul/venv/dbt_snowflake/airflow_venv_39/lib/python3.11/site-packages/airflow/example_dags/example_sensor_decorator.py took 0.086 seconds
[2025-10-25T16:24:13.861+0200] {processor.py:161} INFO - Started process (PID=72042) to work on /Users/youssefdaaloul/venv/dbt_snowflake/airflow_venv_39/lib/python3.11/site-packages/airflow/example_dags/example_sensor_decorator.py
[2025-10-25T16:24:13.864+0200] {processor.py:830} INFO - Processing file /Users/youssefdaaloul/venv/dbt_snowflake/airflow_venv_39/lib/python3.11/site-packages/airflow/example_dags/example_sensor_decorator.py for tasks to queue
[2025-10-25T16:24:13.864+0200] {logging_mixin.py:188} INFO - [2025-10-25T16:24:13.864+0200] {dagbag.py:538} INFO - Filling up the DagBag from /Users/youssefdaaloul/venv/dbt_snowflake/airflow_venv_39/lib/python3.11/site-packages/airflow/example_dags/example_sensor_decorator.py
[2025-10-25T16:24:13.879+0200] {processor.py:840} INFO - DAG(s) 'example_sensor_decorator' retrieved from /Users/youssefdaaloul/venv/dbt_snowflake/airflow_venv_39/lib/python3.11/site-packages/airflow/example_dags/example_sensor_decorator.py
[2025-10-25T16:24:13.937+0200] {logging_mixin.py:188} INFO - [2025-10-25T16:24:13.937+0200] {dag.py:3036} INFO - Sync 1 DAGs
[2025-10-25T16:24:13.940+0200] {logging_mixin.py:188} INFO - [2025-10-25T16:24:13.940+0200] {dag.py:3823} INFO - Setting next_dagrun for example_sensor_decorator to None, run_after=None
[2025-10-25T16:24:13.947+0200] {processor.py:183} INFO - Processing /Users/youssefdaaloul/venv/dbt_snowflake/airflow_venv_39/lib/python3.11/site-packages/airflow/example_dags/example_sensor_decorator.py took 0.087 seconds
[2025-10-25T16:26:02.435+0200] {processor.py:161} INFO - Started process (PID=72157) to work on /Users/youssefdaaloul/venv/dbt_snowflake/airflow_venv_39/lib/python3.11/site-packages/airflow/example_dags/example_sensor_decorator.py
[2025-10-25T16:26:02.435+0200] {processor.py:830} INFO - Processing file /Users/youssefdaaloul/venv/dbt_snowflake/airflow_venv_39/lib/python3.11/site-packages/airflow/example_dags/example_sensor_decorator.py for tasks to queue
[2025-10-25T16:26:02.436+0200] {logging_mixin.py:188} INFO - [2025-10-25T16:26:02.436+0200] {dagbag.py:538} INFO - Filling up the DagBag from /Users/youssefdaaloul/venv/dbt_snowflake/airflow_venv_39/lib/python3.11/site-packages/airflow/example_dags/example_sensor_decorator.py
[2025-10-25T16:26:02.450+0200] {processor.py:840} INFO - DAG(s) 'example_sensor_decorator' retrieved from /Users/youssefdaaloul/venv/dbt_snowflake/airflow_venv_39/lib/python3.11/site-packages/airflow/example_dags/example_sensor_decorator.py
[2025-10-25T16:26:02.514+0200] {logging_mixin.py:188} INFO - [2025-10-25T16:26:02.513+0200] {dag.py:3036} INFO - Sync 1 DAGs
[2025-10-25T16:26:02.517+0200] {logging_mixin.py:188} INFO - [2025-10-25T16:26:02.517+0200] {dag.py:3823} INFO - Setting next_dagrun for example_sensor_decorator to None, run_after=None
[2025-10-25T16:26:02.524+0200] {processor.py:183} INFO - Processing /Users/youssefdaaloul/venv/dbt_snowflake/airflow_venv_39/lib/python3.11/site-packages/airflow/example_dags/example_sensor_decorator.py took 0.090 seconds
[2025-10-25T16:27:52.203+0200] {processor.py:161} INFO - Started process (PID=72272) to work on /Users/youssefdaaloul/venv/dbt_snowflake/airflow_venv_39/lib/python3.11/site-packages/airflow/example_dags/example_sensor_decorator.py
[2025-10-25T16:27:52.204+0200] {processor.py:830} INFO - Processing file /Users/youssefdaaloul/venv/dbt_snowflake/airflow_venv_39/lib/python3.11/site-packages/airflow/example_dags/example_sensor_decorator.py for tasks to queue
[2025-10-25T16:27:52.204+0200] {logging_mixin.py:188} INFO - [2025-10-25T16:27:52.204+0200] {dagbag.py:538} INFO - Filling up the DagBag from /Users/youssefdaaloul/venv/dbt_snowflake/airflow_venv_39/lib/python3.11/site-packages/airflow/example_dags/example_sensor_decorator.py
[2025-10-25T16:27:52.220+0200] {processor.py:840} INFO - DAG(s) 'example_sensor_decorator' retrieved from /Users/youssefdaaloul/venv/dbt_snowflake/airflow_venv_39/lib/python3.11/site-packages/airflow/example_dags/example_sensor_decorator.py
[2025-10-25T16:27:52.280+0200] {logging_mixin.py:188} INFO - [2025-10-25T16:27:52.279+0200] {dag.py:3036} INFO - Sync 1 DAGs
[2025-10-25T16:27:52.283+0200] {logging_mixin.py:188} INFO - [2025-10-25T16:27:52.283+0200] {dag.py:3823} INFO - Setting next_dagrun for example_sensor_decorator to None, run_after=None
[2025-10-25T16:27:52.290+0200] {processor.py:183} INFO - Processing /Users/youssefdaaloul/venv/dbt_snowflake/airflow_venv_39/lib/python3.11/site-packages/airflow/example_dags/example_sensor_decorator.py took 0.087 seconds
[2025-10-25T16:29:49.677+0200] {processor.py:161} INFO - Started process (PID=72380) to work on /Users/youssefdaaloul/venv/dbt_snowflake/airflow_venv_39/lib/python3.11/site-packages/airflow/example_dags/example_sensor_decorator.py
[2025-10-25T16:29:49.677+0200] {processor.py:830} INFO - Processing file /Users/youssefdaaloul/venv/dbt_snowflake/airflow_venv_39/lib/python3.11/site-packages/airflow/example_dags/example_sensor_decorator.py for tasks to queue
[2025-10-25T16:29:49.678+0200] {logging_mixin.py:188} INFO - [2025-10-25T16:29:49.678+0200] {dagbag.py:538} INFO - Filling up the DagBag from /Users/youssefdaaloul/venv/dbt_snowflake/airflow_venv_39/lib/python3.11/site-packages/airflow/example_dags/example_sensor_decorator.py
[2025-10-25T16:29:49.693+0200] {processor.py:840} INFO - DAG(s) 'example_sensor_decorator' retrieved from /Users/youssefdaaloul/venv/dbt_snowflake/airflow_venv_39/lib/python3.11/site-packages/airflow/example_dags/example_sensor_decorator.py
[2025-10-25T16:29:49.779+0200] {logging_mixin.py:188} INFO - [2025-10-25T16:29:49.779+0200] {dag.py:3036} INFO - Sync 1 DAGs
[2025-10-25T16:29:49.786+0200] {logging_mixin.py:188} INFO - [2025-10-25T16:29:49.786+0200] {dag.py:3823} INFO - Setting next_dagrun for example_sensor_decorator to None, run_after=None
[2025-10-25T16:29:49.796+0200] {processor.py:183} INFO - Processing /Users/youssefdaaloul/venv/dbt_snowflake/airflow_venv_39/lib/python3.11/site-packages/airflow/example_dags/example_sensor_decorator.py took 0.120 seconds
[2025-10-25T16:31:44.278+0200] {processor.py:161} INFO - Started process (PID=72572) to work on /Users/youssefdaaloul/venv/dbt_snowflake/airflow_venv_39/lib/python3.11/site-packages/airflow/example_dags/example_sensor_decorator.py
[2025-10-25T16:31:44.279+0200] {processor.py:830} INFO - Processing file /Users/youssefdaaloul/venv/dbt_snowflake/airflow_venv_39/lib/python3.11/site-packages/airflow/example_dags/example_sensor_decorator.py for tasks to queue
[2025-10-25T16:31:44.279+0200] {logging_mixin.py:188} INFO - [2025-10-25T16:31:44.279+0200] {dagbag.py:538} INFO - Filling up the DagBag from /Users/youssefdaaloul/venv/dbt_snowflake/airflow_venv_39/lib/python3.11/site-packages/airflow/example_dags/example_sensor_decorator.py
[2025-10-25T16:31:44.293+0200] {processor.py:840} INFO - DAG(s) 'example_sensor_decorator' retrieved from /Users/youssefdaaloul/venv/dbt_snowflake/airflow_venv_39/lib/python3.11/site-packages/airflow/example_dags/example_sensor_decorator.py
[2025-10-25T16:31:44.355+0200] {logging_mixin.py:188} INFO - [2025-10-25T16:31:44.354+0200] {dag.py:3036} INFO - Sync 1 DAGs
[2025-10-25T16:31:44.358+0200] {logging_mixin.py:188} INFO - [2025-10-25T16:31:44.358+0200] {dag.py:3823} INFO - Setting next_dagrun for example_sensor_decorator to None, run_after=None
[2025-10-25T16:31:44.365+0200] {processor.py:183} INFO - Processing /Users/youssefdaaloul/venv/dbt_snowflake/airflow_venv_39/lib/python3.11/site-packages/airflow/example_dags/example_sensor_decorator.py took 0.088 seconds
[2025-10-25T16:33:42.805+0200] {processor.py:161} INFO - Started process (PID=72697) to work on /Users/youssefdaaloul/venv/dbt_snowflake/airflow_venv_39/lib/python3.11/site-packages/airflow/example_dags/example_sensor_decorator.py
[2025-10-25T16:33:42.806+0200] {processor.py:830} INFO - Processing file /Users/youssefdaaloul/venv/dbt_snowflake/airflow_venv_39/lib/python3.11/site-packages/airflow/example_dags/example_sensor_decorator.py for tasks to queue
[2025-10-25T16:33:42.807+0200] {logging_mixin.py:188} INFO - [2025-10-25T16:33:42.807+0200] {dagbag.py:538} INFO - Filling up the DagBag from /Users/youssefdaaloul/venv/dbt_snowflake/airflow_venv_39/lib/python3.11/site-packages/airflow/example_dags/example_sensor_decorator.py
[2025-10-25T16:33:42.821+0200] {processor.py:840} INFO - DAG(s) 'example_sensor_decorator' retrieved from /Users/youssefdaaloul/venv/dbt_snowflake/airflow_venv_39/lib/python3.11/site-packages/airflow/example_dags/example_sensor_decorator.py
[2025-10-25T16:33:42.883+0200] {logging_mixin.py:188} INFO - [2025-10-25T16:33:42.883+0200] {dag.py:3036} INFO - Sync 1 DAGs
[2025-10-25T16:33:42.887+0200] {logging_mixin.py:188} INFO - [2025-10-25T16:33:42.887+0200] {dag.py:3823} INFO - Setting next_dagrun for example_sensor_decorator to None, run_after=None
[2025-10-25T16:33:42.893+0200] {processor.py:183} INFO - Processing /Users/youssefdaaloul/venv/dbt_snowflake/airflow_venv_39/lib/python3.11/site-packages/airflow/example_dags/example_sensor_decorator.py took 0.088 seconds
[2025-10-25T16:35:40.198+0200] {processor.py:161} INFO - Started process (PID=72848) to work on /Users/youssefdaaloul/venv/dbt_snowflake/airflow_venv_39/lib/python3.11/site-packages/airflow/example_dags/example_sensor_decorator.py
[2025-10-25T16:35:40.200+0200] {processor.py:830} INFO - Processing file /Users/youssefdaaloul/venv/dbt_snowflake/airflow_venv_39/lib/python3.11/site-packages/airflow/example_dags/example_sensor_decorator.py for tasks to queue
[2025-10-25T16:35:40.200+0200] {logging_mixin.py:188} INFO - [2025-10-25T16:35:40.200+0200] {dagbag.py:538} INFO - Filling up the DagBag from /Users/youssefdaaloul/venv/dbt_snowflake/airflow_venv_39/lib/python3.11/site-packages/airflow/example_dags/example_sensor_decorator.py
[2025-10-25T16:35:40.217+0200] {processor.py:840} INFO - DAG(s) 'example_sensor_decorator' retrieved from /Users/youssefdaaloul/venv/dbt_snowflake/airflow_venv_39/lib/python3.11/site-packages/airflow/example_dags/example_sensor_decorator.py
[2025-10-25T16:35:40.281+0200] {logging_mixin.py:188} INFO - [2025-10-25T16:35:40.281+0200] {dag.py:3036} INFO - Sync 1 DAGs
[2025-10-25T16:35:40.286+0200] {logging_mixin.py:188} INFO - [2025-10-25T16:35:40.286+0200] {dag.py:3823} INFO - Setting next_dagrun for example_sensor_decorator to None, run_after=None
[2025-10-25T16:35:40.296+0200] {processor.py:183} INFO - Processing /Users/youssefdaaloul/venv/dbt_snowflake/airflow_venv_39/lib/python3.11/site-packages/airflow/example_dags/example_sensor_decorator.py took 0.098 seconds
