[2025-10-25T16:08:44.628+0200] {processor.py:161} INFO - Started process (PID=71207) to work on /Users/youssefdaaloul/venv/dbt_snowflake/airflow_venv_39/lib/python3.11/site-packages/airflow/example_dags/example_subdag_operator.py
[2025-10-25T16:08:44.628+0200] {processor.py:830} INFO - Processing file /Users/youssefdaaloul/venv/dbt_snowflake/airflow_venv_39/lib/python3.11/site-packages/airflow/example_dags/example_subdag_operator.py for tasks to queue
[2025-10-25T16:08:44.629+0200] {logging_mixin.py:188} INFO - [2025-10-25T16:08:44.629+0200] {dagbag.py:538} INFO - Filling up the DagBag from /Users/youssefdaaloul/venv/dbt_snowflake/airflow_venv_39/lib/python3.11/site-packages/airflow/example_dags/example_subdag_operator.py
[2025-10-25T16:08:44.665+0200] {processor.py:840} INFO - DAG(s) 'example_subdag_operator.section-1', 'example_subdag_operator.section-2', 'example_subdag_operator' retrieved from /Users/youssefdaaloul/venv/dbt_snowflake/airflow_venv_39/lib/python3.11/site-packages/airflow/example_dags/example_subdag_operator.py
[2025-10-25T16:08:44.739+0200] {logging_mixin.py:188} INFO - [2025-10-25T16:08:44.738+0200] {dag.py:3036} INFO - Sync 3 DAGs
[2025-10-25T16:08:44.744+0200] {logging_mixin.py:188} INFO - [2025-10-25T16:08:44.744+0200] {dag.py:3823} INFO - Setting next_dagrun for example_subdag_operator to 2022-01-01 00:00:00+00:00, run_after=2022-01-01 00:00:00+00:00
[2025-10-25T16:08:44.745+0200] {logging_mixin.py:188} INFO - [2025-10-25T16:08:44.745+0200] {dag.py:3823} INFO - Setting next_dagrun for example_subdag_operator.section-1 to None, run_after=None
[2025-10-25T16:08:44.745+0200] {logging_mixin.py:188} INFO - [2025-10-25T16:08:44.745+0200] {dag.py:3823} INFO - Setting next_dagrun for example_subdag_operator.section-2 to None, run_after=None
[2025-10-25T16:08:44.748+0200] {logging_mixin.py:188} INFO - [2025-10-25T16:08:44.748+0200] {dag.py:3036} INFO - Sync 2 DAGs
[2025-10-25T16:08:44.749+0200] {logging_mixin.py:188} INFO - [2025-10-25T16:08:44.749+0200] {dag.py:3823} INFO - Setting next_dagrun for example_subdag_operator.section-1 to None, run_after=None
[2025-10-25T16:08:44.749+0200] {logging_mixin.py:188} INFO - [2025-10-25T16:08:44.749+0200] {dag.py:3823} INFO - Setting next_dagrun for example_subdag_operator.section-2 to None, run_after=None
[2025-10-25T16:08:44.754+0200] {processor.py:183} INFO - Processing /Users/youssefdaaloul/venv/dbt_snowflake/airflow_venv_39/lib/python3.11/site-packages/airflow/example_dags/example_subdag_operator.py took 0.126 seconds
[2025-10-25T16:10:18.168+0200] {processor.py:161} INFO - Started process (PID=71288) to work on /Users/youssefdaaloul/venv/dbt_snowflake/airflow_venv_39/lib/python3.11/site-packages/airflow/example_dags/example_subdag_operator.py
[2025-10-25T16:10:18.168+0200] {processor.py:830} INFO - Processing file /Users/youssefdaaloul/venv/dbt_snowflake/airflow_venv_39/lib/python3.11/site-packages/airflow/example_dags/example_subdag_operator.py for tasks to queue
[2025-10-25T16:10:18.169+0200] {logging_mixin.py:188} INFO - [2025-10-25T16:10:18.168+0200] {dagbag.py:538} INFO - Filling up the DagBag from /Users/youssefdaaloul/venv/dbt_snowflake/airflow_venv_39/lib/python3.11/site-packages/airflow/example_dags/example_subdag_operator.py
[2025-10-25T16:10:18.204+0200] {processor.py:840} INFO - DAG(s) 'example_subdag_operator.section-1', 'example_subdag_operator.section-2', 'example_subdag_operator' retrieved from /Users/youssefdaaloul/venv/dbt_snowflake/airflow_venv_39/lib/python3.11/site-packages/airflow/example_dags/example_subdag_operator.py
[2025-10-25T16:10:18.243+0200] {logging_mixin.py:188} INFO - [2025-10-25T16:10:18.243+0200] {dag.py:3036} INFO - Sync 3 DAGs
[2025-10-25T16:10:18.250+0200] {logging_mixin.py:188} INFO - [2025-10-25T16:10:18.250+0200] {dag.py:3823} INFO - Setting next_dagrun for example_subdag_operator to 2022-01-01 00:00:00+00:00, run_after=2022-01-01 00:00:00+00:00
[2025-10-25T16:10:18.251+0200] {logging_mixin.py:188} INFO - [2025-10-25T16:10:18.251+0200] {dag.py:3823} INFO - Setting next_dagrun for example_subdag_operator.section-1 to None, run_after=None
[2025-10-25T16:10:18.252+0200] {logging_mixin.py:188} INFO - [2025-10-25T16:10:18.252+0200] {dag.py:3823} INFO - Setting next_dagrun for example_subdag_operator.section-2 to None, run_after=None
[2025-10-25T16:10:18.255+0200] {logging_mixin.py:188} INFO - [2025-10-25T16:10:18.254+0200] {dag.py:3036} INFO - Sync 2 DAGs
[2025-10-25T16:10:18.256+0200] {logging_mixin.py:188} INFO - [2025-10-25T16:10:18.256+0200] {dag.py:3823} INFO - Setting next_dagrun for example_subdag_operator.section-1 to None, run_after=None
[2025-10-25T16:10:18.256+0200] {logging_mixin.py:188} INFO - [2025-10-25T16:10:18.256+0200] {dag.py:3823} INFO - Setting next_dagrun for example_subdag_operator.section-2 to None, run_after=None
[2025-10-25T16:10:18.262+0200] {processor.py:183} INFO - Processing /Users/youssefdaaloul/venv/dbt_snowflake/airflow_venv_39/lib/python3.11/site-packages/airflow/example_dags/example_subdag_operator.py took 0.095 seconds
[2025-10-25T16:12:14.154+0200] {processor.py:161} INFO - Started process (PID=71401) to work on /Users/youssefdaaloul/venv/dbt_snowflake/airflow_venv_39/lib/python3.11/site-packages/airflow/example_dags/example_subdag_operator.py
[2025-10-25T16:12:14.155+0200] {processor.py:830} INFO - Processing file /Users/youssefdaaloul/venv/dbt_snowflake/airflow_venv_39/lib/python3.11/site-packages/airflow/example_dags/example_subdag_operator.py for tasks to queue
[2025-10-25T16:12:14.155+0200] {logging_mixin.py:188} INFO - [2025-10-25T16:12:14.155+0200] {dagbag.py:538} INFO - Filling up the DagBag from /Users/youssefdaaloul/venv/dbt_snowflake/airflow_venv_39/lib/python3.11/site-packages/airflow/example_dags/example_subdag_operator.py
[2025-10-25T16:12:14.187+0200] {processor.py:840} INFO - DAG(s) 'example_subdag_operator.section-1', 'example_subdag_operator.section-2', 'example_subdag_operator' retrieved from /Users/youssefdaaloul/venv/dbt_snowflake/airflow_venv_39/lib/python3.11/site-packages/airflow/example_dags/example_subdag_operator.py
[2025-10-25T16:12:14.223+0200] {logging_mixin.py:188} INFO - [2025-10-25T16:12:14.223+0200] {dag.py:3036} INFO - Sync 3 DAGs
[2025-10-25T16:12:14.229+0200] {logging_mixin.py:188} INFO - [2025-10-25T16:12:14.229+0200] {dag.py:3823} INFO - Setting next_dagrun for example_subdag_operator to 2022-01-01 00:00:00+00:00, run_after=2022-01-01 00:00:00+00:00
[2025-10-25T16:12:14.230+0200] {logging_mixin.py:188} INFO - [2025-10-25T16:12:14.230+0200] {dag.py:3823} INFO - Setting next_dagrun for example_subdag_operator.section-1 to None, run_after=None
[2025-10-25T16:12:14.230+0200] {logging_mixin.py:188} INFO - [2025-10-25T16:12:14.230+0200] {dag.py:3823} INFO - Setting next_dagrun for example_subdag_operator.section-2 to None, run_after=None
[2025-10-25T16:12:14.232+0200] {logging_mixin.py:188} INFO - [2025-10-25T16:12:14.232+0200] {dag.py:3036} INFO - Sync 2 DAGs
[2025-10-25T16:12:14.233+0200] {logging_mixin.py:188} INFO - [2025-10-25T16:12:14.233+0200] {dag.py:3823} INFO - Setting next_dagrun for example_subdag_operator.section-1 to None, run_after=None
[2025-10-25T16:12:14.233+0200] {logging_mixin.py:188} INFO - [2025-10-25T16:12:14.233+0200] {dag.py:3823} INFO - Setting next_dagrun for example_subdag_operator.section-2 to None, run_after=None
[2025-10-25T16:12:14.238+0200] {processor.py:183} INFO - Processing /Users/youssefdaaloul/venv/dbt_snowflake/airflow_venv_39/lib/python3.11/site-packages/airflow/example_dags/example_subdag_operator.py took 0.084 seconds
[2025-10-25T16:14:12.884+0200] {processor.py:161} INFO - Started process (PID=71499) to work on /Users/youssefdaaloul/venv/dbt_snowflake/airflow_venv_39/lib/python3.11/site-packages/airflow/example_dags/example_subdag_operator.py
[2025-10-25T16:14:12.885+0200] {processor.py:830} INFO - Processing file /Users/youssefdaaloul/venv/dbt_snowflake/airflow_venv_39/lib/python3.11/site-packages/airflow/example_dags/example_subdag_operator.py for tasks to queue
[2025-10-25T16:14:12.885+0200] {logging_mixin.py:188} INFO - [2025-10-25T16:14:12.885+0200] {dagbag.py:538} INFO - Filling up the DagBag from /Users/youssefdaaloul/venv/dbt_snowflake/airflow_venv_39/lib/python3.11/site-packages/airflow/example_dags/example_subdag_operator.py
[2025-10-25T16:14:12.920+0200] {processor.py:840} INFO - DAG(s) 'example_subdag_operator.section-1', 'example_subdag_operator.section-2', 'example_subdag_operator' retrieved from /Users/youssefdaaloul/venv/dbt_snowflake/airflow_venv_39/lib/python3.11/site-packages/airflow/example_dags/example_subdag_operator.py
[2025-10-25T16:14:12.963+0200] {logging_mixin.py:188} INFO - [2025-10-25T16:14:12.963+0200] {dag.py:3036} INFO - Sync 3 DAGs
[2025-10-25T16:14:12.970+0200] {logging_mixin.py:188} INFO - [2025-10-25T16:14:12.970+0200] {dag.py:3823} INFO - Setting next_dagrun for example_subdag_operator to 2022-01-01 00:00:00+00:00, run_after=2022-01-01 00:00:00+00:00
[2025-10-25T16:14:12.972+0200] {logging_mixin.py:188} INFO - [2025-10-25T16:14:12.972+0200] {dag.py:3823} INFO - Setting next_dagrun for example_subdag_operator.section-1 to None, run_after=None
[2025-10-25T16:14:12.972+0200] {logging_mixin.py:188} INFO - [2025-10-25T16:14:12.972+0200] {dag.py:3823} INFO - Setting next_dagrun for example_subdag_operator.section-2 to None, run_after=None
[2025-10-25T16:14:12.975+0200] {logging_mixin.py:188} INFO - [2025-10-25T16:14:12.975+0200] {dag.py:3036} INFO - Sync 2 DAGs
[2025-10-25T16:14:12.977+0200] {logging_mixin.py:188} INFO - [2025-10-25T16:14:12.977+0200] {dag.py:3823} INFO - Setting next_dagrun for example_subdag_operator.section-1 to None, run_after=None
[2025-10-25T16:14:12.977+0200] {logging_mixin.py:188} INFO - [2025-10-25T16:14:12.977+0200] {dag.py:3823} INFO - Setting next_dagrun for example_subdag_operator.section-2 to None, run_after=None
[2025-10-25T16:14:12.983+0200] {processor.py:183} INFO - Processing /Users/youssefdaaloul/venv/dbt_snowflake/airflow_venv_39/lib/python3.11/site-packages/airflow/example_dags/example_subdag_operator.py took 0.100 seconds
[2025-10-25T16:15:14.036+0200] {processor.py:161} INFO - Started process (PID=71558) to work on /Users/youssefdaaloul/venv/dbt_snowflake/airflow_venv_39/lib/python3.11/site-packages/airflow/example_dags/example_subdag_operator.py
[2025-10-25T16:15:14.037+0200] {processor.py:830} INFO - Processing file /Users/youssefdaaloul/venv/dbt_snowflake/airflow_venv_39/lib/python3.11/site-packages/airflow/example_dags/example_subdag_operator.py for tasks to queue
[2025-10-25T16:15:14.038+0200] {logging_mixin.py:188} INFO - [2025-10-25T16:15:14.038+0200] {dagbag.py:538} INFO - Filling up the DagBag from /Users/youssefdaaloul/venv/dbt_snowflake/airflow_venv_39/lib/python3.11/site-packages/airflow/example_dags/example_subdag_operator.py
[2025-10-25T16:15:14.072+0200] {processor.py:840} INFO - DAG(s) 'example_subdag_operator.section-1', 'example_subdag_operator.section-2', 'example_subdag_operator' retrieved from /Users/youssefdaaloul/venv/dbt_snowflake/airflow_venv_39/lib/python3.11/site-packages/airflow/example_dags/example_subdag_operator.py
[2025-10-25T16:15:14.112+0200] {logging_mixin.py:188} INFO - [2025-10-25T16:15:14.112+0200] {dag.py:3036} INFO - Sync 3 DAGs
[2025-10-25T16:15:14.118+0200] {logging_mixin.py:188} INFO - [2025-10-25T16:15:14.118+0200] {dag.py:3823} INFO - Setting next_dagrun for example_subdag_operator to 2022-01-01 00:00:00+00:00, run_after=2022-01-01 00:00:00+00:00
[2025-10-25T16:15:14.119+0200] {logging_mixin.py:188} INFO - [2025-10-25T16:15:14.119+0200] {dag.py:3823} INFO - Setting next_dagrun for example_subdag_operator.section-1 to None, run_after=None
[2025-10-25T16:15:14.119+0200] {logging_mixin.py:188} INFO - [2025-10-25T16:15:14.119+0200] {dag.py:3823} INFO - Setting next_dagrun for example_subdag_operator.section-2 to None, run_after=None
[2025-10-25T16:15:14.121+0200] {logging_mixin.py:188} INFO - [2025-10-25T16:15:14.121+0200] {dag.py:3036} INFO - Sync 2 DAGs
[2025-10-25T16:15:14.123+0200] {logging_mixin.py:188} INFO - [2025-10-25T16:15:14.122+0200] {dag.py:3823} INFO - Setting next_dagrun for example_subdag_operator.section-1 to None, run_after=None
[2025-10-25T16:15:14.123+0200] {logging_mixin.py:188} INFO - [2025-10-25T16:15:14.123+0200] {dag.py:3823} INFO - Setting next_dagrun for example_subdag_operator.section-2 to None, run_after=None
[2025-10-25T16:15:14.129+0200] {processor.py:183} INFO - Processing /Users/youssefdaaloul/venv/dbt_snowflake/airflow_venv_39/lib/python3.11/site-packages/airflow/example_dags/example_subdag_operator.py took 0.093 seconds
[2025-10-25T16:16:16.779+0200] {processor.py:161} INFO - Started process (PID=71615) to work on /Users/youssefdaaloul/venv/dbt_snowflake/airflow_venv_39/lib/python3.11/site-packages/airflow/example_dags/example_subdag_operator.py
[2025-10-25T16:16:16.780+0200] {processor.py:830} INFO - Processing file /Users/youssefdaaloul/venv/dbt_snowflake/airflow_venv_39/lib/python3.11/site-packages/airflow/example_dags/example_subdag_operator.py for tasks to queue
[2025-10-25T16:16:16.781+0200] {logging_mixin.py:188} INFO - [2025-10-25T16:16:16.781+0200] {dagbag.py:538} INFO - Filling up the DagBag from /Users/youssefdaaloul/venv/dbt_snowflake/airflow_venv_39/lib/python3.11/site-packages/airflow/example_dags/example_subdag_operator.py
[2025-10-25T16:16:16.820+0200] {processor.py:840} INFO - DAG(s) 'example_subdag_operator.section-1', 'example_subdag_operator.section-2', 'example_subdag_operator' retrieved from /Users/youssefdaaloul/venv/dbt_snowflake/airflow_venv_39/lib/python3.11/site-packages/airflow/example_dags/example_subdag_operator.py
[2025-10-25T16:16:16.859+0200] {logging_mixin.py:188} INFO - [2025-10-25T16:16:16.859+0200] {dag.py:3036} INFO - Sync 3 DAGs
[2025-10-25T16:16:16.865+0200] {logging_mixin.py:188} INFO - [2025-10-25T16:16:16.865+0200] {dag.py:3823} INFO - Setting next_dagrun for example_subdag_operator to 2022-01-01 00:00:00+00:00, run_after=2022-01-01 00:00:00+00:00
[2025-10-25T16:16:16.866+0200] {logging_mixin.py:188} INFO - [2025-10-25T16:16:16.866+0200] {dag.py:3823} INFO - Setting next_dagrun for example_subdag_operator.section-1 to None, run_after=None
[2025-10-25T16:16:16.866+0200] {logging_mixin.py:188} INFO - [2025-10-25T16:16:16.866+0200] {dag.py:3823} INFO - Setting next_dagrun for example_subdag_operator.section-2 to None, run_after=None
[2025-10-25T16:16:16.869+0200] {logging_mixin.py:188} INFO - [2025-10-25T16:16:16.868+0200] {dag.py:3036} INFO - Sync 2 DAGs
[2025-10-25T16:16:16.870+0200] {logging_mixin.py:188} INFO - [2025-10-25T16:16:16.870+0200] {dag.py:3823} INFO - Setting next_dagrun for example_subdag_operator.section-1 to None, run_after=None
[2025-10-25T16:16:16.870+0200] {logging_mixin.py:188} INFO - [2025-10-25T16:16:16.870+0200] {dag.py:3823} INFO - Setting next_dagrun for example_subdag_operator.section-2 to None, run_after=None
[2025-10-25T16:16:16.875+0200] {processor.py:183} INFO - Processing /Users/youssefdaaloul/venv/dbt_snowflake/airflow_venv_39/lib/python3.11/site-packages/airflow/example_dags/example_subdag_operator.py took 0.097 seconds
[2025-10-25T16:18:17.412+0200] {processor.py:161} INFO - Started process (PID=71712) to work on /Users/youssefdaaloul/venv/dbt_snowflake/airflow_venv_39/lib/python3.11/site-packages/airflow/example_dags/example_subdag_operator.py
[2025-10-25T16:18:17.413+0200] {processor.py:830} INFO - Processing file /Users/youssefdaaloul/venv/dbt_snowflake/airflow_venv_39/lib/python3.11/site-packages/airflow/example_dags/example_subdag_operator.py for tasks to queue
[2025-10-25T16:18:17.413+0200] {logging_mixin.py:188} INFO - [2025-10-25T16:18:17.413+0200] {dagbag.py:538} INFO - Filling up the DagBag from /Users/youssefdaaloul/venv/dbt_snowflake/airflow_venv_39/lib/python3.11/site-packages/airflow/example_dags/example_subdag_operator.py
[2025-10-25T16:18:17.449+0200] {processor.py:840} INFO - DAG(s) 'example_subdag_operator.section-1', 'example_subdag_operator.section-2', 'example_subdag_operator' retrieved from /Users/youssefdaaloul/venv/dbt_snowflake/airflow_venv_39/lib/python3.11/site-packages/airflow/example_dags/example_subdag_operator.py
[2025-10-25T16:18:17.487+0200] {logging_mixin.py:188} INFO - [2025-10-25T16:18:17.486+0200] {dag.py:3036} INFO - Sync 3 DAGs
[2025-10-25T16:18:17.492+0200] {logging_mixin.py:188} INFO - [2025-10-25T16:18:17.492+0200] {dag.py:3823} INFO - Setting next_dagrun for example_subdag_operator to 2022-01-01 00:00:00+00:00, run_after=2022-01-01 00:00:00+00:00
[2025-10-25T16:18:17.494+0200] {logging_mixin.py:188} INFO - [2025-10-25T16:18:17.494+0200] {dag.py:3823} INFO - Setting next_dagrun for example_subdag_operator.section-1 to None, run_after=None
[2025-10-25T16:18:17.494+0200] {logging_mixin.py:188} INFO - [2025-10-25T16:18:17.494+0200] {dag.py:3823} INFO - Setting next_dagrun for example_subdag_operator.section-2 to None, run_after=None
[2025-10-25T16:18:17.496+0200] {logging_mixin.py:188} INFO - [2025-10-25T16:18:17.496+0200] {dag.py:3036} INFO - Sync 2 DAGs
[2025-10-25T16:18:17.497+0200] {logging_mixin.py:188} INFO - [2025-10-25T16:18:17.497+0200] {dag.py:3823} INFO - Setting next_dagrun for example_subdag_operator.section-1 to None, run_after=None
[2025-10-25T16:18:17.497+0200] {logging_mixin.py:188} INFO - [2025-10-25T16:18:17.497+0200] {dag.py:3823} INFO - Setting next_dagrun for example_subdag_operator.section-2 to None, run_after=None
[2025-10-25T16:18:17.501+0200] {processor.py:183} INFO - Processing /Users/youssefdaaloul/venv/dbt_snowflake/airflow_venv_39/lib/python3.11/site-packages/airflow/example_dags/example_subdag_operator.py took 0.090 seconds
[2025-10-25T16:20:22.259+0200] {processor.py:161} INFO - Started process (PID=71832) to work on /Users/youssefdaaloul/venv/dbt_snowflake/airflow_venv_39/lib/python3.11/site-packages/airflow/example_dags/example_subdag_operator.py
[2025-10-25T16:20:22.260+0200] {processor.py:830} INFO - Processing file /Users/youssefdaaloul/venv/dbt_snowflake/airflow_venv_39/lib/python3.11/site-packages/airflow/example_dags/example_subdag_operator.py for tasks to queue
[2025-10-25T16:20:22.260+0200] {logging_mixin.py:188} INFO - [2025-10-25T16:20:22.260+0200] {dagbag.py:538} INFO - Filling up the DagBag from /Users/youssefdaaloul/venv/dbt_snowflake/airflow_venv_39/lib/python3.11/site-packages/airflow/example_dags/example_subdag_operator.py
[2025-10-25T16:20:22.295+0200] {processor.py:840} INFO - DAG(s) 'example_subdag_operator.section-1', 'example_subdag_operator.section-2', 'example_subdag_operator' retrieved from /Users/youssefdaaloul/venv/dbt_snowflake/airflow_venv_39/lib/python3.11/site-packages/airflow/example_dags/example_subdag_operator.py
[2025-10-25T16:20:22.335+0200] {logging_mixin.py:188} INFO - [2025-10-25T16:20:22.334+0200] {dag.py:3036} INFO - Sync 3 DAGs
[2025-10-25T16:20:22.346+0200] {logging_mixin.py:188} INFO - [2025-10-25T16:20:22.346+0200] {dag.py:3823} INFO - Setting next_dagrun for example_subdag_operator to 2022-01-01 00:00:00+00:00, run_after=2022-01-01 00:00:00+00:00
[2025-10-25T16:20:22.347+0200] {logging_mixin.py:188} INFO - [2025-10-25T16:20:22.347+0200] {dag.py:3823} INFO - Setting next_dagrun for example_subdag_operator.section-1 to None, run_after=None
[2025-10-25T16:20:22.348+0200] {logging_mixin.py:188} INFO - [2025-10-25T16:20:22.348+0200] {dag.py:3823} INFO - Setting next_dagrun for example_subdag_operator.section-2 to None, run_after=None
[2025-10-25T16:20:22.350+0200] {logging_mixin.py:188} INFO - [2025-10-25T16:20:22.350+0200] {dag.py:3036} INFO - Sync 2 DAGs
[2025-10-25T16:20:22.352+0200] {logging_mixin.py:188} INFO - [2025-10-25T16:20:22.352+0200] {dag.py:3823} INFO - Setting next_dagrun for example_subdag_operator.section-1 to None, run_after=None
[2025-10-25T16:20:22.352+0200] {logging_mixin.py:188} INFO - [2025-10-25T16:20:22.352+0200] {dag.py:3823} INFO - Setting next_dagrun for example_subdag_operator.section-2 to None, run_after=None
[2025-10-25T16:20:22.358+0200] {processor.py:183} INFO - Processing /Users/youssefdaaloul/venv/dbt_snowflake/airflow_venv_39/lib/python3.11/site-packages/airflow/example_dags/example_subdag_operator.py took 0.099 seconds
[2025-10-25T16:22:11.581+0200] {processor.py:161} INFO - Started process (PID=71925) to work on /Users/youssefdaaloul/venv/dbt_snowflake/airflow_venv_39/lib/python3.11/site-packages/airflow/example_dags/example_subdag_operator.py
[2025-10-25T16:22:11.581+0200] {processor.py:830} INFO - Processing file /Users/youssefdaaloul/venv/dbt_snowflake/airflow_venv_39/lib/python3.11/site-packages/airflow/example_dags/example_subdag_operator.py for tasks to queue
[2025-10-25T16:22:11.581+0200] {logging_mixin.py:188} INFO - [2025-10-25T16:22:11.581+0200] {dagbag.py:538} INFO - Filling up the DagBag from /Users/youssefdaaloul/venv/dbt_snowflake/airflow_venv_39/lib/python3.11/site-packages/airflow/example_dags/example_subdag_operator.py
[2025-10-25T16:22:11.614+0200] {processor.py:840} INFO - DAG(s) 'example_subdag_operator.section-1', 'example_subdag_operator.section-2', 'example_subdag_operator' retrieved from /Users/youssefdaaloul/venv/dbt_snowflake/airflow_venv_39/lib/python3.11/site-packages/airflow/example_dags/example_subdag_operator.py
[2025-10-25T16:22:11.649+0200] {logging_mixin.py:188} INFO - [2025-10-25T16:22:11.649+0200] {dag.py:3036} INFO - Sync 3 DAGs
[2025-10-25T16:22:11.655+0200] {logging_mixin.py:188} INFO - [2025-10-25T16:22:11.655+0200] {dag.py:3823} INFO - Setting next_dagrun for example_subdag_operator to 2022-01-01 00:00:00+00:00, run_after=2022-01-01 00:00:00+00:00
[2025-10-25T16:22:11.656+0200] {logging_mixin.py:188} INFO - [2025-10-25T16:22:11.656+0200] {dag.py:3823} INFO - Setting next_dagrun for example_subdag_operator.section-1 to None, run_after=None
[2025-10-25T16:22:11.656+0200] {logging_mixin.py:188} INFO - [2025-10-25T16:22:11.656+0200] {dag.py:3823} INFO - Setting next_dagrun for example_subdag_operator.section-2 to None, run_after=None
[2025-10-25T16:22:11.658+0200] {logging_mixin.py:188} INFO - [2025-10-25T16:22:11.658+0200] {dag.py:3036} INFO - Sync 2 DAGs
[2025-10-25T16:22:11.659+0200] {logging_mixin.py:188} INFO - [2025-10-25T16:22:11.659+0200] {dag.py:3823} INFO - Setting next_dagrun for example_subdag_operator.section-1 to None, run_after=None
[2025-10-25T16:22:11.659+0200] {logging_mixin.py:188} INFO - [2025-10-25T16:22:11.659+0200] {dag.py:3823} INFO - Setting next_dagrun for example_subdag_operator.section-2 to None, run_after=None
[2025-10-25T16:22:11.664+0200] {processor.py:183} INFO - Processing /Users/youssefdaaloul/venv/dbt_snowflake/airflow_venv_39/lib/python3.11/site-packages/airflow/example_dags/example_subdag_operator.py took 0.084 seconds
[2025-10-25T16:23:59.410+0200] {processor.py:161} INFO - Started process (PID=72030) to work on /Users/youssefdaaloul/venv/dbt_snowflake/airflow_venv_39/lib/python3.11/site-packages/airflow/example_dags/example_subdag_operator.py
[2025-10-25T16:23:59.411+0200] {processor.py:830} INFO - Processing file /Users/youssefdaaloul/venv/dbt_snowflake/airflow_venv_39/lib/python3.11/site-packages/airflow/example_dags/example_subdag_operator.py for tasks to queue
[2025-10-25T16:23:59.411+0200] {logging_mixin.py:188} INFO - [2025-10-25T16:23:59.411+0200] {dagbag.py:538} INFO - Filling up the DagBag from /Users/youssefdaaloul/venv/dbt_snowflake/airflow_venv_39/lib/python3.11/site-packages/airflow/example_dags/example_subdag_operator.py
[2025-10-25T16:23:59.454+0200] {processor.py:840} INFO - DAG(s) 'example_subdag_operator.section-1', 'example_subdag_operator.section-2', 'example_subdag_operator' retrieved from /Users/youssefdaaloul/venv/dbt_snowflake/airflow_venv_39/lib/python3.11/site-packages/airflow/example_dags/example_subdag_operator.py
[2025-10-25T16:23:59.492+0200] {logging_mixin.py:188} INFO - [2025-10-25T16:23:59.492+0200] {dag.py:3036} INFO - Sync 3 DAGs
[2025-10-25T16:23:59.497+0200] {logging_mixin.py:188} INFO - [2025-10-25T16:23:59.497+0200] {dag.py:3823} INFO - Setting next_dagrun for example_subdag_operator to 2022-01-01 00:00:00+00:00, run_after=2022-01-01 00:00:00+00:00
[2025-10-25T16:23:59.498+0200] {logging_mixin.py:188} INFO - [2025-10-25T16:23:59.498+0200] {dag.py:3823} INFO - Setting next_dagrun for example_subdag_operator.section-1 to None, run_after=None
[2025-10-25T16:23:59.499+0200] {logging_mixin.py:188} INFO - [2025-10-25T16:23:59.499+0200] {dag.py:3823} INFO - Setting next_dagrun for example_subdag_operator.section-2 to None, run_after=None
[2025-10-25T16:23:59.500+0200] {logging_mixin.py:188} INFO - [2025-10-25T16:23:59.500+0200] {dag.py:3036} INFO - Sync 2 DAGs
[2025-10-25T16:23:59.502+0200] {logging_mixin.py:188} INFO - [2025-10-25T16:23:59.501+0200] {dag.py:3823} INFO - Setting next_dagrun for example_subdag_operator.section-1 to None, run_after=None
[2025-10-25T16:23:59.502+0200] {logging_mixin.py:188} INFO - [2025-10-25T16:23:59.502+0200] {dag.py:3823} INFO - Setting next_dagrun for example_subdag_operator.section-2 to None, run_after=None
[2025-10-25T16:23:59.506+0200] {processor.py:183} INFO - Processing /Users/youssefdaaloul/venv/dbt_snowflake/airflow_venv_39/lib/python3.11/site-packages/airflow/example_dags/example_subdag_operator.py took 0.097 seconds
[2025-10-25T16:25:50.122+0200] {processor.py:161} INFO - Started process (PID=72148) to work on /Users/youssefdaaloul/venv/dbt_snowflake/airflow_venv_39/lib/python3.11/site-packages/airflow/example_dags/example_subdag_operator.py
[2025-10-25T16:25:50.123+0200] {processor.py:830} INFO - Processing file /Users/youssefdaaloul/venv/dbt_snowflake/airflow_venv_39/lib/python3.11/site-packages/airflow/example_dags/example_subdag_operator.py for tasks to queue
[2025-10-25T16:25:50.124+0200] {logging_mixin.py:188} INFO - [2025-10-25T16:25:50.124+0200] {dagbag.py:538} INFO - Filling up the DagBag from /Users/youssefdaaloul/venv/dbt_snowflake/airflow_venv_39/lib/python3.11/site-packages/airflow/example_dags/example_subdag_operator.py
[2025-10-25T16:25:50.156+0200] {processor.py:840} INFO - DAG(s) 'example_subdag_operator.section-1', 'example_subdag_operator.section-2', 'example_subdag_operator' retrieved from /Users/youssefdaaloul/venv/dbt_snowflake/airflow_venv_39/lib/python3.11/site-packages/airflow/example_dags/example_subdag_operator.py
[2025-10-25T16:25:50.192+0200] {logging_mixin.py:188} INFO - [2025-10-25T16:25:50.192+0200] {dag.py:3036} INFO - Sync 3 DAGs
[2025-10-25T16:25:50.198+0200] {logging_mixin.py:188} INFO - [2025-10-25T16:25:50.198+0200] {dag.py:3823} INFO - Setting next_dagrun for example_subdag_operator to 2022-01-01 00:00:00+00:00, run_after=2022-01-01 00:00:00+00:00
[2025-10-25T16:25:50.199+0200] {logging_mixin.py:188} INFO - [2025-10-25T16:25:50.199+0200] {dag.py:3823} INFO - Setting next_dagrun for example_subdag_operator.section-1 to None, run_after=None
[2025-10-25T16:25:50.199+0200] {logging_mixin.py:188} INFO - [2025-10-25T16:25:50.199+0200] {dag.py:3823} INFO - Setting next_dagrun for example_subdag_operator.section-2 to None, run_after=None
[2025-10-25T16:25:50.201+0200] {logging_mixin.py:188} INFO - [2025-10-25T16:25:50.201+0200] {dag.py:3036} INFO - Sync 2 DAGs
[2025-10-25T16:25:50.202+0200] {logging_mixin.py:188} INFO - [2025-10-25T16:25:50.202+0200] {dag.py:3823} INFO - Setting next_dagrun for example_subdag_operator.section-1 to None, run_after=None
[2025-10-25T16:25:50.202+0200] {logging_mixin.py:188} INFO - [2025-10-25T16:25:50.202+0200] {dag.py:3823} INFO - Setting next_dagrun for example_subdag_operator.section-2 to None, run_after=None
[2025-10-25T16:25:50.207+0200] {processor.py:183} INFO - Processing /Users/youssefdaaloul/venv/dbt_snowflake/airflow_venv_39/lib/python3.11/site-packages/airflow/example_dags/example_subdag_operator.py took 0.085 seconds
[2025-10-25T16:27:37.496+0200] {processor.py:161} INFO - Started process (PID=72257) to work on /Users/youssefdaaloul/venv/dbt_snowflake/airflow_venv_39/lib/python3.11/site-packages/airflow/example_dags/example_subdag_operator.py
[2025-10-25T16:27:37.497+0200] {processor.py:830} INFO - Processing file /Users/youssefdaaloul/venv/dbt_snowflake/airflow_venv_39/lib/python3.11/site-packages/airflow/example_dags/example_subdag_operator.py for tasks to queue
[2025-10-25T16:27:37.497+0200] {logging_mixin.py:188} INFO - [2025-10-25T16:27:37.497+0200] {dagbag.py:538} INFO - Filling up the DagBag from /Users/youssefdaaloul/venv/dbt_snowflake/airflow_venv_39/lib/python3.11/site-packages/airflow/example_dags/example_subdag_operator.py
[2025-10-25T16:27:37.531+0200] {processor.py:840} INFO - DAG(s) 'example_subdag_operator.section-1', 'example_subdag_operator.section-2', 'example_subdag_operator' retrieved from /Users/youssefdaaloul/venv/dbt_snowflake/airflow_venv_39/lib/python3.11/site-packages/airflow/example_dags/example_subdag_operator.py
[2025-10-25T16:27:37.578+0200] {logging_mixin.py:188} INFO - [2025-10-25T16:27:37.578+0200] {dag.py:3036} INFO - Sync 3 DAGs
[2025-10-25T16:27:37.585+0200] {logging_mixin.py:188} INFO - [2025-10-25T16:27:37.584+0200] {dag.py:3823} INFO - Setting next_dagrun for example_subdag_operator to 2022-01-01 00:00:00+00:00, run_after=2022-01-01 00:00:00+00:00
[2025-10-25T16:27:37.586+0200] {logging_mixin.py:188} INFO - [2025-10-25T16:27:37.586+0200] {dag.py:3823} INFO - Setting next_dagrun for example_subdag_operator.section-1 to None, run_after=None
[2025-10-25T16:27:37.586+0200] {logging_mixin.py:188} INFO - [2025-10-25T16:27:37.586+0200] {dag.py:3823} INFO - Setting next_dagrun for example_subdag_operator.section-2 to None, run_after=None
[2025-10-25T16:27:37.589+0200] {logging_mixin.py:188} INFO - [2025-10-25T16:27:37.589+0200] {dag.py:3036} INFO - Sync 2 DAGs
[2025-10-25T16:27:37.590+0200] {logging_mixin.py:188} INFO - [2025-10-25T16:27:37.590+0200] {dag.py:3823} INFO - Setting next_dagrun for example_subdag_operator.section-1 to None, run_after=None
[2025-10-25T16:27:37.590+0200] {logging_mixin.py:188} INFO - [2025-10-25T16:27:37.590+0200] {dag.py:3823} INFO - Setting next_dagrun for example_subdag_operator.section-2 to None, run_after=None
[2025-10-25T16:27:37.596+0200] {processor.py:183} INFO - Processing /Users/youssefdaaloul/venv/dbt_snowflake/airflow_venv_39/lib/python3.11/site-packages/airflow/example_dags/example_subdag_operator.py took 0.100 seconds
[2025-10-25T16:28:38.624+0200] {processor.py:161} INFO - Started process (PID=72323) to work on /Users/youssefdaaloul/venv/dbt_snowflake/airflow_venv_39/lib/python3.11/site-packages/airflow/example_dags/example_subdag_operator.py
[2025-10-25T16:28:38.625+0200] {processor.py:830} INFO - Processing file /Users/youssefdaaloul/venv/dbt_snowflake/airflow_venv_39/lib/python3.11/site-packages/airflow/example_dags/example_subdag_operator.py for tasks to queue
[2025-10-25T16:28:38.625+0200] {logging_mixin.py:188} INFO - [2025-10-25T16:28:38.625+0200] {dagbag.py:538} INFO - Filling up the DagBag from /Users/youssefdaaloul/venv/dbt_snowflake/airflow_venv_39/lib/python3.11/site-packages/airflow/example_dags/example_subdag_operator.py
[2025-10-25T16:28:38.660+0200] {processor.py:840} INFO - DAG(s) 'example_subdag_operator.section-1', 'example_subdag_operator.section-2', 'example_subdag_operator' retrieved from /Users/youssefdaaloul/venv/dbt_snowflake/airflow_venv_39/lib/python3.11/site-packages/airflow/example_dags/example_subdag_operator.py
[2025-10-25T16:28:38.700+0200] {logging_mixin.py:188} INFO - [2025-10-25T16:28:38.700+0200] {dag.py:3036} INFO - Sync 3 DAGs
[2025-10-25T16:28:38.706+0200] {logging_mixin.py:188} INFO - [2025-10-25T16:28:38.705+0200] {dag.py:3823} INFO - Setting next_dagrun for example_subdag_operator to 2022-01-01 00:00:00+00:00, run_after=2022-01-01 00:00:00+00:00
[2025-10-25T16:28:38.707+0200] {logging_mixin.py:188} INFO - [2025-10-25T16:28:38.707+0200] {dag.py:3823} INFO - Setting next_dagrun for example_subdag_operator.section-1 to None, run_after=None
[2025-10-25T16:28:38.707+0200] {logging_mixin.py:188} INFO - [2025-10-25T16:28:38.707+0200] {dag.py:3823} INFO - Setting next_dagrun for example_subdag_operator.section-2 to None, run_after=None
[2025-10-25T16:28:38.709+0200] {logging_mixin.py:188} INFO - [2025-10-25T16:28:38.709+0200] {dag.py:3036} INFO - Sync 2 DAGs
[2025-10-25T16:28:38.710+0200] {logging_mixin.py:188} INFO - [2025-10-25T16:28:38.710+0200] {dag.py:3823} INFO - Setting next_dagrun for example_subdag_operator.section-1 to None, run_after=None
[2025-10-25T16:28:38.710+0200] {logging_mixin.py:188} INFO - [2025-10-25T16:28:38.710+0200] {dag.py:3823} INFO - Setting next_dagrun for example_subdag_operator.section-2 to None, run_after=None
[2025-10-25T16:28:38.715+0200] {processor.py:183} INFO - Processing /Users/youssefdaaloul/venv/dbt_snowflake/airflow_venv_39/lib/python3.11/site-packages/airflow/example_dags/example_subdag_operator.py took 0.091 seconds
[2025-10-25T16:30:37.138+0200] {processor.py:161} INFO - Started process (PID=72440) to work on /Users/youssefdaaloul/venv/dbt_snowflake/airflow_venv_39/lib/python3.11/site-packages/airflow/example_dags/example_subdag_operator.py
[2025-10-25T16:30:37.140+0200] {processor.py:830} INFO - Processing file /Users/youssefdaaloul/venv/dbt_snowflake/airflow_venv_39/lib/python3.11/site-packages/airflow/example_dags/example_subdag_operator.py for tasks to queue
[2025-10-25T16:30:37.140+0200] {logging_mixin.py:188} INFO - [2025-10-25T16:30:37.140+0200] {dagbag.py:538} INFO - Filling up the DagBag from /Users/youssefdaaloul/venv/dbt_snowflake/airflow_venv_39/lib/python3.11/site-packages/airflow/example_dags/example_subdag_operator.py
[2025-10-25T16:30:37.172+0200] {processor.py:840} INFO - DAG(s) 'example_subdag_operator.section-1', 'example_subdag_operator.section-2', 'example_subdag_operator' retrieved from /Users/youssefdaaloul/venv/dbt_snowflake/airflow_venv_39/lib/python3.11/site-packages/airflow/example_dags/example_subdag_operator.py
[2025-10-25T16:30:37.208+0200] {logging_mixin.py:188} INFO - [2025-10-25T16:30:37.208+0200] {dag.py:3036} INFO - Sync 3 DAGs
[2025-10-25T16:30:37.214+0200] {logging_mixin.py:188} INFO - [2025-10-25T16:30:37.214+0200] {dag.py:3823} INFO - Setting next_dagrun for example_subdag_operator to 2022-01-01 00:00:00+00:00, run_after=2022-01-01 00:00:00+00:00
[2025-10-25T16:30:37.215+0200] {logging_mixin.py:188} INFO - [2025-10-25T16:30:37.215+0200] {dag.py:3823} INFO - Setting next_dagrun for example_subdag_operator.section-1 to None, run_after=None
[2025-10-25T16:30:37.215+0200] {logging_mixin.py:188} INFO - [2025-10-25T16:30:37.215+0200] {dag.py:3823} INFO - Setting next_dagrun for example_subdag_operator.section-2 to None, run_after=None
[2025-10-25T16:30:37.217+0200] {logging_mixin.py:188} INFO - [2025-10-25T16:30:37.217+0200] {dag.py:3036} INFO - Sync 2 DAGs
[2025-10-25T16:30:37.218+0200] {logging_mixin.py:188} INFO - [2025-10-25T16:30:37.218+0200] {dag.py:3823} INFO - Setting next_dagrun for example_subdag_operator.section-1 to None, run_after=None
[2025-10-25T16:30:37.218+0200] {logging_mixin.py:188} INFO - [2025-10-25T16:30:37.218+0200] {dag.py:3823} INFO - Setting next_dagrun for example_subdag_operator.section-2 to None, run_after=None
[2025-10-25T16:30:37.223+0200] {processor.py:183} INFO - Processing /Users/youssefdaaloul/venv/dbt_snowflake/airflow_venv_39/lib/python3.11/site-packages/airflow/example_dags/example_subdag_operator.py took 0.085 seconds
[2025-10-25T16:32:29.074+0200] {processor.py:161} INFO - Started process (PID=72606) to work on /Users/youssefdaaloul/venv/dbt_snowflake/airflow_venv_39/lib/python3.11/site-packages/airflow/example_dags/example_subdag_operator.py
[2025-10-25T16:32:29.075+0200] {processor.py:830} INFO - Processing file /Users/youssefdaaloul/venv/dbt_snowflake/airflow_venv_39/lib/python3.11/site-packages/airflow/example_dags/example_subdag_operator.py for tasks to queue
[2025-10-25T16:32:29.075+0200] {logging_mixin.py:188} INFO - [2025-10-25T16:32:29.075+0200] {dagbag.py:538} INFO - Filling up the DagBag from /Users/youssefdaaloul/venv/dbt_snowflake/airflow_venv_39/lib/python3.11/site-packages/airflow/example_dags/example_subdag_operator.py
[2025-10-25T16:32:29.107+0200] {processor.py:840} INFO - DAG(s) 'example_subdag_operator.section-1', 'example_subdag_operator.section-2', 'example_subdag_operator' retrieved from /Users/youssefdaaloul/venv/dbt_snowflake/airflow_venv_39/lib/python3.11/site-packages/airflow/example_dags/example_subdag_operator.py
[2025-10-25T16:32:29.144+0200] {logging_mixin.py:188} INFO - [2025-10-25T16:32:29.144+0200] {dag.py:3036} INFO - Sync 3 DAGs
[2025-10-25T16:32:29.149+0200] {logging_mixin.py:188} INFO - [2025-10-25T16:32:29.149+0200] {dag.py:3823} INFO - Setting next_dagrun for example_subdag_operator to 2022-01-01 00:00:00+00:00, run_after=2022-01-01 00:00:00+00:00
[2025-10-25T16:32:29.150+0200] {logging_mixin.py:188} INFO - [2025-10-25T16:32:29.150+0200] {dag.py:3823} INFO - Setting next_dagrun for example_subdag_operator.section-1 to None, run_after=None
[2025-10-25T16:32:29.150+0200] {logging_mixin.py:188} INFO - [2025-10-25T16:32:29.150+0200] {dag.py:3823} INFO - Setting next_dagrun for example_subdag_operator.section-2 to None, run_after=None
[2025-10-25T16:32:29.153+0200] {logging_mixin.py:188} INFO - [2025-10-25T16:32:29.152+0200] {dag.py:3036} INFO - Sync 2 DAGs
[2025-10-25T16:32:29.154+0200] {logging_mixin.py:188} INFO - [2025-10-25T16:32:29.154+0200] {dag.py:3823} INFO - Setting next_dagrun for example_subdag_operator.section-1 to None, run_after=None
[2025-10-25T16:32:29.154+0200] {logging_mixin.py:188} INFO - [2025-10-25T16:32:29.154+0200] {dag.py:3823} INFO - Setting next_dagrun for example_subdag_operator.section-2 to None, run_after=None
[2025-10-25T16:32:29.158+0200] {processor.py:183} INFO - Processing /Users/youssefdaaloul/venv/dbt_snowflake/airflow_venv_39/lib/python3.11/site-packages/airflow/example_dags/example_subdag_operator.py took 0.085 seconds
[2025-10-25T16:34:29.159+0200] {processor.py:161} INFO - Started process (PID=72751) to work on /Users/youssefdaaloul/venv/dbt_snowflake/airflow_venv_39/lib/python3.11/site-packages/airflow/example_dags/example_subdag_operator.py
[2025-10-25T16:34:29.161+0200] {processor.py:830} INFO - Processing file /Users/youssefdaaloul/venv/dbt_snowflake/airflow_venv_39/lib/python3.11/site-packages/airflow/example_dags/example_subdag_operator.py for tasks to queue
[2025-10-25T16:34:29.161+0200] {logging_mixin.py:188} INFO - [2025-10-25T16:34:29.161+0200] {dagbag.py:538} INFO - Filling up the DagBag from /Users/youssefdaaloul/venv/dbt_snowflake/airflow_venv_39/lib/python3.11/site-packages/airflow/example_dags/example_subdag_operator.py
[2025-10-25T16:34:29.198+0200] {processor.py:840} INFO - DAG(s) 'example_subdag_operator.section-1', 'example_subdag_operator.section-2', 'example_subdag_operator' retrieved from /Users/youssefdaaloul/venv/dbt_snowflake/airflow_venv_39/lib/python3.11/site-packages/airflow/example_dags/example_subdag_operator.py
[2025-10-25T16:34:29.240+0200] {logging_mixin.py:188} INFO - [2025-10-25T16:34:29.240+0200] {dag.py:3036} INFO - Sync 3 DAGs
[2025-10-25T16:34:29.246+0200] {logging_mixin.py:188} INFO - [2025-10-25T16:34:29.246+0200] {dag.py:3823} INFO - Setting next_dagrun for example_subdag_operator to 2022-01-01 00:00:00+00:00, run_after=2022-01-01 00:00:00+00:00
[2025-10-25T16:34:29.248+0200] {logging_mixin.py:188} INFO - [2025-10-25T16:34:29.247+0200] {dag.py:3823} INFO - Setting next_dagrun for example_subdag_operator.section-1 to None, run_after=None
[2025-10-25T16:34:29.248+0200] {logging_mixin.py:188} INFO - [2025-10-25T16:34:29.248+0200] {dag.py:3823} INFO - Setting next_dagrun for example_subdag_operator.section-2 to None, run_after=None
[2025-10-25T16:34:29.251+0200] {logging_mixin.py:188} INFO - [2025-10-25T16:34:29.251+0200] {dag.py:3036} INFO - Sync 2 DAGs
[2025-10-25T16:34:29.253+0200] {logging_mixin.py:188} INFO - [2025-10-25T16:34:29.253+0200] {dag.py:3823} INFO - Setting next_dagrun for example_subdag_operator.section-1 to None, run_after=None
[2025-10-25T16:34:29.253+0200] {logging_mixin.py:188} INFO - [2025-10-25T16:34:29.253+0200] {dag.py:3823} INFO - Setting next_dagrun for example_subdag_operator.section-2 to None, run_after=None
[2025-10-25T16:34:29.258+0200] {processor.py:183} INFO - Processing /Users/youssefdaaloul/venv/dbt_snowflake/airflow_venv_39/lib/python3.11/site-packages/airflow/example_dags/example_subdag_operator.py took 0.099 seconds
[2025-10-25T16:36:26.438+0200] {processor.py:161} INFO - Started process (PID=72914) to work on /Users/youssefdaaloul/venv/dbt_snowflake/airflow_venv_39/lib/python3.11/site-packages/airflow/example_dags/example_subdag_operator.py
[2025-10-25T16:36:26.439+0200] {processor.py:830} INFO - Processing file /Users/youssefdaaloul/venv/dbt_snowflake/airflow_venv_39/lib/python3.11/site-packages/airflow/example_dags/example_subdag_operator.py for tasks to queue
[2025-10-25T16:36:26.439+0200] {logging_mixin.py:188} INFO - [2025-10-25T16:36:26.439+0200] {dagbag.py:538} INFO - Filling up the DagBag from /Users/youssefdaaloul/venv/dbt_snowflake/airflow_venv_39/lib/python3.11/site-packages/airflow/example_dags/example_subdag_operator.py
[2025-10-25T16:36:26.475+0200] {processor.py:840} INFO - DAG(s) 'example_subdag_operator.section-1', 'example_subdag_operator.section-2', 'example_subdag_operator' retrieved from /Users/youssefdaaloul/venv/dbt_snowflake/airflow_venv_39/lib/python3.11/site-packages/airflow/example_dags/example_subdag_operator.py
[2025-10-25T16:36:26.516+0200] {logging_mixin.py:188} INFO - [2025-10-25T16:36:26.515+0200] {dag.py:3036} INFO - Sync 3 DAGs
[2025-10-25T16:36:26.521+0200] {logging_mixin.py:188} INFO - [2025-10-25T16:36:26.521+0200] {dag.py:3823} INFO - Setting next_dagrun for example_subdag_operator to 2022-01-01 00:00:00+00:00, run_after=2022-01-01 00:00:00+00:00
[2025-10-25T16:36:26.522+0200] {logging_mixin.py:188} INFO - [2025-10-25T16:36:26.522+0200] {dag.py:3823} INFO - Setting next_dagrun for example_subdag_operator.section-1 to None, run_after=None
[2025-10-25T16:36:26.523+0200] {logging_mixin.py:188} INFO - [2025-10-25T16:36:26.522+0200] {dag.py:3823} INFO - Setting next_dagrun for example_subdag_operator.section-2 to None, run_after=None
[2025-10-25T16:36:26.525+0200] {logging_mixin.py:188} INFO - [2025-10-25T16:36:26.525+0200] {dag.py:3036} INFO - Sync 2 DAGs
[2025-10-25T16:36:26.526+0200] {logging_mixin.py:188} INFO - [2025-10-25T16:36:26.526+0200] {dag.py:3823} INFO - Setting next_dagrun for example_subdag_operator.section-1 to None, run_after=None
[2025-10-25T16:36:26.526+0200] {logging_mixin.py:188} INFO - [2025-10-25T16:36:26.526+0200] {dag.py:3823} INFO - Setting next_dagrun for example_subdag_operator.section-2 to None, run_after=None
[2025-10-25T16:36:26.530+0200] {processor.py:183} INFO - Processing /Users/youssefdaaloul/venv/dbt_snowflake/airflow_venv_39/lib/python3.11/site-packages/airflow/example_dags/example_subdag_operator.py took 0.092 seconds
[2025-10-25T16:44:07.581+0200] {processor.py:161} INFO - Started process (PID=73867) to work on /Users/youssefdaaloul/venv/dbt_snowflake/airflow_venv_39/lib/python3.11/site-packages/airflow/example_dags/example_subdag_operator.py
[2025-10-25T16:44:07.582+0200] {processor.py:830} INFO - Processing file /Users/youssefdaaloul/venv/dbt_snowflake/airflow_venv_39/lib/python3.11/site-packages/airflow/example_dags/example_subdag_operator.py for tasks to queue
[2025-10-25T16:44:07.582+0200] {logging_mixin.py:188} INFO - [2025-10-25T16:44:07.582+0200] {dagbag.py:538} INFO - Filling up the DagBag from /Users/youssefdaaloul/venv/dbt_snowflake/airflow_venv_39/lib/python3.11/site-packages/airflow/example_dags/example_subdag_operator.py
[2025-10-25T16:44:07.615+0200] {processor.py:840} INFO - DAG(s) 'example_subdag_operator.section-1', 'example_subdag_operator.section-2', 'example_subdag_operator' retrieved from /Users/youssefdaaloul/venv/dbt_snowflake/airflow_venv_39/lib/python3.11/site-packages/airflow/example_dags/example_subdag_operator.py
[2025-10-25T16:44:07.680+0200] {logging_mixin.py:188} INFO - [2025-10-25T16:44:07.680+0200] {dag.py:3036} INFO - Sync 3 DAGs
[2025-10-25T16:44:07.686+0200] {logging_mixin.py:188} INFO - [2025-10-25T16:44:07.686+0200] {dag.py:3823} INFO - Setting next_dagrun for example_subdag_operator to 2022-01-01 00:00:00+00:00, run_after=2022-01-01 00:00:00+00:00
[2025-10-25T16:44:07.686+0200] {logging_mixin.py:188} INFO - [2025-10-25T16:44:07.686+0200] {dag.py:3823} INFO - Setting next_dagrun for example_subdag_operator.section-1 to None, run_after=None
[2025-10-25T16:44:07.687+0200] {logging_mixin.py:188} INFO - [2025-10-25T16:44:07.687+0200] {dag.py:3823} INFO - Setting next_dagrun for example_subdag_operator.section-2 to None, run_after=None
[2025-10-25T16:44:07.690+0200] {logging_mixin.py:188} INFO - [2025-10-25T16:44:07.690+0200] {dag.py:3036} INFO - Sync 2 DAGs
[2025-10-25T16:44:07.691+0200] {logging_mixin.py:188} INFO - [2025-10-25T16:44:07.691+0200] {dag.py:3823} INFO - Setting next_dagrun for example_subdag_operator.section-1 to None, run_after=None
[2025-10-25T16:44:07.691+0200] {logging_mixin.py:188} INFO - [2025-10-25T16:44:07.691+0200] {dag.py:3823} INFO - Setting next_dagrun for example_subdag_operator.section-2 to None, run_after=None
[2025-10-25T16:44:07.696+0200] {processor.py:183} INFO - Processing /Users/youssefdaaloul/venv/dbt_snowflake/airflow_venv_39/lib/python3.11/site-packages/airflow/example_dags/example_subdag_operator.py took 0.116 seconds
[2025-10-25T16:46:03.226+0200] {processor.py:161} INFO - Started process (PID=74010) to work on /Users/youssefdaaloul/venv/dbt_snowflake/airflow_venv_39/lib/python3.11/site-packages/airflow/example_dags/example_subdag_operator.py
[2025-10-25T16:46:03.228+0200] {processor.py:830} INFO - Processing file /Users/youssefdaaloul/venv/dbt_snowflake/airflow_venv_39/lib/python3.11/site-packages/airflow/example_dags/example_subdag_operator.py for tasks to queue
[2025-10-25T16:46:03.228+0200] {logging_mixin.py:188} INFO - [2025-10-25T16:46:03.228+0200] {dagbag.py:538} INFO - Filling up the DagBag from /Users/youssefdaaloul/venv/dbt_snowflake/airflow_venv_39/lib/python3.11/site-packages/airflow/example_dags/example_subdag_operator.py
[2025-10-25T16:46:03.264+0200] {processor.py:840} INFO - DAG(s) 'example_subdag_operator.section-1', 'example_subdag_operator.section-2', 'example_subdag_operator' retrieved from /Users/youssefdaaloul/venv/dbt_snowflake/airflow_venv_39/lib/python3.11/site-packages/airflow/example_dags/example_subdag_operator.py
[2025-10-25T16:46:03.302+0200] {logging_mixin.py:188} INFO - [2025-10-25T16:46:03.302+0200] {dag.py:3036} INFO - Sync 3 DAGs
[2025-10-25T16:46:03.307+0200] {logging_mixin.py:188} INFO - [2025-10-25T16:46:03.307+0200] {dag.py:3823} INFO - Setting next_dagrun for example_subdag_operator to 2022-01-01 00:00:00+00:00, run_after=2022-01-01 00:00:00+00:00
[2025-10-25T16:46:03.308+0200] {logging_mixin.py:188} INFO - [2025-10-25T16:46:03.308+0200] {dag.py:3823} INFO - Setting next_dagrun for example_subdag_operator.section-1 to None, run_after=None
[2025-10-25T16:46:03.309+0200] {logging_mixin.py:188} INFO - [2025-10-25T16:46:03.309+0200] {dag.py:3823} INFO - Setting next_dagrun for example_subdag_operator.section-2 to None, run_after=None
[2025-10-25T16:46:03.310+0200] {logging_mixin.py:188} INFO - [2025-10-25T16:46:03.310+0200] {dag.py:3036} INFO - Sync 2 DAGs
[2025-10-25T16:46:03.312+0200] {logging_mixin.py:188} INFO - [2025-10-25T16:46:03.312+0200] {dag.py:3823} INFO - Setting next_dagrun for example_subdag_operator.section-1 to None, run_after=None
[2025-10-25T16:46:03.312+0200] {logging_mixin.py:188} INFO - [2025-10-25T16:46:03.312+0200] {dag.py:3823} INFO - Setting next_dagrun for example_subdag_operator.section-2 to None, run_after=None
[2025-10-25T16:46:03.316+0200] {processor.py:183} INFO - Processing /Users/youssefdaaloul/venv/dbt_snowflake/airflow_venv_39/lib/python3.11/site-packages/airflow/example_dags/example_subdag_operator.py took 0.091 seconds
[2025-10-25T16:47:59.643+0200] {processor.py:161} INFO - Started process (PID=74101) to work on /Users/youssefdaaloul/venv/dbt_snowflake/airflow_venv_39/lib/python3.11/site-packages/airflow/example_dags/example_subdag_operator.py
[2025-10-25T16:47:59.644+0200] {processor.py:830} INFO - Processing file /Users/youssefdaaloul/venv/dbt_snowflake/airflow_venv_39/lib/python3.11/site-packages/airflow/example_dags/example_subdag_operator.py for tasks to queue
[2025-10-25T16:47:59.644+0200] {logging_mixin.py:188} INFO - [2025-10-25T16:47:59.644+0200] {dagbag.py:538} INFO - Filling up the DagBag from /Users/youssefdaaloul/venv/dbt_snowflake/airflow_venv_39/lib/python3.11/site-packages/airflow/example_dags/example_subdag_operator.py
[2025-10-25T16:47:59.681+0200] {processor.py:840} INFO - DAG(s) 'example_subdag_operator.section-1', 'example_subdag_operator.section-2', 'example_subdag_operator' retrieved from /Users/youssefdaaloul/venv/dbt_snowflake/airflow_venv_39/lib/python3.11/site-packages/airflow/example_dags/example_subdag_operator.py
[2025-10-25T16:47:59.727+0200] {logging_mixin.py:188} INFO - [2025-10-25T16:47:59.727+0200] {dag.py:3036} INFO - Sync 3 DAGs
[2025-10-25T16:47:59.734+0200] {logging_mixin.py:188} INFO - [2025-10-25T16:47:59.733+0200] {dag.py:3823} INFO - Setting next_dagrun for example_subdag_operator to 2022-01-01 00:00:00+00:00, run_after=2022-01-01 00:00:00+00:00
[2025-10-25T16:47:59.735+0200] {logging_mixin.py:188} INFO - [2025-10-25T16:47:59.735+0200] {dag.py:3823} INFO - Setting next_dagrun for example_subdag_operator.section-1 to None, run_after=None
[2025-10-25T16:47:59.735+0200] {logging_mixin.py:188} INFO - [2025-10-25T16:47:59.735+0200] {dag.py:3823} INFO - Setting next_dagrun for example_subdag_operator.section-2 to None, run_after=None
[2025-10-25T16:47:59.738+0200] {logging_mixin.py:188} INFO - [2025-10-25T16:47:59.738+0200] {dag.py:3036} INFO - Sync 2 DAGs
[2025-10-25T16:47:59.740+0200] {logging_mixin.py:188} INFO - [2025-10-25T16:47:59.740+0200] {dag.py:3823} INFO - Setting next_dagrun for example_subdag_operator.section-1 to None, run_after=None
[2025-10-25T16:47:59.740+0200] {logging_mixin.py:188} INFO - [2025-10-25T16:47:59.740+0200] {dag.py:3823} INFO - Setting next_dagrun for example_subdag_operator.section-2 to None, run_after=None
[2025-10-25T16:47:59.745+0200] {processor.py:183} INFO - Processing /Users/youssefdaaloul/venv/dbt_snowflake/airflow_venv_39/lib/python3.11/site-packages/airflow/example_dags/example_subdag_operator.py took 0.103 seconds
[2025-10-25T16:49:50.775+0200] {processor.py:161} INFO - Started process (PID=74220) to work on /Users/youssefdaaloul/venv/dbt_snowflake/airflow_venv_39/lib/python3.11/site-packages/airflow/example_dags/example_subdag_operator.py
[2025-10-25T16:49:50.776+0200] {processor.py:830} INFO - Processing file /Users/youssefdaaloul/venv/dbt_snowflake/airflow_venv_39/lib/python3.11/site-packages/airflow/example_dags/example_subdag_operator.py for tasks to queue
[2025-10-25T16:49:50.776+0200] {logging_mixin.py:188} INFO - [2025-10-25T16:49:50.776+0200] {dagbag.py:538} INFO - Filling up the DagBag from /Users/youssefdaaloul/venv/dbt_snowflake/airflow_venv_39/lib/python3.11/site-packages/airflow/example_dags/example_subdag_operator.py
[2025-10-25T16:49:50.812+0200] {processor.py:840} INFO - DAG(s) 'example_subdag_operator.section-1', 'example_subdag_operator.section-2', 'example_subdag_operator' retrieved from /Users/youssefdaaloul/venv/dbt_snowflake/airflow_venv_39/lib/python3.11/site-packages/airflow/example_dags/example_subdag_operator.py
[2025-10-25T16:49:50.855+0200] {logging_mixin.py:188} INFO - [2025-10-25T16:49:50.855+0200] {dag.py:3036} INFO - Sync 3 DAGs
[2025-10-25T16:49:50.862+0200] {logging_mixin.py:188} INFO - [2025-10-25T16:49:50.862+0200] {dag.py:3823} INFO - Setting next_dagrun for example_subdag_operator to 2022-01-01 00:00:00+00:00, run_after=2022-01-01 00:00:00+00:00
[2025-10-25T16:49:50.863+0200] {logging_mixin.py:188} INFO - [2025-10-25T16:49:50.863+0200] {dag.py:3823} INFO - Setting next_dagrun for example_subdag_operator.section-1 to None, run_after=None
[2025-10-25T16:49:50.863+0200] {logging_mixin.py:188} INFO - [2025-10-25T16:49:50.863+0200] {dag.py:3823} INFO - Setting next_dagrun for example_subdag_operator.section-2 to None, run_after=None
[2025-10-25T16:49:50.865+0200] {logging_mixin.py:188} INFO - [2025-10-25T16:49:50.865+0200] {dag.py:3036} INFO - Sync 2 DAGs
[2025-10-25T16:49:50.867+0200] {logging_mixin.py:188} INFO - [2025-10-25T16:49:50.867+0200] {dag.py:3823} INFO - Setting next_dagrun for example_subdag_operator.section-1 to None, run_after=None
[2025-10-25T16:49:50.867+0200] {logging_mixin.py:188} INFO - [2025-10-25T16:49:50.867+0200] {dag.py:3823} INFO - Setting next_dagrun for example_subdag_operator.section-2 to None, run_after=None
[2025-10-25T16:49:50.871+0200] {processor.py:183} INFO - Processing /Users/youssefdaaloul/venv/dbt_snowflake/airflow_venv_39/lib/python3.11/site-packages/airflow/example_dags/example_subdag_operator.py took 0.097 seconds
[2025-10-25T16:51:47.349+0200] {processor.py:161} INFO - Started process (PID=74362) to work on /Users/youssefdaaloul/venv/dbt_snowflake/airflow_venv_39/lib/python3.11/site-packages/airflow/example_dags/example_subdag_operator.py
[2025-10-25T16:51:47.350+0200] {processor.py:830} INFO - Processing file /Users/youssefdaaloul/venv/dbt_snowflake/airflow_venv_39/lib/python3.11/site-packages/airflow/example_dags/example_subdag_operator.py for tasks to queue
[2025-10-25T16:51:47.350+0200] {logging_mixin.py:188} INFO - [2025-10-25T16:51:47.350+0200] {dagbag.py:538} INFO - Filling up the DagBag from /Users/youssefdaaloul/venv/dbt_snowflake/airflow_venv_39/lib/python3.11/site-packages/airflow/example_dags/example_subdag_operator.py
[2025-10-25T16:51:47.386+0200] {processor.py:840} INFO - DAG(s) 'example_subdag_operator.section-1', 'example_subdag_operator.section-2', 'example_subdag_operator' retrieved from /Users/youssefdaaloul/venv/dbt_snowflake/airflow_venv_39/lib/python3.11/site-packages/airflow/example_dags/example_subdag_operator.py
[2025-10-25T16:51:47.429+0200] {logging_mixin.py:188} INFO - [2025-10-25T16:51:47.429+0200] {dag.py:3036} INFO - Sync 3 DAGs
[2025-10-25T16:51:47.435+0200] {logging_mixin.py:188} INFO - [2025-10-25T16:51:47.435+0200] {dag.py:3823} INFO - Setting next_dagrun for example_subdag_operator to 2022-01-01 00:00:00+00:00, run_after=2022-01-01 00:00:00+00:00
[2025-10-25T16:51:47.436+0200] {logging_mixin.py:188} INFO - [2025-10-25T16:51:47.436+0200] {dag.py:3823} INFO - Setting next_dagrun for example_subdag_operator.section-1 to None, run_after=None
[2025-10-25T16:51:47.437+0200] {logging_mixin.py:188} INFO - [2025-10-25T16:51:47.437+0200] {dag.py:3823} INFO - Setting next_dagrun for example_subdag_operator.section-2 to None, run_after=None
[2025-10-25T16:51:47.439+0200] {logging_mixin.py:188} INFO - [2025-10-25T16:51:47.439+0200] {dag.py:3036} INFO - Sync 2 DAGs
[2025-10-25T16:51:47.440+0200] {logging_mixin.py:188} INFO - [2025-10-25T16:51:47.440+0200] {dag.py:3823} INFO - Setting next_dagrun for example_subdag_operator.section-1 to None, run_after=None
[2025-10-25T16:51:47.441+0200] {logging_mixin.py:188} INFO - [2025-10-25T16:51:47.440+0200] {dag.py:3823} INFO - Setting next_dagrun for example_subdag_operator.section-2 to None, run_after=None
[2025-10-25T16:51:47.445+0200] {processor.py:183} INFO - Processing /Users/youssefdaaloul/venv/dbt_snowflake/airflow_venv_39/lib/python3.11/site-packages/airflow/example_dags/example_subdag_operator.py took 0.096 seconds
