[2025-10-25T16:09:27.640+0200] {processor.py:161} INFO - Started process (PID=71243) to work on /Users/youssefdaaloul/venv/dbt_snowflake/airflow_venv_39/lib/python3.11/site-packages/airflow/example_dags/example_dag_decorator.py
[2025-10-25T16:09:27.640+0200] {processor.py:830} INFO - Processing file /Users/youssefdaaloul/venv/dbt_snowflake/airflow_venv_39/lib/python3.11/site-packages/airflow/example_dags/example_dag_decorator.py for tasks to queue
[2025-10-25T16:09:27.640+0200] {logging_mixin.py:188} INFO - [2025-10-25T16:09:27.640+0200] {dagbag.py:538} INFO - Filling up the DagBag from /Users/youssefdaaloul/venv/dbt_snowflake/airflow_venv_39/lib/python3.11/site-packages/airflow/example_dags/example_dag_decorator.py
[2025-10-25T16:09:27.766+0200] {processor.py:840} INFO - DAG(s) 'example_dag_decorator' retrieved from /Users/youssefdaaloul/venv/dbt_snowflake/airflow_venv_39/lib/python3.11/site-packages/airflow/example_dags/example_dag_decorator.py
[2025-10-25T16:09:27.825+0200] {logging_mixin.py:188} INFO - [2025-10-25T16:09:27.825+0200] {dag.py:3036} INFO - Sync 1 DAGs
[2025-10-25T16:09:27.828+0200] {logging_mixin.py:188} INFO - [2025-10-25T16:09:27.828+0200] {dag.py:3823} INFO - Setting next_dagrun for example_dag_decorator to None, run_after=None
[2025-10-25T16:09:27.835+0200] {processor.py:183} INFO - Processing /Users/youssefdaaloul/venv/dbt_snowflake/airflow_venv_39/lib/python3.11/site-packages/airflow/example_dags/example_dag_decorator.py took 0.196 seconds
[2025-10-25T16:11:28.117+0200] {processor.py:161} INFO - Started process (PID=71359) to work on /Users/youssefdaaloul/venv/dbt_snowflake/airflow_venv_39/lib/python3.11/site-packages/airflow/example_dags/example_dag_decorator.py
[2025-10-25T16:11:28.119+0200] {processor.py:830} INFO - Processing file /Users/youssefdaaloul/venv/dbt_snowflake/airflow_venv_39/lib/python3.11/site-packages/airflow/example_dags/example_dag_decorator.py for tasks to queue
[2025-10-25T16:11:28.119+0200] {logging_mixin.py:188} INFO - [2025-10-25T16:11:28.119+0200] {dagbag.py:538} INFO - Filling up the DagBag from /Users/youssefdaaloul/venv/dbt_snowflake/airflow_venv_39/lib/python3.11/site-packages/airflow/example_dags/example_dag_decorator.py
[2025-10-25T16:11:28.247+0200] {processor.py:840} INFO - DAG(s) 'example_dag_decorator' retrieved from /Users/youssefdaaloul/venv/dbt_snowflake/airflow_venv_39/lib/python3.11/site-packages/airflow/example_dags/example_dag_decorator.py
[2025-10-25T16:11:28.322+0200] {logging_mixin.py:188} INFO - [2025-10-25T16:11:28.322+0200] {dag.py:3036} INFO - Sync 1 DAGs
[2025-10-25T16:11:28.325+0200] {logging_mixin.py:188} INFO - [2025-10-25T16:11:28.325+0200] {dag.py:3823} INFO - Setting next_dagrun for example_dag_decorator to None, run_after=None
[2025-10-25T16:11:28.332+0200] {processor.py:183} INFO - Processing /Users/youssefdaaloul/venv/dbt_snowflake/airflow_venv_39/lib/python3.11/site-packages/airflow/example_dags/example_dag_decorator.py took 0.215 seconds
[2025-10-25T16:13:24.171+0200] {processor.py:161} INFO - Started process (PID=71461) to work on /Users/youssefdaaloul/venv/dbt_snowflake/airflow_venv_39/lib/python3.11/site-packages/airflow/example_dags/example_dag_decorator.py
[2025-10-25T16:13:24.172+0200] {processor.py:830} INFO - Processing file /Users/youssefdaaloul/venv/dbt_snowflake/airflow_venv_39/lib/python3.11/site-packages/airflow/example_dags/example_dag_decorator.py for tasks to queue
[2025-10-25T16:13:24.172+0200] {logging_mixin.py:188} INFO - [2025-10-25T16:13:24.172+0200] {dagbag.py:538} INFO - Filling up the DagBag from /Users/youssefdaaloul/venv/dbt_snowflake/airflow_venv_39/lib/python3.11/site-packages/airflow/example_dags/example_dag_decorator.py
[2025-10-25T16:13:24.308+0200] {processor.py:840} INFO - DAG(s) 'example_dag_decorator' retrieved from /Users/youssefdaaloul/venv/dbt_snowflake/airflow_venv_39/lib/python3.11/site-packages/airflow/example_dags/example_dag_decorator.py
[2025-10-25T16:13:24.401+0200] {logging_mixin.py:188} INFO - [2025-10-25T16:13:24.401+0200] {dag.py:3036} INFO - Sync 1 DAGs
[2025-10-25T16:13:24.405+0200] {logging_mixin.py:188} INFO - [2025-10-25T16:13:24.405+0200] {dag.py:3823} INFO - Setting next_dagrun for example_dag_decorator to None, run_after=None
[2025-10-25T16:13:24.414+0200] {processor.py:183} INFO - Processing /Users/youssefdaaloul/venv/dbt_snowflake/airflow_venv_39/lib/python3.11/site-packages/airflow/example_dags/example_dag_decorator.py took 0.243 seconds
[2025-10-25T16:15:28.454+0200] {processor.py:161} INFO - Started process (PID=71568) to work on /Users/youssefdaaloul/venv/dbt_snowflake/airflow_venv_39/lib/python3.11/site-packages/airflow/example_dags/example_dag_decorator.py
[2025-10-25T16:15:28.456+0200] {processor.py:830} INFO - Processing file /Users/youssefdaaloul/venv/dbt_snowflake/airflow_venv_39/lib/python3.11/site-packages/airflow/example_dags/example_dag_decorator.py for tasks to queue
[2025-10-25T16:15:28.456+0200] {logging_mixin.py:188} INFO - [2025-10-25T16:15:28.456+0200] {dagbag.py:538} INFO - Filling up the DagBag from /Users/youssefdaaloul/venv/dbt_snowflake/airflow_venv_39/lib/python3.11/site-packages/airflow/example_dags/example_dag_decorator.py
[2025-10-25T16:15:28.574+0200] {processor.py:840} INFO - DAG(s) 'example_dag_decorator' retrieved from /Users/youssefdaaloul/venv/dbt_snowflake/airflow_venv_39/lib/python3.11/site-packages/airflow/example_dags/example_dag_decorator.py
[2025-10-25T16:15:28.646+0200] {logging_mixin.py:188} INFO - [2025-10-25T16:15:28.646+0200] {dag.py:3036} INFO - Sync 1 DAGs
[2025-10-25T16:15:28.649+0200] {logging_mixin.py:188} INFO - [2025-10-25T16:15:28.649+0200] {dag.py:3823} INFO - Setting next_dagrun for example_dag_decorator to None, run_after=None
[2025-10-25T16:15:28.655+0200] {processor.py:183} INFO - Processing /Users/youssefdaaloul/venv/dbt_snowflake/airflow_venv_39/lib/python3.11/site-packages/airflow/example_dags/example_dag_decorator.py took 0.201 seconds
[2025-10-25T16:17:27.793+0200] {processor.py:161} INFO - Started process (PID=71666) to work on /Users/youssefdaaloul/venv/dbt_snowflake/airflow_venv_39/lib/python3.11/site-packages/airflow/example_dags/example_dag_decorator.py
[2025-10-25T16:17:27.794+0200] {processor.py:830} INFO - Processing file /Users/youssefdaaloul/venv/dbt_snowflake/airflow_venv_39/lib/python3.11/site-packages/airflow/example_dags/example_dag_decorator.py for tasks to queue
[2025-10-25T16:17:27.794+0200] {logging_mixin.py:188} INFO - [2025-10-25T16:17:27.794+0200] {dagbag.py:538} INFO - Filling up the DagBag from /Users/youssefdaaloul/venv/dbt_snowflake/airflow_venv_39/lib/python3.11/site-packages/airflow/example_dags/example_dag_decorator.py
[2025-10-25T16:17:27.919+0200] {processor.py:840} INFO - DAG(s) 'example_dag_decorator' retrieved from /Users/youssefdaaloul/venv/dbt_snowflake/airflow_venv_39/lib/python3.11/site-packages/airflow/example_dags/example_dag_decorator.py
[2025-10-25T16:17:27.996+0200] {logging_mixin.py:188} INFO - [2025-10-25T16:17:27.996+0200] {dag.py:3036} INFO - Sync 1 DAGs
[2025-10-25T16:17:27.999+0200] {logging_mixin.py:188} INFO - [2025-10-25T16:17:27.999+0200] {dag.py:3823} INFO - Setting next_dagrun for example_dag_decorator to None, run_after=None
[2025-10-25T16:17:28.006+0200] {processor.py:183} INFO - Processing /Users/youssefdaaloul/venv/dbt_snowflake/airflow_venv_39/lib/python3.11/site-packages/airflow/example_dags/example_dag_decorator.py took 0.214 seconds
[2025-10-25T16:19:31.565+0200] {processor.py:161} INFO - Started process (PID=71791) to work on /Users/youssefdaaloul/venv/dbt_snowflake/airflow_venv_39/lib/python3.11/site-packages/airflow/example_dags/example_dag_decorator.py
[2025-10-25T16:19:31.566+0200] {processor.py:830} INFO - Processing file /Users/youssefdaaloul/venv/dbt_snowflake/airflow_venv_39/lib/python3.11/site-packages/airflow/example_dags/example_dag_decorator.py for tasks to queue
[2025-10-25T16:19:31.566+0200] {logging_mixin.py:188} INFO - [2025-10-25T16:19:31.566+0200] {dagbag.py:538} INFO - Filling up the DagBag from /Users/youssefdaaloul/venv/dbt_snowflake/airflow_venv_39/lib/python3.11/site-packages/airflow/example_dags/example_dag_decorator.py
[2025-10-25T16:19:31.704+0200] {processor.py:840} INFO - DAG(s) 'example_dag_decorator' retrieved from /Users/youssefdaaloul/venv/dbt_snowflake/airflow_venv_39/lib/python3.11/site-packages/airflow/example_dags/example_dag_decorator.py
[2025-10-25T16:19:31.783+0200] {logging_mixin.py:188} INFO - [2025-10-25T16:19:31.783+0200] {dag.py:3036} INFO - Sync 1 DAGs
[2025-10-25T16:19:31.786+0200] {logging_mixin.py:188} INFO - [2025-10-25T16:19:31.786+0200] {dag.py:3823} INFO - Setting next_dagrun for example_dag_decorator to None, run_after=None
[2025-10-25T16:19:31.794+0200] {processor.py:183} INFO - Processing /Users/youssefdaaloul/venv/dbt_snowflake/airflow_venv_39/lib/python3.11/site-packages/airflow/example_dags/example_dag_decorator.py took 0.229 seconds
[2025-10-25T16:21:31.259+0200] {processor.py:161} INFO - Started process (PID=71897) to work on /Users/youssefdaaloul/venv/dbt_snowflake/airflow_venv_39/lib/python3.11/site-packages/airflow/example_dags/example_dag_decorator.py
[2025-10-25T16:21:31.260+0200] {processor.py:830} INFO - Processing file /Users/youssefdaaloul/venv/dbt_snowflake/airflow_venv_39/lib/python3.11/site-packages/airflow/example_dags/example_dag_decorator.py for tasks to queue
[2025-10-25T16:21:31.260+0200] {logging_mixin.py:188} INFO - [2025-10-25T16:21:31.260+0200] {dagbag.py:538} INFO - Filling up the DagBag from /Users/youssefdaaloul/venv/dbt_snowflake/airflow_venv_39/lib/python3.11/site-packages/airflow/example_dags/example_dag_decorator.py
[2025-10-25T16:21:31.378+0200] {processor.py:840} INFO - DAG(s) 'example_dag_decorator' retrieved from /Users/youssefdaaloul/venv/dbt_snowflake/airflow_venv_39/lib/python3.11/site-packages/airflow/example_dags/example_dag_decorator.py
[2025-10-25T16:21:31.451+0200] {logging_mixin.py:188} INFO - [2025-10-25T16:21:31.451+0200] {dag.py:3036} INFO - Sync 1 DAGs
[2025-10-25T16:21:31.454+0200] {logging_mixin.py:188} INFO - [2025-10-25T16:21:31.454+0200] {dag.py:3823} INFO - Setting next_dagrun for example_dag_decorator to None, run_after=None
[2025-10-25T16:21:31.460+0200] {processor.py:183} INFO - Processing /Users/youssefdaaloul/venv/dbt_snowflake/airflow_venv_39/lib/python3.11/site-packages/airflow/example_dags/example_dag_decorator.py took 0.202 seconds
[2025-10-25T16:23:18.711+0200] {processor.py:161} INFO - Started process (PID=71999) to work on /Users/youssefdaaloul/venv/dbt_snowflake/airflow_venv_39/lib/python3.11/site-packages/airflow/example_dags/example_dag_decorator.py
[2025-10-25T16:23:18.713+0200] {processor.py:830} INFO - Processing file /Users/youssefdaaloul/venv/dbt_snowflake/airflow_venv_39/lib/python3.11/site-packages/airflow/example_dags/example_dag_decorator.py for tasks to queue
[2025-10-25T16:23:18.713+0200] {logging_mixin.py:188} INFO - [2025-10-25T16:23:18.713+0200] {dagbag.py:538} INFO - Filling up the DagBag from /Users/youssefdaaloul/venv/dbt_snowflake/airflow_venv_39/lib/python3.11/site-packages/airflow/example_dags/example_dag_decorator.py
[2025-10-25T16:23:18.832+0200] {processor.py:840} INFO - DAG(s) 'example_dag_decorator' retrieved from /Users/youssefdaaloul/venv/dbt_snowflake/airflow_venv_39/lib/python3.11/site-packages/airflow/example_dags/example_dag_decorator.py
[2025-10-25T16:23:18.904+0200] {logging_mixin.py:188} INFO - [2025-10-25T16:23:18.903+0200] {dag.py:3036} INFO - Sync 1 DAGs
[2025-10-25T16:23:18.907+0200] {logging_mixin.py:188} INFO - [2025-10-25T16:23:18.907+0200] {dag.py:3823} INFO - Setting next_dagrun for example_dag_decorator to None, run_after=None
[2025-10-25T16:23:18.913+0200] {processor.py:183} INFO - Processing /Users/youssefdaaloul/venv/dbt_snowflake/airflow_venv_39/lib/python3.11/site-packages/airflow/example_dags/example_dag_decorator.py took 0.202 seconds
[2025-10-25T16:25:07.706+0200] {processor.py:161} INFO - Started process (PID=72099) to work on /Users/youssefdaaloul/venv/dbt_snowflake/airflow_venv_39/lib/python3.11/site-packages/airflow/example_dags/example_dag_decorator.py
[2025-10-25T16:25:07.709+0200] {processor.py:830} INFO - Processing file /Users/youssefdaaloul/venv/dbt_snowflake/airflow_venv_39/lib/python3.11/site-packages/airflow/example_dags/example_dag_decorator.py for tasks to queue
[2025-10-25T16:25:07.709+0200] {logging_mixin.py:188} INFO - [2025-10-25T16:25:07.709+0200] {dagbag.py:538} INFO - Filling up the DagBag from /Users/youssefdaaloul/venv/dbt_snowflake/airflow_venv_39/lib/python3.11/site-packages/airflow/example_dags/example_dag_decorator.py
[2025-10-25T16:25:07.835+0200] {processor.py:840} INFO - DAG(s) 'example_dag_decorator' retrieved from /Users/youssefdaaloul/venv/dbt_snowflake/airflow_venv_39/lib/python3.11/site-packages/airflow/example_dags/example_dag_decorator.py
[2025-10-25T16:25:07.910+0200] {logging_mixin.py:188} INFO - [2025-10-25T16:25:07.910+0200] {dag.py:3036} INFO - Sync 1 DAGs
[2025-10-25T16:25:07.913+0200] {logging_mixin.py:188} INFO - [2025-10-25T16:25:07.913+0200] {dag.py:3823} INFO - Setting next_dagrun for example_dag_decorator to None, run_after=None
[2025-10-25T16:25:07.922+0200] {processor.py:183} INFO - Processing /Users/youssefdaaloul/venv/dbt_snowflake/airflow_venv_39/lib/python3.11/site-packages/airflow/example_dags/example_dag_decorator.py took 0.217 seconds
[2025-10-25T16:26:54.237+0200] {processor.py:161} INFO - Started process (PID=72210) to work on /Users/youssefdaaloul/venv/dbt_snowflake/airflow_venv_39/lib/python3.11/site-packages/airflow/example_dags/example_dag_decorator.py
[2025-10-25T16:26:54.237+0200] {processor.py:830} INFO - Processing file /Users/youssefdaaloul/venv/dbt_snowflake/airflow_venv_39/lib/python3.11/site-packages/airflow/example_dags/example_dag_decorator.py for tasks to queue
[2025-10-25T16:26:54.238+0200] {logging_mixin.py:188} INFO - [2025-10-25T16:26:54.238+0200] {dagbag.py:538} INFO - Filling up the DagBag from /Users/youssefdaaloul/venv/dbt_snowflake/airflow_venv_39/lib/python3.11/site-packages/airflow/example_dags/example_dag_decorator.py
[2025-10-25T16:26:54.365+0200] {processor.py:840} INFO - DAG(s) 'example_dag_decorator' retrieved from /Users/youssefdaaloul/venv/dbt_snowflake/airflow_venv_39/lib/python3.11/site-packages/airflow/example_dags/example_dag_decorator.py
[2025-10-25T16:26:54.439+0200] {logging_mixin.py:188} INFO - [2025-10-25T16:26:54.438+0200] {dag.py:3036} INFO - Sync 1 DAGs
[2025-10-25T16:26:54.441+0200] {logging_mixin.py:188} INFO - [2025-10-25T16:26:54.441+0200] {dag.py:3823} INFO - Setting next_dagrun for example_dag_decorator to None, run_after=None
[2025-10-25T16:26:54.448+0200] {processor.py:183} INFO - Processing /Users/youssefdaaloul/venv/dbt_snowflake/airflow_venv_39/lib/python3.11/site-packages/airflow/example_dags/example_dag_decorator.py took 0.211 seconds
[2025-10-25T16:28:51.863+0200] {processor.py:161} INFO - Started process (PID=72331) to work on /Users/youssefdaaloul/venv/dbt_snowflake/airflow_venv_39/lib/python3.11/site-packages/airflow/example_dags/example_dag_decorator.py
[2025-10-25T16:28:51.864+0200] {processor.py:830} INFO - Processing file /Users/youssefdaaloul/venv/dbt_snowflake/airflow_venv_39/lib/python3.11/site-packages/airflow/example_dags/example_dag_decorator.py for tasks to queue
[2025-10-25T16:28:51.864+0200] {logging_mixin.py:188} INFO - [2025-10-25T16:28:51.864+0200] {dagbag.py:538} INFO - Filling up the DagBag from /Users/youssefdaaloul/venv/dbt_snowflake/airflow_venv_39/lib/python3.11/site-packages/airflow/example_dags/example_dag_decorator.py
[2025-10-25T16:28:51.986+0200] {processor.py:840} INFO - DAG(s) 'example_dag_decorator' retrieved from /Users/youssefdaaloul/venv/dbt_snowflake/airflow_venv_39/lib/python3.11/site-packages/airflow/example_dags/example_dag_decorator.py
[2025-10-25T16:28:52.060+0200] {logging_mixin.py:188} INFO - [2025-10-25T16:28:52.060+0200] {dag.py:3036} INFO - Sync 1 DAGs
[2025-10-25T16:28:52.063+0200] {logging_mixin.py:188} INFO - [2025-10-25T16:28:52.063+0200] {dag.py:3823} INFO - Setting next_dagrun for example_dag_decorator to None, run_after=None
[2025-10-25T16:28:52.071+0200] {processor.py:183} INFO - Processing /Users/youssefdaaloul/venv/dbt_snowflake/airflow_venv_39/lib/python3.11/site-packages/airflow/example_dags/example_dag_decorator.py took 0.208 seconds
[2025-10-25T16:30:50.680+0200] {processor.py:161} INFO - Started process (PID=72448) to work on /Users/youssefdaaloul/venv/dbt_snowflake/airflow_venv_39/lib/python3.11/site-packages/airflow/example_dags/example_dag_decorator.py
[2025-10-25T16:30:50.681+0200] {processor.py:830} INFO - Processing file /Users/youssefdaaloul/venv/dbt_snowflake/airflow_venv_39/lib/python3.11/site-packages/airflow/example_dags/example_dag_decorator.py for tasks to queue
[2025-10-25T16:30:50.681+0200] {logging_mixin.py:188} INFO - [2025-10-25T16:30:50.681+0200] {dagbag.py:538} INFO - Filling up the DagBag from /Users/youssefdaaloul/venv/dbt_snowflake/airflow_venv_39/lib/python3.11/site-packages/airflow/example_dags/example_dag_decorator.py
[2025-10-25T16:30:50.808+0200] {processor.py:840} INFO - DAG(s) 'example_dag_decorator' retrieved from /Users/youssefdaaloul/venv/dbt_snowflake/airflow_venv_39/lib/python3.11/site-packages/airflow/example_dags/example_dag_decorator.py
[2025-10-25T16:30:50.880+0200] {logging_mixin.py:188} INFO - [2025-10-25T16:30:50.880+0200] {dag.py:3036} INFO - Sync 1 DAGs
[2025-10-25T16:30:50.883+0200] {logging_mixin.py:188} INFO - [2025-10-25T16:30:50.883+0200] {dag.py:3823} INFO - Setting next_dagrun for example_dag_decorator to None, run_after=None
[2025-10-25T16:30:50.890+0200] {processor.py:183} INFO - Processing /Users/youssefdaaloul/venv/dbt_snowflake/airflow_venv_39/lib/python3.11/site-packages/airflow/example_dags/example_dag_decorator.py took 0.210 seconds
[2025-10-25T16:32:41.525+0200] {processor.py:161} INFO - Started process (PID=72614) to work on /Users/youssefdaaloul/venv/dbt_snowflake/airflow_venv_39/lib/python3.11/site-packages/airflow/example_dags/example_dag_decorator.py
[2025-10-25T16:32:41.526+0200] {processor.py:830} INFO - Processing file /Users/youssefdaaloul/venv/dbt_snowflake/airflow_venv_39/lib/python3.11/site-packages/airflow/example_dags/example_dag_decorator.py for tasks to queue
[2025-10-25T16:32:41.526+0200] {logging_mixin.py:188} INFO - [2025-10-25T16:32:41.526+0200] {dagbag.py:538} INFO - Filling up the DagBag from /Users/youssefdaaloul/venv/dbt_snowflake/airflow_venv_39/lib/python3.11/site-packages/airflow/example_dags/example_dag_decorator.py
[2025-10-25T16:32:41.649+0200] {processor.py:840} INFO - DAG(s) 'example_dag_decorator' retrieved from /Users/youssefdaaloul/venv/dbt_snowflake/airflow_venv_39/lib/python3.11/site-packages/airflow/example_dags/example_dag_decorator.py
[2025-10-25T16:32:41.723+0200] {logging_mixin.py:188} INFO - [2025-10-25T16:32:41.723+0200] {dag.py:3036} INFO - Sync 1 DAGs
[2025-10-25T16:32:41.726+0200] {logging_mixin.py:188} INFO - [2025-10-25T16:32:41.726+0200] {dag.py:3823} INFO - Setting next_dagrun for example_dag_decorator to None, run_after=None
[2025-10-25T16:32:41.733+0200] {processor.py:183} INFO - Processing /Users/youssefdaaloul/venv/dbt_snowflake/airflow_venv_39/lib/python3.11/site-packages/airflow/example_dags/example_dag_decorator.py took 0.208 seconds
[2025-10-25T16:34:41.631+0200] {processor.py:161} INFO - Started process (PID=72761) to work on /Users/youssefdaaloul/venv/dbt_snowflake/airflow_venv_39/lib/python3.11/site-packages/airflow/example_dags/example_dag_decorator.py
[2025-10-25T16:34:41.631+0200] {processor.py:830} INFO - Processing file /Users/youssefdaaloul/venv/dbt_snowflake/airflow_venv_39/lib/python3.11/site-packages/airflow/example_dags/example_dag_decorator.py for tasks to queue
[2025-10-25T16:34:41.632+0200] {logging_mixin.py:188} INFO - [2025-10-25T16:34:41.632+0200] {dagbag.py:538} INFO - Filling up the DagBag from /Users/youssefdaaloul/venv/dbt_snowflake/airflow_venv_39/lib/python3.11/site-packages/airflow/example_dags/example_dag_decorator.py
[2025-10-25T16:34:41.757+0200] {processor.py:840} INFO - DAG(s) 'example_dag_decorator' retrieved from /Users/youssefdaaloul/venv/dbt_snowflake/airflow_venv_39/lib/python3.11/site-packages/airflow/example_dags/example_dag_decorator.py
[2025-10-25T16:34:41.832+0200] {logging_mixin.py:188} INFO - [2025-10-25T16:34:41.832+0200] {dag.py:3036} INFO - Sync 1 DAGs
[2025-10-25T16:34:41.835+0200] {logging_mixin.py:188} INFO - [2025-10-25T16:34:41.835+0200] {dag.py:3823} INFO - Setting next_dagrun for example_dag_decorator to None, run_after=None
[2025-10-25T16:34:41.842+0200] {processor.py:183} INFO - Processing /Users/youssefdaaloul/venv/dbt_snowflake/airflow_venv_39/lib/python3.11/site-packages/airflow/example_dags/example_dag_decorator.py took 0.212 seconds
[2025-10-25T16:36:38.574+0200] {processor.py:161} INFO - Started process (PID=72923) to work on /Users/youssefdaaloul/venv/dbt_snowflake/airflow_venv_39/lib/python3.11/site-packages/airflow/example_dags/example_dag_decorator.py
[2025-10-25T16:36:38.576+0200] {processor.py:830} INFO - Processing file /Users/youssefdaaloul/venv/dbt_snowflake/airflow_venv_39/lib/python3.11/site-packages/airflow/example_dags/example_dag_decorator.py for tasks to queue
[2025-10-25T16:36:38.576+0200] {logging_mixin.py:188} INFO - [2025-10-25T16:36:38.576+0200] {dagbag.py:538} INFO - Filling up the DagBag from /Users/youssefdaaloul/venv/dbt_snowflake/airflow_venv_39/lib/python3.11/site-packages/airflow/example_dags/example_dag_decorator.py
[2025-10-25T16:36:38.693+0200] {processor.py:840} INFO - DAG(s) 'example_dag_decorator' retrieved from /Users/youssefdaaloul/venv/dbt_snowflake/airflow_venv_39/lib/python3.11/site-packages/airflow/example_dags/example_dag_decorator.py
[2025-10-25T16:36:38.766+0200] {logging_mixin.py:188} INFO - [2025-10-25T16:36:38.765+0200] {dag.py:3036} INFO - Sync 1 DAGs
[2025-10-25T16:36:38.768+0200] {logging_mixin.py:188} INFO - [2025-10-25T16:36:38.768+0200] {dag.py:3823} INFO - Setting next_dagrun for example_dag_decorator to None, run_after=None
[2025-10-25T16:36:38.775+0200] {processor.py:183} INFO - Processing /Users/youssefdaaloul/venv/dbt_snowflake/airflow_venv_39/lib/python3.11/site-packages/airflow/example_dags/example_dag_decorator.py took 0.201 seconds
[2025-10-25T16:44:21.104+0200] {processor.py:161} INFO - Started process (PID=73899) to work on /Users/youssefdaaloul/venv/dbt_snowflake/airflow_venv_39/lib/python3.11/site-packages/airflow/example_dags/example_dag_decorator.py
[2025-10-25T16:44:21.105+0200] {processor.py:830} INFO - Processing file /Users/youssefdaaloul/venv/dbt_snowflake/airflow_venv_39/lib/python3.11/site-packages/airflow/example_dags/example_dag_decorator.py for tasks to queue
[2025-10-25T16:44:21.105+0200] {logging_mixin.py:188} INFO - [2025-10-25T16:44:21.105+0200] {dagbag.py:538} INFO - Filling up the DagBag from /Users/youssefdaaloul/venv/dbt_snowflake/airflow_venv_39/lib/python3.11/site-packages/airflow/example_dags/example_dag_decorator.py
[2025-10-25T16:44:21.223+0200] {processor.py:840} INFO - DAG(s) 'example_dag_decorator' retrieved from /Users/youssefdaaloul/venv/dbt_snowflake/airflow_venv_39/lib/python3.11/site-packages/airflow/example_dags/example_dag_decorator.py
[2025-10-25T16:44:21.279+0200] {logging_mixin.py:188} INFO - [2025-10-25T16:44:21.279+0200] {dag.py:3036} INFO - Sync 1 DAGs
[2025-10-25T16:44:21.282+0200] {logging_mixin.py:188} INFO - [2025-10-25T16:44:21.282+0200] {dag.py:3823} INFO - Setting next_dagrun for example_dag_decorator to None, run_after=None
[2025-10-25T16:44:21.289+0200] {processor.py:183} INFO - Processing /Users/youssefdaaloul/venv/dbt_snowflake/airflow_venv_39/lib/python3.11/site-packages/airflow/example_dags/example_dag_decorator.py took 0.185 seconds
[2025-10-25T16:46:16.686+0200] {processor.py:161} INFO - Started process (PID=74018) to work on /Users/youssefdaaloul/venv/dbt_snowflake/airflow_venv_39/lib/python3.11/site-packages/airflow/example_dags/example_dag_decorator.py
[2025-10-25T16:46:16.687+0200] {processor.py:830} INFO - Processing file /Users/youssefdaaloul/venv/dbt_snowflake/airflow_venv_39/lib/python3.11/site-packages/airflow/example_dags/example_dag_decorator.py for tasks to queue
[2025-10-25T16:46:16.687+0200] {logging_mixin.py:188} INFO - [2025-10-25T16:46:16.687+0200] {dagbag.py:538} INFO - Filling up the DagBag from /Users/youssefdaaloul/venv/dbt_snowflake/airflow_venv_39/lib/python3.11/site-packages/airflow/example_dags/example_dag_decorator.py
[2025-10-25T16:46:16.828+0200] {processor.py:840} INFO - DAG(s) 'example_dag_decorator' retrieved from /Users/youssefdaaloul/venv/dbt_snowflake/airflow_venv_39/lib/python3.11/site-packages/airflow/example_dags/example_dag_decorator.py
[2025-10-25T16:46:16.908+0200] {logging_mixin.py:188} INFO - [2025-10-25T16:46:16.908+0200] {dag.py:3036} INFO - Sync 1 DAGs
[2025-10-25T16:46:16.912+0200] {logging_mixin.py:188} INFO - [2025-10-25T16:46:16.912+0200] {dag.py:3823} INFO - Setting next_dagrun for example_dag_decorator to None, run_after=None
[2025-10-25T16:46:16.923+0200] {processor.py:183} INFO - Processing /Users/youssefdaaloul/venv/dbt_snowflake/airflow_venv_39/lib/python3.11/site-packages/airflow/example_dags/example_dag_decorator.py took 0.237 seconds
[2025-10-25T16:48:11.373+0200] {processor.py:161} INFO - Started process (PID=74119) to work on /Users/youssefdaaloul/venv/dbt_snowflake/airflow_venv_39/lib/python3.11/site-packages/airflow/example_dags/example_dag_decorator.py
[2025-10-25T16:48:11.373+0200] {processor.py:830} INFO - Processing file /Users/youssefdaaloul/venv/dbt_snowflake/airflow_venv_39/lib/python3.11/site-packages/airflow/example_dags/example_dag_decorator.py for tasks to queue
[2025-10-25T16:48:11.374+0200] {logging_mixin.py:188} INFO - [2025-10-25T16:48:11.374+0200] {dagbag.py:538} INFO - Filling up the DagBag from /Users/youssefdaaloul/venv/dbt_snowflake/airflow_venv_39/lib/python3.11/site-packages/airflow/example_dags/example_dag_decorator.py
[2025-10-25T16:48:11.507+0200] {processor.py:840} INFO - DAG(s) 'example_dag_decorator' retrieved from /Users/youssefdaaloul/venv/dbt_snowflake/airflow_venv_39/lib/python3.11/site-packages/airflow/example_dags/example_dag_decorator.py
[2025-10-25T16:48:11.587+0200] {logging_mixin.py:188} INFO - [2025-10-25T16:48:11.586+0200] {dag.py:3036} INFO - Sync 1 DAGs
[2025-10-25T16:48:11.590+0200] {logging_mixin.py:188} INFO - [2025-10-25T16:48:11.590+0200] {dag.py:3823} INFO - Setting next_dagrun for example_dag_decorator to None, run_after=None
[2025-10-25T16:48:11.597+0200] {processor.py:183} INFO - Processing /Users/youssefdaaloul/venv/dbt_snowflake/airflow_venv_39/lib/python3.11/site-packages/airflow/example_dags/example_dag_decorator.py took 0.225 seconds
[2025-10-25T16:50:03.462+0200] {processor.py:161} INFO - Started process (PID=74228) to work on /Users/youssefdaaloul/venv/dbt_snowflake/airflow_venv_39/lib/python3.11/site-packages/airflow/example_dags/example_dag_decorator.py
[2025-10-25T16:50:03.462+0200] {processor.py:830} INFO - Processing file /Users/youssefdaaloul/venv/dbt_snowflake/airflow_venv_39/lib/python3.11/site-packages/airflow/example_dags/example_dag_decorator.py for tasks to queue
[2025-10-25T16:50:03.463+0200] {logging_mixin.py:188} INFO - [2025-10-25T16:50:03.462+0200] {dagbag.py:538} INFO - Filling up the DagBag from /Users/youssefdaaloul/venv/dbt_snowflake/airflow_venv_39/lib/python3.11/site-packages/airflow/example_dags/example_dag_decorator.py
[2025-10-25T16:50:03.580+0200] {processor.py:840} INFO - DAG(s) 'example_dag_decorator' retrieved from /Users/youssefdaaloul/venv/dbt_snowflake/airflow_venv_39/lib/python3.11/site-packages/airflow/example_dags/example_dag_decorator.py
[2025-10-25T16:50:03.653+0200] {logging_mixin.py:188} INFO - [2025-10-25T16:50:03.652+0200] {dag.py:3036} INFO - Sync 1 DAGs
[2025-10-25T16:50:03.656+0200] {logging_mixin.py:188} INFO - [2025-10-25T16:50:03.656+0200] {dag.py:3823} INFO - Setting next_dagrun for example_dag_decorator to None, run_after=None
[2025-10-25T16:50:03.662+0200] {processor.py:183} INFO - Processing /Users/youssefdaaloul/venv/dbt_snowflake/airflow_venv_39/lib/python3.11/site-packages/airflow/example_dags/example_dag_decorator.py took 0.201 seconds
[2025-10-25T16:52:00.218+0200] {processor.py:161} INFO - Started process (PID=74384) to work on /Users/youssefdaaloul/venv/dbt_snowflake/airflow_venv_39/lib/python3.11/site-packages/airflow/example_dags/example_dag_decorator.py
[2025-10-25T16:52:00.219+0200] {processor.py:830} INFO - Processing file /Users/youssefdaaloul/venv/dbt_snowflake/airflow_venv_39/lib/python3.11/site-packages/airflow/example_dags/example_dag_decorator.py for tasks to queue
[2025-10-25T16:52:00.219+0200] {logging_mixin.py:188} INFO - [2025-10-25T16:52:00.219+0200] {dagbag.py:538} INFO - Filling up the DagBag from /Users/youssefdaaloul/venv/dbt_snowflake/airflow_venv_39/lib/python3.11/site-packages/airflow/example_dags/example_dag_decorator.py
[2025-10-25T16:52:00.333+0200] {processor.py:840} INFO - DAG(s) 'example_dag_decorator' retrieved from /Users/youssefdaaloul/venv/dbt_snowflake/airflow_venv_39/lib/python3.11/site-packages/airflow/example_dags/example_dag_decorator.py
[2025-10-25T16:52:00.412+0200] {logging_mixin.py:188} INFO - [2025-10-25T16:52:00.412+0200] {dag.py:3036} INFO - Sync 1 DAGs
[2025-10-25T16:52:00.416+0200] {logging_mixin.py:188} INFO - [2025-10-25T16:52:00.416+0200] {dag.py:3823} INFO - Setting next_dagrun for example_dag_decorator to None, run_after=None
[2025-10-25T16:52:00.423+0200] {processor.py:183} INFO - Processing /Users/youssefdaaloul/venv/dbt_snowflake/airflow_venv_39/lib/python3.11/site-packages/airflow/example_dags/example_dag_decorator.py took 0.205 seconds
