[2025-10-25T16:09:19.805+0200] {processor.py:161} INFO - Started process (PID=71238) to work on /Users/youssefdaaloul/venv/dbt_snowflake/airflow_venv_39/lib/python3.11/site-packages/airflow/example_dags/example_external_task_marker_dag.py
[2025-10-25T16:09:19.805+0200] {processor.py:830} INFO - Processing file /Users/youssefdaaloul/venv/dbt_snowflake/airflow_venv_39/lib/python3.11/site-packages/airflow/example_dags/example_external_task_marker_dag.py for tasks to queue
[2025-10-25T16:09:19.806+0200] {logging_mixin.py:188} INFO - [2025-10-25T16:09:19.806+0200] {dagbag.py:538} INFO - Filling up the DagBag from /Users/youssefdaaloul/venv/dbt_snowflake/airflow_venv_39/lib/python3.11/site-packages/airflow/example_dags/example_external_task_marker_dag.py
[2025-10-25T16:09:19.811+0200] {processor.py:840} INFO - DAG(s) 'example_external_task_marker_child', 'example_external_task_marker_parent' retrieved from /Users/youssefdaaloul/venv/dbt_snowflake/airflow_venv_39/lib/python3.11/site-packages/airflow/example_dags/example_external_task_marker_dag.py
[2025-10-25T16:09:19.913+0200] {logging_mixin.py:188} INFO - [2025-10-25T16:09:19.913+0200] {dag.py:3036} INFO - Sync 2 DAGs
[2025-10-25T16:09:19.917+0200] {logging_mixin.py:188} INFO - [2025-10-25T16:09:19.916+0200] {dag.py:3823} INFO - Setting next_dagrun for example_external_task_marker_child to None, run_after=None
[2025-10-25T16:09:19.918+0200] {logging_mixin.py:188} INFO - [2025-10-25T16:09:19.918+0200] {dag.py:3823} INFO - Setting next_dagrun for example_external_task_marker_parent to None, run_after=None
[2025-10-25T16:09:19.926+0200] {processor.py:183} INFO - Processing /Users/youssefdaaloul/venv/dbt_snowflake/airflow_venv_39/lib/python3.11/site-packages/airflow/example_dags/example_external_task_marker_dag.py took 0.121 seconds
[2025-10-25T16:11:20.183+0200] {processor.py:161} INFO - Started process (PID=71354) to work on /Users/youssefdaaloul/venv/dbt_snowflake/airflow_venv_39/lib/python3.11/site-packages/airflow/example_dags/example_external_task_marker_dag.py
[2025-10-25T16:11:20.185+0200] {processor.py:830} INFO - Processing file /Users/youssefdaaloul/venv/dbt_snowflake/airflow_venv_39/lib/python3.11/site-packages/airflow/example_dags/example_external_task_marker_dag.py for tasks to queue
[2025-10-25T16:11:20.186+0200] {logging_mixin.py:188} INFO - [2025-10-25T16:11:20.185+0200] {dagbag.py:538} INFO - Filling up the DagBag from /Users/youssefdaaloul/venv/dbt_snowflake/airflow_venv_39/lib/python3.11/site-packages/airflow/example_dags/example_external_task_marker_dag.py
[2025-10-25T16:11:20.191+0200] {processor.py:840} INFO - DAG(s) 'example_external_task_marker_child', 'example_external_task_marker_parent' retrieved from /Users/youssefdaaloul/venv/dbt_snowflake/airflow_venv_39/lib/python3.11/site-packages/airflow/example_dags/example_external_task_marker_dag.py
[2025-10-25T16:11:20.261+0200] {logging_mixin.py:188} INFO - [2025-10-25T16:11:20.261+0200] {dag.py:3036} INFO - Sync 2 DAGs
[2025-10-25T16:11:20.267+0200] {logging_mixin.py:188} INFO - [2025-10-25T16:11:20.267+0200] {dag.py:3823} INFO - Setting next_dagrun for example_external_task_marker_child to None, run_after=None
[2025-10-25T16:11:20.269+0200] {logging_mixin.py:188} INFO - [2025-10-25T16:11:20.269+0200] {dag.py:3823} INFO - Setting next_dagrun for example_external_task_marker_parent to None, run_after=None
[2025-10-25T16:11:20.276+0200] {processor.py:183} INFO - Processing /Users/youssefdaaloul/venv/dbt_snowflake/airflow_venv_39/lib/python3.11/site-packages/airflow/example_dags/example_external_task_marker_dag.py took 0.094 seconds
[2025-10-25T16:13:16.995+0200] {processor.py:161} INFO - Started process (PID=71451) to work on /Users/youssefdaaloul/venv/dbt_snowflake/airflow_venv_39/lib/python3.11/site-packages/airflow/example_dags/example_external_task_marker_dag.py
[2025-10-25T16:13:16.995+0200] {processor.py:830} INFO - Processing file /Users/youssefdaaloul/venv/dbt_snowflake/airflow_venv_39/lib/python3.11/site-packages/airflow/example_dags/example_external_task_marker_dag.py for tasks to queue
[2025-10-25T16:13:16.996+0200] {logging_mixin.py:188} INFO - [2025-10-25T16:13:16.996+0200] {dagbag.py:538} INFO - Filling up the DagBag from /Users/youssefdaaloul/venv/dbt_snowflake/airflow_venv_39/lib/python3.11/site-packages/airflow/example_dags/example_external_task_marker_dag.py
[2025-10-25T16:13:17.000+0200] {processor.py:840} INFO - DAG(s) 'example_external_task_marker_parent', 'example_external_task_marker_child' retrieved from /Users/youssefdaaloul/venv/dbt_snowflake/airflow_venv_39/lib/python3.11/site-packages/airflow/example_dags/example_external_task_marker_dag.py
[2025-10-25T16:13:17.070+0200] {logging_mixin.py:188} INFO - [2025-10-25T16:13:17.070+0200] {dag.py:3036} INFO - Sync 2 DAGs
[2025-10-25T16:13:17.074+0200] {logging_mixin.py:188} INFO - [2025-10-25T16:13:17.074+0200] {dag.py:3823} INFO - Setting next_dagrun for example_external_task_marker_child to None, run_after=None
[2025-10-25T16:13:17.076+0200] {logging_mixin.py:188} INFO - [2025-10-25T16:13:17.076+0200] {dag.py:3823} INFO - Setting next_dagrun for example_external_task_marker_parent to None, run_after=None
[2025-10-25T16:13:17.083+0200] {processor.py:183} INFO - Processing /Users/youssefdaaloul/venv/dbt_snowflake/airflow_venv_39/lib/python3.11/site-packages/airflow/example_dags/example_external_task_marker_dag.py took 0.089 seconds
[2025-10-25T16:15:22.002+0200] {processor.py:161} INFO - Started process (PID=71563) to work on /Users/youssefdaaloul/venv/dbt_snowflake/airflow_venv_39/lib/python3.11/site-packages/airflow/example_dags/example_external_task_marker_dag.py
[2025-10-25T16:15:22.002+0200] {processor.py:830} INFO - Processing file /Users/youssefdaaloul/venv/dbt_snowflake/airflow_venv_39/lib/python3.11/site-packages/airflow/example_dags/example_external_task_marker_dag.py for tasks to queue
[2025-10-25T16:15:22.003+0200] {logging_mixin.py:188} INFO - [2025-10-25T16:15:22.003+0200] {dagbag.py:538} INFO - Filling up the DagBag from /Users/youssefdaaloul/venv/dbt_snowflake/airflow_venv_39/lib/python3.11/site-packages/airflow/example_dags/example_external_task_marker_dag.py
[2025-10-25T16:15:22.008+0200] {processor.py:840} INFO - DAG(s) 'example_external_task_marker_child', 'example_external_task_marker_parent' retrieved from /Users/youssefdaaloul/venv/dbt_snowflake/airflow_venv_39/lib/python3.11/site-packages/airflow/example_dags/example_external_task_marker_dag.py
[2025-10-25T16:15:22.076+0200] {logging_mixin.py:188} INFO - [2025-10-25T16:15:22.076+0200] {dag.py:3036} INFO - Sync 2 DAGs
[2025-10-25T16:15:22.080+0200] {logging_mixin.py:188} INFO - [2025-10-25T16:15:22.080+0200] {dag.py:3823} INFO - Setting next_dagrun for example_external_task_marker_child to None, run_after=None
[2025-10-25T16:15:22.082+0200] {logging_mixin.py:188} INFO - [2025-10-25T16:15:22.081+0200] {dag.py:3823} INFO - Setting next_dagrun for example_external_task_marker_parent to None, run_after=None
[2025-10-25T16:15:22.089+0200] {processor.py:183} INFO - Processing /Users/youssefdaaloul/venv/dbt_snowflake/airflow_venv_39/lib/python3.11/site-packages/airflow/example_dags/example_external_task_marker_dag.py took 0.087 seconds
[2025-10-25T16:17:20.573+0200] {processor.py:161} INFO - Started process (PID=71661) to work on /Users/youssefdaaloul/venv/dbt_snowflake/airflow_venv_39/lib/python3.11/site-packages/airflow/example_dags/example_external_task_marker_dag.py
[2025-10-25T16:17:20.574+0200] {processor.py:830} INFO - Processing file /Users/youssefdaaloul/venv/dbt_snowflake/airflow_venv_39/lib/python3.11/site-packages/airflow/example_dags/example_external_task_marker_dag.py for tasks to queue
[2025-10-25T16:17:20.574+0200] {logging_mixin.py:188} INFO - [2025-10-25T16:17:20.574+0200] {dagbag.py:538} INFO - Filling up the DagBag from /Users/youssefdaaloul/venv/dbt_snowflake/airflow_venv_39/lib/python3.11/site-packages/airflow/example_dags/example_external_task_marker_dag.py
[2025-10-25T16:17:20.579+0200] {processor.py:840} INFO - DAG(s) 'example_external_task_marker_parent', 'example_external_task_marker_child' retrieved from /Users/youssefdaaloul/venv/dbt_snowflake/airflow_venv_39/lib/python3.11/site-packages/airflow/example_dags/example_external_task_marker_dag.py
[2025-10-25T16:17:20.642+0200] {logging_mixin.py:188} INFO - [2025-10-25T16:17:20.642+0200] {dag.py:3036} INFO - Sync 2 DAGs
[2025-10-25T16:17:20.645+0200] {logging_mixin.py:188} INFO - [2025-10-25T16:17:20.645+0200] {dag.py:3823} INFO - Setting next_dagrun for example_external_task_marker_child to None, run_after=None
[2025-10-25T16:17:20.646+0200] {logging_mixin.py:188} INFO - [2025-10-25T16:17:20.646+0200] {dag.py:3823} INFO - Setting next_dagrun for example_external_task_marker_parent to None, run_after=None
[2025-10-25T16:17:20.652+0200] {processor.py:183} INFO - Processing /Users/youssefdaaloul/venv/dbt_snowflake/airflow_venv_39/lib/python3.11/site-packages/airflow/example_dags/example_external_task_marker_dag.py took 0.080 seconds
[2025-10-25T16:19:24.034+0200] {processor.py:161} INFO - Started process (PID=71786) to work on /Users/youssefdaaloul/venv/dbt_snowflake/airflow_venv_39/lib/python3.11/site-packages/airflow/example_dags/example_external_task_marker_dag.py
[2025-10-25T16:19:24.034+0200] {processor.py:830} INFO - Processing file /Users/youssefdaaloul/venv/dbt_snowflake/airflow_venv_39/lib/python3.11/site-packages/airflow/example_dags/example_external_task_marker_dag.py for tasks to queue
[2025-10-25T16:19:24.035+0200] {logging_mixin.py:188} INFO - [2025-10-25T16:19:24.035+0200] {dagbag.py:538} INFO - Filling up the DagBag from /Users/youssefdaaloul/venv/dbt_snowflake/airflow_venv_39/lib/python3.11/site-packages/airflow/example_dags/example_external_task_marker_dag.py
[2025-10-25T16:19:24.044+0200] {processor.py:840} INFO - DAG(s) 'example_external_task_marker_child', 'example_external_task_marker_parent' retrieved from /Users/youssefdaaloul/venv/dbt_snowflake/airflow_venv_39/lib/python3.11/site-packages/airflow/example_dags/example_external_task_marker_dag.py
[2025-10-25T16:19:24.152+0200] {logging_mixin.py:188} INFO - [2025-10-25T16:19:24.152+0200] {dag.py:3036} INFO - Sync 2 DAGs
[2025-10-25T16:19:24.158+0200] {logging_mixin.py:188} INFO - [2025-10-25T16:19:24.158+0200] {dag.py:3823} INFO - Setting next_dagrun for example_external_task_marker_child to None, run_after=None
[2025-10-25T16:19:24.160+0200] {logging_mixin.py:188} INFO - [2025-10-25T16:19:24.160+0200] {dag.py:3823} INFO - Setting next_dagrun for example_external_task_marker_parent to None, run_after=None
[2025-10-25T16:19:24.167+0200] {processor.py:183} INFO - Processing /Users/youssefdaaloul/venv/dbt_snowflake/airflow_venv_39/lib/python3.11/site-packages/airflow/example_dags/example_external_task_marker_dag.py took 0.134 seconds
[2025-10-25T16:21:24.887+0200] {processor.py:161} INFO - Started process (PID=71892) to work on /Users/youssefdaaloul/venv/dbt_snowflake/airflow_venv_39/lib/python3.11/site-packages/airflow/example_dags/example_external_task_marker_dag.py
[2025-10-25T16:21:24.887+0200] {processor.py:830} INFO - Processing file /Users/youssefdaaloul/venv/dbt_snowflake/airflow_venv_39/lib/python3.11/site-packages/airflow/example_dags/example_external_task_marker_dag.py for tasks to queue
[2025-10-25T16:21:24.888+0200] {logging_mixin.py:188} INFO - [2025-10-25T16:21:24.888+0200] {dagbag.py:538} INFO - Filling up the DagBag from /Users/youssefdaaloul/venv/dbt_snowflake/airflow_venv_39/lib/python3.11/site-packages/airflow/example_dags/example_external_task_marker_dag.py
[2025-10-25T16:21:24.893+0200] {processor.py:840} INFO - DAG(s) 'example_external_task_marker_child', 'example_external_task_marker_parent' retrieved from /Users/youssefdaaloul/venv/dbt_snowflake/airflow_venv_39/lib/python3.11/site-packages/airflow/example_dags/example_external_task_marker_dag.py
[2025-10-25T16:21:24.956+0200] {logging_mixin.py:188} INFO - [2025-10-25T16:21:24.955+0200] {dag.py:3036} INFO - Sync 2 DAGs
[2025-10-25T16:21:24.959+0200] {logging_mixin.py:188} INFO - [2025-10-25T16:21:24.959+0200] {dag.py:3823} INFO - Setting next_dagrun for example_external_task_marker_child to None, run_after=None
[2025-10-25T16:21:24.960+0200] {logging_mixin.py:188} INFO - [2025-10-25T16:21:24.960+0200] {dag.py:3823} INFO - Setting next_dagrun for example_external_task_marker_parent to None, run_after=None
[2025-10-25T16:21:24.966+0200] {processor.py:183} INFO - Processing /Users/youssefdaaloul/venv/dbt_snowflake/airflow_venv_39/lib/python3.11/site-packages/airflow/example_dags/example_external_task_marker_dag.py took 0.079 seconds
[2025-10-25T16:23:10.880+0200] {processor.py:161} INFO - Started process (PID=71991) to work on /Users/youssefdaaloul/venv/dbt_snowflake/airflow_venv_39/lib/python3.11/site-packages/airflow/example_dags/example_external_task_marker_dag.py
[2025-10-25T16:23:10.881+0200] {processor.py:830} INFO - Processing file /Users/youssefdaaloul/venv/dbt_snowflake/airflow_venv_39/lib/python3.11/site-packages/airflow/example_dags/example_external_task_marker_dag.py for tasks to queue
[2025-10-25T16:23:10.881+0200] {logging_mixin.py:188} INFO - [2025-10-25T16:23:10.881+0200] {dagbag.py:538} INFO - Filling up the DagBag from /Users/youssefdaaloul/venv/dbt_snowflake/airflow_venv_39/lib/python3.11/site-packages/airflow/example_dags/example_external_task_marker_dag.py
[2025-10-25T16:23:10.886+0200] {processor.py:840} INFO - DAG(s) 'example_external_task_marker_child', 'example_external_task_marker_parent' retrieved from /Users/youssefdaaloul/venv/dbt_snowflake/airflow_venv_39/lib/python3.11/site-packages/airflow/example_dags/example_external_task_marker_dag.py
[2025-10-25T16:23:10.944+0200] {logging_mixin.py:188} INFO - [2025-10-25T16:23:10.944+0200] {dag.py:3036} INFO - Sync 2 DAGs
[2025-10-25T16:23:10.947+0200] {logging_mixin.py:188} INFO - [2025-10-25T16:23:10.947+0200] {dag.py:3823} INFO - Setting next_dagrun for example_external_task_marker_child to None, run_after=None
[2025-10-25T16:23:10.949+0200] {logging_mixin.py:188} INFO - [2025-10-25T16:23:10.948+0200] {dag.py:3823} INFO - Setting next_dagrun for example_external_task_marker_parent to None, run_after=None
[2025-10-25T16:23:10.955+0200] {processor.py:183} INFO - Processing /Users/youssefdaaloul/venv/dbt_snowflake/airflow_venv_39/lib/python3.11/site-packages/airflow/example_dags/example_external_task_marker_dag.py took 0.076 seconds
[2025-10-25T16:25:01.354+0200] {processor.py:161} INFO - Started process (PID=72092) to work on /Users/youssefdaaloul/venv/dbt_snowflake/airflow_venv_39/lib/python3.11/site-packages/airflow/example_dags/example_external_task_marker_dag.py
[2025-10-25T16:25:01.355+0200] {processor.py:830} INFO - Processing file /Users/youssefdaaloul/venv/dbt_snowflake/airflow_venv_39/lib/python3.11/site-packages/airflow/example_dags/example_external_task_marker_dag.py for tasks to queue
[2025-10-25T16:25:01.355+0200] {logging_mixin.py:188} INFO - [2025-10-25T16:25:01.355+0200] {dagbag.py:538} INFO - Filling up the DagBag from /Users/youssefdaaloul/venv/dbt_snowflake/airflow_venv_39/lib/python3.11/site-packages/airflow/example_dags/example_external_task_marker_dag.py
[2025-10-25T16:25:01.360+0200] {processor.py:840} INFO - DAG(s) 'example_external_task_marker_parent', 'example_external_task_marker_child' retrieved from /Users/youssefdaaloul/venv/dbt_snowflake/airflow_venv_39/lib/python3.11/site-packages/airflow/example_dags/example_external_task_marker_dag.py
[2025-10-25T16:25:01.419+0200] {logging_mixin.py:188} INFO - [2025-10-25T16:25:01.419+0200] {dag.py:3036} INFO - Sync 2 DAGs
[2025-10-25T16:25:01.422+0200] {logging_mixin.py:188} INFO - [2025-10-25T16:25:01.422+0200] {dag.py:3823} INFO - Setting next_dagrun for example_external_task_marker_child to None, run_after=None
[2025-10-25T16:25:01.423+0200] {logging_mixin.py:188} INFO - [2025-10-25T16:25:01.423+0200] {dag.py:3823} INFO - Setting next_dagrun for example_external_task_marker_parent to None, run_after=None
[2025-10-25T16:25:01.430+0200] {processor.py:183} INFO - Processing /Users/youssefdaaloul/venv/dbt_snowflake/airflow_venv_39/lib/python3.11/site-packages/airflow/example_dags/example_external_task_marker_dag.py took 0.076 seconds
[2025-10-25T16:26:46.838+0200] {processor.py:161} INFO - Started process (PID=72206) to work on /Users/youssefdaaloul/venv/dbt_snowflake/airflow_venv_39/lib/python3.11/site-packages/airflow/example_dags/example_external_task_marker_dag.py
[2025-10-25T16:26:46.839+0200] {processor.py:830} INFO - Processing file /Users/youssefdaaloul/venv/dbt_snowflake/airflow_venv_39/lib/python3.11/site-packages/airflow/example_dags/example_external_task_marker_dag.py for tasks to queue
[2025-10-25T16:26:46.840+0200] {logging_mixin.py:188} INFO - [2025-10-25T16:26:46.839+0200] {dagbag.py:538} INFO - Filling up the DagBag from /Users/youssefdaaloul/venv/dbt_snowflake/airflow_venv_39/lib/python3.11/site-packages/airflow/example_dags/example_external_task_marker_dag.py
[2025-10-25T16:26:46.844+0200] {processor.py:840} INFO - DAG(s) 'example_external_task_marker_parent', 'example_external_task_marker_child' retrieved from /Users/youssefdaaloul/venv/dbt_snowflake/airflow_venv_39/lib/python3.11/site-packages/airflow/example_dags/example_external_task_marker_dag.py
[2025-10-25T16:26:46.903+0200] {logging_mixin.py:188} INFO - [2025-10-25T16:26:46.903+0200] {dag.py:3036} INFO - Sync 2 DAGs
[2025-10-25T16:26:46.906+0200] {logging_mixin.py:188} INFO - [2025-10-25T16:26:46.906+0200] {dag.py:3823} INFO - Setting next_dagrun for example_external_task_marker_child to None, run_after=None
[2025-10-25T16:26:46.907+0200] {logging_mixin.py:188} INFO - [2025-10-25T16:26:46.907+0200] {dag.py:3823} INFO - Setting next_dagrun for example_external_task_marker_parent to None, run_after=None
[2025-10-25T16:26:46.914+0200] {processor.py:183} INFO - Processing /Users/youssefdaaloul/venv/dbt_snowflake/airflow_venv_39/lib/python3.11/site-packages/airflow/example_dags/example_external_task_marker_dag.py took 0.076 seconds
[2025-10-25T16:28:44.200+0200] {processor.py:161} INFO - Started process (PID=72326) to work on /Users/youssefdaaloul/venv/dbt_snowflake/airflow_venv_39/lib/python3.11/site-packages/airflow/example_dags/example_external_task_marker_dag.py
[2025-10-25T16:28:44.203+0200] {processor.py:830} INFO - Processing file /Users/youssefdaaloul/venv/dbt_snowflake/airflow_venv_39/lib/python3.11/site-packages/airflow/example_dags/example_external_task_marker_dag.py for tasks to queue
[2025-10-25T16:28:44.203+0200] {logging_mixin.py:188} INFO - [2025-10-25T16:28:44.203+0200] {dagbag.py:538} INFO - Filling up the DagBag from /Users/youssefdaaloul/venv/dbt_snowflake/airflow_venv_39/lib/python3.11/site-packages/airflow/example_dags/example_external_task_marker_dag.py
[2025-10-25T16:28:44.209+0200] {processor.py:840} INFO - DAG(s) 'example_external_task_marker_parent', 'example_external_task_marker_child' retrieved from /Users/youssefdaaloul/venv/dbt_snowflake/airflow_venv_39/lib/python3.11/site-packages/airflow/example_dags/example_external_task_marker_dag.py
[2025-10-25T16:28:44.271+0200] {logging_mixin.py:188} INFO - [2025-10-25T16:28:44.270+0200] {dag.py:3036} INFO - Sync 2 DAGs
[2025-10-25T16:28:44.274+0200] {logging_mixin.py:188} INFO - [2025-10-25T16:28:44.274+0200] {dag.py:3823} INFO - Setting next_dagrun for example_external_task_marker_child to None, run_after=None
[2025-10-25T16:28:44.275+0200] {logging_mixin.py:188} INFO - [2025-10-25T16:28:44.275+0200] {dag.py:3823} INFO - Setting next_dagrun for example_external_task_marker_parent to None, run_after=None
[2025-10-25T16:28:44.281+0200] {processor.py:183} INFO - Processing /Users/youssefdaaloul/venv/dbt_snowflake/airflow_venv_39/lib/python3.11/site-packages/airflow/example_dags/example_external_task_marker_dag.py took 0.082 seconds
[2025-10-25T16:30:42.922+0200] {processor.py:161} INFO - Started process (PID=72443) to work on /Users/youssefdaaloul/venv/dbt_snowflake/airflow_venv_39/lib/python3.11/site-packages/airflow/example_dags/example_external_task_marker_dag.py
[2025-10-25T16:30:42.922+0200] {processor.py:830} INFO - Processing file /Users/youssefdaaloul/venv/dbt_snowflake/airflow_venv_39/lib/python3.11/site-packages/airflow/example_dags/example_external_task_marker_dag.py for tasks to queue
[2025-10-25T16:30:42.923+0200] {logging_mixin.py:188} INFO - [2025-10-25T16:30:42.923+0200] {dagbag.py:538} INFO - Filling up the DagBag from /Users/youssefdaaloul/venv/dbt_snowflake/airflow_venv_39/lib/python3.11/site-packages/airflow/example_dags/example_external_task_marker_dag.py
[2025-10-25T16:30:42.927+0200] {processor.py:840} INFO - DAG(s) 'example_external_task_marker_child', 'example_external_task_marker_parent' retrieved from /Users/youssefdaaloul/venv/dbt_snowflake/airflow_venv_39/lib/python3.11/site-packages/airflow/example_dags/example_external_task_marker_dag.py
[2025-10-25T16:30:42.995+0200] {logging_mixin.py:188} INFO - [2025-10-25T16:30:42.995+0200] {dag.py:3036} INFO - Sync 2 DAGs
[2025-10-25T16:30:42.999+0200] {logging_mixin.py:188} INFO - [2025-10-25T16:30:42.999+0200] {dag.py:3823} INFO - Setting next_dagrun for example_external_task_marker_child to None, run_after=None
[2025-10-25T16:30:43.001+0200] {logging_mixin.py:188} INFO - [2025-10-25T16:30:43.001+0200] {dag.py:3823} INFO - Setting next_dagrun for example_external_task_marker_parent to None, run_after=None
[2025-10-25T16:30:43.009+0200] {processor.py:183} INFO - Processing /Users/youssefdaaloul/venv/dbt_snowflake/airflow_venv_39/lib/python3.11/site-packages/airflow/example_dags/example_external_task_marker_dag.py took 0.087 seconds
[2025-10-25T16:32:34.352+0200] {processor.py:161} INFO - Started process (PID=72609) to work on /Users/youssefdaaloul/venv/dbt_snowflake/airflow_venv_39/lib/python3.11/site-packages/airflow/example_dags/example_external_task_marker_dag.py
[2025-10-25T16:32:34.353+0200] {processor.py:830} INFO - Processing file /Users/youssefdaaloul/venv/dbt_snowflake/airflow_venv_39/lib/python3.11/site-packages/airflow/example_dags/example_external_task_marker_dag.py for tasks to queue
[2025-10-25T16:32:34.353+0200] {logging_mixin.py:188} INFO - [2025-10-25T16:32:34.353+0200] {dagbag.py:538} INFO - Filling up the DagBag from /Users/youssefdaaloul/venv/dbt_snowflake/airflow_venv_39/lib/python3.11/site-packages/airflow/example_dags/example_external_task_marker_dag.py
[2025-10-25T16:32:34.358+0200] {processor.py:840} INFO - DAG(s) 'example_external_task_marker_child', 'example_external_task_marker_parent' retrieved from /Users/youssefdaaloul/venv/dbt_snowflake/airflow_venv_39/lib/python3.11/site-packages/airflow/example_dags/example_external_task_marker_dag.py
[2025-10-25T16:32:34.422+0200] {logging_mixin.py:188} INFO - [2025-10-25T16:32:34.422+0200] {dag.py:3036} INFO - Sync 2 DAGs
[2025-10-25T16:32:34.425+0200] {logging_mixin.py:188} INFO - [2025-10-25T16:32:34.425+0200] {dag.py:3823} INFO - Setting next_dagrun for example_external_task_marker_child to None, run_after=None
[2025-10-25T16:32:34.426+0200] {logging_mixin.py:188} INFO - [2025-10-25T16:32:34.426+0200] {dag.py:3823} INFO - Setting next_dagrun for example_external_task_marker_parent to None, run_after=None
[2025-10-25T16:32:34.432+0200] {processor.py:183} INFO - Processing /Users/youssefdaaloul/venv/dbt_snowflake/airflow_venv_39/lib/python3.11/site-packages/airflow/example_dags/example_external_task_marker_dag.py took 0.080 seconds
[2025-10-25T16:34:33.961+0200] {processor.py:161} INFO - Started process (PID=72754) to work on /Users/youssefdaaloul/venv/dbt_snowflake/airflow_venv_39/lib/python3.11/site-packages/airflow/example_dags/example_external_task_marker_dag.py
[2025-10-25T16:34:33.962+0200] {processor.py:830} INFO - Processing file /Users/youssefdaaloul/venv/dbt_snowflake/airflow_venv_39/lib/python3.11/site-packages/airflow/example_dags/example_external_task_marker_dag.py for tasks to queue
[2025-10-25T16:34:33.962+0200] {logging_mixin.py:188} INFO - [2025-10-25T16:34:33.962+0200] {dagbag.py:538} INFO - Filling up the DagBag from /Users/youssefdaaloul/venv/dbt_snowflake/airflow_venv_39/lib/python3.11/site-packages/airflow/example_dags/example_external_task_marker_dag.py
[2025-10-25T16:34:33.968+0200] {processor.py:840} INFO - DAG(s) 'example_external_task_marker_child', 'example_external_task_marker_parent' retrieved from /Users/youssefdaaloul/venv/dbt_snowflake/airflow_venv_39/lib/python3.11/site-packages/airflow/example_dags/example_external_task_marker_dag.py
[2025-10-25T16:34:34.038+0200] {logging_mixin.py:188} INFO - [2025-10-25T16:34:34.038+0200] {dag.py:3036} INFO - Sync 2 DAGs
[2025-10-25T16:34:34.042+0200] {logging_mixin.py:188} INFO - [2025-10-25T16:34:34.042+0200] {dag.py:3823} INFO - Setting next_dagrun for example_external_task_marker_child to None, run_after=None
[2025-10-25T16:34:34.044+0200] {logging_mixin.py:188} INFO - [2025-10-25T16:34:34.044+0200] {dag.py:3823} INFO - Setting next_dagrun for example_external_task_marker_parent to None, run_after=None
[2025-10-25T16:34:34.051+0200] {processor.py:183} INFO - Processing /Users/youssefdaaloul/venv/dbt_snowflake/airflow_venv_39/lib/python3.11/site-packages/airflow/example_dags/example_external_task_marker_dag.py took 0.090 seconds
[2025-10-25T16:36:31.695+0200] {processor.py:161} INFO - Started process (PID=72918) to work on /Users/youssefdaaloul/venv/dbt_snowflake/airflow_venv_39/lib/python3.11/site-packages/airflow/example_dags/example_external_task_marker_dag.py
[2025-10-25T16:36:31.697+0200] {processor.py:830} INFO - Processing file /Users/youssefdaaloul/venv/dbt_snowflake/airflow_venv_39/lib/python3.11/site-packages/airflow/example_dags/example_external_task_marker_dag.py for tasks to queue
[2025-10-25T16:36:31.697+0200] {logging_mixin.py:188} INFO - [2025-10-25T16:36:31.697+0200] {dagbag.py:538} INFO - Filling up the DagBag from /Users/youssefdaaloul/venv/dbt_snowflake/airflow_venv_39/lib/python3.11/site-packages/airflow/example_dags/example_external_task_marker_dag.py
[2025-10-25T16:36:31.701+0200] {processor.py:840} INFO - DAG(s) 'example_external_task_marker_parent', 'example_external_task_marker_child' retrieved from /Users/youssefdaaloul/venv/dbt_snowflake/airflow_venv_39/lib/python3.11/site-packages/airflow/example_dags/example_external_task_marker_dag.py
[2025-10-25T16:36:31.762+0200] {logging_mixin.py:188} INFO - [2025-10-25T16:36:31.762+0200] {dag.py:3036} INFO - Sync 2 DAGs
[2025-10-25T16:36:31.766+0200] {logging_mixin.py:188} INFO - [2025-10-25T16:36:31.766+0200] {dag.py:3823} INFO - Setting next_dagrun for example_external_task_marker_child to None, run_after=None
[2025-10-25T16:36:31.767+0200] {logging_mixin.py:188} INFO - [2025-10-25T16:36:31.767+0200] {dag.py:3823} INFO - Setting next_dagrun for example_external_task_marker_parent to None, run_after=None
[2025-10-25T16:36:31.773+0200] {processor.py:183} INFO - Processing /Users/youssefdaaloul/venv/dbt_snowflake/airflow_venv_39/lib/python3.11/site-packages/airflow/example_dags/example_external_task_marker_dag.py took 0.079 seconds
[2025-10-25T16:44:13.273+0200] {processor.py:161} INFO - Started process (PID=73875) to work on /Users/youssefdaaloul/venv/dbt_snowflake/airflow_venv_39/lib/python3.11/site-packages/airflow/example_dags/example_external_task_marker_dag.py
[2025-10-25T16:44:13.273+0200] {processor.py:830} INFO - Processing file /Users/youssefdaaloul/venv/dbt_snowflake/airflow_venv_39/lib/python3.11/site-packages/airflow/example_dags/example_external_task_marker_dag.py for tasks to queue
[2025-10-25T16:44:13.274+0200] {logging_mixin.py:188} INFO - [2025-10-25T16:44:13.274+0200] {dagbag.py:538} INFO - Filling up the DagBag from /Users/youssefdaaloul/venv/dbt_snowflake/airflow_venv_39/lib/python3.11/site-packages/airflow/example_dags/example_external_task_marker_dag.py
[2025-10-25T16:44:13.279+0200] {processor.py:840} INFO - DAG(s) 'example_external_task_marker_parent', 'example_external_task_marker_child' retrieved from /Users/youssefdaaloul/venv/dbt_snowflake/airflow_venv_39/lib/python3.11/site-packages/airflow/example_dags/example_external_task_marker_dag.py
[2025-10-25T16:44:13.374+0200] {logging_mixin.py:188} INFO - [2025-10-25T16:44:13.374+0200] {dag.py:3036} INFO - Sync 2 DAGs
[2025-10-25T16:44:13.377+0200] {logging_mixin.py:188} INFO - [2025-10-25T16:44:13.377+0200] {dag.py:3823} INFO - Setting next_dagrun for example_external_task_marker_child to None, run_after=None
[2025-10-25T16:44:13.378+0200] {logging_mixin.py:188} INFO - [2025-10-25T16:44:13.378+0200] {dag.py:3823} INFO - Setting next_dagrun for example_external_task_marker_parent to None, run_after=None
[2025-10-25T16:44:13.385+0200] {processor.py:183} INFO - Processing /Users/youssefdaaloul/venv/dbt_snowflake/airflow_venv_39/lib/python3.11/site-packages/airflow/example_dags/example_external_task_marker_dag.py took 0.112 seconds
[2025-10-25T16:46:08.808+0200] {processor.py:161} INFO - Started process (PID=74014) to work on /Users/youssefdaaloul/venv/dbt_snowflake/airflow_venv_39/lib/python3.11/site-packages/airflow/example_dags/example_external_task_marker_dag.py
[2025-10-25T16:46:08.809+0200] {processor.py:830} INFO - Processing file /Users/youssefdaaloul/venv/dbt_snowflake/airflow_venv_39/lib/python3.11/site-packages/airflow/example_dags/example_external_task_marker_dag.py for tasks to queue
[2025-10-25T16:46:08.809+0200] {logging_mixin.py:188} INFO - [2025-10-25T16:46:08.809+0200] {dagbag.py:538} INFO - Filling up the DagBag from /Users/youssefdaaloul/venv/dbt_snowflake/airflow_venv_39/lib/python3.11/site-packages/airflow/example_dags/example_external_task_marker_dag.py
[2025-10-25T16:46:08.814+0200] {processor.py:840} INFO - DAG(s) 'example_external_task_marker_child', 'example_external_task_marker_parent' retrieved from /Users/youssefdaaloul/venv/dbt_snowflake/airflow_venv_39/lib/python3.11/site-packages/airflow/example_dags/example_external_task_marker_dag.py
[2025-10-25T16:46:08.877+0200] {logging_mixin.py:188} INFO - [2025-10-25T16:46:08.876+0200] {dag.py:3036} INFO - Sync 2 DAGs
[2025-10-25T16:46:08.880+0200] {logging_mixin.py:188} INFO - [2025-10-25T16:46:08.880+0200] {dag.py:3823} INFO - Setting next_dagrun for example_external_task_marker_child to None, run_after=None
[2025-10-25T16:46:08.881+0200] {logging_mixin.py:188} INFO - [2025-10-25T16:46:08.881+0200] {dag.py:3823} INFO - Setting next_dagrun for example_external_task_marker_parent to None, run_after=None
[2025-10-25T16:46:08.889+0200] {processor.py:183} INFO - Processing /Users/youssefdaaloul/venv/dbt_snowflake/airflow_venv_39/lib/python3.11/site-packages/airflow/example_dags/example_external_task_marker_dag.py took 0.081 seconds
[2025-10-25T16:48:05.499+0200] {processor.py:161} INFO - Started process (PID=74114) to work on /Users/youssefdaaloul/venv/dbt_snowflake/airflow_venv_39/lib/python3.11/site-packages/airflow/example_dags/example_external_task_marker_dag.py
[2025-10-25T16:48:05.500+0200] {processor.py:830} INFO - Processing file /Users/youssefdaaloul/venv/dbt_snowflake/airflow_venv_39/lib/python3.11/site-packages/airflow/example_dags/example_external_task_marker_dag.py for tasks to queue
[2025-10-25T16:48:05.500+0200] {logging_mixin.py:188} INFO - [2025-10-25T16:48:05.500+0200] {dagbag.py:538} INFO - Filling up the DagBag from /Users/youssefdaaloul/venv/dbt_snowflake/airflow_venv_39/lib/python3.11/site-packages/airflow/example_dags/example_external_task_marker_dag.py
[2025-10-25T16:48:05.505+0200] {processor.py:840} INFO - DAG(s) 'example_external_task_marker_child', 'example_external_task_marker_parent' retrieved from /Users/youssefdaaloul/venv/dbt_snowflake/airflow_venv_39/lib/python3.11/site-packages/airflow/example_dags/example_external_task_marker_dag.py
[2025-10-25T16:48:05.570+0200] {logging_mixin.py:188} INFO - [2025-10-25T16:48:05.570+0200] {dag.py:3036} INFO - Sync 2 DAGs
[2025-10-25T16:48:05.574+0200] {logging_mixin.py:188} INFO - [2025-10-25T16:48:05.574+0200] {dag.py:3823} INFO - Setting next_dagrun for example_external_task_marker_child to None, run_after=None
[2025-10-25T16:48:05.575+0200] {logging_mixin.py:188} INFO - [2025-10-25T16:48:05.575+0200] {dag.py:3823} INFO - Setting next_dagrun for example_external_task_marker_parent to None, run_after=None
[2025-10-25T16:48:05.581+0200] {processor.py:183} INFO - Processing /Users/youssefdaaloul/venv/dbt_snowflake/airflow_venv_39/lib/python3.11/site-packages/airflow/example_dags/example_external_task_marker_dag.py took 0.083 seconds
[2025-10-25T16:49:56.433+0200] {processor.py:161} INFO - Started process (PID=74223) to work on /Users/youssefdaaloul/venv/dbt_snowflake/airflow_venv_39/lib/python3.11/site-packages/airflow/example_dags/example_external_task_marker_dag.py
[2025-10-25T16:49:56.434+0200] {processor.py:830} INFO - Processing file /Users/youssefdaaloul/venv/dbt_snowflake/airflow_venv_39/lib/python3.11/site-packages/airflow/example_dags/example_external_task_marker_dag.py for tasks to queue
[2025-10-25T16:49:56.434+0200] {logging_mixin.py:188} INFO - [2025-10-25T16:49:56.434+0200] {dagbag.py:538} INFO - Filling up the DagBag from /Users/youssefdaaloul/venv/dbt_snowflake/airflow_venv_39/lib/python3.11/site-packages/airflow/example_dags/example_external_task_marker_dag.py
[2025-10-25T16:49:56.439+0200] {processor.py:840} INFO - DAG(s) 'example_external_task_marker_parent', 'example_external_task_marker_child' retrieved from /Users/youssefdaaloul/venv/dbt_snowflake/airflow_venv_39/lib/python3.11/site-packages/airflow/example_dags/example_external_task_marker_dag.py
[2025-10-25T16:49:56.502+0200] {logging_mixin.py:188} INFO - [2025-10-25T16:49:56.502+0200] {dag.py:3036} INFO - Sync 2 DAGs
[2025-10-25T16:49:56.506+0200] {logging_mixin.py:188} INFO - [2025-10-25T16:49:56.506+0200] {dag.py:3823} INFO - Setting next_dagrun for example_external_task_marker_child to None, run_after=None
[2025-10-25T16:49:56.508+0200] {logging_mixin.py:188} INFO - [2025-10-25T16:49:56.507+0200] {dag.py:3823} INFO - Setting next_dagrun for example_external_task_marker_parent to None, run_after=None
[2025-10-25T16:49:56.514+0200] {processor.py:183} INFO - Processing /Users/youssefdaaloul/venv/dbt_snowflake/airflow_venv_39/lib/python3.11/site-packages/airflow/example_dags/example_external_task_marker_dag.py took 0.081 seconds
[2025-10-25T16:51:53.191+0200] {processor.py:161} INFO - Started process (PID=74365) to work on /Users/youssefdaaloul/venv/dbt_snowflake/airflow_venv_39/lib/python3.11/site-packages/airflow/example_dags/example_external_task_marker_dag.py
[2025-10-25T16:51:53.191+0200] {processor.py:830} INFO - Processing file /Users/youssefdaaloul/venv/dbt_snowflake/airflow_venv_39/lib/python3.11/site-packages/airflow/example_dags/example_external_task_marker_dag.py for tasks to queue
[2025-10-25T16:51:53.192+0200] {logging_mixin.py:188} INFO - [2025-10-25T16:51:53.192+0200] {dagbag.py:538} INFO - Filling up the DagBag from /Users/youssefdaaloul/venv/dbt_snowflake/airflow_venv_39/lib/python3.11/site-packages/airflow/example_dags/example_external_task_marker_dag.py
[2025-10-25T16:51:53.197+0200] {processor.py:840} INFO - DAG(s) 'example_external_task_marker_parent', 'example_external_task_marker_child' retrieved from /Users/youssefdaaloul/venv/dbt_snowflake/airflow_venv_39/lib/python3.11/site-packages/airflow/example_dags/example_external_task_marker_dag.py
[2025-10-25T16:51:53.260+0200] {logging_mixin.py:188} INFO - [2025-10-25T16:51:53.260+0200] {dag.py:3036} INFO - Sync 2 DAGs
[2025-10-25T16:51:53.264+0200] {logging_mixin.py:188} INFO - [2025-10-25T16:51:53.264+0200] {dag.py:3823} INFO - Setting next_dagrun for example_external_task_marker_child to None, run_after=None
[2025-10-25T16:51:53.265+0200] {logging_mixin.py:188} INFO - [2025-10-25T16:51:53.265+0200] {dag.py:3823} INFO - Setting next_dagrun for example_external_task_marker_parent to None, run_after=None
[2025-10-25T16:51:53.271+0200] {processor.py:183} INFO - Processing /Users/youssefdaaloul/venv/dbt_snowflake/airflow_venv_39/lib/python3.11/site-packages/airflow/example_dags/example_external_task_marker_dag.py took 0.081 seconds
