[2025-10-25T16:08:46.649+0200] {processor.py:161} INFO - Started process (PID=71209) to work on /Users/youssefdaaloul/venv/dbt_snowflake/airflow_venv_39/lib/python3.11/site-packages/airflow/example_dags/example_sla_dag.py
[2025-10-25T16:08:46.649+0200] {processor.py:830} INFO - Processing file /Users/youssefdaaloul/venv/dbt_snowflake/airflow_venv_39/lib/python3.11/site-packages/airflow/example_dags/example_sla_dag.py for tasks to queue
[2025-10-25T16:08:46.650+0200] {logging_mixin.py:188} INFO - [2025-10-25T16:08:46.649+0200] {dagbag.py:538} INFO - Filling up the DagBag from /Users/youssefdaaloul/venv/dbt_snowflake/airflow_venv_39/lib/python3.11/site-packages/airflow/example_dags/example_sla_dag.py
[2025-10-25T16:08:46.666+0200] {processor.py:840} INFO - DAG(s) 'example_sla_dag' retrieved from /Users/youssefdaaloul/venv/dbt_snowflake/airflow_venv_39/lib/python3.11/site-packages/airflow/example_dags/example_sla_dag.py
[2025-10-25T16:08:46.761+0200] {logging_mixin.py:188} INFO - [2025-10-25T16:08:46.760+0200] {dag.py:3036} INFO - Sync 1 DAGs
[2025-10-25T16:08:46.768+0200] {logging_mixin.py:188} INFO - [2025-10-25T16:08:46.768+0200] {dag.py:3823} INFO - Setting next_dagrun for example_sla_dag to 2025-10-25 14:06:00+00:00, run_after=2025-10-25 14:08:00+00:00
[2025-10-25T16:08:46.777+0200] {processor.py:183} INFO - Processing /Users/youssefdaaloul/venv/dbt_snowflake/airflow_venv_39/lib/python3.11/site-packages/airflow/example_dags/example_sla_dag.py took 0.128 seconds
[2025-10-25T16:10:19.520+0200] {processor.py:161} INFO - Started process (PID=71292) to work on /Users/youssefdaaloul/venv/dbt_snowflake/airflow_venv_39/lib/python3.11/site-packages/airflow/example_dags/example_sla_dag.py
[2025-10-25T16:10:19.520+0200] {processor.py:830} INFO - Processing file /Users/youssefdaaloul/venv/dbt_snowflake/airflow_venv_39/lib/python3.11/site-packages/airflow/example_dags/example_sla_dag.py for tasks to queue
[2025-10-25T16:10:19.521+0200] {logging_mixin.py:188} INFO - [2025-10-25T16:10:19.521+0200] {dagbag.py:538} INFO - Filling up the DagBag from /Users/youssefdaaloul/venv/dbt_snowflake/airflow_venv_39/lib/python3.11/site-packages/airflow/example_dags/example_sla_dag.py
[2025-10-25T16:10:19.538+0200] {processor.py:840} INFO - DAG(s) 'example_sla_dag' retrieved from /Users/youssefdaaloul/venv/dbt_snowflake/airflow_venv_39/lib/python3.11/site-packages/airflow/example_dags/example_sla_dag.py
[2025-10-25T16:10:19.599+0200] {logging_mixin.py:188} INFO - [2025-10-25T16:10:19.599+0200] {dag.py:3036} INFO - Sync 1 DAGs
[2025-10-25T16:10:19.607+0200] {logging_mixin.py:188} INFO - [2025-10-25T16:10:19.607+0200] {dag.py:3823} INFO - Setting next_dagrun for example_sla_dag to 2025-10-25 14:08:00+00:00, run_after=2025-10-25 14:10:00+00:00
[2025-10-25T16:10:19.614+0200] {processor.py:183} INFO - Processing /Users/youssefdaaloul/venv/dbt_snowflake/airflow_venv_39/lib/python3.11/site-packages/airflow/example_dags/example_sla_dag.py took 0.094 seconds
[2025-10-25T16:12:17.098+0200] {processor.py:161} INFO - Started process (PID=71402) to work on /Users/youssefdaaloul/venv/dbt_snowflake/airflow_venv_39/lib/python3.11/site-packages/airflow/example_dags/example_sla_dag.py
[2025-10-25T16:12:17.099+0200] {processor.py:830} INFO - Processing file /Users/youssefdaaloul/venv/dbt_snowflake/airflow_venv_39/lib/python3.11/site-packages/airflow/example_dags/example_sla_dag.py for tasks to queue
[2025-10-25T16:12:17.099+0200] {logging_mixin.py:188} INFO - [2025-10-25T16:12:17.099+0200] {dagbag.py:538} INFO - Filling up the DagBag from /Users/youssefdaaloul/venv/dbt_snowflake/airflow_venv_39/lib/python3.11/site-packages/airflow/example_dags/example_sla_dag.py
[2025-10-25T16:12:17.122+0200] {processor.py:840} INFO - DAG(s) 'example_sla_dag' retrieved from /Users/youssefdaaloul/venv/dbt_snowflake/airflow_venv_39/lib/python3.11/site-packages/airflow/example_dags/example_sla_dag.py
[2025-10-25T16:12:17.194+0200] {logging_mixin.py:188} INFO - [2025-10-25T16:12:17.194+0200] {dag.py:3036} INFO - Sync 1 DAGs
[2025-10-25T16:12:17.203+0200] {logging_mixin.py:188} INFO - [2025-10-25T16:12:17.202+0200] {dag.py:3823} INFO - Setting next_dagrun for example_sla_dag to 2025-10-25 14:10:00+00:00, run_after=2025-10-25 14:12:00+00:00
[2025-10-25T16:12:17.210+0200] {processor.py:183} INFO - Processing /Users/youssefdaaloul/venv/dbt_snowflake/airflow_venv_39/lib/python3.11/site-packages/airflow/example_dags/example_sla_dag.py took 0.112 seconds
[2025-10-25T16:14:14.820+0200] {processor.py:161} INFO - Started process (PID=71502) to work on /Users/youssefdaaloul/venv/dbt_snowflake/airflow_venv_39/lib/python3.11/site-packages/airflow/example_dags/example_sla_dag.py
[2025-10-25T16:14:14.821+0200] {processor.py:830} INFO - Processing file /Users/youssefdaaloul/venv/dbt_snowflake/airflow_venv_39/lib/python3.11/site-packages/airflow/example_dags/example_sla_dag.py for tasks to queue
[2025-10-25T16:14:14.821+0200] {logging_mixin.py:188} INFO - [2025-10-25T16:14:14.821+0200] {dagbag.py:538} INFO - Filling up the DagBag from /Users/youssefdaaloul/venv/dbt_snowflake/airflow_venv_39/lib/python3.11/site-packages/airflow/example_dags/example_sla_dag.py
[2025-10-25T16:14:14.837+0200] {processor.py:840} INFO - DAG(s) 'example_sla_dag' retrieved from /Users/youssefdaaloul/venv/dbt_snowflake/airflow_venv_39/lib/python3.11/site-packages/airflow/example_dags/example_sla_dag.py
[2025-10-25T16:14:14.896+0200] {logging_mixin.py:188} INFO - [2025-10-25T16:14:14.896+0200] {dag.py:3036} INFO - Sync 1 DAGs
[2025-10-25T16:14:14.904+0200] {logging_mixin.py:188} INFO - [2025-10-25T16:14:14.904+0200] {dag.py:3823} INFO - Setting next_dagrun for example_sla_dag to 2025-10-25 14:12:00+00:00, run_after=2025-10-25 14:14:00+00:00
[2025-10-25T16:14:14.911+0200] {processor.py:183} INFO - Processing /Users/youssefdaaloul/venv/dbt_snowflake/airflow_venv_39/lib/python3.11/site-packages/airflow/example_dags/example_sla_dag.py took 0.091 seconds
[2025-10-25T16:16:18.075+0200] {processor.py:161} INFO - Started process (PID=71617) to work on /Users/youssefdaaloul/venv/dbt_snowflake/airflow_venv_39/lib/python3.11/site-packages/airflow/example_dags/example_sla_dag.py
[2025-10-25T16:16:18.075+0200] {processor.py:830} INFO - Processing file /Users/youssefdaaloul/venv/dbt_snowflake/airflow_venv_39/lib/python3.11/site-packages/airflow/example_dags/example_sla_dag.py for tasks to queue
[2025-10-25T16:16:18.075+0200] {logging_mixin.py:188} INFO - [2025-10-25T16:16:18.075+0200] {dagbag.py:538} INFO - Filling up the DagBag from /Users/youssefdaaloul/venv/dbt_snowflake/airflow_venv_39/lib/python3.11/site-packages/airflow/example_dags/example_sla_dag.py
[2025-10-25T16:16:18.091+0200] {processor.py:840} INFO - DAG(s) 'example_sla_dag' retrieved from /Users/youssefdaaloul/venv/dbt_snowflake/airflow_venv_39/lib/python3.11/site-packages/airflow/example_dags/example_sla_dag.py
[2025-10-25T16:16:18.152+0200] {logging_mixin.py:188} INFO - [2025-10-25T16:16:18.152+0200] {dag.py:3036} INFO - Sync 1 DAGs
[2025-10-25T16:16:18.160+0200] {logging_mixin.py:188} INFO - [2025-10-25T16:16:18.160+0200] {dag.py:3823} INFO - Setting next_dagrun for example_sla_dag to 2025-10-25 14:14:00+00:00, run_after=2025-10-25 14:16:00+00:00
[2025-10-25T16:16:18.167+0200] {processor.py:183} INFO - Processing /Users/youssefdaaloul/venv/dbt_snowflake/airflow_venv_39/lib/python3.11/site-packages/airflow/example_dags/example_sla_dag.py took 0.093 seconds
[2025-10-25T16:18:19.345+0200] {processor.py:161} INFO - Started process (PID=71716) to work on /Users/youssefdaaloul/venv/dbt_snowflake/airflow_venv_39/lib/python3.11/site-packages/airflow/example_dags/example_sla_dag.py
[2025-10-25T16:18:19.345+0200] {processor.py:830} INFO - Processing file /Users/youssefdaaloul/venv/dbt_snowflake/airflow_venv_39/lib/python3.11/site-packages/airflow/example_dags/example_sla_dag.py for tasks to queue
[2025-10-25T16:18:19.346+0200] {logging_mixin.py:188} INFO - [2025-10-25T16:18:19.346+0200] {dagbag.py:538} INFO - Filling up the DagBag from /Users/youssefdaaloul/venv/dbt_snowflake/airflow_venv_39/lib/python3.11/site-packages/airflow/example_dags/example_sla_dag.py
[2025-10-25T16:18:19.364+0200] {processor.py:840} INFO - DAG(s) 'example_sla_dag' retrieved from /Users/youssefdaaloul/venv/dbt_snowflake/airflow_venv_39/lib/python3.11/site-packages/airflow/example_dags/example_sla_dag.py
[2025-10-25T16:18:19.428+0200] {logging_mixin.py:188} INFO - [2025-10-25T16:18:19.428+0200] {dag.py:3036} INFO - Sync 1 DAGs
[2025-10-25T16:18:19.436+0200] {logging_mixin.py:188} INFO - [2025-10-25T16:18:19.436+0200] {dag.py:3823} INFO - Setting next_dagrun for example_sla_dag to 2025-10-25 14:16:00+00:00, run_after=2025-10-25 14:18:00+00:00
[2025-10-25T16:18:19.445+0200] {processor.py:183} INFO - Processing /Users/youssefdaaloul/venv/dbt_snowflake/airflow_venv_39/lib/python3.11/site-packages/airflow/example_dags/example_sla_dag.py took 0.101 seconds
[2025-10-25T16:20:24.221+0200] {processor.py:161} INFO - Started process (PID=71835) to work on /Users/youssefdaaloul/venv/dbt_snowflake/airflow_venv_39/lib/python3.11/site-packages/airflow/example_dags/example_sla_dag.py
[2025-10-25T16:20:24.221+0200] {processor.py:830} INFO - Processing file /Users/youssefdaaloul/venv/dbt_snowflake/airflow_venv_39/lib/python3.11/site-packages/airflow/example_dags/example_sla_dag.py for tasks to queue
[2025-10-25T16:20:24.222+0200] {logging_mixin.py:188} INFO - [2025-10-25T16:20:24.222+0200] {dagbag.py:538} INFO - Filling up the DagBag from /Users/youssefdaaloul/venv/dbt_snowflake/airflow_venv_39/lib/python3.11/site-packages/airflow/example_dags/example_sla_dag.py
[2025-10-25T16:20:24.238+0200] {processor.py:840} INFO - DAG(s) 'example_sla_dag' retrieved from /Users/youssefdaaloul/venv/dbt_snowflake/airflow_venv_39/lib/python3.11/site-packages/airflow/example_dags/example_sla_dag.py
[2025-10-25T16:20:24.301+0200] {logging_mixin.py:188} INFO - [2025-10-25T16:20:24.301+0200] {dag.py:3036} INFO - Sync 1 DAGs
[2025-10-25T16:20:24.309+0200] {logging_mixin.py:188} INFO - [2025-10-25T16:20:24.309+0200] {dag.py:3823} INFO - Setting next_dagrun for example_sla_dag to 2025-10-25 14:18:00+00:00, run_after=2025-10-25 14:20:00+00:00
[2025-10-25T16:20:24.315+0200] {processor.py:183} INFO - Processing /Users/youssefdaaloul/venv/dbt_snowflake/airflow_venv_39/lib/python3.11/site-packages/airflow/example_dags/example_sla_dag.py took 0.095 seconds
[2025-10-25T16:22:13.452+0200] {processor.py:161} INFO - Started process (PID=71926) to work on /Users/youssefdaaloul/venv/dbt_snowflake/airflow_venv_39/lib/python3.11/site-packages/airflow/example_dags/example_sla_dag.py
[2025-10-25T16:22:13.452+0200] {processor.py:830} INFO - Processing file /Users/youssefdaaloul/venv/dbt_snowflake/airflow_venv_39/lib/python3.11/site-packages/airflow/example_dags/example_sla_dag.py for tasks to queue
[2025-10-25T16:22:13.453+0200] {logging_mixin.py:188} INFO - [2025-10-25T16:22:13.452+0200] {dagbag.py:538} INFO - Filling up the DagBag from /Users/youssefdaaloul/venv/dbt_snowflake/airflow_venv_39/lib/python3.11/site-packages/airflow/example_dags/example_sla_dag.py
[2025-10-25T16:22:13.468+0200] {processor.py:840} INFO - DAG(s) 'example_sla_dag' retrieved from /Users/youssefdaaloul/venv/dbt_snowflake/airflow_venv_39/lib/python3.11/site-packages/airflow/example_dags/example_sla_dag.py
[2025-10-25T16:22:13.526+0200] {logging_mixin.py:188} INFO - [2025-10-25T16:22:13.525+0200] {dag.py:3036} INFO - Sync 1 DAGs
[2025-10-25T16:22:13.533+0200] {logging_mixin.py:188} INFO - [2025-10-25T16:22:13.533+0200] {dag.py:3823} INFO - Setting next_dagrun for example_sla_dag to 2025-10-25 14:20:00+00:00, run_after=2025-10-25 14:22:00+00:00
[2025-10-25T16:22:13.540+0200] {processor.py:183} INFO - Processing /Users/youssefdaaloul/venv/dbt_snowflake/airflow_venv_39/lib/python3.11/site-packages/airflow/example_dags/example_sla_dag.py took 0.089 seconds
[2025-10-25T16:24:01.264+0200] {processor.py:161} INFO - Started process (PID=72031) to work on /Users/youssefdaaloul/venv/dbt_snowflake/airflow_venv_39/lib/python3.11/site-packages/airflow/example_dags/example_sla_dag.py
[2025-10-25T16:24:01.264+0200] {processor.py:830} INFO - Processing file /Users/youssefdaaloul/venv/dbt_snowflake/airflow_venv_39/lib/python3.11/site-packages/airflow/example_dags/example_sla_dag.py for tasks to queue
[2025-10-25T16:24:01.265+0200] {logging_mixin.py:188} INFO - [2025-10-25T16:24:01.265+0200] {dagbag.py:538} INFO - Filling up the DagBag from /Users/youssefdaaloul/venv/dbt_snowflake/airflow_venv_39/lib/python3.11/site-packages/airflow/example_dags/example_sla_dag.py
[2025-10-25T16:24:01.280+0200] {processor.py:840} INFO - DAG(s) 'example_sla_dag' retrieved from /Users/youssefdaaloul/venv/dbt_snowflake/airflow_venv_39/lib/python3.11/site-packages/airflow/example_dags/example_sla_dag.py
[2025-10-25T16:24:01.334+0200] {logging_mixin.py:188} INFO - [2025-10-25T16:24:01.334+0200] {dag.py:3036} INFO - Sync 1 DAGs
[2025-10-25T16:24:01.343+0200] {logging_mixin.py:188} INFO - [2025-10-25T16:24:01.343+0200] {dag.py:3823} INFO - Setting next_dagrun for example_sla_dag to 2025-10-25 14:22:00+00:00, run_after=2025-10-25 14:24:00+00:00
[2025-10-25T16:24:01.350+0200] {processor.py:183} INFO - Processing /Users/youssefdaaloul/venv/dbt_snowflake/airflow_venv_39/lib/python3.11/site-packages/airflow/example_dags/example_sla_dag.py took 0.087 seconds
[2025-10-25T16:25:51.622+0200] {processor.py:161} INFO - Started process (PID=72149) to work on /Users/youssefdaaloul/venv/dbt_snowflake/airflow_venv_39/lib/python3.11/site-packages/airflow/example_dags/example_sla_dag.py
[2025-10-25T16:25:51.623+0200] {processor.py:830} INFO - Processing file /Users/youssefdaaloul/venv/dbt_snowflake/airflow_venv_39/lib/python3.11/site-packages/airflow/example_dags/example_sla_dag.py for tasks to queue
[2025-10-25T16:25:51.624+0200] {logging_mixin.py:188} INFO - [2025-10-25T16:25:51.624+0200] {dagbag.py:538} INFO - Filling up the DagBag from /Users/youssefdaaloul/venv/dbt_snowflake/airflow_venv_39/lib/python3.11/site-packages/airflow/example_dags/example_sla_dag.py
[2025-10-25T16:25:51.638+0200] {processor.py:840} INFO - DAG(s) 'example_sla_dag' retrieved from /Users/youssefdaaloul/venv/dbt_snowflake/airflow_venv_39/lib/python3.11/site-packages/airflow/example_dags/example_sla_dag.py
[2025-10-25T16:25:51.693+0200] {logging_mixin.py:188} INFO - [2025-10-25T16:25:51.693+0200] {dag.py:3036} INFO - Sync 1 DAGs
[2025-10-25T16:25:51.701+0200] {logging_mixin.py:188} INFO - [2025-10-25T16:25:51.701+0200] {dag.py:3823} INFO - Setting next_dagrun for example_sla_dag to 2025-10-25 14:22:00+00:00, run_after=2025-10-25 14:24:00+00:00
[2025-10-25T16:25:51.707+0200] {processor.py:183} INFO - Processing /Users/youssefdaaloul/venv/dbt_snowflake/airflow_venv_39/lib/python3.11/site-packages/airflow/example_dags/example_sla_dag.py took 0.085 seconds
[2025-10-25T16:27:39.396+0200] {processor.py:161} INFO - Started process (PID=72258) to work on /Users/youssefdaaloul/venv/dbt_snowflake/airflow_venv_39/lib/python3.11/site-packages/airflow/example_dags/example_sla_dag.py
[2025-10-25T16:27:39.397+0200] {processor.py:830} INFO - Processing file /Users/youssefdaaloul/venv/dbt_snowflake/airflow_venv_39/lib/python3.11/site-packages/airflow/example_dags/example_sla_dag.py for tasks to queue
[2025-10-25T16:27:39.397+0200] {logging_mixin.py:188} INFO - [2025-10-25T16:27:39.397+0200] {dagbag.py:538} INFO - Filling up the DagBag from /Users/youssefdaaloul/venv/dbt_snowflake/airflow_venv_39/lib/python3.11/site-packages/airflow/example_dags/example_sla_dag.py
[2025-10-25T16:27:39.413+0200] {processor.py:840} INFO - DAG(s) 'example_sla_dag' retrieved from /Users/youssefdaaloul/venv/dbt_snowflake/airflow_venv_39/lib/python3.11/site-packages/airflow/example_dags/example_sla_dag.py
[2025-10-25T16:27:39.471+0200] {logging_mixin.py:188} INFO - [2025-10-25T16:27:39.471+0200] {dag.py:3036} INFO - Sync 1 DAGs
[2025-10-25T16:27:39.479+0200] {logging_mixin.py:188} INFO - [2025-10-25T16:27:39.479+0200] {dag.py:3823} INFO - Setting next_dagrun for example_sla_dag to 2025-10-25 14:24:00+00:00, run_after=2025-10-25 14:26:00+00:00
[2025-10-25T16:27:39.486+0200] {processor.py:183} INFO - Processing /Users/youssefdaaloul/venv/dbt_snowflake/airflow_venv_39/lib/python3.11/site-packages/airflow/example_dags/example_sla_dag.py took 0.090 seconds
[2025-10-25T16:29:36.998+0200] {processor.py:161} INFO - Started process (PID=72372) to work on /Users/youssefdaaloul/venv/dbt_snowflake/airflow_venv_39/lib/python3.11/site-packages/airflow/example_dags/example_sla_dag.py
[2025-10-25T16:29:36.998+0200] {processor.py:830} INFO - Processing file /Users/youssefdaaloul/venv/dbt_snowflake/airflow_venv_39/lib/python3.11/site-packages/airflow/example_dags/example_sla_dag.py for tasks to queue
[2025-10-25T16:29:36.998+0200] {logging_mixin.py:188} INFO - [2025-10-25T16:29:36.998+0200] {dagbag.py:538} INFO - Filling up the DagBag from /Users/youssefdaaloul/venv/dbt_snowflake/airflow_venv_39/lib/python3.11/site-packages/airflow/example_dags/example_sla_dag.py
[2025-10-25T16:29:37.015+0200] {processor.py:840} INFO - DAG(s) 'example_sla_dag' retrieved from /Users/youssefdaaloul/venv/dbt_snowflake/airflow_venv_39/lib/python3.11/site-packages/airflow/example_dags/example_sla_dag.py
[2025-10-25T16:29:37.076+0200] {logging_mixin.py:188} INFO - [2025-10-25T16:29:37.076+0200] {dag.py:3036} INFO - Sync 1 DAGs
[2025-10-25T16:29:37.085+0200] {logging_mixin.py:188} INFO - [2025-10-25T16:29:37.085+0200] {dag.py:3823} INFO - Setting next_dagrun for example_sla_dag to 2025-10-25 14:26:00+00:00, run_after=2025-10-25 14:28:00+00:00
[2025-10-25T16:29:37.093+0200] {processor.py:183} INFO - Processing /Users/youssefdaaloul/venv/dbt_snowflake/airflow_venv_39/lib/python3.11/site-packages/airflow/example_dags/example_sla_dag.py took 0.095 seconds
[2025-10-25T16:31:32.694+0200] {processor.py:161} INFO - Started process (PID=72543) to work on /Users/youssefdaaloul/venv/dbt_snowflake/airflow_venv_39/lib/python3.11/site-packages/airflow/example_dags/example_sla_dag.py
[2025-10-25T16:31:32.694+0200] {processor.py:830} INFO - Processing file /Users/youssefdaaloul/venv/dbt_snowflake/airflow_venv_39/lib/python3.11/site-packages/airflow/example_dags/example_sla_dag.py for tasks to queue
[2025-10-25T16:31:32.695+0200] {logging_mixin.py:188} INFO - [2025-10-25T16:31:32.695+0200] {dagbag.py:538} INFO - Filling up the DagBag from /Users/youssefdaaloul/venv/dbt_snowflake/airflow_venv_39/lib/python3.11/site-packages/airflow/example_dags/example_sla_dag.py
[2025-10-25T16:31:32.711+0200] {processor.py:840} INFO - DAG(s) 'example_sla_dag' retrieved from /Users/youssefdaaloul/venv/dbt_snowflake/airflow_venv_39/lib/python3.11/site-packages/airflow/example_dags/example_sla_dag.py
[2025-10-25T16:31:32.770+0200] {logging_mixin.py:188} INFO - [2025-10-25T16:31:32.770+0200] {dag.py:3036} INFO - Sync 1 DAGs
[2025-10-25T16:31:32.778+0200] {logging_mixin.py:188} INFO - [2025-10-25T16:31:32.778+0200] {dag.py:3823} INFO - Setting next_dagrun for example_sla_dag to 2025-10-25 14:28:00+00:00, run_after=2025-10-25 14:30:00+00:00
[2025-10-25T16:31:32.784+0200] {processor.py:183} INFO - Processing /Users/youssefdaaloul/venv/dbt_snowflake/airflow_venv_39/lib/python3.11/site-packages/airflow/example_dags/example_sla_dag.py took 0.091 seconds
[2025-10-25T16:33:30.007+0200] {processor.py:161} INFO - Started process (PID=72688) to work on /Users/youssefdaaloul/venv/dbt_snowflake/airflow_venv_39/lib/python3.11/site-packages/airflow/example_dags/example_sla_dag.py
[2025-10-25T16:33:30.008+0200] {processor.py:830} INFO - Processing file /Users/youssefdaaloul/venv/dbt_snowflake/airflow_venv_39/lib/python3.11/site-packages/airflow/example_dags/example_sla_dag.py for tasks to queue
[2025-10-25T16:33:30.009+0200] {logging_mixin.py:188} INFO - [2025-10-25T16:33:30.009+0200] {dagbag.py:538} INFO - Filling up the DagBag from /Users/youssefdaaloul/venv/dbt_snowflake/airflow_venv_39/lib/python3.11/site-packages/airflow/example_dags/example_sla_dag.py
[2025-10-25T16:33:30.024+0200] {processor.py:840} INFO - DAG(s) 'example_sla_dag' retrieved from /Users/youssefdaaloul/venv/dbt_snowflake/airflow_venv_39/lib/python3.11/site-packages/airflow/example_dags/example_sla_dag.py
[2025-10-25T16:33:30.084+0200] {logging_mixin.py:188} INFO - [2025-10-25T16:33:30.084+0200] {dag.py:3036} INFO - Sync 1 DAGs
[2025-10-25T16:33:30.091+0200] {logging_mixin.py:188} INFO - [2025-10-25T16:33:30.091+0200] {dag.py:3823} INFO - Setting next_dagrun for example_sla_dag to 2025-10-25 14:30:00+00:00, run_after=2025-10-25 14:32:00+00:00
[2025-10-25T16:33:30.098+0200] {processor.py:183} INFO - Processing /Users/youssefdaaloul/venv/dbt_snowflake/airflow_venv_39/lib/python3.11/site-packages/airflow/example_dags/example_sla_dag.py took 0.091 seconds
[2025-10-25T16:35:27.885+0200] {processor.py:161} INFO - Started process (PID=72837) to work on /Users/youssefdaaloul/venv/dbt_snowflake/airflow_venv_39/lib/python3.11/site-packages/airflow/example_dags/example_sla_dag.py
[2025-10-25T16:35:27.885+0200] {processor.py:830} INFO - Processing file /Users/youssefdaaloul/venv/dbt_snowflake/airflow_venv_39/lib/python3.11/site-packages/airflow/example_dags/example_sla_dag.py for tasks to queue
[2025-10-25T16:35:27.886+0200] {logging_mixin.py:188} INFO - [2025-10-25T16:35:27.886+0200] {dagbag.py:538} INFO - Filling up the DagBag from /Users/youssefdaaloul/venv/dbt_snowflake/airflow_venv_39/lib/python3.11/site-packages/airflow/example_dags/example_sla_dag.py
[2025-10-25T16:35:27.902+0200] {processor.py:840} INFO - DAG(s) 'example_sla_dag' retrieved from /Users/youssefdaaloul/venv/dbt_snowflake/airflow_venv_39/lib/python3.11/site-packages/airflow/example_dags/example_sla_dag.py
[2025-10-25T16:35:27.961+0200] {logging_mixin.py:188} INFO - [2025-10-25T16:35:27.960+0200] {dag.py:3036} INFO - Sync 1 DAGs
[2025-10-25T16:35:27.968+0200] {logging_mixin.py:188} INFO - [2025-10-25T16:35:27.968+0200] {dag.py:3823} INFO - Setting next_dagrun for example_sla_dag to 2025-10-25 14:32:00+00:00, run_after=2025-10-25 14:34:00+00:00
[2025-10-25T16:35:27.974+0200] {processor.py:183} INFO - Processing /Users/youssefdaaloul/venv/dbt_snowflake/airflow_venv_39/lib/python3.11/site-packages/airflow/example_dags/example_sla_dag.py took 0.090 seconds
[2025-10-25T16:43:08.560+0200] {processor.py:161} INFO - Started process (PID=73695) to work on /Users/youssefdaaloul/venv/dbt_snowflake/airflow_venv_39/lib/python3.11/site-packages/airflow/example_dags/example_sla_dag.py
[2025-10-25T16:43:08.561+0200] {processor.py:830} INFO - Processing file /Users/youssefdaaloul/venv/dbt_snowflake/airflow_venv_39/lib/python3.11/site-packages/airflow/example_dags/example_sla_dag.py for tasks to queue
[2025-10-25T16:43:08.561+0200] {logging_mixin.py:188} INFO - [2025-10-25T16:43:08.561+0200] {dagbag.py:538} INFO - Filling up the DagBag from /Users/youssefdaaloul/venv/dbt_snowflake/airflow_venv_39/lib/python3.11/site-packages/airflow/example_dags/example_sla_dag.py
[2025-10-25T16:43:08.578+0200] {processor.py:840} INFO - DAG(s) 'example_sla_dag' retrieved from /Users/youssefdaaloul/venv/dbt_snowflake/airflow_venv_39/lib/python3.11/site-packages/airflow/example_dags/example_sla_dag.py
[2025-10-25T16:43:08.638+0200] {logging_mixin.py:188} INFO - [2025-10-25T16:43:08.638+0200] {dag.py:3036} INFO - Sync 1 DAGs
[2025-10-25T16:43:08.646+0200] {logging_mixin.py:188} INFO - [2025-10-25T16:43:08.646+0200] {dag.py:3823} INFO - Setting next_dagrun for example_sla_dag to 2025-10-25 14:40:00+00:00, run_after=2025-10-25 14:42:00+00:00
[2025-10-25T16:43:08.653+0200] {processor.py:183} INFO - Processing /Users/youssefdaaloul/venv/dbt_snowflake/airflow_venv_39/lib/python3.11/site-packages/airflow/example_dags/example_sla_dag.py took 0.093 seconds
[2025-10-25T16:45:02.655+0200] {processor.py:161} INFO - Started process (PID=73956) to work on /Users/youssefdaaloul/venv/dbt_snowflake/airflow_venv_39/lib/python3.11/site-packages/airflow/example_dags/example_sla_dag.py
[2025-10-25T16:45:02.656+0200] {processor.py:830} INFO - Processing file /Users/youssefdaaloul/venv/dbt_snowflake/airflow_venv_39/lib/python3.11/site-packages/airflow/example_dags/example_sla_dag.py for tasks to queue
[2025-10-25T16:45:02.656+0200] {logging_mixin.py:188} INFO - [2025-10-25T16:45:02.656+0200] {dagbag.py:538} INFO - Filling up the DagBag from /Users/youssefdaaloul/venv/dbt_snowflake/airflow_venv_39/lib/python3.11/site-packages/airflow/example_dags/example_sla_dag.py
[2025-10-25T16:45:02.673+0200] {processor.py:840} INFO - DAG(s) 'example_sla_dag' retrieved from /Users/youssefdaaloul/venv/dbt_snowflake/airflow_venv_39/lib/python3.11/site-packages/airflow/example_dags/example_sla_dag.py
[2025-10-25T16:45:02.735+0200] {logging_mixin.py:188} INFO - [2025-10-25T16:45:02.735+0200] {dag.py:3036} INFO - Sync 1 DAGs
[2025-10-25T16:45:02.744+0200] {logging_mixin.py:188} INFO - [2025-10-25T16:45:02.744+0200] {dag.py:3823} INFO - Setting next_dagrun for example_sla_dag to 2025-10-25 14:42:00+00:00, run_after=2025-10-25 14:44:00+00:00
[2025-10-25T16:45:02.752+0200] {processor.py:183} INFO - Processing /Users/youssefdaaloul/venv/dbt_snowflake/airflow_venv_39/lib/python3.11/site-packages/airflow/example_dags/example_sla_dag.py took 0.097 seconds
[2025-10-25T16:47:03.139+0200] {processor.py:161} INFO - Started process (PID=74056) to work on /Users/youssefdaaloul/venv/dbt_snowflake/airflow_venv_39/lib/python3.11/site-packages/airflow/example_dags/example_sla_dag.py
[2025-10-25T16:47:03.140+0200] {processor.py:830} INFO - Processing file /Users/youssefdaaloul/venv/dbt_snowflake/airflow_venv_39/lib/python3.11/site-packages/airflow/example_dags/example_sla_dag.py for tasks to queue
[2025-10-25T16:47:03.140+0200] {logging_mixin.py:188} INFO - [2025-10-25T16:47:03.140+0200] {dagbag.py:538} INFO - Filling up the DagBag from /Users/youssefdaaloul/venv/dbt_snowflake/airflow_venv_39/lib/python3.11/site-packages/airflow/example_dags/example_sla_dag.py
[2025-10-25T16:47:03.157+0200] {processor.py:840} INFO - DAG(s) 'example_sla_dag' retrieved from /Users/youssefdaaloul/venv/dbt_snowflake/airflow_venv_39/lib/python3.11/site-packages/airflow/example_dags/example_sla_dag.py
[2025-10-25T16:47:03.215+0200] {logging_mixin.py:188} INFO - [2025-10-25T16:47:03.215+0200] {dag.py:3036} INFO - Sync 1 DAGs
[2025-10-25T16:47:03.223+0200] {logging_mixin.py:188} INFO - [2025-10-25T16:47:03.223+0200] {dag.py:3823} INFO - Setting next_dagrun for example_sla_dag to 2025-10-25 14:44:00+00:00, run_after=2025-10-25 14:46:00+00:00
[2025-10-25T16:47:03.230+0200] {processor.py:183} INFO - Processing /Users/youssefdaaloul/venv/dbt_snowflake/airflow_venv_39/lib/python3.11/site-packages/airflow/example_dags/example_sla_dag.py took 0.091 seconds
[2025-10-25T16:48:51.389+0200] {processor.py:161} INFO - Started process (PID=74164) to work on /Users/youssefdaaloul/venv/dbt_snowflake/airflow_venv_39/lib/python3.11/site-packages/airflow/example_dags/example_sla_dag.py
[2025-10-25T16:48:51.390+0200] {processor.py:830} INFO - Processing file /Users/youssefdaaloul/venv/dbt_snowflake/airflow_venv_39/lib/python3.11/site-packages/airflow/example_dags/example_sla_dag.py for tasks to queue
[2025-10-25T16:48:51.390+0200] {logging_mixin.py:188} INFO - [2025-10-25T16:48:51.390+0200] {dagbag.py:538} INFO - Filling up the DagBag from /Users/youssefdaaloul/venv/dbt_snowflake/airflow_venv_39/lib/python3.11/site-packages/airflow/example_dags/example_sla_dag.py
[2025-10-25T16:48:51.406+0200] {processor.py:840} INFO - DAG(s) 'example_sla_dag' retrieved from /Users/youssefdaaloul/venv/dbt_snowflake/airflow_venv_39/lib/python3.11/site-packages/airflow/example_dags/example_sla_dag.py
[2025-10-25T16:48:51.462+0200] {logging_mixin.py:188} INFO - [2025-10-25T16:48:51.462+0200] {dag.py:3036} INFO - Sync 1 DAGs
[2025-10-25T16:48:51.470+0200] {logging_mixin.py:188} INFO - [2025-10-25T16:48:51.470+0200] {dag.py:3823} INFO - Setting next_dagrun for example_sla_dag to 2025-10-25 14:46:00+00:00, run_after=2025-10-25 14:48:00+00:00
[2025-10-25T16:48:51.476+0200] {processor.py:183} INFO - Processing /Users/youssefdaaloul/venv/dbt_snowflake/airflow_venv_39/lib/python3.11/site-packages/airflow/example_dags/example_sla_dag.py took 0.087 seconds
[2025-10-25T16:50:49.453+0200] {processor.py:161} INFO - Started process (PID=74262) to work on /Users/youssefdaaloul/venv/dbt_snowflake/airflow_venv_39/lib/python3.11/site-packages/airflow/example_dags/example_sla_dag.py
[2025-10-25T16:50:49.453+0200] {processor.py:830} INFO - Processing file /Users/youssefdaaloul/venv/dbt_snowflake/airflow_venv_39/lib/python3.11/site-packages/airflow/example_dags/example_sla_dag.py for tasks to queue
[2025-10-25T16:50:49.454+0200] {logging_mixin.py:188} INFO - [2025-10-25T16:50:49.453+0200] {dagbag.py:538} INFO - Filling up the DagBag from /Users/youssefdaaloul/venv/dbt_snowflake/airflow_venv_39/lib/python3.11/site-packages/airflow/example_dags/example_sla_dag.py
[2025-10-25T16:50:49.470+0200] {processor.py:840} INFO - DAG(s) 'example_sla_dag' retrieved from /Users/youssefdaaloul/venv/dbt_snowflake/airflow_venv_39/lib/python3.11/site-packages/airflow/example_dags/example_sla_dag.py
[2025-10-25T16:50:49.525+0200] {logging_mixin.py:188} INFO - [2025-10-25T16:50:49.525+0200] {dag.py:3036} INFO - Sync 1 DAGs
[2025-10-25T16:50:49.532+0200] {logging_mixin.py:188} INFO - [2025-10-25T16:50:49.532+0200] {dag.py:3823} INFO - Setting next_dagrun for example_sla_dag to 2025-10-25 14:48:00+00:00, run_after=2025-10-25 14:50:00+00:00
[2025-10-25T16:50:49.539+0200] {processor.py:183} INFO - Processing /Users/youssefdaaloul/venv/dbt_snowflake/airflow_venv_39/lib/python3.11/site-packages/airflow/example_dags/example_sla_dag.py took 0.087 seconds
