[2025-10-25T16:08:31.778+0200] {processor.py:161} INFO - Started process (PID=71199) to work on /Users/youssefdaaloul/venv/dbt_snowflake/airflow_venv_39/lib/python3.11/site-packages/airflow/example_dags/example_xcomargs.py
[2025-10-25T16:08:31.779+0200] {processor.py:830} INFO - Processing file /Users/youssefdaaloul/venv/dbt_snowflake/airflow_venv_39/lib/python3.11/site-packages/airflow/example_dags/example_xcomargs.py for tasks to queue
[2025-10-25T16:08:31.779+0200] {logging_mixin.py:188} INFO - [2025-10-25T16:08:31.779+0200] {dagbag.py:538} INFO - Filling up the DagBag from /Users/youssefdaaloul/venv/dbt_snowflake/airflow_venv_39/lib/python3.11/site-packages/airflow/example_dags/example_xcomargs.py
[2025-10-25T16:08:31.796+0200] {processor.py:840} INFO - DAG(s) 'example_xcom_args', 'example_xcom_args_with_operators' retrieved from /Users/youssefdaaloul/venv/dbt_snowflake/airflow_venv_39/lib/python3.11/site-packages/airflow/example_dags/example_xcomargs.py
[2025-10-25T16:08:31.801+0200] {logging_mixin.py:188} INFO - [2025-10-25T16:08:31.801+0200] {dag.py:3036} INFO - Sync 2 DAGs
[2025-10-25T16:08:31.858+0200] {logging_mixin.py:188} INFO - [2025-10-25T16:08:31.858+0200] {dag.py:3823} INFO - Setting next_dagrun for example_xcom_args to None, run_after=None
[2025-10-25T16:08:31.860+0200] {logging_mixin.py:188} INFO - [2025-10-25T16:08:31.859+0200] {dag.py:3823} INFO - Setting next_dagrun for example_xcom_args_with_operators to None, run_after=None
[2025-10-25T16:08:31.867+0200] {processor.py:183} INFO - Processing /Users/youssefdaaloul/venv/dbt_snowflake/airflow_venv_39/lib/python3.11/site-packages/airflow/example_dags/example_xcomargs.py took 0.089 seconds
[2025-10-25T16:10:02.503+0200] {processor.py:161} INFO - Started process (PID=71270) to work on /Users/youssefdaaloul/venv/dbt_snowflake/airflow_venv_39/lib/python3.11/site-packages/airflow/example_dags/example_xcomargs.py
[2025-10-25T16:10:02.505+0200] {processor.py:830} INFO - Processing file /Users/youssefdaaloul/venv/dbt_snowflake/airflow_venv_39/lib/python3.11/site-packages/airflow/example_dags/example_xcomargs.py for tasks to queue
[2025-10-25T16:10:02.505+0200] {logging_mixin.py:188} INFO - [2025-10-25T16:10:02.505+0200] {dagbag.py:538} INFO - Filling up the DagBag from /Users/youssefdaaloul/venv/dbt_snowflake/airflow_venv_39/lib/python3.11/site-packages/airflow/example_dags/example_xcomargs.py
[2025-10-25T16:10:02.522+0200] {processor.py:840} INFO - DAG(s) 'example_xcom_args_with_operators', 'example_xcom_args' retrieved from /Users/youssefdaaloul/venv/dbt_snowflake/airflow_venv_39/lib/python3.11/site-packages/airflow/example_dags/example_xcomargs.py
[2025-10-25T16:10:02.610+0200] {logging_mixin.py:188} INFO - [2025-10-25T16:10:02.610+0200] {dag.py:3036} INFO - Sync 2 DAGs
[2025-10-25T16:10:02.613+0200] {logging_mixin.py:188} INFO - [2025-10-25T16:10:02.613+0200] {dag.py:3823} INFO - Setting next_dagrun for example_xcom_args to None, run_after=None
[2025-10-25T16:10:02.614+0200] {logging_mixin.py:188} INFO - [2025-10-25T16:10:02.614+0200] {dag.py:3823} INFO - Setting next_dagrun for example_xcom_args_with_operators to None, run_after=None
[2025-10-25T16:10:02.621+0200] {processor.py:183} INFO - Processing /Users/youssefdaaloul/venv/dbt_snowflake/airflow_venv_39/lib/python3.11/site-packages/airflow/example_dags/example_xcomargs.py took 0.118 seconds
[2025-10-25T16:11:02.424+0200] {processor.py:161} INFO - Started process (PID=71324) to work on /Users/youssefdaaloul/venv/dbt_snowflake/airflow_venv_39/lib/python3.11/site-packages/airflow/example_dags/example_xcomargs.py
[2025-10-25T16:11:02.425+0200] {processor.py:830} INFO - Processing file /Users/youssefdaaloul/venv/dbt_snowflake/airflow_venv_39/lib/python3.11/site-packages/airflow/example_dags/example_xcomargs.py for tasks to queue
[2025-10-25T16:11:02.425+0200] {logging_mixin.py:188} INFO - [2025-10-25T16:11:02.425+0200] {dagbag.py:538} INFO - Filling up the DagBag from /Users/youssefdaaloul/venv/dbt_snowflake/airflow_venv_39/lib/python3.11/site-packages/airflow/example_dags/example_xcomargs.py
[2025-10-25T16:11:02.441+0200] {processor.py:840} INFO - DAG(s) 'example_xcom_args_with_operators', 'example_xcom_args' retrieved from /Users/youssefdaaloul/venv/dbt_snowflake/airflow_venv_39/lib/python3.11/site-packages/airflow/example_dags/example_xcomargs.py
[2025-10-25T16:11:02.498+0200] {logging_mixin.py:188} INFO - [2025-10-25T16:11:02.498+0200] {dag.py:3036} INFO - Sync 2 DAGs
[2025-10-25T16:11:02.501+0200] {logging_mixin.py:188} INFO - [2025-10-25T16:11:02.501+0200] {dag.py:3823} INFO - Setting next_dagrun for example_xcom_args to None, run_after=None
[2025-10-25T16:11:02.502+0200] {logging_mixin.py:188} INFO - [2025-10-25T16:11:02.502+0200] {dag.py:3823} INFO - Setting next_dagrun for example_xcom_args_with_operators to None, run_after=None
[2025-10-25T16:11:02.508+0200] {processor.py:183} INFO - Processing /Users/youssefdaaloul/venv/dbt_snowflake/airflow_venv_39/lib/python3.11/site-packages/airflow/example_dags/example_xcomargs.py took 0.085 seconds
[2025-10-25T16:12:01.999+0200] {processor.py:161} INFO - Started process (PID=71385) to work on /Users/youssefdaaloul/venv/dbt_snowflake/airflow_venv_39/lib/python3.11/site-packages/airflow/example_dags/example_xcomargs.py
[2025-10-25T16:12:02.000+0200] {processor.py:830} INFO - Processing file /Users/youssefdaaloul/venv/dbt_snowflake/airflow_venv_39/lib/python3.11/site-packages/airflow/example_dags/example_xcomargs.py for tasks to queue
[2025-10-25T16:12:02.001+0200] {logging_mixin.py:188} INFO - [2025-10-25T16:12:02.001+0200] {dagbag.py:538} INFO - Filling up the DagBag from /Users/youssefdaaloul/venv/dbt_snowflake/airflow_venv_39/lib/python3.11/site-packages/airflow/example_dags/example_xcomargs.py
[2025-10-25T16:12:02.016+0200] {processor.py:840} INFO - DAG(s) 'example_xcom_args', 'example_xcom_args_with_operators' retrieved from /Users/youssefdaaloul/venv/dbt_snowflake/airflow_venv_39/lib/python3.11/site-packages/airflow/example_dags/example_xcomargs.py
[2025-10-25T16:12:02.076+0200] {logging_mixin.py:188} INFO - [2025-10-25T16:12:02.076+0200] {dag.py:3036} INFO - Sync 2 DAGs
[2025-10-25T16:12:02.080+0200] {logging_mixin.py:188} INFO - [2025-10-25T16:12:02.080+0200] {dag.py:3823} INFO - Setting next_dagrun for example_xcom_args to None, run_after=None
[2025-10-25T16:12:02.081+0200] {logging_mixin.py:188} INFO - [2025-10-25T16:12:02.081+0200] {dag.py:3823} INFO - Setting next_dagrun for example_xcom_args_with_operators to None, run_after=None
[2025-10-25T16:12:02.087+0200] {processor.py:183} INFO - Processing /Users/youssefdaaloul/venv/dbt_snowflake/airflow_venv_39/lib/python3.11/site-packages/airflow/example_dags/example_xcomargs.py took 0.088 seconds
[2025-10-25T16:12:58.983+0200] {processor.py:161} INFO - Started process (PID=71436) to work on /Users/youssefdaaloul/venv/dbt_snowflake/airflow_venv_39/lib/python3.11/site-packages/airflow/example_dags/example_xcomargs.py
[2025-10-25T16:12:58.983+0200] {processor.py:830} INFO - Processing file /Users/youssefdaaloul/venv/dbt_snowflake/airflow_venv_39/lib/python3.11/site-packages/airflow/example_dags/example_xcomargs.py for tasks to queue
[2025-10-25T16:12:58.983+0200] {logging_mixin.py:188} INFO - [2025-10-25T16:12:58.983+0200] {dagbag.py:538} INFO - Filling up the DagBag from /Users/youssefdaaloul/venv/dbt_snowflake/airflow_venv_39/lib/python3.11/site-packages/airflow/example_dags/example_xcomargs.py
[2025-10-25T16:12:58.999+0200] {processor.py:840} INFO - DAG(s) 'example_xcom_args', 'example_xcom_args_with_operators' retrieved from /Users/youssefdaaloul/venv/dbt_snowflake/airflow_venv_39/lib/python3.11/site-packages/airflow/example_dags/example_xcomargs.py
[2025-10-25T16:12:59.059+0200] {logging_mixin.py:188} INFO - [2025-10-25T16:12:59.059+0200] {dag.py:3036} INFO - Sync 2 DAGs
[2025-10-25T16:12:59.064+0200] {logging_mixin.py:188} INFO - [2025-10-25T16:12:59.064+0200] {dag.py:3823} INFO - Setting next_dagrun for example_xcom_args to None, run_after=None
[2025-10-25T16:12:59.065+0200] {logging_mixin.py:188} INFO - [2025-10-25T16:12:59.065+0200] {dag.py:3823} INFO - Setting next_dagrun for example_xcom_args_with_operators to None, run_after=None
[2025-10-25T16:12:59.072+0200] {processor.py:183} INFO - Processing /Users/youssefdaaloul/venv/dbt_snowflake/airflow_venv_39/lib/python3.11/site-packages/airflow/example_dags/example_xcomargs.py took 0.089 seconds
[2025-10-25T16:13:59.858+0200] {processor.py:161} INFO - Started process (PID=71486) to work on /Users/youssefdaaloul/venv/dbt_snowflake/airflow_venv_39/lib/python3.11/site-packages/airflow/example_dags/example_xcomargs.py
[2025-10-25T16:13:59.859+0200] {processor.py:830} INFO - Processing file /Users/youssefdaaloul/venv/dbt_snowflake/airflow_venv_39/lib/python3.11/site-packages/airflow/example_dags/example_xcomargs.py for tasks to queue
[2025-10-25T16:13:59.860+0200] {logging_mixin.py:188} INFO - [2025-10-25T16:13:59.860+0200] {dagbag.py:538} INFO - Filling up the DagBag from /Users/youssefdaaloul/venv/dbt_snowflake/airflow_venv_39/lib/python3.11/site-packages/airflow/example_dags/example_xcomargs.py
[2025-10-25T16:13:59.885+0200] {processor.py:840} INFO - DAG(s) 'example_xcom_args', 'example_xcom_args_with_operators' retrieved from /Users/youssefdaaloul/venv/dbt_snowflake/airflow_venv_39/lib/python3.11/site-packages/airflow/example_dags/example_xcomargs.py
[2025-10-25T16:13:59.967+0200] {logging_mixin.py:188} INFO - [2025-10-25T16:13:59.967+0200] {dag.py:3036} INFO - Sync 2 DAGs
[2025-10-25T16:13:59.973+0200] {logging_mixin.py:188} INFO - [2025-10-25T16:13:59.973+0200] {dag.py:3823} INFO - Setting next_dagrun for example_xcom_args to None, run_after=None
[2025-10-25T16:13:59.975+0200] {logging_mixin.py:188} INFO - [2025-10-25T16:13:59.974+0200] {dag.py:3823} INFO - Setting next_dagrun for example_xcom_args_with_operators to None, run_after=None
[2025-10-25T16:13:59.984+0200] {processor.py:183} INFO - Processing /Users/youssefdaaloul/venv/dbt_snowflake/airflow_venv_39/lib/python3.11/site-packages/airflow/example_dags/example_xcomargs.py took 0.126 seconds
[2025-10-25T16:15:02.189+0200] {processor.py:161} INFO - Started process (PID=71545) to work on /Users/youssefdaaloul/venv/dbt_snowflake/airflow_venv_39/lib/python3.11/site-packages/airflow/example_dags/example_xcomargs.py
[2025-10-25T16:15:02.190+0200] {processor.py:830} INFO - Processing file /Users/youssefdaaloul/venv/dbt_snowflake/airflow_venv_39/lib/python3.11/site-packages/airflow/example_dags/example_xcomargs.py for tasks to queue
[2025-10-25T16:15:02.190+0200] {logging_mixin.py:188} INFO - [2025-10-25T16:15:02.190+0200] {dagbag.py:538} INFO - Filling up the DagBag from /Users/youssefdaaloul/venv/dbt_snowflake/airflow_venv_39/lib/python3.11/site-packages/airflow/example_dags/example_xcomargs.py
[2025-10-25T16:15:02.205+0200] {processor.py:840} INFO - DAG(s) 'example_xcom_args', 'example_xcom_args_with_operators' retrieved from /Users/youssefdaaloul/venv/dbt_snowflake/airflow_venv_39/lib/python3.11/site-packages/airflow/example_dags/example_xcomargs.py
[2025-10-25T16:15:02.262+0200] {logging_mixin.py:188} INFO - [2025-10-25T16:15:02.262+0200] {dag.py:3036} INFO - Sync 2 DAGs
[2025-10-25T16:15:02.266+0200] {logging_mixin.py:188} INFO - [2025-10-25T16:15:02.266+0200] {dag.py:3823} INFO - Setting next_dagrun for example_xcom_args to None, run_after=None
[2025-10-25T16:15:02.267+0200] {logging_mixin.py:188} INFO - [2025-10-25T16:15:02.267+0200] {dag.py:3823} INFO - Setting next_dagrun for example_xcom_args_with_operators to None, run_after=None
[2025-10-25T16:15:02.274+0200] {processor.py:183} INFO - Processing /Users/youssefdaaloul/venv/dbt_snowflake/airflow_venv_39/lib/python3.11/site-packages/airflow/example_dags/example_xcomargs.py took 0.086 seconds
[2025-10-25T16:16:03.508+0200] {processor.py:161} INFO - Started process (PID=71605) to work on /Users/youssefdaaloul/venv/dbt_snowflake/airflow_venv_39/lib/python3.11/site-packages/airflow/example_dags/example_xcomargs.py
[2025-10-25T16:16:03.509+0200] {processor.py:830} INFO - Processing file /Users/youssefdaaloul/venv/dbt_snowflake/airflow_venv_39/lib/python3.11/site-packages/airflow/example_dags/example_xcomargs.py for tasks to queue
[2025-10-25T16:16:03.509+0200] {logging_mixin.py:188} INFO - [2025-10-25T16:16:03.509+0200] {dagbag.py:538} INFO - Filling up the DagBag from /Users/youssefdaaloul/venv/dbt_snowflake/airflow_venv_39/lib/python3.11/site-packages/airflow/example_dags/example_xcomargs.py
[2025-10-25T16:16:03.526+0200] {processor.py:840} INFO - DAG(s) 'example_xcom_args', 'example_xcom_args_with_operators' retrieved from /Users/youssefdaaloul/venv/dbt_snowflake/airflow_venv_39/lib/python3.11/site-packages/airflow/example_dags/example_xcomargs.py
[2025-10-25T16:16:03.587+0200] {logging_mixin.py:188} INFO - [2025-10-25T16:16:03.586+0200] {dag.py:3036} INFO - Sync 2 DAGs
[2025-10-25T16:16:03.591+0200] {logging_mixin.py:188} INFO - [2025-10-25T16:16:03.591+0200] {dag.py:3823} INFO - Setting next_dagrun for example_xcom_args to None, run_after=None
[2025-10-25T16:16:03.592+0200] {logging_mixin.py:188} INFO - [2025-10-25T16:16:03.592+0200] {dag.py:3823} INFO - Setting next_dagrun for example_xcom_args_with_operators to None, run_after=None
[2025-10-25T16:16:03.599+0200] {processor.py:183} INFO - Processing /Users/youssefdaaloul/venv/dbt_snowflake/airflow_venv_39/lib/python3.11/site-packages/airflow/example_dags/example_xcomargs.py took 0.091 seconds
[2025-10-25T16:17:03.570+0200] {processor.py:161} INFO - Started process (PID=71647) to work on /Users/youssefdaaloul/venv/dbt_snowflake/airflow_venv_39/lib/python3.11/site-packages/airflow/example_dags/example_xcomargs.py
[2025-10-25T16:17:03.571+0200] {processor.py:830} INFO - Processing file /Users/youssefdaaloul/venv/dbt_snowflake/airflow_venv_39/lib/python3.11/site-packages/airflow/example_dags/example_xcomargs.py for tasks to queue
[2025-10-25T16:17:03.571+0200] {logging_mixin.py:188} INFO - [2025-10-25T16:17:03.571+0200] {dagbag.py:538} INFO - Filling up the DagBag from /Users/youssefdaaloul/venv/dbt_snowflake/airflow_venv_39/lib/python3.11/site-packages/airflow/example_dags/example_xcomargs.py
[2025-10-25T16:17:03.587+0200] {processor.py:840} INFO - DAG(s) 'example_xcom_args_with_operators', 'example_xcom_args' retrieved from /Users/youssefdaaloul/venv/dbt_snowflake/airflow_venv_39/lib/python3.11/site-packages/airflow/example_dags/example_xcomargs.py
[2025-10-25T16:17:03.647+0200] {logging_mixin.py:188} INFO - [2025-10-25T16:17:03.647+0200] {dag.py:3036} INFO - Sync 2 DAGs
[2025-10-25T16:17:03.650+0200] {logging_mixin.py:188} INFO - [2025-10-25T16:17:03.650+0200] {dag.py:3823} INFO - Setting next_dagrun for example_xcom_args to None, run_after=None
[2025-10-25T16:17:03.651+0200] {logging_mixin.py:188} INFO - [2025-10-25T16:17:03.651+0200] {dag.py:3823} INFO - Setting next_dagrun for example_xcom_args_with_operators to None, run_after=None
[2025-10-25T16:17:03.657+0200] {processor.py:183} INFO - Processing /Users/youssefdaaloul/venv/dbt_snowflake/airflow_venv_39/lib/python3.11/site-packages/airflow/example_dags/example_xcomargs.py took 0.088 seconds
[2025-10-25T16:18:02.785+0200] {processor.py:161} INFO - Started process (PID=71699) to work on /Users/youssefdaaloul/venv/dbt_snowflake/airflow_venv_39/lib/python3.11/site-packages/airflow/example_dags/example_xcomargs.py
[2025-10-25T16:18:02.788+0200] {processor.py:830} INFO - Processing file /Users/youssefdaaloul/venv/dbt_snowflake/airflow_venv_39/lib/python3.11/site-packages/airflow/example_dags/example_xcomargs.py for tasks to queue
[2025-10-25T16:18:02.789+0200] {logging_mixin.py:188} INFO - [2025-10-25T16:18:02.789+0200] {dagbag.py:538} INFO - Filling up the DagBag from /Users/youssefdaaloul/venv/dbt_snowflake/airflow_venv_39/lib/python3.11/site-packages/airflow/example_dags/example_xcomargs.py
[2025-10-25T16:18:02.807+0200] {processor.py:840} INFO - DAG(s) 'example_xcom_args_with_operators', 'example_xcom_args' retrieved from /Users/youssefdaaloul/venv/dbt_snowflake/airflow_venv_39/lib/python3.11/site-packages/airflow/example_dags/example_xcomargs.py
[2025-10-25T16:18:02.873+0200] {logging_mixin.py:188} INFO - [2025-10-25T16:18:02.872+0200] {dag.py:3036} INFO - Sync 2 DAGs
[2025-10-25T16:18:02.877+0200] {logging_mixin.py:188} INFO - [2025-10-25T16:18:02.877+0200] {dag.py:3823} INFO - Setting next_dagrun for example_xcom_args to None, run_after=None
[2025-10-25T16:18:02.879+0200] {logging_mixin.py:188} INFO - [2025-10-25T16:18:02.879+0200] {dag.py:3823} INFO - Setting next_dagrun for example_xcom_args_with_operators to None, run_after=None
[2025-10-25T16:18:02.886+0200] {processor.py:183} INFO - Processing /Users/youssefdaaloul/venv/dbt_snowflake/airflow_venv_39/lib/python3.11/site-packages/airflow/example_dags/example_xcomargs.py took 0.102 seconds
[2025-10-25T16:19:02.470+0200] {processor.py:161} INFO - Started process (PID=71755) to work on /Users/youssefdaaloul/venv/dbt_snowflake/airflow_venv_39/lib/python3.11/site-packages/airflow/example_dags/example_xcomargs.py
[2025-10-25T16:19:02.471+0200] {processor.py:830} INFO - Processing file /Users/youssefdaaloul/venv/dbt_snowflake/airflow_venv_39/lib/python3.11/site-packages/airflow/example_dags/example_xcomargs.py for tasks to queue
[2025-10-25T16:19:02.471+0200] {logging_mixin.py:188} INFO - [2025-10-25T16:19:02.471+0200] {dagbag.py:538} INFO - Filling up the DagBag from /Users/youssefdaaloul/venv/dbt_snowflake/airflow_venv_39/lib/python3.11/site-packages/airflow/example_dags/example_xcomargs.py
[2025-10-25T16:19:02.488+0200] {processor.py:840} INFO - DAG(s) 'example_xcom_args', 'example_xcom_args_with_operators' retrieved from /Users/youssefdaaloul/venv/dbt_snowflake/airflow_venv_39/lib/python3.11/site-packages/airflow/example_dags/example_xcomargs.py
[2025-10-25T16:19:02.557+0200] {logging_mixin.py:188} INFO - [2025-10-25T16:19:02.557+0200] {dag.py:3036} INFO - Sync 2 DAGs
[2025-10-25T16:19:02.561+0200] {logging_mixin.py:188} INFO - [2025-10-25T16:19:02.561+0200] {dag.py:3823} INFO - Setting next_dagrun for example_xcom_args to None, run_after=None
[2025-10-25T16:19:02.563+0200] {logging_mixin.py:188} INFO - [2025-10-25T16:19:02.562+0200] {dag.py:3823} INFO - Setting next_dagrun for example_xcom_args_with_operators to None, run_after=None
[2025-10-25T16:19:02.572+0200] {processor.py:183} INFO - Processing /Users/youssefdaaloul/venv/dbt_snowflake/airflow_venv_39/lib/python3.11/site-packages/airflow/example_dags/example_xcomargs.py took 0.103 seconds
[2025-10-25T16:20:09.452+0200] {processor.py:161} INFO - Started process (PID=71814) to work on /Users/youssefdaaloul/venv/dbt_snowflake/airflow_venv_39/lib/python3.11/site-packages/airflow/example_dags/example_xcomargs.py
[2025-10-25T16:20:09.452+0200] {processor.py:830} INFO - Processing file /Users/youssefdaaloul/venv/dbt_snowflake/airflow_venv_39/lib/python3.11/site-packages/airflow/example_dags/example_xcomargs.py for tasks to queue
[2025-10-25T16:20:09.452+0200] {logging_mixin.py:188} INFO - [2025-10-25T16:20:09.452+0200] {dagbag.py:538} INFO - Filling up the DagBag from /Users/youssefdaaloul/venv/dbt_snowflake/airflow_venv_39/lib/python3.11/site-packages/airflow/example_dags/example_xcomargs.py
[2025-10-25T16:20:09.468+0200] {processor.py:840} INFO - DAG(s) 'example_xcom_args_with_operators', 'example_xcom_args' retrieved from /Users/youssefdaaloul/venv/dbt_snowflake/airflow_venv_39/lib/python3.11/site-packages/airflow/example_dags/example_xcomargs.py
[2025-10-25T16:20:09.525+0200] {logging_mixin.py:188} INFO - [2025-10-25T16:20:09.525+0200] {dag.py:3036} INFO - Sync 2 DAGs
[2025-10-25T16:20:09.529+0200] {logging_mixin.py:188} INFO - [2025-10-25T16:20:09.529+0200] {dag.py:3823} INFO - Setting next_dagrun for example_xcom_args to None, run_after=None
[2025-10-25T16:20:09.530+0200] {logging_mixin.py:188} INFO - [2025-10-25T16:20:09.530+0200] {dag.py:3823} INFO - Setting next_dagrun for example_xcom_args_with_operators to None, run_after=None
[2025-10-25T16:20:09.536+0200] {processor.py:183} INFO - Processing /Users/youssefdaaloul/venv/dbt_snowflake/airflow_venv_39/lib/python3.11/site-packages/airflow/example_dags/example_xcomargs.py took 0.085 seconds
[2025-10-25T16:21:08.726+0200] {processor.py:161} INFO - Started process (PID=71877) to work on /Users/youssefdaaloul/venv/dbt_snowflake/airflow_venv_39/lib/python3.11/site-packages/airflow/example_dags/example_xcomargs.py
[2025-10-25T16:21:08.728+0200] {processor.py:830} INFO - Processing file /Users/youssefdaaloul/venv/dbt_snowflake/airflow_venv_39/lib/python3.11/site-packages/airflow/example_dags/example_xcomargs.py for tasks to queue
[2025-10-25T16:21:08.728+0200] {logging_mixin.py:188} INFO - [2025-10-25T16:21:08.728+0200] {dagbag.py:538} INFO - Filling up the DagBag from /Users/youssefdaaloul/venv/dbt_snowflake/airflow_venv_39/lib/python3.11/site-packages/airflow/example_dags/example_xcomargs.py
[2025-10-25T16:21:08.744+0200] {processor.py:840} INFO - DAG(s) 'example_xcom_args_with_operators', 'example_xcom_args' retrieved from /Users/youssefdaaloul/venv/dbt_snowflake/airflow_venv_39/lib/python3.11/site-packages/airflow/example_dags/example_xcomargs.py
[2025-10-25T16:21:08.801+0200] {logging_mixin.py:188} INFO - [2025-10-25T16:21:08.801+0200] {dag.py:3036} INFO - Sync 2 DAGs
[2025-10-25T16:21:08.805+0200] {logging_mixin.py:188} INFO - [2025-10-25T16:21:08.805+0200] {dag.py:3823} INFO - Setting next_dagrun for example_xcom_args to None, run_after=None
[2025-10-25T16:21:08.806+0200] {logging_mixin.py:188} INFO - [2025-10-25T16:21:08.806+0200] {dag.py:3823} INFO - Setting next_dagrun for example_xcom_args_with_operators to None, run_after=None
[2025-10-25T16:21:08.812+0200] {processor.py:183} INFO - Processing /Users/youssefdaaloul/venv/dbt_snowflake/airflow_venv_39/lib/python3.11/site-packages/airflow/example_dags/example_xcomargs.py took 0.086 seconds
[2025-10-25T16:22:04.499+0200] {processor.py:161} INFO - Started process (PID=71920) to work on /Users/youssefdaaloul/venv/dbt_snowflake/airflow_venv_39/lib/python3.11/site-packages/airflow/example_dags/example_xcomargs.py
[2025-10-25T16:22:04.500+0200] {processor.py:830} INFO - Processing file /Users/youssefdaaloul/venv/dbt_snowflake/airflow_venv_39/lib/python3.11/site-packages/airflow/example_dags/example_xcomargs.py for tasks to queue
[2025-10-25T16:22:04.500+0200] {logging_mixin.py:188} INFO - [2025-10-25T16:22:04.500+0200] {dagbag.py:538} INFO - Filling up the DagBag from /Users/youssefdaaloul/venv/dbt_snowflake/airflow_venv_39/lib/python3.11/site-packages/airflow/example_dags/example_xcomargs.py
[2025-10-25T16:22:04.515+0200] {processor.py:840} INFO - DAG(s) 'example_xcom_args_with_operators', 'example_xcom_args' retrieved from /Users/youssefdaaloul/venv/dbt_snowflake/airflow_venv_39/lib/python3.11/site-packages/airflow/example_dags/example_xcomargs.py
[2025-10-25T16:22:04.573+0200] {logging_mixin.py:188} INFO - [2025-10-25T16:22:04.573+0200] {dag.py:3036} INFO - Sync 2 DAGs
[2025-10-25T16:22:04.577+0200] {logging_mixin.py:188} INFO - [2025-10-25T16:22:04.577+0200] {dag.py:3823} INFO - Setting next_dagrun for example_xcom_args to None, run_after=None
[2025-10-25T16:22:04.578+0200] {logging_mixin.py:188} INFO - [2025-10-25T16:22:04.578+0200] {dag.py:3823} INFO - Setting next_dagrun for example_xcom_args_with_operators to None, run_after=None
[2025-10-25T16:22:04.584+0200] {processor.py:183} INFO - Processing /Users/youssefdaaloul/venv/dbt_snowflake/airflow_venv_39/lib/python3.11/site-packages/airflow/example_dags/example_xcomargs.py took 0.085 seconds
[2025-10-25T16:22:56.093+0200] {processor.py:161} INFO - Started process (PID=71972) to work on /Users/youssefdaaloul/venv/dbt_snowflake/airflow_venv_39/lib/python3.11/site-packages/airflow/example_dags/example_xcomargs.py
[2025-10-25T16:22:56.094+0200] {processor.py:830} INFO - Processing file /Users/youssefdaaloul/venv/dbt_snowflake/airflow_venv_39/lib/python3.11/site-packages/airflow/example_dags/example_xcomargs.py for tasks to queue
[2025-10-25T16:22:56.094+0200] {logging_mixin.py:188} INFO - [2025-10-25T16:22:56.094+0200] {dagbag.py:538} INFO - Filling up the DagBag from /Users/youssefdaaloul/venv/dbt_snowflake/airflow_venv_39/lib/python3.11/site-packages/airflow/example_dags/example_xcomargs.py
[2025-10-25T16:22:56.110+0200] {processor.py:840} INFO - DAG(s) 'example_xcom_args', 'example_xcom_args_with_operators' retrieved from /Users/youssefdaaloul/venv/dbt_snowflake/airflow_venv_39/lib/python3.11/site-packages/airflow/example_dags/example_xcomargs.py
[2025-10-25T16:22:56.166+0200] {logging_mixin.py:188} INFO - [2025-10-25T16:22:56.166+0200] {dag.py:3036} INFO - Sync 2 DAGs
[2025-10-25T16:22:56.171+0200] {logging_mixin.py:188} INFO - [2025-10-25T16:22:56.171+0200] {dag.py:3823} INFO - Setting next_dagrun for example_xcom_args to None, run_after=None
[2025-10-25T16:22:56.172+0200] {logging_mixin.py:188} INFO - [2025-10-25T16:22:56.172+0200] {dag.py:3823} INFO - Setting next_dagrun for example_xcom_args_with_operators to None, run_after=None
[2025-10-25T16:22:56.177+0200] {processor.py:183} INFO - Processing /Users/youssefdaaloul/venv/dbt_snowflake/airflow_venv_39/lib/python3.11/site-packages/airflow/example_dags/example_xcomargs.py took 0.085 seconds
[2025-10-25T16:23:50.510+0200] {processor.py:161} INFO - Started process (PID=72024) to work on /Users/youssefdaaloul/venv/dbt_snowflake/airflow_venv_39/lib/python3.11/site-packages/airflow/example_dags/example_xcomargs.py
[2025-10-25T16:23:50.511+0200] {processor.py:830} INFO - Processing file /Users/youssefdaaloul/venv/dbt_snowflake/airflow_venv_39/lib/python3.11/site-packages/airflow/example_dags/example_xcomargs.py for tasks to queue
[2025-10-25T16:23:50.511+0200] {logging_mixin.py:188} INFO - [2025-10-25T16:23:50.511+0200] {dagbag.py:538} INFO - Filling up the DagBag from /Users/youssefdaaloul/venv/dbt_snowflake/airflow_venv_39/lib/python3.11/site-packages/airflow/example_dags/example_xcomargs.py
[2025-10-25T16:23:50.526+0200] {processor.py:840} INFO - DAG(s) 'example_xcom_args_with_operators', 'example_xcom_args' retrieved from /Users/youssefdaaloul/venv/dbt_snowflake/airflow_venv_39/lib/python3.11/site-packages/airflow/example_dags/example_xcomargs.py
[2025-10-25T16:23:50.586+0200] {logging_mixin.py:188} INFO - [2025-10-25T16:23:50.586+0200] {dag.py:3036} INFO - Sync 2 DAGs
[2025-10-25T16:23:50.590+0200] {logging_mixin.py:188} INFO - [2025-10-25T16:23:50.590+0200] {dag.py:3823} INFO - Setting next_dagrun for example_xcom_args to None, run_after=None
[2025-10-25T16:23:50.591+0200] {logging_mixin.py:188} INFO - [2025-10-25T16:23:50.591+0200] {dag.py:3823} INFO - Setting next_dagrun for example_xcom_args_with_operators to None, run_after=None
[2025-10-25T16:23:50.597+0200] {processor.py:183} INFO - Processing /Users/youssefdaaloul/venv/dbt_snowflake/airflow_venv_39/lib/python3.11/site-packages/airflow/example_dags/example_xcomargs.py took 0.088 seconds
[2025-10-25T16:24:46.958+0200] {processor.py:161} INFO - Started process (PID=72079) to work on /Users/youssefdaaloul/venv/dbt_snowflake/airflow_venv_39/lib/python3.11/site-packages/airflow/example_dags/example_xcomargs.py
[2025-10-25T16:24:46.960+0200] {processor.py:830} INFO - Processing file /Users/youssefdaaloul/venv/dbt_snowflake/airflow_venv_39/lib/python3.11/site-packages/airflow/example_dags/example_xcomargs.py for tasks to queue
[2025-10-25T16:24:46.960+0200] {logging_mixin.py:188} INFO - [2025-10-25T16:24:46.960+0200] {dagbag.py:538} INFO - Filling up the DagBag from /Users/youssefdaaloul/venv/dbt_snowflake/airflow_venv_39/lib/python3.11/site-packages/airflow/example_dags/example_xcomargs.py
[2025-10-25T16:24:46.976+0200] {processor.py:840} INFO - DAG(s) 'example_xcom_args', 'example_xcom_args_with_operators' retrieved from /Users/youssefdaaloul/venv/dbt_snowflake/airflow_venv_39/lib/python3.11/site-packages/airflow/example_dags/example_xcomargs.py
[2025-10-25T16:24:47.033+0200] {logging_mixin.py:188} INFO - [2025-10-25T16:24:47.032+0200] {dag.py:3036} INFO - Sync 2 DAGs
[2025-10-25T16:24:47.036+0200] {logging_mixin.py:188} INFO - [2025-10-25T16:24:47.036+0200] {dag.py:3823} INFO - Setting next_dagrun for example_xcom_args to None, run_after=None
[2025-10-25T16:24:47.037+0200] {logging_mixin.py:188} INFO - [2025-10-25T16:24:47.037+0200] {dag.py:3823} INFO - Setting next_dagrun for example_xcom_args_with_operators to None, run_after=None
[2025-10-25T16:24:47.043+0200] {processor.py:183} INFO - Processing /Users/youssefdaaloul/venv/dbt_snowflake/airflow_venv_39/lib/python3.11/site-packages/airflow/example_dags/example_xcomargs.py took 0.085 seconds
[2025-10-25T16:25:40.776+0200] {processor.py:161} INFO - Started process (PID=72138) to work on /Users/youssefdaaloul/venv/dbt_snowflake/airflow_venv_39/lib/python3.11/site-packages/airflow/example_dags/example_xcomargs.py
[2025-10-25T16:25:40.776+0200] {processor.py:830} INFO - Processing file /Users/youssefdaaloul/venv/dbt_snowflake/airflow_venv_39/lib/python3.11/site-packages/airflow/example_dags/example_xcomargs.py for tasks to queue
[2025-10-25T16:25:40.777+0200] {logging_mixin.py:188} INFO - [2025-10-25T16:25:40.776+0200] {dagbag.py:538} INFO - Filling up the DagBag from /Users/youssefdaaloul/venv/dbt_snowflake/airflow_venv_39/lib/python3.11/site-packages/airflow/example_dags/example_xcomargs.py
[2025-10-25T16:25:40.793+0200] {processor.py:840} INFO - DAG(s) 'example_xcom_args', 'example_xcom_args_with_operators' retrieved from /Users/youssefdaaloul/venv/dbt_snowflake/airflow_venv_39/lib/python3.11/site-packages/airflow/example_dags/example_xcomargs.py
[2025-10-25T16:25:40.854+0200] {logging_mixin.py:188} INFO - [2025-10-25T16:25:40.854+0200] {dag.py:3036} INFO - Sync 2 DAGs
[2025-10-25T16:25:40.858+0200] {logging_mixin.py:188} INFO - [2025-10-25T16:25:40.857+0200] {dag.py:3823} INFO - Setting next_dagrun for example_xcom_args to None, run_after=None
[2025-10-25T16:25:40.859+0200] {logging_mixin.py:188} INFO - [2025-10-25T16:25:40.859+0200] {dag.py:3823} INFO - Setting next_dagrun for example_xcom_args_with_operators to None, run_after=None
[2025-10-25T16:25:40.866+0200] {processor.py:183} INFO - Processing /Users/youssefdaaloul/venv/dbt_snowflake/airflow_venv_39/lib/python3.11/site-packages/airflow/example_dags/example_xcomargs.py took 0.091 seconds
[2025-10-25T16:26:33.668+0200] {processor.py:161} INFO - Started process (PID=72195) to work on /Users/youssefdaaloul/venv/dbt_snowflake/airflow_venv_39/lib/python3.11/site-packages/airflow/example_dags/example_xcomargs.py
[2025-10-25T16:26:33.668+0200] {processor.py:830} INFO - Processing file /Users/youssefdaaloul/venv/dbt_snowflake/airflow_venv_39/lib/python3.11/site-packages/airflow/example_dags/example_xcomargs.py for tasks to queue
[2025-10-25T16:26:33.669+0200] {logging_mixin.py:188} INFO - [2025-10-25T16:26:33.669+0200] {dagbag.py:538} INFO - Filling up the DagBag from /Users/youssefdaaloul/venv/dbt_snowflake/airflow_venv_39/lib/python3.11/site-packages/airflow/example_dags/example_xcomargs.py
[2025-10-25T16:26:33.684+0200] {processor.py:840} INFO - DAG(s) 'example_xcom_args', 'example_xcom_args_with_operators' retrieved from /Users/youssefdaaloul/venv/dbt_snowflake/airflow_venv_39/lib/python3.11/site-packages/airflow/example_dags/example_xcomargs.py
[2025-10-25T16:26:33.740+0200] {logging_mixin.py:188} INFO - [2025-10-25T16:26:33.740+0200] {dag.py:3036} INFO - Sync 2 DAGs
[2025-10-25T16:26:33.744+0200] {logging_mixin.py:188} INFO - [2025-10-25T16:26:33.744+0200] {dag.py:3823} INFO - Setting next_dagrun for example_xcom_args to None, run_after=None
[2025-10-25T16:26:33.745+0200] {logging_mixin.py:188} INFO - [2025-10-25T16:26:33.745+0200] {dag.py:3823} INFO - Setting next_dagrun for example_xcom_args_with_operators to None, run_after=None
[2025-10-25T16:26:33.751+0200] {processor.py:183} INFO - Processing /Users/youssefdaaloul/venv/dbt_snowflake/airflow_venv_39/lib/python3.11/site-packages/airflow/example_dags/example_xcomargs.py took 0.084 seconds
[2025-10-25T16:27:28.398+0200] {processor.py:161} INFO - Started process (PID=72243) to work on /Users/youssefdaaloul/venv/dbt_snowflake/airflow_venv_39/lib/python3.11/site-packages/airflow/example_dags/example_xcomargs.py
[2025-10-25T16:27:28.399+0200] {processor.py:830} INFO - Processing file /Users/youssefdaaloul/venv/dbt_snowflake/airflow_venv_39/lib/python3.11/site-packages/airflow/example_dags/example_xcomargs.py for tasks to queue
[2025-10-25T16:27:28.400+0200] {logging_mixin.py:188} INFO - [2025-10-25T16:27:28.399+0200] {dagbag.py:538} INFO - Filling up the DagBag from /Users/youssefdaaloul/venv/dbt_snowflake/airflow_venv_39/lib/python3.11/site-packages/airflow/example_dags/example_xcomargs.py
[2025-10-25T16:27:28.417+0200] {processor.py:840} INFO - DAG(s) 'example_xcom_args', 'example_xcom_args_with_operators' retrieved from /Users/youssefdaaloul/venv/dbt_snowflake/airflow_venv_39/lib/python3.11/site-packages/airflow/example_dags/example_xcomargs.py
[2025-10-25T16:27:28.482+0200] {logging_mixin.py:188} INFO - [2025-10-25T16:27:28.482+0200] {dag.py:3036} INFO - Sync 2 DAGs
[2025-10-25T16:27:28.490+0200] {logging_mixin.py:188} INFO - [2025-10-25T16:27:28.490+0200] {dag.py:3823} INFO - Setting next_dagrun for example_xcom_args to None, run_after=None
[2025-10-25T16:27:28.491+0200] {logging_mixin.py:188} INFO - [2025-10-25T16:27:28.491+0200] {dag.py:3823} INFO - Setting next_dagrun for example_xcom_args_with_operators to None, run_after=None
[2025-10-25T16:27:28.503+0200] {processor.py:183} INFO - Processing /Users/youssefdaaloul/venv/dbt_snowflake/airflow_venv_39/lib/python3.11/site-packages/airflow/example_dags/example_xcomargs.py took 0.105 seconds
[2025-10-25T16:28:27.031+0200] {processor.py:161} INFO - Started process (PID=72311) to work on /Users/youssefdaaloul/venv/dbt_snowflake/airflow_venv_39/lib/python3.11/site-packages/airflow/example_dags/example_xcomargs.py
[2025-10-25T16:28:27.031+0200] {processor.py:830} INFO - Processing file /Users/youssefdaaloul/venv/dbt_snowflake/airflow_venv_39/lib/python3.11/site-packages/airflow/example_dags/example_xcomargs.py for tasks to queue
[2025-10-25T16:28:27.032+0200] {logging_mixin.py:188} INFO - [2025-10-25T16:28:27.032+0200] {dagbag.py:538} INFO - Filling up the DagBag from /Users/youssefdaaloul/venv/dbt_snowflake/airflow_venv_39/lib/python3.11/site-packages/airflow/example_dags/example_xcomargs.py
[2025-10-25T16:28:27.048+0200] {processor.py:840} INFO - DAG(s) 'example_xcom_args_with_operators', 'example_xcom_args' retrieved from /Users/youssefdaaloul/venv/dbt_snowflake/airflow_venv_39/lib/python3.11/site-packages/airflow/example_dags/example_xcomargs.py
[2025-10-25T16:28:27.107+0200] {logging_mixin.py:188} INFO - [2025-10-25T16:28:27.107+0200] {dag.py:3036} INFO - Sync 2 DAGs
[2025-10-25T16:28:27.112+0200] {logging_mixin.py:188} INFO - [2025-10-25T16:28:27.112+0200] {dag.py:3823} INFO - Setting next_dagrun for example_xcom_args to None, run_after=None
[2025-10-25T16:28:27.113+0200] {logging_mixin.py:188} INFO - [2025-10-25T16:28:27.113+0200] {dag.py:3823} INFO - Setting next_dagrun for example_xcom_args_with_operators to None, run_after=None
[2025-10-25T16:28:27.120+0200] {processor.py:183} INFO - Processing /Users/youssefdaaloul/venv/dbt_snowflake/airflow_venv_39/lib/python3.11/site-packages/airflow/example_dags/example_xcomargs.py took 0.090 seconds
[2025-10-25T16:29:26.520+0200] {processor.py:161} INFO - Started process (PID=72363) to work on /Users/youssefdaaloul/venv/dbt_snowflake/airflow_venv_39/lib/python3.11/site-packages/airflow/example_dags/example_xcomargs.py
[2025-10-25T16:29:26.520+0200] {processor.py:830} INFO - Processing file /Users/youssefdaaloul/venv/dbt_snowflake/airflow_venv_39/lib/python3.11/site-packages/airflow/example_dags/example_xcomargs.py for tasks to queue
[2025-10-25T16:29:26.521+0200] {logging_mixin.py:188} INFO - [2025-10-25T16:29:26.521+0200] {dagbag.py:538} INFO - Filling up the DagBag from /Users/youssefdaaloul/venv/dbt_snowflake/airflow_venv_39/lib/python3.11/site-packages/airflow/example_dags/example_xcomargs.py
[2025-10-25T16:29:26.537+0200] {processor.py:840} INFO - DAG(s) 'example_xcom_args', 'example_xcom_args_with_operators' retrieved from /Users/youssefdaaloul/venv/dbt_snowflake/airflow_venv_39/lib/python3.11/site-packages/airflow/example_dags/example_xcomargs.py
[2025-10-25T16:29:26.596+0200] {logging_mixin.py:188} INFO - [2025-10-25T16:29:26.596+0200] {dag.py:3036} INFO - Sync 2 DAGs
[2025-10-25T16:29:26.600+0200] {logging_mixin.py:188} INFO - [2025-10-25T16:29:26.600+0200] {dag.py:3823} INFO - Setting next_dagrun for example_xcom_args to None, run_after=None
[2025-10-25T16:29:26.602+0200] {logging_mixin.py:188} INFO - [2025-10-25T16:29:26.602+0200] {dag.py:3823} INFO - Setting next_dagrun for example_xcom_args_with_operators to None, run_after=None
[2025-10-25T16:29:26.609+0200] {processor.py:183} INFO - Processing /Users/youssefdaaloul/venv/dbt_snowflake/airflow_venv_39/lib/python3.11/site-packages/airflow/example_dags/example_xcomargs.py took 0.090 seconds
[2025-10-25T16:30:25.033+0200] {processor.py:161} INFO - Started process (PID=72430) to work on /Users/youssefdaaloul/venv/dbt_snowflake/airflow_venv_39/lib/python3.11/site-packages/airflow/example_dags/example_xcomargs.py
[2025-10-25T16:30:25.034+0200] {processor.py:830} INFO - Processing file /Users/youssefdaaloul/venv/dbt_snowflake/airflow_venv_39/lib/python3.11/site-packages/airflow/example_dags/example_xcomargs.py for tasks to queue
[2025-10-25T16:30:25.034+0200] {logging_mixin.py:188} INFO - [2025-10-25T16:30:25.034+0200] {dagbag.py:538} INFO - Filling up the DagBag from /Users/youssefdaaloul/venv/dbt_snowflake/airflow_venv_39/lib/python3.11/site-packages/airflow/example_dags/example_xcomargs.py
[2025-10-25T16:30:25.050+0200] {processor.py:840} INFO - DAG(s) 'example_xcom_args_with_operators', 'example_xcom_args' retrieved from /Users/youssefdaaloul/venv/dbt_snowflake/airflow_venv_39/lib/python3.11/site-packages/airflow/example_dags/example_xcomargs.py
[2025-10-25T16:30:25.109+0200] {logging_mixin.py:188} INFO - [2025-10-25T16:30:25.109+0200] {dag.py:3036} INFO - Sync 2 DAGs
[2025-10-25T16:30:25.113+0200] {logging_mixin.py:188} INFO - [2025-10-25T16:30:25.112+0200] {dag.py:3823} INFO - Setting next_dagrun for example_xcom_args to None, run_after=None
[2025-10-25T16:30:25.114+0200] {logging_mixin.py:188} INFO - [2025-10-25T16:30:25.113+0200] {dag.py:3823} INFO - Setting next_dagrun for example_xcom_args_with_operators to None, run_after=None
[2025-10-25T16:30:25.122+0200] {processor.py:183} INFO - Processing /Users/youssefdaaloul/venv/dbt_snowflake/airflow_venv_39/lib/python3.11/site-packages/airflow/example_dags/example_xcomargs.py took 0.089 seconds
[2025-10-25T16:31:23.762+0200] {processor.py:161} INFO - Started process (PID=72532) to work on /Users/youssefdaaloul/venv/dbt_snowflake/airflow_venv_39/lib/python3.11/site-packages/airflow/example_dags/example_xcomargs.py
[2025-10-25T16:31:23.762+0200] {processor.py:830} INFO - Processing file /Users/youssefdaaloul/venv/dbt_snowflake/airflow_venv_39/lib/python3.11/site-packages/airflow/example_dags/example_xcomargs.py for tasks to queue
[2025-10-25T16:31:23.762+0200] {logging_mixin.py:188} INFO - [2025-10-25T16:31:23.762+0200] {dagbag.py:538} INFO - Filling up the DagBag from /Users/youssefdaaloul/venv/dbt_snowflake/airflow_venv_39/lib/python3.11/site-packages/airflow/example_dags/example_xcomargs.py
[2025-10-25T16:31:23.779+0200] {processor.py:840} INFO - DAG(s) 'example_xcom_args_with_operators', 'example_xcom_args' retrieved from /Users/youssefdaaloul/venv/dbt_snowflake/airflow_venv_39/lib/python3.11/site-packages/airflow/example_dags/example_xcomargs.py
[2025-10-25T16:31:23.841+0200] {logging_mixin.py:188} INFO - [2025-10-25T16:31:23.841+0200] {dag.py:3036} INFO - Sync 2 DAGs
[2025-10-25T16:31:23.845+0200] {logging_mixin.py:188} INFO - [2025-10-25T16:31:23.844+0200] {dag.py:3823} INFO - Setting next_dagrun for example_xcom_args to None, run_after=None
[2025-10-25T16:31:23.846+0200] {logging_mixin.py:188} INFO - [2025-10-25T16:31:23.846+0200] {dag.py:3823} INFO - Setting next_dagrun for example_xcom_args_with_operators to None, run_after=None
[2025-10-25T16:31:23.852+0200] {processor.py:183} INFO - Processing /Users/youssefdaaloul/venv/dbt_snowflake/airflow_venv_39/lib/python3.11/site-packages/airflow/example_dags/example_xcomargs.py took 0.090 seconds
[2025-10-25T16:32:19.788+0200] {processor.py:161} INFO - Started process (PID=72598) to work on /Users/youssefdaaloul/venv/dbt_snowflake/airflow_venv_39/lib/python3.11/site-packages/airflow/example_dags/example_xcomargs.py
[2025-10-25T16:32:19.789+0200] {processor.py:830} INFO - Processing file /Users/youssefdaaloul/venv/dbt_snowflake/airflow_venv_39/lib/python3.11/site-packages/airflow/example_dags/example_xcomargs.py for tasks to queue
[2025-10-25T16:32:19.789+0200] {logging_mixin.py:188} INFO - [2025-10-25T16:32:19.789+0200] {dagbag.py:538} INFO - Filling up the DagBag from /Users/youssefdaaloul/venv/dbt_snowflake/airflow_venv_39/lib/python3.11/site-packages/airflow/example_dags/example_xcomargs.py
[2025-10-25T16:32:19.806+0200] {processor.py:840} INFO - DAG(s) 'example_xcom_args', 'example_xcom_args_with_operators' retrieved from /Users/youssefdaaloul/venv/dbt_snowflake/airflow_venv_39/lib/python3.11/site-packages/airflow/example_dags/example_xcomargs.py
[2025-10-25T16:32:19.871+0200] {logging_mixin.py:188} INFO - [2025-10-25T16:32:19.871+0200] {dag.py:3036} INFO - Sync 2 DAGs
[2025-10-25T16:32:19.875+0200] {logging_mixin.py:188} INFO - [2025-10-25T16:32:19.875+0200] {dag.py:3823} INFO - Setting next_dagrun for example_xcom_args to None, run_after=None
[2025-10-25T16:32:19.876+0200] {logging_mixin.py:188} INFO - [2025-10-25T16:32:19.876+0200] {dag.py:3823} INFO - Setting next_dagrun for example_xcom_args_with_operators to None, run_after=None
[2025-10-25T16:32:19.883+0200] {processor.py:183} INFO - Processing /Users/youssefdaaloul/venv/dbt_snowflake/airflow_venv_39/lib/python3.11/site-packages/airflow/example_dags/example_xcomargs.py took 0.095 seconds
[2025-10-25T16:33:16.821+0200] {processor.py:161} INFO - Started process (PID=72651) to work on /Users/youssefdaaloul/venv/dbt_snowflake/airflow_venv_39/lib/python3.11/site-packages/airflow/example_dags/example_xcomargs.py
[2025-10-25T16:33:16.822+0200] {processor.py:830} INFO - Processing file /Users/youssefdaaloul/venv/dbt_snowflake/airflow_venv_39/lib/python3.11/site-packages/airflow/example_dags/example_xcomargs.py for tasks to queue
[2025-10-25T16:33:16.822+0200] {logging_mixin.py:188} INFO - [2025-10-25T16:33:16.822+0200] {dagbag.py:538} INFO - Filling up the DagBag from /Users/youssefdaaloul/venv/dbt_snowflake/airflow_venv_39/lib/python3.11/site-packages/airflow/example_dags/example_xcomargs.py
[2025-10-25T16:33:16.838+0200] {processor.py:840} INFO - DAG(s) 'example_xcom_args', 'example_xcom_args_with_operators' retrieved from /Users/youssefdaaloul/venv/dbt_snowflake/airflow_venv_39/lib/python3.11/site-packages/airflow/example_dags/example_xcomargs.py
[2025-10-25T16:33:16.899+0200] {logging_mixin.py:188} INFO - [2025-10-25T16:33:16.899+0200] {dag.py:3036} INFO - Sync 2 DAGs
[2025-10-25T16:33:16.903+0200] {logging_mixin.py:188} INFO - [2025-10-25T16:33:16.903+0200] {dag.py:3823} INFO - Setting next_dagrun for example_xcom_args to None, run_after=None
[2025-10-25T16:33:16.904+0200] {logging_mixin.py:188} INFO - [2025-10-25T16:33:16.904+0200] {dag.py:3823} INFO - Setting next_dagrun for example_xcom_args_with_operators to None, run_after=None
[2025-10-25T16:33:16.910+0200] {processor.py:183} INFO - Processing /Users/youssefdaaloul/venv/dbt_snowflake/airflow_venv_39/lib/python3.11/site-packages/airflow/example_dags/example_xcomargs.py took 0.090 seconds
[2025-10-25T16:34:18.206+0200] {processor.py:161} INFO - Started process (PID=72732) to work on /Users/youssefdaaloul/venv/dbt_snowflake/airflow_venv_39/lib/python3.11/site-packages/airflow/example_dags/example_xcomargs.py
[2025-10-25T16:34:18.207+0200] {processor.py:830} INFO - Processing file /Users/youssefdaaloul/venv/dbt_snowflake/airflow_venv_39/lib/python3.11/site-packages/airflow/example_dags/example_xcomargs.py for tasks to queue
[2025-10-25T16:34:18.207+0200] {logging_mixin.py:188} INFO - [2025-10-25T16:34:18.207+0200] {dagbag.py:538} INFO - Filling up the DagBag from /Users/youssefdaaloul/venv/dbt_snowflake/airflow_venv_39/lib/python3.11/site-packages/airflow/example_dags/example_xcomargs.py
[2025-10-25T16:34:18.226+0200] {processor.py:840} INFO - DAG(s) 'example_xcom_args_with_operators', 'example_xcom_args' retrieved from /Users/youssefdaaloul/venv/dbt_snowflake/airflow_venv_39/lib/python3.11/site-packages/airflow/example_dags/example_xcomargs.py
[2025-10-25T16:34:18.289+0200] {logging_mixin.py:188} INFO - [2025-10-25T16:34:18.289+0200] {dag.py:3036} INFO - Sync 2 DAGs
[2025-10-25T16:34:18.293+0200] {logging_mixin.py:188} INFO - [2025-10-25T16:34:18.293+0200] {dag.py:3823} INFO - Setting next_dagrun for example_xcom_args to None, run_after=None
[2025-10-25T16:34:18.294+0200] {logging_mixin.py:188} INFO - [2025-10-25T16:34:18.294+0200] {dag.py:3823} INFO - Setting next_dagrun for example_xcom_args_with_operators to None, run_after=None
[2025-10-25T16:34:18.301+0200] {processor.py:183} INFO - Processing /Users/youssefdaaloul/venv/dbt_snowflake/airflow_venv_39/lib/python3.11/site-packages/airflow/example_dags/example_xcomargs.py took 0.095 seconds
[2025-10-25T16:35:16.811+0200] {processor.py:161} INFO - Started process (PID=72820) to work on /Users/youssefdaaloul/venv/dbt_snowflake/airflow_venv_39/lib/python3.11/site-packages/airflow/example_dags/example_xcomargs.py
[2025-10-25T16:35:16.814+0200] {processor.py:830} INFO - Processing file /Users/youssefdaaloul/venv/dbt_snowflake/airflow_venv_39/lib/python3.11/site-packages/airflow/example_dags/example_xcomargs.py for tasks to queue
[2025-10-25T16:35:16.815+0200] {logging_mixin.py:188} INFO - [2025-10-25T16:35:16.815+0200] {dagbag.py:538} INFO - Filling up the DagBag from /Users/youssefdaaloul/venv/dbt_snowflake/airflow_venv_39/lib/python3.11/site-packages/airflow/example_dags/example_xcomargs.py
[2025-10-25T16:35:16.837+0200] {processor.py:840} INFO - DAG(s) 'example_xcom_args_with_operators', 'example_xcom_args' retrieved from /Users/youssefdaaloul/venv/dbt_snowflake/airflow_venv_39/lib/python3.11/site-packages/airflow/example_dags/example_xcomargs.py
[2025-10-25T16:35:16.904+0200] {logging_mixin.py:188} INFO - [2025-10-25T16:35:16.904+0200] {dag.py:3036} INFO - Sync 2 DAGs
[2025-10-25T16:35:16.908+0200] {logging_mixin.py:188} INFO - [2025-10-25T16:35:16.908+0200] {dag.py:3823} INFO - Setting next_dagrun for example_xcom_args to None, run_after=None
[2025-10-25T16:35:16.909+0200] {logging_mixin.py:188} INFO - [2025-10-25T16:35:16.909+0200] {dag.py:3823} INFO - Setting next_dagrun for example_xcom_args_with_operators to None, run_after=None
[2025-10-25T16:35:16.916+0200] {processor.py:183} INFO - Processing /Users/youssefdaaloul/venv/dbt_snowflake/airflow_venv_39/lib/python3.11/site-packages/airflow/example_dags/example_xcomargs.py took 0.108 seconds
[2025-10-25T16:36:15.109+0200] {processor.py:161} INFO - Started process (PID=72905) to work on /Users/youssefdaaloul/venv/dbt_snowflake/airflow_venv_39/lib/python3.11/site-packages/airflow/example_dags/example_xcomargs.py
[2025-10-25T16:36:15.109+0200] {processor.py:830} INFO - Processing file /Users/youssefdaaloul/venv/dbt_snowflake/airflow_venv_39/lib/python3.11/site-packages/airflow/example_dags/example_xcomargs.py for tasks to queue
[2025-10-25T16:36:15.110+0200] {logging_mixin.py:188} INFO - [2025-10-25T16:36:15.110+0200] {dagbag.py:538} INFO - Filling up the DagBag from /Users/youssefdaaloul/venv/dbt_snowflake/airflow_venv_39/lib/python3.11/site-packages/airflow/example_dags/example_xcomargs.py
[2025-10-25T16:36:15.125+0200] {processor.py:840} INFO - DAG(s) 'example_xcom_args_with_operators', 'example_xcom_args' retrieved from /Users/youssefdaaloul/venv/dbt_snowflake/airflow_venv_39/lib/python3.11/site-packages/airflow/example_dags/example_xcomargs.py
[2025-10-25T16:36:15.183+0200] {logging_mixin.py:188} INFO - [2025-10-25T16:36:15.183+0200] {dag.py:3036} INFO - Sync 2 DAGs
[2025-10-25T16:36:15.186+0200] {logging_mixin.py:188} INFO - [2025-10-25T16:36:15.186+0200] {dag.py:3823} INFO - Setting next_dagrun for example_xcom_args to None, run_after=None
[2025-10-25T16:36:15.187+0200] {logging_mixin.py:188} INFO - [2025-10-25T16:36:15.187+0200] {dag.py:3823} INFO - Setting next_dagrun for example_xcom_args_with_operators to None, run_after=None
[2025-10-25T16:36:15.193+0200] {processor.py:183} INFO - Processing /Users/youssefdaaloul/venv/dbt_snowflake/airflow_venv_39/lib/python3.11/site-packages/airflow/example_dags/example_xcomargs.py took 0.085 seconds
[2025-10-25T16:43:55.646+0200] {processor.py:161} INFO - Started process (PID=73849) to work on /Users/youssefdaaloul/venv/dbt_snowflake/airflow_venv_39/lib/python3.11/site-packages/airflow/example_dags/example_xcomargs.py
[2025-10-25T16:43:55.647+0200] {processor.py:830} INFO - Processing file /Users/youssefdaaloul/venv/dbt_snowflake/airflow_venv_39/lib/python3.11/site-packages/airflow/example_dags/example_xcomargs.py for tasks to queue
[2025-10-25T16:43:55.647+0200] {logging_mixin.py:188} INFO - [2025-10-25T16:43:55.647+0200] {dagbag.py:538} INFO - Filling up the DagBag from /Users/youssefdaaloul/venv/dbt_snowflake/airflow_venv_39/lib/python3.11/site-packages/airflow/example_dags/example_xcomargs.py
[2025-10-25T16:43:55.666+0200] {processor.py:840} INFO - DAG(s) 'example_xcom_args', 'example_xcom_args_with_operators' retrieved from /Users/youssefdaaloul/venv/dbt_snowflake/airflow_venv_39/lib/python3.11/site-packages/airflow/example_dags/example_xcomargs.py
[2025-10-25T16:43:55.762+0200] {logging_mixin.py:188} INFO - [2025-10-25T16:43:55.762+0200] {dag.py:3036} INFO - Sync 2 DAGs
[2025-10-25T16:43:55.766+0200] {logging_mixin.py:188} INFO - [2025-10-25T16:43:55.766+0200] {dag.py:3823} INFO - Setting next_dagrun for example_xcom_args to None, run_after=None
[2025-10-25T16:43:55.767+0200] {logging_mixin.py:188} INFO - [2025-10-25T16:43:55.767+0200] {dag.py:3823} INFO - Setting next_dagrun for example_xcom_args_with_operators to None, run_after=None
[2025-10-25T16:43:55.775+0200] {processor.py:183} INFO - Processing /Users/youssefdaaloul/venv/dbt_snowflake/airflow_venv_39/lib/python3.11/site-packages/airflow/example_dags/example_xcomargs.py took 0.129 seconds
[2025-10-25T16:44:51.507+0200] {processor.py:161} INFO - Started process (PID=73947) to work on /Users/youssefdaaloul/venv/dbt_snowflake/airflow_venv_39/lib/python3.11/site-packages/airflow/example_dags/example_xcomargs.py
[2025-10-25T16:44:51.508+0200] {processor.py:830} INFO - Processing file /Users/youssefdaaloul/venv/dbt_snowflake/airflow_venv_39/lib/python3.11/site-packages/airflow/example_dags/example_xcomargs.py for tasks to queue
[2025-10-25T16:44:51.509+0200] {logging_mixin.py:188} INFO - [2025-10-25T16:44:51.509+0200] {dagbag.py:538} INFO - Filling up the DagBag from /Users/youssefdaaloul/venv/dbt_snowflake/airflow_venv_39/lib/python3.11/site-packages/airflow/example_dags/example_xcomargs.py
[2025-10-25T16:44:51.523+0200] {processor.py:840} INFO - DAG(s) 'example_xcom_args', 'example_xcom_args_with_operators' retrieved from /Users/youssefdaaloul/venv/dbt_snowflake/airflow_venv_39/lib/python3.11/site-packages/airflow/example_dags/example_xcomargs.py
[2025-10-25T16:44:51.581+0200] {logging_mixin.py:188} INFO - [2025-10-25T16:44:51.581+0200] {dag.py:3036} INFO - Sync 2 DAGs
[2025-10-25T16:44:51.584+0200] {logging_mixin.py:188} INFO - [2025-10-25T16:44:51.584+0200] {dag.py:3823} INFO - Setting next_dagrun for example_xcom_args to None, run_after=None
[2025-10-25T16:44:51.585+0200] {logging_mixin.py:188} INFO - [2025-10-25T16:44:51.585+0200] {dag.py:3823} INFO - Setting next_dagrun for example_xcom_args_with_operators to None, run_after=None
[2025-10-25T16:44:51.592+0200] {processor.py:183} INFO - Processing /Users/youssefdaaloul/venv/dbt_snowflake/airflow_venv_39/lib/python3.11/site-packages/airflow/example_dags/example_xcomargs.py took 0.085 seconds
[2025-10-25T16:45:49.772+0200] {processor.py:161} INFO - Started process (PID=73997) to work on /Users/youssefdaaloul/venv/dbt_snowflake/airflow_venv_39/lib/python3.11/site-packages/airflow/example_dags/example_xcomargs.py
[2025-10-25T16:45:49.772+0200] {processor.py:830} INFO - Processing file /Users/youssefdaaloul/venv/dbt_snowflake/airflow_venv_39/lib/python3.11/site-packages/airflow/example_dags/example_xcomargs.py for tasks to queue
[2025-10-25T16:45:49.772+0200] {logging_mixin.py:188} INFO - [2025-10-25T16:45:49.772+0200] {dagbag.py:538} INFO - Filling up the DagBag from /Users/youssefdaaloul/venv/dbt_snowflake/airflow_venv_39/lib/python3.11/site-packages/airflow/example_dags/example_xcomargs.py
[2025-10-25T16:45:49.789+0200] {processor.py:840} INFO - DAG(s) 'example_xcom_args', 'example_xcom_args_with_operators' retrieved from /Users/youssefdaaloul/venv/dbt_snowflake/airflow_venv_39/lib/python3.11/site-packages/airflow/example_dags/example_xcomargs.py
[2025-10-25T16:45:49.851+0200] {logging_mixin.py:188} INFO - [2025-10-25T16:45:49.851+0200] {dag.py:3036} INFO - Sync 2 DAGs
[2025-10-25T16:45:49.855+0200] {logging_mixin.py:188} INFO - [2025-10-25T16:45:49.855+0200] {dag.py:3823} INFO - Setting next_dagrun for example_xcom_args to None, run_after=None
[2025-10-25T16:45:49.856+0200] {logging_mixin.py:188} INFO - [2025-10-25T16:45:49.856+0200] {dag.py:3823} INFO - Setting next_dagrun for example_xcom_args_with_operators to None, run_after=None
[2025-10-25T16:45:49.863+0200] {processor.py:183} INFO - Processing /Users/youssefdaaloul/venv/dbt_snowflake/airflow_venv_39/lib/python3.11/site-packages/airflow/example_dags/example_xcomargs.py took 0.092 seconds
[2025-10-25T16:46:50.563+0200] {processor.py:161} INFO - Started process (PID=74044) to work on /Users/youssefdaaloul/venv/dbt_snowflake/airflow_venv_39/lib/python3.11/site-packages/airflow/example_dags/example_xcomargs.py
[2025-10-25T16:46:50.564+0200] {processor.py:830} INFO - Processing file /Users/youssefdaaloul/venv/dbt_snowflake/airflow_venv_39/lib/python3.11/site-packages/airflow/example_dags/example_xcomargs.py for tasks to queue
[2025-10-25T16:46:50.565+0200] {logging_mixin.py:188} INFO - [2025-10-25T16:46:50.564+0200] {dagbag.py:538} INFO - Filling up the DagBag from /Users/youssefdaaloul/venv/dbt_snowflake/airflow_venv_39/lib/python3.11/site-packages/airflow/example_dags/example_xcomargs.py
[2025-10-25T16:46:50.580+0200] {processor.py:840} INFO - DAG(s) 'example_xcom_args_with_operators', 'example_xcom_args' retrieved from /Users/youssefdaaloul/venv/dbt_snowflake/airflow_venv_39/lib/python3.11/site-packages/airflow/example_dags/example_xcomargs.py
[2025-10-25T16:46:50.639+0200] {logging_mixin.py:188} INFO - [2025-10-25T16:46:50.639+0200] {dag.py:3036} INFO - Sync 2 DAGs
[2025-10-25T16:46:50.643+0200] {logging_mixin.py:188} INFO - [2025-10-25T16:46:50.642+0200] {dag.py:3823} INFO - Setting next_dagrun for example_xcom_args to None, run_after=None
[2025-10-25T16:46:50.644+0200] {logging_mixin.py:188} INFO - [2025-10-25T16:46:50.644+0200] {dag.py:3823} INFO - Setting next_dagrun for example_xcom_args_with_operators to None, run_after=None
[2025-10-25T16:46:50.650+0200] {processor.py:183} INFO - Processing /Users/youssefdaaloul/venv/dbt_snowflake/airflow_venv_39/lib/python3.11/site-packages/airflow/example_dags/example_xcomargs.py took 0.087 seconds
[2025-10-25T16:47:48.630+0200] {processor.py:161} INFO - Started process (PID=74091) to work on /Users/youssefdaaloul/venv/dbt_snowflake/airflow_venv_39/lib/python3.11/site-packages/airflow/example_dags/example_xcomargs.py
[2025-10-25T16:47:48.630+0200] {processor.py:830} INFO - Processing file /Users/youssefdaaloul/venv/dbt_snowflake/airflow_venv_39/lib/python3.11/site-packages/airflow/example_dags/example_xcomargs.py for tasks to queue
[2025-10-25T16:47:48.631+0200] {logging_mixin.py:188} INFO - [2025-10-25T16:47:48.631+0200] {dagbag.py:538} INFO - Filling up the DagBag from /Users/youssefdaaloul/venv/dbt_snowflake/airflow_venv_39/lib/python3.11/site-packages/airflow/example_dags/example_xcomargs.py
[2025-10-25T16:47:48.647+0200] {processor.py:840} INFO - DAG(s) 'example_xcom_args', 'example_xcom_args_with_operators' retrieved from /Users/youssefdaaloul/venv/dbt_snowflake/airflow_venv_39/lib/python3.11/site-packages/airflow/example_dags/example_xcomargs.py
[2025-10-25T16:47:48.709+0200] {logging_mixin.py:188} INFO - [2025-10-25T16:47:48.708+0200] {dag.py:3036} INFO - Sync 2 DAGs
[2025-10-25T16:47:48.714+0200] {logging_mixin.py:188} INFO - [2025-10-25T16:47:48.713+0200] {dag.py:3823} INFO - Setting next_dagrun for example_xcom_args to None, run_after=None
[2025-10-25T16:47:48.715+0200] {logging_mixin.py:188} INFO - [2025-10-25T16:47:48.715+0200] {dag.py:3823} INFO - Setting next_dagrun for example_xcom_args_with_operators to None, run_after=None
[2025-10-25T16:47:48.722+0200] {processor.py:183} INFO - Processing /Users/youssefdaaloul/venv/dbt_snowflake/airflow_venv_39/lib/python3.11/site-packages/airflow/example_dags/example_xcomargs.py took 0.092 seconds
[2025-10-25T16:48:42.131+0200] {processor.py:161} INFO - Started process (PID=74155) to work on /Users/youssefdaaloul/venv/dbt_snowflake/airflow_venv_39/lib/python3.11/site-packages/airflow/example_dags/example_xcomargs.py
[2025-10-25T16:48:42.132+0200] {processor.py:830} INFO - Processing file /Users/youssefdaaloul/venv/dbt_snowflake/airflow_venv_39/lib/python3.11/site-packages/airflow/example_dags/example_xcomargs.py for tasks to queue
[2025-10-25T16:48:42.132+0200] {logging_mixin.py:188} INFO - [2025-10-25T16:48:42.132+0200] {dagbag.py:538} INFO - Filling up the DagBag from /Users/youssefdaaloul/venv/dbt_snowflake/airflow_venv_39/lib/python3.11/site-packages/airflow/example_dags/example_xcomargs.py
[2025-10-25T16:48:42.148+0200] {processor.py:840} INFO - DAG(s) 'example_xcom_args_with_operators', 'example_xcom_args' retrieved from /Users/youssefdaaloul/venv/dbt_snowflake/airflow_venv_39/lib/python3.11/site-packages/airflow/example_dags/example_xcomargs.py
[2025-10-25T16:48:42.209+0200] {logging_mixin.py:188} INFO - [2025-10-25T16:48:42.208+0200] {dag.py:3036} INFO - Sync 2 DAGs
[2025-10-25T16:48:42.212+0200] {logging_mixin.py:188} INFO - [2025-10-25T16:48:42.212+0200] {dag.py:3823} INFO - Setting next_dagrun for example_xcom_args to None, run_after=None
[2025-10-25T16:48:42.213+0200] {logging_mixin.py:188} INFO - [2025-10-25T16:48:42.213+0200] {dag.py:3823} INFO - Setting next_dagrun for example_xcom_args_with_operators to None, run_after=None
[2025-10-25T16:48:42.219+0200] {processor.py:183} INFO - Processing /Users/youssefdaaloul/venv/dbt_snowflake/airflow_venv_39/lib/python3.11/site-packages/airflow/example_dags/example_xcomargs.py took 0.089 seconds
[2025-10-25T16:49:39.130+0200] {processor.py:161} INFO - Started process (PID=74212) to work on /Users/youssefdaaloul/venv/dbt_snowflake/airflow_venv_39/lib/python3.11/site-packages/airflow/example_dags/example_xcomargs.py
[2025-10-25T16:49:39.132+0200] {processor.py:830} INFO - Processing file /Users/youssefdaaloul/venv/dbt_snowflake/airflow_venv_39/lib/python3.11/site-packages/airflow/example_dags/example_xcomargs.py for tasks to queue
[2025-10-25T16:49:39.132+0200] {logging_mixin.py:188} INFO - [2025-10-25T16:49:39.132+0200] {dagbag.py:538} INFO - Filling up the DagBag from /Users/youssefdaaloul/venv/dbt_snowflake/airflow_venv_39/lib/python3.11/site-packages/airflow/example_dags/example_xcomargs.py
[2025-10-25T16:49:39.148+0200] {processor.py:840} INFO - DAG(s) 'example_xcom_args_with_operators', 'example_xcom_args' retrieved from /Users/youssefdaaloul/venv/dbt_snowflake/airflow_venv_39/lib/python3.11/site-packages/airflow/example_dags/example_xcomargs.py
[2025-10-25T16:49:39.211+0200] {logging_mixin.py:188} INFO - [2025-10-25T16:49:39.211+0200] {dag.py:3036} INFO - Sync 2 DAGs
[2025-10-25T16:49:39.215+0200] {logging_mixin.py:188} INFO - [2025-10-25T16:49:39.215+0200] {dag.py:3823} INFO - Setting next_dagrun for example_xcom_args to None, run_after=None
[2025-10-25T16:49:39.216+0200] {logging_mixin.py:188} INFO - [2025-10-25T16:49:39.216+0200] {dag.py:3823} INFO - Setting next_dagrun for example_xcom_args_with_operators to None, run_after=None
[2025-10-25T16:49:39.223+0200] {processor.py:183} INFO - Processing /Users/youssefdaaloul/venv/dbt_snowflake/airflow_venv_39/lib/python3.11/site-packages/airflow/example_dags/example_xcomargs.py took 0.092 seconds
[2025-10-25T16:50:37.257+0200] {processor.py:161} INFO - Started process (PID=74254) to work on /Users/youssefdaaloul/venv/dbt_snowflake/airflow_venv_39/lib/python3.11/site-packages/airflow/example_dags/example_xcomargs.py
[2025-10-25T16:50:37.258+0200] {processor.py:830} INFO - Processing file /Users/youssefdaaloul/venv/dbt_snowflake/airflow_venv_39/lib/python3.11/site-packages/airflow/example_dags/example_xcomargs.py for tasks to queue
[2025-10-25T16:50:37.258+0200] {logging_mixin.py:188} INFO - [2025-10-25T16:50:37.258+0200] {dagbag.py:538} INFO - Filling up the DagBag from /Users/youssefdaaloul/venv/dbt_snowflake/airflow_venv_39/lib/python3.11/site-packages/airflow/example_dags/example_xcomargs.py
[2025-10-25T16:50:37.274+0200] {processor.py:840} INFO - DAG(s) 'example_xcom_args_with_operators', 'example_xcom_args' retrieved from /Users/youssefdaaloul/venv/dbt_snowflake/airflow_venv_39/lib/python3.11/site-packages/airflow/example_dags/example_xcomargs.py
[2025-10-25T16:50:37.333+0200] {logging_mixin.py:188} INFO - [2025-10-25T16:50:37.333+0200] {dag.py:3036} INFO - Sync 2 DAGs
[2025-10-25T16:50:37.336+0200] {logging_mixin.py:188} INFO - [2025-10-25T16:50:37.336+0200] {dag.py:3823} INFO - Setting next_dagrun for example_xcom_args to None, run_after=None
[2025-10-25T16:50:37.337+0200] {logging_mixin.py:188} INFO - [2025-10-25T16:50:37.337+0200] {dag.py:3823} INFO - Setting next_dagrun for example_xcom_args_with_operators to None, run_after=None
[2025-10-25T16:50:37.343+0200] {processor.py:183} INFO - Processing /Users/youssefdaaloul/venv/dbt_snowflake/airflow_venv_39/lib/python3.11/site-packages/airflow/example_dags/example_xcomargs.py took 0.087 seconds
[2025-10-25T16:51:36.309+0200] {processor.py:161} INFO - Started process (PID=74345) to work on /Users/youssefdaaloul/venv/dbt_snowflake/airflow_venv_39/lib/python3.11/site-packages/airflow/example_dags/example_xcomargs.py
[2025-10-25T16:51:36.310+0200] {processor.py:830} INFO - Processing file /Users/youssefdaaloul/venv/dbt_snowflake/airflow_venv_39/lib/python3.11/site-packages/airflow/example_dags/example_xcomargs.py for tasks to queue
[2025-10-25T16:51:36.310+0200] {logging_mixin.py:188} INFO - [2025-10-25T16:51:36.310+0200] {dagbag.py:538} INFO - Filling up the DagBag from /Users/youssefdaaloul/venv/dbt_snowflake/airflow_venv_39/lib/python3.11/site-packages/airflow/example_dags/example_xcomargs.py
[2025-10-25T16:51:36.326+0200] {processor.py:840} INFO - DAG(s) 'example_xcom_args', 'example_xcom_args_with_operators' retrieved from /Users/youssefdaaloul/venv/dbt_snowflake/airflow_venv_39/lib/python3.11/site-packages/airflow/example_dags/example_xcomargs.py
[2025-10-25T16:51:36.389+0200] {logging_mixin.py:188} INFO - [2025-10-25T16:51:36.389+0200] {dag.py:3036} INFO - Sync 2 DAGs
[2025-10-25T16:51:36.393+0200] {logging_mixin.py:188} INFO - [2025-10-25T16:51:36.392+0200] {dag.py:3823} INFO - Setting next_dagrun for example_xcom_args to None, run_after=None
[2025-10-25T16:51:36.394+0200] {logging_mixin.py:188} INFO - [2025-10-25T16:51:36.393+0200] {dag.py:3823} INFO - Setting next_dagrun for example_xcom_args_with_operators to None, run_after=None
[2025-10-25T16:51:36.400+0200] {processor.py:183} INFO - Processing /Users/youssefdaaloul/venv/dbt_snowflake/airflow_venv_39/lib/python3.11/site-packages/airflow/example_dags/example_xcomargs.py took 0.091 seconds
