[2025-10-25T16:09:29.680+0200] {processor.py:161} INFO - Started process (PID=71244) to work on /Users/youssefdaaloul/venv/dbt_snowflake/airflow_venv_39/lib/python3.11/site-packages/airflow/example_dags/example_complex.py
[2025-10-25T16:09:29.681+0200] {processor.py:830} INFO - Processing file /Users/youssefdaaloul/venv/dbt_snowflake/airflow_venv_39/lib/python3.11/site-packages/airflow/example_dags/example_complex.py for tasks to queue
[2025-10-25T16:09:29.681+0200] {logging_mixin.py:188} INFO - [2025-10-25T16:09:29.681+0200] {dagbag.py:538} INFO - Filling up the DagBag from /Users/youssefdaaloul/venv/dbt_snowflake/airflow_venv_39/lib/python3.11/site-packages/airflow/example_dags/example_complex.py
[2025-10-25T16:09:29.686+0200] {processor.py:840} INFO - DAG(s) 'example_complex' retrieved from /Users/youssefdaaloul/venv/dbt_snowflake/airflow_venv_39/lib/python3.11/site-packages/airflow/example_dags/example_complex.py
[2025-10-25T16:09:29.780+0200] {logging_mixin.py:188} INFO - [2025-10-25T16:09:29.780+0200] {dag.py:3036} INFO - Sync 1 DAGs
[2025-10-25T16:09:29.783+0200] {logging_mixin.py:188} INFO - [2025-10-25T16:09:29.783+0200] {dag.py:3823} INFO - Setting next_dagrun for example_complex to None, run_after=None
[2025-10-25T16:09:29.791+0200] {processor.py:183} INFO - Processing /Users/youssefdaaloul/venv/dbt_snowflake/airflow_venv_39/lib/python3.11/site-packages/airflow/example_dags/example_complex.py took 0.111 seconds
[2025-10-25T16:11:30.151+0200] {processor.py:161} INFO - Started process (PID=71360) to work on /Users/youssefdaaloul/venv/dbt_snowflake/airflow_venv_39/lib/python3.11/site-packages/airflow/example_dags/example_complex.py
[2025-10-25T16:11:30.152+0200] {processor.py:830} INFO - Processing file /Users/youssefdaaloul/venv/dbt_snowflake/airflow_venv_39/lib/python3.11/site-packages/airflow/example_dags/example_complex.py for tasks to queue
[2025-10-25T16:11:30.152+0200] {logging_mixin.py:188} INFO - [2025-10-25T16:11:30.152+0200] {dagbag.py:538} INFO - Filling up the DagBag from /Users/youssefdaaloul/venv/dbt_snowflake/airflow_venv_39/lib/python3.11/site-packages/airflow/example_dags/example_complex.py
[2025-10-25T16:11:30.157+0200] {processor.py:840} INFO - DAG(s) 'example_complex' retrieved from /Users/youssefdaaloul/venv/dbt_snowflake/airflow_venv_39/lib/python3.11/site-packages/airflow/example_dags/example_complex.py
[2025-10-25T16:11:30.234+0200] {logging_mixin.py:188} INFO - [2025-10-25T16:11:30.234+0200] {dag.py:3036} INFO - Sync 1 DAGs
[2025-10-25T16:11:30.237+0200] {logging_mixin.py:188} INFO - [2025-10-25T16:11:30.237+0200] {dag.py:3823} INFO - Setting next_dagrun for example_complex to None, run_after=None
[2025-10-25T16:11:30.244+0200] {processor.py:183} INFO - Processing /Users/youssefdaaloul/venv/dbt_snowflake/airflow_venv_39/lib/python3.11/site-packages/airflow/example_dags/example_complex.py took 0.094 seconds
[2025-10-25T16:13:26.322+0200] {processor.py:161} INFO - Started process (PID=71462) to work on /Users/youssefdaaloul/venv/dbt_snowflake/airflow_venv_39/lib/python3.11/site-packages/airflow/example_dags/example_complex.py
[2025-10-25T16:13:26.323+0200] {processor.py:830} INFO - Processing file /Users/youssefdaaloul/venv/dbt_snowflake/airflow_venv_39/lib/python3.11/site-packages/airflow/example_dags/example_complex.py for tasks to queue
[2025-10-25T16:13:26.323+0200] {logging_mixin.py:188} INFO - [2025-10-25T16:13:26.323+0200] {dagbag.py:538} INFO - Filling up the DagBag from /Users/youssefdaaloul/venv/dbt_snowflake/airflow_venv_39/lib/python3.11/site-packages/airflow/example_dags/example_complex.py
[2025-10-25T16:13:26.328+0200] {processor.py:840} INFO - DAG(s) 'example_complex' retrieved from /Users/youssefdaaloul/venv/dbt_snowflake/airflow_venv_39/lib/python3.11/site-packages/airflow/example_dags/example_complex.py
[2025-10-25T16:13:26.400+0200] {logging_mixin.py:188} INFO - [2025-10-25T16:13:26.400+0200] {dag.py:3036} INFO - Sync 1 DAGs
[2025-10-25T16:13:26.404+0200] {logging_mixin.py:188} INFO - [2025-10-25T16:13:26.404+0200] {dag.py:3823} INFO - Setting next_dagrun for example_complex to None, run_after=None
[2025-10-25T16:13:26.411+0200] {processor.py:183} INFO - Processing /Users/youssefdaaloul/venv/dbt_snowflake/airflow_venv_39/lib/python3.11/site-packages/airflow/example_dags/example_complex.py took 0.090 seconds
[2025-10-25T16:15:30.668+0200] {processor.py:161} INFO - Started process (PID=71569) to work on /Users/youssefdaaloul/venv/dbt_snowflake/airflow_venv_39/lib/python3.11/site-packages/airflow/example_dags/example_complex.py
[2025-10-25T16:15:30.668+0200] {processor.py:830} INFO - Processing file /Users/youssefdaaloul/venv/dbt_snowflake/airflow_venv_39/lib/python3.11/site-packages/airflow/example_dags/example_complex.py for tasks to queue
[2025-10-25T16:15:30.669+0200] {logging_mixin.py:188} INFO - [2025-10-25T16:15:30.669+0200] {dagbag.py:538} INFO - Filling up the DagBag from /Users/youssefdaaloul/venv/dbt_snowflake/airflow_venv_39/lib/python3.11/site-packages/airflow/example_dags/example_complex.py
[2025-10-25T16:15:30.674+0200] {processor.py:840} INFO - DAG(s) 'example_complex' retrieved from /Users/youssefdaaloul/venv/dbt_snowflake/airflow_venv_39/lib/python3.11/site-packages/airflow/example_dags/example_complex.py
[2025-10-25T16:15:30.740+0200] {logging_mixin.py:188} INFO - [2025-10-25T16:15:30.740+0200] {dag.py:3036} INFO - Sync 1 DAGs
[2025-10-25T16:15:30.745+0200] {logging_mixin.py:188} INFO - [2025-10-25T16:15:30.745+0200] {dag.py:3823} INFO - Setting next_dagrun for example_complex to None, run_after=None
[2025-10-25T16:15:30.752+0200] {processor.py:183} INFO - Processing /Users/youssefdaaloul/venv/dbt_snowflake/airflow_venv_39/lib/python3.11/site-packages/airflow/example_dags/example_complex.py took 0.085 seconds
[2025-10-25T16:17:29.839+0200] {processor.py:161} INFO - Started process (PID=71667) to work on /Users/youssefdaaloul/venv/dbt_snowflake/airflow_venv_39/lib/python3.11/site-packages/airflow/example_dags/example_complex.py
[2025-10-25T16:17:29.841+0200] {processor.py:830} INFO - Processing file /Users/youssefdaaloul/venv/dbt_snowflake/airflow_venv_39/lib/python3.11/site-packages/airflow/example_dags/example_complex.py for tasks to queue
[2025-10-25T16:17:29.841+0200] {logging_mixin.py:188} INFO - [2025-10-25T16:17:29.841+0200] {dagbag.py:538} INFO - Filling up the DagBag from /Users/youssefdaaloul/venv/dbt_snowflake/airflow_venv_39/lib/python3.11/site-packages/airflow/example_dags/example_complex.py
[2025-10-25T16:17:29.846+0200] {processor.py:840} INFO - DAG(s) 'example_complex' retrieved from /Users/youssefdaaloul/venv/dbt_snowflake/airflow_venv_39/lib/python3.11/site-packages/airflow/example_dags/example_complex.py
[2025-10-25T16:17:29.913+0200] {logging_mixin.py:188} INFO - [2025-10-25T16:17:29.913+0200] {dag.py:3036} INFO - Sync 1 DAGs
[2025-10-25T16:17:29.916+0200] {logging_mixin.py:188} INFO - [2025-10-25T16:17:29.916+0200] {dag.py:3823} INFO - Setting next_dagrun for example_complex to None, run_after=None
[2025-10-25T16:17:29.923+0200] {processor.py:183} INFO - Processing /Users/youssefdaaloul/venv/dbt_snowflake/airflow_venv_39/lib/python3.11/site-packages/airflow/example_dags/example_complex.py took 0.085 seconds
[2025-10-25T16:19:33.820+0200] {processor.py:161} INFO - Started process (PID=71792) to work on /Users/youssefdaaloul/venv/dbt_snowflake/airflow_venv_39/lib/python3.11/site-packages/airflow/example_dags/example_complex.py
[2025-10-25T16:19:33.821+0200] {processor.py:830} INFO - Processing file /Users/youssefdaaloul/venv/dbt_snowflake/airflow_venv_39/lib/python3.11/site-packages/airflow/example_dags/example_complex.py for tasks to queue
[2025-10-25T16:19:33.821+0200] {logging_mixin.py:188} INFO - [2025-10-25T16:19:33.821+0200] {dagbag.py:538} INFO - Filling up the DagBag from /Users/youssefdaaloul/venv/dbt_snowflake/airflow_venv_39/lib/python3.11/site-packages/airflow/example_dags/example_complex.py
[2025-10-25T16:19:33.827+0200] {processor.py:840} INFO - DAG(s) 'example_complex' retrieved from /Users/youssefdaaloul/venv/dbt_snowflake/airflow_venv_39/lib/python3.11/site-packages/airflow/example_dags/example_complex.py
[2025-10-25T16:19:33.908+0200] {logging_mixin.py:188} INFO - [2025-10-25T16:19:33.908+0200] {dag.py:3036} INFO - Sync 1 DAGs
[2025-10-25T16:19:33.913+0200] {logging_mixin.py:188} INFO - [2025-10-25T16:19:33.912+0200] {dag.py:3823} INFO - Setting next_dagrun for example_complex to None, run_after=None
[2025-10-25T16:19:33.922+0200] {processor.py:183} INFO - Processing /Users/youssefdaaloul/venv/dbt_snowflake/airflow_venv_39/lib/python3.11/site-packages/airflow/example_dags/example_complex.py took 0.103 seconds
[2025-10-25T16:21:33.236+0200] {processor.py:161} INFO - Started process (PID=71898) to work on /Users/youssefdaaloul/venv/dbt_snowflake/airflow_venv_39/lib/python3.11/site-packages/airflow/example_dags/example_complex.py
[2025-10-25T16:21:33.236+0200] {processor.py:830} INFO - Processing file /Users/youssefdaaloul/venv/dbt_snowflake/airflow_venv_39/lib/python3.11/site-packages/airflow/example_dags/example_complex.py for tasks to queue
[2025-10-25T16:21:33.236+0200] {logging_mixin.py:188} INFO - [2025-10-25T16:21:33.236+0200] {dagbag.py:538} INFO - Filling up the DagBag from /Users/youssefdaaloul/venv/dbt_snowflake/airflow_venv_39/lib/python3.11/site-packages/airflow/example_dags/example_complex.py
[2025-10-25T16:21:33.241+0200] {processor.py:840} INFO - DAG(s) 'example_complex' retrieved from /Users/youssefdaaloul/venv/dbt_snowflake/airflow_venv_39/lib/python3.11/site-packages/airflow/example_dags/example_complex.py
[2025-10-25T16:21:33.303+0200] {logging_mixin.py:188} INFO - [2025-10-25T16:21:33.303+0200] {dag.py:3036} INFO - Sync 1 DAGs
[2025-10-25T16:21:33.306+0200] {logging_mixin.py:188} INFO - [2025-10-25T16:21:33.306+0200] {dag.py:3823} INFO - Setting next_dagrun for example_complex to None, run_after=None
[2025-10-25T16:21:33.313+0200] {processor.py:183} INFO - Processing /Users/youssefdaaloul/venv/dbt_snowflake/airflow_venv_39/lib/python3.11/site-packages/airflow/example_dags/example_complex.py took 0.078 seconds
[2025-10-25T16:23:20.756+0200] {processor.py:161} INFO - Started process (PID=72002) to work on /Users/youssefdaaloul/venv/dbt_snowflake/airflow_venv_39/lib/python3.11/site-packages/airflow/example_dags/example_complex.py
[2025-10-25T16:23:20.757+0200] {processor.py:830} INFO - Processing file /Users/youssefdaaloul/venv/dbt_snowflake/airflow_venv_39/lib/python3.11/site-packages/airflow/example_dags/example_complex.py for tasks to queue
[2025-10-25T16:23:20.757+0200] {logging_mixin.py:188} INFO - [2025-10-25T16:23:20.757+0200] {dagbag.py:538} INFO - Filling up the DagBag from /Users/youssefdaaloul/venv/dbt_snowflake/airflow_venv_39/lib/python3.11/site-packages/airflow/example_dags/example_complex.py
[2025-10-25T16:23:20.762+0200] {processor.py:840} INFO - DAG(s) 'example_complex' retrieved from /Users/youssefdaaloul/venv/dbt_snowflake/airflow_venv_39/lib/python3.11/site-packages/airflow/example_dags/example_complex.py
[2025-10-25T16:23:20.821+0200] {logging_mixin.py:188} INFO - [2025-10-25T16:23:20.821+0200] {dag.py:3036} INFO - Sync 1 DAGs
[2025-10-25T16:23:20.825+0200] {logging_mixin.py:188} INFO - [2025-10-25T16:23:20.825+0200] {dag.py:3823} INFO - Setting next_dagrun for example_complex to None, run_after=None
[2025-10-25T16:23:20.831+0200] {processor.py:183} INFO - Processing /Users/youssefdaaloul/venv/dbt_snowflake/airflow_venv_39/lib/python3.11/site-packages/airflow/example_dags/example_complex.py took 0.075 seconds
[2025-10-25T16:25:09.687+0200] {processor.py:161} INFO - Started process (PID=72100) to work on /Users/youssefdaaloul/venv/dbt_snowflake/airflow_venv_39/lib/python3.11/site-packages/airflow/example_dags/example_complex.py
[2025-10-25T16:25:09.688+0200] {processor.py:830} INFO - Processing file /Users/youssefdaaloul/venv/dbt_snowflake/airflow_venv_39/lib/python3.11/site-packages/airflow/example_dags/example_complex.py for tasks to queue
[2025-10-25T16:25:09.688+0200] {logging_mixin.py:188} INFO - [2025-10-25T16:25:09.688+0200] {dagbag.py:538} INFO - Filling up the DagBag from /Users/youssefdaaloul/venv/dbt_snowflake/airflow_venv_39/lib/python3.11/site-packages/airflow/example_dags/example_complex.py
[2025-10-25T16:25:09.693+0200] {processor.py:840} INFO - DAG(s) 'example_complex' retrieved from /Users/youssefdaaloul/venv/dbt_snowflake/airflow_venv_39/lib/python3.11/site-packages/airflow/example_dags/example_complex.py
[2025-10-25T16:25:09.753+0200] {logging_mixin.py:188} INFO - [2025-10-25T16:25:09.753+0200] {dag.py:3036} INFO - Sync 1 DAGs
[2025-10-25T16:25:09.756+0200] {logging_mixin.py:188} INFO - [2025-10-25T16:25:09.756+0200] {dag.py:3823} INFO - Setting next_dagrun for example_complex to None, run_after=None
[2025-10-25T16:25:09.763+0200] {processor.py:183} INFO - Processing /Users/youssefdaaloul/venv/dbt_snowflake/airflow_venv_39/lib/python3.11/site-packages/airflow/example_dags/example_complex.py took 0.076 seconds
[2025-10-25T16:26:56.247+0200] {processor.py:161} INFO - Started process (PID=72212) to work on /Users/youssefdaaloul/venv/dbt_snowflake/airflow_venv_39/lib/python3.11/site-packages/airflow/example_dags/example_complex.py
[2025-10-25T16:26:56.247+0200] {processor.py:830} INFO - Processing file /Users/youssefdaaloul/venv/dbt_snowflake/airflow_venv_39/lib/python3.11/site-packages/airflow/example_dags/example_complex.py for tasks to queue
[2025-10-25T16:26:56.248+0200] {logging_mixin.py:188} INFO - [2025-10-25T16:26:56.248+0200] {dagbag.py:538} INFO - Filling up the DagBag from /Users/youssefdaaloul/venv/dbt_snowflake/airflow_venv_39/lib/python3.11/site-packages/airflow/example_dags/example_complex.py
[2025-10-25T16:26:56.252+0200] {processor.py:840} INFO - DAG(s) 'example_complex' retrieved from /Users/youssefdaaloul/venv/dbt_snowflake/airflow_venv_39/lib/python3.11/site-packages/airflow/example_dags/example_complex.py
[2025-10-25T16:26:56.318+0200] {logging_mixin.py:188} INFO - [2025-10-25T16:26:56.318+0200] {dag.py:3036} INFO - Sync 1 DAGs
[2025-10-25T16:26:56.321+0200] {logging_mixin.py:188} INFO - [2025-10-25T16:26:56.321+0200] {dag.py:3823} INFO - Setting next_dagrun for example_complex to None, run_after=None
[2025-10-25T16:26:56.328+0200] {processor.py:183} INFO - Processing /Users/youssefdaaloul/venv/dbt_snowflake/airflow_venv_39/lib/python3.11/site-packages/airflow/example_dags/example_complex.py took 0.081 seconds
[2025-10-25T16:28:53.900+0200] {processor.py:161} INFO - Started process (PID=72332) to work on /Users/youssefdaaloul/venv/dbt_snowflake/airflow_venv_39/lib/python3.11/site-packages/airflow/example_dags/example_complex.py
[2025-10-25T16:28:53.901+0200] {processor.py:830} INFO - Processing file /Users/youssefdaaloul/venv/dbt_snowflake/airflow_venv_39/lib/python3.11/site-packages/airflow/example_dags/example_complex.py for tasks to queue
[2025-10-25T16:28:53.902+0200] {logging_mixin.py:188} INFO - [2025-10-25T16:28:53.902+0200] {dagbag.py:538} INFO - Filling up the DagBag from /Users/youssefdaaloul/venv/dbt_snowflake/airflow_venv_39/lib/python3.11/site-packages/airflow/example_dags/example_complex.py
[2025-10-25T16:28:53.906+0200] {processor.py:840} INFO - DAG(s) 'example_complex' retrieved from /Users/youssefdaaloul/venv/dbt_snowflake/airflow_venv_39/lib/python3.11/site-packages/airflow/example_dags/example_complex.py
[2025-10-25T16:28:53.968+0200] {logging_mixin.py:188} INFO - [2025-10-25T16:28:53.968+0200] {dag.py:3036} INFO - Sync 1 DAGs
[2025-10-25T16:28:53.971+0200] {logging_mixin.py:188} INFO - [2025-10-25T16:28:53.971+0200] {dag.py:3823} INFO - Setting next_dagrun for example_complex to None, run_after=None
[2025-10-25T16:28:53.979+0200] {processor.py:183} INFO - Processing /Users/youssefdaaloul/venv/dbt_snowflake/airflow_venv_39/lib/python3.11/site-packages/airflow/example_dags/example_complex.py took 0.079 seconds
[2025-10-25T16:30:52.743+0200] {processor.py:161} INFO - Started process (PID=72449) to work on /Users/youssefdaaloul/venv/dbt_snowflake/airflow_venv_39/lib/python3.11/site-packages/airflow/example_dags/example_complex.py
[2025-10-25T16:30:52.744+0200] {processor.py:830} INFO - Processing file /Users/youssefdaaloul/venv/dbt_snowflake/airflow_venv_39/lib/python3.11/site-packages/airflow/example_dags/example_complex.py for tasks to queue
[2025-10-25T16:30:52.744+0200] {logging_mixin.py:188} INFO - [2025-10-25T16:30:52.744+0200] {dagbag.py:538} INFO - Filling up the DagBag from /Users/youssefdaaloul/venv/dbt_snowflake/airflow_venv_39/lib/python3.11/site-packages/airflow/example_dags/example_complex.py
[2025-10-25T16:30:52.749+0200] {processor.py:840} INFO - DAG(s) 'example_complex' retrieved from /Users/youssefdaaloul/venv/dbt_snowflake/airflow_venv_39/lib/python3.11/site-packages/airflow/example_dags/example_complex.py
[2025-10-25T16:30:52.814+0200] {logging_mixin.py:188} INFO - [2025-10-25T16:30:52.814+0200] {dag.py:3036} INFO - Sync 1 DAGs
[2025-10-25T16:30:52.818+0200] {logging_mixin.py:188} INFO - [2025-10-25T16:30:52.818+0200] {dag.py:3823} INFO - Setting next_dagrun for example_complex to None, run_after=None
[2025-10-25T16:30:52.825+0200] {processor.py:183} INFO - Processing /Users/youssefdaaloul/venv/dbt_snowflake/airflow_venv_39/lib/python3.11/site-packages/airflow/example_dags/example_complex.py took 0.083 seconds
[2025-10-25T16:32:43.057+0200] {processor.py:161} INFO - Started process (PID=72615) to work on /Users/youssefdaaloul/venv/dbt_snowflake/airflow_venv_39/lib/python3.11/site-packages/airflow/example_dags/example_complex.py
[2025-10-25T16:32:43.058+0200] {processor.py:830} INFO - Processing file /Users/youssefdaaloul/venv/dbt_snowflake/airflow_venv_39/lib/python3.11/site-packages/airflow/example_dags/example_complex.py for tasks to queue
[2025-10-25T16:32:43.058+0200] {logging_mixin.py:188} INFO - [2025-10-25T16:32:43.058+0200] {dagbag.py:538} INFO - Filling up the DagBag from /Users/youssefdaaloul/venv/dbt_snowflake/airflow_venv_39/lib/python3.11/site-packages/airflow/example_dags/example_complex.py
[2025-10-25T16:32:43.062+0200] {processor.py:840} INFO - DAG(s) 'example_complex' retrieved from /Users/youssefdaaloul/venv/dbt_snowflake/airflow_venv_39/lib/python3.11/site-packages/airflow/example_dags/example_complex.py
[2025-10-25T16:32:43.125+0200] {logging_mixin.py:188} INFO - [2025-10-25T16:32:43.124+0200] {dag.py:3036} INFO - Sync 1 DAGs
[2025-10-25T16:32:43.128+0200] {logging_mixin.py:188} INFO - [2025-10-25T16:32:43.128+0200] {dag.py:3823} INFO - Setting next_dagrun for example_complex to None, run_after=None
[2025-10-25T16:32:43.135+0200] {processor.py:183} INFO - Processing /Users/youssefdaaloul/venv/dbt_snowflake/airflow_venv_39/lib/python3.11/site-packages/airflow/example_dags/example_complex.py took 0.078 seconds
[2025-10-25T16:34:43.559+0200] {processor.py:161} INFO - Started process (PID=72776) to work on /Users/youssefdaaloul/venv/dbt_snowflake/airflow_venv_39/lib/python3.11/site-packages/airflow/example_dags/example_complex.py
[2025-10-25T16:34:43.559+0200] {processor.py:830} INFO - Processing file /Users/youssefdaaloul/venv/dbt_snowflake/airflow_venv_39/lib/python3.11/site-packages/airflow/example_dags/example_complex.py for tasks to queue
[2025-10-25T16:34:43.560+0200] {logging_mixin.py:188} INFO - [2025-10-25T16:34:43.560+0200] {dagbag.py:538} INFO - Filling up the DagBag from /Users/youssefdaaloul/venv/dbt_snowflake/airflow_venv_39/lib/python3.11/site-packages/airflow/example_dags/example_complex.py
[2025-10-25T16:34:43.564+0200] {processor.py:840} INFO - DAG(s) 'example_complex' retrieved from /Users/youssefdaaloul/venv/dbt_snowflake/airflow_venv_39/lib/python3.11/site-packages/airflow/example_dags/example_complex.py
[2025-10-25T16:34:43.627+0200] {logging_mixin.py:188} INFO - [2025-10-25T16:34:43.627+0200] {dag.py:3036} INFO - Sync 1 DAGs
[2025-10-25T16:34:43.630+0200] {logging_mixin.py:188} INFO - [2025-10-25T16:34:43.630+0200] {dag.py:3823} INFO - Setting next_dagrun for example_complex to None, run_after=None
[2025-10-25T16:34:43.637+0200] {processor.py:183} INFO - Processing /Users/youssefdaaloul/venv/dbt_snowflake/airflow_venv_39/lib/python3.11/site-packages/airflow/example_dags/example_complex.py took 0.078 seconds
[2025-10-25T16:36:40.609+0200] {processor.py:161} INFO - Started process (PID=72924) to work on /Users/youssefdaaloul/venv/dbt_snowflake/airflow_venv_39/lib/python3.11/site-packages/airflow/example_dags/example_complex.py
[2025-10-25T16:36:40.609+0200] {processor.py:830} INFO - Processing file /Users/youssefdaaloul/venv/dbt_snowflake/airflow_venv_39/lib/python3.11/site-packages/airflow/example_dags/example_complex.py for tasks to queue
[2025-10-25T16:36:40.610+0200] {logging_mixin.py:188} INFO - [2025-10-25T16:36:40.610+0200] {dagbag.py:538} INFO - Filling up the DagBag from /Users/youssefdaaloul/venv/dbt_snowflake/airflow_venv_39/lib/python3.11/site-packages/airflow/example_dags/example_complex.py
[2025-10-25T16:36:40.615+0200] {processor.py:840} INFO - DAG(s) 'example_complex' retrieved from /Users/youssefdaaloul/venv/dbt_snowflake/airflow_venv_39/lib/python3.11/site-packages/airflow/example_dags/example_complex.py
[2025-10-25T16:36:40.678+0200] {logging_mixin.py:188} INFO - [2025-10-25T16:36:40.678+0200] {dag.py:3036} INFO - Sync 1 DAGs
[2025-10-25T16:36:40.682+0200] {logging_mixin.py:188} INFO - [2025-10-25T16:36:40.682+0200] {dag.py:3823} INFO - Setting next_dagrun for example_complex to None, run_after=None
[2025-10-25T16:36:40.690+0200] {processor.py:183} INFO - Processing /Users/youssefdaaloul/venv/dbt_snowflake/airflow_venv_39/lib/python3.11/site-packages/airflow/example_dags/example_complex.py took 0.082 seconds
[2025-10-25T16:44:22.237+0200] {processor.py:161} INFO - Started process (PID=73900) to work on /Users/youssefdaaloul/venv/dbt_snowflake/airflow_venv_39/lib/python3.11/site-packages/airflow/example_dags/example_complex.py
[2025-10-25T16:44:22.237+0200] {processor.py:830} INFO - Processing file /Users/youssefdaaloul/venv/dbt_snowflake/airflow_venv_39/lib/python3.11/site-packages/airflow/example_dags/example_complex.py for tasks to queue
[2025-10-25T16:44:22.238+0200] {logging_mixin.py:188} INFO - [2025-10-25T16:44:22.238+0200] {dagbag.py:538} INFO - Filling up the DagBag from /Users/youssefdaaloul/venv/dbt_snowflake/airflow_venv_39/lib/python3.11/site-packages/airflow/example_dags/example_complex.py
[2025-10-25T16:44:22.243+0200] {processor.py:840} INFO - DAG(s) 'example_complex' retrieved from /Users/youssefdaaloul/venv/dbt_snowflake/airflow_venv_39/lib/python3.11/site-packages/airflow/example_dags/example_complex.py
[2025-10-25T16:44:22.340+0200] {logging_mixin.py:188} INFO - [2025-10-25T16:44:22.340+0200] {dag.py:3036} INFO - Sync 1 DAGs
[2025-10-25T16:44:22.345+0200] {logging_mixin.py:188} INFO - [2025-10-25T16:44:22.344+0200] {dag.py:3823} INFO - Setting next_dagrun for example_complex to None, run_after=None
[2025-10-25T16:44:22.353+0200] {processor.py:183} INFO - Processing /Users/youssefdaaloul/venv/dbt_snowflake/airflow_venv_39/lib/python3.11/site-packages/airflow/example_dags/example_complex.py took 0.117 seconds
[2025-10-25T16:46:18.656+0200] {processor.py:161} INFO - Started process (PID=74020) to work on /Users/youssefdaaloul/venv/dbt_snowflake/airflow_venv_39/lib/python3.11/site-packages/airflow/example_dags/example_complex.py
[2025-10-25T16:46:18.657+0200] {processor.py:830} INFO - Processing file /Users/youssefdaaloul/venv/dbt_snowflake/airflow_venv_39/lib/python3.11/site-packages/airflow/example_dags/example_complex.py for tasks to queue
[2025-10-25T16:46:18.657+0200] {logging_mixin.py:188} INFO - [2025-10-25T16:46:18.657+0200] {dagbag.py:538} INFO - Filling up the DagBag from /Users/youssefdaaloul/venv/dbt_snowflake/airflow_venv_39/lib/python3.11/site-packages/airflow/example_dags/example_complex.py
[2025-10-25T16:46:18.662+0200] {processor.py:840} INFO - DAG(s) 'example_complex' retrieved from /Users/youssefdaaloul/venv/dbt_snowflake/airflow_venv_39/lib/python3.11/site-packages/airflow/example_dags/example_complex.py
[2025-10-25T16:46:18.729+0200] {logging_mixin.py:188} INFO - [2025-10-25T16:46:18.729+0200] {dag.py:3036} INFO - Sync 1 DAGs
[2025-10-25T16:46:18.733+0200] {logging_mixin.py:188} INFO - [2025-10-25T16:46:18.732+0200] {dag.py:3823} INFO - Setting next_dagrun for example_complex to None, run_after=None
[2025-10-25T16:46:18.741+0200] {processor.py:183} INFO - Processing /Users/youssefdaaloul/venv/dbt_snowflake/airflow_venv_39/lib/python3.11/site-packages/airflow/example_dags/example_complex.py took 0.085 seconds
[2025-10-25T16:48:13.476+0200] {processor.py:161} INFO - Started process (PID=74122) to work on /Users/youssefdaaloul/venv/dbt_snowflake/airflow_venv_39/lib/python3.11/site-packages/airflow/example_dags/example_complex.py
[2025-10-25T16:48:13.477+0200] {processor.py:830} INFO - Processing file /Users/youssefdaaloul/venv/dbt_snowflake/airflow_venv_39/lib/python3.11/site-packages/airflow/example_dags/example_complex.py for tasks to queue
[2025-10-25T16:48:13.477+0200] {logging_mixin.py:188} INFO - [2025-10-25T16:48:13.477+0200] {dagbag.py:538} INFO - Filling up the DagBag from /Users/youssefdaaloul/venv/dbt_snowflake/airflow_venv_39/lib/python3.11/site-packages/airflow/example_dags/example_complex.py
[2025-10-25T16:48:13.482+0200] {processor.py:840} INFO - DAG(s) 'example_complex' retrieved from /Users/youssefdaaloul/venv/dbt_snowflake/airflow_venv_39/lib/python3.11/site-packages/airflow/example_dags/example_complex.py
[2025-10-25T16:48:13.550+0200] {logging_mixin.py:188} INFO - [2025-10-25T16:48:13.550+0200] {dag.py:3036} INFO - Sync 1 DAGs
[2025-10-25T16:48:13.555+0200] {logging_mixin.py:188} INFO - [2025-10-25T16:48:13.555+0200] {dag.py:3823} INFO - Setting next_dagrun for example_complex to None, run_after=None
[2025-10-25T16:48:13.563+0200] {processor.py:183} INFO - Processing /Users/youssefdaaloul/venv/dbt_snowflake/airflow_venv_39/lib/python3.11/site-packages/airflow/example_dags/example_complex.py took 0.087 seconds
[2025-10-25T16:50:05.420+0200] {processor.py:161} INFO - Started process (PID=74229) to work on /Users/youssefdaaloul/venv/dbt_snowflake/airflow_venv_39/lib/python3.11/site-packages/airflow/example_dags/example_complex.py
[2025-10-25T16:50:05.422+0200] {processor.py:830} INFO - Processing file /Users/youssefdaaloul/venv/dbt_snowflake/airflow_venv_39/lib/python3.11/site-packages/airflow/example_dags/example_complex.py for tasks to queue
[2025-10-25T16:50:05.422+0200] {logging_mixin.py:188} INFO - [2025-10-25T16:50:05.422+0200] {dagbag.py:538} INFO - Filling up the DagBag from /Users/youssefdaaloul/venv/dbt_snowflake/airflow_venv_39/lib/python3.11/site-packages/airflow/example_dags/example_complex.py
[2025-10-25T16:50:05.427+0200] {processor.py:840} INFO - DAG(s) 'example_complex' retrieved from /Users/youssefdaaloul/venv/dbt_snowflake/airflow_venv_39/lib/python3.11/site-packages/airflow/example_dags/example_complex.py
[2025-10-25T16:50:05.486+0200] {logging_mixin.py:188} INFO - [2025-10-25T16:50:05.486+0200] {dag.py:3036} INFO - Sync 1 DAGs
[2025-10-25T16:50:05.489+0200] {logging_mixin.py:188} INFO - [2025-10-25T16:50:05.489+0200] {dag.py:3823} INFO - Setting next_dagrun for example_complex to None, run_after=None
[2025-10-25T16:50:05.497+0200] {processor.py:183} INFO - Processing /Users/youssefdaaloul/venv/dbt_snowflake/airflow_venv_39/lib/python3.11/site-packages/airflow/example_dags/example_complex.py took 0.076 seconds
[2025-10-25T16:52:02.221+0200] {processor.py:161} INFO - Started process (PID=74390) to work on /Users/youssefdaaloul/venv/dbt_snowflake/airflow_venv_39/lib/python3.11/site-packages/airflow/example_dags/example_complex.py
[2025-10-25T16:52:02.222+0200] {processor.py:830} INFO - Processing file /Users/youssefdaaloul/venv/dbt_snowflake/airflow_venv_39/lib/python3.11/site-packages/airflow/example_dags/example_complex.py for tasks to queue
[2025-10-25T16:52:02.222+0200] {logging_mixin.py:188} INFO - [2025-10-25T16:52:02.222+0200] {dagbag.py:538} INFO - Filling up the DagBag from /Users/youssefdaaloul/venv/dbt_snowflake/airflow_venv_39/lib/python3.11/site-packages/airflow/example_dags/example_complex.py
[2025-10-25T16:52:02.227+0200] {processor.py:840} INFO - DAG(s) 'example_complex' retrieved from /Users/youssefdaaloul/venv/dbt_snowflake/airflow_venv_39/lib/python3.11/site-packages/airflow/example_dags/example_complex.py
[2025-10-25T16:52:02.289+0200] {logging_mixin.py:188} INFO - [2025-10-25T16:52:02.289+0200] {dag.py:3036} INFO - Sync 1 DAGs
[2025-10-25T16:52:02.293+0200] {logging_mixin.py:188} INFO - [2025-10-25T16:52:02.292+0200] {dag.py:3823} INFO - Setting next_dagrun for example_complex to None, run_after=None
[2025-10-25T16:52:02.300+0200] {processor.py:183} INFO - Processing /Users/youssefdaaloul/venv/dbt_snowflake/airflow_venv_39/lib/python3.11/site-packages/airflow/example_dags/example_complex.py took 0.078 seconds
