[2025-10-25T16:09:25.653+0200] {processor.py:161} INFO - Started process (PID=71241) to work on /Users/youssefdaaloul/venv/dbt_snowflake/airflow_venv_39/lib/python3.11/site-packages/airflow/example_dags/example_datasets.py
[2025-10-25T16:09:25.653+0200] {processor.py:830} INFO - Processing file /Users/youssefdaaloul/venv/dbt_snowflake/airflow_venv_39/lib/python3.11/site-packages/airflow/example_dags/example_datasets.py for tasks to queue
[2025-10-25T16:09:25.654+0200] {logging_mixin.py:188} INFO - [2025-10-25T16:09:25.653+0200] {dagbag.py:538} INFO - Filling up the DagBag from /Users/youssefdaaloul/venv/dbt_snowflake/airflow_venv_39/lib/python3.11/site-packages/airflow/example_dags/example_datasets.py
[2025-10-25T16:09:25.658+0200] {processor.py:840} INFO - DAG(s) 'dataset_consumes_unknown_never_scheduled', 'dataset_consumes_1_never_scheduled', 'dataset_consumes_1', 'dataset_produces_1', 'dataset_produces_2', 'dataset_consumes_1_and_2' retrieved from /Users/youssefdaaloul/venv/dbt_snowflake/airflow_venv_39/lib/python3.11/site-packages/airflow/example_dags/example_datasets.py
[2025-10-25T16:09:25.766+0200] {logging_mixin.py:188} INFO - [2025-10-25T16:09:25.766+0200] {dag.py:3036} INFO - Sync 6 DAGs
[2025-10-25T16:09:25.772+0200] {logging_mixin.py:188} INFO - [2025-10-25T16:09:25.772+0200] {dag.py:3823} INFO - Setting next_dagrun for dataset_consumes_1 to None, run_after=None
[2025-10-25T16:09:25.773+0200] {logging_mixin.py:188} INFO - [2025-10-25T16:09:25.773+0200] {dag.py:3823} INFO - Setting next_dagrun for dataset_consumes_1_and_2 to None, run_after=None
[2025-10-25T16:09:25.773+0200] {logging_mixin.py:188} INFO - [2025-10-25T16:09:25.773+0200] {dag.py:3823} INFO - Setting next_dagrun for dataset_consumes_1_never_scheduled to None, run_after=None
[2025-10-25T16:09:25.774+0200] {logging_mixin.py:188} INFO - [2025-10-25T16:09:25.774+0200] {dag.py:3823} INFO - Setting next_dagrun for dataset_consumes_unknown_never_scheduled to None, run_after=None
[2025-10-25T16:09:25.774+0200] {logging_mixin.py:188} INFO - [2025-10-25T16:09:25.774+0200] {dag.py:3823} INFO - Setting next_dagrun for dataset_produces_1 to 2025-10-24 00:00:00+00:00, run_after=2025-10-25 00:00:00+00:00
[2025-10-25T16:09:25.775+0200] {logging_mixin.py:188} INFO - [2025-10-25T16:09:25.775+0200] {dag.py:3823} INFO - Setting next_dagrun for dataset_produces_2 to None, run_after=None
[2025-10-25T16:09:25.784+0200] {processor.py:183} INFO - Processing /Users/youssefdaaloul/venv/dbt_snowflake/airflow_venv_39/lib/python3.11/site-packages/airflow/example_dags/example_datasets.py took 0.132 seconds
[2025-10-25T16:11:26.225+0200] {processor.py:161} INFO - Started process (PID=71357) to work on /Users/youssefdaaloul/venv/dbt_snowflake/airflow_venv_39/lib/python3.11/site-packages/airflow/example_dags/example_datasets.py
[2025-10-25T16:11:26.226+0200] {processor.py:830} INFO - Processing file /Users/youssefdaaloul/venv/dbt_snowflake/airflow_venv_39/lib/python3.11/site-packages/airflow/example_dags/example_datasets.py for tasks to queue
[2025-10-25T16:11:26.227+0200] {logging_mixin.py:188} INFO - [2025-10-25T16:11:26.227+0200] {dagbag.py:538} INFO - Filling up the DagBag from /Users/youssefdaaloul/venv/dbt_snowflake/airflow_venv_39/lib/python3.11/site-packages/airflow/example_dags/example_datasets.py
[2025-10-25T16:11:26.232+0200] {processor.py:840} INFO - DAG(s) 'dataset_consumes_1_never_scheduled', 'dataset_consumes_unknown_never_scheduled', 'dataset_consumes_1_and_2', 'dataset_produces_2', 'dataset_produces_1', 'dataset_consumes_1' retrieved from /Users/youssefdaaloul/venv/dbt_snowflake/airflow_venv_39/lib/python3.11/site-packages/airflow/example_dags/example_datasets.py
[2025-10-25T16:11:26.301+0200] {logging_mixin.py:188} INFO - [2025-10-25T16:11:26.301+0200] {dag.py:3036} INFO - Sync 6 DAGs
[2025-10-25T16:11:26.309+0200] {logging_mixin.py:188} INFO - [2025-10-25T16:11:26.309+0200] {dag.py:3823} INFO - Setting next_dagrun for dataset_consumes_1 to None, run_after=None
[2025-10-25T16:11:26.310+0200] {logging_mixin.py:188} INFO - [2025-10-25T16:11:26.310+0200] {dag.py:3823} INFO - Setting next_dagrun for dataset_consumes_1_and_2 to None, run_after=None
[2025-10-25T16:11:26.310+0200] {logging_mixin.py:188} INFO - [2025-10-25T16:11:26.310+0200] {dag.py:3823} INFO - Setting next_dagrun for dataset_consumes_1_never_scheduled to None, run_after=None
[2025-10-25T16:11:26.311+0200] {logging_mixin.py:188} INFO - [2025-10-25T16:11:26.311+0200] {dag.py:3823} INFO - Setting next_dagrun for dataset_consumes_unknown_never_scheduled to None, run_after=None
[2025-10-25T16:11:26.311+0200] {logging_mixin.py:188} INFO - [2025-10-25T16:11:26.311+0200] {dag.py:3823} INFO - Setting next_dagrun for dataset_produces_1 to 2025-10-24 00:00:00+00:00, run_after=2025-10-25 00:00:00+00:00
[2025-10-25T16:11:26.312+0200] {logging_mixin.py:188} INFO - [2025-10-25T16:11:26.312+0200] {dag.py:3823} INFO - Setting next_dagrun for dataset_produces_2 to None, run_after=None
[2025-10-25T16:11:26.322+0200] {processor.py:183} INFO - Processing /Users/youssefdaaloul/venv/dbt_snowflake/airflow_venv_39/lib/python3.11/site-packages/airflow/example_dags/example_datasets.py took 0.098 seconds
[2025-10-25T16:13:22.060+0200] {processor.py:161} INFO - Started process (PID=71460) to work on /Users/youssefdaaloul/venv/dbt_snowflake/airflow_venv_39/lib/python3.11/site-packages/airflow/example_dags/example_datasets.py
[2025-10-25T16:13:22.062+0200] {processor.py:830} INFO - Processing file /Users/youssefdaaloul/venv/dbt_snowflake/airflow_venv_39/lib/python3.11/site-packages/airflow/example_dags/example_datasets.py for tasks to queue
[2025-10-25T16:13:22.062+0200] {logging_mixin.py:188} INFO - [2025-10-25T16:13:22.062+0200] {dagbag.py:538} INFO - Filling up the DagBag from /Users/youssefdaaloul/venv/dbt_snowflake/airflow_venv_39/lib/python3.11/site-packages/airflow/example_dags/example_datasets.py
[2025-10-25T16:13:22.066+0200] {processor.py:840} INFO - DAG(s) 'dataset_consumes_1_and_2', 'dataset_produces_2', 'dataset_consumes_1_never_scheduled', 'dataset_consumes_1', 'dataset_consumes_unknown_never_scheduled', 'dataset_produces_1' retrieved from /Users/youssefdaaloul/venv/dbt_snowflake/airflow_venv_39/lib/python3.11/site-packages/airflow/example_dags/example_datasets.py
[2025-10-25T16:13:22.126+0200] {logging_mixin.py:188} INFO - [2025-10-25T16:13:22.126+0200] {dag.py:3036} INFO - Sync 6 DAGs
[2025-10-25T16:13:22.132+0200] {logging_mixin.py:188} INFO - [2025-10-25T16:13:22.132+0200] {dag.py:3823} INFO - Setting next_dagrun for dataset_consumes_1 to None, run_after=None
[2025-10-25T16:13:22.133+0200] {logging_mixin.py:188} INFO - [2025-10-25T16:13:22.133+0200] {dag.py:3823} INFO - Setting next_dagrun for dataset_consumes_1_and_2 to None, run_after=None
[2025-10-25T16:13:22.133+0200] {logging_mixin.py:188} INFO - [2025-10-25T16:13:22.133+0200] {dag.py:3823} INFO - Setting next_dagrun for dataset_consumes_1_never_scheduled to None, run_after=None
[2025-10-25T16:13:22.134+0200] {logging_mixin.py:188} INFO - [2025-10-25T16:13:22.133+0200] {dag.py:3823} INFO - Setting next_dagrun for dataset_consumes_unknown_never_scheduled to None, run_after=None
[2025-10-25T16:13:22.134+0200] {logging_mixin.py:188} INFO - [2025-10-25T16:13:22.134+0200] {dag.py:3823} INFO - Setting next_dagrun for dataset_produces_1 to 2025-10-24 00:00:00+00:00, run_after=2025-10-25 00:00:00+00:00
[2025-10-25T16:13:22.134+0200] {logging_mixin.py:188} INFO - [2025-10-25T16:13:22.134+0200] {dag.py:3823} INFO - Setting next_dagrun for dataset_produces_2 to None, run_after=None
[2025-10-25T16:13:22.144+0200] {processor.py:183} INFO - Processing /Users/youssefdaaloul/venv/dbt_snowflake/airflow_venv_39/lib/python3.11/site-packages/airflow/example_dags/example_datasets.py took 0.084 seconds
[2025-10-25T16:15:27.015+0200] {processor.py:161} INFO - Started process (PID=71567) to work on /Users/youssefdaaloul/venv/dbt_snowflake/airflow_venv_39/lib/python3.11/site-packages/airflow/example_dags/example_datasets.py
[2025-10-25T16:15:27.016+0200] {processor.py:830} INFO - Processing file /Users/youssefdaaloul/venv/dbt_snowflake/airflow_venv_39/lib/python3.11/site-packages/airflow/example_dags/example_datasets.py for tasks to queue
[2025-10-25T16:15:27.016+0200] {logging_mixin.py:188} INFO - [2025-10-25T16:15:27.016+0200] {dagbag.py:538} INFO - Filling up the DagBag from /Users/youssefdaaloul/venv/dbt_snowflake/airflow_venv_39/lib/python3.11/site-packages/airflow/example_dags/example_datasets.py
[2025-10-25T16:15:27.021+0200] {processor.py:840} INFO - DAG(s) 'dataset_produces_2', 'dataset_consumes_unknown_never_scheduled', 'dataset_consumes_1_never_scheduled', 'dataset_produces_1', 'dataset_consumes_1', 'dataset_consumes_1_and_2' retrieved from /Users/youssefdaaloul/venv/dbt_snowflake/airflow_venv_39/lib/python3.11/site-packages/airflow/example_dags/example_datasets.py
[2025-10-25T16:15:27.085+0200] {logging_mixin.py:188} INFO - [2025-10-25T16:15:27.085+0200] {dag.py:3036} INFO - Sync 6 DAGs
[2025-10-25T16:15:27.090+0200] {logging_mixin.py:188} INFO - [2025-10-25T16:15:27.090+0200] {dag.py:3823} INFO - Setting next_dagrun for dataset_consumes_1 to None, run_after=None
[2025-10-25T16:15:27.091+0200] {logging_mixin.py:188} INFO - [2025-10-25T16:15:27.091+0200] {dag.py:3823} INFO - Setting next_dagrun for dataset_consumes_1_and_2 to None, run_after=None
[2025-10-25T16:15:27.092+0200] {logging_mixin.py:188} INFO - [2025-10-25T16:15:27.092+0200] {dag.py:3823} INFO - Setting next_dagrun for dataset_consumes_1_never_scheduled to None, run_after=None
[2025-10-25T16:15:27.092+0200] {logging_mixin.py:188} INFO - [2025-10-25T16:15:27.092+0200] {dag.py:3823} INFO - Setting next_dagrun for dataset_consumes_unknown_never_scheduled to None, run_after=None
[2025-10-25T16:15:27.093+0200] {logging_mixin.py:188} INFO - [2025-10-25T16:15:27.093+0200] {dag.py:3823} INFO - Setting next_dagrun for dataset_produces_1 to 2025-10-24 00:00:00+00:00, run_after=2025-10-25 00:00:00+00:00
[2025-10-25T16:15:27.093+0200] {logging_mixin.py:188} INFO - [2025-10-25T16:15:27.093+0200] {dag.py:3823} INFO - Setting next_dagrun for dataset_produces_2 to None, run_after=None
[2025-10-25T16:15:27.102+0200] {processor.py:183} INFO - Processing /Users/youssefdaaloul/venv/dbt_snowflake/airflow_venv_39/lib/python3.11/site-packages/airflow/example_dags/example_datasets.py took 0.088 seconds
[2025-10-25T16:17:26.287+0200] {processor.py:161} INFO - Started process (PID=71664) to work on /Users/youssefdaaloul/venv/dbt_snowflake/airflow_venv_39/lib/python3.11/site-packages/airflow/example_dags/example_datasets.py
[2025-10-25T16:17:26.289+0200] {processor.py:830} INFO - Processing file /Users/youssefdaaloul/venv/dbt_snowflake/airflow_venv_39/lib/python3.11/site-packages/airflow/example_dags/example_datasets.py for tasks to queue
[2025-10-25T16:17:26.289+0200] {logging_mixin.py:188} INFO - [2025-10-25T16:17:26.289+0200] {dagbag.py:538} INFO - Filling up the DagBag from /Users/youssefdaaloul/venv/dbt_snowflake/airflow_venv_39/lib/python3.11/site-packages/airflow/example_dags/example_datasets.py
[2025-10-25T16:17:26.295+0200] {processor.py:840} INFO - DAG(s) 'dataset_consumes_1_never_scheduled', 'dataset_consumes_unknown_never_scheduled', 'dataset_consumes_1_and_2', 'dataset_produces_1', 'dataset_consumes_1', 'dataset_produces_2' retrieved from /Users/youssefdaaloul/venv/dbt_snowflake/airflow_venv_39/lib/python3.11/site-packages/airflow/example_dags/example_datasets.py
[2025-10-25T16:17:26.367+0200] {logging_mixin.py:188} INFO - [2025-10-25T16:17:26.367+0200] {dag.py:3036} INFO - Sync 6 DAGs
[2025-10-25T16:17:26.373+0200] {logging_mixin.py:188} INFO - [2025-10-25T16:17:26.373+0200] {dag.py:3823} INFO - Setting next_dagrun for dataset_consumes_1 to None, run_after=None
[2025-10-25T16:17:26.374+0200] {logging_mixin.py:188} INFO - [2025-10-25T16:17:26.374+0200] {dag.py:3823} INFO - Setting next_dagrun for dataset_consumes_1_and_2 to None, run_after=None
[2025-10-25T16:17:26.375+0200] {logging_mixin.py:188} INFO - [2025-10-25T16:17:26.375+0200] {dag.py:3823} INFO - Setting next_dagrun for dataset_consumes_1_never_scheduled to None, run_after=None
[2025-10-25T16:17:26.375+0200] {logging_mixin.py:188} INFO - [2025-10-25T16:17:26.375+0200] {dag.py:3823} INFO - Setting next_dagrun for dataset_consumes_unknown_never_scheduled to None, run_after=None
[2025-10-25T16:17:26.376+0200] {logging_mixin.py:188} INFO - [2025-10-25T16:17:26.376+0200] {dag.py:3823} INFO - Setting next_dagrun for dataset_produces_1 to 2025-10-24 00:00:00+00:00, run_after=2025-10-25 00:00:00+00:00
[2025-10-25T16:17:26.376+0200] {logging_mixin.py:188} INFO - [2025-10-25T16:17:26.376+0200] {dag.py:3823} INFO - Setting next_dagrun for dataset_produces_2 to None, run_after=None
[2025-10-25T16:17:26.387+0200] {processor.py:183} INFO - Processing /Users/youssefdaaloul/venv/dbt_snowflake/airflow_venv_39/lib/python3.11/site-packages/airflow/example_dags/example_datasets.py took 0.101 seconds
[2025-10-25T16:19:29.443+0200] {processor.py:161} INFO - Started process (PID=71790) to work on /Users/youssefdaaloul/venv/dbt_snowflake/airflow_venv_39/lib/python3.11/site-packages/airflow/example_dags/example_datasets.py
[2025-10-25T16:19:29.444+0200] {processor.py:830} INFO - Processing file /Users/youssefdaaloul/venv/dbt_snowflake/airflow_venv_39/lib/python3.11/site-packages/airflow/example_dags/example_datasets.py for tasks to queue
[2025-10-25T16:19:29.445+0200] {logging_mixin.py:188} INFO - [2025-10-25T16:19:29.445+0200] {dagbag.py:538} INFO - Filling up the DagBag from /Users/youssefdaaloul/venv/dbt_snowflake/airflow_venv_39/lib/python3.11/site-packages/airflow/example_dags/example_datasets.py
[2025-10-25T16:19:29.450+0200] {processor.py:840} INFO - DAG(s) 'dataset_consumes_1_never_scheduled', 'dataset_consumes_1_and_2', 'dataset_consumes_1', 'dataset_produces_1', 'dataset_consumes_unknown_never_scheduled', 'dataset_produces_2' retrieved from /Users/youssefdaaloul/venv/dbt_snowflake/airflow_venv_39/lib/python3.11/site-packages/airflow/example_dags/example_datasets.py
[2025-10-25T16:19:29.515+0200] {logging_mixin.py:188} INFO - [2025-10-25T16:19:29.515+0200] {dag.py:3036} INFO - Sync 6 DAGs
[2025-10-25T16:19:29.522+0200] {logging_mixin.py:188} INFO - [2025-10-25T16:19:29.522+0200] {dag.py:3823} INFO - Setting next_dagrun for dataset_consumes_1 to None, run_after=None
[2025-10-25T16:19:29.523+0200] {logging_mixin.py:188} INFO - [2025-10-25T16:19:29.523+0200] {dag.py:3823} INFO - Setting next_dagrun for dataset_consumes_1_and_2 to None, run_after=None
[2025-10-25T16:19:29.523+0200] {logging_mixin.py:188} INFO - [2025-10-25T16:19:29.523+0200] {dag.py:3823} INFO - Setting next_dagrun for dataset_consumes_1_never_scheduled to None, run_after=None
[2025-10-25T16:19:29.523+0200] {logging_mixin.py:188} INFO - [2025-10-25T16:19:29.523+0200] {dag.py:3823} INFO - Setting next_dagrun for dataset_consumes_unknown_never_scheduled to None, run_after=None
[2025-10-25T16:19:29.524+0200] {logging_mixin.py:188} INFO - [2025-10-25T16:19:29.524+0200] {dag.py:3823} INFO - Setting next_dagrun for dataset_produces_1 to 2025-10-24 00:00:00+00:00, run_after=2025-10-25 00:00:00+00:00
[2025-10-25T16:19:29.525+0200] {logging_mixin.py:188} INFO - [2025-10-25T16:19:29.524+0200] {dag.py:3823} INFO - Setting next_dagrun for dataset_produces_2 to None, run_after=None
[2025-10-25T16:19:29.536+0200] {processor.py:183} INFO - Processing /Users/youssefdaaloul/venv/dbt_snowflake/airflow_venv_39/lib/python3.11/site-packages/airflow/example_dags/example_datasets.py took 0.093 seconds
[2025-10-25T16:21:29.409+0200] {processor.py:161} INFO - Started process (PID=71896) to work on /Users/youssefdaaloul/venv/dbt_snowflake/airflow_venv_39/lib/python3.11/site-packages/airflow/example_dags/example_datasets.py
[2025-10-25T16:21:29.410+0200] {processor.py:830} INFO - Processing file /Users/youssefdaaloul/venv/dbt_snowflake/airflow_venv_39/lib/python3.11/site-packages/airflow/example_dags/example_datasets.py for tasks to queue
[2025-10-25T16:21:29.411+0200] {logging_mixin.py:188} INFO - [2025-10-25T16:21:29.411+0200] {dagbag.py:538} INFO - Filling up the DagBag from /Users/youssefdaaloul/venv/dbt_snowflake/airflow_venv_39/lib/python3.11/site-packages/airflow/example_dags/example_datasets.py
[2025-10-25T16:21:29.415+0200] {processor.py:840} INFO - DAG(s) 'dataset_produces_1', 'dataset_produces_2', 'dataset_consumes_1_never_scheduled', 'dataset_consumes_unknown_never_scheduled', 'dataset_consumes_1_and_2', 'dataset_consumes_1' retrieved from /Users/youssefdaaloul/venv/dbt_snowflake/airflow_venv_39/lib/python3.11/site-packages/airflow/example_dags/example_datasets.py
[2025-10-25T16:21:29.476+0200] {logging_mixin.py:188} INFO - [2025-10-25T16:21:29.475+0200] {dag.py:3036} INFO - Sync 6 DAGs
[2025-10-25T16:21:29.481+0200] {logging_mixin.py:188} INFO - [2025-10-25T16:21:29.481+0200] {dag.py:3823} INFO - Setting next_dagrun for dataset_consumes_1 to None, run_after=None
[2025-10-25T16:21:29.482+0200] {logging_mixin.py:188} INFO - [2025-10-25T16:21:29.482+0200] {dag.py:3823} INFO - Setting next_dagrun for dataset_consumes_1_and_2 to None, run_after=None
[2025-10-25T16:21:29.482+0200] {logging_mixin.py:188} INFO - [2025-10-25T16:21:29.482+0200] {dag.py:3823} INFO - Setting next_dagrun for dataset_consumes_1_never_scheduled to None, run_after=None
[2025-10-25T16:21:29.483+0200] {logging_mixin.py:188} INFO - [2025-10-25T16:21:29.483+0200] {dag.py:3823} INFO - Setting next_dagrun for dataset_consumes_unknown_never_scheduled to None, run_after=None
[2025-10-25T16:21:29.483+0200] {logging_mixin.py:188} INFO - [2025-10-25T16:21:29.483+0200] {dag.py:3823} INFO - Setting next_dagrun for dataset_produces_1 to 2025-10-24 00:00:00+00:00, run_after=2025-10-25 00:00:00+00:00
[2025-10-25T16:21:29.484+0200] {logging_mixin.py:188} INFO - [2025-10-25T16:21:29.484+0200] {dag.py:3823} INFO - Setting next_dagrun for dataset_produces_2 to None, run_after=None
[2025-10-25T16:21:29.494+0200] {processor.py:183} INFO - Processing /Users/youssefdaaloul/venv/dbt_snowflake/airflow_venv_39/lib/python3.11/site-packages/airflow/example_dags/example_datasets.py took 0.085 seconds
[2025-10-25T16:23:17.211+0200] {processor.py:161} INFO - Started process (PID=71996) to work on /Users/youssefdaaloul/venv/dbt_snowflake/airflow_venv_39/lib/python3.11/site-packages/airflow/example_dags/example_datasets.py
[2025-10-25T16:23:17.212+0200] {processor.py:830} INFO - Processing file /Users/youssefdaaloul/venv/dbt_snowflake/airflow_venv_39/lib/python3.11/site-packages/airflow/example_dags/example_datasets.py for tasks to queue
[2025-10-25T16:23:17.213+0200] {logging_mixin.py:188} INFO - [2025-10-25T16:23:17.212+0200] {dagbag.py:538} INFO - Filling up the DagBag from /Users/youssefdaaloul/venv/dbt_snowflake/airflow_venv_39/lib/python3.11/site-packages/airflow/example_dags/example_datasets.py
[2025-10-25T16:23:17.218+0200] {processor.py:840} INFO - DAG(s) 'dataset_consumes_1_and_2', 'dataset_consumes_unknown_never_scheduled', 'dataset_consumes_1', 'dataset_consumes_1_never_scheduled', 'dataset_produces_1', 'dataset_produces_2' retrieved from /Users/youssefdaaloul/venv/dbt_snowflake/airflow_venv_39/lib/python3.11/site-packages/airflow/example_dags/example_datasets.py
[2025-10-25T16:23:17.281+0200] {logging_mixin.py:188} INFO - [2025-10-25T16:23:17.281+0200] {dag.py:3036} INFO - Sync 6 DAGs
[2025-10-25T16:23:17.288+0200] {logging_mixin.py:188} INFO - [2025-10-25T16:23:17.288+0200] {dag.py:3823} INFO - Setting next_dagrun for dataset_consumes_1 to None, run_after=None
[2025-10-25T16:23:17.289+0200] {logging_mixin.py:188} INFO - [2025-10-25T16:23:17.289+0200] {dag.py:3823} INFO - Setting next_dagrun for dataset_consumes_1_and_2 to None, run_after=None
[2025-10-25T16:23:17.289+0200] {logging_mixin.py:188} INFO - [2025-10-25T16:23:17.289+0200] {dag.py:3823} INFO - Setting next_dagrun for dataset_consumes_1_never_scheduled to None, run_after=None
[2025-10-25T16:23:17.289+0200] {logging_mixin.py:188} INFO - [2025-10-25T16:23:17.289+0200] {dag.py:3823} INFO - Setting next_dagrun for dataset_consumes_unknown_never_scheduled to None, run_after=None
[2025-10-25T16:23:17.290+0200] {logging_mixin.py:188} INFO - [2025-10-25T16:23:17.290+0200] {dag.py:3823} INFO - Setting next_dagrun for dataset_produces_1 to 2025-10-24 00:00:00+00:00, run_after=2025-10-25 00:00:00+00:00
[2025-10-25T16:23:17.290+0200] {logging_mixin.py:188} INFO - [2025-10-25T16:23:17.290+0200] {dag.py:3823} INFO - Setting next_dagrun for dataset_produces_2 to None, run_after=None
[2025-10-25T16:23:17.301+0200] {processor.py:183} INFO - Processing /Users/youssefdaaloul/venv/dbt_snowflake/airflow_venv_39/lib/python3.11/site-packages/airflow/example_dags/example_datasets.py took 0.089 seconds
[2025-10-25T16:25:06.169+0200] {processor.py:161} INFO - Started process (PID=72097) to work on /Users/youssefdaaloul/venv/dbt_snowflake/airflow_venv_39/lib/python3.11/site-packages/airflow/example_dags/example_datasets.py
[2025-10-25T16:25:06.171+0200] {processor.py:830} INFO - Processing file /Users/youssefdaaloul/venv/dbt_snowflake/airflow_venv_39/lib/python3.11/site-packages/airflow/example_dags/example_datasets.py for tasks to queue
[2025-10-25T16:25:06.171+0200] {logging_mixin.py:188} INFO - [2025-10-25T16:25:06.171+0200] {dagbag.py:538} INFO - Filling up the DagBag from /Users/youssefdaaloul/venv/dbt_snowflake/airflow_venv_39/lib/python3.11/site-packages/airflow/example_dags/example_datasets.py
[2025-10-25T16:25:06.175+0200] {processor.py:840} INFO - DAG(s) 'dataset_consumes_1', 'dataset_produces_1', 'dataset_consumes_unknown_never_scheduled', 'dataset_consumes_1_and_2', 'dataset_produces_2', 'dataset_consumes_1_never_scheduled' retrieved from /Users/youssefdaaloul/venv/dbt_snowflake/airflow_venv_39/lib/python3.11/site-packages/airflow/example_dags/example_datasets.py
[2025-10-25T16:25:06.235+0200] {logging_mixin.py:188} INFO - [2025-10-25T16:25:06.235+0200] {dag.py:3036} INFO - Sync 6 DAGs
[2025-10-25T16:25:06.241+0200] {logging_mixin.py:188} INFO - [2025-10-25T16:25:06.240+0200] {dag.py:3823} INFO - Setting next_dagrun for dataset_consumes_1 to None, run_after=None
[2025-10-25T16:25:06.241+0200] {logging_mixin.py:188} INFO - [2025-10-25T16:25:06.241+0200] {dag.py:3823} INFO - Setting next_dagrun for dataset_consumes_1_and_2 to None, run_after=None
[2025-10-25T16:25:06.242+0200] {logging_mixin.py:188} INFO - [2025-10-25T16:25:06.242+0200] {dag.py:3823} INFO - Setting next_dagrun for dataset_consumes_1_never_scheduled to None, run_after=None
[2025-10-25T16:25:06.242+0200] {logging_mixin.py:188} INFO - [2025-10-25T16:25:06.242+0200] {dag.py:3823} INFO - Setting next_dagrun for dataset_consumes_unknown_never_scheduled to None, run_after=None
[2025-10-25T16:25:06.243+0200] {logging_mixin.py:188} INFO - [2025-10-25T16:25:06.243+0200] {dag.py:3823} INFO - Setting next_dagrun for dataset_produces_1 to 2025-10-24 00:00:00+00:00, run_after=2025-10-25 00:00:00+00:00
[2025-10-25T16:25:06.243+0200] {logging_mixin.py:188} INFO - [2025-10-25T16:25:06.243+0200] {dag.py:3823} INFO - Setting next_dagrun for dataset_produces_2 to None, run_after=None
[2025-10-25T16:25:06.253+0200] {processor.py:183} INFO - Processing /Users/youssefdaaloul/venv/dbt_snowflake/airflow_venv_39/lib/python3.11/site-packages/airflow/example_dags/example_datasets.py took 0.084 seconds
[2025-10-25T16:26:52.397+0200] {processor.py:161} INFO - Started process (PID=72209) to work on /Users/youssefdaaloul/venv/dbt_snowflake/airflow_venv_39/lib/python3.11/site-packages/airflow/example_dags/example_datasets.py
[2025-10-25T16:26:52.398+0200] {processor.py:830} INFO - Processing file /Users/youssefdaaloul/venv/dbt_snowflake/airflow_venv_39/lib/python3.11/site-packages/airflow/example_dags/example_datasets.py for tasks to queue
[2025-10-25T16:26:52.398+0200] {logging_mixin.py:188} INFO - [2025-10-25T16:26:52.398+0200] {dagbag.py:538} INFO - Filling up the DagBag from /Users/youssefdaaloul/venv/dbt_snowflake/airflow_venv_39/lib/python3.11/site-packages/airflow/example_dags/example_datasets.py
[2025-10-25T16:26:52.404+0200] {processor.py:840} INFO - DAG(s) 'dataset_produces_1', 'dataset_consumes_1_never_scheduled', 'dataset_consumes_unknown_never_scheduled', 'dataset_consumes_1', 'dataset_produces_2', 'dataset_consumes_1_and_2' retrieved from /Users/youssefdaaloul/venv/dbt_snowflake/airflow_venv_39/lib/python3.11/site-packages/airflow/example_dags/example_datasets.py
[2025-10-25T16:26:52.469+0200] {logging_mixin.py:188} INFO - [2025-10-25T16:26:52.469+0200] {dag.py:3036} INFO - Sync 6 DAGs
[2025-10-25T16:26:52.475+0200] {logging_mixin.py:188} INFO - [2025-10-25T16:26:52.475+0200] {dag.py:3823} INFO - Setting next_dagrun for dataset_consumes_1 to None, run_after=None
[2025-10-25T16:26:52.476+0200] {logging_mixin.py:188} INFO - [2025-10-25T16:26:52.475+0200] {dag.py:3823} INFO - Setting next_dagrun for dataset_consumes_1_and_2 to None, run_after=None
[2025-10-25T16:26:52.476+0200] {logging_mixin.py:188} INFO - [2025-10-25T16:26:52.476+0200] {dag.py:3823} INFO - Setting next_dagrun for dataset_consumes_1_never_scheduled to None, run_after=None
[2025-10-25T16:26:52.476+0200] {logging_mixin.py:188} INFO - [2025-10-25T16:26:52.476+0200] {dag.py:3823} INFO - Setting next_dagrun for dataset_consumes_unknown_never_scheduled to None, run_after=None
[2025-10-25T16:26:52.477+0200] {logging_mixin.py:188} INFO - [2025-10-25T16:26:52.477+0200] {dag.py:3823} INFO - Setting next_dagrun for dataset_produces_1 to 2025-10-24 00:00:00+00:00, run_after=2025-10-25 00:00:00+00:00
[2025-10-25T16:26:52.477+0200] {logging_mixin.py:188} INFO - [2025-10-25T16:26:52.477+0200] {dag.py:3823} INFO - Setting next_dagrun for dataset_produces_2 to None, run_after=None
[2025-10-25T16:26:52.487+0200] {processor.py:183} INFO - Processing /Users/youssefdaaloul/venv/dbt_snowflake/airflow_venv_39/lib/python3.11/site-packages/airflow/example_dags/example_datasets.py took 0.090 seconds
[2025-10-25T16:28:49.955+0200] {processor.py:161} INFO - Started process (PID=72330) to work on /Users/youssefdaaloul/venv/dbt_snowflake/airflow_venv_39/lib/python3.11/site-packages/airflow/example_dags/example_datasets.py
[2025-10-25T16:28:49.955+0200] {processor.py:830} INFO - Processing file /Users/youssefdaaloul/venv/dbt_snowflake/airflow_venv_39/lib/python3.11/site-packages/airflow/example_dags/example_datasets.py for tasks to queue
[2025-10-25T16:28:49.956+0200] {logging_mixin.py:188} INFO - [2025-10-25T16:28:49.956+0200] {dagbag.py:538} INFO - Filling up the DagBag from /Users/youssefdaaloul/venv/dbt_snowflake/airflow_venv_39/lib/python3.11/site-packages/airflow/example_dags/example_datasets.py
[2025-10-25T16:28:49.961+0200] {processor.py:840} INFO - DAG(s) 'dataset_consumes_1', 'dataset_consumes_1_and_2', 'dataset_produces_2', 'dataset_consumes_unknown_never_scheduled', 'dataset_produces_1', 'dataset_consumes_1_never_scheduled' retrieved from /Users/youssefdaaloul/venv/dbt_snowflake/airflow_venv_39/lib/python3.11/site-packages/airflow/example_dags/example_datasets.py
[2025-10-25T16:28:50.026+0200] {logging_mixin.py:188} INFO - [2025-10-25T16:28:50.026+0200] {dag.py:3036} INFO - Sync 6 DAGs
[2025-10-25T16:28:50.032+0200] {logging_mixin.py:188} INFO - [2025-10-25T16:28:50.032+0200] {dag.py:3823} INFO - Setting next_dagrun for dataset_consumes_1 to None, run_after=None
[2025-10-25T16:28:50.033+0200] {logging_mixin.py:188} INFO - [2025-10-25T16:28:50.033+0200] {dag.py:3823} INFO - Setting next_dagrun for dataset_consumes_1_and_2 to None, run_after=None
[2025-10-25T16:28:50.034+0200] {logging_mixin.py:188} INFO - [2025-10-25T16:28:50.034+0200] {dag.py:3823} INFO - Setting next_dagrun for dataset_consumes_1_never_scheduled to None, run_after=None
[2025-10-25T16:28:50.034+0200] {logging_mixin.py:188} INFO - [2025-10-25T16:28:50.034+0200] {dag.py:3823} INFO - Setting next_dagrun for dataset_consumes_unknown_never_scheduled to None, run_after=None
[2025-10-25T16:28:50.035+0200] {logging_mixin.py:188} INFO - [2025-10-25T16:28:50.035+0200] {dag.py:3823} INFO - Setting next_dagrun for dataset_produces_1 to 2025-10-24 00:00:00+00:00, run_after=2025-10-25 00:00:00+00:00
[2025-10-25T16:28:50.035+0200] {logging_mixin.py:188} INFO - [2025-10-25T16:28:50.035+0200] {dag.py:3823} INFO - Setting next_dagrun for dataset_produces_2 to None, run_after=None
[2025-10-25T16:28:50.045+0200] {processor.py:183} INFO - Processing /Users/youssefdaaloul/venv/dbt_snowflake/airflow_venv_39/lib/python3.11/site-packages/airflow/example_dags/example_datasets.py took 0.091 seconds
[2025-10-25T16:30:48.748+0200] {processor.py:161} INFO - Started process (PID=72447) to work on /Users/youssefdaaloul/venv/dbt_snowflake/airflow_venv_39/lib/python3.11/site-packages/airflow/example_dags/example_datasets.py
[2025-10-25T16:30:48.749+0200] {processor.py:830} INFO - Processing file /Users/youssefdaaloul/venv/dbt_snowflake/airflow_venv_39/lib/python3.11/site-packages/airflow/example_dags/example_datasets.py for tasks to queue
[2025-10-25T16:30:48.749+0200] {logging_mixin.py:188} INFO - [2025-10-25T16:30:48.749+0200] {dagbag.py:538} INFO - Filling up the DagBag from /Users/youssefdaaloul/venv/dbt_snowflake/airflow_venv_39/lib/python3.11/site-packages/airflow/example_dags/example_datasets.py
[2025-10-25T16:30:48.754+0200] {processor.py:840} INFO - DAG(s) 'dataset_consumes_1_never_scheduled', 'dataset_consumes_1', 'dataset_consumes_1_and_2', 'dataset_produces_1', 'dataset_produces_2', 'dataset_consumes_unknown_never_scheduled' retrieved from /Users/youssefdaaloul/venv/dbt_snowflake/airflow_venv_39/lib/python3.11/site-packages/airflow/example_dags/example_datasets.py
[2025-10-25T16:30:48.816+0200] {logging_mixin.py:188} INFO - [2025-10-25T16:30:48.816+0200] {dag.py:3036} INFO - Sync 6 DAGs
[2025-10-25T16:30:48.821+0200] {logging_mixin.py:188} INFO - [2025-10-25T16:30:48.821+0200] {dag.py:3823} INFO - Setting next_dagrun for dataset_consumes_1 to None, run_after=None
[2025-10-25T16:30:48.822+0200] {logging_mixin.py:188} INFO - [2025-10-25T16:30:48.822+0200] {dag.py:3823} INFO - Setting next_dagrun for dataset_consumes_1_and_2 to None, run_after=None
[2025-10-25T16:30:48.823+0200] {logging_mixin.py:188} INFO - [2025-10-25T16:30:48.823+0200] {dag.py:3823} INFO - Setting next_dagrun for dataset_consumes_1_never_scheduled to None, run_after=None
[2025-10-25T16:30:48.823+0200] {logging_mixin.py:188} INFO - [2025-10-25T16:30:48.823+0200] {dag.py:3823} INFO - Setting next_dagrun for dataset_consumes_unknown_never_scheduled to None, run_after=None
[2025-10-25T16:30:48.824+0200] {logging_mixin.py:188} INFO - [2025-10-25T16:30:48.824+0200] {dag.py:3823} INFO - Setting next_dagrun for dataset_produces_1 to 2025-10-24 00:00:00+00:00, run_after=2025-10-25 00:00:00+00:00
[2025-10-25T16:30:48.824+0200] {logging_mixin.py:188} INFO - [2025-10-25T16:30:48.824+0200] {dag.py:3823} INFO - Setting next_dagrun for dataset_produces_2 to None, run_after=None
[2025-10-25T16:30:48.834+0200] {processor.py:183} INFO - Processing /Users/youssefdaaloul/venv/dbt_snowflake/airflow_venv_39/lib/python3.11/site-packages/airflow/example_dags/example_datasets.py took 0.086 seconds
[2025-10-25T16:32:40.408+0200] {processor.py:161} INFO - Started process (PID=72613) to work on /Users/youssefdaaloul/venv/dbt_snowflake/airflow_venv_39/lib/python3.11/site-packages/airflow/example_dags/example_datasets.py
[2025-10-25T16:32:40.408+0200] {processor.py:830} INFO - Processing file /Users/youssefdaaloul/venv/dbt_snowflake/airflow_venv_39/lib/python3.11/site-packages/airflow/example_dags/example_datasets.py for tasks to queue
[2025-10-25T16:32:40.409+0200] {logging_mixin.py:188} INFO - [2025-10-25T16:32:40.409+0200] {dagbag.py:538} INFO - Filling up the DagBag from /Users/youssefdaaloul/venv/dbt_snowflake/airflow_venv_39/lib/python3.11/site-packages/airflow/example_dags/example_datasets.py
[2025-10-25T16:32:40.413+0200] {processor.py:840} INFO - DAG(s) 'dataset_consumes_1_and_2', 'dataset_consumes_1_never_scheduled', 'dataset_consumes_1', 'dataset_produces_2', 'dataset_produces_1', 'dataset_consumes_unknown_never_scheduled' retrieved from /Users/youssefdaaloul/venv/dbt_snowflake/airflow_venv_39/lib/python3.11/site-packages/airflow/example_dags/example_datasets.py
[2025-10-25T16:32:40.476+0200] {logging_mixin.py:188} INFO - [2025-10-25T16:32:40.476+0200] {dag.py:3036} INFO - Sync 6 DAGs
[2025-10-25T16:32:40.482+0200] {logging_mixin.py:188} INFO - [2025-10-25T16:32:40.482+0200] {dag.py:3823} INFO - Setting next_dagrun for dataset_consumes_1 to None, run_after=None
[2025-10-25T16:32:40.483+0200] {logging_mixin.py:188} INFO - [2025-10-25T16:32:40.483+0200] {dag.py:3823} INFO - Setting next_dagrun for dataset_consumes_1_and_2 to None, run_after=None
[2025-10-25T16:32:40.483+0200] {logging_mixin.py:188} INFO - [2025-10-25T16:32:40.483+0200] {dag.py:3823} INFO - Setting next_dagrun for dataset_consumes_1_never_scheduled to None, run_after=None
[2025-10-25T16:32:40.483+0200] {logging_mixin.py:188} INFO - [2025-10-25T16:32:40.483+0200] {dag.py:3823} INFO - Setting next_dagrun for dataset_consumes_unknown_never_scheduled to None, run_after=None
[2025-10-25T16:32:40.484+0200] {logging_mixin.py:188} INFO - [2025-10-25T16:32:40.484+0200] {dag.py:3823} INFO - Setting next_dagrun for dataset_produces_1 to 2025-10-24 00:00:00+00:00, run_after=2025-10-25 00:00:00+00:00
[2025-10-25T16:32:40.484+0200] {logging_mixin.py:188} INFO - [2025-10-25T16:32:40.484+0200] {dag.py:3823} INFO - Setting next_dagrun for dataset_produces_2 to None, run_after=None
[2025-10-25T16:32:40.493+0200] {processor.py:183} INFO - Processing /Users/youssefdaaloul/venv/dbt_snowflake/airflow_venv_39/lib/python3.11/site-packages/airflow/example_dags/example_datasets.py took 0.086 seconds
[2025-10-25T16:34:39.693+0200] {processor.py:161} INFO - Started process (PID=72760) to work on /Users/youssefdaaloul/venv/dbt_snowflake/airflow_venv_39/lib/python3.11/site-packages/airflow/example_dags/example_datasets.py
[2025-10-25T16:34:39.694+0200] {processor.py:830} INFO - Processing file /Users/youssefdaaloul/venv/dbt_snowflake/airflow_venv_39/lib/python3.11/site-packages/airflow/example_dags/example_datasets.py for tasks to queue
[2025-10-25T16:34:39.694+0200] {logging_mixin.py:188} INFO - [2025-10-25T16:34:39.694+0200] {dagbag.py:538} INFO - Filling up the DagBag from /Users/youssefdaaloul/venv/dbt_snowflake/airflow_venv_39/lib/python3.11/site-packages/airflow/example_dags/example_datasets.py
[2025-10-25T16:34:39.698+0200] {processor.py:840} INFO - DAG(s) 'dataset_consumes_unknown_never_scheduled', 'dataset_produces_1', 'dataset_consumes_1', 'dataset_produces_2', 'dataset_consumes_1_never_scheduled', 'dataset_consumes_1_and_2' retrieved from /Users/youssefdaaloul/venv/dbt_snowflake/airflow_venv_39/lib/python3.11/site-packages/airflow/example_dags/example_datasets.py
[2025-10-25T16:34:39.762+0200] {logging_mixin.py:188} INFO - [2025-10-25T16:34:39.762+0200] {dag.py:3036} INFO - Sync 6 DAGs
[2025-10-25T16:34:39.769+0200] {logging_mixin.py:188} INFO - [2025-10-25T16:34:39.769+0200] {dag.py:3823} INFO - Setting next_dagrun for dataset_consumes_1 to None, run_after=None
[2025-10-25T16:34:39.770+0200] {logging_mixin.py:188} INFO - [2025-10-25T16:34:39.770+0200] {dag.py:3823} INFO - Setting next_dagrun for dataset_consumes_1_and_2 to None, run_after=None
[2025-10-25T16:34:39.771+0200] {logging_mixin.py:188} INFO - [2025-10-25T16:34:39.771+0200] {dag.py:3823} INFO - Setting next_dagrun for dataset_consumes_1_never_scheduled to None, run_after=None
[2025-10-25T16:34:39.771+0200] {logging_mixin.py:188} INFO - [2025-10-25T16:34:39.771+0200] {dag.py:3823} INFO - Setting next_dagrun for dataset_consumes_unknown_never_scheduled to None, run_after=None
[2025-10-25T16:34:39.772+0200] {logging_mixin.py:188} INFO - [2025-10-25T16:34:39.772+0200] {dag.py:3823} INFO - Setting next_dagrun for dataset_produces_1 to 2025-10-24 00:00:00+00:00, run_after=2025-10-25 00:00:00+00:00
[2025-10-25T16:34:39.772+0200] {logging_mixin.py:188} INFO - [2025-10-25T16:34:39.772+0200] {dag.py:3823} INFO - Setting next_dagrun for dataset_produces_2 to None, run_after=None
[2025-10-25T16:34:39.782+0200] {processor.py:183} INFO - Processing /Users/youssefdaaloul/venv/dbt_snowflake/airflow_venv_39/lib/python3.11/site-packages/airflow/example_dags/example_datasets.py took 0.090 seconds
[2025-10-25T16:36:37.329+0200] {processor.py:161} INFO - Started process (PID=72922) to work on /Users/youssefdaaloul/venv/dbt_snowflake/airflow_venv_39/lib/python3.11/site-packages/airflow/example_dags/example_datasets.py
[2025-10-25T16:36:37.331+0200] {processor.py:830} INFO - Processing file /Users/youssefdaaloul/venv/dbt_snowflake/airflow_venv_39/lib/python3.11/site-packages/airflow/example_dags/example_datasets.py for tasks to queue
[2025-10-25T16:36:37.331+0200] {logging_mixin.py:188} INFO - [2025-10-25T16:36:37.331+0200] {dagbag.py:538} INFO - Filling up the DagBag from /Users/youssefdaaloul/venv/dbt_snowflake/airflow_venv_39/lib/python3.11/site-packages/airflow/example_dags/example_datasets.py
[2025-10-25T16:36:37.336+0200] {processor.py:840} INFO - DAG(s) 'dataset_consumes_1_never_scheduled', 'dataset_consumes_1_and_2', 'dataset_produces_1', 'dataset_consumes_unknown_never_scheduled', 'dataset_produces_2', 'dataset_consumes_1' retrieved from /Users/youssefdaaloul/venv/dbt_snowflake/airflow_venv_39/lib/python3.11/site-packages/airflow/example_dags/example_datasets.py
[2025-10-25T16:36:37.405+0200] {logging_mixin.py:188} INFO - [2025-10-25T16:36:37.405+0200] {dag.py:3036} INFO - Sync 6 DAGs
[2025-10-25T16:36:37.411+0200] {logging_mixin.py:188} INFO - [2025-10-25T16:36:37.411+0200] {dag.py:3823} INFO - Setting next_dagrun for dataset_consumes_1 to None, run_after=None
[2025-10-25T16:36:37.412+0200] {logging_mixin.py:188} INFO - [2025-10-25T16:36:37.412+0200] {dag.py:3823} INFO - Setting next_dagrun for dataset_consumes_1_and_2 to None, run_after=None
[2025-10-25T16:36:37.412+0200] {logging_mixin.py:188} INFO - [2025-10-25T16:36:37.412+0200] {dag.py:3823} INFO - Setting next_dagrun for dataset_consumes_1_never_scheduled to None, run_after=None
[2025-10-25T16:36:37.412+0200] {logging_mixin.py:188} INFO - [2025-10-25T16:36:37.412+0200] {dag.py:3823} INFO - Setting next_dagrun for dataset_consumes_unknown_never_scheduled to None, run_after=None
[2025-10-25T16:36:37.413+0200] {logging_mixin.py:188} INFO - [2025-10-25T16:36:37.413+0200] {dag.py:3823} INFO - Setting next_dagrun for dataset_produces_1 to 2025-10-24 00:00:00+00:00, run_after=2025-10-25 00:00:00+00:00
[2025-10-25T16:36:37.413+0200] {logging_mixin.py:188} INFO - [2025-10-25T16:36:37.413+0200] {dag.py:3823} INFO - Setting next_dagrun for dataset_produces_2 to None, run_after=None
[2025-10-25T16:36:37.423+0200] {processor.py:183} INFO - Processing /Users/youssefdaaloul/venv/dbt_snowflake/airflow_venv_39/lib/python3.11/site-packages/airflow/example_dags/example_datasets.py took 0.094 seconds
