[2025-10-25T16:08:33.656+0200] {processor.py:161} INFO - Started process (PID=71200) to work on /Users/youssefdaaloul/venv/dbt_snowflake/airflow_venv_39/lib/python3.11/site-packages/airflow/example_dags/example_xcom.py
[2025-10-25T16:08:33.656+0200] {processor.py:830} INFO - Processing file /Users/youssefdaaloul/venv/dbt_snowflake/airflow_venv_39/lib/python3.11/site-packages/airflow/example_dags/example_xcom.py for tasks to queue
[2025-10-25T16:08:33.656+0200] {logging_mixin.py:188} INFO - [2025-10-25T16:08:33.656+0200] {dagbag.py:538} INFO - Filling up the DagBag from /Users/youssefdaaloul/venv/dbt_snowflake/airflow_venv_39/lib/python3.11/site-packages/airflow/example_dags/example_xcom.py
[2025-10-25T16:08:33.672+0200] {processor.py:840} INFO - DAG(s) 'example_xcom' retrieved from /Users/youssefdaaloul/venv/dbt_snowflake/airflow_venv_39/lib/python3.11/site-packages/airflow/example_dags/example_xcom.py
[2025-10-25T16:08:33.675+0200] {logging_mixin.py:188} INFO - [2025-10-25T16:08:33.675+0200] {dag.py:3036} INFO - Sync 1 DAGs
[2025-10-25T16:08:33.728+0200] {logging_mixin.py:188} INFO - [2025-10-25T16:08:33.728+0200] {dag.py:3823} INFO - Setting next_dagrun for example_xcom to 2021-01-01 00:00:00+00:00, run_after=2021-01-01 00:00:00+00:00
[2025-10-25T16:08:33.735+0200] {processor.py:183} INFO - Processing /Users/youssefdaaloul/venv/dbt_snowflake/airflow_venv_39/lib/python3.11/site-packages/airflow/example_dags/example_xcom.py took 0.080 seconds
[2025-10-25T16:10:04.434+0200] {processor.py:161} INFO - Started process (PID=71271) to work on /Users/youssefdaaloul/venv/dbt_snowflake/airflow_venv_39/lib/python3.11/site-packages/airflow/example_dags/example_xcom.py
[2025-10-25T16:10:04.435+0200] {processor.py:830} INFO - Processing file /Users/youssefdaaloul/venv/dbt_snowflake/airflow_venv_39/lib/python3.11/site-packages/airflow/example_dags/example_xcom.py for tasks to queue
[2025-10-25T16:10:04.435+0200] {logging_mixin.py:188} INFO - [2025-10-25T16:10:04.435+0200] {dagbag.py:538} INFO - Filling up the DagBag from /Users/youssefdaaloul/venv/dbt_snowflake/airflow_venv_39/lib/python3.11/site-packages/airflow/example_dags/example_xcom.py
[2025-10-25T16:10:04.451+0200] {processor.py:840} INFO - DAG(s) 'example_xcom' retrieved from /Users/youssefdaaloul/venv/dbt_snowflake/airflow_venv_39/lib/python3.11/site-packages/airflow/example_dags/example_xcom.py
[2025-10-25T16:10:04.544+0200] {logging_mixin.py:188} INFO - [2025-10-25T16:10:04.543+0200] {dag.py:3036} INFO - Sync 1 DAGs
[2025-10-25T16:10:04.550+0200] {logging_mixin.py:188} INFO - [2025-10-25T16:10:04.550+0200] {dag.py:3823} INFO - Setting next_dagrun for example_xcom to 2021-01-01 00:00:00+00:00, run_after=2021-01-01 00:00:00+00:00
[2025-10-25T16:10:04.559+0200] {processor.py:183} INFO - Processing /Users/youssefdaaloul/venv/dbt_snowflake/airflow_venv_39/lib/python3.11/site-packages/airflow/example_dags/example_xcom.py took 0.125 seconds
[2025-10-25T16:11:04.552+0200] {processor.py:161} INFO - Started process (PID=71325) to work on /Users/youssefdaaloul/venv/dbt_snowflake/airflow_venv_39/lib/python3.11/site-packages/airflow/example_dags/example_xcom.py
[2025-10-25T16:11:04.553+0200] {processor.py:830} INFO - Processing file /Users/youssefdaaloul/venv/dbt_snowflake/airflow_venv_39/lib/python3.11/site-packages/airflow/example_dags/example_xcom.py for tasks to queue
[2025-10-25T16:11:04.553+0200] {logging_mixin.py:188} INFO - [2025-10-25T16:11:04.553+0200] {dagbag.py:538} INFO - Filling up the DagBag from /Users/youssefdaaloul/venv/dbt_snowflake/airflow_venv_39/lib/python3.11/site-packages/airflow/example_dags/example_xcom.py
[2025-10-25T16:11:04.570+0200] {processor.py:840} INFO - DAG(s) 'example_xcom' retrieved from /Users/youssefdaaloul/venv/dbt_snowflake/airflow_venv_39/lib/python3.11/site-packages/airflow/example_dags/example_xcom.py
[2025-10-25T16:11:04.633+0200] {logging_mixin.py:188} INFO - [2025-10-25T16:11:04.632+0200] {dag.py:3036} INFO - Sync 1 DAGs
[2025-10-25T16:11:04.639+0200] {logging_mixin.py:188} INFO - [2025-10-25T16:11:04.639+0200] {dag.py:3823} INFO - Setting next_dagrun for example_xcom to 2021-01-01 00:00:00+00:00, run_after=2021-01-01 00:00:00+00:00
[2025-10-25T16:11:04.646+0200] {processor.py:183} INFO - Processing /Users/youssefdaaloul/venv/dbt_snowflake/airflow_venv_39/lib/python3.11/site-packages/airflow/example_dags/example_xcom.py took 0.094 seconds
[2025-10-25T16:12:03.272+0200] {processor.py:161} INFO - Started process (PID=71386) to work on /Users/youssefdaaloul/venv/dbt_snowflake/airflow_venv_39/lib/python3.11/site-packages/airflow/example_dags/example_xcom.py
[2025-10-25T16:12:03.272+0200] {processor.py:830} INFO - Processing file /Users/youssefdaaloul/venv/dbt_snowflake/airflow_venv_39/lib/python3.11/site-packages/airflow/example_dags/example_xcom.py for tasks to queue
[2025-10-25T16:12:03.273+0200] {logging_mixin.py:188} INFO - [2025-10-25T16:12:03.273+0200] {dagbag.py:538} INFO - Filling up the DagBag from /Users/youssefdaaloul/venv/dbt_snowflake/airflow_venv_39/lib/python3.11/site-packages/airflow/example_dags/example_xcom.py
[2025-10-25T16:12:03.289+0200] {processor.py:840} INFO - DAG(s) 'example_xcom' retrieved from /Users/youssefdaaloul/venv/dbt_snowflake/airflow_venv_39/lib/python3.11/site-packages/airflow/example_dags/example_xcom.py
[2025-10-25T16:12:03.351+0200] {logging_mixin.py:188} INFO - [2025-10-25T16:12:03.351+0200] {dag.py:3036} INFO - Sync 1 DAGs
[2025-10-25T16:12:03.358+0200] {logging_mixin.py:188} INFO - [2025-10-25T16:12:03.358+0200] {dag.py:3823} INFO - Setting next_dagrun for example_xcom to 2021-01-01 00:00:00+00:00, run_after=2021-01-01 00:00:00+00:00
[2025-10-25T16:12:03.365+0200] {processor.py:183} INFO - Processing /Users/youssefdaaloul/venv/dbt_snowflake/airflow_venv_39/lib/python3.11/site-packages/airflow/example_dags/example_xcom.py took 0.094 seconds
[2025-10-25T16:13:00.847+0200] {processor.py:161} INFO - Started process (PID=71437) to work on /Users/youssefdaaloul/venv/dbt_snowflake/airflow_venv_39/lib/python3.11/site-packages/airflow/example_dags/example_xcom.py
[2025-10-25T16:13:00.849+0200] {processor.py:830} INFO - Processing file /Users/youssefdaaloul/venv/dbt_snowflake/airflow_venv_39/lib/python3.11/site-packages/airflow/example_dags/example_xcom.py for tasks to queue
[2025-10-25T16:13:00.849+0200] {logging_mixin.py:188} INFO - [2025-10-25T16:13:00.849+0200] {dagbag.py:538} INFO - Filling up the DagBag from /Users/youssefdaaloul/venv/dbt_snowflake/airflow_venv_39/lib/python3.11/site-packages/airflow/example_dags/example_xcom.py
[2025-10-25T16:13:00.865+0200] {processor.py:840} INFO - DAG(s) 'example_xcom' retrieved from /Users/youssefdaaloul/venv/dbt_snowflake/airflow_venv_39/lib/python3.11/site-packages/airflow/example_dags/example_xcom.py
[2025-10-25T16:13:00.924+0200] {logging_mixin.py:188} INFO - [2025-10-25T16:13:00.924+0200] {dag.py:3036} INFO - Sync 1 DAGs
[2025-10-25T16:13:00.930+0200] {logging_mixin.py:188} INFO - [2025-10-25T16:13:00.930+0200] {dag.py:3823} INFO - Setting next_dagrun for example_xcom to 2021-01-01 00:00:00+00:00, run_after=2021-01-01 00:00:00+00:00
[2025-10-25T16:13:00.938+0200] {processor.py:183} INFO - Processing /Users/youssefdaaloul/venv/dbt_snowflake/airflow_venv_39/lib/python3.11/site-packages/airflow/example_dags/example_xcom.py took 0.091 seconds
[2025-10-25T16:14:01.883+0200] {processor.py:161} INFO - Started process (PID=71489) to work on /Users/youssefdaaloul/venv/dbt_snowflake/airflow_venv_39/lib/python3.11/site-packages/airflow/example_dags/example_xcom.py
[2025-10-25T16:14:01.887+0200] {processor.py:830} INFO - Processing file /Users/youssefdaaloul/venv/dbt_snowflake/airflow_venv_39/lib/python3.11/site-packages/airflow/example_dags/example_xcom.py for tasks to queue
[2025-10-25T16:14:01.888+0200] {logging_mixin.py:188} INFO - [2025-10-25T16:14:01.888+0200] {dagbag.py:538} INFO - Filling up the DagBag from /Users/youssefdaaloul/venv/dbt_snowflake/airflow_venv_39/lib/python3.11/site-packages/airflow/example_dags/example_xcom.py
[2025-10-25T16:14:01.904+0200] {processor.py:840} INFO - DAG(s) 'example_xcom' retrieved from /Users/youssefdaaloul/venv/dbt_snowflake/airflow_venv_39/lib/python3.11/site-packages/airflow/example_dags/example_xcom.py
[2025-10-25T16:14:01.965+0200] {logging_mixin.py:188} INFO - [2025-10-25T16:14:01.965+0200] {dag.py:3036} INFO - Sync 1 DAGs
[2025-10-25T16:14:01.971+0200] {logging_mixin.py:188} INFO - [2025-10-25T16:14:01.971+0200] {dag.py:3823} INFO - Setting next_dagrun for example_xcom to 2021-01-01 00:00:00+00:00, run_after=2021-01-01 00:00:00+00:00
[2025-10-25T16:14:01.978+0200] {processor.py:183} INFO - Processing /Users/youssefdaaloul/venv/dbt_snowflake/airflow_venv_39/lib/python3.11/site-packages/airflow/example_dags/example_xcom.py took 0.095 seconds
[2025-10-25T16:15:04.165+0200] {processor.py:161} INFO - Started process (PID=71546) to work on /Users/youssefdaaloul/venv/dbt_snowflake/airflow_venv_39/lib/python3.11/site-packages/airflow/example_dags/example_xcom.py
[2025-10-25T16:15:04.166+0200] {processor.py:830} INFO - Processing file /Users/youssefdaaloul/venv/dbt_snowflake/airflow_venv_39/lib/python3.11/site-packages/airflow/example_dags/example_xcom.py for tasks to queue
[2025-10-25T16:15:04.166+0200] {logging_mixin.py:188} INFO - [2025-10-25T16:15:04.166+0200] {dagbag.py:538} INFO - Filling up the DagBag from /Users/youssefdaaloul/venv/dbt_snowflake/airflow_venv_39/lib/python3.11/site-packages/airflow/example_dags/example_xcom.py
[2025-10-25T16:15:04.181+0200] {processor.py:840} INFO - DAG(s) 'example_xcom' retrieved from /Users/youssefdaaloul/venv/dbt_snowflake/airflow_venv_39/lib/python3.11/site-packages/airflow/example_dags/example_xcom.py
[2025-10-25T16:15:04.243+0200] {logging_mixin.py:188} INFO - [2025-10-25T16:15:04.243+0200] {dag.py:3036} INFO - Sync 1 DAGs
[2025-10-25T16:15:04.250+0200] {logging_mixin.py:188} INFO - [2025-10-25T16:15:04.250+0200] {dag.py:3823} INFO - Setting next_dagrun for example_xcom to 2021-01-01 00:00:00+00:00, run_after=2021-01-01 00:00:00+00:00
[2025-10-25T16:15:04.260+0200] {processor.py:183} INFO - Processing /Users/youssefdaaloul/venv/dbt_snowflake/airflow_venv_39/lib/python3.11/site-packages/airflow/example_dags/example_xcom.py took 0.095 seconds
[2025-10-25T16:16:05.452+0200] {processor.py:161} INFO - Started process (PID=71606) to work on /Users/youssefdaaloul/venv/dbt_snowflake/airflow_venv_39/lib/python3.11/site-packages/airflow/example_dags/example_xcom.py
[2025-10-25T16:16:05.452+0200] {processor.py:830} INFO - Processing file /Users/youssefdaaloul/venv/dbt_snowflake/airflow_venv_39/lib/python3.11/site-packages/airflow/example_dags/example_xcom.py for tasks to queue
[2025-10-25T16:16:05.453+0200] {logging_mixin.py:188} INFO - [2025-10-25T16:16:05.453+0200] {dagbag.py:538} INFO - Filling up the DagBag from /Users/youssefdaaloul/venv/dbt_snowflake/airflow_venv_39/lib/python3.11/site-packages/airflow/example_dags/example_xcom.py
[2025-10-25T16:16:05.469+0200] {processor.py:840} INFO - DAG(s) 'example_xcom' retrieved from /Users/youssefdaaloul/venv/dbt_snowflake/airflow_venv_39/lib/python3.11/site-packages/airflow/example_dags/example_xcom.py
[2025-10-25T16:16:05.531+0200] {logging_mixin.py:188} INFO - [2025-10-25T16:16:05.531+0200] {dag.py:3036} INFO - Sync 1 DAGs
[2025-10-25T16:16:05.538+0200] {logging_mixin.py:188} INFO - [2025-10-25T16:16:05.538+0200] {dag.py:3823} INFO - Setting next_dagrun for example_xcom to 2021-01-01 00:00:00+00:00, run_after=2021-01-01 00:00:00+00:00
[2025-10-25T16:16:05.545+0200] {processor.py:183} INFO - Processing /Users/youssefdaaloul/venv/dbt_snowflake/airflow_venv_39/lib/python3.11/site-packages/airflow/example_dags/example_xcom.py took 0.094 seconds
[2025-10-25T16:17:05.412+0200] {processor.py:161} INFO - Started process (PID=71648) to work on /Users/youssefdaaloul/venv/dbt_snowflake/airflow_venv_39/lib/python3.11/site-packages/airflow/example_dags/example_xcom.py
[2025-10-25T16:17:05.413+0200] {processor.py:830} INFO - Processing file /Users/youssefdaaloul/venv/dbt_snowflake/airflow_venv_39/lib/python3.11/site-packages/airflow/example_dags/example_xcom.py for tasks to queue
[2025-10-25T16:17:05.413+0200] {logging_mixin.py:188} INFO - [2025-10-25T16:17:05.413+0200] {dagbag.py:538} INFO - Filling up the DagBag from /Users/youssefdaaloul/venv/dbt_snowflake/airflow_venv_39/lib/python3.11/site-packages/airflow/example_dags/example_xcom.py
[2025-10-25T16:17:05.430+0200] {processor.py:840} INFO - DAG(s) 'example_xcom' retrieved from /Users/youssefdaaloul/venv/dbt_snowflake/airflow_venv_39/lib/python3.11/site-packages/airflow/example_dags/example_xcom.py
[2025-10-25T16:17:05.489+0200] {logging_mixin.py:188} INFO - [2025-10-25T16:17:05.489+0200] {dag.py:3036} INFO - Sync 1 DAGs
[2025-10-25T16:17:05.495+0200] {logging_mixin.py:188} INFO - [2025-10-25T16:17:05.495+0200] {dag.py:3823} INFO - Setting next_dagrun for example_xcom to 2021-01-01 00:00:00+00:00, run_after=2021-01-01 00:00:00+00:00
[2025-10-25T16:17:05.503+0200] {processor.py:183} INFO - Processing /Users/youssefdaaloul/venv/dbt_snowflake/airflow_venv_39/lib/python3.11/site-packages/airflow/example_dags/example_xcom.py took 0.092 seconds
[2025-10-25T16:18:04.755+0200] {processor.py:161} INFO - Started process (PID=71700) to work on /Users/youssefdaaloul/venv/dbt_snowflake/airflow_venv_39/lib/python3.11/site-packages/airflow/example_dags/example_xcom.py
[2025-10-25T16:18:04.756+0200] {processor.py:830} INFO - Processing file /Users/youssefdaaloul/venv/dbt_snowflake/airflow_venv_39/lib/python3.11/site-packages/airflow/example_dags/example_xcom.py for tasks to queue
[2025-10-25T16:18:04.756+0200] {logging_mixin.py:188} INFO - [2025-10-25T16:18:04.756+0200] {dagbag.py:538} INFO - Filling up the DagBag from /Users/youssefdaaloul/venv/dbt_snowflake/airflow_venv_39/lib/python3.11/site-packages/airflow/example_dags/example_xcom.py
[2025-10-25T16:18:04.772+0200] {processor.py:840} INFO - DAG(s) 'example_xcom' retrieved from /Users/youssefdaaloul/venv/dbt_snowflake/airflow_venv_39/lib/python3.11/site-packages/airflow/example_dags/example_xcom.py
[2025-10-25T16:18:04.829+0200] {logging_mixin.py:188} INFO - [2025-10-25T16:18:04.829+0200] {dag.py:3036} INFO - Sync 1 DAGs
[2025-10-25T16:18:04.835+0200] {logging_mixin.py:188} INFO - [2025-10-25T16:18:04.835+0200] {dag.py:3823} INFO - Setting next_dagrun for example_xcom to 2021-01-01 00:00:00+00:00, run_after=2021-01-01 00:00:00+00:00
[2025-10-25T16:18:04.841+0200] {processor.py:183} INFO - Processing /Users/youssefdaaloul/venv/dbt_snowflake/airflow_venv_39/lib/python3.11/site-packages/airflow/example_dags/example_xcom.py took 0.087 seconds
[2025-10-25T16:19:04.659+0200] {processor.py:161} INFO - Started process (PID=71756) to work on /Users/youssefdaaloul/venv/dbt_snowflake/airflow_venv_39/lib/python3.11/site-packages/airflow/example_dags/example_xcom.py
[2025-10-25T16:19:04.660+0200] {processor.py:830} INFO - Processing file /Users/youssefdaaloul/venv/dbt_snowflake/airflow_venv_39/lib/python3.11/site-packages/airflow/example_dags/example_xcom.py for tasks to queue
[2025-10-25T16:19:04.660+0200] {logging_mixin.py:188} INFO - [2025-10-25T16:19:04.660+0200] {dagbag.py:538} INFO - Filling up the DagBag from /Users/youssefdaaloul/venv/dbt_snowflake/airflow_venv_39/lib/python3.11/site-packages/airflow/example_dags/example_xcom.py
[2025-10-25T16:19:04.678+0200] {processor.py:840} INFO - DAG(s) 'example_xcom' retrieved from /Users/youssefdaaloul/venv/dbt_snowflake/airflow_venv_39/lib/python3.11/site-packages/airflow/example_dags/example_xcom.py
[2025-10-25T16:19:04.745+0200] {logging_mixin.py:188} INFO - [2025-10-25T16:19:04.745+0200] {dag.py:3036} INFO - Sync 1 DAGs
[2025-10-25T16:19:04.752+0200] {logging_mixin.py:188} INFO - [2025-10-25T16:19:04.751+0200] {dag.py:3823} INFO - Setting next_dagrun for example_xcom to 2021-01-01 00:00:00+00:00, run_after=2021-01-01 00:00:00+00:00
[2025-10-25T16:19:04.762+0200] {processor.py:183} INFO - Processing /Users/youssefdaaloul/venv/dbt_snowflake/airflow_venv_39/lib/python3.11/site-packages/airflow/example_dags/example_xcom.py took 0.103 seconds
[2025-10-25T16:20:10.738+0200] {processor.py:161} INFO - Started process (PID=71815) to work on /Users/youssefdaaloul/venv/dbt_snowflake/airflow_venv_39/lib/python3.11/site-packages/airflow/example_dags/example_xcom.py
[2025-10-25T16:20:10.739+0200] {processor.py:830} INFO - Processing file /Users/youssefdaaloul/venv/dbt_snowflake/airflow_venv_39/lib/python3.11/site-packages/airflow/example_dags/example_xcom.py for tasks to queue
[2025-10-25T16:20:10.740+0200] {logging_mixin.py:188} INFO - [2025-10-25T16:20:10.739+0200] {dagbag.py:538} INFO - Filling up the DagBag from /Users/youssefdaaloul/venv/dbt_snowflake/airflow_venv_39/lib/python3.11/site-packages/airflow/example_dags/example_xcom.py
[2025-10-25T16:20:10.755+0200] {processor.py:840} INFO - DAG(s) 'example_xcom' retrieved from /Users/youssefdaaloul/venv/dbt_snowflake/airflow_venv_39/lib/python3.11/site-packages/airflow/example_dags/example_xcom.py
[2025-10-25T16:20:10.812+0200] {logging_mixin.py:188} INFO - [2025-10-25T16:20:10.812+0200] {dag.py:3036} INFO - Sync 1 DAGs
[2025-10-25T16:20:10.818+0200] {logging_mixin.py:188} INFO - [2025-10-25T16:20:10.818+0200] {dag.py:3823} INFO - Setting next_dagrun for example_xcom to 2021-01-01 00:00:00+00:00, run_after=2021-01-01 00:00:00+00:00
[2025-10-25T16:20:10.824+0200] {processor.py:183} INFO - Processing /Users/youssefdaaloul/venv/dbt_snowflake/airflow_venv_39/lib/python3.11/site-packages/airflow/example_dags/example_xcom.py took 0.086 seconds
[2025-10-25T16:21:10.585+0200] {processor.py:161} INFO - Started process (PID=71878) to work on /Users/youssefdaaloul/venv/dbt_snowflake/airflow_venv_39/lib/python3.11/site-packages/airflow/example_dags/example_xcom.py
[2025-10-25T16:21:10.585+0200] {processor.py:830} INFO - Processing file /Users/youssefdaaloul/venv/dbt_snowflake/airflow_venv_39/lib/python3.11/site-packages/airflow/example_dags/example_xcom.py for tasks to queue
[2025-10-25T16:21:10.585+0200] {logging_mixin.py:188} INFO - [2025-10-25T16:21:10.585+0200] {dagbag.py:538} INFO - Filling up the DagBag from /Users/youssefdaaloul/venv/dbt_snowflake/airflow_venv_39/lib/python3.11/site-packages/airflow/example_dags/example_xcom.py
[2025-10-25T16:21:10.600+0200] {processor.py:840} INFO - DAG(s) 'example_xcom' retrieved from /Users/youssefdaaloul/venv/dbt_snowflake/airflow_venv_39/lib/python3.11/site-packages/airflow/example_dags/example_xcom.py
[2025-10-25T16:21:10.656+0200] {logging_mixin.py:188} INFO - [2025-10-25T16:21:10.656+0200] {dag.py:3036} INFO - Sync 1 DAGs
[2025-10-25T16:21:10.662+0200] {logging_mixin.py:188} INFO - [2025-10-25T16:21:10.661+0200] {dag.py:3823} INFO - Setting next_dagrun for example_xcom to 2021-01-01 00:00:00+00:00, run_after=2021-01-01 00:00:00+00:00
[2025-10-25T16:21:10.668+0200] {processor.py:183} INFO - Processing /Users/youssefdaaloul/venv/dbt_snowflake/airflow_venv_39/lib/python3.11/site-packages/airflow/example_dags/example_xcom.py took 0.084 seconds
[2025-10-25T16:22:06.092+0200] {processor.py:161} INFO - Started process (PID=71921) to work on /Users/youssefdaaloul/venv/dbt_snowflake/airflow_venv_39/lib/python3.11/site-packages/airflow/example_dags/example_xcom.py
[2025-10-25T16:22:06.092+0200] {processor.py:830} INFO - Processing file /Users/youssefdaaloul/venv/dbt_snowflake/airflow_venv_39/lib/python3.11/site-packages/airflow/example_dags/example_xcom.py for tasks to queue
[2025-10-25T16:22:06.092+0200] {logging_mixin.py:188} INFO - [2025-10-25T16:22:06.092+0200] {dagbag.py:538} INFO - Filling up the DagBag from /Users/youssefdaaloul/venv/dbt_snowflake/airflow_venv_39/lib/python3.11/site-packages/airflow/example_dags/example_xcom.py
[2025-10-25T16:22:06.110+0200] {processor.py:840} INFO - DAG(s) 'example_xcom' retrieved from /Users/youssefdaaloul/venv/dbt_snowflake/airflow_venv_39/lib/python3.11/site-packages/airflow/example_dags/example_xcom.py
[2025-10-25T16:22:06.169+0200] {logging_mixin.py:188} INFO - [2025-10-25T16:22:06.169+0200] {dag.py:3036} INFO - Sync 1 DAGs
[2025-10-25T16:22:06.175+0200] {logging_mixin.py:188} INFO - [2025-10-25T16:22:06.174+0200] {dag.py:3823} INFO - Setting next_dagrun for example_xcom to 2021-01-01 00:00:00+00:00, run_after=2021-01-01 00:00:00+00:00
[2025-10-25T16:22:06.181+0200] {processor.py:183} INFO - Processing /Users/youssefdaaloul/venv/dbt_snowflake/airflow_venv_39/lib/python3.11/site-packages/airflow/example_dags/example_xcom.py took 0.090 seconds
[2025-10-25T16:22:57.940+0200] {processor.py:161} INFO - Started process (PID=71976) to work on /Users/youssefdaaloul/venv/dbt_snowflake/airflow_venv_39/lib/python3.11/site-packages/airflow/example_dags/example_xcom.py
[2025-10-25T16:22:57.940+0200] {processor.py:830} INFO - Processing file /Users/youssefdaaloul/venv/dbt_snowflake/airflow_venv_39/lib/python3.11/site-packages/airflow/example_dags/example_xcom.py for tasks to queue
[2025-10-25T16:22:57.941+0200] {logging_mixin.py:188} INFO - [2025-10-25T16:22:57.941+0200] {dagbag.py:538} INFO - Filling up the DagBag from /Users/youssefdaaloul/venv/dbt_snowflake/airflow_venv_39/lib/python3.11/site-packages/airflow/example_dags/example_xcom.py
[2025-10-25T16:22:57.956+0200] {processor.py:840} INFO - DAG(s) 'example_xcom' retrieved from /Users/youssefdaaloul/venv/dbt_snowflake/airflow_venv_39/lib/python3.11/site-packages/airflow/example_dags/example_xcom.py
[2025-10-25T16:22:58.013+0200] {logging_mixin.py:188} INFO - [2025-10-25T16:22:58.013+0200] {dag.py:3036} INFO - Sync 1 DAGs
[2025-10-25T16:22:58.019+0200] {logging_mixin.py:188} INFO - [2025-10-25T16:22:58.019+0200] {dag.py:3823} INFO - Setting next_dagrun for example_xcom to 2021-01-01 00:00:00+00:00, run_after=2021-01-01 00:00:00+00:00
[2025-10-25T16:22:58.026+0200] {processor.py:183} INFO - Processing /Users/youssefdaaloul/venv/dbt_snowflake/airflow_venv_39/lib/python3.11/site-packages/airflow/example_dags/example_xcom.py took 0.086 seconds
[2025-10-25T16:23:52.339+0200] {processor.py:161} INFO - Started process (PID=72025) to work on /Users/youssefdaaloul/venv/dbt_snowflake/airflow_venv_39/lib/python3.11/site-packages/airflow/example_dags/example_xcom.py
[2025-10-25T16:23:52.340+0200] {processor.py:830} INFO - Processing file /Users/youssefdaaloul/venv/dbt_snowflake/airflow_venv_39/lib/python3.11/site-packages/airflow/example_dags/example_xcom.py for tasks to queue
[2025-10-25T16:23:52.341+0200] {logging_mixin.py:188} INFO - [2025-10-25T16:23:52.340+0200] {dagbag.py:538} INFO - Filling up the DagBag from /Users/youssefdaaloul/venv/dbt_snowflake/airflow_venv_39/lib/python3.11/site-packages/airflow/example_dags/example_xcom.py
[2025-10-25T16:23:52.357+0200] {processor.py:840} INFO - DAG(s) 'example_xcom' retrieved from /Users/youssefdaaloul/venv/dbt_snowflake/airflow_venv_39/lib/python3.11/site-packages/airflow/example_dags/example_xcom.py
[2025-10-25T16:23:52.414+0200] {logging_mixin.py:188} INFO - [2025-10-25T16:23:52.413+0200] {dag.py:3036} INFO - Sync 1 DAGs
[2025-10-25T16:23:52.419+0200] {logging_mixin.py:188} INFO - [2025-10-25T16:23:52.419+0200] {dag.py:3823} INFO - Setting next_dagrun for example_xcom to 2021-01-01 00:00:00+00:00, run_after=2021-01-01 00:00:00+00:00
[2025-10-25T16:23:52.427+0200] {processor.py:183} INFO - Processing /Users/youssefdaaloul/venv/dbt_snowflake/airflow_venv_39/lib/python3.11/site-packages/airflow/example_dags/example_xcom.py took 0.087 seconds
[2025-10-25T16:24:48.697+0200] {processor.py:161} INFO - Started process (PID=72080) to work on /Users/youssefdaaloul/venv/dbt_snowflake/airflow_venv_39/lib/python3.11/site-packages/airflow/example_dags/example_xcom.py
[2025-10-25T16:24:48.698+0200] {processor.py:830} INFO - Processing file /Users/youssefdaaloul/venv/dbt_snowflake/airflow_venv_39/lib/python3.11/site-packages/airflow/example_dags/example_xcom.py for tasks to queue
[2025-10-25T16:24:48.698+0200] {logging_mixin.py:188} INFO - [2025-10-25T16:24:48.698+0200] {dagbag.py:538} INFO - Filling up the DagBag from /Users/youssefdaaloul/venv/dbt_snowflake/airflow_venv_39/lib/python3.11/site-packages/airflow/example_dags/example_xcom.py
[2025-10-25T16:24:48.713+0200] {processor.py:840} INFO - DAG(s) 'example_xcom' retrieved from /Users/youssefdaaloul/venv/dbt_snowflake/airflow_venv_39/lib/python3.11/site-packages/airflow/example_dags/example_xcom.py
[2025-10-25T16:24:48.770+0200] {logging_mixin.py:188} INFO - [2025-10-25T16:24:48.770+0200] {dag.py:3036} INFO - Sync 1 DAGs
[2025-10-25T16:24:48.776+0200] {logging_mixin.py:188} INFO - [2025-10-25T16:24:48.776+0200] {dag.py:3823} INFO - Setting next_dagrun for example_xcom to 2021-01-01 00:00:00+00:00, run_after=2021-01-01 00:00:00+00:00
[2025-10-25T16:24:48.783+0200] {processor.py:183} INFO - Processing /Users/youssefdaaloul/venv/dbt_snowflake/airflow_venv_39/lib/python3.11/site-packages/airflow/example_dags/example_xcom.py took 0.086 seconds
[2025-10-25T16:25:42.662+0200] {processor.py:161} INFO - Started process (PID=72140) to work on /Users/youssefdaaloul/venv/dbt_snowflake/airflow_venv_39/lib/python3.11/site-packages/airflow/example_dags/example_xcom.py
[2025-10-25T16:25:42.663+0200] {processor.py:830} INFO - Processing file /Users/youssefdaaloul/venv/dbt_snowflake/airflow_venv_39/lib/python3.11/site-packages/airflow/example_dags/example_xcom.py for tasks to queue
[2025-10-25T16:25:42.663+0200] {logging_mixin.py:188} INFO - [2025-10-25T16:25:42.663+0200] {dagbag.py:538} INFO - Filling up the DagBag from /Users/youssefdaaloul/venv/dbt_snowflake/airflow_venv_39/lib/python3.11/site-packages/airflow/example_dags/example_xcom.py
[2025-10-25T16:25:42.678+0200] {processor.py:840} INFO - DAG(s) 'example_xcom' retrieved from /Users/youssefdaaloul/venv/dbt_snowflake/airflow_venv_39/lib/python3.11/site-packages/airflow/example_dags/example_xcom.py
[2025-10-25T16:25:42.734+0200] {logging_mixin.py:188} INFO - [2025-10-25T16:25:42.734+0200] {dag.py:3036} INFO - Sync 1 DAGs
[2025-10-25T16:25:42.740+0200] {logging_mixin.py:188} INFO - [2025-10-25T16:25:42.740+0200] {dag.py:3823} INFO - Setting next_dagrun for example_xcom to 2021-01-01 00:00:00+00:00, run_after=2021-01-01 00:00:00+00:00
[2025-10-25T16:25:42.746+0200] {processor.py:183} INFO - Processing /Users/youssefdaaloul/venv/dbt_snowflake/airflow_venv_39/lib/python3.11/site-packages/airflow/example_dags/example_xcom.py took 0.084 seconds
[2025-10-25T16:26:35.499+0200] {processor.py:161} INFO - Started process (PID=72196) to work on /Users/youssefdaaloul/venv/dbt_snowflake/airflow_venv_39/lib/python3.11/site-packages/airflow/example_dags/example_xcom.py
[2025-10-25T16:26:35.500+0200] {processor.py:830} INFO - Processing file /Users/youssefdaaloul/venv/dbt_snowflake/airflow_venv_39/lib/python3.11/site-packages/airflow/example_dags/example_xcom.py for tasks to queue
[2025-10-25T16:26:35.500+0200] {logging_mixin.py:188} INFO - [2025-10-25T16:26:35.500+0200] {dagbag.py:538} INFO - Filling up the DagBag from /Users/youssefdaaloul/venv/dbt_snowflake/airflow_venv_39/lib/python3.11/site-packages/airflow/example_dags/example_xcom.py
[2025-10-25T16:26:35.514+0200] {processor.py:840} INFO - DAG(s) 'example_xcom' retrieved from /Users/youssefdaaloul/venv/dbt_snowflake/airflow_venv_39/lib/python3.11/site-packages/airflow/example_dags/example_xcom.py
[2025-10-25T16:26:35.570+0200] {logging_mixin.py:188} INFO - [2025-10-25T16:26:35.570+0200] {dag.py:3036} INFO - Sync 1 DAGs
[2025-10-25T16:26:35.576+0200] {logging_mixin.py:188} INFO - [2025-10-25T16:26:35.576+0200] {dag.py:3823} INFO - Setting next_dagrun for example_xcom to 2021-01-01 00:00:00+00:00, run_after=2021-01-01 00:00:00+00:00
[2025-10-25T16:26:35.583+0200] {processor.py:183} INFO - Processing /Users/youssefdaaloul/venv/dbt_snowflake/airflow_venv_39/lib/python3.11/site-packages/airflow/example_dags/example_xcom.py took 0.084 seconds
[2025-10-25T16:27:29.814+0200] {processor.py:161} INFO - Started process (PID=72247) to work on /Users/youssefdaaloul/venv/dbt_snowflake/airflow_venv_39/lib/python3.11/site-packages/airflow/example_dags/example_xcom.py
[2025-10-25T16:27:29.815+0200] {processor.py:830} INFO - Processing file /Users/youssefdaaloul/venv/dbt_snowflake/airflow_venv_39/lib/python3.11/site-packages/airflow/example_dags/example_xcom.py for tasks to queue
[2025-10-25T16:27:29.815+0200] {logging_mixin.py:188} INFO - [2025-10-25T16:27:29.815+0200] {dagbag.py:538} INFO - Filling up the DagBag from /Users/youssefdaaloul/venv/dbt_snowflake/airflow_venv_39/lib/python3.11/site-packages/airflow/example_dags/example_xcom.py
[2025-10-25T16:27:29.830+0200] {processor.py:840} INFO - DAG(s) 'example_xcom' retrieved from /Users/youssefdaaloul/venv/dbt_snowflake/airflow_venv_39/lib/python3.11/site-packages/airflow/example_dags/example_xcom.py
[2025-10-25T16:27:29.888+0200] {logging_mixin.py:188} INFO - [2025-10-25T16:27:29.888+0200] {dag.py:3036} INFO - Sync 1 DAGs
[2025-10-25T16:27:29.894+0200] {logging_mixin.py:188} INFO - [2025-10-25T16:27:29.894+0200] {dag.py:3823} INFO - Setting next_dagrun for example_xcom to 2021-01-01 00:00:00+00:00, run_after=2021-01-01 00:00:00+00:00
[2025-10-25T16:27:29.901+0200] {processor.py:183} INFO - Processing /Users/youssefdaaloul/venv/dbt_snowflake/airflow_venv_39/lib/python3.11/site-packages/airflow/example_dags/example_xcom.py took 0.088 seconds
[2025-10-25T16:28:28.914+0200] {processor.py:161} INFO - Started process (PID=72313) to work on /Users/youssefdaaloul/venv/dbt_snowflake/airflow_venv_39/lib/python3.11/site-packages/airflow/example_dags/example_xcom.py
[2025-10-25T16:28:28.914+0200] {processor.py:830} INFO - Processing file /Users/youssefdaaloul/venv/dbt_snowflake/airflow_venv_39/lib/python3.11/site-packages/airflow/example_dags/example_xcom.py for tasks to queue
[2025-10-25T16:28:28.915+0200] {logging_mixin.py:188} INFO - [2025-10-25T16:28:28.914+0200] {dagbag.py:538} INFO - Filling up the DagBag from /Users/youssefdaaloul/venv/dbt_snowflake/airflow_venv_39/lib/python3.11/site-packages/airflow/example_dags/example_xcom.py
[2025-10-25T16:28:28.930+0200] {processor.py:840} INFO - DAG(s) 'example_xcom' retrieved from /Users/youssefdaaloul/venv/dbt_snowflake/airflow_venv_39/lib/python3.11/site-packages/airflow/example_dags/example_xcom.py
[2025-10-25T16:28:28.990+0200] {logging_mixin.py:188} INFO - [2025-10-25T16:28:28.990+0200] {dag.py:3036} INFO - Sync 1 DAGs
[2025-10-25T16:28:28.996+0200] {logging_mixin.py:188} INFO - [2025-10-25T16:28:28.996+0200] {dag.py:3823} INFO - Setting next_dagrun for example_xcom to 2021-01-01 00:00:00+00:00, run_after=2021-01-01 00:00:00+00:00
[2025-10-25T16:28:29.003+0200] {processor.py:183} INFO - Processing /Users/youssefdaaloul/venv/dbt_snowflake/airflow_venv_39/lib/python3.11/site-packages/airflow/example_dags/example_xcom.py took 0.090 seconds
[2025-10-25T16:29:27.918+0200] {processor.py:161} INFO - Started process (PID=72366) to work on /Users/youssefdaaloul/venv/dbt_snowflake/airflow_venv_39/lib/python3.11/site-packages/airflow/example_dags/example_xcom.py
[2025-10-25T16:29:27.918+0200] {processor.py:830} INFO - Processing file /Users/youssefdaaloul/venv/dbt_snowflake/airflow_venv_39/lib/python3.11/site-packages/airflow/example_dags/example_xcom.py for tasks to queue
[2025-10-25T16:29:27.919+0200] {logging_mixin.py:188} INFO - [2025-10-25T16:29:27.919+0200] {dagbag.py:538} INFO - Filling up the DagBag from /Users/youssefdaaloul/venv/dbt_snowflake/airflow_venv_39/lib/python3.11/site-packages/airflow/example_dags/example_xcom.py
[2025-10-25T16:29:27.934+0200] {processor.py:840} INFO - DAG(s) 'example_xcom' retrieved from /Users/youssefdaaloul/venv/dbt_snowflake/airflow_venv_39/lib/python3.11/site-packages/airflow/example_dags/example_xcom.py
[2025-10-25T16:29:27.990+0200] {logging_mixin.py:188} INFO - [2025-10-25T16:29:27.990+0200] {dag.py:3036} INFO - Sync 1 DAGs
[2025-10-25T16:29:27.996+0200] {logging_mixin.py:188} INFO - [2025-10-25T16:29:27.996+0200] {dag.py:3823} INFO - Setting next_dagrun for example_xcom to 2021-01-01 00:00:00+00:00, run_after=2021-01-01 00:00:00+00:00
[2025-10-25T16:29:28.003+0200] {processor.py:183} INFO - Processing /Users/youssefdaaloul/venv/dbt_snowflake/airflow_venv_39/lib/python3.11/site-packages/airflow/example_dags/example_xcom.py took 0.085 seconds
[2025-10-25T16:30:26.909+0200] {processor.py:161} INFO - Started process (PID=72432) to work on /Users/youssefdaaloul/venv/dbt_snowflake/airflow_venv_39/lib/python3.11/site-packages/airflow/example_dags/example_xcom.py
[2025-10-25T16:30:26.910+0200] {processor.py:830} INFO - Processing file /Users/youssefdaaloul/venv/dbt_snowflake/airflow_venv_39/lib/python3.11/site-packages/airflow/example_dags/example_xcom.py for tasks to queue
[2025-10-25T16:30:26.910+0200] {logging_mixin.py:188} INFO - [2025-10-25T16:30:26.910+0200] {dagbag.py:538} INFO - Filling up the DagBag from /Users/youssefdaaloul/venv/dbt_snowflake/airflow_venv_39/lib/python3.11/site-packages/airflow/example_dags/example_xcom.py
[2025-10-25T16:30:26.926+0200] {processor.py:840} INFO - DAG(s) 'example_xcom' retrieved from /Users/youssefdaaloul/venv/dbt_snowflake/airflow_venv_39/lib/python3.11/site-packages/airflow/example_dags/example_xcom.py
[2025-10-25T16:30:26.982+0200] {logging_mixin.py:188} INFO - [2025-10-25T16:30:26.982+0200] {dag.py:3036} INFO - Sync 1 DAGs
[2025-10-25T16:30:26.988+0200] {logging_mixin.py:188} INFO - [2025-10-25T16:30:26.988+0200] {dag.py:3823} INFO - Setting next_dagrun for example_xcom to 2021-01-01 00:00:00+00:00, run_after=2021-01-01 00:00:00+00:00
[2025-10-25T16:30:26.995+0200] {processor.py:183} INFO - Processing /Users/youssefdaaloul/venv/dbt_snowflake/airflow_venv_39/lib/python3.11/site-packages/airflow/example_dags/example_xcom.py took 0.086 seconds
[2025-10-25T16:31:24.896+0200] {processor.py:161} INFO - Started process (PID=72535) to work on /Users/youssefdaaloul/venv/dbt_snowflake/airflow_venv_39/lib/python3.11/site-packages/airflow/example_dags/example_xcom.py
[2025-10-25T16:31:24.896+0200] {processor.py:830} INFO - Processing file /Users/youssefdaaloul/venv/dbt_snowflake/airflow_venv_39/lib/python3.11/site-packages/airflow/example_dags/example_xcom.py for tasks to queue
[2025-10-25T16:31:24.896+0200] {logging_mixin.py:188} INFO - [2025-10-25T16:31:24.896+0200] {dagbag.py:538} INFO - Filling up the DagBag from /Users/youssefdaaloul/venv/dbt_snowflake/airflow_venv_39/lib/python3.11/site-packages/airflow/example_dags/example_xcom.py
[2025-10-25T16:31:24.912+0200] {processor.py:840} INFO - DAG(s) 'example_xcom' retrieved from /Users/youssefdaaloul/venv/dbt_snowflake/airflow_venv_39/lib/python3.11/site-packages/airflow/example_dags/example_xcom.py
[2025-10-25T16:31:24.972+0200] {logging_mixin.py:188} INFO - [2025-10-25T16:31:24.972+0200] {dag.py:3036} INFO - Sync 1 DAGs
[2025-10-25T16:31:24.978+0200] {logging_mixin.py:188} INFO - [2025-10-25T16:31:24.978+0200] {dag.py:3823} INFO - Setting next_dagrun for example_xcom to 2021-01-01 00:00:00+00:00, run_after=2021-01-01 00:00:00+00:00
[2025-10-25T16:31:24.985+0200] {processor.py:183} INFO - Processing /Users/youssefdaaloul/venv/dbt_snowflake/airflow_venv_39/lib/python3.11/site-packages/airflow/example_dags/example_xcom.py took 0.090 seconds
[2025-10-25T16:32:21.815+0200] {processor.py:161} INFO - Started process (PID=72601) to work on /Users/youssefdaaloul/venv/dbt_snowflake/airflow_venv_39/lib/python3.11/site-packages/airflow/example_dags/example_xcom.py
[2025-10-25T16:32:21.816+0200] {processor.py:830} INFO - Processing file /Users/youssefdaaloul/venv/dbt_snowflake/airflow_venv_39/lib/python3.11/site-packages/airflow/example_dags/example_xcom.py for tasks to queue
[2025-10-25T16:32:21.817+0200] {logging_mixin.py:188} INFO - [2025-10-25T16:32:21.816+0200] {dagbag.py:538} INFO - Filling up the DagBag from /Users/youssefdaaloul/venv/dbt_snowflake/airflow_venv_39/lib/python3.11/site-packages/airflow/example_dags/example_xcom.py
[2025-10-25T16:32:21.832+0200] {processor.py:840} INFO - DAG(s) 'example_xcom' retrieved from /Users/youssefdaaloul/venv/dbt_snowflake/airflow_venv_39/lib/python3.11/site-packages/airflow/example_dags/example_xcom.py
[2025-10-25T16:32:21.892+0200] {logging_mixin.py:188} INFO - [2025-10-25T16:32:21.892+0200] {dag.py:3036} INFO - Sync 1 DAGs
[2025-10-25T16:32:21.898+0200] {logging_mixin.py:188} INFO - [2025-10-25T16:32:21.898+0200] {dag.py:3823} INFO - Setting next_dagrun for example_xcom to 2021-01-01 00:00:00+00:00, run_after=2021-01-01 00:00:00+00:00
[2025-10-25T16:32:21.905+0200] {processor.py:183} INFO - Processing /Users/youssefdaaloul/venv/dbt_snowflake/airflow_venv_39/lib/python3.11/site-packages/airflow/example_dags/example_xcom.py took 0.090 seconds
[2025-10-25T16:33:18.725+0200] {processor.py:161} INFO - Started process (PID=72668) to work on /Users/youssefdaaloul/venv/dbt_snowflake/airflow_venv_39/lib/python3.11/site-packages/airflow/example_dags/example_xcom.py
[2025-10-25T16:33:18.725+0200] {processor.py:830} INFO - Processing file /Users/youssefdaaloul/venv/dbt_snowflake/airflow_venv_39/lib/python3.11/site-packages/airflow/example_dags/example_xcom.py for tasks to queue
[2025-10-25T16:33:18.726+0200] {logging_mixin.py:188} INFO - [2025-10-25T16:33:18.725+0200] {dagbag.py:538} INFO - Filling up the DagBag from /Users/youssefdaaloul/venv/dbt_snowflake/airflow_venv_39/lib/python3.11/site-packages/airflow/example_dags/example_xcom.py
[2025-10-25T16:33:18.741+0200] {processor.py:840} INFO - DAG(s) 'example_xcom' retrieved from /Users/youssefdaaloul/venv/dbt_snowflake/airflow_venv_39/lib/python3.11/site-packages/airflow/example_dags/example_xcom.py
[2025-10-25T16:33:18.797+0200] {logging_mixin.py:188} INFO - [2025-10-25T16:33:18.797+0200] {dag.py:3036} INFO - Sync 1 DAGs
[2025-10-25T16:33:18.803+0200] {logging_mixin.py:188} INFO - [2025-10-25T16:33:18.803+0200] {dag.py:3823} INFO - Setting next_dagrun for example_xcom to 2021-01-01 00:00:00+00:00, run_after=2021-01-01 00:00:00+00:00
[2025-10-25T16:33:18.809+0200] {processor.py:183} INFO - Processing /Users/youssefdaaloul/venv/dbt_snowflake/airflow_venv_39/lib/python3.11/site-packages/airflow/example_dags/example_xcom.py took 0.085 seconds
[2025-10-25T16:34:20.354+0200] {processor.py:161} INFO - Started process (PID=72737) to work on /Users/youssefdaaloul/venv/dbt_snowflake/airflow_venv_39/lib/python3.11/site-packages/airflow/example_dags/example_xcom.py
[2025-10-25T16:34:20.354+0200] {processor.py:830} INFO - Processing file /Users/youssefdaaloul/venv/dbt_snowflake/airflow_venv_39/lib/python3.11/site-packages/airflow/example_dags/example_xcom.py for tasks to queue
[2025-10-25T16:34:20.355+0200] {logging_mixin.py:188} INFO - [2025-10-25T16:34:20.355+0200] {dagbag.py:538} INFO - Filling up the DagBag from /Users/youssefdaaloul/venv/dbt_snowflake/airflow_venv_39/lib/python3.11/site-packages/airflow/example_dags/example_xcom.py
[2025-10-25T16:34:20.371+0200] {processor.py:840} INFO - DAG(s) 'example_xcom' retrieved from /Users/youssefdaaloul/venv/dbt_snowflake/airflow_venv_39/lib/python3.11/site-packages/airflow/example_dags/example_xcom.py
[2025-10-25T16:34:20.432+0200] {logging_mixin.py:188} INFO - [2025-10-25T16:34:20.432+0200] {dag.py:3036} INFO - Sync 1 DAGs
[2025-10-25T16:34:20.439+0200] {logging_mixin.py:188} INFO - [2025-10-25T16:34:20.439+0200] {dag.py:3823} INFO - Setting next_dagrun for example_xcom to 2021-01-01 00:00:00+00:00, run_after=2021-01-01 00:00:00+00:00
[2025-10-25T16:34:20.447+0200] {processor.py:183} INFO - Processing /Users/youssefdaaloul/venv/dbt_snowflake/airflow_venv_39/lib/python3.11/site-packages/airflow/example_dags/example_xcom.py took 0.094 seconds
[2025-10-25T16:35:18.803+0200] {processor.py:161} INFO - Started process (PID=72823) to work on /Users/youssefdaaloul/venv/dbt_snowflake/airflow_venv_39/lib/python3.11/site-packages/airflow/example_dags/example_xcom.py
[2025-10-25T16:35:18.804+0200] {processor.py:830} INFO - Processing file /Users/youssefdaaloul/venv/dbt_snowflake/airflow_venv_39/lib/python3.11/site-packages/airflow/example_dags/example_xcom.py for tasks to queue
[2025-10-25T16:35:18.804+0200] {logging_mixin.py:188} INFO - [2025-10-25T16:35:18.804+0200] {dagbag.py:538} INFO - Filling up the DagBag from /Users/youssefdaaloul/venv/dbt_snowflake/airflow_venv_39/lib/python3.11/site-packages/airflow/example_dags/example_xcom.py
[2025-10-25T16:35:18.821+0200] {processor.py:840} INFO - DAG(s) 'example_xcom' retrieved from /Users/youssefdaaloul/venv/dbt_snowflake/airflow_venv_39/lib/python3.11/site-packages/airflow/example_dags/example_xcom.py
[2025-10-25T16:35:18.907+0200] {logging_mixin.py:188} INFO - [2025-10-25T16:35:18.906+0200] {dag.py:3036} INFO - Sync 1 DAGs
[2025-10-25T16:35:18.915+0200] {logging_mixin.py:188} INFO - [2025-10-25T16:35:18.914+0200] {dag.py:3823} INFO - Setting next_dagrun for example_xcom to 2021-01-01 00:00:00+00:00, run_after=2021-01-01 00:00:00+00:00
[2025-10-25T16:35:18.923+0200] {processor.py:183} INFO - Processing /Users/youssefdaaloul/venv/dbt_snowflake/airflow_venv_39/lib/python3.11/site-packages/airflow/example_dags/example_xcom.py took 0.120 seconds
[2025-10-25T16:36:17.051+0200] {processor.py:161} INFO - Started process (PID=72906) to work on /Users/youssefdaaloul/venv/dbt_snowflake/airflow_venv_39/lib/python3.11/site-packages/airflow/example_dags/example_xcom.py
[2025-10-25T16:36:17.051+0200] {processor.py:830} INFO - Processing file /Users/youssefdaaloul/venv/dbt_snowflake/airflow_venv_39/lib/python3.11/site-packages/airflow/example_dags/example_xcom.py for tasks to queue
[2025-10-25T16:36:17.052+0200] {logging_mixin.py:188} INFO - [2025-10-25T16:36:17.052+0200] {dagbag.py:538} INFO - Filling up the DagBag from /Users/youssefdaaloul/venv/dbt_snowflake/airflow_venv_39/lib/python3.11/site-packages/airflow/example_dags/example_xcom.py
[2025-10-25T16:36:17.071+0200] {processor.py:840} INFO - DAG(s) 'example_xcom' retrieved from /Users/youssefdaaloul/venv/dbt_snowflake/airflow_venv_39/lib/python3.11/site-packages/airflow/example_dags/example_xcom.py
[2025-10-25T16:36:17.134+0200] {logging_mixin.py:188} INFO - [2025-10-25T16:36:17.133+0200] {dag.py:3036} INFO - Sync 1 DAGs
[2025-10-25T16:36:17.140+0200] {logging_mixin.py:188} INFO - [2025-10-25T16:36:17.140+0200] {dag.py:3823} INFO - Setting next_dagrun for example_xcom to 2021-01-01 00:00:00+00:00, run_after=2021-01-01 00:00:00+00:00
[2025-10-25T16:36:17.147+0200] {processor.py:183} INFO - Processing /Users/youssefdaaloul/venv/dbt_snowflake/airflow_venv_39/lib/python3.11/site-packages/airflow/example_dags/example_xcom.py took 0.097 seconds
[2025-10-25T16:43:57.619+0200] {processor.py:161} INFO - Started process (PID=73851) to work on /Users/youssefdaaloul/venv/dbt_snowflake/airflow_venv_39/lib/python3.11/site-packages/airflow/example_dags/example_xcom.py
[2025-10-25T16:43:57.620+0200] {processor.py:830} INFO - Processing file /Users/youssefdaaloul/venv/dbt_snowflake/airflow_venv_39/lib/python3.11/site-packages/airflow/example_dags/example_xcom.py for tasks to queue
[2025-10-25T16:43:57.620+0200] {logging_mixin.py:188} INFO - [2025-10-25T16:43:57.620+0200] {dagbag.py:538} INFO - Filling up the DagBag from /Users/youssefdaaloul/venv/dbt_snowflake/airflow_venv_39/lib/python3.11/site-packages/airflow/example_dags/example_xcom.py
[2025-10-25T16:43:57.637+0200] {processor.py:840} INFO - DAG(s) 'example_xcom' retrieved from /Users/youssefdaaloul/venv/dbt_snowflake/airflow_venv_39/lib/python3.11/site-packages/airflow/example_dags/example_xcom.py
[2025-10-25T16:43:57.738+0200] {logging_mixin.py:188} INFO - [2025-10-25T16:43:57.738+0200] {dag.py:3036} INFO - Sync 1 DAGs
[2025-10-25T16:43:57.744+0200] {logging_mixin.py:188} INFO - [2025-10-25T16:43:57.744+0200] {dag.py:3823} INFO - Setting next_dagrun for example_xcom to 2021-01-01 00:00:00+00:00, run_after=2021-01-01 00:00:00+00:00
[2025-10-25T16:43:57.753+0200] {processor.py:183} INFO - Processing /Users/youssefdaaloul/venv/dbt_snowflake/airflow_venv_39/lib/python3.11/site-packages/airflow/example_dags/example_xcom.py took 0.135 seconds
[2025-10-25T16:44:53.333+0200] {processor.py:161} INFO - Started process (PID=73950) to work on /Users/youssefdaaloul/venv/dbt_snowflake/airflow_venv_39/lib/python3.11/site-packages/airflow/example_dags/example_xcom.py
[2025-10-25T16:44:53.334+0200] {processor.py:830} INFO - Processing file /Users/youssefdaaloul/venv/dbt_snowflake/airflow_venv_39/lib/python3.11/site-packages/airflow/example_dags/example_xcom.py for tasks to queue
[2025-10-25T16:44:53.334+0200] {logging_mixin.py:188} INFO - [2025-10-25T16:44:53.334+0200] {dagbag.py:538} INFO - Filling up the DagBag from /Users/youssefdaaloul/venv/dbt_snowflake/airflow_venv_39/lib/python3.11/site-packages/airflow/example_dags/example_xcom.py
[2025-10-25T16:44:53.352+0200] {processor.py:840} INFO - DAG(s) 'example_xcom' retrieved from /Users/youssefdaaloul/venv/dbt_snowflake/airflow_venv_39/lib/python3.11/site-packages/airflow/example_dags/example_xcom.py
[2025-10-25T16:44:53.412+0200] {logging_mixin.py:188} INFO - [2025-10-25T16:44:53.411+0200] {dag.py:3036} INFO - Sync 1 DAGs
[2025-10-25T16:44:53.419+0200] {logging_mixin.py:188} INFO - [2025-10-25T16:44:53.419+0200] {dag.py:3823} INFO - Setting next_dagrun for example_xcom to 2021-01-01 00:00:00+00:00, run_after=2021-01-01 00:00:00+00:00
[2025-10-25T16:44:53.427+0200] {processor.py:183} INFO - Processing /Users/youssefdaaloul/venv/dbt_snowflake/airflow_venv_39/lib/python3.11/site-packages/airflow/example_dags/example_xcom.py took 0.094 seconds
[2025-10-25T16:45:51.694+0200] {processor.py:161} INFO - Started process (PID=74001) to work on /Users/youssefdaaloul/venv/dbt_snowflake/airflow_venv_39/lib/python3.11/site-packages/airflow/example_dags/example_xcom.py
[2025-10-25T16:45:51.695+0200] {processor.py:830} INFO - Processing file /Users/youssefdaaloul/venv/dbt_snowflake/airflow_venv_39/lib/python3.11/site-packages/airflow/example_dags/example_xcom.py for tasks to queue
[2025-10-25T16:45:51.695+0200] {logging_mixin.py:188} INFO - [2025-10-25T16:45:51.695+0200] {dagbag.py:538} INFO - Filling up the DagBag from /Users/youssefdaaloul/venv/dbt_snowflake/airflow_venv_39/lib/python3.11/site-packages/airflow/example_dags/example_xcom.py
[2025-10-25T16:45:51.710+0200] {processor.py:840} INFO - DAG(s) 'example_xcom' retrieved from /Users/youssefdaaloul/venv/dbt_snowflake/airflow_venv_39/lib/python3.11/site-packages/airflow/example_dags/example_xcom.py
[2025-10-25T16:45:51.767+0200] {logging_mixin.py:188} INFO - [2025-10-25T16:45:51.767+0200] {dag.py:3036} INFO - Sync 1 DAGs
[2025-10-25T16:45:51.773+0200] {logging_mixin.py:188} INFO - [2025-10-25T16:45:51.773+0200] {dag.py:3823} INFO - Setting next_dagrun for example_xcom to 2021-01-01 00:00:00+00:00, run_after=2021-01-01 00:00:00+00:00
[2025-10-25T16:45:51.780+0200] {processor.py:183} INFO - Processing /Users/youssefdaaloul/venv/dbt_snowflake/airflow_venv_39/lib/python3.11/site-packages/airflow/example_dags/example_xcom.py took 0.086 seconds
[2025-10-25T16:46:51.915+0200] {processor.py:161} INFO - Started process (PID=74045) to work on /Users/youssefdaaloul/venv/dbt_snowflake/airflow_venv_39/lib/python3.11/site-packages/airflow/example_dags/example_xcom.py
[2025-10-25T16:46:51.916+0200] {processor.py:830} INFO - Processing file /Users/youssefdaaloul/venv/dbt_snowflake/airflow_venv_39/lib/python3.11/site-packages/airflow/example_dags/example_xcom.py for tasks to queue
[2025-10-25T16:46:51.916+0200] {logging_mixin.py:188} INFO - [2025-10-25T16:46:51.916+0200] {dagbag.py:538} INFO - Filling up the DagBag from /Users/youssefdaaloul/venv/dbt_snowflake/airflow_venv_39/lib/python3.11/site-packages/airflow/example_dags/example_xcom.py
[2025-10-25T16:46:51.931+0200] {processor.py:840} INFO - DAG(s) 'example_xcom' retrieved from /Users/youssefdaaloul/venv/dbt_snowflake/airflow_venv_39/lib/python3.11/site-packages/airflow/example_dags/example_xcom.py
[2025-10-25T16:46:51.990+0200] {logging_mixin.py:188} INFO - [2025-10-25T16:46:51.990+0200] {dag.py:3036} INFO - Sync 1 DAGs
[2025-10-25T16:46:51.995+0200] {logging_mixin.py:188} INFO - [2025-10-25T16:46:51.995+0200] {dag.py:3823} INFO - Setting next_dagrun for example_xcom to 2021-01-01 00:00:00+00:00, run_after=2021-01-01 00:00:00+00:00
[2025-10-25T16:46:52.002+0200] {processor.py:183} INFO - Processing /Users/youssefdaaloul/venv/dbt_snowflake/airflow_venv_39/lib/python3.11/site-packages/airflow/example_dags/example_xcom.py took 0.087 seconds
[2025-10-25T16:47:50.628+0200] {processor.py:161} INFO - Started process (PID=74092) to work on /Users/youssefdaaloul/venv/dbt_snowflake/airflow_venv_39/lib/python3.11/site-packages/airflow/example_dags/example_xcom.py
[2025-10-25T16:47:50.629+0200] {processor.py:830} INFO - Processing file /Users/youssefdaaloul/venv/dbt_snowflake/airflow_venv_39/lib/python3.11/site-packages/airflow/example_dags/example_xcom.py for tasks to queue
[2025-10-25T16:47:50.629+0200] {logging_mixin.py:188} INFO - [2025-10-25T16:47:50.629+0200] {dagbag.py:538} INFO - Filling up the DagBag from /Users/youssefdaaloul/venv/dbt_snowflake/airflow_venv_39/lib/python3.11/site-packages/airflow/example_dags/example_xcom.py
[2025-10-25T16:47:50.644+0200] {processor.py:840} INFO - DAG(s) 'example_xcom' retrieved from /Users/youssefdaaloul/venv/dbt_snowflake/airflow_venv_39/lib/python3.11/site-packages/airflow/example_dags/example_xcom.py
[2025-10-25T16:47:50.705+0200] {logging_mixin.py:188} INFO - [2025-10-25T16:47:50.705+0200] {dag.py:3036} INFO - Sync 1 DAGs
[2025-10-25T16:47:50.712+0200] {logging_mixin.py:188} INFO - [2025-10-25T16:47:50.712+0200] {dag.py:3823} INFO - Setting next_dagrun for example_xcom to 2021-01-01 00:00:00+00:00, run_after=2021-01-01 00:00:00+00:00
[2025-10-25T16:47:50.720+0200] {processor.py:183} INFO - Processing /Users/youssefdaaloul/venv/dbt_snowflake/airflow_venv_39/lib/python3.11/site-packages/airflow/example_dags/example_xcom.py took 0.093 seconds
[2025-10-25T16:48:43.991+0200] {processor.py:161} INFO - Started process (PID=74157) to work on /Users/youssefdaaloul/venv/dbt_snowflake/airflow_venv_39/lib/python3.11/site-packages/airflow/example_dags/example_xcom.py
[2025-10-25T16:48:43.992+0200] {processor.py:830} INFO - Processing file /Users/youssefdaaloul/venv/dbt_snowflake/airflow_venv_39/lib/python3.11/site-packages/airflow/example_dags/example_xcom.py for tasks to queue
[2025-10-25T16:48:43.992+0200] {logging_mixin.py:188} INFO - [2025-10-25T16:48:43.992+0200] {dagbag.py:538} INFO - Filling up the DagBag from /Users/youssefdaaloul/venv/dbt_snowflake/airflow_venv_39/lib/python3.11/site-packages/airflow/example_dags/example_xcom.py
[2025-10-25T16:48:44.008+0200] {processor.py:840} INFO - DAG(s) 'example_xcom' retrieved from /Users/youssefdaaloul/venv/dbt_snowflake/airflow_venv_39/lib/python3.11/site-packages/airflow/example_dags/example_xcom.py
[2025-10-25T16:48:44.066+0200] {logging_mixin.py:188} INFO - [2025-10-25T16:48:44.066+0200] {dag.py:3036} INFO - Sync 1 DAGs
[2025-10-25T16:48:44.072+0200] {logging_mixin.py:188} INFO - [2025-10-25T16:48:44.071+0200] {dag.py:3823} INFO - Setting next_dagrun for example_xcom to 2021-01-01 00:00:00+00:00, run_after=2021-01-01 00:00:00+00:00
[2025-10-25T16:48:44.078+0200] {processor.py:183} INFO - Processing /Users/youssefdaaloul/venv/dbt_snowflake/airflow_venv_39/lib/python3.11/site-packages/airflow/example_dags/example_xcom.py took 0.088 seconds
[2025-10-25T16:49:40.966+0200] {processor.py:161} INFO - Started process (PID=74213) to work on /Users/youssefdaaloul/venv/dbt_snowflake/airflow_venv_39/lib/python3.11/site-packages/airflow/example_dags/example_xcom.py
[2025-10-25T16:49:40.968+0200] {processor.py:830} INFO - Processing file /Users/youssefdaaloul/venv/dbt_snowflake/airflow_venv_39/lib/python3.11/site-packages/airflow/example_dags/example_xcom.py for tasks to queue
[2025-10-25T16:49:40.968+0200] {logging_mixin.py:188} INFO - [2025-10-25T16:49:40.968+0200] {dagbag.py:538} INFO - Filling up the DagBag from /Users/youssefdaaloul/venv/dbt_snowflake/airflow_venv_39/lib/python3.11/site-packages/airflow/example_dags/example_xcom.py
[2025-10-25T16:49:40.983+0200] {processor.py:840} INFO - DAG(s) 'example_xcom' retrieved from /Users/youssefdaaloul/venv/dbt_snowflake/airflow_venv_39/lib/python3.11/site-packages/airflow/example_dags/example_xcom.py
[2025-10-25T16:49:41.040+0200] {logging_mixin.py:188} INFO - [2025-10-25T16:49:41.040+0200] {dag.py:3036} INFO - Sync 1 DAGs
[2025-10-25T16:49:41.046+0200] {logging_mixin.py:188} INFO - [2025-10-25T16:49:41.046+0200] {dag.py:3823} INFO - Setting next_dagrun for example_xcom to 2021-01-01 00:00:00+00:00, run_after=2021-01-01 00:00:00+00:00
[2025-10-25T16:49:41.053+0200] {processor.py:183} INFO - Processing /Users/youssefdaaloul/venv/dbt_snowflake/airflow_venv_39/lib/python3.11/site-packages/airflow/example_dags/example_xcom.py took 0.087 seconds
[2025-10-25T16:50:39.042+0200] {processor.py:161} INFO - Started process (PID=74255) to work on /Users/youssefdaaloul/venv/dbt_snowflake/airflow_venv_39/lib/python3.11/site-packages/airflow/example_dags/example_xcom.py
[2025-10-25T16:50:39.044+0200] {processor.py:830} INFO - Processing file /Users/youssefdaaloul/venv/dbt_snowflake/airflow_venv_39/lib/python3.11/site-packages/airflow/example_dags/example_xcom.py for tasks to queue
[2025-10-25T16:50:39.044+0200] {logging_mixin.py:188} INFO - [2025-10-25T16:50:39.044+0200] {dagbag.py:538} INFO - Filling up the DagBag from /Users/youssefdaaloul/venv/dbt_snowflake/airflow_venv_39/lib/python3.11/site-packages/airflow/example_dags/example_xcom.py
[2025-10-25T16:50:39.059+0200] {processor.py:840} INFO - DAG(s) 'example_xcom' retrieved from /Users/youssefdaaloul/venv/dbt_snowflake/airflow_venv_39/lib/python3.11/site-packages/airflow/example_dags/example_xcom.py
[2025-10-25T16:50:39.114+0200] {logging_mixin.py:188} INFO - [2025-10-25T16:50:39.114+0200] {dag.py:3036} INFO - Sync 1 DAGs
[2025-10-25T16:50:39.120+0200] {logging_mixin.py:188} INFO - [2025-10-25T16:50:39.120+0200] {dag.py:3823} INFO - Setting next_dagrun for example_xcom to 2021-01-01 00:00:00+00:00, run_after=2021-01-01 00:00:00+00:00
[2025-10-25T16:50:39.127+0200] {processor.py:183} INFO - Processing /Users/youssefdaaloul/venv/dbt_snowflake/airflow_venv_39/lib/python3.11/site-packages/airflow/example_dags/example_xcom.py took 0.085 seconds
[2025-10-25T16:51:38.151+0200] {processor.py:161} INFO - Started process (PID=74347) to work on /Users/youssefdaaloul/venv/dbt_snowflake/airflow_venv_39/lib/python3.11/site-packages/airflow/example_dags/example_xcom.py
[2025-10-25T16:51:38.152+0200] {processor.py:830} INFO - Processing file /Users/youssefdaaloul/venv/dbt_snowflake/airflow_venv_39/lib/python3.11/site-packages/airflow/example_dags/example_xcom.py for tasks to queue
[2025-10-25T16:51:38.152+0200] {logging_mixin.py:188} INFO - [2025-10-25T16:51:38.152+0200] {dagbag.py:538} INFO - Filling up the DagBag from /Users/youssefdaaloul/venv/dbt_snowflake/airflow_venv_39/lib/python3.11/site-packages/airflow/example_dags/example_xcom.py
[2025-10-25T16:51:38.167+0200] {processor.py:840} INFO - DAG(s) 'example_xcom' retrieved from /Users/youssefdaaloul/venv/dbt_snowflake/airflow_venv_39/lib/python3.11/site-packages/airflow/example_dags/example_xcom.py
[2025-10-25T16:51:38.222+0200] {logging_mixin.py:188} INFO - [2025-10-25T16:51:38.222+0200] {dag.py:3036} INFO - Sync 1 DAGs
[2025-10-25T16:51:38.228+0200] {logging_mixin.py:188} INFO - [2025-10-25T16:51:38.227+0200] {dag.py:3823} INFO - Setting next_dagrun for example_xcom to 2021-01-01 00:00:00+00:00, run_after=2021-01-01 00:00:00+00:00
[2025-10-25T16:51:38.234+0200] {processor.py:183} INFO - Processing /Users/youssefdaaloul/venv/dbt_snowflake/airflow_venv_39/lib/python3.11/site-packages/airflow/example_dags/example_xcom.py took 0.084 seconds
