[2025-10-25T16:08:58.581+0200] {processor.py:161} INFO - Started process (PID=71216) to work on /Users/youssefdaaloul/venv/dbt_snowflake/airflow_venv_39/lib/python3.11/site-packages/airflow/example_dags/example_sensors.py
[2025-10-25T16:08:58.581+0200] {processor.py:830} INFO - Processing file /Users/youssefdaaloul/venv/dbt_snowflake/airflow_venv_39/lib/python3.11/site-packages/airflow/example_dags/example_sensors.py for tasks to queue
[2025-10-25T16:08:58.582+0200] {logging_mixin.py:188} INFO - [2025-10-25T16:08:58.582+0200] {dagbag.py:538} INFO - Filling up the DagBag from /Users/youssefdaaloul/venv/dbt_snowflake/airflow_venv_39/lib/python3.11/site-packages/airflow/example_dags/example_sensors.py
[2025-10-25T16:08:58.588+0200] {processor.py:840} INFO - DAG(s) 'example_sensors' retrieved from /Users/youssefdaaloul/venv/dbt_snowflake/airflow_venv_39/lib/python3.11/site-packages/airflow/example_dags/example_sensors.py
[2025-10-25T16:08:58.691+0200] {logging_mixin.py:188} INFO - [2025-10-25T16:08:58.691+0200] {dag.py:3036} INFO - Sync 1 DAGs
[2025-10-25T16:08:58.694+0200] {logging_mixin.py:188} INFO - [2025-10-25T16:08:58.694+0200] {dag.py:3823} INFO - Setting next_dagrun for example_sensors to None, run_after=None
[2025-10-25T16:08:58.701+0200] {processor.py:183} INFO - Processing /Users/youssefdaaloul/venv/dbt_snowflake/airflow_venv_39/lib/python3.11/site-packages/airflow/example_dags/example_sensors.py took 0.121 seconds
[2025-10-25T16:10:30.288+0200] {processor.py:161} INFO - Started process (PID=71302) to work on /Users/youssefdaaloul/venv/dbt_snowflake/airflow_venv_39/lib/python3.11/site-packages/airflow/example_dags/example_sensors.py
[2025-10-25T16:10:30.289+0200] {processor.py:830} INFO - Processing file /Users/youssefdaaloul/venv/dbt_snowflake/airflow_venv_39/lib/python3.11/site-packages/airflow/example_dags/example_sensors.py for tasks to queue
[2025-10-25T16:10:30.289+0200] {logging_mixin.py:188} INFO - [2025-10-25T16:10:30.289+0200] {dagbag.py:538} INFO - Filling up the DagBag from /Users/youssefdaaloul/venv/dbt_snowflake/airflow_venv_39/lib/python3.11/site-packages/airflow/example_dags/example_sensors.py
[2025-10-25T16:10:30.296+0200] {processor.py:840} INFO - DAG(s) 'example_sensors' retrieved from /Users/youssefdaaloul/venv/dbt_snowflake/airflow_venv_39/lib/python3.11/site-packages/airflow/example_dags/example_sensors.py
[2025-10-25T16:10:30.379+0200] {logging_mixin.py:188} INFO - [2025-10-25T16:10:30.379+0200] {dag.py:3036} INFO - Sync 1 DAGs
[2025-10-25T16:10:30.382+0200] {logging_mixin.py:188} INFO - [2025-10-25T16:10:30.382+0200] {dag.py:3823} INFO - Setting next_dagrun for example_sensors to None, run_after=None
[2025-10-25T16:10:30.390+0200] {processor.py:183} INFO - Processing /Users/youssefdaaloul/venv/dbt_snowflake/airflow_venv_39/lib/python3.11/site-packages/airflow/example_dags/example_sensors.py took 0.102 seconds
[2025-10-25T16:12:28.537+0200] {processor.py:161} INFO - Started process (PID=71413) to work on /Users/youssefdaaloul/venv/dbt_snowflake/airflow_venv_39/lib/python3.11/site-packages/airflow/example_dags/example_sensors.py
[2025-10-25T16:12:28.538+0200] {processor.py:830} INFO - Processing file /Users/youssefdaaloul/venv/dbt_snowflake/airflow_venv_39/lib/python3.11/site-packages/airflow/example_dags/example_sensors.py for tasks to queue
[2025-10-25T16:12:28.538+0200] {logging_mixin.py:188} INFO - [2025-10-25T16:12:28.538+0200] {dagbag.py:538} INFO - Filling up the DagBag from /Users/youssefdaaloul/venv/dbt_snowflake/airflow_venv_39/lib/python3.11/site-packages/airflow/example_dags/example_sensors.py
[2025-10-25T16:12:28.546+0200] {processor.py:840} INFO - DAG(s) 'example_sensors' retrieved from /Users/youssefdaaloul/venv/dbt_snowflake/airflow_venv_39/lib/python3.11/site-packages/airflow/example_dags/example_sensors.py
[2025-10-25T16:12:28.614+0200] {logging_mixin.py:188} INFO - [2025-10-25T16:12:28.614+0200] {dag.py:3036} INFO - Sync 1 DAGs
[2025-10-25T16:12:28.617+0200] {logging_mixin.py:188} INFO - [2025-10-25T16:12:28.617+0200] {dag.py:3823} INFO - Setting next_dagrun for example_sensors to None, run_after=None
[2025-10-25T16:12:28.625+0200] {processor.py:183} INFO - Processing /Users/youssefdaaloul/venv/dbt_snowflake/airflow_venv_39/lib/python3.11/site-packages/airflow/example_dags/example_sensors.py took 0.089 seconds
[2025-10-25T16:14:26.792+0200] {processor.py:161} INFO - Started process (PID=71516) to work on /Users/youssefdaaloul/venv/dbt_snowflake/airflow_venv_39/lib/python3.11/site-packages/airflow/example_dags/example_sensors.py
[2025-10-25T16:14:26.793+0200] {processor.py:830} INFO - Processing file /Users/youssefdaaloul/venv/dbt_snowflake/airflow_venv_39/lib/python3.11/site-packages/airflow/example_dags/example_sensors.py for tasks to queue
[2025-10-25T16:14:26.793+0200] {logging_mixin.py:188} INFO - [2025-10-25T16:14:26.793+0200] {dagbag.py:538} INFO - Filling up the DagBag from /Users/youssefdaaloul/venv/dbt_snowflake/airflow_venv_39/lib/python3.11/site-packages/airflow/example_dags/example_sensors.py
[2025-10-25T16:14:26.800+0200] {processor.py:840} INFO - DAG(s) 'example_sensors' retrieved from /Users/youssefdaaloul/venv/dbt_snowflake/airflow_venv_39/lib/python3.11/site-packages/airflow/example_dags/example_sensors.py
[2025-10-25T16:14:26.870+0200] {logging_mixin.py:188} INFO - [2025-10-25T16:14:26.870+0200] {dag.py:3036} INFO - Sync 1 DAGs
[2025-10-25T16:14:26.873+0200] {logging_mixin.py:188} INFO - [2025-10-25T16:14:26.873+0200] {dag.py:3823} INFO - Setting next_dagrun for example_sensors to None, run_after=None
[2025-10-25T16:14:26.881+0200] {processor.py:183} INFO - Processing /Users/youssefdaaloul/venv/dbt_snowflake/airflow_venv_39/lib/python3.11/site-packages/airflow/example_dags/example_sensors.py took 0.090 seconds
[2025-10-25T16:16:29.497+0200] {processor.py:161} INFO - Started process (PID=71624) to work on /Users/youssefdaaloul/venv/dbt_snowflake/airflow_venv_39/lib/python3.11/site-packages/airflow/example_dags/example_sensors.py
[2025-10-25T16:16:29.498+0200] {processor.py:830} INFO - Processing file /Users/youssefdaaloul/venv/dbt_snowflake/airflow_venv_39/lib/python3.11/site-packages/airflow/example_dags/example_sensors.py for tasks to queue
[2025-10-25T16:16:29.498+0200] {logging_mixin.py:188} INFO - [2025-10-25T16:16:29.498+0200] {dagbag.py:538} INFO - Filling up the DagBag from /Users/youssefdaaloul/venv/dbt_snowflake/airflow_venv_39/lib/python3.11/site-packages/airflow/example_dags/example_sensors.py
[2025-10-25T16:16:29.505+0200] {processor.py:840} INFO - DAG(s) 'example_sensors' retrieved from /Users/youssefdaaloul/venv/dbt_snowflake/airflow_venv_39/lib/python3.11/site-packages/airflow/example_dags/example_sensors.py
[2025-10-25T16:16:29.572+0200] {logging_mixin.py:188} INFO - [2025-10-25T16:16:29.572+0200] {dag.py:3036} INFO - Sync 1 DAGs
[2025-10-25T16:16:29.576+0200] {logging_mixin.py:188} INFO - [2025-10-25T16:16:29.576+0200] {dag.py:3823} INFO - Setting next_dagrun for example_sensors to None, run_after=None
[2025-10-25T16:16:29.584+0200] {processor.py:183} INFO - Processing /Users/youssefdaaloul/venv/dbt_snowflake/airflow_venv_39/lib/python3.11/site-packages/airflow/example_dags/example_sensors.py took 0.088 seconds
[2025-10-25T16:18:29.177+0200] {processor.py:161} INFO - Started process (PID=71725) to work on /Users/youssefdaaloul/venv/dbt_snowflake/airflow_venv_39/lib/python3.11/site-packages/airflow/example_dags/example_sensors.py
[2025-10-25T16:18:29.178+0200] {processor.py:830} INFO - Processing file /Users/youssefdaaloul/venv/dbt_snowflake/airflow_venv_39/lib/python3.11/site-packages/airflow/example_dags/example_sensors.py for tasks to queue
[2025-10-25T16:18:29.178+0200] {logging_mixin.py:188} INFO - [2025-10-25T16:18:29.178+0200] {dagbag.py:538} INFO - Filling up the DagBag from /Users/youssefdaaloul/venv/dbt_snowflake/airflow_venv_39/lib/python3.11/site-packages/airflow/example_dags/example_sensors.py
[2025-10-25T16:18:29.185+0200] {processor.py:840} INFO - DAG(s) 'example_sensors' retrieved from /Users/youssefdaaloul/venv/dbt_snowflake/airflow_venv_39/lib/python3.11/site-packages/airflow/example_dags/example_sensors.py
[2025-10-25T16:18:29.257+0200] {logging_mixin.py:188} INFO - [2025-10-25T16:18:29.257+0200] {dag.py:3036} INFO - Sync 1 DAGs
[2025-10-25T16:18:29.261+0200] {logging_mixin.py:188} INFO - [2025-10-25T16:18:29.260+0200] {dag.py:3823} INFO - Setting next_dagrun for example_sensors to None, run_after=None
[2025-10-25T16:18:29.269+0200] {processor.py:183} INFO - Processing /Users/youssefdaaloul/venv/dbt_snowflake/airflow_venv_39/lib/python3.11/site-packages/airflow/example_dags/example_sensors.py took 0.092 seconds
[2025-10-25T16:20:34.992+0200] {processor.py:161} INFO - Started process (PID=71849) to work on /Users/youssefdaaloul/venv/dbt_snowflake/airflow_venv_39/lib/python3.11/site-packages/airflow/example_dags/example_sensors.py
[2025-10-25T16:20:34.993+0200] {processor.py:830} INFO - Processing file /Users/youssefdaaloul/venv/dbt_snowflake/airflow_venv_39/lib/python3.11/site-packages/airflow/example_dags/example_sensors.py for tasks to queue
[2025-10-25T16:20:34.993+0200] {logging_mixin.py:188} INFO - [2025-10-25T16:20:34.993+0200] {dagbag.py:538} INFO - Filling up the DagBag from /Users/youssefdaaloul/venv/dbt_snowflake/airflow_venv_39/lib/python3.11/site-packages/airflow/example_dags/example_sensors.py
[2025-10-25T16:20:35.001+0200] {processor.py:840} INFO - DAG(s) 'example_sensors' retrieved from /Users/youssefdaaloul/venv/dbt_snowflake/airflow_venv_39/lib/python3.11/site-packages/airflow/example_dags/example_sensors.py
[2025-10-25T16:20:35.071+0200] {logging_mixin.py:188} INFO - [2025-10-25T16:20:35.071+0200] {dag.py:3036} INFO - Sync 1 DAGs
[2025-10-25T16:20:35.075+0200] {logging_mixin.py:188} INFO - [2025-10-25T16:20:35.075+0200] {dag.py:3823} INFO - Setting next_dagrun for example_sensors to None, run_after=None
[2025-10-25T16:20:35.082+0200] {processor.py:183} INFO - Processing /Users/youssefdaaloul/venv/dbt_snowflake/airflow_venv_39/lib/python3.11/site-packages/airflow/example_dags/example_sensors.py took 0.091 seconds
[2025-10-25T16:22:23.899+0200] {processor.py:161} INFO - Started process (PID=71938) to work on /Users/youssefdaaloul/venv/dbt_snowflake/airflow_venv_39/lib/python3.11/site-packages/airflow/example_dags/example_sensors.py
[2025-10-25T16:22:23.901+0200] {processor.py:830} INFO - Processing file /Users/youssefdaaloul/venv/dbt_snowflake/airflow_venv_39/lib/python3.11/site-packages/airflow/example_dags/example_sensors.py for tasks to queue
[2025-10-25T16:22:23.901+0200] {logging_mixin.py:188} INFO - [2025-10-25T16:22:23.901+0200] {dagbag.py:538} INFO - Filling up the DagBag from /Users/youssefdaaloul/venv/dbt_snowflake/airflow_venv_39/lib/python3.11/site-packages/airflow/example_dags/example_sensors.py
[2025-10-25T16:22:23.907+0200] {processor.py:840} INFO - DAG(s) 'example_sensors' retrieved from /Users/youssefdaaloul/venv/dbt_snowflake/airflow_venv_39/lib/python3.11/site-packages/airflow/example_dags/example_sensors.py
[2025-10-25T16:22:23.969+0200] {logging_mixin.py:188} INFO - [2025-10-25T16:22:23.969+0200] {dag.py:3036} INFO - Sync 1 DAGs
[2025-10-25T16:22:23.972+0200] {logging_mixin.py:188} INFO - [2025-10-25T16:22:23.972+0200] {dag.py:3823} INFO - Setting next_dagrun for example_sensors to None, run_after=None
[2025-10-25T16:22:23.979+0200] {processor.py:183} INFO - Processing /Users/youssefdaaloul/venv/dbt_snowflake/airflow_venv_39/lib/python3.11/site-packages/airflow/example_dags/example_sensors.py took 0.080 seconds
[2025-10-25T16:24:12.019+0200] {processor.py:161} INFO - Started process (PID=72039) to work on /Users/youssefdaaloul/venv/dbt_snowflake/airflow_venv_39/lib/python3.11/site-packages/airflow/example_dags/example_sensors.py
[2025-10-25T16:24:12.020+0200] {processor.py:830} INFO - Processing file /Users/youssefdaaloul/venv/dbt_snowflake/airflow_venv_39/lib/python3.11/site-packages/airflow/example_dags/example_sensors.py for tasks to queue
[2025-10-25T16:24:12.020+0200] {logging_mixin.py:188} INFO - [2025-10-25T16:24:12.020+0200] {dagbag.py:538} INFO - Filling up the DagBag from /Users/youssefdaaloul/venv/dbt_snowflake/airflow_venv_39/lib/python3.11/site-packages/airflow/example_dags/example_sensors.py
[2025-10-25T16:24:12.026+0200] {processor.py:840} INFO - DAG(s) 'example_sensors' retrieved from /Users/youssefdaaloul/venv/dbt_snowflake/airflow_venv_39/lib/python3.11/site-packages/airflow/example_dags/example_sensors.py
[2025-10-25T16:24:12.088+0200] {logging_mixin.py:188} INFO - [2025-10-25T16:24:12.088+0200] {dag.py:3036} INFO - Sync 1 DAGs
[2025-10-25T16:24:12.091+0200] {logging_mixin.py:188} INFO - [2025-10-25T16:24:12.091+0200] {dag.py:3823} INFO - Setting next_dagrun for example_sensors to None, run_after=None
[2025-10-25T16:24:12.099+0200] {processor.py:183} INFO - Processing /Users/youssefdaaloul/venv/dbt_snowflake/airflow_venv_39/lib/python3.11/site-packages/airflow/example_dags/example_sensors.py took 0.080 seconds
[2025-10-25T16:26:01.581+0200] {processor.py:161} INFO - Started process (PID=72156) to work on /Users/youssefdaaloul/venv/dbt_snowflake/airflow_venv_39/lib/python3.11/site-packages/airflow/example_dags/example_sensors.py
[2025-10-25T16:26:01.583+0200] {processor.py:830} INFO - Processing file /Users/youssefdaaloul/venv/dbt_snowflake/airflow_venv_39/lib/python3.11/site-packages/airflow/example_dags/example_sensors.py for tasks to queue
[2025-10-25T16:26:01.583+0200] {logging_mixin.py:188} INFO - [2025-10-25T16:26:01.583+0200] {dagbag.py:538} INFO - Filling up the DagBag from /Users/youssefdaaloul/venv/dbt_snowflake/airflow_venv_39/lib/python3.11/site-packages/airflow/example_dags/example_sensors.py
[2025-10-25T16:26:01.589+0200] {processor.py:840} INFO - DAG(s) 'example_sensors' retrieved from /Users/youssefdaaloul/venv/dbt_snowflake/airflow_venv_39/lib/python3.11/site-packages/airflow/example_dags/example_sensors.py
[2025-10-25T16:26:01.651+0200] {logging_mixin.py:188} INFO - [2025-10-25T16:26:01.651+0200] {dag.py:3036} INFO - Sync 1 DAGs
[2025-10-25T16:26:01.654+0200] {logging_mixin.py:188} INFO - [2025-10-25T16:26:01.654+0200] {dag.py:3823} INFO - Setting next_dagrun for example_sensors to None, run_after=None
[2025-10-25T16:26:01.661+0200] {processor.py:183} INFO - Processing /Users/youssefdaaloul/venv/dbt_snowflake/airflow_venv_39/lib/python3.11/site-packages/airflow/example_dags/example_sensors.py took 0.081 seconds
[2025-10-25T16:27:50.301+0200] {processor.py:161} INFO - Started process (PID=72267) to work on /Users/youssefdaaloul/venv/dbt_snowflake/airflow_venv_39/lib/python3.11/site-packages/airflow/example_dags/example_sensors.py
[2025-10-25T16:27:50.302+0200] {processor.py:830} INFO - Processing file /Users/youssefdaaloul/venv/dbt_snowflake/airflow_venv_39/lib/python3.11/site-packages/airflow/example_dags/example_sensors.py for tasks to queue
[2025-10-25T16:27:50.302+0200] {logging_mixin.py:188} INFO - [2025-10-25T16:27:50.302+0200] {dagbag.py:538} INFO - Filling up the DagBag from /Users/youssefdaaloul/venv/dbt_snowflake/airflow_venv_39/lib/python3.11/site-packages/airflow/example_dags/example_sensors.py
[2025-10-25T16:27:50.309+0200] {processor.py:840} INFO - DAG(s) 'example_sensors' retrieved from /Users/youssefdaaloul/venv/dbt_snowflake/airflow_venv_39/lib/python3.11/site-packages/airflow/example_dags/example_sensors.py
[2025-10-25T16:27:50.381+0200] {logging_mixin.py:188} INFO - [2025-10-25T16:27:50.381+0200] {dag.py:3036} INFO - Sync 1 DAGs
[2025-10-25T16:27:50.384+0200] {logging_mixin.py:188} INFO - [2025-10-25T16:27:50.384+0200] {dag.py:3823} INFO - Setting next_dagrun for example_sensors to None, run_after=None
[2025-10-25T16:27:50.392+0200] {processor.py:183} INFO - Processing /Users/youssefdaaloul/venv/dbt_snowflake/airflow_venv_39/lib/python3.11/site-packages/airflow/example_dags/example_sensors.py took 0.091 seconds
[2025-10-25T16:29:48.333+0200] {processor.py:161} INFO - Started process (PID=72379) to work on /Users/youssefdaaloul/venv/dbt_snowflake/airflow_venv_39/lib/python3.11/site-packages/airflow/example_dags/example_sensors.py
[2025-10-25T16:29:48.334+0200] {processor.py:830} INFO - Processing file /Users/youssefdaaloul/venv/dbt_snowflake/airflow_venv_39/lib/python3.11/site-packages/airflow/example_dags/example_sensors.py for tasks to queue
[2025-10-25T16:29:48.334+0200] {logging_mixin.py:188} INFO - [2025-10-25T16:29:48.334+0200] {dagbag.py:538} INFO - Filling up the DagBag from /Users/youssefdaaloul/venv/dbt_snowflake/airflow_venv_39/lib/python3.11/site-packages/airflow/example_dags/example_sensors.py
[2025-10-25T16:29:48.341+0200] {processor.py:840} INFO - DAG(s) 'example_sensors' retrieved from /Users/youssefdaaloul/venv/dbt_snowflake/airflow_venv_39/lib/python3.11/site-packages/airflow/example_dags/example_sensors.py
[2025-10-25T16:29:48.427+0200] {logging_mixin.py:188} INFO - [2025-10-25T16:29:48.426+0200] {dag.py:3036} INFO - Sync 1 DAGs
[2025-10-25T16:29:48.430+0200] {logging_mixin.py:188} INFO - [2025-10-25T16:29:48.430+0200] {dag.py:3823} INFO - Setting next_dagrun for example_sensors to None, run_after=None
[2025-10-25T16:29:48.438+0200] {processor.py:183} INFO - Processing /Users/youssefdaaloul/venv/dbt_snowflake/airflow_venv_39/lib/python3.11/site-packages/airflow/example_dags/example_sensors.py took 0.105 seconds
[2025-10-25T16:31:42.407+0200] {processor.py:161} INFO - Started process (PID=72571) to work on /Users/youssefdaaloul/venv/dbt_snowflake/airflow_venv_39/lib/python3.11/site-packages/airflow/example_dags/example_sensors.py
[2025-10-25T16:31:42.408+0200] {processor.py:830} INFO - Processing file /Users/youssefdaaloul/venv/dbt_snowflake/airflow_venv_39/lib/python3.11/site-packages/airflow/example_dags/example_sensors.py for tasks to queue
[2025-10-25T16:31:42.408+0200] {logging_mixin.py:188} INFO - [2025-10-25T16:31:42.408+0200] {dagbag.py:538} INFO - Filling up the DagBag from /Users/youssefdaaloul/venv/dbt_snowflake/airflow_venv_39/lib/python3.11/site-packages/airflow/example_dags/example_sensors.py
[2025-10-25T16:31:42.415+0200] {processor.py:840} INFO - DAG(s) 'example_sensors' retrieved from /Users/youssefdaaloul/venv/dbt_snowflake/airflow_venv_39/lib/python3.11/site-packages/airflow/example_dags/example_sensors.py
[2025-10-25T16:31:42.481+0200] {logging_mixin.py:188} INFO - [2025-10-25T16:31:42.481+0200] {dag.py:3036} INFO - Sync 1 DAGs
[2025-10-25T16:31:42.484+0200] {logging_mixin.py:188} INFO - [2025-10-25T16:31:42.484+0200] {dag.py:3823} INFO - Setting next_dagrun for example_sensors to None, run_after=None
[2025-10-25T16:31:42.491+0200] {processor.py:183} INFO - Processing /Users/youssefdaaloul/venv/dbt_snowflake/airflow_venv_39/lib/python3.11/site-packages/airflow/example_dags/example_sensors.py took 0.084 seconds
[2025-10-25T16:33:40.907+0200] {processor.py:161} INFO - Started process (PID=72696) to work on /Users/youssefdaaloul/venv/dbt_snowflake/airflow_venv_39/lib/python3.11/site-packages/airflow/example_dags/example_sensors.py
[2025-10-25T16:33:40.907+0200] {processor.py:830} INFO - Processing file /Users/youssefdaaloul/venv/dbt_snowflake/airflow_venv_39/lib/python3.11/site-packages/airflow/example_dags/example_sensors.py for tasks to queue
[2025-10-25T16:33:40.908+0200] {logging_mixin.py:188} INFO - [2025-10-25T16:33:40.908+0200] {dagbag.py:538} INFO - Filling up the DagBag from /Users/youssefdaaloul/venv/dbt_snowflake/airflow_venv_39/lib/python3.11/site-packages/airflow/example_dags/example_sensors.py
[2025-10-25T16:33:40.914+0200] {processor.py:840} INFO - DAG(s) 'example_sensors' retrieved from /Users/youssefdaaloul/venv/dbt_snowflake/airflow_venv_39/lib/python3.11/site-packages/airflow/example_dags/example_sensors.py
[2025-10-25T16:33:40.982+0200] {logging_mixin.py:188} INFO - [2025-10-25T16:33:40.982+0200] {dag.py:3036} INFO - Sync 1 DAGs
[2025-10-25T16:33:40.986+0200] {logging_mixin.py:188} INFO - [2025-10-25T16:33:40.986+0200] {dag.py:3823} INFO - Setting next_dagrun for example_sensors to None, run_after=None
[2025-10-25T16:33:40.997+0200] {processor.py:183} INFO - Processing /Users/youssefdaaloul/venv/dbt_snowflake/airflow_venv_39/lib/python3.11/site-packages/airflow/example_dags/example_sensors.py took 0.090 seconds
[2025-10-25T16:35:38.281+0200] {processor.py:161} INFO - Started process (PID=72846) to work on /Users/youssefdaaloul/venv/dbt_snowflake/airflow_venv_39/lib/python3.11/site-packages/airflow/example_dags/example_sensors.py
[2025-10-25T16:35:38.282+0200] {processor.py:830} INFO - Processing file /Users/youssefdaaloul/venv/dbt_snowflake/airflow_venv_39/lib/python3.11/site-packages/airflow/example_dags/example_sensors.py for tasks to queue
[2025-10-25T16:35:38.282+0200] {logging_mixin.py:188} INFO - [2025-10-25T16:35:38.282+0200] {dagbag.py:538} INFO - Filling up the DagBag from /Users/youssefdaaloul/venv/dbt_snowflake/airflow_venv_39/lib/python3.11/site-packages/airflow/example_dags/example_sensors.py
[2025-10-25T16:35:38.289+0200] {processor.py:840} INFO - DAG(s) 'example_sensors' retrieved from /Users/youssefdaaloul/venv/dbt_snowflake/airflow_venv_39/lib/python3.11/site-packages/airflow/example_dags/example_sensors.py
[2025-10-25T16:35:38.363+0200] {logging_mixin.py:188} INFO - [2025-10-25T16:35:38.363+0200] {dag.py:3036} INFO - Sync 1 DAGs
[2025-10-25T16:35:38.367+0200] {logging_mixin.py:188} INFO - [2025-10-25T16:35:38.367+0200] {dag.py:3823} INFO - Setting next_dagrun for example_sensors to None, run_after=None
[2025-10-25T16:35:38.378+0200] {processor.py:183} INFO - Processing /Users/youssefdaaloul/venv/dbt_snowflake/airflow_venv_39/lib/python3.11/site-packages/airflow/example_dags/example_sensors.py took 0.097 seconds
[2025-10-25T16:43:20.960+0200] {processor.py:161} INFO - Started process (PID=73735) to work on /Users/youssefdaaloul/venv/dbt_snowflake/airflow_venv_39/lib/python3.11/site-packages/airflow/example_dags/example_sensors.py
[2025-10-25T16:43:20.961+0200] {processor.py:830} INFO - Processing file /Users/youssefdaaloul/venv/dbt_snowflake/airflow_venv_39/lib/python3.11/site-packages/airflow/example_dags/example_sensors.py for tasks to queue
[2025-10-25T16:43:20.961+0200] {logging_mixin.py:188} INFO - [2025-10-25T16:43:20.961+0200] {dagbag.py:538} INFO - Filling up the DagBag from /Users/youssefdaaloul/venv/dbt_snowflake/airflow_venv_39/lib/python3.11/site-packages/airflow/example_dags/example_sensors.py
[2025-10-25T16:43:20.967+0200] {processor.py:840} INFO - DAG(s) 'example_sensors' retrieved from /Users/youssefdaaloul/venv/dbt_snowflake/airflow_venv_39/lib/python3.11/site-packages/airflow/example_dags/example_sensors.py
[2025-10-25T16:43:21.031+0200] {logging_mixin.py:188} INFO - [2025-10-25T16:43:21.031+0200] {dag.py:3036} INFO - Sync 1 DAGs
[2025-10-25T16:43:21.035+0200] {logging_mixin.py:188} INFO - [2025-10-25T16:43:21.035+0200] {dag.py:3823} INFO - Setting next_dagrun for example_sensors to None, run_after=None
[2025-10-25T16:43:21.042+0200] {processor.py:183} INFO - Processing /Users/youssefdaaloul/venv/dbt_snowflake/airflow_venv_39/lib/python3.11/site-packages/airflow/example_dags/example_sensors.py took 0.082 seconds
[2025-10-25T16:45:13.312+0200] {processor.py:161} INFO - Started process (PID=73963) to work on /Users/youssefdaaloul/venv/dbt_snowflake/airflow_venv_39/lib/python3.11/site-packages/airflow/example_dags/example_sensors.py
[2025-10-25T16:45:13.314+0200] {processor.py:830} INFO - Processing file /Users/youssefdaaloul/venv/dbt_snowflake/airflow_venv_39/lib/python3.11/site-packages/airflow/example_dags/example_sensors.py for tasks to queue
[2025-10-25T16:45:13.314+0200] {logging_mixin.py:188} INFO - [2025-10-25T16:45:13.314+0200] {dagbag.py:538} INFO - Filling up the DagBag from /Users/youssefdaaloul/venv/dbt_snowflake/airflow_venv_39/lib/python3.11/site-packages/airflow/example_dags/example_sensors.py
[2025-10-25T16:45:13.321+0200] {processor.py:840} INFO - DAG(s) 'example_sensors' retrieved from /Users/youssefdaaloul/venv/dbt_snowflake/airflow_venv_39/lib/python3.11/site-packages/airflow/example_dags/example_sensors.py
[2025-10-25T16:45:13.386+0200] {logging_mixin.py:188} INFO - [2025-10-25T16:45:13.386+0200] {dag.py:3036} INFO - Sync 1 DAGs
[2025-10-25T16:45:13.389+0200] {logging_mixin.py:188} INFO - [2025-10-25T16:45:13.389+0200] {dag.py:3823} INFO - Setting next_dagrun for example_sensors to None, run_after=None
[2025-10-25T16:45:13.396+0200] {processor.py:183} INFO - Processing /Users/youssefdaaloul/venv/dbt_snowflake/airflow_venv_39/lib/python3.11/site-packages/airflow/example_dags/example_sensors.py took 0.084 seconds
[2025-10-25T16:47:12.884+0200] {processor.py:161} INFO - Started process (PID=74064) to work on /Users/youssefdaaloul/venv/dbt_snowflake/airflow_venv_39/lib/python3.11/site-packages/airflow/example_dags/example_sensors.py
[2025-10-25T16:47:12.885+0200] {processor.py:830} INFO - Processing file /Users/youssefdaaloul/venv/dbt_snowflake/airflow_venv_39/lib/python3.11/site-packages/airflow/example_dags/example_sensors.py for tasks to queue
[2025-10-25T16:47:12.885+0200] {logging_mixin.py:188} INFO - [2025-10-25T16:47:12.885+0200] {dagbag.py:538} INFO - Filling up the DagBag from /Users/youssefdaaloul/venv/dbt_snowflake/airflow_venv_39/lib/python3.11/site-packages/airflow/example_dags/example_sensors.py
[2025-10-25T16:47:12.892+0200] {processor.py:840} INFO - DAG(s) 'example_sensors' retrieved from /Users/youssefdaaloul/venv/dbt_snowflake/airflow_venv_39/lib/python3.11/site-packages/airflow/example_dags/example_sensors.py
[2025-10-25T16:47:12.960+0200] {logging_mixin.py:188} INFO - [2025-10-25T16:47:12.960+0200] {dag.py:3036} INFO - Sync 1 DAGs
[2025-10-25T16:47:12.964+0200] {logging_mixin.py:188} INFO - [2025-10-25T16:47:12.963+0200] {dag.py:3823} INFO - Setting next_dagrun for example_sensors to None, run_after=None
[2025-10-25T16:47:12.972+0200] {processor.py:183} INFO - Processing /Users/youssefdaaloul/venv/dbt_snowflake/airflow_venv_39/lib/python3.11/site-packages/airflow/example_dags/example_sensors.py took 0.088 seconds
[2025-10-25T16:49:01.725+0200] {processor.py:161} INFO - Started process (PID=74172) to work on /Users/youssefdaaloul/venv/dbt_snowflake/airflow_venv_39/lib/python3.11/site-packages/airflow/example_dags/example_sensors.py
[2025-10-25T16:49:01.726+0200] {processor.py:830} INFO - Processing file /Users/youssefdaaloul/venv/dbt_snowflake/airflow_venv_39/lib/python3.11/site-packages/airflow/example_dags/example_sensors.py for tasks to queue
[2025-10-25T16:49:01.726+0200] {logging_mixin.py:188} INFO - [2025-10-25T16:49:01.726+0200] {dagbag.py:538} INFO - Filling up the DagBag from /Users/youssefdaaloul/venv/dbt_snowflake/airflow_venv_39/lib/python3.11/site-packages/airflow/example_dags/example_sensors.py
[2025-10-25T16:49:01.733+0200] {processor.py:840} INFO - DAG(s) 'example_sensors' retrieved from /Users/youssefdaaloul/venv/dbt_snowflake/airflow_venv_39/lib/python3.11/site-packages/airflow/example_dags/example_sensors.py
[2025-10-25T16:49:01.797+0200] {logging_mixin.py:188} INFO - [2025-10-25T16:49:01.797+0200] {dag.py:3036} INFO - Sync 1 DAGs
[2025-10-25T16:49:01.800+0200] {logging_mixin.py:188} INFO - [2025-10-25T16:49:01.800+0200] {dag.py:3823} INFO - Setting next_dagrun for example_sensors to None, run_after=None
[2025-10-25T16:49:01.808+0200] {processor.py:183} INFO - Processing /Users/youssefdaaloul/venv/dbt_snowflake/airflow_venv_39/lib/python3.11/site-packages/airflow/example_dags/example_sensors.py took 0.083 seconds
[2025-10-25T16:51:00.175+0200] {processor.py:161} INFO - Started process (PID=74269) to work on /Users/youssefdaaloul/venv/dbt_snowflake/airflow_venv_39/lib/python3.11/site-packages/airflow/example_dags/example_sensors.py
[2025-10-25T16:51:00.175+0200] {processor.py:830} INFO - Processing file /Users/youssefdaaloul/venv/dbt_snowflake/airflow_venv_39/lib/python3.11/site-packages/airflow/example_dags/example_sensors.py for tasks to queue
[2025-10-25T16:51:00.176+0200] {logging_mixin.py:188} INFO - [2025-10-25T16:51:00.175+0200] {dagbag.py:538} INFO - Filling up the DagBag from /Users/youssefdaaloul/venv/dbt_snowflake/airflow_venv_39/lib/python3.11/site-packages/airflow/example_dags/example_sensors.py
[2025-10-25T16:51:00.182+0200] {processor.py:840} INFO - DAG(s) 'example_sensors' retrieved from /Users/youssefdaaloul/venv/dbt_snowflake/airflow_venv_39/lib/python3.11/site-packages/airflow/example_dags/example_sensors.py
[2025-10-25T16:51:00.246+0200] {logging_mixin.py:188} INFO - [2025-10-25T16:51:00.246+0200] {dag.py:3036} INFO - Sync 1 DAGs
[2025-10-25T16:51:00.250+0200] {logging_mixin.py:188} INFO - [2025-10-25T16:51:00.250+0200] {dag.py:3823} INFO - Setting next_dagrun for example_sensors to None, run_after=None
[2025-10-25T16:51:00.257+0200] {processor.py:183} INFO - Processing /Users/youssefdaaloul/venv/dbt_snowflake/airflow_venv_39/lib/python3.11/site-packages/airflow/example_dags/example_sensors.py took 0.083 seconds
