[2025-10-25T16:09:07.724+0200] {processor.py:161} INFO - Started process (PID=71224) to work on /Users/youssefdaaloul/venv/dbt_snowflake/airflow_venv_39/lib/python3.11/site-packages/airflow/example_dags/example_params_ui_tutorial.py
[2025-10-25T16:09:07.725+0200] {processor.py:830} INFO - Processing file /Users/youssefdaaloul/venv/dbt_snowflake/airflow_venv_39/lib/python3.11/site-packages/airflow/example_dags/example_params_ui_tutorial.py for tasks to queue
[2025-10-25T16:09:07.725+0200] {logging_mixin.py:188} INFO - [2025-10-25T16:09:07.725+0200] {dagbag.py:538} INFO - Filling up the DagBag from /Users/youssefdaaloul/venv/dbt_snowflake/airflow_venv_39/lib/python3.11/site-packages/airflow/example_dags/example_params_ui_tutorial.py
[2025-10-25T16:09:07.744+0200] {processor.py:840} INFO - DAG(s) 'example_params_ui_tutorial' retrieved from /Users/youssefdaaloul/venv/dbt_snowflake/airflow_venv_39/lib/python3.11/site-packages/airflow/example_dags/example_params_ui_tutorial.py
[2025-10-25T16:09:07.847+0200] {logging_mixin.py:188} INFO - [2025-10-25T16:09:07.847+0200] {dag.py:3036} INFO - Sync 1 DAGs
[2025-10-25T16:09:07.850+0200] {logging_mixin.py:188} INFO - [2025-10-25T16:09:07.850+0200] {dag.py:3823} INFO - Setting next_dagrun for example_params_ui_tutorial to None, run_after=None
[2025-10-25T16:09:07.857+0200] {processor.py:183} INFO - Processing /Users/youssefdaaloul/venv/dbt_snowflake/airflow_venv_39/lib/python3.11/site-packages/airflow/example_dags/example_params_ui_tutorial.py took 0.133 seconds
[2025-10-25T16:10:40.119+0200] {processor.py:161} INFO - Started process (PID=71308) to work on /Users/youssefdaaloul/venv/dbt_snowflake/airflow_venv_39/lib/python3.11/site-packages/airflow/example_dags/example_params_ui_tutorial.py
[2025-10-25T16:10:40.119+0200] {processor.py:830} INFO - Processing file /Users/youssefdaaloul/venv/dbt_snowflake/airflow_venv_39/lib/python3.11/site-packages/airflow/example_dags/example_params_ui_tutorial.py for tasks to queue
[2025-10-25T16:10:40.120+0200] {logging_mixin.py:188} INFO - [2025-10-25T16:10:40.119+0200] {dagbag.py:538} INFO - Filling up the DagBag from /Users/youssefdaaloul/venv/dbt_snowflake/airflow_venv_39/lib/python3.11/site-packages/airflow/example_dags/example_params_ui_tutorial.py
[2025-10-25T16:10:40.137+0200] {processor.py:840} INFO - DAG(s) 'example_params_ui_tutorial' retrieved from /Users/youssefdaaloul/venv/dbt_snowflake/airflow_venv_39/lib/python3.11/site-packages/airflow/example_dags/example_params_ui_tutorial.py
[2025-10-25T16:10:40.205+0200] {logging_mixin.py:188} INFO - [2025-10-25T16:10:40.205+0200] {dag.py:3036} INFO - Sync 1 DAGs
[2025-10-25T16:10:40.209+0200] {logging_mixin.py:188} INFO - [2025-10-25T16:10:40.209+0200] {dag.py:3823} INFO - Setting next_dagrun for example_params_ui_tutorial to None, run_after=None
[2025-10-25T16:10:40.215+0200] {processor.py:183} INFO - Processing /Users/youssefdaaloul/venv/dbt_snowflake/airflow_venv_39/lib/python3.11/site-packages/airflow/example_dags/example_params_ui_tutorial.py took 0.097 seconds
[2025-10-25T16:12:36.330+0200] {processor.py:161} INFO - Started process (PID=71418) to work on /Users/youssefdaaloul/venv/dbt_snowflake/airflow_venv_39/lib/python3.11/site-packages/airflow/example_dags/example_params_ui_tutorial.py
[2025-10-25T16:12:36.331+0200] {processor.py:830} INFO - Processing file /Users/youssefdaaloul/venv/dbt_snowflake/airflow_venv_39/lib/python3.11/site-packages/airflow/example_dags/example_params_ui_tutorial.py for tasks to queue
[2025-10-25T16:12:36.331+0200] {logging_mixin.py:188} INFO - [2025-10-25T16:12:36.331+0200] {dagbag.py:538} INFO - Filling up the DagBag from /Users/youssefdaaloul/venv/dbt_snowflake/airflow_venv_39/lib/python3.11/site-packages/airflow/example_dags/example_params_ui_tutorial.py
[2025-10-25T16:12:36.352+0200] {processor.py:840} INFO - DAG(s) 'example_params_ui_tutorial' retrieved from /Users/youssefdaaloul/venv/dbt_snowflake/airflow_venv_39/lib/python3.11/site-packages/airflow/example_dags/example_params_ui_tutorial.py
[2025-10-25T16:12:36.419+0200] {logging_mixin.py:188} INFO - [2025-10-25T16:12:36.419+0200] {dag.py:3036} INFO - Sync 1 DAGs
[2025-10-25T16:12:36.423+0200] {logging_mixin.py:188} INFO - [2025-10-25T16:12:36.423+0200] {dag.py:3823} INFO - Setting next_dagrun for example_params_ui_tutorial to None, run_after=None
[2025-10-25T16:12:36.430+0200] {processor.py:183} INFO - Processing /Users/youssefdaaloul/venv/dbt_snowflake/airflow_venv_39/lib/python3.11/site-packages/airflow/example_dags/example_params_ui_tutorial.py took 0.100 seconds
[2025-10-25T16:14:36.872+0200] {processor.py:161} INFO - Started process (PID=71526) to work on /Users/youssefdaaloul/venv/dbt_snowflake/airflow_venv_39/lib/python3.11/site-packages/airflow/example_dags/example_params_ui_tutorial.py
[2025-10-25T16:14:36.873+0200] {processor.py:830} INFO - Processing file /Users/youssefdaaloul/venv/dbt_snowflake/airflow_venv_39/lib/python3.11/site-packages/airflow/example_dags/example_params_ui_tutorial.py for tasks to queue
[2025-10-25T16:14:36.873+0200] {logging_mixin.py:188} INFO - [2025-10-25T16:14:36.873+0200] {dagbag.py:538} INFO - Filling up the DagBag from /Users/youssefdaaloul/venv/dbt_snowflake/airflow_venv_39/lib/python3.11/site-packages/airflow/example_dags/example_params_ui_tutorial.py
[2025-10-25T16:14:36.892+0200] {processor.py:840} INFO - DAG(s) 'example_params_ui_tutorial' retrieved from /Users/youssefdaaloul/venv/dbt_snowflake/airflow_venv_39/lib/python3.11/site-packages/airflow/example_dags/example_params_ui_tutorial.py
[2025-10-25T16:14:36.968+0200] {logging_mixin.py:188} INFO - [2025-10-25T16:14:36.968+0200] {dag.py:3036} INFO - Sync 1 DAGs
[2025-10-25T16:14:36.972+0200] {logging_mixin.py:188} INFO - [2025-10-25T16:14:36.972+0200] {dag.py:3823} INFO - Setting next_dagrun for example_params_ui_tutorial to None, run_after=None
[2025-10-25T16:14:36.979+0200] {processor.py:183} INFO - Processing /Users/youssefdaaloul/venv/dbt_snowflake/airflow_venv_39/lib/python3.11/site-packages/airflow/example_dags/example_params_ui_tutorial.py took 0.108 seconds
[2025-10-25T16:16:38.181+0200] {processor.py:161} INFO - Started process (PID=71631) to work on /Users/youssefdaaloul/venv/dbt_snowflake/airflow_venv_39/lib/python3.11/site-packages/airflow/example_dags/example_params_ui_tutorial.py
[2025-10-25T16:16:38.183+0200] {processor.py:830} INFO - Processing file /Users/youssefdaaloul/venv/dbt_snowflake/airflow_venv_39/lib/python3.11/site-packages/airflow/example_dags/example_params_ui_tutorial.py for tasks to queue
[2025-10-25T16:16:38.183+0200] {logging_mixin.py:188} INFO - [2025-10-25T16:16:38.183+0200] {dagbag.py:538} INFO - Filling up the DagBag from /Users/youssefdaaloul/venv/dbt_snowflake/airflow_venv_39/lib/python3.11/site-packages/airflow/example_dags/example_params_ui_tutorial.py
[2025-10-25T16:16:38.201+0200] {processor.py:840} INFO - DAG(s) 'example_params_ui_tutorial' retrieved from /Users/youssefdaaloul/venv/dbt_snowflake/airflow_venv_39/lib/python3.11/site-packages/airflow/example_dags/example_params_ui_tutorial.py
[2025-10-25T16:16:38.267+0200] {logging_mixin.py:188} INFO - [2025-10-25T16:16:38.267+0200] {dag.py:3036} INFO - Sync 1 DAGs
[2025-10-25T16:16:38.271+0200] {logging_mixin.py:188} INFO - [2025-10-25T16:16:38.271+0200] {dag.py:3823} INFO - Setting next_dagrun for example_params_ui_tutorial to None, run_after=None
[2025-10-25T16:16:38.278+0200] {processor.py:183} INFO - Processing /Users/youssefdaaloul/venv/dbt_snowflake/airflow_venv_39/lib/python3.11/site-packages/airflow/example_dags/example_params_ui_tutorial.py took 0.097 seconds
[2025-10-25T16:18:38.363+0200] {processor.py:161} INFO - Started process (PID=71733) to work on /Users/youssefdaaloul/venv/dbt_snowflake/airflow_venv_39/lib/python3.11/site-packages/airflow/example_dags/example_params_ui_tutorial.py
[2025-10-25T16:18:38.364+0200] {processor.py:830} INFO - Processing file /Users/youssefdaaloul/venv/dbt_snowflake/airflow_venv_39/lib/python3.11/site-packages/airflow/example_dags/example_params_ui_tutorial.py for tasks to queue
[2025-10-25T16:18:38.364+0200] {logging_mixin.py:188} INFO - [2025-10-25T16:18:38.364+0200] {dagbag.py:538} INFO - Filling up the DagBag from /Users/youssefdaaloul/venv/dbt_snowflake/airflow_venv_39/lib/python3.11/site-packages/airflow/example_dags/example_params_ui_tutorial.py
[2025-10-25T16:18:38.383+0200] {processor.py:840} INFO - DAG(s) 'example_params_ui_tutorial' retrieved from /Users/youssefdaaloul/venv/dbt_snowflake/airflow_venv_39/lib/python3.11/site-packages/airflow/example_dags/example_params_ui_tutorial.py
[2025-10-25T16:18:38.461+0200] {logging_mixin.py:188} INFO - [2025-10-25T16:18:38.461+0200] {dag.py:3036} INFO - Sync 1 DAGs
[2025-10-25T16:18:38.465+0200] {logging_mixin.py:188} INFO - [2025-10-25T16:18:38.465+0200] {dag.py:3823} INFO - Setting next_dagrun for example_params_ui_tutorial to None, run_after=None
[2025-10-25T16:18:38.473+0200] {processor.py:183} INFO - Processing /Users/youssefdaaloul/venv/dbt_snowflake/airflow_venv_39/lib/python3.11/site-packages/airflow/example_dags/example_params_ui_tutorial.py took 0.110 seconds
[2025-10-25T16:20:43.380+0200] {processor.py:161} INFO - Started process (PID=71856) to work on /Users/youssefdaaloul/venv/dbt_snowflake/airflow_venv_39/lib/python3.11/site-packages/airflow/example_dags/example_params_ui_tutorial.py
[2025-10-25T16:20:43.381+0200] {processor.py:830} INFO - Processing file /Users/youssefdaaloul/venv/dbt_snowflake/airflow_venv_39/lib/python3.11/site-packages/airflow/example_dags/example_params_ui_tutorial.py for tasks to queue
[2025-10-25T16:20:43.381+0200] {logging_mixin.py:188} INFO - [2025-10-25T16:20:43.381+0200] {dagbag.py:538} INFO - Filling up the DagBag from /Users/youssefdaaloul/venv/dbt_snowflake/airflow_venv_39/lib/python3.11/site-packages/airflow/example_dags/example_params_ui_tutorial.py
[2025-10-25T16:20:43.399+0200] {processor.py:840} INFO - DAG(s) 'example_params_ui_tutorial' retrieved from /Users/youssefdaaloul/venv/dbt_snowflake/airflow_venv_39/lib/python3.11/site-packages/airflow/example_dags/example_params_ui_tutorial.py
[2025-10-25T16:20:43.468+0200] {logging_mixin.py:188} INFO - [2025-10-25T16:20:43.468+0200] {dag.py:3036} INFO - Sync 1 DAGs
[2025-10-25T16:20:43.471+0200] {logging_mixin.py:188} INFO - [2025-10-25T16:20:43.471+0200] {dag.py:3823} INFO - Setting next_dagrun for example_params_ui_tutorial to None, run_after=None
[2025-10-25T16:20:43.478+0200] {processor.py:183} INFO - Processing /Users/youssefdaaloul/venv/dbt_snowflake/airflow_venv_39/lib/python3.11/site-packages/airflow/example_dags/example_params_ui_tutorial.py took 0.098 seconds
[2025-10-25T16:22:32.462+0200] {processor.py:161} INFO - Started process (PID=71947) to work on /Users/youssefdaaloul/venv/dbt_snowflake/airflow_venv_39/lib/python3.11/site-packages/airflow/example_dags/example_params_ui_tutorial.py
[2025-10-25T16:22:32.463+0200] {processor.py:830} INFO - Processing file /Users/youssefdaaloul/venv/dbt_snowflake/airflow_venv_39/lib/python3.11/site-packages/airflow/example_dags/example_params_ui_tutorial.py for tasks to queue
[2025-10-25T16:22:32.464+0200] {logging_mixin.py:188} INFO - [2025-10-25T16:22:32.464+0200] {dagbag.py:538} INFO - Filling up the DagBag from /Users/youssefdaaloul/venv/dbt_snowflake/airflow_venv_39/lib/python3.11/site-packages/airflow/example_dags/example_params_ui_tutorial.py
[2025-10-25T16:22:32.481+0200] {processor.py:840} INFO - DAG(s) 'example_params_ui_tutorial' retrieved from /Users/youssefdaaloul/venv/dbt_snowflake/airflow_venv_39/lib/python3.11/site-packages/airflow/example_dags/example_params_ui_tutorial.py
[2025-10-25T16:22:32.547+0200] {logging_mixin.py:188} INFO - [2025-10-25T16:22:32.547+0200] {dag.py:3036} INFO - Sync 1 DAGs
[2025-10-25T16:22:32.551+0200] {logging_mixin.py:188} INFO - [2025-10-25T16:22:32.551+0200] {dag.py:3823} INFO - Setting next_dagrun for example_params_ui_tutorial to None, run_after=None
[2025-10-25T16:22:32.558+0200] {processor.py:183} INFO - Processing /Users/youssefdaaloul/venv/dbt_snowflake/airflow_venv_39/lib/python3.11/site-packages/airflow/example_dags/example_params_ui_tutorial.py took 0.097 seconds
[2025-10-25T16:24:22.236+0200] {processor.py:161} INFO - Started process (PID=72052) to work on /Users/youssefdaaloul/venv/dbt_snowflake/airflow_venv_39/lib/python3.11/site-packages/airflow/example_dags/example_params_ui_tutorial.py
[2025-10-25T16:24:22.238+0200] {processor.py:830} INFO - Processing file /Users/youssefdaaloul/venv/dbt_snowflake/airflow_venv_39/lib/python3.11/site-packages/airflow/example_dags/example_params_ui_tutorial.py for tasks to queue
[2025-10-25T16:24:22.238+0200] {logging_mixin.py:188} INFO - [2025-10-25T16:24:22.238+0200] {dagbag.py:538} INFO - Filling up the DagBag from /Users/youssefdaaloul/venv/dbt_snowflake/airflow_venv_39/lib/python3.11/site-packages/airflow/example_dags/example_params_ui_tutorial.py
[2025-10-25T16:24:22.254+0200] {processor.py:840} INFO - DAG(s) 'example_params_ui_tutorial' retrieved from /Users/youssefdaaloul/venv/dbt_snowflake/airflow_venv_39/lib/python3.11/site-packages/airflow/example_dags/example_params_ui_tutorial.py
[2025-10-25T16:24:22.321+0200] {logging_mixin.py:188} INFO - [2025-10-25T16:24:22.320+0200] {dag.py:3036} INFO - Sync 1 DAGs
[2025-10-25T16:24:22.324+0200] {logging_mixin.py:188} INFO - [2025-10-25T16:24:22.324+0200] {dag.py:3823} INFO - Setting next_dagrun for example_params_ui_tutorial to None, run_after=None
[2025-10-25T16:24:22.330+0200] {processor.py:183} INFO - Processing /Users/youssefdaaloul/venv/dbt_snowflake/airflow_venv_39/lib/python3.11/site-packages/airflow/example_dags/example_params_ui_tutorial.py took 0.095 seconds
[2025-10-25T16:26:09.272+0200] {processor.py:161} INFO - Started process (PID=72169) to work on /Users/youssefdaaloul/venv/dbt_snowflake/airflow_venv_39/lib/python3.11/site-packages/airflow/example_dags/example_params_ui_tutorial.py
[2025-10-25T16:26:09.273+0200] {processor.py:830} INFO - Processing file /Users/youssefdaaloul/venv/dbt_snowflake/airflow_venv_39/lib/python3.11/site-packages/airflow/example_dags/example_params_ui_tutorial.py for tasks to queue
[2025-10-25T16:26:09.274+0200] {logging_mixin.py:188} INFO - [2025-10-25T16:26:09.274+0200] {dagbag.py:538} INFO - Filling up the DagBag from /Users/youssefdaaloul/venv/dbt_snowflake/airflow_venv_39/lib/python3.11/site-packages/airflow/example_dags/example_params_ui_tutorial.py
[2025-10-25T16:26:09.290+0200] {processor.py:840} INFO - DAG(s) 'example_params_ui_tutorial' retrieved from /Users/youssefdaaloul/venv/dbt_snowflake/airflow_venv_39/lib/python3.11/site-packages/airflow/example_dags/example_params_ui_tutorial.py
[2025-10-25T16:26:09.355+0200] {logging_mixin.py:188} INFO - [2025-10-25T16:26:09.355+0200] {dag.py:3036} INFO - Sync 1 DAGs
[2025-10-25T16:26:09.358+0200] {logging_mixin.py:188} INFO - [2025-10-25T16:26:09.358+0200] {dag.py:3823} INFO - Setting next_dagrun for example_params_ui_tutorial to None, run_after=None
[2025-10-25T16:26:09.365+0200] {processor.py:183} INFO - Processing /Users/youssefdaaloul/venv/dbt_snowflake/airflow_venv_39/lib/python3.11/site-packages/airflow/example_dags/example_params_ui_tutorial.py took 0.093 seconds
[2025-10-25T16:27:59.220+0200] {processor.py:161} INFO - Started process (PID=72279) to work on /Users/youssefdaaloul/venv/dbt_snowflake/airflow_venv_39/lib/python3.11/site-packages/airflow/example_dags/example_params_ui_tutorial.py
[2025-10-25T16:27:59.223+0200] {processor.py:830} INFO - Processing file /Users/youssefdaaloul/venv/dbt_snowflake/airflow_venv_39/lib/python3.11/site-packages/airflow/example_dags/example_params_ui_tutorial.py for tasks to queue
[2025-10-25T16:27:59.223+0200] {logging_mixin.py:188} INFO - [2025-10-25T16:27:59.223+0200] {dagbag.py:538} INFO - Filling up the DagBag from /Users/youssefdaaloul/venv/dbt_snowflake/airflow_venv_39/lib/python3.11/site-packages/airflow/example_dags/example_params_ui_tutorial.py
[2025-10-25T16:27:59.241+0200] {processor.py:840} INFO - DAG(s) 'example_params_ui_tutorial' retrieved from /Users/youssefdaaloul/venv/dbt_snowflake/airflow_venv_39/lib/python3.11/site-packages/airflow/example_dags/example_params_ui_tutorial.py
[2025-10-25T16:27:59.309+0200] {logging_mixin.py:188} INFO - [2025-10-25T16:27:59.308+0200] {dag.py:3036} INFO - Sync 1 DAGs
[2025-10-25T16:27:59.313+0200] {logging_mixin.py:188} INFO - [2025-10-25T16:27:59.313+0200] {dag.py:3823} INFO - Setting next_dagrun for example_params_ui_tutorial to None, run_after=None
[2025-10-25T16:27:59.320+0200] {processor.py:183} INFO - Processing /Users/youssefdaaloul/venv/dbt_snowflake/airflow_venv_39/lib/python3.11/site-packages/airflow/example_dags/example_params_ui_tutorial.py took 0.100 seconds
[2025-10-25T16:29:56.473+0200] {processor.py:161} INFO - Started process (PID=72402) to work on /Users/youssefdaaloul/venv/dbt_snowflake/airflow_venv_39/lib/python3.11/site-packages/airflow/example_dags/example_params_ui_tutorial.py
[2025-10-25T16:29:56.474+0200] {processor.py:830} INFO - Processing file /Users/youssefdaaloul/venv/dbt_snowflake/airflow_venv_39/lib/python3.11/site-packages/airflow/example_dags/example_params_ui_tutorial.py for tasks to queue
[2025-10-25T16:29:56.474+0200] {logging_mixin.py:188} INFO - [2025-10-25T16:29:56.474+0200] {dagbag.py:538} INFO - Filling up the DagBag from /Users/youssefdaaloul/venv/dbt_snowflake/airflow_venv_39/lib/python3.11/site-packages/airflow/example_dags/example_params_ui_tutorial.py
[2025-10-25T16:29:56.492+0200] {processor.py:840} INFO - DAG(s) 'example_params_ui_tutorial' retrieved from /Users/youssefdaaloul/venv/dbt_snowflake/airflow_venv_39/lib/python3.11/site-packages/airflow/example_dags/example_params_ui_tutorial.py
[2025-10-25T16:29:56.562+0200] {logging_mixin.py:188} INFO - [2025-10-25T16:29:56.562+0200] {dag.py:3036} INFO - Sync 1 DAGs
[2025-10-25T16:29:56.566+0200] {logging_mixin.py:188} INFO - [2025-10-25T16:29:56.566+0200] {dag.py:3823} INFO - Setting next_dagrun for example_params_ui_tutorial to None, run_after=None
[2025-10-25T16:29:56.574+0200] {processor.py:183} INFO - Processing /Users/youssefdaaloul/venv/dbt_snowflake/airflow_venv_39/lib/python3.11/site-packages/airflow/example_dags/example_params_ui_tutorial.py took 0.100 seconds
[2025-10-25T16:31:51.575+0200] {processor.py:161} INFO - Started process (PID=72577) to work on /Users/youssefdaaloul/venv/dbt_snowflake/airflow_venv_39/lib/python3.11/site-packages/airflow/example_dags/example_params_ui_tutorial.py
[2025-10-25T16:31:51.576+0200] {processor.py:830} INFO - Processing file /Users/youssefdaaloul/venv/dbt_snowflake/airflow_venv_39/lib/python3.11/site-packages/airflow/example_dags/example_params_ui_tutorial.py for tasks to queue
[2025-10-25T16:31:51.576+0200] {logging_mixin.py:188} INFO - [2025-10-25T16:31:51.576+0200] {dagbag.py:538} INFO - Filling up the DagBag from /Users/youssefdaaloul/venv/dbt_snowflake/airflow_venv_39/lib/python3.11/site-packages/airflow/example_dags/example_params_ui_tutorial.py
[2025-10-25T16:31:51.594+0200] {processor.py:840} INFO - DAG(s) 'example_params_ui_tutorial' retrieved from /Users/youssefdaaloul/venv/dbt_snowflake/airflow_venv_39/lib/python3.11/site-packages/airflow/example_dags/example_params_ui_tutorial.py
[2025-10-25T16:31:51.667+0200] {logging_mixin.py:188} INFO - [2025-10-25T16:31:51.667+0200] {dag.py:3036} INFO - Sync 1 DAGs
[2025-10-25T16:31:51.672+0200] {logging_mixin.py:188} INFO - [2025-10-25T16:31:51.672+0200] {dag.py:3823} INFO - Setting next_dagrun for example_params_ui_tutorial to None, run_after=None
[2025-10-25T16:31:51.681+0200] {processor.py:183} INFO - Processing /Users/youssefdaaloul/venv/dbt_snowflake/airflow_venv_39/lib/python3.11/site-packages/airflow/example_dags/example_params_ui_tutorial.py took 0.106 seconds
[2025-10-25T16:33:48.713+0200] {processor.py:161} INFO - Started process (PID=72703) to work on /Users/youssefdaaloul/venv/dbt_snowflake/airflow_venv_39/lib/python3.11/site-packages/airflow/example_dags/example_params_ui_tutorial.py
[2025-10-25T16:33:48.713+0200] {processor.py:830} INFO - Processing file /Users/youssefdaaloul/venv/dbt_snowflake/airflow_venv_39/lib/python3.11/site-packages/airflow/example_dags/example_params_ui_tutorial.py for tasks to queue
[2025-10-25T16:33:48.714+0200] {logging_mixin.py:188} INFO - [2025-10-25T16:33:48.714+0200] {dagbag.py:538} INFO - Filling up the DagBag from /Users/youssefdaaloul/venv/dbt_snowflake/airflow_venv_39/lib/python3.11/site-packages/airflow/example_dags/example_params_ui_tutorial.py
[2025-10-25T16:33:48.733+0200] {processor.py:840} INFO - DAG(s) 'example_params_ui_tutorial' retrieved from /Users/youssefdaaloul/venv/dbt_snowflake/airflow_venv_39/lib/python3.11/site-packages/airflow/example_dags/example_params_ui_tutorial.py
[2025-10-25T16:33:48.806+0200] {logging_mixin.py:188} INFO - [2025-10-25T16:33:48.806+0200] {dag.py:3036} INFO - Sync 1 DAGs
[2025-10-25T16:33:48.810+0200] {logging_mixin.py:188} INFO - [2025-10-25T16:33:48.809+0200] {dag.py:3823} INFO - Setting next_dagrun for example_params_ui_tutorial to None, run_after=None
[2025-10-25T16:33:48.817+0200] {processor.py:183} INFO - Processing /Users/youssefdaaloul/venv/dbt_snowflake/airflow_venv_39/lib/python3.11/site-packages/airflow/example_dags/example_params_ui_tutorial.py took 0.104 seconds
[2025-10-25T16:35:47.662+0200] {processor.py:161} INFO - Started process (PID=72853) to work on /Users/youssefdaaloul/venv/dbt_snowflake/airflow_venv_39/lib/python3.11/site-packages/airflow/example_dags/example_params_ui_tutorial.py
[2025-10-25T16:35:47.662+0200] {processor.py:830} INFO - Processing file /Users/youssefdaaloul/venv/dbt_snowflake/airflow_venv_39/lib/python3.11/site-packages/airflow/example_dags/example_params_ui_tutorial.py for tasks to queue
[2025-10-25T16:35:47.663+0200] {logging_mixin.py:188} INFO - [2025-10-25T16:35:47.663+0200] {dagbag.py:538} INFO - Filling up the DagBag from /Users/youssefdaaloul/venv/dbt_snowflake/airflow_venv_39/lib/python3.11/site-packages/airflow/example_dags/example_params_ui_tutorial.py
[2025-10-25T16:35:47.679+0200] {processor.py:840} INFO - DAG(s) 'example_params_ui_tutorial' retrieved from /Users/youssefdaaloul/venv/dbt_snowflake/airflow_venv_39/lib/python3.11/site-packages/airflow/example_dags/example_params_ui_tutorial.py
[2025-10-25T16:35:47.743+0200] {logging_mixin.py:188} INFO - [2025-10-25T16:35:47.742+0200] {dag.py:3036} INFO - Sync 1 DAGs
[2025-10-25T16:35:47.746+0200] {logging_mixin.py:188} INFO - [2025-10-25T16:35:47.746+0200] {dag.py:3823} INFO - Setting next_dagrun for example_params_ui_tutorial to None, run_after=None
[2025-10-25T16:35:47.753+0200] {processor.py:183} INFO - Processing /Users/youssefdaaloul/venv/dbt_snowflake/airflow_venv_39/lib/python3.11/site-packages/airflow/example_dags/example_params_ui_tutorial.py took 0.091 seconds
[2025-10-25T16:43:29.750+0200] {processor.py:161} INFO - Started process (PID=73757) to work on /Users/youssefdaaloul/venv/dbt_snowflake/airflow_venv_39/lib/python3.11/site-packages/airflow/example_dags/example_params_ui_tutorial.py
[2025-10-25T16:43:29.750+0200] {processor.py:830} INFO - Processing file /Users/youssefdaaloul/venv/dbt_snowflake/airflow_venv_39/lib/python3.11/site-packages/airflow/example_dags/example_params_ui_tutorial.py for tasks to queue
[2025-10-25T16:43:29.751+0200] {logging_mixin.py:188} INFO - [2025-10-25T16:43:29.750+0200] {dagbag.py:538} INFO - Filling up the DagBag from /Users/youssefdaaloul/venv/dbt_snowflake/airflow_venv_39/lib/python3.11/site-packages/airflow/example_dags/example_params_ui_tutorial.py
[2025-10-25T16:43:29.766+0200] {processor.py:840} INFO - DAG(s) 'example_params_ui_tutorial' retrieved from /Users/youssefdaaloul/venv/dbt_snowflake/airflow_venv_39/lib/python3.11/site-packages/airflow/example_dags/example_params_ui_tutorial.py
[2025-10-25T16:43:29.831+0200] {logging_mixin.py:188} INFO - [2025-10-25T16:43:29.831+0200] {dag.py:3036} INFO - Sync 1 DAGs
[2025-10-25T16:43:29.835+0200] {logging_mixin.py:188} INFO - [2025-10-25T16:43:29.835+0200] {dag.py:3823} INFO - Setting next_dagrun for example_params_ui_tutorial to None, run_after=None
[2025-10-25T16:43:29.841+0200] {processor.py:183} INFO - Processing /Users/youssefdaaloul/venv/dbt_snowflake/airflow_venv_39/lib/python3.11/site-packages/airflow/example_dags/example_params_ui_tutorial.py took 0.092 seconds
[2025-10-25T16:45:23.642+0200] {processor.py:161} INFO - Started process (PID=73973) to work on /Users/youssefdaaloul/venv/dbt_snowflake/airflow_venv_39/lib/python3.11/site-packages/airflow/example_dags/example_params_ui_tutorial.py
[2025-10-25T16:45:23.643+0200] {processor.py:830} INFO - Processing file /Users/youssefdaaloul/venv/dbt_snowflake/airflow_venv_39/lib/python3.11/site-packages/airflow/example_dags/example_params_ui_tutorial.py for tasks to queue
[2025-10-25T16:45:23.643+0200] {logging_mixin.py:188} INFO - [2025-10-25T16:45:23.643+0200] {dagbag.py:538} INFO - Filling up the DagBag from /Users/youssefdaaloul/venv/dbt_snowflake/airflow_venv_39/lib/python3.11/site-packages/airflow/example_dags/example_params_ui_tutorial.py
[2025-10-25T16:45:23.660+0200] {processor.py:840} INFO - DAG(s) 'example_params_ui_tutorial' retrieved from /Users/youssefdaaloul/venv/dbt_snowflake/airflow_venv_39/lib/python3.11/site-packages/airflow/example_dags/example_params_ui_tutorial.py
[2025-10-25T16:45:23.724+0200] {logging_mixin.py:188} INFO - [2025-10-25T16:45:23.724+0200] {dag.py:3036} INFO - Sync 1 DAGs
[2025-10-25T16:45:23.727+0200] {logging_mixin.py:188} INFO - [2025-10-25T16:45:23.727+0200] {dag.py:3823} INFO - Setting next_dagrun for example_params_ui_tutorial to None, run_after=None
[2025-10-25T16:45:23.735+0200] {processor.py:183} INFO - Processing /Users/youssefdaaloul/venv/dbt_snowflake/airflow_venv_39/lib/python3.11/site-packages/airflow/example_dags/example_params_ui_tutorial.py took 0.093 seconds
[2025-10-25T16:47:22.536+0200] {processor.py:161} INFO - Started process (PID=74072) to work on /Users/youssefdaaloul/venv/dbt_snowflake/airflow_venv_39/lib/python3.11/site-packages/airflow/example_dags/example_params_ui_tutorial.py
[2025-10-25T16:47:22.537+0200] {processor.py:830} INFO - Processing file /Users/youssefdaaloul/venv/dbt_snowflake/airflow_venv_39/lib/python3.11/site-packages/airflow/example_dags/example_params_ui_tutorial.py for tasks to queue
[2025-10-25T16:47:22.537+0200] {logging_mixin.py:188} INFO - [2025-10-25T16:47:22.537+0200] {dagbag.py:538} INFO - Filling up the DagBag from /Users/youssefdaaloul/venv/dbt_snowflake/airflow_venv_39/lib/python3.11/site-packages/airflow/example_dags/example_params_ui_tutorial.py
[2025-10-25T16:47:22.554+0200] {processor.py:840} INFO - DAG(s) 'example_params_ui_tutorial' retrieved from /Users/youssefdaaloul/venv/dbt_snowflake/airflow_venv_39/lib/python3.11/site-packages/airflow/example_dags/example_params_ui_tutorial.py
[2025-10-25T16:47:22.622+0200] {logging_mixin.py:188} INFO - [2025-10-25T16:47:22.622+0200] {dag.py:3036} INFO - Sync 1 DAGs
[2025-10-25T16:47:22.625+0200] {logging_mixin.py:188} INFO - [2025-10-25T16:47:22.625+0200] {dag.py:3823} INFO - Setting next_dagrun for example_params_ui_tutorial to None, run_after=None
[2025-10-25T16:47:22.632+0200] {processor.py:183} INFO - Processing /Users/youssefdaaloul/venv/dbt_snowflake/airflow_venv_39/lib/python3.11/site-packages/airflow/example_dags/example_params_ui_tutorial.py took 0.096 seconds
[2025-10-25T16:49:10.371+0200] {processor.py:161} INFO - Started process (PID=74179) to work on /Users/youssefdaaloul/venv/dbt_snowflake/airflow_venv_39/lib/python3.11/site-packages/airflow/example_dags/example_params_ui_tutorial.py
[2025-10-25T16:49:10.371+0200] {processor.py:830} INFO - Processing file /Users/youssefdaaloul/venv/dbt_snowflake/airflow_venv_39/lib/python3.11/site-packages/airflow/example_dags/example_params_ui_tutorial.py for tasks to queue
[2025-10-25T16:49:10.372+0200] {logging_mixin.py:188} INFO - [2025-10-25T16:49:10.372+0200] {dagbag.py:538} INFO - Filling up the DagBag from /Users/youssefdaaloul/venv/dbt_snowflake/airflow_venv_39/lib/python3.11/site-packages/airflow/example_dags/example_params_ui_tutorial.py
[2025-10-25T16:49:10.388+0200] {processor.py:840} INFO - DAG(s) 'example_params_ui_tutorial' retrieved from /Users/youssefdaaloul/venv/dbt_snowflake/airflow_venv_39/lib/python3.11/site-packages/airflow/example_dags/example_params_ui_tutorial.py
[2025-10-25T16:49:10.452+0200] {logging_mixin.py:188} INFO - [2025-10-25T16:49:10.452+0200] {dag.py:3036} INFO - Sync 1 DAGs
[2025-10-25T16:49:10.456+0200] {logging_mixin.py:188} INFO - [2025-10-25T16:49:10.456+0200] {dag.py:3823} INFO - Setting next_dagrun for example_params_ui_tutorial to None, run_after=None
[2025-10-25T16:49:10.462+0200] {processor.py:183} INFO - Processing /Users/youssefdaaloul/venv/dbt_snowflake/airflow_venv_39/lib/python3.11/site-packages/airflow/example_dags/example_params_ui_tutorial.py took 0.092 seconds
[2025-10-25T16:51:09.012+0200] {processor.py:161} INFO - Started process (PID=74275) to work on /Users/youssefdaaloul/venv/dbt_snowflake/airflow_venv_39/lib/python3.11/site-packages/airflow/example_dags/example_params_ui_tutorial.py
[2025-10-25T16:51:09.012+0200] {processor.py:830} INFO - Processing file /Users/youssefdaaloul/venv/dbt_snowflake/airflow_venv_39/lib/python3.11/site-packages/airflow/example_dags/example_params_ui_tutorial.py for tasks to queue
[2025-10-25T16:51:09.013+0200] {logging_mixin.py:188} INFO - [2025-10-25T16:51:09.013+0200] {dagbag.py:538} INFO - Filling up the DagBag from /Users/youssefdaaloul/venv/dbt_snowflake/airflow_venv_39/lib/python3.11/site-packages/airflow/example_dags/example_params_ui_tutorial.py
[2025-10-25T16:51:09.029+0200] {processor.py:840} INFO - DAG(s) 'example_params_ui_tutorial' retrieved from /Users/youssefdaaloul/venv/dbt_snowflake/airflow_venv_39/lib/python3.11/site-packages/airflow/example_dags/example_params_ui_tutorial.py
[2025-10-25T16:51:09.093+0200] {logging_mixin.py:188} INFO - [2025-10-25T16:51:09.093+0200] {dag.py:3036} INFO - Sync 1 DAGs
[2025-10-25T16:51:09.097+0200] {logging_mixin.py:188} INFO - [2025-10-25T16:51:09.097+0200] {dag.py:3823} INFO - Setting next_dagrun for example_params_ui_tutorial to None, run_after=None
[2025-10-25T16:51:09.104+0200] {processor.py:183} INFO - Processing /Users/youssefdaaloul/venv/dbt_snowflake/airflow_venv_39/lib/python3.11/site-packages/airflow/example_dags/example_params_ui_tutorial.py took 0.092 seconds
