[2025-10-25T16:08:39.519+0200] {processor.py:161} INFO - Started process (PID=71204) to work on /Users/youssefdaaloul/venv/dbt_snowflake/airflow_venv_39/lib/python3.11/site-packages/airflow/example_dags/example_time_delta_sensor_async.py
[2025-10-25T16:08:39.519+0200] {processor.py:830} INFO - Processing file /Users/youssefdaaloul/venv/dbt_snowflake/airflow_venv_39/lib/python3.11/site-packages/airflow/example_dags/example_time_delta_sensor_async.py for tasks to queue
[2025-10-25T16:08:39.520+0200] {logging_mixin.py:188} INFO - [2025-10-25T16:08:39.519+0200] {dagbag.py:538} INFO - Filling up the DagBag from /Users/youssefdaaloul/venv/dbt_snowflake/airflow_venv_39/lib/python3.11/site-packages/airflow/example_dags/example_time_delta_sensor_async.py
[2025-10-25T16:08:39.523+0200] {processor.py:840} INFO - DAG(s) 'example_time_delta_sensor_async' retrieved from /Users/youssefdaaloul/venv/dbt_snowflake/airflow_venv_39/lib/python3.11/site-packages/airflow/example_dags/example_time_delta_sensor_async.py
[2025-10-25T16:08:39.635+0200] {logging_mixin.py:188} INFO - [2025-10-25T16:08:39.635+0200] {dag.py:3036} INFO - Sync 1 DAGs
[2025-10-25T16:08:39.638+0200] {logging_mixin.py:188} INFO - [2025-10-25T16:08:39.638+0200] {dag.py:3823} INFO - Setting next_dagrun for example_time_delta_sensor_async to None, run_after=None
[2025-10-25T16:08:39.645+0200] {processor.py:183} INFO - Processing /Users/youssefdaaloul/venv/dbt_snowflake/airflow_venv_39/lib/python3.11/site-packages/airflow/example_dags/example_time_delta_sensor_async.py took 0.127 seconds
[2025-10-25T16:10:10.541+0200] {processor.py:161} INFO - Started process (PID=71278) to work on /Users/youssefdaaloul/venv/dbt_snowflake/airflow_venv_39/lib/python3.11/site-packages/airflow/example_dags/example_time_delta_sensor_async.py
[2025-10-25T16:10:10.542+0200] {processor.py:830} INFO - Processing file /Users/youssefdaaloul/venv/dbt_snowflake/airflow_venv_39/lib/python3.11/site-packages/airflow/example_dags/example_time_delta_sensor_async.py for tasks to queue
[2025-10-25T16:10:10.542+0200] {logging_mixin.py:188} INFO - [2025-10-25T16:10:10.542+0200] {dagbag.py:538} INFO - Filling up the DagBag from /Users/youssefdaaloul/venv/dbt_snowflake/airflow_venv_39/lib/python3.11/site-packages/airflow/example_dags/example_time_delta_sensor_async.py
[2025-10-25T16:10:10.546+0200] {processor.py:840} INFO - DAG(s) 'example_time_delta_sensor_async' retrieved from /Users/youssefdaaloul/venv/dbt_snowflake/airflow_venv_39/lib/python3.11/site-packages/airflow/example_dags/example_time_delta_sensor_async.py
[2025-10-25T16:10:10.611+0200] {logging_mixin.py:188} INFO - [2025-10-25T16:10:10.611+0200] {dag.py:3036} INFO - Sync 1 DAGs
[2025-10-25T16:10:10.615+0200] {logging_mixin.py:188} INFO - [2025-10-25T16:10:10.615+0200] {dag.py:3823} INFO - Setting next_dagrun for example_time_delta_sensor_async to None, run_after=None
[2025-10-25T16:10:10.621+0200] {processor.py:183} INFO - Processing /Users/youssefdaaloul/venv/dbt_snowflake/airflow_venv_39/lib/python3.11/site-packages/airflow/example_dags/example_time_delta_sensor_async.py took 0.081 seconds
[2025-10-25T16:11:10.245+0200] {processor.py:161} INFO - Started process (PID=71336) to work on /Users/youssefdaaloul/venv/dbt_snowflake/airflow_venv_39/lib/python3.11/site-packages/airflow/example_dags/example_time_delta_sensor_async.py
[2025-10-25T16:11:10.246+0200] {processor.py:830} INFO - Processing file /Users/youssefdaaloul/venv/dbt_snowflake/airflow_venv_39/lib/python3.11/site-packages/airflow/example_dags/example_time_delta_sensor_async.py for tasks to queue
[2025-10-25T16:11:10.246+0200] {logging_mixin.py:188} INFO - [2025-10-25T16:11:10.246+0200] {dagbag.py:538} INFO - Filling up the DagBag from /Users/youssefdaaloul/venv/dbt_snowflake/airflow_venv_39/lib/python3.11/site-packages/airflow/example_dags/example_time_delta_sensor_async.py
[2025-10-25T16:11:10.250+0200] {processor.py:840} INFO - DAG(s) 'example_time_delta_sensor_async' retrieved from /Users/youssefdaaloul/venv/dbt_snowflake/airflow_venv_39/lib/python3.11/site-packages/airflow/example_dags/example_time_delta_sensor_async.py
[2025-10-25T16:11:10.314+0200] {logging_mixin.py:188} INFO - [2025-10-25T16:11:10.314+0200] {dag.py:3036} INFO - Sync 1 DAGs
[2025-10-25T16:11:10.317+0200] {logging_mixin.py:188} INFO - [2025-10-25T16:11:10.317+0200] {dag.py:3823} INFO - Setting next_dagrun for example_time_delta_sensor_async to None, run_after=None
[2025-10-25T16:11:10.325+0200] {processor.py:183} INFO - Processing /Users/youssefdaaloul/venv/dbt_snowflake/airflow_venv_39/lib/python3.11/site-packages/airflow/example_dags/example_time_delta_sensor_async.py took 0.080 seconds
[2025-10-25T16:12:09.113+0200] {processor.py:161} INFO - Started process (PID=71394) to work on /Users/youssefdaaloul/venv/dbt_snowflake/airflow_venv_39/lib/python3.11/site-packages/airflow/example_dags/example_time_delta_sensor_async.py
[2025-10-25T16:12:09.113+0200] {processor.py:830} INFO - Processing file /Users/youssefdaaloul/venv/dbt_snowflake/airflow_venv_39/lib/python3.11/site-packages/airflow/example_dags/example_time_delta_sensor_async.py for tasks to queue
[2025-10-25T16:12:09.114+0200] {logging_mixin.py:188} INFO - [2025-10-25T16:12:09.113+0200] {dagbag.py:538} INFO - Filling up the DagBag from /Users/youssefdaaloul/venv/dbt_snowflake/airflow_venv_39/lib/python3.11/site-packages/airflow/example_dags/example_time_delta_sensor_async.py
[2025-10-25T16:12:09.117+0200] {processor.py:840} INFO - DAG(s) 'example_time_delta_sensor_async' retrieved from /Users/youssefdaaloul/venv/dbt_snowflake/airflow_venv_39/lib/python3.11/site-packages/airflow/example_dags/example_time_delta_sensor_async.py
[2025-10-25T16:12:09.178+0200] {logging_mixin.py:188} INFO - [2025-10-25T16:12:09.177+0200] {dag.py:3036} INFO - Sync 1 DAGs
[2025-10-25T16:12:09.182+0200] {logging_mixin.py:188} INFO - [2025-10-25T16:12:09.182+0200] {dag.py:3823} INFO - Setting next_dagrun for example_time_delta_sensor_async to None, run_after=None
[2025-10-25T16:12:09.189+0200] {processor.py:183} INFO - Processing /Users/youssefdaaloul/venv/dbt_snowflake/airflow_venv_39/lib/python3.11/site-packages/airflow/example_dags/example_time_delta_sensor_async.py took 0.076 seconds
[2025-10-25T16:13:06.206+0200] {processor.py:161} INFO - Started process (PID=71441) to work on /Users/youssefdaaloul/venv/dbt_snowflake/airflow_venv_39/lib/python3.11/site-packages/airflow/example_dags/example_time_delta_sensor_async.py
[2025-10-25T16:13:06.208+0200] {processor.py:830} INFO - Processing file /Users/youssefdaaloul/venv/dbt_snowflake/airflow_venv_39/lib/python3.11/site-packages/airflow/example_dags/example_time_delta_sensor_async.py for tasks to queue
[2025-10-25T16:13:06.208+0200] {logging_mixin.py:188} INFO - [2025-10-25T16:13:06.208+0200] {dagbag.py:538} INFO - Filling up the DagBag from /Users/youssefdaaloul/venv/dbt_snowflake/airflow_venv_39/lib/python3.11/site-packages/airflow/example_dags/example_time_delta_sensor_async.py
[2025-10-25T16:13:06.212+0200] {processor.py:840} INFO - DAG(s) 'example_time_delta_sensor_async' retrieved from /Users/youssefdaaloul/venv/dbt_snowflake/airflow_venv_39/lib/python3.11/site-packages/airflow/example_dags/example_time_delta_sensor_async.py
[2025-10-25T16:13:06.288+0200] {logging_mixin.py:188} INFO - [2025-10-25T16:13:06.288+0200] {dag.py:3036} INFO - Sync 1 DAGs
[2025-10-25T16:13:06.292+0200] {logging_mixin.py:188} INFO - [2025-10-25T16:13:06.292+0200] {dag.py:3823} INFO - Setting next_dagrun for example_time_delta_sensor_async to None, run_after=None
[2025-10-25T16:13:06.301+0200] {processor.py:183} INFO - Processing /Users/youssefdaaloul/venv/dbt_snowflake/airflow_venv_39/lib/python3.11/site-packages/airflow/example_dags/example_time_delta_sensor_async.py took 0.095 seconds
[2025-10-25T16:14:07.045+0200] {processor.py:161} INFO - Started process (PID=71493) to work on /Users/youssefdaaloul/venv/dbt_snowflake/airflow_venv_39/lib/python3.11/site-packages/airflow/example_dags/example_time_delta_sensor_async.py
[2025-10-25T16:14:07.046+0200] {processor.py:830} INFO - Processing file /Users/youssefdaaloul/venv/dbt_snowflake/airflow_venv_39/lib/python3.11/site-packages/airflow/example_dags/example_time_delta_sensor_async.py for tasks to queue
[2025-10-25T16:14:07.046+0200] {logging_mixin.py:188} INFO - [2025-10-25T16:14:07.046+0200] {dagbag.py:538} INFO - Filling up the DagBag from /Users/youssefdaaloul/venv/dbt_snowflake/airflow_venv_39/lib/python3.11/site-packages/airflow/example_dags/example_time_delta_sensor_async.py
[2025-10-25T16:14:07.050+0200] {processor.py:840} INFO - DAG(s) 'example_time_delta_sensor_async' retrieved from /Users/youssefdaaloul/venv/dbt_snowflake/airflow_venv_39/lib/python3.11/site-packages/airflow/example_dags/example_time_delta_sensor_async.py
[2025-10-25T16:14:07.115+0200] {logging_mixin.py:188} INFO - [2025-10-25T16:14:07.114+0200] {dag.py:3036} INFO - Sync 1 DAGs
[2025-10-25T16:14:07.118+0200] {logging_mixin.py:188} INFO - [2025-10-25T16:14:07.118+0200] {dag.py:3823} INFO - Setting next_dagrun for example_time_delta_sensor_async to None, run_after=None
[2025-10-25T16:14:07.125+0200] {processor.py:183} INFO - Processing /Users/youssefdaaloul/venv/dbt_snowflake/airflow_venv_39/lib/python3.11/site-packages/airflow/example_dags/example_time_delta_sensor_async.py took 0.080 seconds
[2025-10-25T16:15:09.252+0200] {processor.py:161} INFO - Started process (PID=71553) to work on /Users/youssefdaaloul/venv/dbt_snowflake/airflow_venv_39/lib/python3.11/site-packages/airflow/example_dags/example_time_delta_sensor_async.py
[2025-10-25T16:15:09.253+0200] {processor.py:830} INFO - Processing file /Users/youssefdaaloul/venv/dbt_snowflake/airflow_venv_39/lib/python3.11/site-packages/airflow/example_dags/example_time_delta_sensor_async.py for tasks to queue
[2025-10-25T16:15:09.253+0200] {logging_mixin.py:188} INFO - [2025-10-25T16:15:09.253+0200] {dagbag.py:538} INFO - Filling up the DagBag from /Users/youssefdaaloul/venv/dbt_snowflake/airflow_venv_39/lib/python3.11/site-packages/airflow/example_dags/example_time_delta_sensor_async.py
[2025-10-25T16:15:09.257+0200] {processor.py:840} INFO - DAG(s) 'example_time_delta_sensor_async' retrieved from /Users/youssefdaaloul/venv/dbt_snowflake/airflow_venv_39/lib/python3.11/site-packages/airflow/example_dags/example_time_delta_sensor_async.py
[2025-10-25T16:15:09.321+0200] {logging_mixin.py:188} INFO - [2025-10-25T16:15:09.321+0200] {dag.py:3036} INFO - Sync 1 DAGs
[2025-10-25T16:15:09.324+0200] {logging_mixin.py:188} INFO - [2025-10-25T16:15:09.324+0200] {dag.py:3823} INFO - Setting next_dagrun for example_time_delta_sensor_async to None, run_after=None
[2025-10-25T16:15:09.331+0200] {processor.py:183} INFO - Processing /Users/youssefdaaloul/venv/dbt_snowflake/airflow_venv_39/lib/python3.11/site-packages/airflow/example_dags/example_time_delta_sensor_async.py took 0.079 seconds
[2025-10-25T16:16:11.236+0200] {processor.py:161} INFO - Started process (PID=71610) to work on /Users/youssefdaaloul/venv/dbt_snowflake/airflow_venv_39/lib/python3.11/site-packages/airflow/example_dags/example_time_delta_sensor_async.py
[2025-10-25T16:16:11.238+0200] {processor.py:830} INFO - Processing file /Users/youssefdaaloul/venv/dbt_snowflake/airflow_venv_39/lib/python3.11/site-packages/airflow/example_dags/example_time_delta_sensor_async.py for tasks to queue
[2025-10-25T16:16:11.238+0200] {logging_mixin.py:188} INFO - [2025-10-25T16:16:11.238+0200] {dagbag.py:538} INFO - Filling up the DagBag from /Users/youssefdaaloul/venv/dbt_snowflake/airflow_venv_39/lib/python3.11/site-packages/airflow/example_dags/example_time_delta_sensor_async.py
[2025-10-25T16:16:11.243+0200] {processor.py:840} INFO - DAG(s) 'example_time_delta_sensor_async' retrieved from /Users/youssefdaaloul/venv/dbt_snowflake/airflow_venv_39/lib/python3.11/site-packages/airflow/example_dags/example_time_delta_sensor_async.py
[2025-10-25T16:16:11.311+0200] {logging_mixin.py:188} INFO - [2025-10-25T16:16:11.311+0200] {dag.py:3036} INFO - Sync 1 DAGs
[2025-10-25T16:16:11.315+0200] {logging_mixin.py:188} INFO - [2025-10-25T16:16:11.315+0200] {dag.py:3823} INFO - Setting next_dagrun for example_time_delta_sensor_async to None, run_after=None
[2025-10-25T16:16:11.322+0200] {processor.py:183} INFO - Processing /Users/youssefdaaloul/venv/dbt_snowflake/airflow_venv_39/lib/python3.11/site-packages/airflow/example_dags/example_time_delta_sensor_async.py took 0.086 seconds
[2025-10-25T16:17:10.748+0200] {processor.py:161} INFO - Started process (PID=71652) to work on /Users/youssefdaaloul/venv/dbt_snowflake/airflow_venv_39/lib/python3.11/site-packages/airflow/example_dags/example_time_delta_sensor_async.py
[2025-10-25T16:17:10.749+0200] {processor.py:830} INFO - Processing file /Users/youssefdaaloul/venv/dbt_snowflake/airflow_venv_39/lib/python3.11/site-packages/airflow/example_dags/example_time_delta_sensor_async.py for tasks to queue
[2025-10-25T16:17:10.750+0200] {logging_mixin.py:188} INFO - [2025-10-25T16:17:10.750+0200] {dagbag.py:538} INFO - Filling up the DagBag from /Users/youssefdaaloul/venv/dbt_snowflake/airflow_venv_39/lib/python3.11/site-packages/airflow/example_dags/example_time_delta_sensor_async.py
[2025-10-25T16:17:10.753+0200] {processor.py:840} INFO - DAG(s) 'example_time_delta_sensor_async' retrieved from /Users/youssefdaaloul/venv/dbt_snowflake/airflow_venv_39/lib/python3.11/site-packages/airflow/example_dags/example_time_delta_sensor_async.py
[2025-10-25T16:17:10.822+0200] {logging_mixin.py:188} INFO - [2025-10-25T16:17:10.822+0200] {dag.py:3036} INFO - Sync 1 DAGs
[2025-10-25T16:17:10.825+0200] {logging_mixin.py:188} INFO - [2025-10-25T16:17:10.825+0200] {dag.py:3823} INFO - Setting next_dagrun for example_time_delta_sensor_async to None, run_after=None
[2025-10-25T16:17:10.833+0200] {processor.py:183} INFO - Processing /Users/youssefdaaloul/venv/dbt_snowflake/airflow_venv_39/lib/python3.11/site-packages/airflow/example_dags/example_time_delta_sensor_async.py took 0.085 seconds
[2025-10-25T16:18:10.680+0200] {processor.py:161} INFO - Started process (PID=71706) to work on /Users/youssefdaaloul/venv/dbt_snowflake/airflow_venv_39/lib/python3.11/site-packages/airflow/example_dags/example_time_delta_sensor_async.py
[2025-10-25T16:18:10.681+0200] {processor.py:830} INFO - Processing file /Users/youssefdaaloul/venv/dbt_snowflake/airflow_venv_39/lib/python3.11/site-packages/airflow/example_dags/example_time_delta_sensor_async.py for tasks to queue
[2025-10-25T16:18:10.682+0200] {logging_mixin.py:188} INFO - [2025-10-25T16:18:10.682+0200] {dagbag.py:538} INFO - Filling up the DagBag from /Users/youssefdaaloul/venv/dbt_snowflake/airflow_venv_39/lib/python3.11/site-packages/airflow/example_dags/example_time_delta_sensor_async.py
[2025-10-25T16:18:10.686+0200] {processor.py:840} INFO - DAG(s) 'example_time_delta_sensor_async' retrieved from /Users/youssefdaaloul/venv/dbt_snowflake/airflow_venv_39/lib/python3.11/site-packages/airflow/example_dags/example_time_delta_sensor_async.py
[2025-10-25T16:18:10.754+0200] {logging_mixin.py:188} INFO - [2025-10-25T16:18:10.754+0200] {dag.py:3036} INFO - Sync 1 DAGs
[2025-10-25T16:18:10.757+0200] {logging_mixin.py:188} INFO - [2025-10-25T16:18:10.757+0200] {dag.py:3823} INFO - Setting next_dagrun for example_time_delta_sensor_async to None, run_after=None
[2025-10-25T16:18:10.765+0200] {processor.py:183} INFO - Processing /Users/youssefdaaloul/venv/dbt_snowflake/airflow_venv_39/lib/python3.11/site-packages/airflow/example_dags/example_time_delta_sensor_async.py took 0.085 seconds
[2025-10-25T16:19:10.166+0200] {processor.py:161} INFO - Started process (PID=71761) to work on /Users/youssefdaaloul/venv/dbt_snowflake/airflow_venv_39/lib/python3.11/site-packages/airflow/example_dags/example_time_delta_sensor_async.py
[2025-10-25T16:19:10.167+0200] {processor.py:830} INFO - Processing file /Users/youssefdaaloul/venv/dbt_snowflake/airflow_venv_39/lib/python3.11/site-packages/airflow/example_dags/example_time_delta_sensor_async.py for tasks to queue
[2025-10-25T16:19:10.168+0200] {logging_mixin.py:188} INFO - [2025-10-25T16:19:10.167+0200] {dagbag.py:538} INFO - Filling up the DagBag from /Users/youssefdaaloul/venv/dbt_snowflake/airflow_venv_39/lib/python3.11/site-packages/airflow/example_dags/example_time_delta_sensor_async.py
[2025-10-25T16:19:10.172+0200] {processor.py:840} INFO - DAG(s) 'example_time_delta_sensor_async' retrieved from /Users/youssefdaaloul/venv/dbt_snowflake/airflow_venv_39/lib/python3.11/site-packages/airflow/example_dags/example_time_delta_sensor_async.py
[2025-10-25T16:19:10.245+0200] {logging_mixin.py:188} INFO - [2025-10-25T16:19:10.244+0200] {dag.py:3036} INFO - Sync 1 DAGs
[2025-10-25T16:19:10.248+0200] {logging_mixin.py:188} INFO - [2025-10-25T16:19:10.248+0200] {dag.py:3823} INFO - Setting next_dagrun for example_time_delta_sensor_async to None, run_after=None
[2025-10-25T16:19:10.256+0200] {processor.py:183} INFO - Processing /Users/youssefdaaloul/venv/dbt_snowflake/airflow_venv_39/lib/python3.11/site-packages/airflow/example_dags/example_time_delta_sensor_async.py took 0.090 seconds
[2025-10-25T16:20:14.858+0200] {processor.py:161} INFO - Started process (PID=71820) to work on /Users/youssefdaaloul/venv/dbt_snowflake/airflow_venv_39/lib/python3.11/site-packages/airflow/example_dags/example_time_delta_sensor_async.py
[2025-10-25T16:20:14.859+0200] {processor.py:830} INFO - Processing file /Users/youssefdaaloul/venv/dbt_snowflake/airflow_venv_39/lib/python3.11/site-packages/airflow/example_dags/example_time_delta_sensor_async.py for tasks to queue
[2025-10-25T16:20:14.859+0200] {logging_mixin.py:188} INFO - [2025-10-25T16:20:14.859+0200] {dagbag.py:538} INFO - Filling up the DagBag from /Users/youssefdaaloul/venv/dbt_snowflake/airflow_venv_39/lib/python3.11/site-packages/airflow/example_dags/example_time_delta_sensor_async.py
[2025-10-25T16:20:14.863+0200] {processor.py:840} INFO - DAG(s) 'example_time_delta_sensor_async' retrieved from /Users/youssefdaaloul/venv/dbt_snowflake/airflow_venv_39/lib/python3.11/site-packages/airflow/example_dags/example_time_delta_sensor_async.py
[2025-10-25T16:20:14.925+0200] {logging_mixin.py:188} INFO - [2025-10-25T16:20:14.925+0200] {dag.py:3036} INFO - Sync 1 DAGs
[2025-10-25T16:20:14.928+0200] {logging_mixin.py:188} INFO - [2025-10-25T16:20:14.928+0200] {dag.py:3823} INFO - Setting next_dagrun for example_time_delta_sensor_async to None, run_after=None
[2025-10-25T16:20:14.935+0200] {processor.py:183} INFO - Processing /Users/youssefdaaloul/venv/dbt_snowflake/airflow_venv_39/lib/python3.11/site-packages/airflow/example_dags/example_time_delta_sensor_async.py took 0.077 seconds
[2025-10-25T16:21:17.024+0200] {processor.py:161} INFO - Started process (PID=71883) to work on /Users/youssefdaaloul/venv/dbt_snowflake/airflow_venv_39/lib/python3.11/site-packages/airflow/example_dags/example_time_delta_sensor_async.py
[2025-10-25T16:21:17.025+0200] {processor.py:830} INFO - Processing file /Users/youssefdaaloul/venv/dbt_snowflake/airflow_venv_39/lib/python3.11/site-packages/airflow/example_dags/example_time_delta_sensor_async.py for tasks to queue
[2025-10-25T16:21:17.026+0200] {logging_mixin.py:188} INFO - [2025-10-25T16:21:17.025+0200] {dagbag.py:538} INFO - Filling up the DagBag from /Users/youssefdaaloul/venv/dbt_snowflake/airflow_venv_39/lib/python3.11/site-packages/airflow/example_dags/example_time_delta_sensor_async.py
[2025-10-25T16:21:17.029+0200] {processor.py:840} INFO - DAG(s) 'example_time_delta_sensor_async' retrieved from /Users/youssefdaaloul/venv/dbt_snowflake/airflow_venv_39/lib/python3.11/site-packages/airflow/example_dags/example_time_delta_sensor_async.py
[2025-10-25T16:21:17.092+0200] {logging_mixin.py:188} INFO - [2025-10-25T16:21:17.092+0200] {dag.py:3036} INFO - Sync 1 DAGs
[2025-10-25T16:21:17.095+0200] {logging_mixin.py:188} INFO - [2025-10-25T16:21:17.095+0200] {dag.py:3823} INFO - Setting next_dagrun for example_time_delta_sensor_async to None, run_after=None
[2025-10-25T16:21:17.102+0200] {processor.py:183} INFO - Processing /Users/youssefdaaloul/venv/dbt_snowflake/airflow_venv_39/lib/python3.11/site-packages/airflow/example_dags/example_time_delta_sensor_async.py took 0.078 seconds
[2025-10-25T16:23:01.657+0200] {processor.py:161} INFO - Started process (PID=71980) to work on /Users/youssefdaaloul/venv/dbt_snowflake/airflow_venv_39/lib/python3.11/site-packages/airflow/example_dags/example_time_delta_sensor_async.py
[2025-10-25T16:23:01.658+0200] {processor.py:830} INFO - Processing file /Users/youssefdaaloul/venv/dbt_snowflake/airflow_venv_39/lib/python3.11/site-packages/airflow/example_dags/example_time_delta_sensor_async.py for tasks to queue
[2025-10-25T16:23:01.658+0200] {logging_mixin.py:188} INFO - [2025-10-25T16:23:01.658+0200] {dagbag.py:538} INFO - Filling up the DagBag from /Users/youssefdaaloul/venv/dbt_snowflake/airflow_venv_39/lib/python3.11/site-packages/airflow/example_dags/example_time_delta_sensor_async.py
[2025-10-25T16:23:01.662+0200] {processor.py:840} INFO - DAG(s) 'example_time_delta_sensor_async' retrieved from /Users/youssefdaaloul/venv/dbt_snowflake/airflow_venv_39/lib/python3.11/site-packages/airflow/example_dags/example_time_delta_sensor_async.py
[2025-10-25T16:23:01.721+0200] {logging_mixin.py:188} INFO - [2025-10-25T16:23:01.721+0200] {dag.py:3036} INFO - Sync 1 DAGs
[2025-10-25T16:23:01.724+0200] {logging_mixin.py:188} INFO - [2025-10-25T16:23:01.724+0200] {dag.py:3823} INFO - Setting next_dagrun for example_time_delta_sensor_async to None, run_after=None
[2025-10-25T16:23:01.731+0200] {processor.py:183} INFO - Processing /Users/youssefdaaloul/venv/dbt_snowflake/airflow_venv_39/lib/python3.11/site-packages/airflow/example_dags/example_time_delta_sensor_async.py took 0.074 seconds
[2025-10-25T16:23:57.575+0200] {processor.py:161} INFO - Started process (PID=72029) to work on /Users/youssefdaaloul/venv/dbt_snowflake/airflow_venv_39/lib/python3.11/site-packages/airflow/example_dags/example_time_delta_sensor_async.py
[2025-10-25T16:23:57.576+0200] {processor.py:830} INFO - Processing file /Users/youssefdaaloul/venv/dbt_snowflake/airflow_venv_39/lib/python3.11/site-packages/airflow/example_dags/example_time_delta_sensor_async.py for tasks to queue
[2025-10-25T16:23:57.577+0200] {logging_mixin.py:188} INFO - [2025-10-25T16:23:57.576+0200] {dagbag.py:538} INFO - Filling up the DagBag from /Users/youssefdaaloul/venv/dbt_snowflake/airflow_venv_39/lib/python3.11/site-packages/airflow/example_dags/example_time_delta_sensor_async.py
[2025-10-25T16:23:57.580+0200] {processor.py:840} INFO - DAG(s) 'example_time_delta_sensor_async' retrieved from /Users/youssefdaaloul/venv/dbt_snowflake/airflow_venv_39/lib/python3.11/site-packages/airflow/example_dags/example_time_delta_sensor_async.py
[2025-10-25T16:23:57.640+0200] {logging_mixin.py:188} INFO - [2025-10-25T16:23:57.640+0200] {dag.py:3036} INFO - Sync 1 DAGs
[2025-10-25T16:23:57.643+0200] {logging_mixin.py:188} INFO - [2025-10-25T16:23:57.643+0200] {dag.py:3823} INFO - Setting next_dagrun for example_time_delta_sensor_async to None, run_after=None
[2025-10-25T16:23:57.651+0200] {processor.py:183} INFO - Processing /Users/youssefdaaloul/venv/dbt_snowflake/airflow_venv_39/lib/python3.11/site-packages/airflow/example_dags/example_time_delta_sensor_async.py took 0.076 seconds
[2025-10-25T16:24:52.851+0200] {processor.py:161} INFO - Started process (PID=72085) to work on /Users/youssefdaaloul/venv/dbt_snowflake/airflow_venv_39/lib/python3.11/site-packages/airflow/example_dags/example_time_delta_sensor_async.py
[2025-10-25T16:24:52.852+0200] {processor.py:830} INFO - Processing file /Users/youssefdaaloul/venv/dbt_snowflake/airflow_venv_39/lib/python3.11/site-packages/airflow/example_dags/example_time_delta_sensor_async.py for tasks to queue
[2025-10-25T16:24:52.852+0200] {logging_mixin.py:188} INFO - [2025-10-25T16:24:52.852+0200] {dagbag.py:538} INFO - Filling up the DagBag from /Users/youssefdaaloul/venv/dbt_snowflake/airflow_venv_39/lib/python3.11/site-packages/airflow/example_dags/example_time_delta_sensor_async.py
[2025-10-25T16:24:52.856+0200] {processor.py:840} INFO - DAG(s) 'example_time_delta_sensor_async' retrieved from /Users/youssefdaaloul/venv/dbt_snowflake/airflow_venv_39/lib/python3.11/site-packages/airflow/example_dags/example_time_delta_sensor_async.py
[2025-10-25T16:24:52.920+0200] {logging_mixin.py:188} INFO - [2025-10-25T16:24:52.920+0200] {dag.py:3036} INFO - Sync 1 DAGs
[2025-10-25T16:24:52.923+0200] {logging_mixin.py:188} INFO - [2025-10-25T16:24:52.923+0200] {dag.py:3823} INFO - Setting next_dagrun for example_time_delta_sensor_async to None, run_after=None
[2025-10-25T16:24:52.931+0200] {processor.py:183} INFO - Processing /Users/youssefdaaloul/venv/dbt_snowflake/airflow_venv_39/lib/python3.11/site-packages/airflow/example_dags/example_time_delta_sensor_async.py took 0.080 seconds
[2025-10-25T16:25:48.301+0200] {processor.py:161} INFO - Started process (PID=72147) to work on /Users/youssefdaaloul/venv/dbt_snowflake/airflow_venv_39/lib/python3.11/site-packages/airflow/example_dags/example_time_delta_sensor_async.py
[2025-10-25T16:25:48.302+0200] {processor.py:830} INFO - Processing file /Users/youssefdaaloul/venv/dbt_snowflake/airflow_venv_39/lib/python3.11/site-packages/airflow/example_dags/example_time_delta_sensor_async.py for tasks to queue
[2025-10-25T16:25:48.302+0200] {logging_mixin.py:188} INFO - [2025-10-25T16:25:48.302+0200] {dagbag.py:538} INFO - Filling up the DagBag from /Users/youssefdaaloul/venv/dbt_snowflake/airflow_venv_39/lib/python3.11/site-packages/airflow/example_dags/example_time_delta_sensor_async.py
[2025-10-25T16:25:48.306+0200] {processor.py:840} INFO - DAG(s) 'example_time_delta_sensor_async' retrieved from /Users/youssefdaaloul/venv/dbt_snowflake/airflow_venv_39/lib/python3.11/site-packages/airflow/example_dags/example_time_delta_sensor_async.py
[2025-10-25T16:25:48.369+0200] {logging_mixin.py:188} INFO - [2025-10-25T16:25:48.369+0200] {dag.py:3036} INFO - Sync 1 DAGs
[2025-10-25T16:25:48.372+0200] {logging_mixin.py:188} INFO - [2025-10-25T16:25:48.372+0200] {dag.py:3823} INFO - Setting next_dagrun for example_time_delta_sensor_async to None, run_after=None
[2025-10-25T16:25:48.379+0200] {processor.py:183} INFO - Processing /Users/youssefdaaloul/venv/dbt_snowflake/airflow_venv_39/lib/python3.11/site-packages/airflow/example_dags/example_time_delta_sensor_async.py took 0.079 seconds
[2025-10-25T16:27:35.604+0200] {processor.py:161} INFO - Started process (PID=72255) to work on /Users/youssefdaaloul/venv/dbt_snowflake/airflow_venv_39/lib/python3.11/site-packages/airflow/example_dags/example_time_delta_sensor_async.py
[2025-10-25T16:27:35.605+0200] {processor.py:830} INFO - Processing file /Users/youssefdaaloul/venv/dbt_snowflake/airflow_venv_39/lib/python3.11/site-packages/airflow/example_dags/example_time_delta_sensor_async.py for tasks to queue
[2025-10-25T16:27:35.605+0200] {logging_mixin.py:188} INFO - [2025-10-25T16:27:35.605+0200] {dagbag.py:538} INFO - Filling up the DagBag from /Users/youssefdaaloul/venv/dbt_snowflake/airflow_venv_39/lib/python3.11/site-packages/airflow/example_dags/example_time_delta_sensor_async.py
[2025-10-25T16:27:35.609+0200] {processor.py:840} INFO - DAG(s) 'example_time_delta_sensor_async' retrieved from /Users/youssefdaaloul/venv/dbt_snowflake/airflow_venv_39/lib/python3.11/site-packages/airflow/example_dags/example_time_delta_sensor_async.py
[2025-10-25T16:27:35.673+0200] {logging_mixin.py:188} INFO - [2025-10-25T16:27:35.673+0200] {dag.py:3036} INFO - Sync 1 DAGs
[2025-10-25T16:27:35.676+0200] {logging_mixin.py:188} INFO - [2025-10-25T16:27:35.676+0200] {dag.py:3823} INFO - Setting next_dagrun for example_time_delta_sensor_async to None, run_after=None
[2025-10-25T16:27:35.684+0200] {processor.py:183} INFO - Processing /Users/youssefdaaloul/venv/dbt_snowflake/airflow_venv_39/lib/python3.11/site-packages/airflow/example_dags/example_time_delta_sensor_async.py took 0.080 seconds
[2025-10-25T16:28:33.882+0200] {processor.py:161} INFO - Started process (PID=72316) to work on /Users/youssefdaaloul/venv/dbt_snowflake/airflow_venv_39/lib/python3.11/site-packages/airflow/example_dags/example_time_delta_sensor_async.py
[2025-10-25T16:28:33.883+0200] {processor.py:830} INFO - Processing file /Users/youssefdaaloul/venv/dbt_snowflake/airflow_venv_39/lib/python3.11/site-packages/airflow/example_dags/example_time_delta_sensor_async.py for tasks to queue
[2025-10-25T16:28:33.883+0200] {logging_mixin.py:188} INFO - [2025-10-25T16:28:33.883+0200] {dagbag.py:538} INFO - Filling up the DagBag from /Users/youssefdaaloul/venv/dbt_snowflake/airflow_venv_39/lib/python3.11/site-packages/airflow/example_dags/example_time_delta_sensor_async.py
[2025-10-25T16:28:33.887+0200] {processor.py:840} INFO - DAG(s) 'example_time_delta_sensor_async' retrieved from /Users/youssefdaaloul/venv/dbt_snowflake/airflow_venv_39/lib/python3.11/site-packages/airflow/example_dags/example_time_delta_sensor_async.py
[2025-10-25T16:28:33.949+0200] {logging_mixin.py:188} INFO - [2025-10-25T16:28:33.949+0200] {dag.py:3036} INFO - Sync 1 DAGs
[2025-10-25T16:28:33.952+0200] {logging_mixin.py:188} INFO - [2025-10-25T16:28:33.952+0200] {dag.py:3823} INFO - Setting next_dagrun for example_time_delta_sensor_async to None, run_after=None
[2025-10-25T16:28:33.959+0200] {processor.py:183} INFO - Processing /Users/youssefdaaloul/venv/dbt_snowflake/airflow_venv_39/lib/python3.11/site-packages/airflow/example_dags/example_time_delta_sensor_async.py took 0.077 seconds
[2025-10-25T16:29:33.665+0200] {processor.py:161} INFO - Started process (PID=72369) to work on /Users/youssefdaaloul/venv/dbt_snowflake/airflow_venv_39/lib/python3.11/site-packages/airflow/example_dags/example_time_delta_sensor_async.py
[2025-10-25T16:29:33.665+0200] {processor.py:830} INFO - Processing file /Users/youssefdaaloul/venv/dbt_snowflake/airflow_venv_39/lib/python3.11/site-packages/airflow/example_dags/example_time_delta_sensor_async.py for tasks to queue
[2025-10-25T16:29:33.665+0200] {logging_mixin.py:188} INFO - [2025-10-25T16:29:33.665+0200] {dagbag.py:538} INFO - Filling up the DagBag from /Users/youssefdaaloul/venv/dbt_snowflake/airflow_venv_39/lib/python3.11/site-packages/airflow/example_dags/example_time_delta_sensor_async.py
[2025-10-25T16:29:33.669+0200] {processor.py:840} INFO - DAG(s) 'example_time_delta_sensor_async' retrieved from /Users/youssefdaaloul/venv/dbt_snowflake/airflow_venv_39/lib/python3.11/site-packages/airflow/example_dags/example_time_delta_sensor_async.py
[2025-10-25T16:29:33.736+0200] {logging_mixin.py:188} INFO - [2025-10-25T16:29:33.736+0200] {dag.py:3036} INFO - Sync 1 DAGs
[2025-10-25T16:29:33.739+0200] {logging_mixin.py:188} INFO - [2025-10-25T16:29:33.739+0200] {dag.py:3823} INFO - Setting next_dagrun for example_time_delta_sensor_async to None, run_after=None
[2025-10-25T16:29:33.746+0200] {processor.py:183} INFO - Processing /Users/youssefdaaloul/venv/dbt_snowflake/airflow_venv_39/lib/python3.11/site-packages/airflow/example_dags/example_time_delta_sensor_async.py took 0.082 seconds
[2025-10-25T16:30:32.134+0200] {processor.py:161} INFO - Started process (PID=72435) to work on /Users/youssefdaaloul/venv/dbt_snowflake/airflow_venv_39/lib/python3.11/site-packages/airflow/example_dags/example_time_delta_sensor_async.py
[2025-10-25T16:30:32.135+0200] {processor.py:830} INFO - Processing file /Users/youssefdaaloul/venv/dbt_snowflake/airflow_venv_39/lib/python3.11/site-packages/airflow/example_dags/example_time_delta_sensor_async.py for tasks to queue
[2025-10-25T16:30:32.135+0200] {logging_mixin.py:188} INFO - [2025-10-25T16:30:32.135+0200] {dagbag.py:538} INFO - Filling up the DagBag from /Users/youssefdaaloul/venv/dbt_snowflake/airflow_venv_39/lib/python3.11/site-packages/airflow/example_dags/example_time_delta_sensor_async.py
[2025-10-25T16:30:32.138+0200] {processor.py:840} INFO - DAG(s) 'example_time_delta_sensor_async' retrieved from /Users/youssefdaaloul/venv/dbt_snowflake/airflow_venv_39/lib/python3.11/site-packages/airflow/example_dags/example_time_delta_sensor_async.py
[2025-10-25T16:30:32.202+0200] {logging_mixin.py:188} INFO - [2025-10-25T16:30:32.202+0200] {dag.py:3036} INFO - Sync 1 DAGs
[2025-10-25T16:30:32.205+0200] {logging_mixin.py:188} INFO - [2025-10-25T16:30:32.205+0200] {dag.py:3823} INFO - Setting next_dagrun for example_time_delta_sensor_async to None, run_after=None
[2025-10-25T16:30:32.212+0200] {processor.py:183} INFO - Processing /Users/youssefdaaloul/venv/dbt_snowflake/airflow_venv_39/lib/python3.11/site-packages/airflow/example_dags/example_time_delta_sensor_async.py took 0.078 seconds
[2025-10-25T16:31:29.753+0200] {processor.py:161} INFO - Started process (PID=72541) to work on /Users/youssefdaaloul/venv/dbt_snowflake/airflow_venv_39/lib/python3.11/site-packages/airflow/example_dags/example_time_delta_sensor_async.py
[2025-10-25T16:31:29.754+0200] {processor.py:830} INFO - Processing file /Users/youssefdaaloul/venv/dbt_snowflake/airflow_venv_39/lib/python3.11/site-packages/airflow/example_dags/example_time_delta_sensor_async.py for tasks to queue
[2025-10-25T16:31:29.754+0200] {logging_mixin.py:188} INFO - [2025-10-25T16:31:29.754+0200] {dagbag.py:538} INFO - Filling up the DagBag from /Users/youssefdaaloul/venv/dbt_snowflake/airflow_venv_39/lib/python3.11/site-packages/airflow/example_dags/example_time_delta_sensor_async.py
[2025-10-25T16:31:29.758+0200] {processor.py:840} INFO - DAG(s) 'example_time_delta_sensor_async' retrieved from /Users/youssefdaaloul/venv/dbt_snowflake/airflow_venv_39/lib/python3.11/site-packages/airflow/example_dags/example_time_delta_sensor_async.py
[2025-10-25T16:31:29.823+0200] {logging_mixin.py:188} INFO - [2025-10-25T16:31:29.822+0200] {dag.py:3036} INFO - Sync 1 DAGs
[2025-10-25T16:31:29.826+0200] {logging_mixin.py:188} INFO - [2025-10-25T16:31:29.826+0200] {dag.py:3823} INFO - Setting next_dagrun for example_time_delta_sensor_async to None, run_after=None
[2025-10-25T16:31:29.833+0200] {processor.py:183} INFO - Processing /Users/youssefdaaloul/venv/dbt_snowflake/airflow_venv_39/lib/python3.11/site-packages/airflow/example_dags/example_time_delta_sensor_async.py took 0.080 seconds
[2025-10-25T16:33:24.425+0200] {processor.py:161} INFO - Started process (PID=72681) to work on /Users/youssefdaaloul/venv/dbt_snowflake/airflow_venv_39/lib/python3.11/site-packages/airflow/example_dags/example_time_delta_sensor_async.py
[2025-10-25T16:33:24.426+0200] {processor.py:830} INFO - Processing file /Users/youssefdaaloul/venv/dbt_snowflake/airflow_venv_39/lib/python3.11/site-packages/airflow/example_dags/example_time_delta_sensor_async.py for tasks to queue
[2025-10-25T16:33:24.426+0200] {logging_mixin.py:188} INFO - [2025-10-25T16:33:24.426+0200] {dagbag.py:538} INFO - Filling up the DagBag from /Users/youssefdaaloul/venv/dbt_snowflake/airflow_venv_39/lib/python3.11/site-packages/airflow/example_dags/example_time_delta_sensor_async.py
[2025-10-25T16:33:24.430+0200] {processor.py:840} INFO - DAG(s) 'example_time_delta_sensor_async' retrieved from /Users/youssefdaaloul/venv/dbt_snowflake/airflow_venv_39/lib/python3.11/site-packages/airflow/example_dags/example_time_delta_sensor_async.py
[2025-10-25T16:33:24.492+0200] {logging_mixin.py:188} INFO - [2025-10-25T16:33:24.492+0200] {dag.py:3036} INFO - Sync 1 DAGs
[2025-10-25T16:33:24.495+0200] {logging_mixin.py:188} INFO - [2025-10-25T16:33:24.495+0200] {dag.py:3823} INFO - Setting next_dagrun for example_time_delta_sensor_async to None, run_after=None
[2025-10-25T16:33:24.502+0200] {processor.py:183} INFO - Processing /Users/youssefdaaloul/venv/dbt_snowflake/airflow_venv_39/lib/python3.11/site-packages/airflow/example_dags/example_time_delta_sensor_async.py took 0.078 seconds
[2025-10-25T16:34:26.110+0200] {processor.py:161} INFO - Started process (PID=72745) to work on /Users/youssefdaaloul/venv/dbt_snowflake/airflow_venv_39/lib/python3.11/site-packages/airflow/example_dags/example_time_delta_sensor_async.py
[2025-10-25T16:34:26.110+0200] {processor.py:830} INFO - Processing file /Users/youssefdaaloul/venv/dbt_snowflake/airflow_venv_39/lib/python3.11/site-packages/airflow/example_dags/example_time_delta_sensor_async.py for tasks to queue
[2025-10-25T16:34:26.111+0200] {logging_mixin.py:188} INFO - [2025-10-25T16:34:26.111+0200] {dagbag.py:538} INFO - Filling up the DagBag from /Users/youssefdaaloul/venv/dbt_snowflake/airflow_venv_39/lib/python3.11/site-packages/airflow/example_dags/example_time_delta_sensor_async.py
[2025-10-25T16:34:26.115+0200] {processor.py:840} INFO - DAG(s) 'example_time_delta_sensor_async' retrieved from /Users/youssefdaaloul/venv/dbt_snowflake/airflow_venv_39/lib/python3.11/site-packages/airflow/example_dags/example_time_delta_sensor_async.py
[2025-10-25T16:34:26.183+0200] {logging_mixin.py:188} INFO - [2025-10-25T16:34:26.183+0200] {dag.py:3036} INFO - Sync 1 DAGs
[2025-10-25T16:34:26.188+0200] {logging_mixin.py:188} INFO - [2025-10-25T16:34:26.188+0200] {dag.py:3823} INFO - Setting next_dagrun for example_time_delta_sensor_async to None, run_after=None
[2025-10-25T16:34:26.196+0200] {processor.py:183} INFO - Processing /Users/youssefdaaloul/venv/dbt_snowflake/airflow_venv_39/lib/python3.11/site-packages/airflow/example_dags/example_time_delta_sensor_async.py took 0.087 seconds
[2025-10-25T16:35:24.138+0200] {processor.py:161} INFO - Started process (PID=72828) to work on /Users/youssefdaaloul/venv/dbt_snowflake/airflow_venv_39/lib/python3.11/site-packages/airflow/example_dags/example_time_delta_sensor_async.py
[2025-10-25T16:35:24.139+0200] {processor.py:830} INFO - Processing file /Users/youssefdaaloul/venv/dbt_snowflake/airflow_venv_39/lib/python3.11/site-packages/airflow/example_dags/example_time_delta_sensor_async.py for tasks to queue
[2025-10-25T16:35:24.139+0200] {logging_mixin.py:188} INFO - [2025-10-25T16:35:24.139+0200] {dagbag.py:538} INFO - Filling up the DagBag from /Users/youssefdaaloul/venv/dbt_snowflake/airflow_venv_39/lib/python3.11/site-packages/airflow/example_dags/example_time_delta_sensor_async.py
[2025-10-25T16:35:24.143+0200] {processor.py:840} INFO - DAG(s) 'example_time_delta_sensor_async' retrieved from /Users/youssefdaaloul/venv/dbt_snowflake/airflow_venv_39/lib/python3.11/site-packages/airflow/example_dags/example_time_delta_sensor_async.py
[2025-10-25T16:35:24.207+0200] {logging_mixin.py:188} INFO - [2025-10-25T16:35:24.207+0200] {dag.py:3036} INFO - Sync 1 DAGs
[2025-10-25T16:35:24.210+0200] {logging_mixin.py:188} INFO - [2025-10-25T16:35:24.210+0200] {dag.py:3823} INFO - Setting next_dagrun for example_time_delta_sensor_async to None, run_after=None
[2025-10-25T16:35:24.218+0200] {processor.py:183} INFO - Processing /Users/youssefdaaloul/venv/dbt_snowflake/airflow_venv_39/lib/python3.11/site-packages/airflow/example_dags/example_time_delta_sensor_async.py took 0.079 seconds
[2025-10-25T16:36:22.725+0200] {processor.py:161} INFO - Started process (PID=72912) to work on /Users/youssefdaaloul/venv/dbt_snowflake/airflow_venv_39/lib/python3.11/site-packages/airflow/example_dags/example_time_delta_sensor_async.py
[2025-10-25T16:36:22.730+0200] {processor.py:830} INFO - Processing file /Users/youssefdaaloul/venv/dbt_snowflake/airflow_venv_39/lib/python3.11/site-packages/airflow/example_dags/example_time_delta_sensor_async.py for tasks to queue
[2025-10-25T16:36:22.730+0200] {logging_mixin.py:188} INFO - [2025-10-25T16:36:22.730+0200] {dagbag.py:538} INFO - Filling up the DagBag from /Users/youssefdaaloul/venv/dbt_snowflake/airflow_venv_39/lib/python3.11/site-packages/airflow/example_dags/example_time_delta_sensor_async.py
[2025-10-25T16:36:22.735+0200] {processor.py:840} INFO - DAG(s) 'example_time_delta_sensor_async' retrieved from /Users/youssefdaaloul/venv/dbt_snowflake/airflow_venv_39/lib/python3.11/site-packages/airflow/example_dags/example_time_delta_sensor_async.py
[2025-10-25T16:36:22.795+0200] {logging_mixin.py:188} INFO - [2025-10-25T16:36:22.794+0200] {dag.py:3036} INFO - Sync 1 DAGs
[2025-10-25T16:36:22.798+0200] {logging_mixin.py:188} INFO - [2025-10-25T16:36:22.797+0200] {dag.py:3823} INFO - Setting next_dagrun for example_time_delta_sensor_async to None, run_after=None
[2025-10-25T16:36:22.805+0200] {processor.py:183} INFO - Processing /Users/youssefdaaloul/venv/dbt_snowflake/airflow_venv_39/lib/python3.11/site-packages/airflow/example_dags/example_time_delta_sensor_async.py took 0.080 seconds
[2025-10-25T16:43:04.659+0200] {processor.py:161} INFO - Started process (PID=73689) to work on /Users/youssefdaaloul/venv/dbt_snowflake/airflow_venv_39/lib/python3.11/site-packages/airflow/example_dags/example_time_delta_sensor_async.py
[2025-10-25T16:43:04.660+0200] {processor.py:830} INFO - Processing file /Users/youssefdaaloul/venv/dbt_snowflake/airflow_venv_39/lib/python3.11/site-packages/airflow/example_dags/example_time_delta_sensor_async.py for tasks to queue
[2025-10-25T16:43:04.660+0200] {logging_mixin.py:188} INFO - [2025-10-25T16:43:04.660+0200] {dagbag.py:538} INFO - Filling up the DagBag from /Users/youssefdaaloul/venv/dbt_snowflake/airflow_venv_39/lib/python3.11/site-packages/airflow/example_dags/example_time_delta_sensor_async.py
[2025-10-25T16:43:04.664+0200] {processor.py:840} INFO - DAG(s) 'example_time_delta_sensor_async' retrieved from /Users/youssefdaaloul/venv/dbt_snowflake/airflow_venv_39/lib/python3.11/site-packages/airflow/example_dags/example_time_delta_sensor_async.py
[2025-10-25T16:43:04.725+0200] {logging_mixin.py:188} INFO - [2025-10-25T16:43:04.725+0200] {dag.py:3036} INFO - Sync 1 DAGs
[2025-10-25T16:43:04.728+0200] {logging_mixin.py:188} INFO - [2025-10-25T16:43:04.728+0200] {dag.py:3823} INFO - Setting next_dagrun for example_time_delta_sensor_async to None, run_after=None
[2025-10-25T16:43:04.735+0200] {processor.py:183} INFO - Processing /Users/youssefdaaloul/venv/dbt_snowflake/airflow_venv_39/lib/python3.11/site-packages/airflow/example_dags/example_time_delta_sensor_async.py took 0.075 seconds
[2025-10-25T16:44:01.580+0200] {processor.py:161} INFO - Started process (PID=73861) to work on /Users/youssefdaaloul/venv/dbt_snowflake/airflow_venv_39/lib/python3.11/site-packages/airflow/example_dags/example_time_delta_sensor_async.py
[2025-10-25T16:44:01.581+0200] {processor.py:830} INFO - Processing file /Users/youssefdaaloul/venv/dbt_snowflake/airflow_venv_39/lib/python3.11/site-packages/airflow/example_dags/example_time_delta_sensor_async.py for tasks to queue
[2025-10-25T16:44:01.581+0200] {logging_mixin.py:188} INFO - [2025-10-25T16:44:01.581+0200] {dagbag.py:538} INFO - Filling up the DagBag from /Users/youssefdaaloul/venv/dbt_snowflake/airflow_venv_39/lib/python3.11/site-packages/airflow/example_dags/example_time_delta_sensor_async.py
[2025-10-25T16:44:01.585+0200] {processor.py:840} INFO - DAG(s) 'example_time_delta_sensor_async' retrieved from /Users/youssefdaaloul/venv/dbt_snowflake/airflow_venv_39/lib/python3.11/site-packages/airflow/example_dags/example_time_delta_sensor_async.py
[2025-10-25T16:44:01.646+0200] {logging_mixin.py:188} INFO - [2025-10-25T16:44:01.646+0200] {dag.py:3036} INFO - Sync 1 DAGs
[2025-10-25T16:44:01.649+0200] {logging_mixin.py:188} INFO - [2025-10-25T16:44:01.649+0200] {dag.py:3823} INFO - Setting next_dagrun for example_time_delta_sensor_async to None, run_after=None
[2025-10-25T16:44:01.656+0200] {processor.py:183} INFO - Processing /Users/youssefdaaloul/venv/dbt_snowflake/airflow_venv_39/lib/python3.11/site-packages/airflow/example_dags/example_time_delta_sensor_async.py took 0.076 seconds
[2025-10-25T16:44:58.918+0200] {processor.py:161} INFO - Started process (PID=73954) to work on /Users/youssefdaaloul/venv/dbt_snowflake/airflow_venv_39/lib/python3.11/site-packages/airflow/example_dags/example_time_delta_sensor_async.py
[2025-10-25T16:44:58.919+0200] {processor.py:830} INFO - Processing file /Users/youssefdaaloul/venv/dbt_snowflake/airflow_venv_39/lib/python3.11/site-packages/airflow/example_dags/example_time_delta_sensor_async.py for tasks to queue
[2025-10-25T16:44:58.919+0200] {logging_mixin.py:188} INFO - [2025-10-25T16:44:58.919+0200] {dagbag.py:538} INFO - Filling up the DagBag from /Users/youssefdaaloul/venv/dbt_snowflake/airflow_venv_39/lib/python3.11/site-packages/airflow/example_dags/example_time_delta_sensor_async.py
[2025-10-25T16:44:58.924+0200] {processor.py:840} INFO - DAG(s) 'example_time_delta_sensor_async' retrieved from /Users/youssefdaaloul/venv/dbt_snowflake/airflow_venv_39/lib/python3.11/site-packages/airflow/example_dags/example_time_delta_sensor_async.py
[2025-10-25T16:44:58.990+0200] {logging_mixin.py:188} INFO - [2025-10-25T16:44:58.990+0200] {dag.py:3036} INFO - Sync 1 DAGs
[2025-10-25T16:44:58.993+0200] {logging_mixin.py:188} INFO - [2025-10-25T16:44:58.993+0200] {dag.py:3823} INFO - Setting next_dagrun for example_time_delta_sensor_async to None, run_after=None
[2025-10-25T16:44:59.001+0200] {processor.py:183} INFO - Processing /Users/youssefdaaloul/venv/dbt_snowflake/airflow_venv_39/lib/python3.11/site-packages/airflow/example_dags/example_time_delta_sensor_async.py took 0.083 seconds
[2025-10-25T16:45:57.339+0200] {processor.py:161} INFO - Started process (PID=74006) to work on /Users/youssefdaaloul/venv/dbt_snowflake/airflow_venv_39/lib/python3.11/site-packages/airflow/example_dags/example_time_delta_sensor_async.py
[2025-10-25T16:45:57.339+0200] {processor.py:830} INFO - Processing file /Users/youssefdaaloul/venv/dbt_snowflake/airflow_venv_39/lib/python3.11/site-packages/airflow/example_dags/example_time_delta_sensor_async.py for tasks to queue
[2025-10-25T16:45:57.340+0200] {logging_mixin.py:188} INFO - [2025-10-25T16:45:57.339+0200] {dagbag.py:538} INFO - Filling up the DagBag from /Users/youssefdaaloul/venv/dbt_snowflake/airflow_venv_39/lib/python3.11/site-packages/airflow/example_dags/example_time_delta_sensor_async.py
[2025-10-25T16:45:57.344+0200] {processor.py:840} INFO - DAG(s) 'example_time_delta_sensor_async' retrieved from /Users/youssefdaaloul/venv/dbt_snowflake/airflow_venv_39/lib/python3.11/site-packages/airflow/example_dags/example_time_delta_sensor_async.py
[2025-10-25T16:45:57.413+0200] {logging_mixin.py:188} INFO - [2025-10-25T16:45:57.413+0200] {dag.py:3036} INFO - Sync 1 DAGs
[2025-10-25T16:45:57.416+0200] {logging_mixin.py:188} INFO - [2025-10-25T16:45:57.416+0200] {dag.py:3823} INFO - Setting next_dagrun for example_time_delta_sensor_async to None, run_after=None
[2025-10-25T16:45:57.425+0200] {processor.py:183} INFO - Processing /Users/youssefdaaloul/venv/dbt_snowflake/airflow_venv_39/lib/python3.11/site-packages/airflow/example_dags/example_time_delta_sensor_async.py took 0.087 seconds
[2025-10-25T16:46:57.504+0200] {processor.py:161} INFO - Started process (PID=74053) to work on /Users/youssefdaaloul/venv/dbt_snowflake/airflow_venv_39/lib/python3.11/site-packages/airflow/example_dags/example_time_delta_sensor_async.py
[2025-10-25T16:46:57.505+0200] {processor.py:830} INFO - Processing file /Users/youssefdaaloul/venv/dbt_snowflake/airflow_venv_39/lib/python3.11/site-packages/airflow/example_dags/example_time_delta_sensor_async.py for tasks to queue
[2025-10-25T16:46:57.505+0200] {logging_mixin.py:188} INFO - [2025-10-25T16:46:57.505+0200] {dagbag.py:538} INFO - Filling up the DagBag from /Users/youssefdaaloul/venv/dbt_snowflake/airflow_venv_39/lib/python3.11/site-packages/airflow/example_dags/example_time_delta_sensor_async.py
[2025-10-25T16:46:57.509+0200] {processor.py:840} INFO - DAG(s) 'example_time_delta_sensor_async' retrieved from /Users/youssefdaaloul/venv/dbt_snowflake/airflow_venv_39/lib/python3.11/site-packages/airflow/example_dags/example_time_delta_sensor_async.py
[2025-10-25T16:46:57.572+0200] {logging_mixin.py:188} INFO - [2025-10-25T16:46:57.571+0200] {dag.py:3036} INFO - Sync 1 DAGs
[2025-10-25T16:46:57.576+0200] {logging_mixin.py:188} INFO - [2025-10-25T16:46:57.576+0200] {dag.py:3823} INFO - Setting next_dagrun for example_time_delta_sensor_async to None, run_after=None
[2025-10-25T16:46:57.583+0200] {processor.py:183} INFO - Processing /Users/youssefdaaloul/venv/dbt_snowflake/airflow_venv_39/lib/python3.11/site-packages/airflow/example_dags/example_time_delta_sensor_async.py took 0.079 seconds
[2025-10-25T16:47:56.387+0200] {processor.py:161} INFO - Started process (PID=74097) to work on /Users/youssefdaaloul/venv/dbt_snowflake/airflow_venv_39/lib/python3.11/site-packages/airflow/example_dags/example_time_delta_sensor_async.py
[2025-10-25T16:47:56.388+0200] {processor.py:830} INFO - Processing file /Users/youssefdaaloul/venv/dbt_snowflake/airflow_venv_39/lib/python3.11/site-packages/airflow/example_dags/example_time_delta_sensor_async.py for tasks to queue
[2025-10-25T16:47:56.388+0200] {logging_mixin.py:188} INFO - [2025-10-25T16:47:56.388+0200] {dagbag.py:538} INFO - Filling up the DagBag from /Users/youssefdaaloul/venv/dbt_snowflake/airflow_venv_39/lib/python3.11/site-packages/airflow/example_dags/example_time_delta_sensor_async.py
[2025-10-25T16:47:56.392+0200] {processor.py:840} INFO - DAG(s) 'example_time_delta_sensor_async' retrieved from /Users/youssefdaaloul/venv/dbt_snowflake/airflow_venv_39/lib/python3.11/site-packages/airflow/example_dags/example_time_delta_sensor_async.py
[2025-10-25T16:47:56.456+0200] {logging_mixin.py:188} INFO - [2025-10-25T16:47:56.456+0200] {dag.py:3036} INFO - Sync 1 DAGs
[2025-10-25T16:47:56.459+0200] {logging_mixin.py:188} INFO - [2025-10-25T16:47:56.459+0200] {dag.py:3823} INFO - Setting next_dagrun for example_time_delta_sensor_async to None, run_after=None
[2025-10-25T16:47:56.467+0200] {processor.py:183} INFO - Processing /Users/youssefdaaloul/venv/dbt_snowflake/airflow_venv_39/lib/python3.11/site-packages/airflow/example_dags/example_time_delta_sensor_async.py took 0.080 seconds
[2025-10-25T16:49:45.627+0200] {processor.py:161} INFO - Started process (PID=74216) to work on /Users/youssefdaaloul/venv/dbt_snowflake/airflow_venv_39/lib/python3.11/site-packages/airflow/example_dags/example_time_delta_sensor_async.py
[2025-10-25T16:49:45.628+0200] {processor.py:830} INFO - Processing file /Users/youssefdaaloul/venv/dbt_snowflake/airflow_venv_39/lib/python3.11/site-packages/airflow/example_dags/example_time_delta_sensor_async.py for tasks to queue
[2025-10-25T16:49:45.628+0200] {logging_mixin.py:188} INFO - [2025-10-25T16:49:45.628+0200] {dagbag.py:538} INFO - Filling up the DagBag from /Users/youssefdaaloul/venv/dbt_snowflake/airflow_venv_39/lib/python3.11/site-packages/airflow/example_dags/example_time_delta_sensor_async.py
[2025-10-25T16:49:45.632+0200] {processor.py:840} INFO - DAG(s) 'example_time_delta_sensor_async' retrieved from /Users/youssefdaaloul/venv/dbt_snowflake/airflow_venv_39/lib/python3.11/site-packages/airflow/example_dags/example_time_delta_sensor_async.py
[2025-10-25T16:49:45.701+0200] {logging_mixin.py:188} INFO - [2025-10-25T16:49:45.700+0200] {dag.py:3036} INFO - Sync 1 DAGs
[2025-10-25T16:49:45.705+0200] {logging_mixin.py:188} INFO - [2025-10-25T16:49:45.704+0200] {dag.py:3823} INFO - Setting next_dagrun for example_time_delta_sensor_async to None, run_after=None
[2025-10-25T16:49:45.716+0200] {processor.py:183} INFO - Processing /Users/youssefdaaloul/venv/dbt_snowflake/airflow_venv_39/lib/python3.11/site-packages/airflow/example_dags/example_time_delta_sensor_async.py took 0.090 seconds
[2025-10-25T16:50:44.778+0200] {processor.py:161} INFO - Started process (PID=74258) to work on /Users/youssefdaaloul/venv/dbt_snowflake/airflow_venv_39/lib/python3.11/site-packages/airflow/example_dags/example_time_delta_sensor_async.py
[2025-10-25T16:50:44.779+0200] {processor.py:830} INFO - Processing file /Users/youssefdaaloul/venv/dbt_snowflake/airflow_venv_39/lib/python3.11/site-packages/airflow/example_dags/example_time_delta_sensor_async.py for tasks to queue
[2025-10-25T16:50:44.779+0200] {logging_mixin.py:188} INFO - [2025-10-25T16:50:44.779+0200] {dagbag.py:538} INFO - Filling up the DagBag from /Users/youssefdaaloul/venv/dbt_snowflake/airflow_venv_39/lib/python3.11/site-packages/airflow/example_dags/example_time_delta_sensor_async.py
[2025-10-25T16:50:44.783+0200] {processor.py:840} INFO - DAG(s) 'example_time_delta_sensor_async' retrieved from /Users/youssefdaaloul/venv/dbt_snowflake/airflow_venv_39/lib/python3.11/site-packages/airflow/example_dags/example_time_delta_sensor_async.py
[2025-10-25T16:50:44.842+0200] {logging_mixin.py:188} INFO - [2025-10-25T16:50:44.842+0200] {dag.py:3036} INFO - Sync 1 DAGs
[2025-10-25T16:50:44.845+0200] {logging_mixin.py:188} INFO - [2025-10-25T16:50:44.845+0200] {dag.py:3823} INFO - Setting next_dagrun for example_time_delta_sensor_async to None, run_after=None
[2025-10-25T16:50:44.852+0200] {processor.py:183} INFO - Processing /Users/youssefdaaloul/venv/dbt_snowflake/airflow_venv_39/lib/python3.11/site-packages/airflow/example_dags/example_time_delta_sensor_async.py took 0.075 seconds
[2025-10-25T16:51:43.466+0200] {processor.py:161} INFO - Started process (PID=74359) to work on /Users/youssefdaaloul/venv/dbt_snowflake/airflow_venv_39/lib/python3.11/site-packages/airflow/example_dags/example_time_delta_sensor_async.py
[2025-10-25T16:51:43.468+0200] {processor.py:830} INFO - Processing file /Users/youssefdaaloul/venv/dbt_snowflake/airflow_venv_39/lib/python3.11/site-packages/airflow/example_dags/example_time_delta_sensor_async.py for tasks to queue
[2025-10-25T16:51:43.469+0200] {logging_mixin.py:188} INFO - [2025-10-25T16:51:43.469+0200] {dagbag.py:538} INFO - Filling up the DagBag from /Users/youssefdaaloul/venv/dbt_snowflake/airflow_venv_39/lib/python3.11/site-packages/airflow/example_dags/example_time_delta_sensor_async.py
[2025-10-25T16:51:43.473+0200] {processor.py:840} INFO - DAG(s) 'example_time_delta_sensor_async' retrieved from /Users/youssefdaaloul/venv/dbt_snowflake/airflow_venv_39/lib/python3.11/site-packages/airflow/example_dags/example_time_delta_sensor_async.py
[2025-10-25T16:51:43.537+0200] {logging_mixin.py:188} INFO - [2025-10-25T16:51:43.537+0200] {dag.py:3036} INFO - Sync 1 DAGs
[2025-10-25T16:51:43.540+0200] {logging_mixin.py:188} INFO - [2025-10-25T16:51:43.540+0200] {dag.py:3823} INFO - Setting next_dagrun for example_time_delta_sensor_async to None, run_after=None
[2025-10-25T16:51:43.547+0200] {processor.py:183} INFO - Processing /Users/youssefdaaloul/venv/dbt_snowflake/airflow_venv_39/lib/python3.11/site-packages/airflow/example_dags/example_time_delta_sensor_async.py took 0.082 seconds
