[2025-10-25T16:08:24.725+0200] {processor.py:161} INFO - Started process (PID=71191) to work on /Users/youssefdaaloul/venv/dbt_snowflake/airflow_venv_39/lib/python3.11/site-packages/airflow/example_dags/tutorial_taskflow_api.py
[2025-10-25T16:08:24.726+0200] {processor.py:830} INFO - Processing file /Users/youssefdaaloul/venv/dbt_snowflake/airflow_venv_39/lib/python3.11/site-packages/airflow/example_dags/tutorial_taskflow_api.py for tasks to queue
[2025-10-25T16:08:24.726+0200] {logging_mixin.py:188} INFO - [2025-10-25T16:08:24.726+0200] {dagbag.py:538} INFO - Filling up the DagBag from /Users/youssefdaaloul/venv/dbt_snowflake/airflow_venv_39/lib/python3.11/site-packages/airflow/example_dags/tutorial_taskflow_api.py
[2025-10-25T16:08:24.743+0200] {processor.py:840} INFO - DAG(s) 'tutorial_taskflow_api' retrieved from /Users/youssefdaaloul/venv/dbt_snowflake/airflow_venv_39/lib/python3.11/site-packages/airflow/example_dags/tutorial_taskflow_api.py
[2025-10-25T16:08:24.748+0200] {logging_mixin.py:188} INFO - [2025-10-25T16:08:24.748+0200] {dag.py:3036} INFO - Sync 1 DAGs
[2025-10-25T16:08:24.803+0200] {logging_mixin.py:188} INFO - [2025-10-25T16:08:24.802+0200] {dag.py:3823} INFO - Setting next_dagrun for tutorial_taskflow_api to None, run_after=None
[2025-10-25T16:08:24.810+0200] {processor.py:183} INFO - Processing /Users/youssefdaaloul/venv/dbt_snowflake/airflow_venv_39/lib/python3.11/site-packages/airflow/example_dags/tutorial_taskflow_api.py took 0.085 seconds
[2025-10-25T16:09:54.852+0200] {processor.py:161} INFO - Started process (PID=71262) to work on /Users/youssefdaaloul/venv/dbt_snowflake/airflow_venv_39/lib/python3.11/site-packages/airflow/example_dags/tutorial_taskflow_api.py
[2025-10-25T16:09:54.852+0200] {processor.py:830} INFO - Processing file /Users/youssefdaaloul/venv/dbt_snowflake/airflow_venv_39/lib/python3.11/site-packages/airflow/example_dags/tutorial_taskflow_api.py for tasks to queue
[2025-10-25T16:09:54.853+0200] {logging_mixin.py:188} INFO - [2025-10-25T16:09:54.852+0200] {dagbag.py:538} INFO - Filling up the DagBag from /Users/youssefdaaloul/venv/dbt_snowflake/airflow_venv_39/lib/python3.11/site-packages/airflow/example_dags/tutorial_taskflow_api.py
[2025-10-25T16:09:54.867+0200] {processor.py:840} INFO - DAG(s) 'tutorial_taskflow_api' retrieved from /Users/youssefdaaloul/venv/dbt_snowflake/airflow_venv_39/lib/python3.11/site-packages/airflow/example_dags/tutorial_taskflow_api.py
[2025-10-25T16:09:54.951+0200] {logging_mixin.py:188} INFO - [2025-10-25T16:09:54.951+0200] {dag.py:3036} INFO - Sync 1 DAGs
[2025-10-25T16:09:54.953+0200] {logging_mixin.py:188} INFO - [2025-10-25T16:09:54.953+0200] {dag.py:3823} INFO - Setting next_dagrun for tutorial_taskflow_api to None, run_after=None
[2025-10-25T16:09:54.960+0200] {processor.py:183} INFO - Processing /Users/youssefdaaloul/venv/dbt_snowflake/airflow_venv_39/lib/python3.11/site-packages/airflow/example_dags/tutorial_taskflow_api.py took 0.109 seconds
[2025-10-25T16:10:55.357+0200] {processor.py:161} INFO - Started process (PID=71318) to work on /Users/youssefdaaloul/venv/dbt_snowflake/airflow_venv_39/lib/python3.11/site-packages/airflow/example_dags/tutorial_taskflow_api.py
[2025-10-25T16:10:55.358+0200] {processor.py:830} INFO - Processing file /Users/youssefdaaloul/venv/dbt_snowflake/airflow_venv_39/lib/python3.11/site-packages/airflow/example_dags/tutorial_taskflow_api.py for tasks to queue
[2025-10-25T16:10:55.358+0200] {logging_mixin.py:188} INFO - [2025-10-25T16:10:55.358+0200] {dagbag.py:538} INFO - Filling up the DagBag from /Users/youssefdaaloul/venv/dbt_snowflake/airflow_venv_39/lib/python3.11/site-packages/airflow/example_dags/tutorial_taskflow_api.py
[2025-10-25T16:10:55.374+0200] {processor.py:840} INFO - DAG(s) 'tutorial_taskflow_api' retrieved from /Users/youssefdaaloul/venv/dbt_snowflake/airflow_venv_39/lib/python3.11/site-packages/airflow/example_dags/tutorial_taskflow_api.py
[2025-10-25T16:10:55.442+0200] {logging_mixin.py:188} INFO - [2025-10-25T16:10:55.442+0200] {dag.py:3036} INFO - Sync 1 DAGs
[2025-10-25T16:10:55.446+0200] {logging_mixin.py:188} INFO - [2025-10-25T16:10:55.446+0200] {dag.py:3823} INFO - Setting next_dagrun for tutorial_taskflow_api to None, run_after=None
[2025-10-25T16:10:55.454+0200] {processor.py:183} INFO - Processing /Users/youssefdaaloul/venv/dbt_snowflake/airflow_venv_39/lib/python3.11/site-packages/airflow/example_dags/tutorial_taskflow_api.py took 0.097 seconds
[2025-10-25T16:11:54.688+0200] {processor.py:161} INFO - Started process (PID=71380) to work on /Users/youssefdaaloul/venv/dbt_snowflake/airflow_venv_39/lib/python3.11/site-packages/airflow/example_dags/tutorial_taskflow_api.py
[2025-10-25T16:11:54.689+0200] {processor.py:830} INFO - Processing file /Users/youssefdaaloul/venv/dbt_snowflake/airflow_venv_39/lib/python3.11/site-packages/airflow/example_dags/tutorial_taskflow_api.py for tasks to queue
[2025-10-25T16:11:54.690+0200] {logging_mixin.py:188} INFO - [2025-10-25T16:11:54.690+0200] {dagbag.py:538} INFO - Filling up the DagBag from /Users/youssefdaaloul/venv/dbt_snowflake/airflow_venv_39/lib/python3.11/site-packages/airflow/example_dags/tutorial_taskflow_api.py
[2025-10-25T16:11:54.705+0200] {processor.py:840} INFO - DAG(s) 'tutorial_taskflow_api' retrieved from /Users/youssefdaaloul/venv/dbt_snowflake/airflow_venv_39/lib/python3.11/site-packages/airflow/example_dags/tutorial_taskflow_api.py
[2025-10-25T16:11:54.769+0200] {logging_mixin.py:188} INFO - [2025-10-25T16:11:54.769+0200] {dag.py:3036} INFO - Sync 1 DAGs
[2025-10-25T16:11:54.773+0200] {logging_mixin.py:188} INFO - [2025-10-25T16:11:54.773+0200] {dag.py:3823} INFO - Setting next_dagrun for tutorial_taskflow_api to None, run_after=None
[2025-10-25T16:11:54.780+0200] {processor.py:183} INFO - Processing /Users/youssefdaaloul/venv/dbt_snowflake/airflow_venv_39/lib/python3.11/site-packages/airflow/example_dags/tutorial_taskflow_api.py took 0.092 seconds
[2025-10-25T16:12:51.464+0200] {processor.py:161} INFO - Started process (PID=71430) to work on /Users/youssefdaaloul/venv/dbt_snowflake/airflow_venv_39/lib/python3.11/site-packages/airflow/example_dags/tutorial_taskflow_api.py
[2025-10-25T16:12:51.465+0200] {processor.py:830} INFO - Processing file /Users/youssefdaaloul/venv/dbt_snowflake/airflow_venv_39/lib/python3.11/site-packages/airflow/example_dags/tutorial_taskflow_api.py for tasks to queue
[2025-10-25T16:12:51.466+0200] {logging_mixin.py:188} INFO - [2025-10-25T16:12:51.466+0200] {dagbag.py:538} INFO - Filling up the DagBag from /Users/youssefdaaloul/venv/dbt_snowflake/airflow_venv_39/lib/python3.11/site-packages/airflow/example_dags/tutorial_taskflow_api.py
[2025-10-25T16:12:51.481+0200] {processor.py:840} INFO - DAG(s) 'tutorial_taskflow_api' retrieved from /Users/youssefdaaloul/venv/dbt_snowflake/airflow_venv_39/lib/python3.11/site-packages/airflow/example_dags/tutorial_taskflow_api.py
[2025-10-25T16:12:51.546+0200] {logging_mixin.py:188} INFO - [2025-10-25T16:12:51.546+0200] {dag.py:3036} INFO - Sync 1 DAGs
[2025-10-25T16:12:51.551+0200] {logging_mixin.py:188} INFO - [2025-10-25T16:12:51.551+0200] {dag.py:3823} INFO - Setting next_dagrun for tutorial_taskflow_api to None, run_after=None
[2025-10-25T16:12:51.559+0200] {processor.py:183} INFO - Processing /Users/youssefdaaloul/venv/dbt_snowflake/airflow_venv_39/lib/python3.11/site-packages/airflow/example_dags/tutorial_taskflow_api.py took 0.095 seconds
[2025-10-25T16:13:52.611+0200] {processor.py:161} INFO - Started process (PID=71479) to work on /Users/youssefdaaloul/venv/dbt_snowflake/airflow_venv_39/lib/python3.11/site-packages/airflow/example_dags/tutorial_taskflow_api.py
[2025-10-25T16:13:52.612+0200] {processor.py:830} INFO - Processing file /Users/youssefdaaloul/venv/dbt_snowflake/airflow_venv_39/lib/python3.11/site-packages/airflow/example_dags/tutorial_taskflow_api.py for tasks to queue
[2025-10-25T16:13:52.613+0200] {logging_mixin.py:188} INFO - [2025-10-25T16:13:52.613+0200] {dagbag.py:538} INFO - Filling up the DagBag from /Users/youssefdaaloul/venv/dbt_snowflake/airflow_venv_39/lib/python3.11/site-packages/airflow/example_dags/tutorial_taskflow_api.py
[2025-10-25T16:13:52.630+0200] {processor.py:840} INFO - DAG(s) 'tutorial_taskflow_api' retrieved from /Users/youssefdaaloul/venv/dbt_snowflake/airflow_venv_39/lib/python3.11/site-packages/airflow/example_dags/tutorial_taskflow_api.py
[2025-10-25T16:13:52.691+0200] {logging_mixin.py:188} INFO - [2025-10-25T16:13:52.690+0200] {dag.py:3036} INFO - Sync 1 DAGs
[2025-10-25T16:13:52.694+0200] {logging_mixin.py:188} INFO - [2025-10-25T16:13:52.694+0200] {dag.py:3823} INFO - Setting next_dagrun for tutorial_taskflow_api to None, run_after=None
[2025-10-25T16:13:52.701+0200] {processor.py:183} INFO - Processing /Users/youssefdaaloul/venv/dbt_snowflake/airflow_venv_39/lib/python3.11/site-packages/airflow/example_dags/tutorial_taskflow_api.py took 0.090 seconds
[2025-10-25T16:14:54.480+0200] {processor.py:161} INFO - Started process (PID=71540) to work on /Users/youssefdaaloul/venv/dbt_snowflake/airflow_venv_39/lib/python3.11/site-packages/airflow/example_dags/tutorial_taskflow_api.py
[2025-10-25T16:14:54.482+0200] {processor.py:830} INFO - Processing file /Users/youssefdaaloul/venv/dbt_snowflake/airflow_venv_39/lib/python3.11/site-packages/airflow/example_dags/tutorial_taskflow_api.py for tasks to queue
[2025-10-25T16:14:54.482+0200] {logging_mixin.py:188} INFO - [2025-10-25T16:14:54.482+0200] {dagbag.py:538} INFO - Filling up the DagBag from /Users/youssefdaaloul/venv/dbt_snowflake/airflow_venv_39/lib/python3.11/site-packages/airflow/example_dags/tutorial_taskflow_api.py
[2025-10-25T16:14:54.500+0200] {processor.py:840} INFO - DAG(s) 'tutorial_taskflow_api' retrieved from /Users/youssefdaaloul/venv/dbt_snowflake/airflow_venv_39/lib/python3.11/site-packages/airflow/example_dags/tutorial_taskflow_api.py
[2025-10-25T16:14:54.566+0200] {logging_mixin.py:188} INFO - [2025-10-25T16:14:54.566+0200] {dag.py:3036} INFO - Sync 1 DAGs
[2025-10-25T16:14:54.570+0200] {logging_mixin.py:188} INFO - [2025-10-25T16:14:54.570+0200] {dag.py:3823} INFO - Setting next_dagrun for tutorial_taskflow_api to None, run_after=None
[2025-10-25T16:14:54.578+0200] {processor.py:183} INFO - Processing /Users/youssefdaaloul/venv/dbt_snowflake/airflow_venv_39/lib/python3.11/site-packages/airflow/example_dags/tutorial_taskflow_api.py took 0.098 seconds
[2025-10-25T16:15:56.246+0200] {processor.py:161} INFO - Started process (PID=71600) to work on /Users/youssefdaaloul/venv/dbt_snowflake/airflow_venv_39/lib/python3.11/site-packages/airflow/example_dags/tutorial_taskflow_api.py
[2025-10-25T16:15:56.247+0200] {processor.py:830} INFO - Processing file /Users/youssefdaaloul/venv/dbt_snowflake/airflow_venv_39/lib/python3.11/site-packages/airflow/example_dags/tutorial_taskflow_api.py for tasks to queue
[2025-10-25T16:15:56.247+0200] {logging_mixin.py:188} INFO - [2025-10-25T16:15:56.247+0200] {dagbag.py:538} INFO - Filling up the DagBag from /Users/youssefdaaloul/venv/dbt_snowflake/airflow_venv_39/lib/python3.11/site-packages/airflow/example_dags/tutorial_taskflow_api.py
[2025-10-25T16:15:56.261+0200] {processor.py:840} INFO - DAG(s) 'tutorial_taskflow_api' retrieved from /Users/youssefdaaloul/venv/dbt_snowflake/airflow_venv_39/lib/python3.11/site-packages/airflow/example_dags/tutorial_taskflow_api.py
[2025-10-25T16:15:56.320+0200] {logging_mixin.py:188} INFO - [2025-10-25T16:15:56.319+0200] {dag.py:3036} INFO - Sync 1 DAGs
[2025-10-25T16:15:56.324+0200] {logging_mixin.py:188} INFO - [2025-10-25T16:15:56.324+0200] {dag.py:3823} INFO - Setting next_dagrun for tutorial_taskflow_api to None, run_after=None
[2025-10-25T16:15:56.331+0200] {processor.py:183} INFO - Processing /Users/youssefdaaloul/venv/dbt_snowflake/airflow_venv_39/lib/python3.11/site-packages/airflow/example_dags/tutorial_taskflow_api.py took 0.086 seconds
[2025-10-25T16:16:55.950+0200] {processor.py:161} INFO - Started process (PID=71642) to work on /Users/youssefdaaloul/venv/dbt_snowflake/airflow_venv_39/lib/python3.11/site-packages/airflow/example_dags/tutorial_taskflow_api.py
[2025-10-25T16:16:55.951+0200] {processor.py:830} INFO - Processing file /Users/youssefdaaloul/venv/dbt_snowflake/airflow_venv_39/lib/python3.11/site-packages/airflow/example_dags/tutorial_taskflow_api.py for tasks to queue
[2025-10-25T16:16:55.952+0200] {logging_mixin.py:188} INFO - [2025-10-25T16:16:55.952+0200] {dagbag.py:538} INFO - Filling up the DagBag from /Users/youssefdaaloul/venv/dbt_snowflake/airflow_venv_39/lib/python3.11/site-packages/airflow/example_dags/tutorial_taskflow_api.py
[2025-10-25T16:16:55.967+0200] {processor.py:840} INFO - DAG(s) 'tutorial_taskflow_api' retrieved from /Users/youssefdaaloul/venv/dbt_snowflake/airflow_venv_39/lib/python3.11/site-packages/airflow/example_dags/tutorial_taskflow_api.py
[2025-10-25T16:16:56.026+0200] {logging_mixin.py:188} INFO - [2025-10-25T16:16:56.026+0200] {dag.py:3036} INFO - Sync 1 DAGs
[2025-10-25T16:16:56.030+0200] {logging_mixin.py:188} INFO - [2025-10-25T16:16:56.029+0200] {dag.py:3823} INFO - Setting next_dagrun for tutorial_taskflow_api to None, run_after=None
[2025-10-25T16:16:56.036+0200] {processor.py:183} INFO - Processing /Users/youssefdaaloul/venv/dbt_snowflake/airflow_venv_39/lib/python3.11/site-packages/airflow/example_dags/tutorial_taskflow_api.py took 0.087 seconds
[2025-10-25T16:17:55.430+0200] {processor.py:161} INFO - Started process (PID=71694) to work on /Users/youssefdaaloul/venv/dbt_snowflake/airflow_venv_39/lib/python3.11/site-packages/airflow/example_dags/tutorial_taskflow_api.py
[2025-10-25T16:17:55.431+0200] {processor.py:830} INFO - Processing file /Users/youssefdaaloul/venv/dbt_snowflake/airflow_venv_39/lib/python3.11/site-packages/airflow/example_dags/tutorial_taskflow_api.py for tasks to queue
[2025-10-25T16:17:55.431+0200] {logging_mixin.py:188} INFO - [2025-10-25T16:17:55.431+0200] {dagbag.py:538} INFO - Filling up the DagBag from /Users/youssefdaaloul/venv/dbt_snowflake/airflow_venv_39/lib/python3.11/site-packages/airflow/example_dags/tutorial_taskflow_api.py
[2025-10-25T16:17:55.451+0200] {processor.py:840} INFO - DAG(s) 'tutorial_taskflow_api' retrieved from /Users/youssefdaaloul/venv/dbt_snowflake/airflow_venv_39/lib/python3.11/site-packages/airflow/example_dags/tutorial_taskflow_api.py
[2025-10-25T16:17:55.538+0200] {logging_mixin.py:188} INFO - [2025-10-25T16:17:55.538+0200] {dag.py:3036} INFO - Sync 1 DAGs
[2025-10-25T16:17:55.543+0200] {logging_mixin.py:188} INFO - [2025-10-25T16:17:55.542+0200] {dag.py:3823} INFO - Setting next_dagrun for tutorial_taskflow_api to None, run_after=None
[2025-10-25T16:17:55.550+0200] {processor.py:183} INFO - Processing /Users/youssefdaaloul/venv/dbt_snowflake/airflow_venv_39/lib/python3.11/site-packages/airflow/example_dags/tutorial_taskflow_api.py took 0.121 seconds
[2025-10-25T16:18:55.897+0200] {processor.py:161} INFO - Started process (PID=71750) to work on /Users/youssefdaaloul/venv/dbt_snowflake/airflow_venv_39/lib/python3.11/site-packages/airflow/example_dags/tutorial_taskflow_api.py
[2025-10-25T16:18:55.898+0200] {processor.py:830} INFO - Processing file /Users/youssefdaaloul/venv/dbt_snowflake/airflow_venv_39/lib/python3.11/site-packages/airflow/example_dags/tutorial_taskflow_api.py for tasks to queue
[2025-10-25T16:18:55.898+0200] {logging_mixin.py:188} INFO - [2025-10-25T16:18:55.898+0200] {dagbag.py:538} INFO - Filling up the DagBag from /Users/youssefdaaloul/venv/dbt_snowflake/airflow_venv_39/lib/python3.11/site-packages/airflow/example_dags/tutorial_taskflow_api.py
[2025-10-25T16:18:55.912+0200] {processor.py:840} INFO - DAG(s) 'tutorial_taskflow_api' retrieved from /Users/youssefdaaloul/venv/dbt_snowflake/airflow_venv_39/lib/python3.11/site-packages/airflow/example_dags/tutorial_taskflow_api.py
[2025-10-25T16:18:55.968+0200] {logging_mixin.py:188} INFO - [2025-10-25T16:18:55.967+0200] {dag.py:3036} INFO - Sync 1 DAGs
[2025-10-25T16:18:55.971+0200] {logging_mixin.py:188} INFO - [2025-10-25T16:18:55.971+0200] {dag.py:3823} INFO - Setting next_dagrun for tutorial_taskflow_api to None, run_after=None
[2025-10-25T16:18:55.978+0200] {processor.py:183} INFO - Processing /Users/youssefdaaloul/venv/dbt_snowflake/airflow_venv_39/lib/python3.11/site-packages/airflow/example_dags/tutorial_taskflow_api.py took 0.081 seconds
[2025-10-25T16:20:02.430+0200] {processor.py:161} INFO - Started process (PID=71809) to work on /Users/youssefdaaloul/venv/dbt_snowflake/airflow_venv_39/lib/python3.11/site-packages/airflow/example_dags/tutorial_taskflow_api.py
[2025-10-25T16:20:02.431+0200] {processor.py:830} INFO - Processing file /Users/youssefdaaloul/venv/dbt_snowflake/airflow_venv_39/lib/python3.11/site-packages/airflow/example_dags/tutorial_taskflow_api.py for tasks to queue
[2025-10-25T16:20:02.431+0200] {logging_mixin.py:188} INFO - [2025-10-25T16:20:02.431+0200] {dagbag.py:538} INFO - Filling up the DagBag from /Users/youssefdaaloul/venv/dbt_snowflake/airflow_venv_39/lib/python3.11/site-packages/airflow/example_dags/tutorial_taskflow_api.py
[2025-10-25T16:20:02.447+0200] {processor.py:840} INFO - DAG(s) 'tutorial_taskflow_api' retrieved from /Users/youssefdaaloul/venv/dbt_snowflake/airflow_venv_39/lib/python3.11/site-packages/airflow/example_dags/tutorial_taskflow_api.py
[2025-10-25T16:20:02.507+0200] {logging_mixin.py:188} INFO - [2025-10-25T16:20:02.507+0200] {dag.py:3036} INFO - Sync 1 DAGs
[2025-10-25T16:20:02.511+0200] {logging_mixin.py:188} INFO - [2025-10-25T16:20:02.511+0200] {dag.py:3823} INFO - Setting next_dagrun for tutorial_taskflow_api to None, run_after=None
[2025-10-25T16:20:02.517+0200] {processor.py:183} INFO - Processing /Users/youssefdaaloul/venv/dbt_snowflake/airflow_venv_39/lib/python3.11/site-packages/airflow/example_dags/tutorial_taskflow_api.py took 0.087 seconds
[2025-10-25T16:21:01.859+0200] {processor.py:161} INFO - Started process (PID=71872) to work on /Users/youssefdaaloul/venv/dbt_snowflake/airflow_venv_39/lib/python3.11/site-packages/airflow/example_dags/tutorial_taskflow_api.py
[2025-10-25T16:21:01.860+0200] {processor.py:830} INFO - Processing file /Users/youssefdaaloul/venv/dbt_snowflake/airflow_venv_39/lib/python3.11/site-packages/airflow/example_dags/tutorial_taskflow_api.py for tasks to queue
[2025-10-25T16:21:01.860+0200] {logging_mixin.py:188} INFO - [2025-10-25T16:21:01.860+0200] {dagbag.py:538} INFO - Filling up the DagBag from /Users/youssefdaaloul/venv/dbt_snowflake/airflow_venv_39/lib/python3.11/site-packages/airflow/example_dags/tutorial_taskflow_api.py
[2025-10-25T16:21:01.874+0200] {processor.py:840} INFO - DAG(s) 'tutorial_taskflow_api' retrieved from /Users/youssefdaaloul/venv/dbt_snowflake/airflow_venv_39/lib/python3.11/site-packages/airflow/example_dags/tutorial_taskflow_api.py
[2025-10-25T16:21:01.929+0200] {logging_mixin.py:188} INFO - [2025-10-25T16:21:01.929+0200] {dag.py:3036} INFO - Sync 1 DAGs
[2025-10-25T16:21:01.933+0200] {logging_mixin.py:188} INFO - [2025-10-25T16:21:01.933+0200] {dag.py:3823} INFO - Setting next_dagrun for tutorial_taskflow_api to None, run_after=None
[2025-10-25T16:21:01.940+0200] {processor.py:183} INFO - Processing /Users/youssefdaaloul/venv/dbt_snowflake/airflow_venv_39/lib/python3.11/site-packages/airflow/example_dags/tutorial_taskflow_api.py took 0.081 seconds
[2025-10-25T16:21:57.078+0200] {processor.py:161} INFO - Started process (PID=71915) to work on /Users/youssefdaaloul/venv/dbt_snowflake/airflow_venv_39/lib/python3.11/site-packages/airflow/example_dags/tutorial_taskflow_api.py
[2025-10-25T16:21:57.079+0200] {processor.py:830} INFO - Processing file /Users/youssefdaaloul/venv/dbt_snowflake/airflow_venv_39/lib/python3.11/site-packages/airflow/example_dags/tutorial_taskflow_api.py for tasks to queue
[2025-10-25T16:21:57.080+0200] {logging_mixin.py:188} INFO - [2025-10-25T16:21:57.080+0200] {dagbag.py:538} INFO - Filling up the DagBag from /Users/youssefdaaloul/venv/dbt_snowflake/airflow_venv_39/lib/python3.11/site-packages/airflow/example_dags/tutorial_taskflow_api.py
[2025-10-25T16:21:57.094+0200] {processor.py:840} INFO - DAG(s) 'tutorial_taskflow_api' retrieved from /Users/youssefdaaloul/venv/dbt_snowflake/airflow_venv_39/lib/python3.11/site-packages/airflow/example_dags/tutorial_taskflow_api.py
[2025-10-25T16:21:57.150+0200] {logging_mixin.py:188} INFO - [2025-10-25T16:21:57.150+0200] {dag.py:3036} INFO - Sync 1 DAGs
[2025-10-25T16:21:57.153+0200] {logging_mixin.py:188} INFO - [2025-10-25T16:21:57.153+0200] {dag.py:3823} INFO - Setting next_dagrun for tutorial_taskflow_api to None, run_after=None
[2025-10-25T16:21:57.160+0200] {processor.py:183} INFO - Processing /Users/youssefdaaloul/venv/dbt_snowflake/airflow_venv_39/lib/python3.11/site-packages/airflow/example_dags/tutorial_taskflow_api.py took 0.082 seconds
[2025-10-25T16:22:49.318+0200] {processor.py:161} INFO - Started process (PID=71961) to work on /Users/youssefdaaloul/venv/dbt_snowflake/airflow_venv_39/lib/python3.11/site-packages/airflow/example_dags/tutorial_taskflow_api.py
[2025-10-25T16:22:49.318+0200] {processor.py:830} INFO - Processing file /Users/youssefdaaloul/venv/dbt_snowflake/airflow_venv_39/lib/python3.11/site-packages/airflow/example_dags/tutorial_taskflow_api.py for tasks to queue
[2025-10-25T16:22:49.319+0200] {logging_mixin.py:188} INFO - [2025-10-25T16:22:49.319+0200] {dagbag.py:538} INFO - Filling up the DagBag from /Users/youssefdaaloul/venv/dbt_snowflake/airflow_venv_39/lib/python3.11/site-packages/airflow/example_dags/tutorial_taskflow_api.py
[2025-10-25T16:22:49.333+0200] {processor.py:840} INFO - DAG(s) 'tutorial_taskflow_api' retrieved from /Users/youssefdaaloul/venv/dbt_snowflake/airflow_venv_39/lib/python3.11/site-packages/airflow/example_dags/tutorial_taskflow_api.py
[2025-10-25T16:22:49.389+0200] {logging_mixin.py:188} INFO - [2025-10-25T16:22:49.389+0200] {dag.py:3036} INFO - Sync 1 DAGs
[2025-10-25T16:22:49.392+0200] {logging_mixin.py:188} INFO - [2025-10-25T16:22:49.392+0200] {dag.py:3823} INFO - Setting next_dagrun for tutorial_taskflow_api to None, run_after=None
[2025-10-25T16:22:49.400+0200] {processor.py:183} INFO - Processing /Users/youssefdaaloul/venv/dbt_snowflake/airflow_venv_39/lib/python3.11/site-packages/airflow/example_dags/tutorial_taskflow_api.py took 0.083 seconds
[2025-10-25T16:23:43.062+0200] {processor.py:161} INFO - Started process (PID=72019) to work on /Users/youssefdaaloul/venv/dbt_snowflake/airflow_venv_39/lib/python3.11/site-packages/airflow/example_dags/tutorial_taskflow_api.py
[2025-10-25T16:23:43.063+0200] {processor.py:830} INFO - Processing file /Users/youssefdaaloul/venv/dbt_snowflake/airflow_venv_39/lib/python3.11/site-packages/airflow/example_dags/tutorial_taskflow_api.py for tasks to queue
[2025-10-25T16:23:43.063+0200] {logging_mixin.py:188} INFO - [2025-10-25T16:23:43.063+0200] {dagbag.py:538} INFO - Filling up the DagBag from /Users/youssefdaaloul/venv/dbt_snowflake/airflow_venv_39/lib/python3.11/site-packages/airflow/example_dags/tutorial_taskflow_api.py
[2025-10-25T16:23:43.079+0200] {processor.py:840} INFO - DAG(s) 'tutorial_taskflow_api' retrieved from /Users/youssefdaaloul/venv/dbt_snowflake/airflow_venv_39/lib/python3.11/site-packages/airflow/example_dags/tutorial_taskflow_api.py
[2025-10-25T16:23:43.143+0200] {logging_mixin.py:188} INFO - [2025-10-25T16:23:43.143+0200] {dag.py:3036} INFO - Sync 1 DAGs
[2025-10-25T16:23:43.147+0200] {logging_mixin.py:188} INFO - [2025-10-25T16:23:43.146+0200] {dag.py:3823} INFO - Setting next_dagrun for tutorial_taskflow_api to None, run_after=None
[2025-10-25T16:23:43.153+0200] {processor.py:183} INFO - Processing /Users/youssefdaaloul/venv/dbt_snowflake/airflow_venv_39/lib/python3.11/site-packages/airflow/example_dags/tutorial_taskflow_api.py took 0.091 seconds
[2025-10-25T16:24:39.658+0200] {processor.py:161} INFO - Started process (PID=72074) to work on /Users/youssefdaaloul/venv/dbt_snowflake/airflow_venv_39/lib/python3.11/site-packages/airflow/example_dags/tutorial_taskflow_api.py
[2025-10-25T16:24:39.659+0200] {processor.py:830} INFO - Processing file /Users/youssefdaaloul/venv/dbt_snowflake/airflow_venv_39/lib/python3.11/site-packages/airflow/example_dags/tutorial_taskflow_api.py for tasks to queue
[2025-10-25T16:24:39.659+0200] {logging_mixin.py:188} INFO - [2025-10-25T16:24:39.659+0200] {dagbag.py:538} INFO - Filling up the DagBag from /Users/youssefdaaloul/venv/dbt_snowflake/airflow_venv_39/lib/python3.11/site-packages/airflow/example_dags/tutorial_taskflow_api.py
[2025-10-25T16:24:39.673+0200] {processor.py:840} INFO - DAG(s) 'tutorial_taskflow_api' retrieved from /Users/youssefdaaloul/venv/dbt_snowflake/airflow_venv_39/lib/python3.11/site-packages/airflow/example_dags/tutorial_taskflow_api.py
[2025-10-25T16:24:39.729+0200] {logging_mixin.py:188} INFO - [2025-10-25T16:24:39.729+0200] {dag.py:3036} INFO - Sync 1 DAGs
[2025-10-25T16:24:39.732+0200] {logging_mixin.py:188} INFO - [2025-10-25T16:24:39.732+0200] {dag.py:3823} INFO - Setting next_dagrun for tutorial_taskflow_api to None, run_after=None
[2025-10-25T16:24:39.739+0200] {processor.py:183} INFO - Processing /Users/youssefdaaloul/venv/dbt_snowflake/airflow_venv_39/lib/python3.11/site-packages/airflow/example_dags/tutorial_taskflow_api.py took 0.082 seconds
[2025-10-25T16:25:33.336+0200] {processor.py:161} INFO - Started process (PID=72118) to work on /Users/youssefdaaloul/venv/dbt_snowflake/airflow_venv_39/lib/python3.11/site-packages/airflow/example_dags/tutorial_taskflow_api.py
[2025-10-25T16:25:33.337+0200] {processor.py:830} INFO - Processing file /Users/youssefdaaloul/venv/dbt_snowflake/airflow_venv_39/lib/python3.11/site-packages/airflow/example_dags/tutorial_taskflow_api.py for tasks to queue
[2025-10-25T16:25:33.337+0200] {logging_mixin.py:188} INFO - [2025-10-25T16:25:33.337+0200] {dagbag.py:538} INFO - Filling up the DagBag from /Users/youssefdaaloul/venv/dbt_snowflake/airflow_venv_39/lib/python3.11/site-packages/airflow/example_dags/tutorial_taskflow_api.py
[2025-10-25T16:25:33.353+0200] {processor.py:840} INFO - DAG(s) 'tutorial_taskflow_api' retrieved from /Users/youssefdaaloul/venv/dbt_snowflake/airflow_venv_39/lib/python3.11/site-packages/airflow/example_dags/tutorial_taskflow_api.py
[2025-10-25T16:25:33.413+0200] {logging_mixin.py:188} INFO - [2025-10-25T16:25:33.412+0200] {dag.py:3036} INFO - Sync 1 DAGs
[2025-10-25T16:25:33.417+0200] {logging_mixin.py:188} INFO - [2025-10-25T16:25:33.417+0200] {dag.py:3823} INFO - Setting next_dagrun for tutorial_taskflow_api to None, run_after=None
[2025-10-25T16:25:33.424+0200] {processor.py:183} INFO - Processing /Users/youssefdaaloul/venv/dbt_snowflake/airflow_venv_39/lib/python3.11/site-packages/airflow/example_dags/tutorial_taskflow_api.py took 0.088 seconds
[2025-10-25T16:26:26.436+0200] {processor.py:161} INFO - Started process (PID=72190) to work on /Users/youssefdaaloul/venv/dbt_snowflake/airflow_venv_39/lib/python3.11/site-packages/airflow/example_dags/tutorial_taskflow_api.py
[2025-10-25T16:26:26.437+0200] {processor.py:830} INFO - Processing file /Users/youssefdaaloul/venv/dbt_snowflake/airflow_venv_39/lib/python3.11/site-packages/airflow/example_dags/tutorial_taskflow_api.py for tasks to queue
[2025-10-25T16:26:26.437+0200] {logging_mixin.py:188} INFO - [2025-10-25T16:26:26.437+0200] {dagbag.py:538} INFO - Filling up the DagBag from /Users/youssefdaaloul/venv/dbt_snowflake/airflow_venv_39/lib/python3.11/site-packages/airflow/example_dags/tutorial_taskflow_api.py
[2025-10-25T16:26:26.451+0200] {processor.py:840} INFO - DAG(s) 'tutorial_taskflow_api' retrieved from /Users/youssefdaaloul/venv/dbt_snowflake/airflow_venv_39/lib/python3.11/site-packages/airflow/example_dags/tutorial_taskflow_api.py
[2025-10-25T16:26:26.507+0200] {logging_mixin.py:188} INFO - [2025-10-25T16:26:26.507+0200] {dag.py:3036} INFO - Sync 1 DAGs
[2025-10-25T16:26:26.510+0200] {logging_mixin.py:188} INFO - [2025-10-25T16:26:26.510+0200] {dag.py:3823} INFO - Setting next_dagrun for tutorial_taskflow_api to None, run_after=None
[2025-10-25T16:26:26.517+0200] {processor.py:183} INFO - Processing /Users/youssefdaaloul/venv/dbt_snowflake/airflow_venv_39/lib/python3.11/site-packages/airflow/example_dags/tutorial_taskflow_api.py took 0.082 seconds
[2025-10-25T16:27:20.760+0200] {processor.py:161} INFO - Started process (PID=72232) to work on /Users/youssefdaaloul/venv/dbt_snowflake/airflow_venv_39/lib/python3.11/site-packages/airflow/example_dags/tutorial_taskflow_api.py
[2025-10-25T16:27:20.762+0200] {processor.py:830} INFO - Processing file /Users/youssefdaaloul/venv/dbt_snowflake/airflow_venv_39/lib/python3.11/site-packages/airflow/example_dags/tutorial_taskflow_api.py for tasks to queue
[2025-10-25T16:27:20.762+0200] {logging_mixin.py:188} INFO - [2025-10-25T16:27:20.762+0200] {dagbag.py:538} INFO - Filling up the DagBag from /Users/youssefdaaloul/venv/dbt_snowflake/airflow_venv_39/lib/python3.11/site-packages/airflow/example_dags/tutorial_taskflow_api.py
[2025-10-25T16:27:20.777+0200] {processor.py:840} INFO - DAG(s) 'tutorial_taskflow_api' retrieved from /Users/youssefdaaloul/venv/dbt_snowflake/airflow_venv_39/lib/python3.11/site-packages/airflow/example_dags/tutorial_taskflow_api.py
[2025-10-25T16:27:20.839+0200] {logging_mixin.py:188} INFO - [2025-10-25T16:27:20.838+0200] {dag.py:3036} INFO - Sync 1 DAGs
[2025-10-25T16:27:20.842+0200] {logging_mixin.py:188} INFO - [2025-10-25T16:27:20.842+0200] {dag.py:3823} INFO - Setting next_dagrun for tutorial_taskflow_api to None, run_after=None
[2025-10-25T16:27:20.849+0200] {processor.py:183} INFO - Processing /Users/youssefdaaloul/venv/dbt_snowflake/airflow_venv_39/lib/python3.11/site-packages/airflow/example_dags/tutorial_taskflow_api.py took 0.089 seconds
[2025-10-25T16:28:19.466+0200] {processor.py:161} INFO - Started process (PID=72304) to work on /Users/youssefdaaloul/venv/dbt_snowflake/airflow_venv_39/lib/python3.11/site-packages/airflow/example_dags/tutorial_taskflow_api.py
[2025-10-25T16:28:19.469+0200] {processor.py:830} INFO - Processing file /Users/youssefdaaloul/venv/dbt_snowflake/airflow_venv_39/lib/python3.11/site-packages/airflow/example_dags/tutorial_taskflow_api.py for tasks to queue
[2025-10-25T16:28:19.469+0200] {logging_mixin.py:188} INFO - [2025-10-25T16:28:19.469+0200] {dagbag.py:538} INFO - Filling up the DagBag from /Users/youssefdaaloul/venv/dbt_snowflake/airflow_venv_39/lib/python3.11/site-packages/airflow/example_dags/tutorial_taskflow_api.py
[2025-10-25T16:28:19.485+0200] {processor.py:840} INFO - DAG(s) 'tutorial_taskflow_api' retrieved from /Users/youssefdaaloul/venv/dbt_snowflake/airflow_venv_39/lib/python3.11/site-packages/airflow/example_dags/tutorial_taskflow_api.py
[2025-10-25T16:28:19.548+0200] {logging_mixin.py:188} INFO - [2025-10-25T16:28:19.548+0200] {dag.py:3036} INFO - Sync 1 DAGs
[2025-10-25T16:28:19.552+0200] {logging_mixin.py:188} INFO - [2025-10-25T16:28:19.552+0200] {dag.py:3823} INFO - Setting next_dagrun for tutorial_taskflow_api to None, run_after=None
[2025-10-25T16:28:19.559+0200] {processor.py:183} INFO - Processing /Users/youssefdaaloul/venv/dbt_snowflake/airflow_venv_39/lib/python3.11/site-packages/airflow/example_dags/tutorial_taskflow_api.py took 0.094 seconds
[2025-10-25T16:29:19.204+0200] {processor.py:161} INFO - Started process (PID=72351) to work on /Users/youssefdaaloul/venv/dbt_snowflake/airflow_venv_39/lib/python3.11/site-packages/airflow/example_dags/tutorial_taskflow_api.py
[2025-10-25T16:29:19.207+0200] {processor.py:830} INFO - Processing file /Users/youssefdaaloul/venv/dbt_snowflake/airflow_venv_39/lib/python3.11/site-packages/airflow/example_dags/tutorial_taskflow_api.py for tasks to queue
[2025-10-25T16:29:19.208+0200] {logging_mixin.py:188} INFO - [2025-10-25T16:29:19.208+0200] {dagbag.py:538} INFO - Filling up the DagBag from /Users/youssefdaaloul/venv/dbt_snowflake/airflow_venv_39/lib/python3.11/site-packages/airflow/example_dags/tutorial_taskflow_api.py
[2025-10-25T16:29:19.223+0200] {processor.py:840} INFO - DAG(s) 'tutorial_taskflow_api' retrieved from /Users/youssefdaaloul/venv/dbt_snowflake/airflow_venv_39/lib/python3.11/site-packages/airflow/example_dags/tutorial_taskflow_api.py
[2025-10-25T16:29:19.284+0200] {logging_mixin.py:188} INFO - [2025-10-25T16:29:19.283+0200] {dag.py:3036} INFO - Sync 1 DAGs
[2025-10-25T16:29:19.287+0200] {logging_mixin.py:188} INFO - [2025-10-25T16:29:19.287+0200] {dag.py:3823} INFO - Setting next_dagrun for tutorial_taskflow_api to None, run_after=None
[2025-10-25T16:29:19.293+0200] {processor.py:183} INFO - Processing /Users/youssefdaaloul/venv/dbt_snowflake/airflow_venv_39/lib/python3.11/site-packages/airflow/example_dags/tutorial_taskflow_api.py took 0.090 seconds
[2025-10-25T16:30:17.452+0200] {processor.py:161} INFO - Started process (PID=72420) to work on /Users/youssefdaaloul/venv/dbt_snowflake/airflow_venv_39/lib/python3.11/site-packages/airflow/example_dags/tutorial_taskflow_api.py
[2025-10-25T16:30:17.453+0200] {processor.py:830} INFO - Processing file /Users/youssefdaaloul/venv/dbt_snowflake/airflow_venv_39/lib/python3.11/site-packages/airflow/example_dags/tutorial_taskflow_api.py for tasks to queue
[2025-10-25T16:30:17.454+0200] {logging_mixin.py:188} INFO - [2025-10-25T16:30:17.454+0200] {dagbag.py:538} INFO - Filling up the DagBag from /Users/youssefdaaloul/venv/dbt_snowflake/airflow_venv_39/lib/python3.11/site-packages/airflow/example_dags/tutorial_taskflow_api.py
[2025-10-25T16:30:17.474+0200] {processor.py:840} INFO - DAG(s) 'tutorial_taskflow_api' retrieved from /Users/youssefdaaloul/venv/dbt_snowflake/airflow_venv_39/lib/python3.11/site-packages/airflow/example_dags/tutorial_taskflow_api.py
[2025-10-25T16:30:17.541+0200] {logging_mixin.py:188} INFO - [2025-10-25T16:30:17.541+0200] {dag.py:3036} INFO - Sync 1 DAGs
[2025-10-25T16:30:17.545+0200] {logging_mixin.py:188} INFO - [2025-10-25T16:30:17.545+0200] {dag.py:3823} INFO - Setting next_dagrun for tutorial_taskflow_api to None, run_after=None
[2025-10-25T16:30:17.552+0200] {processor.py:183} INFO - Processing /Users/youssefdaaloul/venv/dbt_snowflake/airflow_venv_39/lib/python3.11/site-packages/airflow/example_dags/tutorial_taskflow_api.py took 0.100 seconds
[2025-10-25T16:31:17.044+0200] {processor.py:161} INFO - Started process (PID=72515) to work on /Users/youssefdaaloul/venv/dbt_snowflake/airflow_venv_39/lib/python3.11/site-packages/airflow/example_dags/tutorial_taskflow_api.py
[2025-10-25T16:31:17.045+0200] {processor.py:830} INFO - Processing file /Users/youssefdaaloul/venv/dbt_snowflake/airflow_venv_39/lib/python3.11/site-packages/airflow/example_dags/tutorial_taskflow_api.py for tasks to queue
[2025-10-25T16:31:17.045+0200] {logging_mixin.py:188} INFO - [2025-10-25T16:31:17.045+0200] {dagbag.py:538} INFO - Filling up the DagBag from /Users/youssefdaaloul/venv/dbt_snowflake/airflow_venv_39/lib/python3.11/site-packages/airflow/example_dags/tutorial_taskflow_api.py
[2025-10-25T16:31:17.063+0200] {processor.py:840} INFO - DAG(s) 'tutorial_taskflow_api' retrieved from /Users/youssefdaaloul/venv/dbt_snowflake/airflow_venv_39/lib/python3.11/site-packages/airflow/example_dags/tutorial_taskflow_api.py
[2025-10-25T16:31:17.126+0200] {logging_mixin.py:188} INFO - [2025-10-25T16:31:17.125+0200] {dag.py:3036} INFO - Sync 1 DAGs
[2025-10-25T16:31:17.129+0200] {logging_mixin.py:188} INFO - [2025-10-25T16:31:17.129+0200] {dag.py:3823} INFO - Setting next_dagrun for tutorial_taskflow_api to None, run_after=None
[2025-10-25T16:31:17.137+0200] {processor.py:183} INFO - Processing /Users/youssefdaaloul/venv/dbt_snowflake/airflow_venv_39/lib/python3.11/site-packages/airflow/example_dags/tutorial_taskflow_api.py took 0.094 seconds
[2025-10-25T16:32:11.360+0200] {processor.py:161} INFO - Started process (PID=72591) to work on /Users/youssefdaaloul/venv/dbt_snowflake/airflow_venv_39/lib/python3.11/site-packages/airflow/example_dags/tutorial_taskflow_api.py
[2025-10-25T16:32:11.361+0200] {processor.py:830} INFO - Processing file /Users/youssefdaaloul/venv/dbt_snowflake/airflow_venv_39/lib/python3.11/site-packages/airflow/example_dags/tutorial_taskflow_api.py for tasks to queue
[2025-10-25T16:32:11.361+0200] {logging_mixin.py:188} INFO - [2025-10-25T16:32:11.361+0200] {dagbag.py:538} INFO - Filling up the DagBag from /Users/youssefdaaloul/venv/dbt_snowflake/airflow_venv_39/lib/python3.11/site-packages/airflow/example_dags/tutorial_taskflow_api.py
[2025-10-25T16:32:11.377+0200] {processor.py:840} INFO - DAG(s) 'tutorial_taskflow_api' retrieved from /Users/youssefdaaloul/venv/dbt_snowflake/airflow_venv_39/lib/python3.11/site-packages/airflow/example_dags/tutorial_taskflow_api.py
[2025-10-25T16:32:11.439+0200] {logging_mixin.py:188} INFO - [2025-10-25T16:32:11.438+0200] {dag.py:3036} INFO - Sync 1 DAGs
[2025-10-25T16:32:11.443+0200] {logging_mixin.py:188} INFO - [2025-10-25T16:32:11.443+0200] {dag.py:3823} INFO - Setting next_dagrun for tutorial_taskflow_api to None, run_after=None
[2025-10-25T16:32:11.450+0200] {processor.py:183} INFO - Processing /Users/youssefdaaloul/venv/dbt_snowflake/airflow_venv_39/lib/python3.11/site-packages/airflow/example_dags/tutorial_taskflow_api.py took 0.089 seconds
[2025-10-25T16:33:08.860+0200] {processor.py:161} INFO - Started process (PID=72644) to work on /Users/youssefdaaloul/venv/dbt_snowflake/airflow_venv_39/lib/python3.11/site-packages/airflow/example_dags/tutorial_taskflow_api.py
[2025-10-25T16:33:08.861+0200] {processor.py:830} INFO - Processing file /Users/youssefdaaloul/venv/dbt_snowflake/airflow_venv_39/lib/python3.11/site-packages/airflow/example_dags/tutorial_taskflow_api.py for tasks to queue
[2025-10-25T16:33:08.861+0200] {logging_mixin.py:188} INFO - [2025-10-25T16:33:08.861+0200] {dagbag.py:538} INFO - Filling up the DagBag from /Users/youssefdaaloul/venv/dbt_snowflake/airflow_venv_39/lib/python3.11/site-packages/airflow/example_dags/tutorial_taskflow_api.py
[2025-10-25T16:33:08.879+0200] {processor.py:840} INFO - DAG(s) 'tutorial_taskflow_api' retrieved from /Users/youssefdaaloul/venv/dbt_snowflake/airflow_venv_39/lib/python3.11/site-packages/airflow/example_dags/tutorial_taskflow_api.py
[2025-10-25T16:33:08.948+0200] {logging_mixin.py:188} INFO - [2025-10-25T16:33:08.947+0200] {dag.py:3036} INFO - Sync 1 DAGs
[2025-10-25T16:33:08.952+0200] {logging_mixin.py:188} INFO - [2025-10-25T16:33:08.952+0200] {dag.py:3823} INFO - Setting next_dagrun for tutorial_taskflow_api to None, run_after=None
[2025-10-25T16:33:08.959+0200] {processor.py:183} INFO - Processing /Users/youssefdaaloul/venv/dbt_snowflake/airflow_venv_39/lib/python3.11/site-packages/airflow/example_dags/tutorial_taskflow_api.py took 0.100 seconds
[2025-10-25T16:34:09.202+0200] {processor.py:161} INFO - Started process (PID=72720) to work on /Users/youssefdaaloul/venv/dbt_snowflake/airflow_venv_39/lib/python3.11/site-packages/airflow/example_dags/tutorial_taskflow_api.py
[2025-10-25T16:34:09.203+0200] {processor.py:830} INFO - Processing file /Users/youssefdaaloul/venv/dbt_snowflake/airflow_venv_39/lib/python3.11/site-packages/airflow/example_dags/tutorial_taskflow_api.py for tasks to queue
[2025-10-25T16:34:09.203+0200] {logging_mixin.py:188} INFO - [2025-10-25T16:34:09.203+0200] {dagbag.py:538} INFO - Filling up the DagBag from /Users/youssefdaaloul/venv/dbt_snowflake/airflow_venv_39/lib/python3.11/site-packages/airflow/example_dags/tutorial_taskflow_api.py
[2025-10-25T16:34:09.221+0200] {processor.py:840} INFO - DAG(s) 'tutorial_taskflow_api' retrieved from /Users/youssefdaaloul/venv/dbt_snowflake/airflow_venv_39/lib/python3.11/site-packages/airflow/example_dags/tutorial_taskflow_api.py
[2025-10-25T16:34:09.283+0200] {logging_mixin.py:188} INFO - [2025-10-25T16:34:09.283+0200] {dag.py:3036} INFO - Sync 1 DAGs
[2025-10-25T16:34:09.287+0200] {logging_mixin.py:188} INFO - [2025-10-25T16:34:09.287+0200] {dag.py:3823} INFO - Setting next_dagrun for tutorial_taskflow_api to None, run_after=None
[2025-10-25T16:34:09.295+0200] {processor.py:183} INFO - Processing /Users/youssefdaaloul/venv/dbt_snowflake/airflow_venv_39/lib/python3.11/site-packages/airflow/example_dags/tutorial_taskflow_api.py took 0.093 seconds
[2025-10-25T16:35:08.243+0200] {processor.py:161} INFO - Started process (PID=72816) to work on /Users/youssefdaaloul/venv/dbt_snowflake/airflow_venv_39/lib/python3.11/site-packages/airflow/example_dags/tutorial_taskflow_api.py
[2025-10-25T16:35:08.244+0200] {processor.py:830} INFO - Processing file /Users/youssefdaaloul/venv/dbt_snowflake/airflow_venv_39/lib/python3.11/site-packages/airflow/example_dags/tutorial_taskflow_api.py for tasks to queue
[2025-10-25T16:35:08.244+0200] {logging_mixin.py:188} INFO - [2025-10-25T16:35:08.244+0200] {dagbag.py:538} INFO - Filling up the DagBag from /Users/youssefdaaloul/venv/dbt_snowflake/airflow_venv_39/lib/python3.11/site-packages/airflow/example_dags/tutorial_taskflow_api.py
[2025-10-25T16:35:08.260+0200] {processor.py:840} INFO - DAG(s) 'tutorial_taskflow_api' retrieved from /Users/youssefdaaloul/venv/dbt_snowflake/airflow_venv_39/lib/python3.11/site-packages/airflow/example_dags/tutorial_taskflow_api.py
[2025-10-25T16:35:08.328+0200] {logging_mixin.py:188} INFO - [2025-10-25T16:35:08.328+0200] {dag.py:3036} INFO - Sync 1 DAGs
[2025-10-25T16:35:08.332+0200] {logging_mixin.py:188} INFO - [2025-10-25T16:35:08.332+0200] {dag.py:3823} INFO - Setting next_dagrun for tutorial_taskflow_api to None, run_after=None
[2025-10-25T16:35:08.341+0200] {processor.py:183} INFO - Processing /Users/youssefdaaloul/venv/dbt_snowflake/airflow_venv_39/lib/python3.11/site-packages/airflow/example_dags/tutorial_taskflow_api.py took 0.099 seconds
[2025-10-25T16:36:07.316+0200] {processor.py:161} INFO - Started process (PID=72899) to work on /Users/youssefdaaloul/venv/dbt_snowflake/airflow_venv_39/lib/python3.11/site-packages/airflow/example_dags/tutorial_taskflow_api.py
[2025-10-25T16:36:07.317+0200] {processor.py:830} INFO - Processing file /Users/youssefdaaloul/venv/dbt_snowflake/airflow_venv_39/lib/python3.11/site-packages/airflow/example_dags/tutorial_taskflow_api.py for tasks to queue
[2025-10-25T16:36:07.317+0200] {logging_mixin.py:188} INFO - [2025-10-25T16:36:07.317+0200] {dagbag.py:538} INFO - Filling up the DagBag from /Users/youssefdaaloul/venv/dbt_snowflake/airflow_venv_39/lib/python3.11/site-packages/airflow/example_dags/tutorial_taskflow_api.py
[2025-10-25T16:36:07.333+0200] {processor.py:840} INFO - DAG(s) 'tutorial_taskflow_api' retrieved from /Users/youssefdaaloul/venv/dbt_snowflake/airflow_venv_39/lib/python3.11/site-packages/airflow/example_dags/tutorial_taskflow_api.py
[2025-10-25T16:36:07.398+0200] {logging_mixin.py:188} INFO - [2025-10-25T16:36:07.398+0200] {dag.py:3036} INFO - Sync 1 DAGs
[2025-10-25T16:36:07.403+0200] {logging_mixin.py:188} INFO - [2025-10-25T16:36:07.403+0200] {dag.py:3823} INFO - Setting next_dagrun for tutorial_taskflow_api to None, run_after=None
[2025-10-25T16:36:07.412+0200] {processor.py:183} INFO - Processing /Users/youssefdaaloul/venv/dbt_snowflake/airflow_venv_39/lib/python3.11/site-packages/airflow/example_dags/tutorial_taskflow_api.py took 0.096 seconds
[2025-10-25T16:43:48.445+0200] {processor.py:161} INFO - Started process (PID=73823) to work on /Users/youssefdaaloul/venv/dbt_snowflake/airflow_venv_39/lib/python3.11/site-packages/airflow/example_dags/tutorial_taskflow_api.py
[2025-10-25T16:43:48.447+0200] {processor.py:830} INFO - Processing file /Users/youssefdaaloul/venv/dbt_snowflake/airflow_venv_39/lib/python3.11/site-packages/airflow/example_dags/tutorial_taskflow_api.py for tasks to queue
[2025-10-25T16:43:48.447+0200] {logging_mixin.py:188} INFO - [2025-10-25T16:43:48.447+0200] {dagbag.py:538} INFO - Filling up the DagBag from /Users/youssefdaaloul/venv/dbt_snowflake/airflow_venv_39/lib/python3.11/site-packages/airflow/example_dags/tutorial_taskflow_api.py
[2025-10-25T16:43:48.466+0200] {processor.py:840} INFO - DAG(s) 'tutorial_taskflow_api' retrieved from /Users/youssefdaaloul/venv/dbt_snowflake/airflow_venv_39/lib/python3.11/site-packages/airflow/example_dags/tutorial_taskflow_api.py
[2025-10-25T16:43:48.572+0200] {logging_mixin.py:188} INFO - [2025-10-25T16:43:48.572+0200] {dag.py:3036} INFO - Sync 1 DAGs
[2025-10-25T16:43:48.576+0200] {logging_mixin.py:188} INFO - [2025-10-25T16:43:48.576+0200] {dag.py:3823} INFO - Setting next_dagrun for tutorial_taskflow_api to None, run_after=None
[2025-10-25T16:43:48.583+0200] {processor.py:183} INFO - Processing /Users/youssefdaaloul/venv/dbt_snowflake/airflow_venv_39/lib/python3.11/site-packages/airflow/example_dags/tutorial_taskflow_api.py took 0.138 seconds
[2025-10-25T16:44:44.093+0200] {processor.py:161} INFO - Started process (PID=73941) to work on /Users/youssefdaaloul/venv/dbt_snowflake/airflow_venv_39/lib/python3.11/site-packages/airflow/example_dags/tutorial_taskflow_api.py
[2025-10-25T16:44:44.093+0200] {processor.py:830} INFO - Processing file /Users/youssefdaaloul/venv/dbt_snowflake/airflow_venv_39/lib/python3.11/site-packages/airflow/example_dags/tutorial_taskflow_api.py for tasks to queue
[2025-10-25T16:44:44.094+0200] {logging_mixin.py:188} INFO - [2025-10-25T16:44:44.094+0200] {dagbag.py:538} INFO - Filling up the DagBag from /Users/youssefdaaloul/venv/dbt_snowflake/airflow_venv_39/lib/python3.11/site-packages/airflow/example_dags/tutorial_taskflow_api.py
[2025-10-25T16:44:44.109+0200] {processor.py:840} INFO - DAG(s) 'tutorial_taskflow_api' retrieved from /Users/youssefdaaloul/venv/dbt_snowflake/airflow_venv_39/lib/python3.11/site-packages/airflow/example_dags/tutorial_taskflow_api.py
[2025-10-25T16:44:44.169+0200] {logging_mixin.py:188} INFO - [2025-10-25T16:44:44.169+0200] {dag.py:3036} INFO - Sync 1 DAGs
[2025-10-25T16:44:44.174+0200] {logging_mixin.py:188} INFO - [2025-10-25T16:44:44.173+0200] {dag.py:3823} INFO - Setting next_dagrun for tutorial_taskflow_api to None, run_after=None
[2025-10-25T16:44:44.181+0200] {processor.py:183} INFO - Processing /Users/youssefdaaloul/venv/dbt_snowflake/airflow_venv_39/lib/python3.11/site-packages/airflow/example_dags/tutorial_taskflow_api.py took 0.089 seconds
[2025-10-25T16:45:42.186+0200] {processor.py:161} INFO - Started process (PID=73988) to work on /Users/youssefdaaloul/venv/dbt_snowflake/airflow_venv_39/lib/python3.11/site-packages/airflow/example_dags/tutorial_taskflow_api.py
[2025-10-25T16:45:42.187+0200] {processor.py:830} INFO - Processing file /Users/youssefdaaloul/venv/dbt_snowflake/airflow_venv_39/lib/python3.11/site-packages/airflow/example_dags/tutorial_taskflow_api.py for tasks to queue
[2025-10-25T16:45:42.188+0200] {logging_mixin.py:188} INFO - [2025-10-25T16:45:42.188+0200] {dagbag.py:538} INFO - Filling up the DagBag from /Users/youssefdaaloul/venv/dbt_snowflake/airflow_venv_39/lib/python3.11/site-packages/airflow/example_dags/tutorial_taskflow_api.py
[2025-10-25T16:45:42.203+0200] {processor.py:840} INFO - DAG(s) 'tutorial_taskflow_api' retrieved from /Users/youssefdaaloul/venv/dbt_snowflake/airflow_venv_39/lib/python3.11/site-packages/airflow/example_dags/tutorial_taskflow_api.py
[2025-10-25T16:45:42.261+0200] {logging_mixin.py:188} INFO - [2025-10-25T16:45:42.261+0200] {dag.py:3036} INFO - Sync 1 DAGs
[2025-10-25T16:45:42.266+0200] {logging_mixin.py:188} INFO - [2025-10-25T16:45:42.266+0200] {dag.py:3823} INFO - Setting next_dagrun for tutorial_taskflow_api to None, run_after=None
[2025-10-25T16:45:42.273+0200] {processor.py:183} INFO - Processing /Users/youssefdaaloul/venv/dbt_snowflake/airflow_venv_39/lib/python3.11/site-packages/airflow/example_dags/tutorial_taskflow_api.py took 0.087 seconds
[2025-10-25T16:46:43.073+0200] {processor.py:161} INFO - Started process (PID=74039) to work on /Users/youssefdaaloul/venv/dbt_snowflake/airflow_venv_39/lib/python3.11/site-packages/airflow/example_dags/tutorial_taskflow_api.py
[2025-10-25T16:46:43.073+0200] {processor.py:830} INFO - Processing file /Users/youssefdaaloul/venv/dbt_snowflake/airflow_venv_39/lib/python3.11/site-packages/airflow/example_dags/tutorial_taskflow_api.py for tasks to queue
[2025-10-25T16:46:43.074+0200] {logging_mixin.py:188} INFO - [2025-10-25T16:46:43.073+0200] {dagbag.py:538} INFO - Filling up the DagBag from /Users/youssefdaaloul/venv/dbt_snowflake/airflow_venv_39/lib/python3.11/site-packages/airflow/example_dags/tutorial_taskflow_api.py
[2025-10-25T16:46:43.090+0200] {processor.py:840} INFO - DAG(s) 'tutorial_taskflow_api' retrieved from /Users/youssefdaaloul/venv/dbt_snowflake/airflow_venv_39/lib/python3.11/site-packages/airflow/example_dags/tutorial_taskflow_api.py
[2025-10-25T16:46:43.158+0200] {logging_mixin.py:188} INFO - [2025-10-25T16:46:43.158+0200] {dag.py:3036} INFO - Sync 1 DAGs
[2025-10-25T16:46:43.162+0200] {logging_mixin.py:188} INFO - [2025-10-25T16:46:43.162+0200] {dag.py:3823} INFO - Setting next_dagrun for tutorial_taskflow_api to None, run_after=None
[2025-10-25T16:46:43.170+0200] {processor.py:183} INFO - Processing /Users/youssefdaaloul/venv/dbt_snowflake/airflow_venv_39/lib/python3.11/site-packages/airflow/example_dags/tutorial_taskflow_api.py took 0.098 seconds
[2025-10-25T16:47:41.318+0200] {processor.py:161} INFO - Started process (PID=74086) to work on /Users/youssefdaaloul/venv/dbt_snowflake/airflow_venv_39/lib/python3.11/site-packages/airflow/example_dags/tutorial_taskflow_api.py
[2025-10-25T16:47:41.320+0200] {processor.py:830} INFO - Processing file /Users/youssefdaaloul/venv/dbt_snowflake/airflow_venv_39/lib/python3.11/site-packages/airflow/example_dags/tutorial_taskflow_api.py for tasks to queue
[2025-10-25T16:47:41.320+0200] {logging_mixin.py:188} INFO - [2025-10-25T16:47:41.320+0200] {dagbag.py:538} INFO - Filling up the DagBag from /Users/youssefdaaloul/venv/dbt_snowflake/airflow_venv_39/lib/python3.11/site-packages/airflow/example_dags/tutorial_taskflow_api.py
[2025-10-25T16:47:41.336+0200] {processor.py:840} INFO - DAG(s) 'tutorial_taskflow_api' retrieved from /Users/youssefdaaloul/venv/dbt_snowflake/airflow_venv_39/lib/python3.11/site-packages/airflow/example_dags/tutorial_taskflow_api.py
[2025-10-25T16:47:41.399+0200] {logging_mixin.py:188} INFO - [2025-10-25T16:47:41.399+0200] {dag.py:3036} INFO - Sync 1 DAGs
[2025-10-25T16:47:41.404+0200] {logging_mixin.py:188} INFO - [2025-10-25T16:47:41.404+0200] {dag.py:3823} INFO - Setting next_dagrun for tutorial_taskflow_api to None, run_after=None
[2025-10-25T16:47:41.412+0200] {processor.py:183} INFO - Processing /Users/youssefdaaloul/venv/dbt_snowflake/airflow_venv_39/lib/python3.11/site-packages/airflow/example_dags/tutorial_taskflow_api.py took 0.094 seconds
[2025-10-25T16:48:35.189+0200] {processor.py:161} INFO - Started process (PID=74145) to work on /Users/youssefdaaloul/venv/dbt_snowflake/airflow_venv_39/lib/python3.11/site-packages/airflow/example_dags/tutorial_taskflow_api.py
[2025-10-25T16:48:35.190+0200] {processor.py:830} INFO - Processing file /Users/youssefdaaloul/venv/dbt_snowflake/airflow_venv_39/lib/python3.11/site-packages/airflow/example_dags/tutorial_taskflow_api.py for tasks to queue
[2025-10-25T16:48:35.190+0200] {logging_mixin.py:188} INFO - [2025-10-25T16:48:35.190+0200] {dagbag.py:538} INFO - Filling up the DagBag from /Users/youssefdaaloul/venv/dbt_snowflake/airflow_venv_39/lib/python3.11/site-packages/airflow/example_dags/tutorial_taskflow_api.py
[2025-10-25T16:48:35.207+0200] {processor.py:840} INFO - DAG(s) 'tutorial_taskflow_api' retrieved from /Users/youssefdaaloul/venv/dbt_snowflake/airflow_venv_39/lib/python3.11/site-packages/airflow/example_dags/tutorial_taskflow_api.py
[2025-10-25T16:48:35.265+0200] {logging_mixin.py:188} INFO - [2025-10-25T16:48:35.265+0200] {dag.py:3036} INFO - Sync 1 DAGs
[2025-10-25T16:48:35.270+0200] {logging_mixin.py:188} INFO - [2025-10-25T16:48:35.270+0200] {dag.py:3823} INFO - Setting next_dagrun for tutorial_taskflow_api to None, run_after=None
[2025-10-25T16:48:35.277+0200] {processor.py:183} INFO - Processing /Users/youssefdaaloul/venv/dbt_snowflake/airflow_venv_39/lib/python3.11/site-packages/airflow/example_dags/tutorial_taskflow_api.py took 0.088 seconds
[2025-10-25T16:49:31.632+0200] {processor.py:161} INFO - Started process (PID=74207) to work on /Users/youssefdaaloul/venv/dbt_snowflake/airflow_venv_39/lib/python3.11/site-packages/airflow/example_dags/tutorial_taskflow_api.py
[2025-10-25T16:49:31.632+0200] {processor.py:830} INFO - Processing file /Users/youssefdaaloul/venv/dbt_snowflake/airflow_venv_39/lib/python3.11/site-packages/airflow/example_dags/tutorial_taskflow_api.py for tasks to queue
[2025-10-25T16:49:31.633+0200] {logging_mixin.py:188} INFO - [2025-10-25T16:49:31.633+0200] {dagbag.py:538} INFO - Filling up the DagBag from /Users/youssefdaaloul/venv/dbt_snowflake/airflow_venv_39/lib/python3.11/site-packages/airflow/example_dags/tutorial_taskflow_api.py
[2025-10-25T16:49:31.649+0200] {processor.py:840} INFO - DAG(s) 'tutorial_taskflow_api' retrieved from /Users/youssefdaaloul/venv/dbt_snowflake/airflow_venv_39/lib/python3.11/site-packages/airflow/example_dags/tutorial_taskflow_api.py
[2025-10-25T16:49:31.713+0200] {logging_mixin.py:188} INFO - [2025-10-25T16:49:31.713+0200] {dag.py:3036} INFO - Sync 1 DAGs
[2025-10-25T16:49:31.717+0200] {logging_mixin.py:188} INFO - [2025-10-25T16:49:31.717+0200] {dag.py:3823} INFO - Setting next_dagrun for tutorial_taskflow_api to None, run_after=None
[2025-10-25T16:49:31.724+0200] {processor.py:183} INFO - Processing /Users/youssefdaaloul/venv/dbt_snowflake/airflow_venv_39/lib/python3.11/site-packages/airflow/example_dags/tutorial_taskflow_api.py took 0.092 seconds
[2025-10-25T16:50:30.025+0200] {processor.py:161} INFO - Started process (PID=74249) to work on /Users/youssefdaaloul/venv/dbt_snowflake/airflow_venv_39/lib/python3.11/site-packages/airflow/example_dags/tutorial_taskflow_api.py
[2025-10-25T16:50:30.026+0200] {processor.py:830} INFO - Processing file /Users/youssefdaaloul/venv/dbt_snowflake/airflow_venv_39/lib/python3.11/site-packages/airflow/example_dags/tutorial_taskflow_api.py for tasks to queue
[2025-10-25T16:50:30.026+0200] {logging_mixin.py:188} INFO - [2025-10-25T16:50:30.026+0200] {dagbag.py:538} INFO - Filling up the DagBag from /Users/youssefdaaloul/venv/dbt_snowflake/airflow_venv_39/lib/python3.11/site-packages/airflow/example_dags/tutorial_taskflow_api.py
[2025-10-25T16:50:30.041+0200] {processor.py:840} INFO - DAG(s) 'tutorial_taskflow_api' retrieved from /Users/youssefdaaloul/venv/dbt_snowflake/airflow_venv_39/lib/python3.11/site-packages/airflow/example_dags/tutorial_taskflow_api.py
[2025-10-25T16:50:30.098+0200] {logging_mixin.py:188} INFO - [2025-10-25T16:50:30.098+0200] {dag.py:3036} INFO - Sync 1 DAGs
[2025-10-25T16:50:30.101+0200] {logging_mixin.py:188} INFO - [2025-10-25T16:50:30.101+0200] {dag.py:3823} INFO - Setting next_dagrun for tutorial_taskflow_api to None, run_after=None
[2025-10-25T16:50:30.108+0200] {processor.py:183} INFO - Processing /Users/youssefdaaloul/venv/dbt_snowflake/airflow_venv_39/lib/python3.11/site-packages/airflow/example_dags/tutorial_taskflow_api.py took 0.083 seconds
[2025-10-25T16:51:29.023+0200] {processor.py:161} INFO - Started process (PID=74317) to work on /Users/youssefdaaloul/venv/dbt_snowflake/airflow_venv_39/lib/python3.11/site-packages/airflow/example_dags/tutorial_taskflow_api.py
[2025-10-25T16:51:29.024+0200] {processor.py:830} INFO - Processing file /Users/youssefdaaloul/venv/dbt_snowflake/airflow_venv_39/lib/python3.11/site-packages/airflow/example_dags/tutorial_taskflow_api.py for tasks to queue
[2025-10-25T16:51:29.024+0200] {logging_mixin.py:188} INFO - [2025-10-25T16:51:29.024+0200] {dagbag.py:538} INFO - Filling up the DagBag from /Users/youssefdaaloul/venv/dbt_snowflake/airflow_venv_39/lib/python3.11/site-packages/airflow/example_dags/tutorial_taskflow_api.py
[2025-10-25T16:51:29.039+0200] {processor.py:840} INFO - DAG(s) 'tutorial_taskflow_api' retrieved from /Users/youssefdaaloul/venv/dbt_snowflake/airflow_venv_39/lib/python3.11/site-packages/airflow/example_dags/tutorial_taskflow_api.py
[2025-10-25T16:51:29.099+0200] {logging_mixin.py:188} INFO - [2025-10-25T16:51:29.099+0200] {dag.py:3036} INFO - Sync 1 DAGs
[2025-10-25T16:51:29.103+0200] {logging_mixin.py:188} INFO - [2025-10-25T16:51:29.103+0200] {dag.py:3823} INFO - Setting next_dagrun for tutorial_taskflow_api to None, run_after=None
[2025-10-25T16:51:29.110+0200] {processor.py:183} INFO - Processing /Users/youssefdaaloul/venv/dbt_snowflake/airflow_venv_39/lib/python3.11/site-packages/airflow/example_dags/tutorial_taskflow_api.py took 0.087 seconds
