[2025-10-25T16:08:29.933+0200] {processor.py:161} INFO - Started process (PID=71198) to work on /Users/youssefdaaloul/venv/dbt_snowflake/airflow_venv_39/lib/python3.11/site-packages/airflow/example_dags/tutorial.py
[2025-10-25T16:08:29.934+0200] {processor.py:830} INFO - Processing file /Users/youssefdaaloul/venv/dbt_snowflake/airflow_venv_39/lib/python3.11/site-packages/airflow/example_dags/tutorial.py for tasks to queue
[2025-10-25T16:08:29.934+0200] {logging_mixin.py:188} INFO - [2025-10-25T16:08:29.934+0200] {dagbag.py:538} INFO - Filling up the DagBag from /Users/youssefdaaloul/venv/dbt_snowflake/airflow_venv_39/lib/python3.11/site-packages/airflow/example_dags/tutorial.py
[2025-10-25T16:08:29.937+0200] {processor.py:840} INFO - DAG(s) 'tutorial' retrieved from /Users/youssefdaaloul/venv/dbt_snowflake/airflow_venv_39/lib/python3.11/site-packages/airflow/example_dags/tutorial.py
[2025-10-25T16:08:29.941+0200] {logging_mixin.py:188} INFO - [2025-10-25T16:08:29.941+0200] {dag.py:3036} INFO - Sync 1 DAGs
[2025-10-25T16:08:29.996+0200] {logging_mixin.py:188} INFO - [2025-10-25T16:08:29.996+0200] {dag.py:3823} INFO - Setting next_dagrun for tutorial to 2025-10-24 00:00:00+00:00, run_after=2025-10-25 00:00:00+00:00
[2025-10-25T16:08:30.003+0200] {processor.py:183} INFO - Processing /Users/youssefdaaloul/venv/dbt_snowflake/airflow_venv_39/lib/python3.11/site-packages/airflow/example_dags/tutorial.py took 0.070 seconds
[2025-10-25T16:10:00.513+0200] {processor.py:161} INFO - Started process (PID=71269) to work on /Users/youssefdaaloul/venv/dbt_snowflake/airflow_venv_39/lib/python3.11/site-packages/airflow/example_dags/tutorial.py
[2025-10-25T16:10:00.514+0200] {processor.py:830} INFO - Processing file /Users/youssefdaaloul/venv/dbt_snowflake/airflow_venv_39/lib/python3.11/site-packages/airflow/example_dags/tutorial.py for tasks to queue
[2025-10-25T16:10:00.514+0200] {logging_mixin.py:188} INFO - [2025-10-25T16:10:00.514+0200] {dagbag.py:538} INFO - Filling up the DagBag from /Users/youssefdaaloul/venv/dbt_snowflake/airflow_venv_39/lib/python3.11/site-packages/airflow/example_dags/tutorial.py
[2025-10-25T16:10:00.518+0200] {processor.py:840} INFO - DAG(s) 'tutorial' retrieved from /Users/youssefdaaloul/venv/dbt_snowflake/airflow_venv_39/lib/python3.11/site-packages/airflow/example_dags/tutorial.py
[2025-10-25T16:10:00.628+0200] {logging_mixin.py:188} INFO - [2025-10-25T16:10:00.628+0200] {dag.py:3036} INFO - Sync 1 DAGs
[2025-10-25T16:10:00.635+0200] {logging_mixin.py:188} INFO - [2025-10-25T16:10:00.635+0200] {dag.py:3823} INFO - Setting next_dagrun for tutorial to 2025-10-24 00:00:00+00:00, run_after=2025-10-25 00:00:00+00:00
[2025-10-25T16:10:00.642+0200] {processor.py:183} INFO - Processing /Users/youssefdaaloul/venv/dbt_snowflake/airflow_venv_39/lib/python3.11/site-packages/airflow/example_dags/tutorial.py took 0.129 seconds
[2025-10-25T16:11:01.130+0200] {processor.py:161} INFO - Started process (PID=71323) to work on /Users/youssefdaaloul/venv/dbt_snowflake/airflow_venv_39/lib/python3.11/site-packages/airflow/example_dags/tutorial.py
[2025-10-25T16:11:01.130+0200] {processor.py:830} INFO - Processing file /Users/youssefdaaloul/venv/dbt_snowflake/airflow_venv_39/lib/python3.11/site-packages/airflow/example_dags/tutorial.py for tasks to queue
[2025-10-25T16:11:01.131+0200] {logging_mixin.py:188} INFO - [2025-10-25T16:11:01.131+0200] {dagbag.py:538} INFO - Filling up the DagBag from /Users/youssefdaaloul/venv/dbt_snowflake/airflow_venv_39/lib/python3.11/site-packages/airflow/example_dags/tutorial.py
[2025-10-25T16:11:01.135+0200] {processor.py:840} INFO - DAG(s) 'tutorial' retrieved from /Users/youssefdaaloul/venv/dbt_snowflake/airflow_venv_39/lib/python3.11/site-packages/airflow/example_dags/tutorial.py
[2025-10-25T16:11:01.194+0200] {logging_mixin.py:188} INFO - [2025-10-25T16:11:01.194+0200] {dag.py:3036} INFO - Sync 1 DAGs
[2025-10-25T16:11:01.201+0200] {logging_mixin.py:188} INFO - [2025-10-25T16:11:01.201+0200] {dag.py:3823} INFO - Setting next_dagrun for tutorial to 2025-10-24 00:00:00+00:00, run_after=2025-10-25 00:00:00+00:00
[2025-10-25T16:11:01.207+0200] {processor.py:183} INFO - Processing /Users/youssefdaaloul/venv/dbt_snowflake/airflow_venv_39/lib/python3.11/site-packages/airflow/example_dags/tutorial.py took 0.078 seconds
[2025-10-25T16:12:00.118+0200] {processor.py:161} INFO - Started process (PID=71384) to work on /Users/youssefdaaloul/venv/dbt_snowflake/airflow_venv_39/lib/python3.11/site-packages/airflow/example_dags/tutorial.py
[2025-10-25T16:12:00.119+0200] {processor.py:830} INFO - Processing file /Users/youssefdaaloul/venv/dbt_snowflake/airflow_venv_39/lib/python3.11/site-packages/airflow/example_dags/tutorial.py for tasks to queue
[2025-10-25T16:12:00.119+0200] {logging_mixin.py:188} INFO - [2025-10-25T16:12:00.119+0200] {dagbag.py:538} INFO - Filling up the DagBag from /Users/youssefdaaloul/venv/dbt_snowflake/airflow_venv_39/lib/python3.11/site-packages/airflow/example_dags/tutorial.py
[2025-10-25T16:12:00.122+0200] {processor.py:840} INFO - DAG(s) 'tutorial' retrieved from /Users/youssefdaaloul/venv/dbt_snowflake/airflow_venv_39/lib/python3.11/site-packages/airflow/example_dags/tutorial.py
[2025-10-25T16:12:00.179+0200] {logging_mixin.py:188} INFO - [2025-10-25T16:12:00.179+0200] {dag.py:3036} INFO - Sync 1 DAGs
[2025-10-25T16:12:00.186+0200] {logging_mixin.py:188} INFO - [2025-10-25T16:12:00.186+0200] {dag.py:3823} INFO - Setting next_dagrun for tutorial to 2025-10-24 00:00:00+00:00, run_after=2025-10-25 00:00:00+00:00
[2025-10-25T16:12:00.192+0200] {processor.py:183} INFO - Processing /Users/youssefdaaloul/venv/dbt_snowflake/airflow_venv_39/lib/python3.11/site-packages/airflow/example_dags/tutorial.py took 0.074 seconds
[2025-10-25T16:12:57.110+0200] {processor.py:161} INFO - Started process (PID=71435) to work on /Users/youssefdaaloul/venv/dbt_snowflake/airflow_venv_39/lib/python3.11/site-packages/airflow/example_dags/tutorial.py
[2025-10-25T16:12:57.111+0200] {processor.py:830} INFO - Processing file /Users/youssefdaaloul/venv/dbt_snowflake/airflow_venv_39/lib/python3.11/site-packages/airflow/example_dags/tutorial.py for tasks to queue
[2025-10-25T16:12:57.111+0200] {logging_mixin.py:188} INFO - [2025-10-25T16:12:57.111+0200] {dagbag.py:538} INFO - Filling up the DagBag from /Users/youssefdaaloul/venv/dbt_snowflake/airflow_venv_39/lib/python3.11/site-packages/airflow/example_dags/tutorial.py
[2025-10-25T16:12:57.115+0200] {processor.py:840} INFO - DAG(s) 'tutorial' retrieved from /Users/youssefdaaloul/venv/dbt_snowflake/airflow_venv_39/lib/python3.11/site-packages/airflow/example_dags/tutorial.py
[2025-10-25T16:12:57.173+0200] {logging_mixin.py:188} INFO - [2025-10-25T16:12:57.173+0200] {dag.py:3036} INFO - Sync 1 DAGs
[2025-10-25T16:12:57.179+0200] {logging_mixin.py:188} INFO - [2025-10-25T16:12:57.179+0200] {dag.py:3823} INFO - Setting next_dagrun for tutorial to 2025-10-24 00:00:00+00:00, run_after=2025-10-25 00:00:00+00:00
[2025-10-25T16:12:57.186+0200] {processor.py:183} INFO - Processing /Users/youssefdaaloul/venv/dbt_snowflake/airflow_venv_39/lib/python3.11/site-packages/airflow/example_dags/tutorial.py took 0.076 seconds
[2025-10-25T16:13:57.877+0200] {processor.py:161} INFO - Started process (PID=71485) to work on /Users/youssefdaaloul/venv/dbt_snowflake/airflow_venv_39/lib/python3.11/site-packages/airflow/example_dags/tutorial.py
[2025-10-25T16:13:57.878+0200] {processor.py:830} INFO - Processing file /Users/youssefdaaloul/venv/dbt_snowflake/airflow_venv_39/lib/python3.11/site-packages/airflow/example_dags/tutorial.py for tasks to queue
[2025-10-25T16:13:57.878+0200] {logging_mixin.py:188} INFO - [2025-10-25T16:13:57.878+0200] {dagbag.py:538} INFO - Filling up the DagBag from /Users/youssefdaaloul/venv/dbt_snowflake/airflow_venv_39/lib/python3.11/site-packages/airflow/example_dags/tutorial.py
[2025-10-25T16:13:57.882+0200] {processor.py:840} INFO - DAG(s) 'tutorial' retrieved from /Users/youssefdaaloul/venv/dbt_snowflake/airflow_venv_39/lib/python3.11/site-packages/airflow/example_dags/tutorial.py
[2025-10-25T16:13:57.940+0200] {logging_mixin.py:188} INFO - [2025-10-25T16:13:57.940+0200] {dag.py:3036} INFO - Sync 1 DAGs
[2025-10-25T16:13:57.947+0200] {logging_mixin.py:188} INFO - [2025-10-25T16:13:57.946+0200] {dag.py:3823} INFO - Setting next_dagrun for tutorial to 2025-10-24 00:00:00+00:00, run_after=2025-10-25 00:00:00+00:00
[2025-10-25T16:13:57.954+0200] {processor.py:183} INFO - Processing /Users/youssefdaaloul/venv/dbt_snowflake/airflow_venv_39/lib/python3.11/site-packages/airflow/example_dags/tutorial.py took 0.077 seconds
[2025-10-25T16:15:00.312+0200] {processor.py:161} INFO - Started process (PID=71544) to work on /Users/youssefdaaloul/venv/dbt_snowflake/airflow_venv_39/lib/python3.11/site-packages/airflow/example_dags/tutorial.py
[2025-10-25T16:15:00.313+0200] {processor.py:830} INFO - Processing file /Users/youssefdaaloul/venv/dbt_snowflake/airflow_venv_39/lib/python3.11/site-packages/airflow/example_dags/tutorial.py for tasks to queue
[2025-10-25T16:15:00.313+0200] {logging_mixin.py:188} INFO - [2025-10-25T16:15:00.313+0200] {dagbag.py:538} INFO - Filling up the DagBag from /Users/youssefdaaloul/venv/dbt_snowflake/airflow_venv_39/lib/python3.11/site-packages/airflow/example_dags/tutorial.py
[2025-10-25T16:15:00.317+0200] {processor.py:840} INFO - DAG(s) 'tutorial' retrieved from /Users/youssefdaaloul/venv/dbt_snowflake/airflow_venv_39/lib/python3.11/site-packages/airflow/example_dags/tutorial.py
[2025-10-25T16:15:00.384+0200] {logging_mixin.py:188} INFO - [2025-10-25T16:15:00.384+0200] {dag.py:3036} INFO - Sync 1 DAGs
[2025-10-25T16:15:00.391+0200] {logging_mixin.py:188} INFO - [2025-10-25T16:15:00.390+0200] {dag.py:3823} INFO - Setting next_dagrun for tutorial to 2025-10-24 00:00:00+00:00, run_after=2025-10-25 00:00:00+00:00
[2025-10-25T16:15:00.398+0200] {processor.py:183} INFO - Processing /Users/youssefdaaloul/venv/dbt_snowflake/airflow_venv_39/lib/python3.11/site-packages/airflow/example_dags/tutorial.py took 0.086 seconds
[2025-10-25T16:16:01.549+0200] {processor.py:161} INFO - Started process (PID=71604) to work on /Users/youssefdaaloul/venv/dbt_snowflake/airflow_venv_39/lib/python3.11/site-packages/airflow/example_dags/tutorial.py
[2025-10-25T16:16:01.550+0200] {processor.py:830} INFO - Processing file /Users/youssefdaaloul/venv/dbt_snowflake/airflow_venv_39/lib/python3.11/site-packages/airflow/example_dags/tutorial.py for tasks to queue
[2025-10-25T16:16:01.551+0200] {logging_mixin.py:188} INFO - [2025-10-25T16:16:01.551+0200] {dagbag.py:538} INFO - Filling up the DagBag from /Users/youssefdaaloul/venv/dbt_snowflake/airflow_venv_39/lib/python3.11/site-packages/airflow/example_dags/tutorial.py
[2025-10-25T16:16:01.555+0200] {processor.py:840} INFO - DAG(s) 'tutorial' retrieved from /Users/youssefdaaloul/venv/dbt_snowflake/airflow_venv_39/lib/python3.11/site-packages/airflow/example_dags/tutorial.py
[2025-10-25T16:16:01.619+0200] {logging_mixin.py:188} INFO - [2025-10-25T16:16:01.619+0200] {dag.py:3036} INFO - Sync 1 DAGs
[2025-10-25T16:16:01.626+0200] {logging_mixin.py:188} INFO - [2025-10-25T16:16:01.626+0200] {dag.py:3823} INFO - Setting next_dagrun for tutorial to 2025-10-24 00:00:00+00:00, run_after=2025-10-25 00:00:00+00:00
[2025-10-25T16:16:01.634+0200] {processor.py:183} INFO - Processing /Users/youssefdaaloul/venv/dbt_snowflake/airflow_venv_39/lib/python3.11/site-packages/airflow/example_dags/tutorial.py took 0.085 seconds
[2025-10-25T16:17:01.690+0200] {processor.py:161} INFO - Started process (PID=71646) to work on /Users/youssefdaaloul/venv/dbt_snowflake/airflow_venv_39/lib/python3.11/site-packages/airflow/example_dags/tutorial.py
[2025-10-25T16:17:01.692+0200] {processor.py:830} INFO - Processing file /Users/youssefdaaloul/venv/dbt_snowflake/airflow_venv_39/lib/python3.11/site-packages/airflow/example_dags/tutorial.py for tasks to queue
[2025-10-25T16:17:01.692+0200] {logging_mixin.py:188} INFO - [2025-10-25T16:17:01.692+0200] {dagbag.py:538} INFO - Filling up the DagBag from /Users/youssefdaaloul/venv/dbt_snowflake/airflow_venv_39/lib/python3.11/site-packages/airflow/example_dags/tutorial.py
[2025-10-25T16:17:01.695+0200] {processor.py:840} INFO - DAG(s) 'tutorial' retrieved from /Users/youssefdaaloul/venv/dbt_snowflake/airflow_venv_39/lib/python3.11/site-packages/airflow/example_dags/tutorial.py
[2025-10-25T16:17:01.760+0200] {logging_mixin.py:188} INFO - [2025-10-25T16:17:01.760+0200] {dag.py:3036} INFO - Sync 1 DAGs
[2025-10-25T16:17:01.767+0200] {logging_mixin.py:188} INFO - [2025-10-25T16:17:01.767+0200] {dag.py:3823} INFO - Setting next_dagrun for tutorial to 2025-10-24 00:00:00+00:00, run_after=2025-10-25 00:00:00+00:00
[2025-10-25T16:17:01.774+0200] {processor.py:183} INFO - Processing /Users/youssefdaaloul/venv/dbt_snowflake/airflow_venv_39/lib/python3.11/site-packages/airflow/example_dags/tutorial.py took 0.085 seconds
[2025-10-25T16:18:00.495+0200] {processor.py:161} INFO - Started process (PID=71698) to work on /Users/youssefdaaloul/venv/dbt_snowflake/airflow_venv_39/lib/python3.11/site-packages/airflow/example_dags/tutorial.py
[2025-10-25T16:18:00.496+0200] {processor.py:830} INFO - Processing file /Users/youssefdaaloul/venv/dbt_snowflake/airflow_venv_39/lib/python3.11/site-packages/airflow/example_dags/tutorial.py for tasks to queue
[2025-10-25T16:18:00.497+0200] {logging_mixin.py:188} INFO - [2025-10-25T16:18:00.497+0200] {dagbag.py:538} INFO - Filling up the DagBag from /Users/youssefdaaloul/venv/dbt_snowflake/airflow_venv_39/lib/python3.11/site-packages/airflow/example_dags/tutorial.py
[2025-10-25T16:18:00.501+0200] {processor.py:840} INFO - DAG(s) 'tutorial' retrieved from /Users/youssefdaaloul/venv/dbt_snowflake/airflow_venv_39/lib/python3.11/site-packages/airflow/example_dags/tutorial.py
[2025-10-25T16:18:00.565+0200] {logging_mixin.py:188} INFO - [2025-10-25T16:18:00.565+0200] {dag.py:3036} INFO - Sync 1 DAGs
[2025-10-25T16:18:00.572+0200] {logging_mixin.py:188} INFO - [2025-10-25T16:18:00.572+0200] {dag.py:3823} INFO - Setting next_dagrun for tutorial to 2025-10-24 00:00:00+00:00, run_after=2025-10-25 00:00:00+00:00
[2025-10-25T16:18:00.580+0200] {processor.py:183} INFO - Processing /Users/youssefdaaloul/venv/dbt_snowflake/airflow_venv_39/lib/python3.11/site-packages/airflow/example_dags/tutorial.py took 0.085 seconds
[2025-10-25T16:19:00.626+0200] {processor.py:161} INFO - Started process (PID=71754) to work on /Users/youssefdaaloul/venv/dbt_snowflake/airflow_venv_39/lib/python3.11/site-packages/airflow/example_dags/tutorial.py
[2025-10-25T16:19:00.627+0200] {processor.py:830} INFO - Processing file /Users/youssefdaaloul/venv/dbt_snowflake/airflow_venv_39/lib/python3.11/site-packages/airflow/example_dags/tutorial.py for tasks to queue
[2025-10-25T16:19:00.628+0200] {logging_mixin.py:188} INFO - [2025-10-25T16:19:00.627+0200] {dagbag.py:538} INFO - Filling up the DagBag from /Users/youssefdaaloul/venv/dbt_snowflake/airflow_venv_39/lib/python3.11/site-packages/airflow/example_dags/tutorial.py
[2025-10-25T16:19:00.631+0200] {processor.py:840} INFO - DAG(s) 'tutorial' retrieved from /Users/youssefdaaloul/venv/dbt_snowflake/airflow_venv_39/lib/python3.11/site-packages/airflow/example_dags/tutorial.py
[2025-10-25T16:19:00.691+0200] {logging_mixin.py:188} INFO - [2025-10-25T16:19:00.691+0200] {dag.py:3036} INFO - Sync 1 DAGs
[2025-10-25T16:19:00.698+0200] {logging_mixin.py:188} INFO - [2025-10-25T16:19:00.698+0200] {dag.py:3823} INFO - Setting next_dagrun for tutorial to 2025-10-24 00:00:00+00:00, run_after=2025-10-25 00:00:00+00:00
[2025-10-25T16:19:00.704+0200] {processor.py:183} INFO - Processing /Users/youssefdaaloul/venv/dbt_snowflake/airflow_venv_39/lib/python3.11/site-packages/airflow/example_dags/tutorial.py took 0.079 seconds
[2025-10-25T16:20:08.014+0200] {processor.py:161} INFO - Started process (PID=71813) to work on /Users/youssefdaaloul/venv/dbt_snowflake/airflow_venv_39/lib/python3.11/site-packages/airflow/example_dags/tutorial.py
[2025-10-25T16:20:08.015+0200] {processor.py:830} INFO - Processing file /Users/youssefdaaloul/venv/dbt_snowflake/airflow_venv_39/lib/python3.11/site-packages/airflow/example_dags/tutorial.py for tasks to queue
[2025-10-25T16:20:08.016+0200] {logging_mixin.py:188} INFO - [2025-10-25T16:20:08.015+0200] {dagbag.py:538} INFO - Filling up the DagBag from /Users/youssefdaaloul/venv/dbt_snowflake/airflow_venv_39/lib/python3.11/site-packages/airflow/example_dags/tutorial.py
[2025-10-25T16:20:08.019+0200] {processor.py:840} INFO - DAG(s) 'tutorial' retrieved from /Users/youssefdaaloul/venv/dbt_snowflake/airflow_venv_39/lib/python3.11/site-packages/airflow/example_dags/tutorial.py
[2025-10-25T16:20:08.081+0200] {logging_mixin.py:188} INFO - [2025-10-25T16:20:08.080+0200] {dag.py:3036} INFO - Sync 1 DAGs
[2025-10-25T16:20:08.087+0200] {logging_mixin.py:188} INFO - [2025-10-25T16:20:08.086+0200] {dag.py:3823} INFO - Setting next_dagrun for tutorial to 2025-10-24 00:00:00+00:00, run_after=2025-10-25 00:00:00+00:00
[2025-10-25T16:20:08.094+0200] {processor.py:183} INFO - Processing /Users/youssefdaaloul/venv/dbt_snowflake/airflow_venv_39/lib/python3.11/site-packages/airflow/example_dags/tutorial.py took 0.080 seconds
[2025-10-25T16:21:06.883+0200] {processor.py:161} INFO - Started process (PID=71876) to work on /Users/youssefdaaloul/venv/dbt_snowflake/airflow_venv_39/lib/python3.11/site-packages/airflow/example_dags/tutorial.py
[2025-10-25T16:21:06.883+0200] {processor.py:830} INFO - Processing file /Users/youssefdaaloul/venv/dbt_snowflake/airflow_venv_39/lib/python3.11/site-packages/airflow/example_dags/tutorial.py for tasks to queue
[2025-10-25T16:21:06.883+0200] {logging_mixin.py:188} INFO - [2025-10-25T16:21:06.883+0200] {dagbag.py:538} INFO - Filling up the DagBag from /Users/youssefdaaloul/venv/dbt_snowflake/airflow_venv_39/lib/python3.11/site-packages/airflow/example_dags/tutorial.py
[2025-10-25T16:21:06.887+0200] {processor.py:840} INFO - DAG(s) 'tutorial' retrieved from /Users/youssefdaaloul/venv/dbt_snowflake/airflow_venv_39/lib/python3.11/site-packages/airflow/example_dags/tutorial.py
[2025-10-25T16:21:06.949+0200] {logging_mixin.py:188} INFO - [2025-10-25T16:21:06.949+0200] {dag.py:3036} INFO - Sync 1 DAGs
[2025-10-25T16:21:06.955+0200] {logging_mixin.py:188} INFO - [2025-10-25T16:21:06.955+0200] {dag.py:3823} INFO - Setting next_dagrun for tutorial to 2025-10-24 00:00:00+00:00, run_after=2025-10-25 00:00:00+00:00
[2025-10-25T16:21:06.961+0200] {processor.py:183} INFO - Processing /Users/youssefdaaloul/venv/dbt_snowflake/airflow_venv_39/lib/python3.11/site-packages/airflow/example_dags/tutorial.py took 0.079 seconds
[2025-10-25T16:22:02.675+0200] {processor.py:161} INFO - Started process (PID=71919) to work on /Users/youssefdaaloul/venv/dbt_snowflake/airflow_venv_39/lib/python3.11/site-packages/airflow/example_dags/tutorial.py
[2025-10-25T16:22:02.676+0200] {processor.py:830} INFO - Processing file /Users/youssefdaaloul/venv/dbt_snowflake/airflow_venv_39/lib/python3.11/site-packages/airflow/example_dags/tutorial.py for tasks to queue
[2025-10-25T16:22:02.676+0200] {logging_mixin.py:188} INFO - [2025-10-25T16:22:02.676+0200] {dagbag.py:538} INFO - Filling up the DagBag from /Users/youssefdaaloul/venv/dbt_snowflake/airflow_venv_39/lib/python3.11/site-packages/airflow/example_dags/tutorial.py
[2025-10-25T16:22:02.679+0200] {processor.py:840} INFO - DAG(s) 'tutorial' retrieved from /Users/youssefdaaloul/venv/dbt_snowflake/airflow_venv_39/lib/python3.11/site-packages/airflow/example_dags/tutorial.py
[2025-10-25T16:22:02.736+0200] {logging_mixin.py:188} INFO - [2025-10-25T16:22:02.736+0200] {dag.py:3036} INFO - Sync 1 DAGs
[2025-10-25T16:22:02.742+0200] {logging_mixin.py:188} INFO - [2025-10-25T16:22:02.742+0200] {dag.py:3823} INFO - Setting next_dagrun for tutorial to 2025-10-24 00:00:00+00:00, run_after=2025-10-25 00:00:00+00:00
[2025-10-25T16:22:02.748+0200] {processor.py:183} INFO - Processing /Users/youssefdaaloul/venv/dbt_snowflake/airflow_venv_39/lib/python3.11/site-packages/airflow/example_dags/tutorial.py took 0.073 seconds
[2025-10-25T16:22:54.255+0200] {processor.py:161} INFO - Started process (PID=71966) to work on /Users/youssefdaaloul/venv/dbt_snowflake/airflow_venv_39/lib/python3.11/site-packages/airflow/example_dags/tutorial.py
[2025-10-25T16:22:54.257+0200] {processor.py:830} INFO - Processing file /Users/youssefdaaloul/venv/dbt_snowflake/airflow_venv_39/lib/python3.11/site-packages/airflow/example_dags/tutorial.py for tasks to queue
[2025-10-25T16:22:54.257+0200] {logging_mixin.py:188} INFO - [2025-10-25T16:22:54.257+0200] {dagbag.py:538} INFO - Filling up the DagBag from /Users/youssefdaaloul/venv/dbt_snowflake/airflow_venv_39/lib/python3.11/site-packages/airflow/example_dags/tutorial.py
[2025-10-25T16:22:54.260+0200] {processor.py:840} INFO - DAG(s) 'tutorial' retrieved from /Users/youssefdaaloul/venv/dbt_snowflake/airflow_venv_39/lib/python3.11/site-packages/airflow/example_dags/tutorial.py
[2025-10-25T16:22:54.318+0200] {logging_mixin.py:188} INFO - [2025-10-25T16:22:54.318+0200] {dag.py:3036} INFO - Sync 1 DAGs
[2025-10-25T16:22:54.324+0200] {logging_mixin.py:188} INFO - [2025-10-25T16:22:54.324+0200] {dag.py:3823} INFO - Setting next_dagrun for tutorial to 2025-10-24 00:00:00+00:00, run_after=2025-10-25 00:00:00+00:00
[2025-10-25T16:22:54.330+0200] {processor.py:183} INFO - Processing /Users/youssefdaaloul/venv/dbt_snowflake/airflow_venv_39/lib/python3.11/site-packages/airflow/example_dags/tutorial.py took 0.075 seconds
[2025-10-25T16:23:48.667+0200] {processor.py:161} INFO - Started process (PID=72023) to work on /Users/youssefdaaloul/venv/dbt_snowflake/airflow_venv_39/lib/python3.11/site-packages/airflow/example_dags/tutorial.py
[2025-10-25T16:23:48.668+0200] {processor.py:830} INFO - Processing file /Users/youssefdaaloul/venv/dbt_snowflake/airflow_venv_39/lib/python3.11/site-packages/airflow/example_dags/tutorial.py for tasks to queue
[2025-10-25T16:23:48.668+0200] {logging_mixin.py:188} INFO - [2025-10-25T16:23:48.668+0200] {dagbag.py:538} INFO - Filling up the DagBag from /Users/youssefdaaloul/venv/dbt_snowflake/airflow_venv_39/lib/python3.11/site-packages/airflow/example_dags/tutorial.py
[2025-10-25T16:23:48.672+0200] {processor.py:840} INFO - DAG(s) 'tutorial' retrieved from /Users/youssefdaaloul/venv/dbt_snowflake/airflow_venv_39/lib/python3.11/site-packages/airflow/example_dags/tutorial.py
[2025-10-25T16:23:48.732+0200] {logging_mixin.py:188} INFO - [2025-10-25T16:23:48.732+0200] {dag.py:3036} INFO - Sync 1 DAGs
[2025-10-25T16:23:48.739+0200] {logging_mixin.py:188} INFO - [2025-10-25T16:23:48.739+0200] {dag.py:3823} INFO - Setting next_dagrun for tutorial to 2025-10-24 00:00:00+00:00, run_after=2025-10-25 00:00:00+00:00
[2025-10-25T16:23:48.746+0200] {processor.py:183} INFO - Processing /Users/youssefdaaloul/venv/dbt_snowflake/airflow_venv_39/lib/python3.11/site-packages/airflow/example_dags/tutorial.py took 0.079 seconds
[2025-10-25T16:24:45.144+0200] {processor.py:161} INFO - Started process (PID=72077) to work on /Users/youssefdaaloul/venv/dbt_snowflake/airflow_venv_39/lib/python3.11/site-packages/airflow/example_dags/tutorial.py
[2025-10-25T16:24:45.146+0200] {processor.py:830} INFO - Processing file /Users/youssefdaaloul/venv/dbt_snowflake/airflow_venv_39/lib/python3.11/site-packages/airflow/example_dags/tutorial.py for tasks to queue
[2025-10-25T16:24:45.146+0200] {logging_mixin.py:188} INFO - [2025-10-25T16:24:45.146+0200] {dagbag.py:538} INFO - Filling up the DagBag from /Users/youssefdaaloul/venv/dbt_snowflake/airflow_venv_39/lib/python3.11/site-packages/airflow/example_dags/tutorial.py
[2025-10-25T16:24:45.149+0200] {processor.py:840} INFO - DAG(s) 'tutorial' retrieved from /Users/youssefdaaloul/venv/dbt_snowflake/airflow_venv_39/lib/python3.11/site-packages/airflow/example_dags/tutorial.py
[2025-10-25T16:24:45.208+0200] {logging_mixin.py:188} INFO - [2025-10-25T16:24:45.207+0200] {dag.py:3036} INFO - Sync 1 DAGs
[2025-10-25T16:24:45.214+0200] {logging_mixin.py:188} INFO - [2025-10-25T16:24:45.214+0200] {dag.py:3823} INFO - Setting next_dagrun for tutorial to 2025-10-24 00:00:00+00:00, run_after=2025-10-25 00:00:00+00:00
[2025-10-25T16:24:45.220+0200] {processor.py:183} INFO - Processing /Users/youssefdaaloul/venv/dbt_snowflake/airflow_venv_39/lib/python3.11/site-packages/airflow/example_dags/tutorial.py took 0.076 seconds
[2025-10-25T16:25:38.879+0200] {processor.py:161} INFO - Started process (PID=72123) to work on /Users/youssefdaaloul/venv/dbt_snowflake/airflow_venv_39/lib/python3.11/site-packages/airflow/example_dags/tutorial.py
[2025-10-25T16:25:38.880+0200] {processor.py:830} INFO - Processing file /Users/youssefdaaloul/venv/dbt_snowflake/airflow_venv_39/lib/python3.11/site-packages/airflow/example_dags/tutorial.py for tasks to queue
[2025-10-25T16:25:38.880+0200] {logging_mixin.py:188} INFO - [2025-10-25T16:25:38.880+0200] {dagbag.py:538} INFO - Filling up the DagBag from /Users/youssefdaaloul/venv/dbt_snowflake/airflow_venv_39/lib/python3.11/site-packages/airflow/example_dags/tutorial.py
[2025-10-25T16:25:38.883+0200] {processor.py:840} INFO - DAG(s) 'tutorial' retrieved from /Users/youssefdaaloul/venv/dbt_snowflake/airflow_venv_39/lib/python3.11/site-packages/airflow/example_dags/tutorial.py
[2025-10-25T16:25:38.944+0200] {logging_mixin.py:188} INFO - [2025-10-25T16:25:38.944+0200] {dag.py:3036} INFO - Sync 1 DAGs
[2025-10-25T16:25:38.950+0200] {logging_mixin.py:188} INFO - [2025-10-25T16:25:38.950+0200] {dag.py:3823} INFO - Setting next_dagrun for tutorial to 2025-10-24 00:00:00+00:00, run_after=2025-10-25 00:00:00+00:00
[2025-10-25T16:25:38.957+0200] {processor.py:183} INFO - Processing /Users/youssefdaaloul/venv/dbt_snowflake/airflow_venv_39/lib/python3.11/site-packages/airflow/example_dags/tutorial.py took 0.078 seconds
[2025-10-25T16:26:31.837+0200] {processor.py:161} INFO - Started process (PID=72194) to work on /Users/youssefdaaloul/venv/dbt_snowflake/airflow_venv_39/lib/python3.11/site-packages/airflow/example_dags/tutorial.py
[2025-10-25T16:26:31.838+0200] {processor.py:830} INFO - Processing file /Users/youssefdaaloul/venv/dbt_snowflake/airflow_venv_39/lib/python3.11/site-packages/airflow/example_dags/tutorial.py for tasks to queue
[2025-10-25T16:26:31.838+0200] {logging_mixin.py:188} INFO - [2025-10-25T16:26:31.838+0200] {dagbag.py:538} INFO - Filling up the DagBag from /Users/youssefdaaloul/venv/dbt_snowflake/airflow_venv_39/lib/python3.11/site-packages/airflow/example_dags/tutorial.py
[2025-10-25T16:26:31.841+0200] {processor.py:840} INFO - DAG(s) 'tutorial' retrieved from /Users/youssefdaaloul/venv/dbt_snowflake/airflow_venv_39/lib/python3.11/site-packages/airflow/example_dags/tutorial.py
[2025-10-25T16:26:31.905+0200] {logging_mixin.py:188} INFO - [2025-10-25T16:26:31.905+0200] {dag.py:3036} INFO - Sync 1 DAGs
[2025-10-25T16:26:31.911+0200] {logging_mixin.py:188} INFO - [2025-10-25T16:26:31.911+0200] {dag.py:3823} INFO - Setting next_dagrun for tutorial to 2025-10-24 00:00:00+00:00, run_after=2025-10-25 00:00:00+00:00
[2025-10-25T16:26:31.918+0200] {processor.py:183} INFO - Processing /Users/youssefdaaloul/venv/dbt_snowflake/airflow_venv_39/lib/python3.11/site-packages/airflow/example_dags/tutorial.py took 0.081 seconds
[2025-10-25T16:27:26.333+0200] {processor.py:161} INFO - Started process (PID=72240) to work on /Users/youssefdaaloul/venv/dbt_snowflake/airflow_venv_39/lib/python3.11/site-packages/airflow/example_dags/tutorial.py
[2025-10-25T16:27:26.334+0200] {processor.py:830} INFO - Processing file /Users/youssefdaaloul/venv/dbt_snowflake/airflow_venv_39/lib/python3.11/site-packages/airflow/example_dags/tutorial.py for tasks to queue
[2025-10-25T16:27:26.334+0200] {logging_mixin.py:188} INFO - [2025-10-25T16:27:26.334+0200] {dagbag.py:538} INFO - Filling up the DagBag from /Users/youssefdaaloul/venv/dbt_snowflake/airflow_venv_39/lib/python3.11/site-packages/airflow/example_dags/tutorial.py
[2025-10-25T16:27:26.338+0200] {processor.py:840} INFO - DAG(s) 'tutorial' retrieved from /Users/youssefdaaloul/venv/dbt_snowflake/airflow_venv_39/lib/python3.11/site-packages/airflow/example_dags/tutorial.py
[2025-10-25T16:27:26.404+0200] {logging_mixin.py:188} INFO - [2025-10-25T16:27:26.404+0200] {dag.py:3036} INFO - Sync 1 DAGs
[2025-10-25T16:27:26.412+0200] {logging_mixin.py:188} INFO - [2025-10-25T16:27:26.412+0200] {dag.py:3823} INFO - Setting next_dagrun for tutorial to 2025-10-24 00:00:00+00:00, run_after=2025-10-25 00:00:00+00:00
[2025-10-25T16:27:26.419+0200] {processor.py:183} INFO - Processing /Users/youssefdaaloul/venv/dbt_snowflake/airflow_venv_39/lib/python3.11/site-packages/airflow/example_dags/tutorial.py took 0.086 seconds
[2025-10-25T16:28:25.052+0200] {processor.py:161} INFO - Started process (PID=72309) to work on /Users/youssefdaaloul/venv/dbt_snowflake/airflow_venv_39/lib/python3.11/site-packages/airflow/example_dags/tutorial.py
[2025-10-25T16:28:25.054+0200] {processor.py:830} INFO - Processing file /Users/youssefdaaloul/venv/dbt_snowflake/airflow_venv_39/lib/python3.11/site-packages/airflow/example_dags/tutorial.py for tasks to queue
[2025-10-25T16:28:25.054+0200] {logging_mixin.py:188} INFO - [2025-10-25T16:28:25.054+0200] {dagbag.py:538} INFO - Filling up the DagBag from /Users/youssefdaaloul/venv/dbt_snowflake/airflow_venv_39/lib/python3.11/site-packages/airflow/example_dags/tutorial.py
[2025-10-25T16:28:25.057+0200] {processor.py:840} INFO - DAG(s) 'tutorial' retrieved from /Users/youssefdaaloul/venv/dbt_snowflake/airflow_venv_39/lib/python3.11/site-packages/airflow/example_dags/tutorial.py
[2025-10-25T16:28:25.137+0200] {logging_mixin.py:188} INFO - [2025-10-25T16:28:25.137+0200] {dag.py:3036} INFO - Sync 1 DAGs
[2025-10-25T16:28:25.146+0200] {logging_mixin.py:188} INFO - [2025-10-25T16:28:25.146+0200] {dag.py:3823} INFO - Setting next_dagrun for tutorial to 2025-10-24 00:00:00+00:00, run_after=2025-10-25 00:00:00+00:00
[2025-10-25T16:28:25.155+0200] {processor.py:183} INFO - Processing /Users/youssefdaaloul/venv/dbt_snowflake/airflow_venv_39/lib/python3.11/site-packages/airflow/example_dags/tutorial.py took 0.102 seconds
[2025-10-25T16:29:24.616+0200] {processor.py:161} INFO - Started process (PID=72359) to work on /Users/youssefdaaloul/venv/dbt_snowflake/airflow_venv_39/lib/python3.11/site-packages/airflow/example_dags/tutorial.py
[2025-10-25T16:29:24.617+0200] {processor.py:830} INFO - Processing file /Users/youssefdaaloul/venv/dbt_snowflake/airflow_venv_39/lib/python3.11/site-packages/airflow/example_dags/tutorial.py for tasks to queue
[2025-10-25T16:29:24.617+0200] {logging_mixin.py:188} INFO - [2025-10-25T16:29:24.617+0200] {dagbag.py:538} INFO - Filling up the DagBag from /Users/youssefdaaloul/venv/dbt_snowflake/airflow_venv_39/lib/python3.11/site-packages/airflow/example_dags/tutorial.py
[2025-10-25T16:29:24.620+0200] {processor.py:840} INFO - DAG(s) 'tutorial' retrieved from /Users/youssefdaaloul/venv/dbt_snowflake/airflow_venv_39/lib/python3.11/site-packages/airflow/example_dags/tutorial.py
[2025-10-25T16:29:24.681+0200] {logging_mixin.py:188} INFO - [2025-10-25T16:29:24.681+0200] {dag.py:3036} INFO - Sync 1 DAGs
[2025-10-25T16:29:24.688+0200] {logging_mixin.py:188} INFO - [2025-10-25T16:29:24.688+0200] {dag.py:3823} INFO - Setting next_dagrun for tutorial to 2025-10-24 00:00:00+00:00, run_after=2025-10-25 00:00:00+00:00
[2025-10-25T16:29:24.694+0200] {processor.py:183} INFO - Processing /Users/youssefdaaloul/venv/dbt_snowflake/airflow_venv_39/lib/python3.11/site-packages/airflow/example_dags/tutorial.py took 0.079 seconds
[2025-10-25T16:30:23.155+0200] {processor.py:161} INFO - Started process (PID=72429) to work on /Users/youssefdaaloul/venv/dbt_snowflake/airflow_venv_39/lib/python3.11/site-packages/airflow/example_dags/tutorial.py
[2025-10-25T16:30:23.156+0200] {processor.py:830} INFO - Processing file /Users/youssefdaaloul/venv/dbt_snowflake/airflow_venv_39/lib/python3.11/site-packages/airflow/example_dags/tutorial.py for tasks to queue
[2025-10-25T16:30:23.156+0200] {logging_mixin.py:188} INFO - [2025-10-25T16:30:23.156+0200] {dagbag.py:538} INFO - Filling up the DagBag from /Users/youssefdaaloul/venv/dbt_snowflake/airflow_venv_39/lib/python3.11/site-packages/airflow/example_dags/tutorial.py
[2025-10-25T16:30:23.160+0200] {processor.py:840} INFO - DAG(s) 'tutorial' retrieved from /Users/youssefdaaloul/venv/dbt_snowflake/airflow_venv_39/lib/python3.11/site-packages/airflow/example_dags/tutorial.py
[2025-10-25T16:30:23.218+0200] {logging_mixin.py:188} INFO - [2025-10-25T16:30:23.218+0200] {dag.py:3036} INFO - Sync 1 DAGs
[2025-10-25T16:30:23.225+0200] {logging_mixin.py:188} INFO - [2025-10-25T16:30:23.225+0200] {dag.py:3823} INFO - Setting next_dagrun for tutorial to 2025-10-24 00:00:00+00:00, run_after=2025-10-25 00:00:00+00:00
[2025-10-25T16:30:23.231+0200] {processor.py:183} INFO - Processing /Users/youssefdaaloul/venv/dbt_snowflake/airflow_venv_39/lib/python3.11/site-packages/airflow/example_dags/tutorial.py took 0.076 seconds
[2025-10-25T16:31:22.875+0200] {processor.py:161} INFO - Started process (PID=72528) to work on /Users/youssefdaaloul/venv/dbt_snowflake/airflow_venv_39/lib/python3.11/site-packages/airflow/example_dags/tutorial.py
[2025-10-25T16:31:22.875+0200] {processor.py:830} INFO - Processing file /Users/youssefdaaloul/venv/dbt_snowflake/airflow_venv_39/lib/python3.11/site-packages/airflow/example_dags/tutorial.py for tasks to queue
[2025-10-25T16:31:22.876+0200] {logging_mixin.py:188} INFO - [2025-10-25T16:31:22.876+0200] {dagbag.py:538} INFO - Filling up the DagBag from /Users/youssefdaaloul/venv/dbt_snowflake/airflow_venv_39/lib/python3.11/site-packages/airflow/example_dags/tutorial.py
[2025-10-25T16:31:22.880+0200] {processor.py:840} INFO - DAG(s) 'tutorial' retrieved from /Users/youssefdaaloul/venv/dbt_snowflake/airflow_venv_39/lib/python3.11/site-packages/airflow/example_dags/tutorial.py
[2025-10-25T16:31:22.942+0200] {logging_mixin.py:188} INFO - [2025-10-25T16:31:22.942+0200] {dag.py:3036} INFO - Sync 1 DAGs
[2025-10-25T16:31:22.948+0200] {logging_mixin.py:188} INFO - [2025-10-25T16:31:22.948+0200] {dag.py:3823} INFO - Setting next_dagrun for tutorial to 2025-10-24 00:00:00+00:00, run_after=2025-10-25 00:00:00+00:00
[2025-10-25T16:31:22.957+0200] {processor.py:183} INFO - Processing /Users/youssefdaaloul/venv/dbt_snowflake/airflow_venv_39/lib/python3.11/site-packages/airflow/example_dags/tutorial.py took 0.082 seconds
[2025-10-25T16:32:17.769+0200] {processor.py:161} INFO - Started process (PID=72595) to work on /Users/youssefdaaloul/venv/dbt_snowflake/airflow_venv_39/lib/python3.11/site-packages/airflow/example_dags/tutorial.py
[2025-10-25T16:32:17.771+0200] {processor.py:830} INFO - Processing file /Users/youssefdaaloul/venv/dbt_snowflake/airflow_venv_39/lib/python3.11/site-packages/airflow/example_dags/tutorial.py for tasks to queue
[2025-10-25T16:32:17.771+0200] {logging_mixin.py:188} INFO - [2025-10-25T16:32:17.771+0200] {dagbag.py:538} INFO - Filling up the DagBag from /Users/youssefdaaloul/venv/dbt_snowflake/airflow_venv_39/lib/python3.11/site-packages/airflow/example_dags/tutorial.py
[2025-10-25T16:32:17.775+0200] {processor.py:840} INFO - DAG(s) 'tutorial' retrieved from /Users/youssefdaaloul/venv/dbt_snowflake/airflow_venv_39/lib/python3.11/site-packages/airflow/example_dags/tutorial.py
[2025-10-25T16:32:17.840+0200] {logging_mixin.py:188} INFO - [2025-10-25T16:32:17.840+0200] {dag.py:3036} INFO - Sync 1 DAGs
[2025-10-25T16:32:17.847+0200] {logging_mixin.py:188} INFO - [2025-10-25T16:32:17.847+0200] {dag.py:3823} INFO - Setting next_dagrun for tutorial to 2025-10-24 00:00:00+00:00, run_after=2025-10-25 00:00:00+00:00
[2025-10-25T16:32:17.855+0200] {processor.py:183} INFO - Processing /Users/youssefdaaloul/venv/dbt_snowflake/airflow_venv_39/lib/python3.11/site-packages/airflow/example_dags/tutorial.py took 0.086 seconds
[2025-10-25T16:33:14.147+0200] {processor.py:161} INFO - Started process (PID=72649) to work on /Users/youssefdaaloul/venv/dbt_snowflake/airflow_venv_39/lib/python3.11/site-packages/airflow/example_dags/tutorial.py
[2025-10-25T16:33:14.148+0200] {processor.py:830} INFO - Processing file /Users/youssefdaaloul/venv/dbt_snowflake/airflow_venv_39/lib/python3.11/site-packages/airflow/example_dags/tutorial.py for tasks to queue
[2025-10-25T16:33:14.148+0200] {logging_mixin.py:188} INFO - [2025-10-25T16:33:14.148+0200] {dagbag.py:538} INFO - Filling up the DagBag from /Users/youssefdaaloul/venv/dbt_snowflake/airflow_venv_39/lib/python3.11/site-packages/airflow/example_dags/tutorial.py
[2025-10-25T16:33:14.151+0200] {processor.py:840} INFO - DAG(s) 'tutorial' retrieved from /Users/youssefdaaloul/venv/dbt_snowflake/airflow_venv_39/lib/python3.11/site-packages/airflow/example_dags/tutorial.py
[2025-10-25T16:33:14.214+0200] {logging_mixin.py:188} INFO - [2025-10-25T16:33:14.214+0200] {dag.py:3036} INFO - Sync 1 DAGs
[2025-10-25T16:33:14.222+0200] {logging_mixin.py:188} INFO - [2025-10-25T16:33:14.222+0200] {dag.py:3823} INFO - Setting next_dagrun for tutorial to 2025-10-24 00:00:00+00:00, run_after=2025-10-25 00:00:00+00:00
[2025-10-25T16:33:14.228+0200] {processor.py:183} INFO - Processing /Users/youssefdaaloul/venv/dbt_snowflake/airflow_venv_39/lib/python3.11/site-packages/airflow/example_dags/tutorial.py took 0.081 seconds
[2025-10-25T16:34:15.071+0200] {processor.py:161} INFO - Started process (PID=72729) to work on /Users/youssefdaaloul/venv/dbt_snowflake/airflow_venv_39/lib/python3.11/site-packages/airflow/example_dags/tutorial.py
[2025-10-25T16:34:15.072+0200] {processor.py:830} INFO - Processing file /Users/youssefdaaloul/venv/dbt_snowflake/airflow_venv_39/lib/python3.11/site-packages/airflow/example_dags/tutorial.py for tasks to queue
[2025-10-25T16:34:15.073+0200] {logging_mixin.py:188} INFO - [2025-10-25T16:34:15.073+0200] {dagbag.py:538} INFO - Filling up the DagBag from /Users/youssefdaaloul/venv/dbt_snowflake/airflow_venv_39/lib/python3.11/site-packages/airflow/example_dags/tutorial.py
[2025-10-25T16:34:15.077+0200] {processor.py:840} INFO - DAG(s) 'tutorial' retrieved from /Users/youssefdaaloul/venv/dbt_snowflake/airflow_venv_39/lib/python3.11/site-packages/airflow/example_dags/tutorial.py
[2025-10-25T16:34:15.141+0200] {logging_mixin.py:188} INFO - [2025-10-25T16:34:15.141+0200] {dag.py:3036} INFO - Sync 1 DAGs
[2025-10-25T16:34:15.148+0200] {logging_mixin.py:188} INFO - [2025-10-25T16:34:15.148+0200] {dag.py:3823} INFO - Setting next_dagrun for tutorial to 2025-10-24 00:00:00+00:00, run_after=2025-10-25 00:00:00+00:00
[2025-10-25T16:34:15.155+0200] {processor.py:183} INFO - Processing /Users/youssefdaaloul/venv/dbt_snowflake/airflow_venv_39/lib/python3.11/site-packages/airflow/example_dags/tutorial.py took 0.085 seconds
[2025-10-25T16:35:13.500+0200] {processor.py:161} INFO - Started process (PID=72819) to work on /Users/youssefdaaloul/venv/dbt_snowflake/airflow_venv_39/lib/python3.11/site-packages/airflow/example_dags/tutorial.py
[2025-10-25T16:35:13.501+0200] {processor.py:830} INFO - Processing file /Users/youssefdaaloul/venv/dbt_snowflake/airflow_venv_39/lib/python3.11/site-packages/airflow/example_dags/tutorial.py for tasks to queue
[2025-10-25T16:35:13.502+0200] {logging_mixin.py:188} INFO - [2025-10-25T16:35:13.502+0200] {dagbag.py:538} INFO - Filling up the DagBag from /Users/youssefdaaloul/venv/dbt_snowflake/airflow_venv_39/lib/python3.11/site-packages/airflow/example_dags/tutorial.py
[2025-10-25T16:35:13.505+0200] {processor.py:840} INFO - DAG(s) 'tutorial' retrieved from /Users/youssefdaaloul/venv/dbt_snowflake/airflow_venv_39/lib/python3.11/site-packages/airflow/example_dags/tutorial.py
[2025-10-25T16:35:13.572+0200] {logging_mixin.py:188} INFO - [2025-10-25T16:35:13.572+0200] {dag.py:3036} INFO - Sync 1 DAGs
[2025-10-25T16:35:13.579+0200] {logging_mixin.py:188} INFO - [2025-10-25T16:35:13.579+0200] {dag.py:3823} INFO - Setting next_dagrun for tutorial to 2025-10-24 00:00:00+00:00, run_after=2025-10-25 00:00:00+00:00
[2025-10-25T16:35:13.586+0200] {processor.py:183} INFO - Processing /Users/youssefdaaloul/venv/dbt_snowflake/airflow_venv_39/lib/python3.11/site-packages/airflow/example_dags/tutorial.py took 0.086 seconds
[2025-10-25T16:36:13.152+0200] {processor.py:161} INFO - Started process (PID=72904) to work on /Users/youssefdaaloul/venv/dbt_snowflake/airflow_venv_39/lib/python3.11/site-packages/airflow/example_dags/tutorial.py
[2025-10-25T16:36:13.152+0200] {processor.py:830} INFO - Processing file /Users/youssefdaaloul/venv/dbt_snowflake/airflow_venv_39/lib/python3.11/site-packages/airflow/example_dags/tutorial.py for tasks to queue
[2025-10-25T16:36:13.153+0200] {logging_mixin.py:188} INFO - [2025-10-25T16:36:13.153+0200] {dagbag.py:538} INFO - Filling up the DagBag from /Users/youssefdaaloul/venv/dbt_snowflake/airflow_venv_39/lib/python3.11/site-packages/airflow/example_dags/tutorial.py
[2025-10-25T16:36:13.156+0200] {processor.py:840} INFO - DAG(s) 'tutorial' retrieved from /Users/youssefdaaloul/venv/dbt_snowflake/airflow_venv_39/lib/python3.11/site-packages/airflow/example_dags/tutorial.py
[2025-10-25T16:36:13.230+0200] {logging_mixin.py:188} INFO - [2025-10-25T16:36:13.230+0200] {dag.py:3036} INFO - Sync 1 DAGs
[2025-10-25T16:36:13.239+0200] {logging_mixin.py:188} INFO - [2025-10-25T16:36:13.239+0200] {dag.py:3823} INFO - Setting next_dagrun for tutorial to 2025-10-24 00:00:00+00:00, run_after=2025-10-25 00:00:00+00:00
[2025-10-25T16:36:13.250+0200] {processor.py:183} INFO - Processing /Users/youssefdaaloul/venv/dbt_snowflake/airflow_venv_39/lib/python3.11/site-packages/airflow/example_dags/tutorial.py took 0.098 seconds
