[2025-10-25T16:08:26.182+0200] {processor.py:161} INFO - Started process (PID=71195) to work on /Users/youssefdaaloul/venv/dbt_snowflake/airflow_venv_39/lib/python3.11/site-packages/airflow/example_dags/tutorial_objectstorage.py
[2025-10-25T16:08:26.183+0200] {processor.py:830} INFO - Processing file /Users/youssefdaaloul/venv/dbt_snowflake/airflow_venv_39/lib/python3.11/site-packages/airflow/example_dags/tutorial_objectstorage.py for tasks to queue
[2025-10-25T16:08:26.183+0200] {logging_mixin.py:188} INFO - [2025-10-25T16:08:26.183+0200] {dagbag.py:538} INFO - Filling up the DagBag from /Users/youssefdaaloul/venv/dbt_snowflake/airflow_venv_39/lib/python3.11/site-packages/airflow/example_dags/tutorial_objectstorage.py
[2025-10-25T16:08:26.209+0200] {processor.py:840} INFO - DAG(s) 'tutorial_objectstorage' retrieved from /Users/youssefdaaloul/venv/dbt_snowflake/airflow_venv_39/lib/python3.11/site-packages/airflow/example_dags/tutorial_objectstorage.py
[2025-10-25T16:08:26.213+0200] {logging_mixin.py:188} INFO - [2025-10-25T16:08:26.213+0200] {dag.py:3036} INFO - Sync 1 DAGs
[2025-10-25T16:08:26.267+0200] {logging_mixin.py:188} INFO - [2025-10-25T16:08:26.266+0200] {dag.py:3823} INFO - Setting next_dagrun for tutorial_objectstorage to None, run_after=None
[2025-10-25T16:08:26.275+0200] {processor.py:183} INFO - Processing /Users/youssefdaaloul/venv/dbt_snowflake/airflow_venv_39/lib/python3.11/site-packages/airflow/example_dags/tutorial_objectstorage.py took 0.092 seconds
[2025-10-25T16:09:56.780+0200] {processor.py:161} INFO - Started process (PID=71264) to work on /Users/youssefdaaloul/venv/dbt_snowflake/airflow_venv_39/lib/python3.11/site-packages/airflow/example_dags/tutorial_objectstorage.py
[2025-10-25T16:09:56.781+0200] {processor.py:830} INFO - Processing file /Users/youssefdaaloul/venv/dbt_snowflake/airflow_venv_39/lib/python3.11/site-packages/airflow/example_dags/tutorial_objectstorage.py for tasks to queue
[2025-10-25T16:09:56.781+0200] {logging_mixin.py:188} INFO - [2025-10-25T16:09:56.781+0200] {dagbag.py:538} INFO - Filling up the DagBag from /Users/youssefdaaloul/venv/dbt_snowflake/airflow_venv_39/lib/python3.11/site-packages/airflow/example_dags/tutorial_objectstorage.py
[2025-10-25T16:09:56.814+0200] {processor.py:840} INFO - DAG(s) 'tutorial_objectstorage' retrieved from /Users/youssefdaaloul/venv/dbt_snowflake/airflow_venv_39/lib/python3.11/site-packages/airflow/example_dags/tutorial_objectstorage.py
[2025-10-25T16:09:56.900+0200] {logging_mixin.py:188} INFO - [2025-10-25T16:09:56.900+0200] {dag.py:3036} INFO - Sync 1 DAGs
[2025-10-25T16:09:56.904+0200] {logging_mixin.py:188} INFO - [2025-10-25T16:09:56.903+0200] {dag.py:3823} INFO - Setting next_dagrun for tutorial_objectstorage to None, run_after=None
[2025-10-25T16:09:56.910+0200] {processor.py:183} INFO - Processing /Users/youssefdaaloul/venv/dbt_snowflake/airflow_venv_39/lib/python3.11/site-packages/airflow/example_dags/tutorial_objectstorage.py took 0.131 seconds
[2025-10-25T16:10:57.311+0200] {processor.py:161} INFO - Started process (PID=71321) to work on /Users/youssefdaaloul/venv/dbt_snowflake/airflow_venv_39/lib/python3.11/site-packages/airflow/example_dags/tutorial_objectstorage.py
[2025-10-25T16:10:57.312+0200] {processor.py:830} INFO - Processing file /Users/youssefdaaloul/venv/dbt_snowflake/airflow_venv_39/lib/python3.11/site-packages/airflow/example_dags/tutorial_objectstorage.py for tasks to queue
[2025-10-25T16:10:57.312+0200] {logging_mixin.py:188} INFO - [2025-10-25T16:10:57.312+0200] {dagbag.py:538} INFO - Filling up the DagBag from /Users/youssefdaaloul/venv/dbt_snowflake/airflow_venv_39/lib/python3.11/site-packages/airflow/example_dags/tutorial_objectstorage.py
[2025-10-25T16:10:57.349+0200] {processor.py:840} INFO - DAG(s) 'tutorial_objectstorage' retrieved from /Users/youssefdaaloul/venv/dbt_snowflake/airflow_venv_39/lib/python3.11/site-packages/airflow/example_dags/tutorial_objectstorage.py
[2025-10-25T16:10:57.407+0200] {logging_mixin.py:188} INFO - [2025-10-25T16:10:57.406+0200] {dag.py:3036} INFO - Sync 1 DAGs
[2025-10-25T16:10:57.410+0200] {logging_mixin.py:188} INFO - [2025-10-25T16:10:57.410+0200] {dag.py:3823} INFO - Setting next_dagrun for tutorial_objectstorage to None, run_after=None
[2025-10-25T16:10:57.417+0200] {processor.py:183} INFO - Processing /Users/youssefdaaloul/venv/dbt_snowflake/airflow_venv_39/lib/python3.11/site-packages/airflow/example_dags/tutorial_objectstorage.py took 0.106 seconds
[2025-10-25T16:11:56.420+0200] {processor.py:161} INFO - Started process (PID=71381) to work on /Users/youssefdaaloul/venv/dbt_snowflake/airflow_venv_39/lib/python3.11/site-packages/airflow/example_dags/tutorial_objectstorage.py
[2025-10-25T16:11:56.420+0200] {processor.py:830} INFO - Processing file /Users/youssefdaaloul/venv/dbt_snowflake/airflow_venv_39/lib/python3.11/site-packages/airflow/example_dags/tutorial_objectstorage.py for tasks to queue
[2025-10-25T16:11:56.420+0200] {logging_mixin.py:188} INFO - [2025-10-25T16:11:56.420+0200] {dagbag.py:538} INFO - Filling up the DagBag from /Users/youssefdaaloul/venv/dbt_snowflake/airflow_venv_39/lib/python3.11/site-packages/airflow/example_dags/tutorial_objectstorage.py
[2025-10-25T16:11:56.451+0200] {processor.py:840} INFO - DAG(s) 'tutorial_objectstorage' retrieved from /Users/youssefdaaloul/venv/dbt_snowflake/airflow_venv_39/lib/python3.11/site-packages/airflow/example_dags/tutorial_objectstorage.py
[2025-10-25T16:11:56.506+0200] {logging_mixin.py:188} INFO - [2025-10-25T16:11:56.506+0200] {dag.py:3036} INFO - Sync 1 DAGs
[2025-10-25T16:11:56.509+0200] {logging_mixin.py:188} INFO - [2025-10-25T16:11:56.509+0200] {dag.py:3823} INFO - Setting next_dagrun for tutorial_objectstorage to None, run_after=None
[2025-10-25T16:11:56.516+0200] {processor.py:183} INFO - Processing /Users/youssefdaaloul/venv/dbt_snowflake/airflow_venv_39/lib/python3.11/site-packages/airflow/example_dags/tutorial_objectstorage.py took 0.096 seconds
[2025-10-25T16:12:53.356+0200] {processor.py:161} INFO - Started process (PID=71432) to work on /Users/youssefdaaloul/venv/dbt_snowflake/airflow_venv_39/lib/python3.11/site-packages/airflow/example_dags/tutorial_objectstorage.py
[2025-10-25T16:12:53.357+0200] {processor.py:830} INFO - Processing file /Users/youssefdaaloul/venv/dbt_snowflake/airflow_venv_39/lib/python3.11/site-packages/airflow/example_dags/tutorial_objectstorage.py for tasks to queue
[2025-10-25T16:12:53.357+0200] {logging_mixin.py:188} INFO - [2025-10-25T16:12:53.357+0200] {dagbag.py:538} INFO - Filling up the DagBag from /Users/youssefdaaloul/venv/dbt_snowflake/airflow_venv_39/lib/python3.11/site-packages/airflow/example_dags/tutorial_objectstorage.py
[2025-10-25T16:12:53.390+0200] {processor.py:840} INFO - DAG(s) 'tutorial_objectstorage' retrieved from /Users/youssefdaaloul/venv/dbt_snowflake/airflow_venv_39/lib/python3.11/site-packages/airflow/example_dags/tutorial_objectstorage.py
[2025-10-25T16:12:53.452+0200] {logging_mixin.py:188} INFO - [2025-10-25T16:12:53.452+0200] {dag.py:3036} INFO - Sync 1 DAGs
[2025-10-25T16:12:53.455+0200] {logging_mixin.py:188} INFO - [2025-10-25T16:12:53.455+0200] {dag.py:3823} INFO - Setting next_dagrun for tutorial_objectstorage to None, run_after=None
[2025-10-25T16:12:53.463+0200] {processor.py:183} INFO - Processing /Users/youssefdaaloul/venv/dbt_snowflake/airflow_venv_39/lib/python3.11/site-packages/airflow/example_dags/tutorial_objectstorage.py took 0.107 seconds
[2025-10-25T16:13:54.019+0200] {processor.py:161} INFO - Started process (PID=71480) to work on /Users/youssefdaaloul/venv/dbt_snowflake/airflow_venv_39/lib/python3.11/site-packages/airflow/example_dags/tutorial_objectstorage.py
[2025-10-25T16:13:54.020+0200] {processor.py:830} INFO - Processing file /Users/youssefdaaloul/venv/dbt_snowflake/airflow_venv_39/lib/python3.11/site-packages/airflow/example_dags/tutorial_objectstorage.py for tasks to queue
[2025-10-25T16:13:54.020+0200] {logging_mixin.py:188} INFO - [2025-10-25T16:13:54.020+0200] {dagbag.py:538} INFO - Filling up the DagBag from /Users/youssefdaaloul/venv/dbt_snowflake/airflow_venv_39/lib/python3.11/site-packages/airflow/example_dags/tutorial_objectstorage.py
[2025-10-25T16:13:54.055+0200] {processor.py:840} INFO - DAG(s) 'tutorial_objectstorage' retrieved from /Users/youssefdaaloul/venv/dbt_snowflake/airflow_venv_39/lib/python3.11/site-packages/airflow/example_dags/tutorial_objectstorage.py
[2025-10-25T16:13:54.122+0200] {logging_mixin.py:188} INFO - [2025-10-25T16:13:54.122+0200] {dag.py:3036} INFO - Sync 1 DAGs
[2025-10-25T16:13:54.125+0200] {logging_mixin.py:188} INFO - [2025-10-25T16:13:54.125+0200] {dag.py:3823} INFO - Setting next_dagrun for tutorial_objectstorage to None, run_after=None
[2025-10-25T16:13:54.133+0200] {processor.py:183} INFO - Processing /Users/youssefdaaloul/venv/dbt_snowflake/airflow_venv_39/lib/python3.11/site-packages/airflow/example_dags/tutorial_objectstorage.py took 0.114 seconds
[2025-10-25T16:14:56.415+0200] {processor.py:161} INFO - Started process (PID=71541) to work on /Users/youssefdaaloul/venv/dbt_snowflake/airflow_venv_39/lib/python3.11/site-packages/airflow/example_dags/tutorial_objectstorage.py
[2025-10-25T16:14:56.416+0200] {processor.py:830} INFO - Processing file /Users/youssefdaaloul/venv/dbt_snowflake/airflow_venv_39/lib/python3.11/site-packages/airflow/example_dags/tutorial_objectstorage.py for tasks to queue
[2025-10-25T16:14:56.416+0200] {logging_mixin.py:188} INFO - [2025-10-25T16:14:56.416+0200] {dagbag.py:538} INFO - Filling up the DagBag from /Users/youssefdaaloul/venv/dbt_snowflake/airflow_venv_39/lib/python3.11/site-packages/airflow/example_dags/tutorial_objectstorage.py
[2025-10-25T16:14:56.454+0200] {processor.py:840} INFO - DAG(s) 'tutorial_objectstorage' retrieved from /Users/youssefdaaloul/venv/dbt_snowflake/airflow_venv_39/lib/python3.11/site-packages/airflow/example_dags/tutorial_objectstorage.py
[2025-10-25T16:14:56.514+0200] {logging_mixin.py:188} INFO - [2025-10-25T16:14:56.514+0200] {dag.py:3036} INFO - Sync 1 DAGs
[2025-10-25T16:14:56.517+0200] {logging_mixin.py:188} INFO - [2025-10-25T16:14:56.517+0200] {dag.py:3823} INFO - Setting next_dagrun for tutorial_objectstorage to None, run_after=None
[2025-10-25T16:14:56.524+0200] {processor.py:183} INFO - Processing /Users/youssefdaaloul/venv/dbt_snowflake/airflow_venv_39/lib/python3.11/site-packages/airflow/example_dags/tutorial_objectstorage.py took 0.110 seconds
[2025-10-25T16:15:58.134+0200] {processor.py:161} INFO - Started process (PID=71602) to work on /Users/youssefdaaloul/venv/dbt_snowflake/airflow_venv_39/lib/python3.11/site-packages/airflow/example_dags/tutorial_objectstorage.py
[2025-10-25T16:15:58.135+0200] {processor.py:830} INFO - Processing file /Users/youssefdaaloul/venv/dbt_snowflake/airflow_venv_39/lib/python3.11/site-packages/airflow/example_dags/tutorial_objectstorage.py for tasks to queue
[2025-10-25T16:15:58.135+0200] {logging_mixin.py:188} INFO - [2025-10-25T16:15:58.135+0200] {dagbag.py:538} INFO - Filling up the DagBag from /Users/youssefdaaloul/venv/dbt_snowflake/airflow_venv_39/lib/python3.11/site-packages/airflow/example_dags/tutorial_objectstorage.py
[2025-10-25T16:15:58.167+0200] {processor.py:840} INFO - DAG(s) 'tutorial_objectstorage' retrieved from /Users/youssefdaaloul/venv/dbt_snowflake/airflow_venv_39/lib/python3.11/site-packages/airflow/example_dags/tutorial_objectstorage.py
[2025-10-25T16:15:58.224+0200] {logging_mixin.py:188} INFO - [2025-10-25T16:15:58.224+0200] {dag.py:3036} INFO - Sync 1 DAGs
[2025-10-25T16:15:58.227+0200] {logging_mixin.py:188} INFO - [2025-10-25T16:15:58.227+0200] {dag.py:3823} INFO - Setting next_dagrun for tutorial_objectstorage to None, run_after=None
[2025-10-25T16:15:58.233+0200] {processor.py:183} INFO - Processing /Users/youssefdaaloul/venv/dbt_snowflake/airflow_venv_39/lib/python3.11/site-packages/airflow/example_dags/tutorial_objectstorage.py took 0.100 seconds
[2025-10-25T16:16:57.856+0200] {processor.py:161} INFO - Started process (PID=71644) to work on /Users/youssefdaaloul/venv/dbt_snowflake/airflow_venv_39/lib/python3.11/site-packages/airflow/example_dags/tutorial_objectstorage.py
[2025-10-25T16:16:57.858+0200] {processor.py:830} INFO - Processing file /Users/youssefdaaloul/venv/dbt_snowflake/airflow_venv_39/lib/python3.11/site-packages/airflow/example_dags/tutorial_objectstorage.py for tasks to queue
[2025-10-25T16:16:57.858+0200] {logging_mixin.py:188} INFO - [2025-10-25T16:16:57.858+0200] {dagbag.py:538} INFO - Filling up the DagBag from /Users/youssefdaaloul/venv/dbt_snowflake/airflow_venv_39/lib/python3.11/site-packages/airflow/example_dags/tutorial_objectstorage.py
[2025-10-25T16:16:57.895+0200] {processor.py:840} INFO - DAG(s) 'tutorial_objectstorage' retrieved from /Users/youssefdaaloul/venv/dbt_snowflake/airflow_venv_39/lib/python3.11/site-packages/airflow/example_dags/tutorial_objectstorage.py
[2025-10-25T16:16:57.963+0200] {logging_mixin.py:188} INFO - [2025-10-25T16:16:57.963+0200] {dag.py:3036} INFO - Sync 1 DAGs
[2025-10-25T16:16:57.967+0200] {logging_mixin.py:188} INFO - [2025-10-25T16:16:57.967+0200] {dag.py:3823} INFO - Setting next_dagrun for tutorial_objectstorage to None, run_after=None
[2025-10-25T16:16:57.975+0200] {processor.py:183} INFO - Processing /Users/youssefdaaloul/venv/dbt_snowflake/airflow_venv_39/lib/python3.11/site-packages/airflow/example_dags/tutorial_objectstorage.py took 0.119 seconds
[2025-10-25T16:17:57.396+0200] {processor.py:161} INFO - Started process (PID=71696) to work on /Users/youssefdaaloul/venv/dbt_snowflake/airflow_venv_39/lib/python3.11/site-packages/airflow/example_dags/tutorial_objectstorage.py
[2025-10-25T16:17:57.397+0200] {processor.py:830} INFO - Processing file /Users/youssefdaaloul/venv/dbt_snowflake/airflow_venv_39/lib/python3.11/site-packages/airflow/example_dags/tutorial_objectstorage.py for tasks to queue
[2025-10-25T16:17:57.397+0200] {logging_mixin.py:188} INFO - [2025-10-25T16:17:57.397+0200] {dagbag.py:538} INFO - Filling up the DagBag from /Users/youssefdaaloul/venv/dbt_snowflake/airflow_venv_39/lib/python3.11/site-packages/airflow/example_dags/tutorial_objectstorage.py
[2025-10-25T16:17:57.431+0200] {processor.py:840} INFO - DAG(s) 'tutorial_objectstorage' retrieved from /Users/youssefdaaloul/venv/dbt_snowflake/airflow_venv_39/lib/python3.11/site-packages/airflow/example_dags/tutorial_objectstorage.py
[2025-10-25T16:17:57.492+0200] {logging_mixin.py:188} INFO - [2025-10-25T16:17:57.492+0200] {dag.py:3036} INFO - Sync 1 DAGs
[2025-10-25T16:17:57.495+0200] {logging_mixin.py:188} INFO - [2025-10-25T16:17:57.495+0200] {dag.py:3823} INFO - Setting next_dagrun for tutorial_objectstorage to None, run_after=None
[2025-10-25T16:17:57.503+0200] {processor.py:183} INFO - Processing /Users/youssefdaaloul/venv/dbt_snowflake/airflow_venv_39/lib/python3.11/site-packages/airflow/example_dags/tutorial_objectstorage.py took 0.107 seconds
[2025-10-25T16:18:56.805+0200] {processor.py:161} INFO - Started process (PID=71752) to work on /Users/youssefdaaloul/venv/dbt_snowflake/airflow_venv_39/lib/python3.11/site-packages/airflow/example_dags/tutorial_objectstorage.py
[2025-10-25T16:18:56.806+0200] {processor.py:830} INFO - Processing file /Users/youssefdaaloul/venv/dbt_snowflake/airflow_venv_39/lib/python3.11/site-packages/airflow/example_dags/tutorial_objectstorage.py for tasks to queue
[2025-10-25T16:18:56.806+0200] {logging_mixin.py:188} INFO - [2025-10-25T16:18:56.806+0200] {dagbag.py:538} INFO - Filling up the DagBag from /Users/youssefdaaloul/venv/dbt_snowflake/airflow_venv_39/lib/python3.11/site-packages/airflow/example_dags/tutorial_objectstorage.py
[2025-10-25T16:18:56.841+0200] {processor.py:840} INFO - DAG(s) 'tutorial_objectstorage' retrieved from /Users/youssefdaaloul/venv/dbt_snowflake/airflow_venv_39/lib/python3.11/site-packages/airflow/example_dags/tutorial_objectstorage.py
[2025-10-25T16:18:56.900+0200] {logging_mixin.py:188} INFO - [2025-10-25T16:18:56.900+0200] {dag.py:3036} INFO - Sync 1 DAGs
[2025-10-25T16:18:56.903+0200] {logging_mixin.py:188} INFO - [2025-10-25T16:18:56.903+0200] {dag.py:3823} INFO - Setting next_dagrun for tutorial_objectstorage to None, run_after=None
[2025-10-25T16:18:56.910+0200] {processor.py:183} INFO - Processing /Users/youssefdaaloul/venv/dbt_snowflake/airflow_venv_39/lib/python3.11/site-packages/airflow/example_dags/tutorial_objectstorage.py took 0.105 seconds
[2025-10-25T16:20:04.262+0200] {processor.py:161} INFO - Started process (PID=71810) to work on /Users/youssefdaaloul/venv/dbt_snowflake/airflow_venv_39/lib/python3.11/site-packages/airflow/example_dags/tutorial_objectstorage.py
[2025-10-25T16:20:04.263+0200] {processor.py:830} INFO - Processing file /Users/youssefdaaloul/venv/dbt_snowflake/airflow_venv_39/lib/python3.11/site-packages/airflow/example_dags/tutorial_objectstorage.py for tasks to queue
[2025-10-25T16:20:04.264+0200] {logging_mixin.py:188} INFO - [2025-10-25T16:20:04.264+0200] {dagbag.py:538} INFO - Filling up the DagBag from /Users/youssefdaaloul/venv/dbt_snowflake/airflow_venv_39/lib/python3.11/site-packages/airflow/example_dags/tutorial_objectstorage.py
[2025-10-25T16:20:04.294+0200] {processor.py:840} INFO - DAG(s) 'tutorial_objectstorage' retrieved from /Users/youssefdaaloul/venv/dbt_snowflake/airflow_venv_39/lib/python3.11/site-packages/airflow/example_dags/tutorial_objectstorage.py
[2025-10-25T16:20:04.358+0200] {logging_mixin.py:188} INFO - [2025-10-25T16:20:04.357+0200] {dag.py:3036} INFO - Sync 1 DAGs
[2025-10-25T16:20:04.361+0200] {logging_mixin.py:188} INFO - [2025-10-25T16:20:04.361+0200] {dag.py:3823} INFO - Setting next_dagrun for tutorial_objectstorage to None, run_after=None
[2025-10-25T16:20:04.368+0200] {processor.py:183} INFO - Processing /Users/youssefdaaloul/venv/dbt_snowflake/airflow_venv_39/lib/python3.11/site-packages/airflow/example_dags/tutorial_objectstorage.py took 0.106 seconds
[2025-10-25T16:21:03.207+0200] {processor.py:161} INFO - Started process (PID=71873) to work on /Users/youssefdaaloul/venv/dbt_snowflake/airflow_venv_39/lib/python3.11/site-packages/airflow/example_dags/tutorial_objectstorage.py
[2025-10-25T16:21:03.208+0200] {processor.py:830} INFO - Processing file /Users/youssefdaaloul/venv/dbt_snowflake/airflow_venv_39/lib/python3.11/site-packages/airflow/example_dags/tutorial_objectstorage.py for tasks to queue
[2025-10-25T16:21:03.209+0200] {logging_mixin.py:188} INFO - [2025-10-25T16:21:03.208+0200] {dagbag.py:538} INFO - Filling up the DagBag from /Users/youssefdaaloul/venv/dbt_snowflake/airflow_venv_39/lib/python3.11/site-packages/airflow/example_dags/tutorial_objectstorage.py
[2025-10-25T16:21:03.240+0200] {processor.py:840} INFO - DAG(s) 'tutorial_objectstorage' retrieved from /Users/youssefdaaloul/venv/dbt_snowflake/airflow_venv_39/lib/python3.11/site-packages/airflow/example_dags/tutorial_objectstorage.py
[2025-10-25T16:21:03.296+0200] {logging_mixin.py:188} INFO - [2025-10-25T16:21:03.295+0200] {dag.py:3036} INFO - Sync 1 DAGs
[2025-10-25T16:21:03.299+0200] {logging_mixin.py:188} INFO - [2025-10-25T16:21:03.299+0200] {dag.py:3823} INFO - Setting next_dagrun for tutorial_objectstorage to None, run_after=None
[2025-10-25T16:21:03.305+0200] {processor.py:183} INFO - Processing /Users/youssefdaaloul/venv/dbt_snowflake/airflow_venv_39/lib/python3.11/site-packages/airflow/example_dags/tutorial_objectstorage.py took 0.099 seconds
[2025-10-25T16:21:58.926+0200] {processor.py:161} INFO - Started process (PID=71916) to work on /Users/youssefdaaloul/venv/dbt_snowflake/airflow_venv_39/lib/python3.11/site-packages/airflow/example_dags/tutorial_objectstorage.py
[2025-10-25T16:21:58.926+0200] {processor.py:830} INFO - Processing file /Users/youssefdaaloul/venv/dbt_snowflake/airflow_venv_39/lib/python3.11/site-packages/airflow/example_dags/tutorial_objectstorage.py for tasks to queue
[2025-10-25T16:21:58.927+0200] {logging_mixin.py:188} INFO - [2025-10-25T16:21:58.926+0200] {dagbag.py:538} INFO - Filling up the DagBag from /Users/youssefdaaloul/venv/dbt_snowflake/airflow_venv_39/lib/python3.11/site-packages/airflow/example_dags/tutorial_objectstorage.py
[2025-10-25T16:21:58.957+0200] {processor.py:840} INFO - DAG(s) 'tutorial_objectstorage' retrieved from /Users/youssefdaaloul/venv/dbt_snowflake/airflow_venv_39/lib/python3.11/site-packages/airflow/example_dags/tutorial_objectstorage.py
[2025-10-25T16:21:59.012+0200] {logging_mixin.py:188} INFO - [2025-10-25T16:21:59.012+0200] {dag.py:3036} INFO - Sync 1 DAGs
[2025-10-25T16:21:59.015+0200] {logging_mixin.py:188} INFO - [2025-10-25T16:21:59.015+0200] {dag.py:3823} INFO - Setting next_dagrun for tutorial_objectstorage to None, run_after=None
[2025-10-25T16:21:59.022+0200] {processor.py:183} INFO - Processing /Users/youssefdaaloul/venv/dbt_snowflake/airflow_venv_39/lib/python3.11/site-packages/airflow/example_dags/tutorial_objectstorage.py took 0.096 seconds
[2025-10-25T16:22:50.507+0200] {processor.py:161} INFO - Started process (PID=71962) to work on /Users/youssefdaaloul/venv/dbt_snowflake/airflow_venv_39/lib/python3.11/site-packages/airflow/example_dags/tutorial_objectstorage.py
[2025-10-25T16:22:50.508+0200] {processor.py:830} INFO - Processing file /Users/youssefdaaloul/venv/dbt_snowflake/airflow_venv_39/lib/python3.11/site-packages/airflow/example_dags/tutorial_objectstorage.py for tasks to queue
[2025-10-25T16:22:50.509+0200] {logging_mixin.py:188} INFO - [2025-10-25T16:22:50.509+0200] {dagbag.py:538} INFO - Filling up the DagBag from /Users/youssefdaaloul/venv/dbt_snowflake/airflow_venv_39/lib/python3.11/site-packages/airflow/example_dags/tutorial_objectstorage.py
[2025-10-25T16:22:50.543+0200] {processor.py:840} INFO - DAG(s) 'tutorial_objectstorage' retrieved from /Users/youssefdaaloul/venv/dbt_snowflake/airflow_venv_39/lib/python3.11/site-packages/airflow/example_dags/tutorial_objectstorage.py
[2025-10-25T16:22:50.600+0200] {logging_mixin.py:188} INFO - [2025-10-25T16:22:50.600+0200] {dag.py:3036} INFO - Sync 1 DAGs
[2025-10-25T16:22:50.604+0200] {logging_mixin.py:188} INFO - [2025-10-25T16:22:50.604+0200] {dag.py:3823} INFO - Setting next_dagrun for tutorial_objectstorage to None, run_after=None
[2025-10-25T16:22:50.612+0200] {processor.py:183} INFO - Processing /Users/youssefdaaloul/venv/dbt_snowflake/airflow_venv_39/lib/python3.11/site-packages/airflow/example_dags/tutorial_objectstorage.py took 0.105 seconds
[2025-10-25T16:23:44.909+0200] {processor.py:161} INFO - Started process (PID=72020) to work on /Users/youssefdaaloul/venv/dbt_snowflake/airflow_venv_39/lib/python3.11/site-packages/airflow/example_dags/tutorial_objectstorage.py
[2025-10-25T16:23:44.911+0200] {processor.py:830} INFO - Processing file /Users/youssefdaaloul/venv/dbt_snowflake/airflow_venv_39/lib/python3.11/site-packages/airflow/example_dags/tutorial_objectstorage.py for tasks to queue
[2025-10-25T16:23:44.911+0200] {logging_mixin.py:188} INFO - [2025-10-25T16:23:44.911+0200] {dagbag.py:538} INFO - Filling up the DagBag from /Users/youssefdaaloul/venv/dbt_snowflake/airflow_venv_39/lib/python3.11/site-packages/airflow/example_dags/tutorial_objectstorage.py
[2025-10-25T16:23:44.943+0200] {processor.py:840} INFO - DAG(s) 'tutorial_objectstorage' retrieved from /Users/youssefdaaloul/venv/dbt_snowflake/airflow_venv_39/lib/python3.11/site-packages/airflow/example_dags/tutorial_objectstorage.py
[2025-10-25T16:23:44.999+0200] {logging_mixin.py:188} INFO - [2025-10-25T16:23:44.999+0200] {dag.py:3036} INFO - Sync 1 DAGs
[2025-10-25T16:23:45.002+0200] {logging_mixin.py:188} INFO - [2025-10-25T16:23:45.002+0200] {dag.py:3823} INFO - Setting next_dagrun for tutorial_objectstorage to None, run_after=None
[2025-10-25T16:23:45.009+0200] {processor.py:183} INFO - Processing /Users/youssefdaaloul/venv/dbt_snowflake/airflow_venv_39/lib/python3.11/site-packages/airflow/example_dags/tutorial_objectstorage.py took 0.100 seconds
[2025-10-25T16:24:41.470+0200] {processor.py:161} INFO - Started process (PID=72075) to work on /Users/youssefdaaloul/venv/dbt_snowflake/airflow_venv_39/lib/python3.11/site-packages/airflow/example_dags/tutorial_objectstorage.py
[2025-10-25T16:24:41.471+0200] {processor.py:830} INFO - Processing file /Users/youssefdaaloul/venv/dbt_snowflake/airflow_venv_39/lib/python3.11/site-packages/airflow/example_dags/tutorial_objectstorage.py for tasks to queue
[2025-10-25T16:24:41.471+0200] {logging_mixin.py:188} INFO - [2025-10-25T16:24:41.471+0200] {dagbag.py:538} INFO - Filling up the DagBag from /Users/youssefdaaloul/venv/dbt_snowflake/airflow_venv_39/lib/python3.11/site-packages/airflow/example_dags/tutorial_objectstorage.py
[2025-10-25T16:24:41.504+0200] {processor.py:840} INFO - DAG(s) 'tutorial_objectstorage' retrieved from /Users/youssefdaaloul/venv/dbt_snowflake/airflow_venv_39/lib/python3.11/site-packages/airflow/example_dags/tutorial_objectstorage.py
[2025-10-25T16:24:41.559+0200] {logging_mixin.py:188} INFO - [2025-10-25T16:24:41.559+0200] {dag.py:3036} INFO - Sync 1 DAGs
[2025-10-25T16:24:41.562+0200] {logging_mixin.py:188} INFO - [2025-10-25T16:24:41.562+0200] {dag.py:3823} INFO - Setting next_dagrun for tutorial_objectstorage to None, run_after=None
[2025-10-25T16:24:41.569+0200] {processor.py:183} INFO - Processing /Users/youssefdaaloul/venv/dbt_snowflake/airflow_venv_39/lib/python3.11/site-packages/airflow/example_dags/tutorial_objectstorage.py took 0.099 seconds
[2025-10-25T16:25:35.172+0200] {processor.py:161} INFO - Started process (PID=72119) to work on /Users/youssefdaaloul/venv/dbt_snowflake/airflow_venv_39/lib/python3.11/site-packages/airflow/example_dags/tutorial_objectstorage.py
[2025-10-25T16:25:35.173+0200] {processor.py:830} INFO - Processing file /Users/youssefdaaloul/venv/dbt_snowflake/airflow_venv_39/lib/python3.11/site-packages/airflow/example_dags/tutorial_objectstorage.py for tasks to queue
[2025-10-25T16:25:35.174+0200] {logging_mixin.py:188} INFO - [2025-10-25T16:25:35.174+0200] {dagbag.py:538} INFO - Filling up the DagBag from /Users/youssefdaaloul/venv/dbt_snowflake/airflow_venv_39/lib/python3.11/site-packages/airflow/example_dags/tutorial_objectstorage.py
[2025-10-25T16:25:35.205+0200] {processor.py:840} INFO - DAG(s) 'tutorial_objectstorage' retrieved from /Users/youssefdaaloul/venv/dbt_snowflake/airflow_venv_39/lib/python3.11/site-packages/airflow/example_dags/tutorial_objectstorage.py
[2025-10-25T16:25:35.261+0200] {logging_mixin.py:188} INFO - [2025-10-25T16:25:35.261+0200] {dag.py:3036} INFO - Sync 1 DAGs
[2025-10-25T16:25:35.264+0200] {logging_mixin.py:188} INFO - [2025-10-25T16:25:35.264+0200] {dag.py:3823} INFO - Setting next_dagrun for tutorial_objectstorage to None, run_after=None
[2025-10-25T16:25:35.271+0200] {processor.py:183} INFO - Processing /Users/youssefdaaloul/venv/dbt_snowflake/airflow_venv_39/lib/python3.11/site-packages/airflow/example_dags/tutorial_objectstorage.py took 0.099 seconds
[2025-10-25T16:26:28.281+0200] {processor.py:161} INFO - Started process (PID=72192) to work on /Users/youssefdaaloul/venv/dbt_snowflake/airflow_venv_39/lib/python3.11/site-packages/airflow/example_dags/tutorial_objectstorage.py
[2025-10-25T16:26:28.282+0200] {processor.py:830} INFO - Processing file /Users/youssefdaaloul/venv/dbt_snowflake/airflow_venv_39/lib/python3.11/site-packages/airflow/example_dags/tutorial_objectstorage.py for tasks to queue
[2025-10-25T16:26:28.282+0200] {logging_mixin.py:188} INFO - [2025-10-25T16:26:28.282+0200] {dagbag.py:538} INFO - Filling up the DagBag from /Users/youssefdaaloul/venv/dbt_snowflake/airflow_venv_39/lib/python3.11/site-packages/airflow/example_dags/tutorial_objectstorage.py
[2025-10-25T16:26:28.313+0200] {processor.py:840} INFO - DAG(s) 'tutorial_objectstorage' retrieved from /Users/youssefdaaloul/venv/dbt_snowflake/airflow_venv_39/lib/python3.11/site-packages/airflow/example_dags/tutorial_objectstorage.py
[2025-10-25T16:26:28.376+0200] {logging_mixin.py:188} INFO - [2025-10-25T16:26:28.376+0200] {dag.py:3036} INFO - Sync 1 DAGs
[2025-10-25T16:26:28.379+0200] {logging_mixin.py:188} INFO - [2025-10-25T16:26:28.379+0200] {dag.py:3823} INFO - Setting next_dagrun for tutorial_objectstorage to None, run_after=None
[2025-10-25T16:26:28.386+0200] {processor.py:183} INFO - Processing /Users/youssefdaaloul/venv/dbt_snowflake/airflow_venv_39/lib/python3.11/site-packages/airflow/example_dags/tutorial_objectstorage.py took 0.105 seconds
[2025-10-25T16:27:22.735+0200] {processor.py:161} INFO - Started process (PID=72233) to work on /Users/youssefdaaloul/venv/dbt_snowflake/airflow_venv_39/lib/python3.11/site-packages/airflow/example_dags/tutorial_objectstorage.py
[2025-10-25T16:27:22.736+0200] {processor.py:830} INFO - Processing file /Users/youssefdaaloul/venv/dbt_snowflake/airflow_venv_39/lib/python3.11/site-packages/airflow/example_dags/tutorial_objectstorage.py for tasks to queue
[2025-10-25T16:27:22.737+0200] {logging_mixin.py:188} INFO - [2025-10-25T16:27:22.737+0200] {dagbag.py:538} INFO - Filling up the DagBag from /Users/youssefdaaloul/venv/dbt_snowflake/airflow_venv_39/lib/python3.11/site-packages/airflow/example_dags/tutorial_objectstorage.py
[2025-10-25T16:27:22.786+0200] {processor.py:840} INFO - DAG(s) 'tutorial_objectstorage' retrieved from /Users/youssefdaaloul/venv/dbt_snowflake/airflow_venv_39/lib/python3.11/site-packages/airflow/example_dags/tutorial_objectstorage.py
[2025-10-25T16:27:22.875+0200] {logging_mixin.py:188} INFO - [2025-10-25T16:27:22.875+0200] {dag.py:3036} INFO - Sync 1 DAGs
[2025-10-25T16:27:22.881+0200] {logging_mixin.py:188} INFO - [2025-10-25T16:27:22.881+0200] {dag.py:3823} INFO - Setting next_dagrun for tutorial_objectstorage to None, run_after=None
[2025-10-25T16:27:22.893+0200] {processor.py:183} INFO - Processing /Users/youssefdaaloul/venv/dbt_snowflake/airflow_venv_39/lib/python3.11/site-packages/airflow/example_dags/tutorial_objectstorage.py took 0.158 seconds
[2025-10-25T16:28:21.425+0200] {processor.py:161} INFO - Started process (PID=72307) to work on /Users/youssefdaaloul/venv/dbt_snowflake/airflow_venv_39/lib/python3.11/site-packages/airflow/example_dags/tutorial_objectstorage.py
[2025-10-25T16:28:21.426+0200] {processor.py:830} INFO - Processing file /Users/youssefdaaloul/venv/dbt_snowflake/airflow_venv_39/lib/python3.11/site-packages/airflow/example_dags/tutorial_objectstorage.py for tasks to queue
[2025-10-25T16:28:21.427+0200] {logging_mixin.py:188} INFO - [2025-10-25T16:28:21.426+0200] {dagbag.py:538} INFO - Filling up the DagBag from /Users/youssefdaaloul/venv/dbt_snowflake/airflow_venv_39/lib/python3.11/site-packages/airflow/example_dags/tutorial_objectstorage.py
[2025-10-25T16:28:21.461+0200] {processor.py:840} INFO - DAG(s) 'tutorial_objectstorage' retrieved from /Users/youssefdaaloul/venv/dbt_snowflake/airflow_venv_39/lib/python3.11/site-packages/airflow/example_dags/tutorial_objectstorage.py
[2025-10-25T16:28:21.519+0200] {logging_mixin.py:188} INFO - [2025-10-25T16:28:21.519+0200] {dag.py:3036} INFO - Sync 1 DAGs
[2025-10-25T16:28:21.522+0200] {logging_mixin.py:188} INFO - [2025-10-25T16:28:21.522+0200] {dag.py:3823} INFO - Setting next_dagrun for tutorial_objectstorage to None, run_after=None
[2025-10-25T16:28:21.530+0200] {processor.py:183} INFO - Processing /Users/youssefdaaloul/venv/dbt_snowflake/airflow_venv_39/lib/python3.11/site-packages/airflow/example_dags/tutorial_objectstorage.py took 0.105 seconds
[2025-10-25T16:29:20.720+0200] {processor.py:161} INFO - Started process (PID=72352) to work on /Users/youssefdaaloul/venv/dbt_snowflake/airflow_venv_39/lib/python3.11/site-packages/airflow/example_dags/tutorial_objectstorage.py
[2025-10-25T16:29:20.721+0200] {processor.py:830} INFO - Processing file /Users/youssefdaaloul/venv/dbt_snowflake/airflow_venv_39/lib/python3.11/site-packages/airflow/example_dags/tutorial_objectstorage.py for tasks to queue
[2025-10-25T16:29:20.721+0200] {logging_mixin.py:188} INFO - [2025-10-25T16:29:20.721+0200] {dagbag.py:538} INFO - Filling up the DagBag from /Users/youssefdaaloul/venv/dbt_snowflake/airflow_venv_39/lib/python3.11/site-packages/airflow/example_dags/tutorial_objectstorage.py
[2025-10-25T16:29:20.754+0200] {processor.py:840} INFO - DAG(s) 'tutorial_objectstorage' retrieved from /Users/youssefdaaloul/venv/dbt_snowflake/airflow_venv_39/lib/python3.11/site-packages/airflow/example_dags/tutorial_objectstorage.py
[2025-10-25T16:29:20.811+0200] {logging_mixin.py:188} INFO - [2025-10-25T16:29:20.811+0200] {dag.py:3036} INFO - Sync 1 DAGs
[2025-10-25T16:29:20.814+0200] {logging_mixin.py:188} INFO - [2025-10-25T16:29:20.814+0200] {dag.py:3823} INFO - Setting next_dagrun for tutorial_objectstorage to None, run_after=None
[2025-10-25T16:29:20.821+0200] {processor.py:183} INFO - Processing /Users/youssefdaaloul/venv/dbt_snowflake/airflow_venv_39/lib/python3.11/site-packages/airflow/example_dags/tutorial_objectstorage.py took 0.101 seconds
[2025-10-25T16:30:19.376+0200] {processor.py:161} INFO - Started process (PID=72425) to work on /Users/youssefdaaloul/venv/dbt_snowflake/airflow_venv_39/lib/python3.11/site-packages/airflow/example_dags/tutorial_objectstorage.py
[2025-10-25T16:30:19.376+0200] {processor.py:830} INFO - Processing file /Users/youssefdaaloul/venv/dbt_snowflake/airflow_venv_39/lib/python3.11/site-packages/airflow/example_dags/tutorial_objectstorage.py for tasks to queue
[2025-10-25T16:30:19.377+0200] {logging_mixin.py:188} INFO - [2025-10-25T16:30:19.377+0200] {dagbag.py:538} INFO - Filling up the DagBag from /Users/youssefdaaloul/venv/dbt_snowflake/airflow_venv_39/lib/python3.11/site-packages/airflow/example_dags/tutorial_objectstorage.py
[2025-10-25T16:30:19.412+0200] {processor.py:840} INFO - DAG(s) 'tutorial_objectstorage' retrieved from /Users/youssefdaaloul/venv/dbt_snowflake/airflow_venv_39/lib/python3.11/site-packages/airflow/example_dags/tutorial_objectstorage.py
[2025-10-25T16:30:19.469+0200] {logging_mixin.py:188} INFO - [2025-10-25T16:30:19.468+0200] {dag.py:3036} INFO - Sync 1 DAGs
[2025-10-25T16:30:19.472+0200] {logging_mixin.py:188} INFO - [2025-10-25T16:30:19.472+0200] {dag.py:3823} INFO - Setting next_dagrun for tutorial_objectstorage to None, run_after=None
[2025-10-25T16:30:19.479+0200] {processor.py:183} INFO - Processing /Users/youssefdaaloul/venv/dbt_snowflake/airflow_venv_39/lib/python3.11/site-packages/airflow/example_dags/tutorial_objectstorage.py took 0.103 seconds
[2025-10-25T16:31:18.941+0200] {processor.py:161} INFO - Started process (PID=72522) to work on /Users/youssefdaaloul/venv/dbt_snowflake/airflow_venv_39/lib/python3.11/site-packages/airflow/example_dags/tutorial_objectstorage.py
[2025-10-25T16:31:18.941+0200] {processor.py:830} INFO - Processing file /Users/youssefdaaloul/venv/dbt_snowflake/airflow_venv_39/lib/python3.11/site-packages/airflow/example_dags/tutorial_objectstorage.py for tasks to queue
[2025-10-25T16:31:18.942+0200] {logging_mixin.py:188} INFO - [2025-10-25T16:31:18.942+0200] {dagbag.py:538} INFO - Filling up the DagBag from /Users/youssefdaaloul/venv/dbt_snowflake/airflow_venv_39/lib/python3.11/site-packages/airflow/example_dags/tutorial_objectstorage.py
[2025-10-25T16:31:18.973+0200] {processor.py:840} INFO - DAG(s) 'tutorial_objectstorage' retrieved from /Users/youssefdaaloul/venv/dbt_snowflake/airflow_venv_39/lib/python3.11/site-packages/airflow/example_dags/tutorial_objectstorage.py
[2025-10-25T16:31:19.030+0200] {logging_mixin.py:188} INFO - [2025-10-25T16:31:19.030+0200] {dag.py:3036} INFO - Sync 1 DAGs
[2025-10-25T16:31:19.033+0200] {logging_mixin.py:188} INFO - [2025-10-25T16:31:19.033+0200] {dag.py:3823} INFO - Setting next_dagrun for tutorial_objectstorage to None, run_after=None
[2025-10-25T16:31:19.040+0200] {processor.py:183} INFO - Processing /Users/youssefdaaloul/venv/dbt_snowflake/airflow_venv_39/lib/python3.11/site-packages/airflow/example_dags/tutorial_objectstorage.py took 0.100 seconds
[2025-10-25T16:32:13.227+0200] {processor.py:161} INFO - Started process (PID=72592) to work on /Users/youssefdaaloul/venv/dbt_snowflake/airflow_venv_39/lib/python3.11/site-packages/airflow/example_dags/tutorial_objectstorage.py
[2025-10-25T16:32:13.228+0200] {processor.py:830} INFO - Processing file /Users/youssefdaaloul/venv/dbt_snowflake/airflow_venv_39/lib/python3.11/site-packages/airflow/example_dags/tutorial_objectstorage.py for tasks to queue
[2025-10-25T16:32:13.229+0200] {logging_mixin.py:188} INFO - [2025-10-25T16:32:13.228+0200] {dagbag.py:538} INFO - Filling up the DagBag from /Users/youssefdaaloul/venv/dbt_snowflake/airflow_venv_39/lib/python3.11/site-packages/airflow/example_dags/tutorial_objectstorage.py
[2025-10-25T16:32:13.260+0200] {processor.py:840} INFO - DAG(s) 'tutorial_objectstorage' retrieved from /Users/youssefdaaloul/venv/dbt_snowflake/airflow_venv_39/lib/python3.11/site-packages/airflow/example_dags/tutorial_objectstorage.py
[2025-10-25T16:32:13.317+0200] {logging_mixin.py:188} INFO - [2025-10-25T16:32:13.316+0200] {dag.py:3036} INFO - Sync 1 DAGs
[2025-10-25T16:32:13.322+0200] {logging_mixin.py:188} INFO - [2025-10-25T16:32:13.322+0200] {dag.py:3823} INFO - Setting next_dagrun for tutorial_objectstorage to None, run_after=None
[2025-10-25T16:32:13.329+0200] {processor.py:183} INFO - Processing /Users/youssefdaaloul/venv/dbt_snowflake/airflow_venv_39/lib/python3.11/site-packages/airflow/example_dags/tutorial_objectstorage.py took 0.102 seconds
[2025-10-25T16:33:10.755+0200] {processor.py:161} INFO - Started process (PID=72645) to work on /Users/youssefdaaloul/venv/dbt_snowflake/airflow_venv_39/lib/python3.11/site-packages/airflow/example_dags/tutorial_objectstorage.py
[2025-10-25T16:33:10.757+0200] {processor.py:830} INFO - Processing file /Users/youssefdaaloul/venv/dbt_snowflake/airflow_venv_39/lib/python3.11/site-packages/airflow/example_dags/tutorial_objectstorage.py for tasks to queue
[2025-10-25T16:33:10.757+0200] {logging_mixin.py:188} INFO - [2025-10-25T16:33:10.757+0200] {dagbag.py:538} INFO - Filling up the DagBag from /Users/youssefdaaloul/venv/dbt_snowflake/airflow_venv_39/lib/python3.11/site-packages/airflow/example_dags/tutorial_objectstorage.py
[2025-10-25T16:33:10.788+0200] {processor.py:840} INFO - DAG(s) 'tutorial_objectstorage' retrieved from /Users/youssefdaaloul/venv/dbt_snowflake/airflow_venv_39/lib/python3.11/site-packages/airflow/example_dags/tutorial_objectstorage.py
[2025-10-25T16:33:10.844+0200] {logging_mixin.py:188} INFO - [2025-10-25T16:33:10.844+0200] {dag.py:3036} INFO - Sync 1 DAGs
[2025-10-25T16:33:10.847+0200] {logging_mixin.py:188} INFO - [2025-10-25T16:33:10.847+0200] {dag.py:3823} INFO - Setting next_dagrun for tutorial_objectstorage to None, run_after=None
[2025-10-25T16:33:10.855+0200] {processor.py:183} INFO - Processing /Users/youssefdaaloul/venv/dbt_snowflake/airflow_venv_39/lib/python3.11/site-packages/airflow/example_dags/tutorial_objectstorage.py took 0.100 seconds
[2025-10-25T16:34:11.107+0200] {processor.py:161} INFO - Started process (PID=72722) to work on /Users/youssefdaaloul/venv/dbt_snowflake/airflow_venv_39/lib/python3.11/site-packages/airflow/example_dags/tutorial_objectstorage.py
[2025-10-25T16:34:11.108+0200] {processor.py:830} INFO - Processing file /Users/youssefdaaloul/venv/dbt_snowflake/airflow_venv_39/lib/python3.11/site-packages/airflow/example_dags/tutorial_objectstorage.py for tasks to queue
[2025-10-25T16:34:11.108+0200] {logging_mixin.py:188} INFO - [2025-10-25T16:34:11.108+0200] {dagbag.py:538} INFO - Filling up the DagBag from /Users/youssefdaaloul/venv/dbt_snowflake/airflow_venv_39/lib/python3.11/site-packages/airflow/example_dags/tutorial_objectstorage.py
[2025-10-25T16:34:11.143+0200] {processor.py:840} INFO - DAG(s) 'tutorial_objectstorage' retrieved from /Users/youssefdaaloul/venv/dbt_snowflake/airflow_venv_39/lib/python3.11/site-packages/airflow/example_dags/tutorial_objectstorage.py
[2025-10-25T16:34:11.202+0200] {logging_mixin.py:188} INFO - [2025-10-25T16:34:11.202+0200] {dag.py:3036} INFO - Sync 1 DAGs
[2025-10-25T16:34:11.206+0200] {logging_mixin.py:188} INFO - [2025-10-25T16:34:11.206+0200] {dag.py:3823} INFO - Setting next_dagrun for tutorial_objectstorage to None, run_after=None
[2025-10-25T16:34:11.213+0200] {processor.py:183} INFO - Processing /Users/youssefdaaloul/venv/dbt_snowflake/airflow_venv_39/lib/python3.11/site-packages/airflow/example_dags/tutorial_objectstorage.py took 0.106 seconds
[2025-10-25T16:35:10.103+0200] {processor.py:161} INFO - Started process (PID=72817) to work on /Users/youssefdaaloul/venv/dbt_snowflake/airflow_venv_39/lib/python3.11/site-packages/airflow/example_dags/tutorial_objectstorage.py
[2025-10-25T16:35:10.105+0200] {processor.py:830} INFO - Processing file /Users/youssefdaaloul/venv/dbt_snowflake/airflow_venv_39/lib/python3.11/site-packages/airflow/example_dags/tutorial_objectstorage.py for tasks to queue
[2025-10-25T16:35:10.105+0200] {logging_mixin.py:188} INFO - [2025-10-25T16:35:10.105+0200] {dagbag.py:538} INFO - Filling up the DagBag from /Users/youssefdaaloul/venv/dbt_snowflake/airflow_venv_39/lib/python3.11/site-packages/airflow/example_dags/tutorial_objectstorage.py
[2025-10-25T16:35:10.137+0200] {processor.py:840} INFO - DAG(s) 'tutorial_objectstorage' retrieved from /Users/youssefdaaloul/venv/dbt_snowflake/airflow_venv_39/lib/python3.11/site-packages/airflow/example_dags/tutorial_objectstorage.py
[2025-10-25T16:35:10.194+0200] {logging_mixin.py:188} INFO - [2025-10-25T16:35:10.194+0200] {dag.py:3036} INFO - Sync 1 DAGs
[2025-10-25T16:35:10.197+0200] {logging_mixin.py:188} INFO - [2025-10-25T16:35:10.197+0200] {dag.py:3823} INFO - Setting next_dagrun for tutorial_objectstorage to None, run_after=None
[2025-10-25T16:35:10.204+0200] {processor.py:183} INFO - Processing /Users/youssefdaaloul/venv/dbt_snowflake/airflow_venv_39/lib/python3.11/site-packages/airflow/example_dags/tutorial_objectstorage.py took 0.101 seconds
[2025-10-25T16:36:09.300+0200] {processor.py:161} INFO - Started process (PID=72902) to work on /Users/youssefdaaloul/venv/dbt_snowflake/airflow_venv_39/lib/python3.11/site-packages/airflow/example_dags/tutorial_objectstorage.py
[2025-10-25T16:36:09.300+0200] {processor.py:830} INFO - Processing file /Users/youssefdaaloul/venv/dbt_snowflake/airflow_venv_39/lib/python3.11/site-packages/airflow/example_dags/tutorial_objectstorage.py for tasks to queue
[2025-10-25T16:36:09.301+0200] {logging_mixin.py:188} INFO - [2025-10-25T16:36:09.301+0200] {dagbag.py:538} INFO - Filling up the DagBag from /Users/youssefdaaloul/venv/dbt_snowflake/airflow_venv_39/lib/python3.11/site-packages/airflow/example_dags/tutorial_objectstorage.py
[2025-10-25T16:36:09.342+0200] {processor.py:840} INFO - DAG(s) 'tutorial_objectstorage' retrieved from /Users/youssefdaaloul/venv/dbt_snowflake/airflow_venv_39/lib/python3.11/site-packages/airflow/example_dags/tutorial_objectstorage.py
[2025-10-25T16:36:09.411+0200] {logging_mixin.py:188} INFO - [2025-10-25T16:36:09.411+0200] {dag.py:3036} INFO - Sync 1 DAGs
[2025-10-25T16:36:09.414+0200] {logging_mixin.py:188} INFO - [2025-10-25T16:36:09.414+0200] {dag.py:3823} INFO - Setting next_dagrun for tutorial_objectstorage to None, run_after=None
[2025-10-25T16:36:09.425+0200] {processor.py:183} INFO - Processing /Users/youssefdaaloul/venv/dbt_snowflake/airflow_venv_39/lib/python3.11/site-packages/airflow/example_dags/tutorial_objectstorage.py took 0.125 seconds
