[2025-10-25T16:08:28.056+0200] {processor.py:161} INFO - Started process (PID=71197) to work on /Users/youssefdaaloul/venv/dbt_snowflake/airflow_venv_39/lib/python3.11/site-packages/airflow/example_dags/tutorial_dag.py
[2025-10-25T16:08:28.056+0200] {processor.py:830} INFO - Processing file /Users/youssefdaaloul/venv/dbt_snowflake/airflow_venv_39/lib/python3.11/site-packages/airflow/example_dags/tutorial_dag.py for tasks to queue
[2025-10-25T16:08:28.057+0200] {logging_mixin.py:188} INFO - [2025-10-25T16:08:28.057+0200] {dagbag.py:538} INFO - Filling up the DagBag from /Users/youssefdaaloul/venv/dbt_snowflake/airflow_venv_39/lib/python3.11/site-packages/airflow/example_dags/tutorial_dag.py
[2025-10-25T16:08:28.067+0200] {processor.py:840} INFO - DAG(s) 'tutorial_dag' retrieved from /Users/youssefdaaloul/venv/dbt_snowflake/airflow_venv_39/lib/python3.11/site-packages/airflow/example_dags/tutorial_dag.py
[2025-10-25T16:08:28.071+0200] {logging_mixin.py:188} INFO - [2025-10-25T16:08:28.071+0200] {dag.py:3036} INFO - Sync 1 DAGs
[2025-10-25T16:08:28.122+0200] {logging_mixin.py:188} INFO - [2025-10-25T16:08:28.122+0200] {dag.py:3823} INFO - Setting next_dagrun for tutorial_dag to None, run_after=None
[2025-10-25T16:08:28.128+0200] {processor.py:183} INFO - Processing /Users/youssefdaaloul/venv/dbt_snowflake/airflow_venv_39/lib/python3.11/site-packages/airflow/example_dags/tutorial_dag.py took 0.073 seconds
[2025-10-25T16:09:58.468+0200] {processor.py:161} INFO - Started process (PID=71266) to work on /Users/youssefdaaloul/venv/dbt_snowflake/airflow_venv_39/lib/python3.11/site-packages/airflow/example_dags/tutorial_dag.py
[2025-10-25T16:09:58.469+0200] {processor.py:830} INFO - Processing file /Users/youssefdaaloul/venv/dbt_snowflake/airflow_venv_39/lib/python3.11/site-packages/airflow/example_dags/tutorial_dag.py for tasks to queue
[2025-10-25T16:09:58.469+0200] {logging_mixin.py:188} INFO - [2025-10-25T16:09:58.469+0200] {dagbag.py:538} INFO - Filling up the DagBag from /Users/youssefdaaloul/venv/dbt_snowflake/airflow_venv_39/lib/python3.11/site-packages/airflow/example_dags/tutorial_dag.py
[2025-10-25T16:09:58.481+0200] {processor.py:840} INFO - DAG(s) 'tutorial_dag' retrieved from /Users/youssefdaaloul/venv/dbt_snowflake/airflow_venv_39/lib/python3.11/site-packages/airflow/example_dags/tutorial_dag.py
[2025-10-25T16:09:58.591+0200] {logging_mixin.py:188} INFO - [2025-10-25T16:09:58.591+0200] {dag.py:3036} INFO - Sync 1 DAGs
[2025-10-25T16:09:58.595+0200] {logging_mixin.py:188} INFO - [2025-10-25T16:09:58.595+0200] {dag.py:3823} INFO - Setting next_dagrun for tutorial_dag to None, run_after=None
[2025-10-25T16:09:58.603+0200] {processor.py:183} INFO - Processing /Users/youssefdaaloul/venv/dbt_snowflake/airflow_venv_39/lib/python3.11/site-packages/airflow/example_dags/tutorial_dag.py took 0.135 seconds
[2025-10-25T16:10:59.212+0200] {processor.py:161} INFO - Started process (PID=71322) to work on /Users/youssefdaaloul/venv/dbt_snowflake/airflow_venv_39/lib/python3.11/site-packages/airflow/example_dags/tutorial_dag.py
[2025-10-25T16:10:59.213+0200] {processor.py:830} INFO - Processing file /Users/youssefdaaloul/venv/dbt_snowflake/airflow_venv_39/lib/python3.11/site-packages/airflow/example_dags/tutorial_dag.py for tasks to queue
[2025-10-25T16:10:59.213+0200] {logging_mixin.py:188} INFO - [2025-10-25T16:10:59.213+0200] {dagbag.py:538} INFO - Filling up the DagBag from /Users/youssefdaaloul/venv/dbt_snowflake/airflow_venv_39/lib/python3.11/site-packages/airflow/example_dags/tutorial_dag.py
[2025-10-25T16:10:59.223+0200] {processor.py:840} INFO - DAG(s) 'tutorial_dag' retrieved from /Users/youssefdaaloul/venv/dbt_snowflake/airflow_venv_39/lib/python3.11/site-packages/airflow/example_dags/tutorial_dag.py
[2025-10-25T16:10:59.280+0200] {logging_mixin.py:188} INFO - [2025-10-25T16:10:59.279+0200] {dag.py:3036} INFO - Sync 1 DAGs
[2025-10-25T16:10:59.283+0200] {logging_mixin.py:188} INFO - [2025-10-25T16:10:59.282+0200] {dag.py:3823} INFO - Setting next_dagrun for tutorial_dag to None, run_after=None
[2025-10-25T16:10:59.290+0200] {processor.py:183} INFO - Processing /Users/youssefdaaloul/venv/dbt_snowflake/airflow_venv_39/lib/python3.11/site-packages/airflow/example_dags/tutorial_dag.py took 0.078 seconds
[2025-10-25T16:11:58.264+0200] {processor.py:161} INFO - Started process (PID=71383) to work on /Users/youssefdaaloul/venv/dbt_snowflake/airflow_venv_39/lib/python3.11/site-packages/airflow/example_dags/tutorial_dag.py
[2025-10-25T16:11:58.265+0200] {processor.py:830} INFO - Processing file /Users/youssefdaaloul/venv/dbt_snowflake/airflow_venv_39/lib/python3.11/site-packages/airflow/example_dags/tutorial_dag.py for tasks to queue
[2025-10-25T16:11:58.265+0200] {logging_mixin.py:188} INFO - [2025-10-25T16:11:58.265+0200] {dagbag.py:538} INFO - Filling up the DagBag from /Users/youssefdaaloul/venv/dbt_snowflake/airflow_venv_39/lib/python3.11/site-packages/airflow/example_dags/tutorial_dag.py
[2025-10-25T16:11:58.276+0200] {processor.py:840} INFO - DAG(s) 'tutorial_dag' retrieved from /Users/youssefdaaloul/venv/dbt_snowflake/airflow_venv_39/lib/python3.11/site-packages/airflow/example_dags/tutorial_dag.py
[2025-10-25T16:11:58.332+0200] {logging_mixin.py:188} INFO - [2025-10-25T16:11:58.332+0200] {dag.py:3036} INFO - Sync 1 DAGs
[2025-10-25T16:11:58.335+0200] {logging_mixin.py:188} INFO - [2025-10-25T16:11:58.335+0200] {dag.py:3823} INFO - Setting next_dagrun for tutorial_dag to None, run_after=None
[2025-10-25T16:11:58.344+0200] {processor.py:183} INFO - Processing /Users/youssefdaaloul/venv/dbt_snowflake/airflow_venv_39/lib/python3.11/site-packages/airflow/example_dags/tutorial_dag.py took 0.080 seconds
[2025-10-25T16:12:55.259+0200] {processor.py:161} INFO - Started process (PID=71433) to work on /Users/youssefdaaloul/venv/dbt_snowflake/airflow_venv_39/lib/python3.11/site-packages/airflow/example_dags/tutorial_dag.py
[2025-10-25T16:12:55.261+0200] {processor.py:830} INFO - Processing file /Users/youssefdaaloul/venv/dbt_snowflake/airflow_venv_39/lib/python3.11/site-packages/airflow/example_dags/tutorial_dag.py for tasks to queue
[2025-10-25T16:12:55.261+0200] {logging_mixin.py:188} INFO - [2025-10-25T16:12:55.261+0200] {dagbag.py:538} INFO - Filling up the DagBag from /Users/youssefdaaloul/venv/dbt_snowflake/airflow_venv_39/lib/python3.11/site-packages/airflow/example_dags/tutorial_dag.py
[2025-10-25T16:12:55.272+0200] {processor.py:840} INFO - DAG(s) 'tutorial_dag' retrieved from /Users/youssefdaaloul/venv/dbt_snowflake/airflow_venv_39/lib/python3.11/site-packages/airflow/example_dags/tutorial_dag.py
[2025-10-25T16:12:55.331+0200] {logging_mixin.py:188} INFO - [2025-10-25T16:12:55.331+0200] {dag.py:3036} INFO - Sync 1 DAGs
[2025-10-25T16:12:55.334+0200] {logging_mixin.py:188} INFO - [2025-10-25T16:12:55.334+0200] {dag.py:3823} INFO - Setting next_dagrun for tutorial_dag to None, run_after=None
[2025-10-25T16:12:55.342+0200] {processor.py:183} INFO - Processing /Users/youssefdaaloul/venv/dbt_snowflake/airflow_venv_39/lib/python3.11/site-packages/airflow/example_dags/tutorial_dag.py took 0.083 seconds
[2025-10-25T16:13:55.991+0200] {processor.py:161} INFO - Started process (PID=71483) to work on /Users/youssefdaaloul/venv/dbt_snowflake/airflow_venv_39/lib/python3.11/site-packages/airflow/example_dags/tutorial_dag.py
[2025-10-25T16:13:55.992+0200] {processor.py:830} INFO - Processing file /Users/youssefdaaloul/venv/dbt_snowflake/airflow_venv_39/lib/python3.11/site-packages/airflow/example_dags/tutorial_dag.py for tasks to queue
[2025-10-25T16:13:55.992+0200] {logging_mixin.py:188} INFO - [2025-10-25T16:13:55.992+0200] {dagbag.py:538} INFO - Filling up the DagBag from /Users/youssefdaaloul/venv/dbt_snowflake/airflow_venv_39/lib/python3.11/site-packages/airflow/example_dags/tutorial_dag.py
[2025-10-25T16:13:56.003+0200] {processor.py:840} INFO - DAG(s) 'tutorial_dag' retrieved from /Users/youssefdaaloul/venv/dbt_snowflake/airflow_venv_39/lib/python3.11/site-packages/airflow/example_dags/tutorial_dag.py
[2025-10-25T16:13:56.064+0200] {logging_mixin.py:188} INFO - [2025-10-25T16:13:56.064+0200] {dag.py:3036} INFO - Sync 1 DAGs
[2025-10-25T16:13:56.067+0200] {logging_mixin.py:188} INFO - [2025-10-25T16:13:56.067+0200] {dag.py:3823} INFO - Setting next_dagrun for tutorial_dag to None, run_after=None
[2025-10-25T16:13:56.074+0200] {processor.py:183} INFO - Processing /Users/youssefdaaloul/venv/dbt_snowflake/airflow_venv_39/lib/python3.11/site-packages/airflow/example_dags/tutorial_dag.py took 0.084 seconds
[2025-10-25T16:14:58.381+0200] {processor.py:161} INFO - Started process (PID=71543) to work on /Users/youssefdaaloul/venv/dbt_snowflake/airflow_venv_39/lib/python3.11/site-packages/airflow/example_dags/tutorial_dag.py
[2025-10-25T16:14:58.382+0200] {processor.py:830} INFO - Processing file /Users/youssefdaaloul/venv/dbt_snowflake/airflow_venv_39/lib/python3.11/site-packages/airflow/example_dags/tutorial_dag.py for tasks to queue
[2025-10-25T16:14:58.382+0200] {logging_mixin.py:188} INFO - [2025-10-25T16:14:58.382+0200] {dagbag.py:538} INFO - Filling up the DagBag from /Users/youssefdaaloul/venv/dbt_snowflake/airflow_venv_39/lib/python3.11/site-packages/airflow/example_dags/tutorial_dag.py
[2025-10-25T16:14:58.393+0200] {processor.py:840} INFO - DAG(s) 'tutorial_dag' retrieved from /Users/youssefdaaloul/venv/dbt_snowflake/airflow_venv_39/lib/python3.11/site-packages/airflow/example_dags/tutorial_dag.py
[2025-10-25T16:14:58.450+0200] {logging_mixin.py:188} INFO - [2025-10-25T16:14:58.450+0200] {dag.py:3036} INFO - Sync 1 DAGs
[2025-10-25T16:14:58.453+0200] {logging_mixin.py:188} INFO - [2025-10-25T16:14:58.453+0200] {dag.py:3823} INFO - Setting next_dagrun for tutorial_dag to None, run_after=None
[2025-10-25T16:14:58.461+0200] {processor.py:183} INFO - Processing /Users/youssefdaaloul/venv/dbt_snowflake/airflow_venv_39/lib/python3.11/site-packages/airflow/example_dags/tutorial_dag.py took 0.080 seconds
[2025-10-25T16:16:00.106+0200] {processor.py:161} INFO - Started process (PID=71603) to work on /Users/youssefdaaloul/venv/dbt_snowflake/airflow_venv_39/lib/python3.11/site-packages/airflow/example_dags/tutorial_dag.py
[2025-10-25T16:16:00.107+0200] {processor.py:830} INFO - Processing file /Users/youssefdaaloul/venv/dbt_snowflake/airflow_venv_39/lib/python3.11/site-packages/airflow/example_dags/tutorial_dag.py for tasks to queue
[2025-10-25T16:16:00.107+0200] {logging_mixin.py:188} INFO - [2025-10-25T16:16:00.107+0200] {dagbag.py:538} INFO - Filling up the DagBag from /Users/youssefdaaloul/venv/dbt_snowflake/airflow_venv_39/lib/python3.11/site-packages/airflow/example_dags/tutorial_dag.py
[2025-10-25T16:16:00.119+0200] {processor.py:840} INFO - DAG(s) 'tutorial_dag' retrieved from /Users/youssefdaaloul/venv/dbt_snowflake/airflow_venv_39/lib/python3.11/site-packages/airflow/example_dags/tutorial_dag.py
[2025-10-25T16:16:00.183+0200] {logging_mixin.py:188} INFO - [2025-10-25T16:16:00.183+0200] {dag.py:3036} INFO - Sync 1 DAGs
[2025-10-25T16:16:00.187+0200] {logging_mixin.py:188} INFO - [2025-10-25T16:16:00.187+0200] {dag.py:3823} INFO - Setting next_dagrun for tutorial_dag to None, run_after=None
[2025-10-25T16:16:00.195+0200] {processor.py:183} INFO - Processing /Users/youssefdaaloul/venv/dbt_snowflake/airflow_venv_39/lib/python3.11/site-packages/airflow/example_dags/tutorial_dag.py took 0.089 seconds
[2025-10-25T16:16:59.811+0200] {processor.py:161} INFO - Started process (PID=71645) to work on /Users/youssefdaaloul/venv/dbt_snowflake/airflow_venv_39/lib/python3.11/site-packages/airflow/example_dags/tutorial_dag.py
[2025-10-25T16:16:59.812+0200] {processor.py:830} INFO - Processing file /Users/youssefdaaloul/venv/dbt_snowflake/airflow_venv_39/lib/python3.11/site-packages/airflow/example_dags/tutorial_dag.py for tasks to queue
[2025-10-25T16:16:59.812+0200] {logging_mixin.py:188} INFO - [2025-10-25T16:16:59.812+0200] {dagbag.py:538} INFO - Filling up the DagBag from /Users/youssefdaaloul/venv/dbt_snowflake/airflow_venv_39/lib/python3.11/site-packages/airflow/example_dags/tutorial_dag.py
[2025-10-25T16:16:59.822+0200] {processor.py:840} INFO - DAG(s) 'tutorial_dag' retrieved from /Users/youssefdaaloul/venv/dbt_snowflake/airflow_venv_39/lib/python3.11/site-packages/airflow/example_dags/tutorial_dag.py
[2025-10-25T16:16:59.883+0200] {logging_mixin.py:188} INFO - [2025-10-25T16:16:59.883+0200] {dag.py:3036} INFO - Sync 1 DAGs
[2025-10-25T16:16:59.886+0200] {logging_mixin.py:188} INFO - [2025-10-25T16:16:59.886+0200] {dag.py:3823} INFO - Setting next_dagrun for tutorial_dag to None, run_after=None
[2025-10-25T16:16:59.894+0200] {processor.py:183} INFO - Processing /Users/youssefdaaloul/venv/dbt_snowflake/airflow_venv_39/lib/python3.11/site-packages/airflow/example_dags/tutorial_dag.py took 0.083 seconds
[2025-10-25T16:17:59.442+0200] {processor.py:161} INFO - Started process (PID=71697) to work on /Users/youssefdaaloul/venv/dbt_snowflake/airflow_venv_39/lib/python3.11/site-packages/airflow/example_dags/tutorial_dag.py
[2025-10-25T16:17:59.443+0200] {processor.py:830} INFO - Processing file /Users/youssefdaaloul/venv/dbt_snowflake/airflow_venv_39/lib/python3.11/site-packages/airflow/example_dags/tutorial_dag.py for tasks to queue
[2025-10-25T16:17:59.443+0200] {logging_mixin.py:188} INFO - [2025-10-25T16:17:59.443+0200] {dagbag.py:538} INFO - Filling up the DagBag from /Users/youssefdaaloul/venv/dbt_snowflake/airflow_venv_39/lib/python3.11/site-packages/airflow/example_dags/tutorial_dag.py
[2025-10-25T16:17:59.456+0200] {processor.py:840} INFO - DAG(s) 'tutorial_dag' retrieved from /Users/youssefdaaloul/venv/dbt_snowflake/airflow_venv_39/lib/python3.11/site-packages/airflow/example_dags/tutorial_dag.py
[2025-10-25T16:17:59.521+0200] {logging_mixin.py:188} INFO - [2025-10-25T16:17:59.521+0200] {dag.py:3036} INFO - Sync 1 DAGs
[2025-10-25T16:17:59.524+0200] {logging_mixin.py:188} INFO - [2025-10-25T16:17:59.524+0200] {dag.py:3823} INFO - Setting next_dagrun for tutorial_dag to None, run_after=None
[2025-10-25T16:17:59.532+0200] {processor.py:183} INFO - Processing /Users/youssefdaaloul/venv/dbt_snowflake/airflow_venv_39/lib/python3.11/site-packages/airflow/example_dags/tutorial_dag.py took 0.090 seconds
[2025-10-25T16:18:58.730+0200] {processor.py:161} INFO - Started process (PID=71753) to work on /Users/youssefdaaloul/venv/dbt_snowflake/airflow_venv_39/lib/python3.11/site-packages/airflow/example_dags/tutorial_dag.py
[2025-10-25T16:18:58.731+0200] {processor.py:830} INFO - Processing file /Users/youssefdaaloul/venv/dbt_snowflake/airflow_venv_39/lib/python3.11/site-packages/airflow/example_dags/tutorial_dag.py for tasks to queue
[2025-10-25T16:18:58.731+0200] {logging_mixin.py:188} INFO - [2025-10-25T16:18:58.731+0200] {dagbag.py:538} INFO - Filling up the DagBag from /Users/youssefdaaloul/venv/dbt_snowflake/airflow_venv_39/lib/python3.11/site-packages/airflow/example_dags/tutorial_dag.py
[2025-10-25T16:18:58.742+0200] {processor.py:840} INFO - DAG(s) 'tutorial_dag' retrieved from /Users/youssefdaaloul/venv/dbt_snowflake/airflow_venv_39/lib/python3.11/site-packages/airflow/example_dags/tutorial_dag.py
[2025-10-25T16:18:58.801+0200] {logging_mixin.py:188} INFO - [2025-10-25T16:18:58.801+0200] {dag.py:3036} INFO - Sync 1 DAGs
[2025-10-25T16:18:58.804+0200] {logging_mixin.py:188} INFO - [2025-10-25T16:18:58.804+0200] {dag.py:3823} INFO - Setting next_dagrun for tutorial_dag to None, run_after=None
[2025-10-25T16:18:58.811+0200] {processor.py:183} INFO - Processing /Users/youssefdaaloul/venv/dbt_snowflake/airflow_venv_39/lib/python3.11/site-packages/airflow/example_dags/tutorial_dag.py took 0.081 seconds
[2025-10-25T16:20:06.155+0200] {processor.py:161} INFO - Started process (PID=71811) to work on /Users/youssefdaaloul/venv/dbt_snowflake/airflow_venv_39/lib/python3.11/site-packages/airflow/example_dags/tutorial_dag.py
[2025-10-25T16:20:06.156+0200] {processor.py:830} INFO - Processing file /Users/youssefdaaloul/venv/dbt_snowflake/airflow_venv_39/lib/python3.11/site-packages/airflow/example_dags/tutorial_dag.py for tasks to queue
[2025-10-25T16:20:06.156+0200] {logging_mixin.py:188} INFO - [2025-10-25T16:20:06.156+0200] {dagbag.py:538} INFO - Filling up the DagBag from /Users/youssefdaaloul/venv/dbt_snowflake/airflow_venv_39/lib/python3.11/site-packages/airflow/example_dags/tutorial_dag.py
[2025-10-25T16:20:06.166+0200] {processor.py:840} INFO - DAG(s) 'tutorial_dag' retrieved from /Users/youssefdaaloul/venv/dbt_snowflake/airflow_venv_39/lib/python3.11/site-packages/airflow/example_dags/tutorial_dag.py
[2025-10-25T16:20:06.225+0200] {logging_mixin.py:188} INFO - [2025-10-25T16:20:06.225+0200] {dag.py:3036} INFO - Sync 1 DAGs
[2025-10-25T16:20:06.228+0200] {logging_mixin.py:188} INFO - [2025-10-25T16:20:06.228+0200] {dag.py:3823} INFO - Setting next_dagrun for tutorial_dag to None, run_after=None
[2025-10-25T16:20:06.235+0200] {processor.py:183} INFO - Processing /Users/youssefdaaloul/venv/dbt_snowflake/airflow_venv_39/lib/python3.11/site-packages/airflow/example_dags/tutorial_dag.py took 0.081 seconds
[2025-10-25T16:21:05.059+0200] {processor.py:161} INFO - Started process (PID=71874) to work on /Users/youssefdaaloul/venv/dbt_snowflake/airflow_venv_39/lib/python3.11/site-packages/airflow/example_dags/tutorial_dag.py
[2025-10-25T16:21:05.059+0200] {processor.py:830} INFO - Processing file /Users/youssefdaaloul/venv/dbt_snowflake/airflow_venv_39/lib/python3.11/site-packages/airflow/example_dags/tutorial_dag.py for tasks to queue
[2025-10-25T16:21:05.059+0200] {logging_mixin.py:188} INFO - [2025-10-25T16:21:05.059+0200] {dagbag.py:538} INFO - Filling up the DagBag from /Users/youssefdaaloul/venv/dbt_snowflake/airflow_venv_39/lib/python3.11/site-packages/airflow/example_dags/tutorial_dag.py
[2025-10-25T16:21:05.069+0200] {processor.py:840} INFO - DAG(s) 'tutorial_dag' retrieved from /Users/youssefdaaloul/venv/dbt_snowflake/airflow_venv_39/lib/python3.11/site-packages/airflow/example_dags/tutorial_dag.py
[2025-10-25T16:21:05.125+0200] {logging_mixin.py:188} INFO - [2025-10-25T16:21:05.125+0200] {dag.py:3036} INFO - Sync 1 DAGs
[2025-10-25T16:21:05.128+0200] {logging_mixin.py:188} INFO - [2025-10-25T16:21:05.128+0200] {dag.py:3823} INFO - Setting next_dagrun for tutorial_dag to None, run_after=None
[2025-10-25T16:21:05.135+0200] {processor.py:183} INFO - Processing /Users/youssefdaaloul/venv/dbt_snowflake/airflow_venv_39/lib/python3.11/site-packages/airflow/example_dags/tutorial_dag.py took 0.077 seconds
[2025-10-25T16:22:00.787+0200] {processor.py:161} INFO - Started process (PID=71917) to work on /Users/youssefdaaloul/venv/dbt_snowflake/airflow_venv_39/lib/python3.11/site-packages/airflow/example_dags/tutorial_dag.py
[2025-10-25T16:22:00.788+0200] {processor.py:830} INFO - Processing file /Users/youssefdaaloul/venv/dbt_snowflake/airflow_venv_39/lib/python3.11/site-packages/airflow/example_dags/tutorial_dag.py for tasks to queue
[2025-10-25T16:22:00.788+0200] {logging_mixin.py:188} INFO - [2025-10-25T16:22:00.788+0200] {dagbag.py:538} INFO - Filling up the DagBag from /Users/youssefdaaloul/venv/dbt_snowflake/airflow_venv_39/lib/python3.11/site-packages/airflow/example_dags/tutorial_dag.py
[2025-10-25T16:22:00.798+0200] {processor.py:840} INFO - DAG(s) 'tutorial_dag' retrieved from /Users/youssefdaaloul/venv/dbt_snowflake/airflow_venv_39/lib/python3.11/site-packages/airflow/example_dags/tutorial_dag.py
[2025-10-25T16:22:00.854+0200] {logging_mixin.py:188} INFO - [2025-10-25T16:22:00.854+0200] {dag.py:3036} INFO - Sync 1 DAGs
[2025-10-25T16:22:00.857+0200] {logging_mixin.py:188} INFO - [2025-10-25T16:22:00.857+0200] {dag.py:3823} INFO - Setting next_dagrun for tutorial_dag to None, run_after=None
[2025-10-25T16:22:00.864+0200] {processor.py:183} INFO - Processing /Users/youssefdaaloul/venv/dbt_snowflake/airflow_venv_39/lib/python3.11/site-packages/airflow/example_dags/tutorial_dag.py took 0.077 seconds
[2025-10-25T16:22:52.369+0200] {processor.py:161} INFO - Started process (PID=71964) to work on /Users/youssefdaaloul/venv/dbt_snowflake/airflow_venv_39/lib/python3.11/site-packages/airflow/example_dags/tutorial_dag.py
[2025-10-25T16:22:52.369+0200] {processor.py:830} INFO - Processing file /Users/youssefdaaloul/venv/dbt_snowflake/airflow_venv_39/lib/python3.11/site-packages/airflow/example_dags/tutorial_dag.py for tasks to queue
[2025-10-25T16:22:52.371+0200] {logging_mixin.py:188} INFO - [2025-10-25T16:22:52.371+0200] {dagbag.py:538} INFO - Filling up the DagBag from /Users/youssefdaaloul/venv/dbt_snowflake/airflow_venv_39/lib/python3.11/site-packages/airflow/example_dags/tutorial_dag.py
[2025-10-25T16:22:52.382+0200] {processor.py:840} INFO - DAG(s) 'tutorial_dag' retrieved from /Users/youssefdaaloul/venv/dbt_snowflake/airflow_venv_39/lib/python3.11/site-packages/airflow/example_dags/tutorial_dag.py
[2025-10-25T16:22:52.449+0200] {logging_mixin.py:188} INFO - [2025-10-25T16:22:52.449+0200] {dag.py:3036} INFO - Sync 1 DAGs
[2025-10-25T16:22:52.453+0200] {logging_mixin.py:188} INFO - [2025-10-25T16:22:52.453+0200] {dag.py:3823} INFO - Setting next_dagrun for tutorial_dag to None, run_after=None
[2025-10-25T16:22:52.462+0200] {processor.py:183} INFO - Processing /Users/youssefdaaloul/venv/dbt_snowflake/airflow_venv_39/lib/python3.11/site-packages/airflow/example_dags/tutorial_dag.py took 0.094 seconds
[2025-10-25T16:23:46.804+0200] {processor.py:161} INFO - Started process (PID=72022) to work on /Users/youssefdaaloul/venv/dbt_snowflake/airflow_venv_39/lib/python3.11/site-packages/airflow/example_dags/tutorial_dag.py
[2025-10-25T16:23:46.805+0200] {processor.py:830} INFO - Processing file /Users/youssefdaaloul/venv/dbt_snowflake/airflow_venv_39/lib/python3.11/site-packages/airflow/example_dags/tutorial_dag.py for tasks to queue
[2025-10-25T16:23:46.805+0200] {logging_mixin.py:188} INFO - [2025-10-25T16:23:46.805+0200] {dagbag.py:538} INFO - Filling up the DagBag from /Users/youssefdaaloul/venv/dbt_snowflake/airflow_venv_39/lib/python3.11/site-packages/airflow/example_dags/tutorial_dag.py
[2025-10-25T16:23:46.816+0200] {processor.py:840} INFO - DAG(s) 'tutorial_dag' retrieved from /Users/youssefdaaloul/venv/dbt_snowflake/airflow_venv_39/lib/python3.11/site-packages/airflow/example_dags/tutorial_dag.py
[2025-10-25T16:23:46.875+0200] {logging_mixin.py:188} INFO - [2025-10-25T16:23:46.874+0200] {dag.py:3036} INFO - Sync 1 DAGs
[2025-10-25T16:23:46.878+0200] {logging_mixin.py:188} INFO - [2025-10-25T16:23:46.878+0200] {dag.py:3823} INFO - Setting next_dagrun for tutorial_dag to None, run_after=None
[2025-10-25T16:23:46.885+0200] {processor.py:183} INFO - Processing /Users/youssefdaaloul/venv/dbt_snowflake/airflow_venv_39/lib/python3.11/site-packages/airflow/example_dags/tutorial_dag.py took 0.081 seconds
[2025-10-25T16:24:43.310+0200] {processor.py:161} INFO - Started process (PID=72076) to work on /Users/youssefdaaloul/venv/dbt_snowflake/airflow_venv_39/lib/python3.11/site-packages/airflow/example_dags/tutorial_dag.py
[2025-10-25T16:24:43.310+0200] {processor.py:830} INFO - Processing file /Users/youssefdaaloul/venv/dbt_snowflake/airflow_venv_39/lib/python3.11/site-packages/airflow/example_dags/tutorial_dag.py for tasks to queue
[2025-10-25T16:24:43.311+0200] {logging_mixin.py:188} INFO - [2025-10-25T16:24:43.311+0200] {dagbag.py:538} INFO - Filling up the DagBag from /Users/youssefdaaloul/venv/dbt_snowflake/airflow_venv_39/lib/python3.11/site-packages/airflow/example_dags/tutorial_dag.py
[2025-10-25T16:24:43.321+0200] {processor.py:840} INFO - DAG(s) 'tutorial_dag' retrieved from /Users/youssefdaaloul/venv/dbt_snowflake/airflow_venv_39/lib/python3.11/site-packages/airflow/example_dags/tutorial_dag.py
[2025-10-25T16:24:43.384+0200] {logging_mixin.py:188} INFO - [2025-10-25T16:24:43.383+0200] {dag.py:3036} INFO - Sync 1 DAGs
[2025-10-25T16:24:43.387+0200] {logging_mixin.py:188} INFO - [2025-10-25T16:24:43.387+0200] {dag.py:3823} INFO - Setting next_dagrun for tutorial_dag to None, run_after=None
[2025-10-25T16:24:43.394+0200] {processor.py:183} INFO - Processing /Users/youssefdaaloul/venv/dbt_snowflake/airflow_venv_39/lib/python3.11/site-packages/airflow/example_dags/tutorial_dag.py took 0.085 seconds
[2025-10-25T16:25:37.012+0200] {processor.py:161} INFO - Started process (PID=72122) to work on /Users/youssefdaaloul/venv/dbt_snowflake/airflow_venv_39/lib/python3.11/site-packages/airflow/example_dags/tutorial_dag.py
[2025-10-25T16:25:37.013+0200] {processor.py:830} INFO - Processing file /Users/youssefdaaloul/venv/dbt_snowflake/airflow_venv_39/lib/python3.11/site-packages/airflow/example_dags/tutorial_dag.py for tasks to queue
[2025-10-25T16:25:37.014+0200] {logging_mixin.py:188} INFO - [2025-10-25T16:25:37.014+0200] {dagbag.py:538} INFO - Filling up the DagBag from /Users/youssefdaaloul/venv/dbt_snowflake/airflow_venv_39/lib/python3.11/site-packages/airflow/example_dags/tutorial_dag.py
[2025-10-25T16:25:37.024+0200] {processor.py:840} INFO - DAG(s) 'tutorial_dag' retrieved from /Users/youssefdaaloul/venv/dbt_snowflake/airflow_venv_39/lib/python3.11/site-packages/airflow/example_dags/tutorial_dag.py
[2025-10-25T16:25:37.080+0200] {logging_mixin.py:188} INFO - [2025-10-25T16:25:37.080+0200] {dag.py:3036} INFO - Sync 1 DAGs
[2025-10-25T16:25:37.083+0200] {logging_mixin.py:188} INFO - [2025-10-25T16:25:37.083+0200] {dag.py:3823} INFO - Setting next_dagrun for tutorial_dag to None, run_after=None
[2025-10-25T16:25:37.090+0200] {processor.py:183} INFO - Processing /Users/youssefdaaloul/venv/dbt_snowflake/airflow_venv_39/lib/python3.11/site-packages/airflow/example_dags/tutorial_dag.py took 0.078 seconds
[2025-10-25T16:26:29.991+0200] {processor.py:161} INFO - Started process (PID=72193) to work on /Users/youssefdaaloul/venv/dbt_snowflake/airflow_venv_39/lib/python3.11/site-packages/airflow/example_dags/tutorial_dag.py
[2025-10-25T16:26:29.992+0200] {processor.py:830} INFO - Processing file /Users/youssefdaaloul/venv/dbt_snowflake/airflow_venv_39/lib/python3.11/site-packages/airflow/example_dags/tutorial_dag.py for tasks to queue
[2025-10-25T16:26:29.992+0200] {logging_mixin.py:188} INFO - [2025-10-25T16:26:29.992+0200] {dagbag.py:538} INFO - Filling up the DagBag from /Users/youssefdaaloul/venv/dbt_snowflake/airflow_venv_39/lib/python3.11/site-packages/airflow/example_dags/tutorial_dag.py
[2025-10-25T16:26:30.003+0200] {processor.py:840} INFO - DAG(s) 'tutorial_dag' retrieved from /Users/youssefdaaloul/venv/dbt_snowflake/airflow_venv_39/lib/python3.11/site-packages/airflow/example_dags/tutorial_dag.py
[2025-10-25T16:26:30.062+0200] {logging_mixin.py:188} INFO - [2025-10-25T16:26:30.062+0200] {dag.py:3036} INFO - Sync 1 DAGs
[2025-10-25T16:26:30.066+0200] {logging_mixin.py:188} INFO - [2025-10-25T16:26:30.066+0200] {dag.py:3823} INFO - Setting next_dagrun for tutorial_dag to None, run_after=None
[2025-10-25T16:26:30.073+0200] {processor.py:183} INFO - Processing /Users/youssefdaaloul/venv/dbt_snowflake/airflow_venv_39/lib/python3.11/site-packages/airflow/example_dags/tutorial_dag.py took 0.082 seconds
[2025-10-25T16:27:24.801+0200] {processor.py:161} INFO - Started process (PID=72234) to work on /Users/youssefdaaloul/venv/dbt_snowflake/airflow_venv_39/lib/python3.11/site-packages/airflow/example_dags/tutorial_dag.py
[2025-10-25T16:27:24.802+0200] {processor.py:830} INFO - Processing file /Users/youssefdaaloul/venv/dbt_snowflake/airflow_venv_39/lib/python3.11/site-packages/airflow/example_dags/tutorial_dag.py for tasks to queue
[2025-10-25T16:27:24.802+0200] {logging_mixin.py:188} INFO - [2025-10-25T16:27:24.802+0200] {dagbag.py:538} INFO - Filling up the DagBag from /Users/youssefdaaloul/venv/dbt_snowflake/airflow_venv_39/lib/python3.11/site-packages/airflow/example_dags/tutorial_dag.py
[2025-10-25T16:27:24.814+0200] {processor.py:840} INFO - DAG(s) 'tutorial_dag' retrieved from /Users/youssefdaaloul/venv/dbt_snowflake/airflow_venv_39/lib/python3.11/site-packages/airflow/example_dags/tutorial_dag.py
[2025-10-25T16:27:24.874+0200] {logging_mixin.py:188} INFO - [2025-10-25T16:27:24.874+0200] {dag.py:3036} INFO - Sync 1 DAGs
[2025-10-25T16:27:24.878+0200] {logging_mixin.py:188} INFO - [2025-10-25T16:27:24.877+0200] {dag.py:3823} INFO - Setting next_dagrun for tutorial_dag to None, run_after=None
[2025-10-25T16:27:24.885+0200] {processor.py:183} INFO - Processing /Users/youssefdaaloul/venv/dbt_snowflake/airflow_venv_39/lib/python3.11/site-packages/airflow/example_dags/tutorial_dag.py took 0.084 seconds
[2025-10-25T16:28:22.980+0200] {processor.py:161} INFO - Started process (PID=72308) to work on /Users/youssefdaaloul/venv/dbt_snowflake/airflow_venv_39/lib/python3.11/site-packages/airflow/example_dags/tutorial_dag.py
[2025-10-25T16:28:22.982+0200] {processor.py:830} INFO - Processing file /Users/youssefdaaloul/venv/dbt_snowflake/airflow_venv_39/lib/python3.11/site-packages/airflow/example_dags/tutorial_dag.py for tasks to queue
[2025-10-25T16:28:22.982+0200] {logging_mixin.py:188} INFO - [2025-10-25T16:28:22.982+0200] {dagbag.py:538} INFO - Filling up the DagBag from /Users/youssefdaaloul/venv/dbt_snowflake/airflow_venv_39/lib/python3.11/site-packages/airflow/example_dags/tutorial_dag.py
[2025-10-25T16:28:22.992+0200] {processor.py:840} INFO - DAG(s) 'tutorial_dag' retrieved from /Users/youssefdaaloul/venv/dbt_snowflake/airflow_venv_39/lib/python3.11/site-packages/airflow/example_dags/tutorial_dag.py
[2025-10-25T16:28:23.054+0200] {logging_mixin.py:188} INFO - [2025-10-25T16:28:23.053+0200] {dag.py:3036} INFO - Sync 1 DAGs
[2025-10-25T16:28:23.057+0200] {logging_mixin.py:188} INFO - [2025-10-25T16:28:23.057+0200] {dag.py:3823} INFO - Setting next_dagrun for tutorial_dag to None, run_after=None
[2025-10-25T16:28:23.065+0200] {processor.py:183} INFO - Processing /Users/youssefdaaloul/venv/dbt_snowflake/airflow_venv_39/lib/python3.11/site-packages/airflow/example_dags/tutorial_dag.py took 0.085 seconds
[2025-10-25T16:29:22.659+0200] {processor.py:161} INFO - Started process (PID=72356) to work on /Users/youssefdaaloul/venv/dbt_snowflake/airflow_venv_39/lib/python3.11/site-packages/airflow/example_dags/tutorial_dag.py
[2025-10-25T16:29:22.660+0200] {processor.py:830} INFO - Processing file /Users/youssefdaaloul/venv/dbt_snowflake/airflow_venv_39/lib/python3.11/site-packages/airflow/example_dags/tutorial_dag.py for tasks to queue
[2025-10-25T16:29:22.660+0200] {logging_mixin.py:188} INFO - [2025-10-25T16:29:22.660+0200] {dagbag.py:538} INFO - Filling up the DagBag from /Users/youssefdaaloul/venv/dbt_snowflake/airflow_venv_39/lib/python3.11/site-packages/airflow/example_dags/tutorial_dag.py
[2025-10-25T16:29:22.675+0200] {processor.py:840} INFO - DAG(s) 'tutorial_dag' retrieved from /Users/youssefdaaloul/venv/dbt_snowflake/airflow_venv_39/lib/python3.11/site-packages/airflow/example_dags/tutorial_dag.py
[2025-10-25T16:29:22.744+0200] {logging_mixin.py:188} INFO - [2025-10-25T16:29:22.744+0200] {dag.py:3036} INFO - Sync 1 DAGs
[2025-10-25T16:29:22.748+0200] {logging_mixin.py:188} INFO - [2025-10-25T16:29:22.748+0200] {dag.py:3823} INFO - Setting next_dagrun for tutorial_dag to None, run_after=None
[2025-10-25T16:29:22.756+0200] {processor.py:183} INFO - Processing /Users/youssefdaaloul/venv/dbt_snowflake/airflow_venv_39/lib/python3.11/site-packages/airflow/example_dags/tutorial_dag.py took 0.097 seconds
[2025-10-25T16:30:21.291+0200] {processor.py:161} INFO - Started process (PID=72427) to work on /Users/youssefdaaloul/venv/dbt_snowflake/airflow_venv_39/lib/python3.11/site-packages/airflow/example_dags/tutorial_dag.py
[2025-10-25T16:30:21.291+0200] {processor.py:830} INFO - Processing file /Users/youssefdaaloul/venv/dbt_snowflake/airflow_venv_39/lib/python3.11/site-packages/airflow/example_dags/tutorial_dag.py for tasks to queue
[2025-10-25T16:30:21.292+0200] {logging_mixin.py:188} INFO - [2025-10-25T16:30:21.291+0200] {dagbag.py:538} INFO - Filling up the DagBag from /Users/youssefdaaloul/venv/dbt_snowflake/airflow_venv_39/lib/python3.11/site-packages/airflow/example_dags/tutorial_dag.py
[2025-10-25T16:30:21.303+0200] {processor.py:840} INFO - DAG(s) 'tutorial_dag' retrieved from /Users/youssefdaaloul/venv/dbt_snowflake/airflow_venv_39/lib/python3.11/site-packages/airflow/example_dags/tutorial_dag.py
[2025-10-25T16:30:21.365+0200] {logging_mixin.py:188} INFO - [2025-10-25T16:30:21.365+0200] {dag.py:3036} INFO - Sync 1 DAGs
[2025-10-25T16:30:21.368+0200] {logging_mixin.py:188} INFO - [2025-10-25T16:30:21.368+0200] {dag.py:3823} INFO - Setting next_dagrun for tutorial_dag to None, run_after=None
[2025-10-25T16:30:21.375+0200] {processor.py:183} INFO - Processing /Users/youssefdaaloul/venv/dbt_snowflake/airflow_venv_39/lib/python3.11/site-packages/airflow/example_dags/tutorial_dag.py took 0.085 seconds
[2025-10-25T16:31:20.942+0200] {processor.py:161} INFO - Started process (PID=72527) to work on /Users/youssefdaaloul/venv/dbt_snowflake/airflow_venv_39/lib/python3.11/site-packages/airflow/example_dags/tutorial_dag.py
[2025-10-25T16:31:20.943+0200] {processor.py:830} INFO - Processing file /Users/youssefdaaloul/venv/dbt_snowflake/airflow_venv_39/lib/python3.11/site-packages/airflow/example_dags/tutorial_dag.py for tasks to queue
[2025-10-25T16:31:20.943+0200] {logging_mixin.py:188} INFO - [2025-10-25T16:31:20.943+0200] {dagbag.py:538} INFO - Filling up the DagBag from /Users/youssefdaaloul/venv/dbt_snowflake/airflow_venv_39/lib/python3.11/site-packages/airflow/example_dags/tutorial_dag.py
[2025-10-25T16:31:20.955+0200] {processor.py:840} INFO - DAG(s) 'tutorial_dag' retrieved from /Users/youssefdaaloul/venv/dbt_snowflake/airflow_venv_39/lib/python3.11/site-packages/airflow/example_dags/tutorial_dag.py
[2025-10-25T16:31:21.017+0200] {logging_mixin.py:188} INFO - [2025-10-25T16:31:21.016+0200] {dag.py:3036} INFO - Sync 1 DAGs
[2025-10-25T16:31:21.020+0200] {logging_mixin.py:188} INFO - [2025-10-25T16:31:21.019+0200] {dag.py:3823} INFO - Setting next_dagrun for tutorial_dag to None, run_after=None
[2025-10-25T16:31:21.027+0200] {processor.py:183} INFO - Processing /Users/youssefdaaloul/venv/dbt_snowflake/airflow_venv_39/lib/python3.11/site-packages/airflow/example_dags/tutorial_dag.py took 0.085 seconds
[2025-10-25T16:32:15.148+0200] {processor.py:161} INFO - Started process (PID=72593) to work on /Users/youssefdaaloul/venv/dbt_snowflake/airflow_venv_39/lib/python3.11/site-packages/airflow/example_dags/tutorial_dag.py
[2025-10-25T16:32:15.149+0200] {processor.py:830} INFO - Processing file /Users/youssefdaaloul/venv/dbt_snowflake/airflow_venv_39/lib/python3.11/site-packages/airflow/example_dags/tutorial_dag.py for tasks to queue
[2025-10-25T16:32:15.149+0200] {logging_mixin.py:188} INFO - [2025-10-25T16:32:15.149+0200] {dagbag.py:538} INFO - Filling up the DagBag from /Users/youssefdaaloul/venv/dbt_snowflake/airflow_venv_39/lib/python3.11/site-packages/airflow/example_dags/tutorial_dag.py
[2025-10-25T16:32:15.160+0200] {processor.py:840} INFO - DAG(s) 'tutorial_dag' retrieved from /Users/youssefdaaloul/venv/dbt_snowflake/airflow_venv_39/lib/python3.11/site-packages/airflow/example_dags/tutorial_dag.py
[2025-10-25T16:32:15.218+0200] {logging_mixin.py:188} INFO - [2025-10-25T16:32:15.218+0200] {dag.py:3036} INFO - Sync 1 DAGs
[2025-10-25T16:32:15.221+0200] {logging_mixin.py:188} INFO - [2025-10-25T16:32:15.221+0200] {dag.py:3823} INFO - Setting next_dagrun for tutorial_dag to None, run_after=None
[2025-10-25T16:32:15.229+0200] {processor.py:183} INFO - Processing /Users/youssefdaaloul/venv/dbt_snowflake/airflow_venv_39/lib/python3.11/site-packages/airflow/example_dags/tutorial_dag.py took 0.082 seconds
[2025-10-25T16:33:12.785+0200] {processor.py:161} INFO - Started process (PID=72646) to work on /Users/youssefdaaloul/venv/dbt_snowflake/airflow_venv_39/lib/python3.11/site-packages/airflow/example_dags/tutorial_dag.py
[2025-10-25T16:33:12.786+0200] {processor.py:830} INFO - Processing file /Users/youssefdaaloul/venv/dbt_snowflake/airflow_venv_39/lib/python3.11/site-packages/airflow/example_dags/tutorial_dag.py for tasks to queue
[2025-10-25T16:33:12.787+0200] {logging_mixin.py:188} INFO - [2025-10-25T16:33:12.786+0200] {dagbag.py:538} INFO - Filling up the DagBag from /Users/youssefdaaloul/venv/dbt_snowflake/airflow_venv_39/lib/python3.11/site-packages/airflow/example_dags/tutorial_dag.py
[2025-10-25T16:33:12.799+0200] {processor.py:840} INFO - DAG(s) 'tutorial_dag' retrieved from /Users/youssefdaaloul/venv/dbt_snowflake/airflow_venv_39/lib/python3.11/site-packages/airflow/example_dags/tutorial_dag.py
[2025-10-25T16:33:12.875+0200] {logging_mixin.py:188} INFO - [2025-10-25T16:33:12.875+0200] {dag.py:3036} INFO - Sync 1 DAGs
[2025-10-25T16:33:12.879+0200] {logging_mixin.py:188} INFO - [2025-10-25T16:33:12.879+0200] {dag.py:3823} INFO - Setting next_dagrun for tutorial_dag to None, run_after=None
[2025-10-25T16:33:12.890+0200] {processor.py:183} INFO - Processing /Users/youssefdaaloul/venv/dbt_snowflake/airflow_venv_39/lib/python3.11/site-packages/airflow/example_dags/tutorial_dag.py took 0.105 seconds
[2025-10-25T16:34:13.064+0200] {processor.py:161} INFO - Started process (PID=72724) to work on /Users/youssefdaaloul/venv/dbt_snowflake/airflow_venv_39/lib/python3.11/site-packages/airflow/example_dags/tutorial_dag.py
[2025-10-25T16:34:13.065+0200] {processor.py:830} INFO - Processing file /Users/youssefdaaloul/venv/dbt_snowflake/airflow_venv_39/lib/python3.11/site-packages/airflow/example_dags/tutorial_dag.py for tasks to queue
[2025-10-25T16:34:13.065+0200] {logging_mixin.py:188} INFO - [2025-10-25T16:34:13.065+0200] {dagbag.py:538} INFO - Filling up the DagBag from /Users/youssefdaaloul/venv/dbt_snowflake/airflow_venv_39/lib/python3.11/site-packages/airflow/example_dags/tutorial_dag.py
[2025-10-25T16:34:13.077+0200] {processor.py:840} INFO - DAG(s) 'tutorial_dag' retrieved from /Users/youssefdaaloul/venv/dbt_snowflake/airflow_venv_39/lib/python3.11/site-packages/airflow/example_dags/tutorial_dag.py
[2025-10-25T16:34:13.138+0200] {logging_mixin.py:188} INFO - [2025-10-25T16:34:13.138+0200] {dag.py:3036} INFO - Sync 1 DAGs
[2025-10-25T16:34:13.141+0200] {logging_mixin.py:188} INFO - [2025-10-25T16:34:13.141+0200] {dag.py:3823} INFO - Setting next_dagrun for tutorial_dag to None, run_after=None
[2025-10-25T16:34:13.149+0200] {processor.py:183} INFO - Processing /Users/youssefdaaloul/venv/dbt_snowflake/airflow_venv_39/lib/python3.11/site-packages/airflow/example_dags/tutorial_dag.py took 0.085 seconds
[2025-10-25T16:35:11.652+0200] {processor.py:161} INFO - Started process (PID=72818) to work on /Users/youssefdaaloul/venv/dbt_snowflake/airflow_venv_39/lib/python3.11/site-packages/airflow/example_dags/tutorial_dag.py
[2025-10-25T16:35:11.654+0200] {processor.py:830} INFO - Processing file /Users/youssefdaaloul/venv/dbt_snowflake/airflow_venv_39/lib/python3.11/site-packages/airflow/example_dags/tutorial_dag.py for tasks to queue
[2025-10-25T16:35:11.654+0200] {logging_mixin.py:188} INFO - [2025-10-25T16:35:11.654+0200] {dagbag.py:538} INFO - Filling up the DagBag from /Users/youssefdaaloul/venv/dbt_snowflake/airflow_venv_39/lib/python3.11/site-packages/airflow/example_dags/tutorial_dag.py
[2025-10-25T16:35:11.664+0200] {processor.py:840} INFO - DAG(s) 'tutorial_dag' retrieved from /Users/youssefdaaloul/venv/dbt_snowflake/airflow_venv_39/lib/python3.11/site-packages/airflow/example_dags/tutorial_dag.py
[2025-10-25T16:35:11.720+0200] {logging_mixin.py:188} INFO - [2025-10-25T16:35:11.719+0200] {dag.py:3036} INFO - Sync 1 DAGs
[2025-10-25T16:35:11.723+0200] {logging_mixin.py:188} INFO - [2025-10-25T16:35:11.722+0200] {dag.py:3823} INFO - Setting next_dagrun for tutorial_dag to None, run_after=None
[2025-10-25T16:35:11.730+0200] {processor.py:183} INFO - Processing /Users/youssefdaaloul/venv/dbt_snowflake/airflow_venv_39/lib/python3.11/site-packages/airflow/example_dags/tutorial_dag.py took 0.078 seconds
[2025-10-25T16:36:11.258+0200] {processor.py:161} INFO - Started process (PID=72903) to work on /Users/youssefdaaloul/venv/dbt_snowflake/airflow_venv_39/lib/python3.11/site-packages/airflow/example_dags/tutorial_dag.py
[2025-10-25T16:36:11.259+0200] {processor.py:830} INFO - Processing file /Users/youssefdaaloul/venv/dbt_snowflake/airflow_venv_39/lib/python3.11/site-packages/airflow/example_dags/tutorial_dag.py for tasks to queue
[2025-10-25T16:36:11.259+0200] {logging_mixin.py:188} INFO - [2025-10-25T16:36:11.259+0200] {dagbag.py:538} INFO - Filling up the DagBag from /Users/youssefdaaloul/venv/dbt_snowflake/airflow_venv_39/lib/python3.11/site-packages/airflow/example_dags/tutorial_dag.py
[2025-10-25T16:36:11.269+0200] {processor.py:840} INFO - DAG(s) 'tutorial_dag' retrieved from /Users/youssefdaaloul/venv/dbt_snowflake/airflow_venv_39/lib/python3.11/site-packages/airflow/example_dags/tutorial_dag.py
[2025-10-25T16:36:11.329+0200] {logging_mixin.py:188} INFO - [2025-10-25T16:36:11.328+0200] {dag.py:3036} INFO - Sync 1 DAGs
[2025-10-25T16:36:11.332+0200] {logging_mixin.py:188} INFO - [2025-10-25T16:36:11.332+0200] {dag.py:3823} INFO - Setting next_dagrun for tutorial_dag to None, run_after=None
[2025-10-25T16:36:11.341+0200] {processor.py:183} INFO - Processing /Users/youssefdaaloul/venv/dbt_snowflake/airflow_venv_39/lib/python3.11/site-packages/airflow/example_dags/tutorial_dag.py took 0.084 seconds
[2025-10-25T16:43:51.630+0200] {processor.py:161} INFO - Started process (PID=73827) to work on /Users/youssefdaaloul/venv/dbt_snowflake/airflow_venv_39/lib/python3.11/site-packages/airflow/example_dags/tutorial_dag.py
[2025-10-25T16:43:51.631+0200] {processor.py:830} INFO - Processing file /Users/youssefdaaloul/venv/dbt_snowflake/airflow_venv_39/lib/python3.11/site-packages/airflow/example_dags/tutorial_dag.py for tasks to queue
[2025-10-25T16:43:51.631+0200] {logging_mixin.py:188} INFO - [2025-10-25T16:43:51.631+0200] {dagbag.py:538} INFO - Filling up the DagBag from /Users/youssefdaaloul/venv/dbt_snowflake/airflow_venv_39/lib/python3.11/site-packages/airflow/example_dags/tutorial_dag.py
[2025-10-25T16:43:51.647+0200] {processor.py:840} INFO - DAG(s) 'tutorial_dag' retrieved from /Users/youssefdaaloul/venv/dbt_snowflake/airflow_venv_39/lib/python3.11/site-packages/airflow/example_dags/tutorial_dag.py
[2025-10-25T16:43:51.757+0200] {logging_mixin.py:188} INFO - [2025-10-25T16:43:51.757+0200] {dag.py:3036} INFO - Sync 1 DAGs
[2025-10-25T16:43:51.761+0200] {logging_mixin.py:188} INFO - [2025-10-25T16:43:51.761+0200] {dag.py:3823} INFO - Setting next_dagrun for tutorial_dag to None, run_after=None
[2025-10-25T16:43:51.769+0200] {processor.py:183} INFO - Processing /Users/youssefdaaloul/venv/dbt_snowflake/airflow_venv_39/lib/python3.11/site-packages/airflow/example_dags/tutorial_dag.py took 0.139 seconds
[2025-10-25T16:44:47.468+0200] {processor.py:161} INFO - Started process (PID=73945) to work on /Users/youssefdaaloul/venv/dbt_snowflake/airflow_venv_39/lib/python3.11/site-packages/airflow/example_dags/tutorial_dag.py
[2025-10-25T16:44:47.469+0200] {processor.py:830} INFO - Processing file /Users/youssefdaaloul/venv/dbt_snowflake/airflow_venv_39/lib/python3.11/site-packages/airflow/example_dags/tutorial_dag.py for tasks to queue
[2025-10-25T16:44:47.469+0200] {logging_mixin.py:188} INFO - [2025-10-25T16:44:47.469+0200] {dagbag.py:538} INFO - Filling up the DagBag from /Users/youssefdaaloul/venv/dbt_snowflake/airflow_venv_39/lib/python3.11/site-packages/airflow/example_dags/tutorial_dag.py
[2025-10-25T16:44:47.480+0200] {processor.py:840} INFO - DAG(s) 'tutorial_dag' retrieved from /Users/youssefdaaloul/venv/dbt_snowflake/airflow_venv_39/lib/python3.11/site-packages/airflow/example_dags/tutorial_dag.py
[2025-10-25T16:44:47.542+0200] {logging_mixin.py:188} INFO - [2025-10-25T16:44:47.542+0200] {dag.py:3036} INFO - Sync 1 DAGs
[2025-10-25T16:44:47.545+0200] {logging_mixin.py:188} INFO - [2025-10-25T16:44:47.545+0200] {dag.py:3823} INFO - Setting next_dagrun for tutorial_dag to None, run_after=None
[2025-10-25T16:44:47.554+0200] {processor.py:183} INFO - Processing /Users/youssefdaaloul/venv/dbt_snowflake/airflow_venv_39/lib/python3.11/site-packages/airflow/example_dags/tutorial_dag.py took 0.086 seconds
[2025-10-25T16:45:45.983+0200] {processor.py:161} INFO - Started process (PID=73991) to work on /Users/youssefdaaloul/venv/dbt_snowflake/airflow_venv_39/lib/python3.11/site-packages/airflow/example_dags/tutorial_dag.py
[2025-10-25T16:45:45.984+0200] {processor.py:830} INFO - Processing file /Users/youssefdaaloul/venv/dbt_snowflake/airflow_venv_39/lib/python3.11/site-packages/airflow/example_dags/tutorial_dag.py for tasks to queue
[2025-10-25T16:45:45.984+0200] {logging_mixin.py:188} INFO - [2025-10-25T16:45:45.984+0200] {dagbag.py:538} INFO - Filling up the DagBag from /Users/youssefdaaloul/venv/dbt_snowflake/airflow_venv_39/lib/python3.11/site-packages/airflow/example_dags/tutorial_dag.py
[2025-10-25T16:45:45.995+0200] {processor.py:840} INFO - DAG(s) 'tutorial_dag' retrieved from /Users/youssefdaaloul/venv/dbt_snowflake/airflow_venv_39/lib/python3.11/site-packages/airflow/example_dags/tutorial_dag.py
[2025-10-25T16:45:46.057+0200] {logging_mixin.py:188} INFO - [2025-10-25T16:45:46.056+0200] {dag.py:3036} INFO - Sync 1 DAGs
[2025-10-25T16:45:46.060+0200] {logging_mixin.py:188} INFO - [2025-10-25T16:45:46.060+0200] {dag.py:3823} INFO - Setting next_dagrun for tutorial_dag to None, run_after=None
[2025-10-25T16:45:46.068+0200] {processor.py:183} INFO - Processing /Users/youssefdaaloul/venv/dbt_snowflake/airflow_venv_39/lib/python3.11/site-packages/airflow/example_dags/tutorial_dag.py took 0.085 seconds
[2025-10-25T16:46:46.845+0200] {processor.py:161} INFO - Started process (PID=74042) to work on /Users/youssefdaaloul/venv/dbt_snowflake/airflow_venv_39/lib/python3.11/site-packages/airflow/example_dags/tutorial_dag.py
[2025-10-25T16:46:46.846+0200] {processor.py:830} INFO - Processing file /Users/youssefdaaloul/venv/dbt_snowflake/airflow_venv_39/lib/python3.11/site-packages/airflow/example_dags/tutorial_dag.py for tasks to queue
[2025-10-25T16:46:46.846+0200] {logging_mixin.py:188} INFO - [2025-10-25T16:46:46.846+0200] {dagbag.py:538} INFO - Filling up the DagBag from /Users/youssefdaaloul/venv/dbt_snowflake/airflow_venv_39/lib/python3.11/site-packages/airflow/example_dags/tutorial_dag.py
[2025-10-25T16:46:46.856+0200] {processor.py:840} INFO - DAG(s) 'tutorial_dag' retrieved from /Users/youssefdaaloul/venv/dbt_snowflake/airflow_venv_39/lib/python3.11/site-packages/airflow/example_dags/tutorial_dag.py
[2025-10-25T16:46:46.913+0200] {logging_mixin.py:188} INFO - [2025-10-25T16:46:46.913+0200] {dag.py:3036} INFO - Sync 1 DAGs
[2025-10-25T16:46:46.916+0200] {logging_mixin.py:188} INFO - [2025-10-25T16:46:46.916+0200] {dag.py:3823} INFO - Setting next_dagrun for tutorial_dag to None, run_after=None
[2025-10-25T16:46:46.924+0200] {processor.py:183} INFO - Processing /Users/youssefdaaloul/venv/dbt_snowflake/airflow_venv_39/lib/python3.11/site-packages/airflow/example_dags/tutorial_dag.py took 0.078 seconds
[2025-10-25T16:47:45.143+0200] {processor.py:161} INFO - Started process (PID=74088) to work on /Users/youssefdaaloul/venv/dbt_snowflake/airflow_venv_39/lib/python3.11/site-packages/airflow/example_dags/tutorial_dag.py
[2025-10-25T16:47:45.143+0200] {processor.py:830} INFO - Processing file /Users/youssefdaaloul/venv/dbt_snowflake/airflow_venv_39/lib/python3.11/site-packages/airflow/example_dags/tutorial_dag.py for tasks to queue
[2025-10-25T16:47:45.144+0200] {logging_mixin.py:188} INFO - [2025-10-25T16:47:45.144+0200] {dagbag.py:538} INFO - Filling up the DagBag from /Users/youssefdaaloul/venv/dbt_snowflake/airflow_venv_39/lib/python3.11/site-packages/airflow/example_dags/tutorial_dag.py
[2025-10-25T16:47:45.154+0200] {processor.py:840} INFO - DAG(s) 'tutorial_dag' retrieved from /Users/youssefdaaloul/venv/dbt_snowflake/airflow_venv_39/lib/python3.11/site-packages/airflow/example_dags/tutorial_dag.py
[2025-10-25T16:47:45.212+0200] {logging_mixin.py:188} INFO - [2025-10-25T16:47:45.211+0200] {dag.py:3036} INFO - Sync 1 DAGs
[2025-10-25T16:47:45.215+0200] {logging_mixin.py:188} INFO - [2025-10-25T16:47:45.215+0200] {dag.py:3823} INFO - Setting next_dagrun for tutorial_dag to None, run_after=None
[2025-10-25T16:47:45.223+0200] {processor.py:183} INFO - Processing /Users/youssefdaaloul/venv/dbt_snowflake/airflow_venv_39/lib/python3.11/site-packages/airflow/example_dags/tutorial_dag.py took 0.080 seconds
[2025-10-25T16:48:38.912+0200] {processor.py:161} INFO - Started process (PID=74151) to work on /Users/youssefdaaloul/venv/dbt_snowflake/airflow_venv_39/lib/python3.11/site-packages/airflow/example_dags/tutorial_dag.py
[2025-10-25T16:48:38.914+0200] {processor.py:830} INFO - Processing file /Users/youssefdaaloul/venv/dbt_snowflake/airflow_venv_39/lib/python3.11/site-packages/airflow/example_dags/tutorial_dag.py for tasks to queue
[2025-10-25T16:48:38.914+0200] {logging_mixin.py:188} INFO - [2025-10-25T16:48:38.914+0200] {dagbag.py:538} INFO - Filling up the DagBag from /Users/youssefdaaloul/venv/dbt_snowflake/airflow_venv_39/lib/python3.11/site-packages/airflow/example_dags/tutorial_dag.py
[2025-10-25T16:48:38.925+0200] {processor.py:840} INFO - DAG(s) 'tutorial_dag' retrieved from /Users/youssefdaaloul/venv/dbt_snowflake/airflow_venv_39/lib/python3.11/site-packages/airflow/example_dags/tutorial_dag.py
[2025-10-25T16:48:38.986+0200] {logging_mixin.py:188} INFO - [2025-10-25T16:48:38.985+0200] {dag.py:3036} INFO - Sync 1 DAGs
[2025-10-25T16:48:38.989+0200] {logging_mixin.py:188} INFO - [2025-10-25T16:48:38.989+0200] {dag.py:3823} INFO - Setting next_dagrun for tutorial_dag to None, run_after=None
[2025-10-25T16:48:38.997+0200] {processor.py:183} INFO - Processing /Users/youssefdaaloul/venv/dbt_snowflake/airflow_venv_39/lib/python3.11/site-packages/airflow/example_dags/tutorial_dag.py took 0.085 seconds
[2025-10-25T16:49:35.447+0200] {processor.py:161} INFO - Started process (PID=74209) to work on /Users/youssefdaaloul/venv/dbt_snowflake/airflow_venv_39/lib/python3.11/site-packages/airflow/example_dags/tutorial_dag.py
[2025-10-25T16:49:35.448+0200] {processor.py:830} INFO - Processing file /Users/youssefdaaloul/venv/dbt_snowflake/airflow_venv_39/lib/python3.11/site-packages/airflow/example_dags/tutorial_dag.py for tasks to queue
[2025-10-25T16:49:35.448+0200] {logging_mixin.py:188} INFO - [2025-10-25T16:49:35.448+0200] {dagbag.py:538} INFO - Filling up the DagBag from /Users/youssefdaaloul/venv/dbt_snowflake/airflow_venv_39/lib/python3.11/site-packages/airflow/example_dags/tutorial_dag.py
[2025-10-25T16:49:35.459+0200] {processor.py:840} INFO - DAG(s) 'tutorial_dag' retrieved from /Users/youssefdaaloul/venv/dbt_snowflake/airflow_venv_39/lib/python3.11/site-packages/airflow/example_dags/tutorial_dag.py
[2025-10-25T16:49:35.520+0200] {logging_mixin.py:188} INFO - [2025-10-25T16:49:35.519+0200] {dag.py:3036} INFO - Sync 1 DAGs
[2025-10-25T16:49:35.523+0200] {logging_mixin.py:188} INFO - [2025-10-25T16:49:35.523+0200] {dag.py:3823} INFO - Setting next_dagrun for tutorial_dag to None, run_after=None
[2025-10-25T16:49:35.531+0200] {processor.py:183} INFO - Processing /Users/youssefdaaloul/venv/dbt_snowflake/airflow_venv_39/lib/python3.11/site-packages/airflow/example_dags/tutorial_dag.py took 0.084 seconds
[2025-10-25T16:50:33.593+0200] {processor.py:161} INFO - Started process (PID=74251) to work on /Users/youssefdaaloul/venv/dbt_snowflake/airflow_venv_39/lib/python3.11/site-packages/airflow/example_dags/tutorial_dag.py
[2025-10-25T16:50:33.594+0200] {processor.py:830} INFO - Processing file /Users/youssefdaaloul/venv/dbt_snowflake/airflow_venv_39/lib/python3.11/site-packages/airflow/example_dags/tutorial_dag.py for tasks to queue
[2025-10-25T16:50:33.594+0200] {logging_mixin.py:188} INFO - [2025-10-25T16:50:33.594+0200] {dagbag.py:538} INFO - Filling up the DagBag from /Users/youssefdaaloul/venv/dbt_snowflake/airflow_venv_39/lib/python3.11/site-packages/airflow/example_dags/tutorial_dag.py
[2025-10-25T16:50:33.604+0200] {processor.py:840} INFO - DAG(s) 'tutorial_dag' retrieved from /Users/youssefdaaloul/venv/dbt_snowflake/airflow_venv_39/lib/python3.11/site-packages/airflow/example_dags/tutorial_dag.py
[2025-10-25T16:50:33.661+0200] {logging_mixin.py:188} INFO - [2025-10-25T16:50:33.660+0200] {dag.py:3036} INFO - Sync 1 DAGs
[2025-10-25T16:50:33.664+0200] {logging_mixin.py:188} INFO - [2025-10-25T16:50:33.664+0200] {dag.py:3823} INFO - Setting next_dagrun for tutorial_dag to None, run_after=None
[2025-10-25T16:50:33.671+0200] {processor.py:183} INFO - Processing /Users/youssefdaaloul/venv/dbt_snowflake/airflow_venv_39/lib/python3.11/site-packages/airflow/example_dags/tutorial_dag.py took 0.079 seconds
[2025-10-25T16:51:32.548+0200] {processor.py:161} INFO - Started process (PID=74335) to work on /Users/youssefdaaloul/venv/dbt_snowflake/airflow_venv_39/lib/python3.11/site-packages/airflow/example_dags/tutorial_dag.py
[2025-10-25T16:51:32.549+0200] {processor.py:830} INFO - Processing file /Users/youssefdaaloul/venv/dbt_snowflake/airflow_venv_39/lib/python3.11/site-packages/airflow/example_dags/tutorial_dag.py for tasks to queue
[2025-10-25T16:51:32.549+0200] {logging_mixin.py:188} INFO - [2025-10-25T16:51:32.549+0200] {dagbag.py:538} INFO - Filling up the DagBag from /Users/youssefdaaloul/venv/dbt_snowflake/airflow_venv_39/lib/python3.11/site-packages/airflow/example_dags/tutorial_dag.py
[2025-10-25T16:51:32.559+0200] {processor.py:840} INFO - DAG(s) 'tutorial_dag' retrieved from /Users/youssefdaaloul/venv/dbt_snowflake/airflow_venv_39/lib/python3.11/site-packages/airflow/example_dags/tutorial_dag.py
[2025-10-25T16:51:32.634+0200] {logging_mixin.py:188} INFO - [2025-10-25T16:51:32.634+0200] {dag.py:3036} INFO - Sync 1 DAGs
[2025-10-25T16:51:32.638+0200] {logging_mixin.py:188} INFO - [2025-10-25T16:51:32.637+0200] {dag.py:3823} INFO - Setting next_dagrun for tutorial_dag to None, run_after=None
[2025-10-25T16:51:32.647+0200] {processor.py:183} INFO - Processing /Users/youssefdaaloul/venv/dbt_snowflake/airflow_venv_39/lib/python3.11/site-packages/airflow/example_dags/tutorial_dag.py took 0.099 seconds
