[2025-10-25T16:08:20.976+0200] {processor.py:161} INFO - Started process (PID=71180) to work on /Users/youssefdaaloul/venv/dbt_snowflake/airflow_venv_39/lib/python3.11/site-packages/airflow/example_dags/plugins/event_listener.py
[2025-10-25T16:08:20.976+0200] {processor.py:830} INFO - Processing file /Users/youssefdaaloul/venv/dbt_snowflake/airflow_venv_39/lib/python3.11/site-packages/airflow/example_dags/plugins/event_listener.py for tasks to queue
[2025-10-25T16:08:20.976+0200] {logging_mixin.py:188} INFO - [2025-10-25T16:08:20.976+0200] {dagbag.py:538} INFO - Filling up the DagBag from /Users/youssefdaaloul/venv/dbt_snowflake/airflow_venv_39/lib/python3.11/site-packages/airflow/example_dags/plugins/event_listener.py
[2025-10-25T16:08:20.977+0200] {processor.py:842} WARNING - No viable dags retrieved from /Users/youssefdaaloul/venv/dbt_snowflake/airflow_venv_39/lib/python3.11/site-packages/airflow/example_dags/plugins/event_listener.py
[2025-10-25T16:08:21.004+0200] {processor.py:183} INFO - Processing /Users/youssefdaaloul/venv/dbt_snowflake/airflow_venv_39/lib/python3.11/site-packages/airflow/example_dags/plugins/event_listener.py took 0.029 seconds
[2025-10-25T16:09:51.148+0200] {processor.py:161} INFO - Started process (PID=71260) to work on /Users/youssefdaaloul/venv/dbt_snowflake/airflow_venv_39/lib/python3.11/site-packages/airflow/example_dags/plugins/event_listener.py
[2025-10-25T16:09:51.150+0200] {processor.py:830} INFO - Processing file /Users/youssefdaaloul/venv/dbt_snowflake/airflow_venv_39/lib/python3.11/site-packages/airflow/example_dags/plugins/event_listener.py for tasks to queue
[2025-10-25T16:09:51.150+0200] {logging_mixin.py:188} INFO - [2025-10-25T16:09:51.150+0200] {dagbag.py:538} INFO - Filling up the DagBag from /Users/youssefdaaloul/venv/dbt_snowflake/airflow_venv_39/lib/python3.11/site-packages/airflow/example_dags/plugins/event_listener.py
[2025-10-25T16:09:51.151+0200] {processor.py:842} WARNING - No viable dags retrieved from /Users/youssefdaaloul/venv/dbt_snowflake/airflow_venv_39/lib/python3.11/site-packages/airflow/example_dags/plugins/event_listener.py
[2025-10-25T16:09:51.180+0200] {processor.py:183} INFO - Processing /Users/youssefdaaloul/venv/dbt_snowflake/airflow_venv_39/lib/python3.11/site-packages/airflow/example_dags/plugins/event_listener.py took 0.033 seconds
[2025-10-25T16:10:51.555+0200] {processor.py:161} INFO - Started process (PID=71316) to work on /Users/youssefdaaloul/venv/dbt_snowflake/airflow_venv_39/lib/python3.11/site-packages/airflow/example_dags/plugins/event_listener.py
[2025-10-25T16:10:51.556+0200] {processor.py:830} INFO - Processing file /Users/youssefdaaloul/venv/dbt_snowflake/airflow_venv_39/lib/python3.11/site-packages/airflow/example_dags/plugins/event_listener.py for tasks to queue
[2025-10-25T16:10:51.556+0200] {logging_mixin.py:188} INFO - [2025-10-25T16:10:51.556+0200] {dagbag.py:538} INFO - Filling up the DagBag from /Users/youssefdaaloul/venv/dbt_snowflake/airflow_venv_39/lib/python3.11/site-packages/airflow/example_dags/plugins/event_listener.py
[2025-10-25T16:10:51.557+0200] {processor.py:842} WARNING - No viable dags retrieved from /Users/youssefdaaloul/venv/dbt_snowflake/airflow_venv_39/lib/python3.11/site-packages/airflow/example_dags/plugins/event_listener.py
[2025-10-25T16:10:51.589+0200] {processor.py:183} INFO - Processing /Users/youssefdaaloul/venv/dbt_snowflake/airflow_venv_39/lib/python3.11/site-packages/airflow/example_dags/plugins/event_listener.py took 0.034 seconds
[2025-10-25T16:11:51.042+0200] {processor.py:161} INFO - Started process (PID=71377) to work on /Users/youssefdaaloul/venv/dbt_snowflake/airflow_venv_39/lib/python3.11/site-packages/airflow/example_dags/plugins/event_listener.py
[2025-10-25T16:11:51.043+0200] {processor.py:830} INFO - Processing file /Users/youssefdaaloul/venv/dbt_snowflake/airflow_venv_39/lib/python3.11/site-packages/airflow/example_dags/plugins/event_listener.py for tasks to queue
[2025-10-25T16:11:51.043+0200] {logging_mixin.py:188} INFO - [2025-10-25T16:11:51.043+0200] {dagbag.py:538} INFO - Filling up the DagBag from /Users/youssefdaaloul/venv/dbt_snowflake/airflow_venv_39/lib/python3.11/site-packages/airflow/example_dags/plugins/event_listener.py
[2025-10-25T16:11:51.043+0200] {processor.py:842} WARNING - No viable dags retrieved from /Users/youssefdaaloul/venv/dbt_snowflake/airflow_venv_39/lib/python3.11/site-packages/airflow/example_dags/plugins/event_listener.py
[2025-10-25T16:11:51.070+0200] {processor.py:183} INFO - Processing /Users/youssefdaaloul/venv/dbt_snowflake/airflow_venv_39/lib/python3.11/site-packages/airflow/example_dags/plugins/event_listener.py took 0.028 seconds
[2025-10-25T16:12:49.289+0200] {processor.py:161} INFO - Started process (PID=71427) to work on /Users/youssefdaaloul/venv/dbt_snowflake/airflow_venv_39/lib/python3.11/site-packages/airflow/example_dags/plugins/event_listener.py
[2025-10-25T16:12:49.291+0200] {processor.py:830} INFO - Processing file /Users/youssefdaaloul/venv/dbt_snowflake/airflow_venv_39/lib/python3.11/site-packages/airflow/example_dags/plugins/event_listener.py for tasks to queue
[2025-10-25T16:12:49.291+0200] {logging_mixin.py:188} INFO - [2025-10-25T16:12:49.291+0200] {dagbag.py:538} INFO - Filling up the DagBag from /Users/youssefdaaloul/venv/dbt_snowflake/airflow_venv_39/lib/python3.11/site-packages/airflow/example_dags/plugins/event_listener.py
[2025-10-25T16:12:49.291+0200] {processor.py:842} WARNING - No viable dags retrieved from /Users/youssefdaaloul/venv/dbt_snowflake/airflow_venv_39/lib/python3.11/site-packages/airflow/example_dags/plugins/event_listener.py
[2025-10-25T16:12:49.320+0200] {processor.py:183} INFO - Processing /Users/youssefdaaloul/venv/dbt_snowflake/airflow_venv_39/lib/python3.11/site-packages/airflow/example_dags/plugins/event_listener.py took 0.031 seconds
[2025-10-25T16:13:48.924+0200] {processor.py:161} INFO - Started process (PID=71477) to work on /Users/youssefdaaloul/venv/dbt_snowflake/airflow_venv_39/lib/python3.11/site-packages/airflow/example_dags/plugins/event_listener.py
[2025-10-25T16:13:48.926+0200] {processor.py:830} INFO - Processing file /Users/youssefdaaloul/venv/dbt_snowflake/airflow_venv_39/lib/python3.11/site-packages/airflow/example_dags/plugins/event_listener.py for tasks to queue
[2025-10-25T16:13:48.926+0200] {logging_mixin.py:188} INFO - [2025-10-25T16:13:48.926+0200] {dagbag.py:538} INFO - Filling up the DagBag from /Users/youssefdaaloul/venv/dbt_snowflake/airflow_venv_39/lib/python3.11/site-packages/airflow/example_dags/plugins/event_listener.py
[2025-10-25T16:13:48.926+0200] {processor.py:842} WARNING - No viable dags retrieved from /Users/youssefdaaloul/venv/dbt_snowflake/airflow_venv_39/lib/python3.11/site-packages/airflow/example_dags/plugins/event_listener.py
[2025-10-25T16:13:48.957+0200] {processor.py:183} INFO - Processing /Users/youssefdaaloul/venv/dbt_snowflake/airflow_venv_39/lib/python3.11/site-packages/airflow/example_dags/plugins/event_listener.py took 0.033 seconds
[2025-10-25T16:14:50.621+0200] {processor.py:161} INFO - Started process (PID=71538) to work on /Users/youssefdaaloul/venv/dbt_snowflake/airflow_venv_39/lib/python3.11/site-packages/airflow/example_dags/plugins/event_listener.py
[2025-10-25T16:14:50.622+0200] {processor.py:830} INFO - Processing file /Users/youssefdaaloul/venv/dbt_snowflake/airflow_venv_39/lib/python3.11/site-packages/airflow/example_dags/plugins/event_listener.py for tasks to queue
[2025-10-25T16:14:50.622+0200] {logging_mixin.py:188} INFO - [2025-10-25T16:14:50.622+0200] {dagbag.py:538} INFO - Filling up the DagBag from /Users/youssefdaaloul/venv/dbt_snowflake/airflow_venv_39/lib/python3.11/site-packages/airflow/example_dags/plugins/event_listener.py
[2025-10-25T16:14:50.623+0200] {processor.py:842} WARNING - No viable dags retrieved from /Users/youssefdaaloul/venv/dbt_snowflake/airflow_venv_39/lib/python3.11/site-packages/airflow/example_dags/plugins/event_listener.py
[2025-10-25T16:14:50.652+0200] {processor.py:183} INFO - Processing /Users/youssefdaaloul/venv/dbt_snowflake/airflow_venv_39/lib/python3.11/site-packages/airflow/example_dags/plugins/event_listener.py took 0.031 seconds
[2025-10-25T16:15:53.416+0200] {processor.py:161} INFO - Started process (PID=71598) to work on /Users/youssefdaaloul/venv/dbt_snowflake/airflow_venv_39/lib/python3.11/site-packages/airflow/example_dags/plugins/event_listener.py
[2025-10-25T16:15:53.418+0200] {processor.py:830} INFO - Processing file /Users/youssefdaaloul/venv/dbt_snowflake/airflow_venv_39/lib/python3.11/site-packages/airflow/example_dags/plugins/event_listener.py for tasks to queue
[2025-10-25T16:15:53.418+0200] {logging_mixin.py:188} INFO - [2025-10-25T16:15:53.418+0200] {dagbag.py:538} INFO - Filling up the DagBag from /Users/youssefdaaloul/venv/dbt_snowflake/airflow_venv_39/lib/python3.11/site-packages/airflow/example_dags/plugins/event_listener.py
[2025-10-25T16:15:53.418+0200] {processor.py:842} WARNING - No viable dags retrieved from /Users/youssefdaaloul/venv/dbt_snowflake/airflow_venv_39/lib/python3.11/site-packages/airflow/example_dags/plugins/event_listener.py
[2025-10-25T16:15:53.449+0200] {processor.py:183} INFO - Processing /Users/youssefdaaloul/venv/dbt_snowflake/airflow_venv_39/lib/python3.11/site-packages/airflow/example_dags/plugins/event_listener.py took 0.033 seconds
[2025-10-25T16:16:52.208+0200] {processor.py:161} INFO - Started process (PID=71640) to work on /Users/youssefdaaloul/venv/dbt_snowflake/airflow_venv_39/lib/python3.11/site-packages/airflow/example_dags/plugins/event_listener.py
[2025-10-25T16:16:52.209+0200] {processor.py:830} INFO - Processing file /Users/youssefdaaloul/venv/dbt_snowflake/airflow_venv_39/lib/python3.11/site-packages/airflow/example_dags/plugins/event_listener.py for tasks to queue
[2025-10-25T16:16:52.209+0200] {logging_mixin.py:188} INFO - [2025-10-25T16:16:52.209+0200] {dagbag.py:538} INFO - Filling up the DagBag from /Users/youssefdaaloul/venv/dbt_snowflake/airflow_venv_39/lib/python3.11/site-packages/airflow/example_dags/plugins/event_listener.py
[2025-10-25T16:16:52.209+0200] {processor.py:842} WARNING - No viable dags retrieved from /Users/youssefdaaloul/venv/dbt_snowflake/airflow_venv_39/lib/python3.11/site-packages/airflow/example_dags/plugins/event_listener.py
[2025-10-25T16:16:52.238+0200] {processor.py:183} INFO - Processing /Users/youssefdaaloul/venv/dbt_snowflake/airflow_venv_39/lib/python3.11/site-packages/airflow/example_dags/plugins/event_listener.py took 0.030 seconds
[2025-10-25T16:17:51.537+0200] {processor.py:161} INFO - Started process (PID=71691) to work on /Users/youssefdaaloul/venv/dbt_snowflake/airflow_venv_39/lib/python3.11/site-packages/airflow/example_dags/plugins/event_listener.py
[2025-10-25T16:17:51.539+0200] {processor.py:830} INFO - Processing file /Users/youssefdaaloul/venv/dbt_snowflake/airflow_venv_39/lib/python3.11/site-packages/airflow/example_dags/plugins/event_listener.py for tasks to queue
[2025-10-25T16:17:51.540+0200] {logging_mixin.py:188} INFO - [2025-10-25T16:17:51.539+0200] {dagbag.py:538} INFO - Filling up the DagBag from /Users/youssefdaaloul/venv/dbt_snowflake/airflow_venv_39/lib/python3.11/site-packages/airflow/example_dags/plugins/event_listener.py
[2025-10-25T16:17:51.540+0200] {processor.py:842} WARNING - No viable dags retrieved from /Users/youssefdaaloul/venv/dbt_snowflake/airflow_venv_39/lib/python3.11/site-packages/airflow/example_dags/plugins/event_listener.py
[2025-10-25T16:17:51.572+0200] {processor.py:183} INFO - Processing /Users/youssefdaaloul/venv/dbt_snowflake/airflow_venv_39/lib/python3.11/site-packages/airflow/example_dags/plugins/event_listener.py took 0.035 seconds
[2025-10-25T16:18:52.300+0200] {processor.py:161} INFO - Started process (PID=71746) to work on /Users/youssefdaaloul/venv/dbt_snowflake/airflow_venv_39/lib/python3.11/site-packages/airflow/example_dags/plugins/event_listener.py
[2025-10-25T16:18:52.301+0200] {processor.py:830} INFO - Processing file /Users/youssefdaaloul/venv/dbt_snowflake/airflow_venv_39/lib/python3.11/site-packages/airflow/example_dags/plugins/event_listener.py for tasks to queue
[2025-10-25T16:18:52.301+0200] {logging_mixin.py:188} INFO - [2025-10-25T16:18:52.301+0200] {dagbag.py:538} INFO - Filling up the DagBag from /Users/youssefdaaloul/venv/dbt_snowflake/airflow_venv_39/lib/python3.11/site-packages/airflow/example_dags/plugins/event_listener.py
[2025-10-25T16:18:52.302+0200] {processor.py:842} WARNING - No viable dags retrieved from /Users/youssefdaaloul/venv/dbt_snowflake/airflow_venv_39/lib/python3.11/site-packages/airflow/example_dags/plugins/event_listener.py
[2025-10-25T16:18:52.328+0200] {processor.py:183} INFO - Processing /Users/youssefdaaloul/venv/dbt_snowflake/airflow_venv_39/lib/python3.11/site-packages/airflow/example_dags/plugins/event_listener.py took 0.028 seconds
[2025-10-25T16:19:58.651+0200] {processor.py:161} INFO - Started process (PID=71807) to work on /Users/youssefdaaloul/venv/dbt_snowflake/airflow_venv_39/lib/python3.11/site-packages/airflow/example_dags/plugins/event_listener.py
[2025-10-25T16:19:58.652+0200] {processor.py:830} INFO - Processing file /Users/youssefdaaloul/venv/dbt_snowflake/airflow_venv_39/lib/python3.11/site-packages/airflow/example_dags/plugins/event_listener.py for tasks to queue
[2025-10-25T16:19:58.652+0200] {logging_mixin.py:188} INFO - [2025-10-25T16:19:58.652+0200] {dagbag.py:538} INFO - Filling up the DagBag from /Users/youssefdaaloul/venv/dbt_snowflake/airflow_venv_39/lib/python3.11/site-packages/airflow/example_dags/plugins/event_listener.py
[2025-10-25T16:19:58.653+0200] {processor.py:842} WARNING - No viable dags retrieved from /Users/youssefdaaloul/venv/dbt_snowflake/airflow_venv_39/lib/python3.11/site-packages/airflow/example_dags/plugins/event_listener.py
[2025-10-25T16:19:58.682+0200] {processor.py:183} INFO - Processing /Users/youssefdaaloul/venv/dbt_snowflake/airflow_venv_39/lib/python3.11/site-packages/airflow/example_dags/plugins/event_listener.py took 0.031 seconds
[2025-10-25T16:20:58.200+0200] {processor.py:161} INFO - Started process (PID=71869) to work on /Users/youssefdaaloul/venv/dbt_snowflake/airflow_venv_39/lib/python3.11/site-packages/airflow/example_dags/plugins/event_listener.py
[2025-10-25T16:20:58.201+0200] {processor.py:830} INFO - Processing file /Users/youssefdaaloul/venv/dbt_snowflake/airflow_venv_39/lib/python3.11/site-packages/airflow/example_dags/plugins/event_listener.py for tasks to queue
[2025-10-25T16:20:58.201+0200] {logging_mixin.py:188} INFO - [2025-10-25T16:20:58.201+0200] {dagbag.py:538} INFO - Filling up the DagBag from /Users/youssefdaaloul/venv/dbt_snowflake/airflow_venv_39/lib/python3.11/site-packages/airflow/example_dags/plugins/event_listener.py
[2025-10-25T16:20:58.202+0200] {processor.py:842} WARNING - No viable dags retrieved from /Users/youssefdaaloul/venv/dbt_snowflake/airflow_venv_39/lib/python3.11/site-packages/airflow/example_dags/plugins/event_listener.py
[2025-10-25T16:20:58.228+0200] {processor.py:183} INFO - Processing /Users/youssefdaaloul/venv/dbt_snowflake/airflow_venv_39/lib/python3.11/site-packages/airflow/example_dags/plugins/event_listener.py took 0.028 seconds
[2025-10-25T16:21:53.498+0200] {processor.py:161} INFO - Started process (PID=71912) to work on /Users/youssefdaaloul/venv/dbt_snowflake/airflow_venv_39/lib/python3.11/site-packages/airflow/example_dags/plugins/event_listener.py
[2025-10-25T16:21:53.499+0200] {processor.py:830} INFO - Processing file /Users/youssefdaaloul/venv/dbt_snowflake/airflow_venv_39/lib/python3.11/site-packages/airflow/example_dags/plugins/event_listener.py for tasks to queue
[2025-10-25T16:21:53.500+0200] {logging_mixin.py:188} INFO - [2025-10-25T16:21:53.499+0200] {dagbag.py:538} INFO - Filling up the DagBag from /Users/youssefdaaloul/venv/dbt_snowflake/airflow_venv_39/lib/python3.11/site-packages/airflow/example_dags/plugins/event_listener.py
[2025-10-25T16:21:53.500+0200] {processor.py:842} WARNING - No viable dags retrieved from /Users/youssefdaaloul/venv/dbt_snowflake/airflow_venv_39/lib/python3.11/site-packages/airflow/example_dags/plugins/event_listener.py
[2025-10-25T16:21:53.527+0200] {processor.py:183} INFO - Processing /Users/youssefdaaloul/venv/dbt_snowflake/airflow_venv_39/lib/python3.11/site-packages/airflow/example_dags/plugins/event_listener.py took 0.030 seconds
[2025-10-25T16:22:46.473+0200] {processor.py:161} INFO - Started process (PID=71958) to work on /Users/youssefdaaloul/venv/dbt_snowflake/airflow_venv_39/lib/python3.11/site-packages/airflow/example_dags/plugins/event_listener.py
[2025-10-25T16:22:46.474+0200] {processor.py:830} INFO - Processing file /Users/youssefdaaloul/venv/dbt_snowflake/airflow_venv_39/lib/python3.11/site-packages/airflow/example_dags/plugins/event_listener.py for tasks to queue
[2025-10-25T16:22:46.474+0200] {logging_mixin.py:188} INFO - [2025-10-25T16:22:46.474+0200] {dagbag.py:538} INFO - Filling up the DagBag from /Users/youssefdaaloul/venv/dbt_snowflake/airflow_venv_39/lib/python3.11/site-packages/airflow/example_dags/plugins/event_listener.py
[2025-10-25T16:22:46.475+0200] {processor.py:842} WARNING - No viable dags retrieved from /Users/youssefdaaloul/venv/dbt_snowflake/airflow_venv_39/lib/python3.11/site-packages/airflow/example_dags/plugins/event_listener.py
[2025-10-25T16:22:46.503+0200] {processor.py:183} INFO - Processing /Users/youssefdaaloul/venv/dbt_snowflake/airflow_venv_39/lib/python3.11/site-packages/airflow/example_dags/plugins/event_listener.py took 0.030 seconds
[2025-10-25T16:23:39.702+0200] {processor.py:161} INFO - Started process (PID=72017) to work on /Users/youssefdaaloul/venv/dbt_snowflake/airflow_venv_39/lib/python3.11/site-packages/airflow/example_dags/plugins/event_listener.py
[2025-10-25T16:23:39.703+0200] {processor.py:830} INFO - Processing file /Users/youssefdaaloul/venv/dbt_snowflake/airflow_venv_39/lib/python3.11/site-packages/airflow/example_dags/plugins/event_listener.py for tasks to queue
[2025-10-25T16:23:39.703+0200] {logging_mixin.py:188} INFO - [2025-10-25T16:23:39.703+0200] {dagbag.py:538} INFO - Filling up the DagBag from /Users/youssefdaaloul/venv/dbt_snowflake/airflow_venv_39/lib/python3.11/site-packages/airflow/example_dags/plugins/event_listener.py
[2025-10-25T16:23:39.704+0200] {processor.py:842} WARNING - No viable dags retrieved from /Users/youssefdaaloul/venv/dbt_snowflake/airflow_venv_39/lib/python3.11/site-packages/airflow/example_dags/plugins/event_listener.py
[2025-10-25T16:23:39.730+0200] {processor.py:183} INFO - Processing /Users/youssefdaaloul/venv/dbt_snowflake/airflow_venv_39/lib/python3.11/site-packages/airflow/example_dags/plugins/event_listener.py took 0.029 seconds
[2025-10-25T16:24:36.082+0200] {processor.py:161} INFO - Started process (PID=72071) to work on /Users/youssefdaaloul/venv/dbt_snowflake/airflow_venv_39/lib/python3.11/site-packages/airflow/example_dags/plugins/event_listener.py
[2025-10-25T16:24:36.083+0200] {processor.py:830} INFO - Processing file /Users/youssefdaaloul/venv/dbt_snowflake/airflow_venv_39/lib/python3.11/site-packages/airflow/example_dags/plugins/event_listener.py for tasks to queue
[2025-10-25T16:24:36.084+0200] {logging_mixin.py:188} INFO - [2025-10-25T16:24:36.083+0200] {dagbag.py:538} INFO - Filling up the DagBag from /Users/youssefdaaloul/venv/dbt_snowflake/airflow_venv_39/lib/python3.11/site-packages/airflow/example_dags/plugins/event_listener.py
[2025-10-25T16:24:36.084+0200] {processor.py:842} WARNING - No viable dags retrieved from /Users/youssefdaaloul/venv/dbt_snowflake/airflow_venv_39/lib/python3.11/site-packages/airflow/example_dags/plugins/event_listener.py
[2025-10-25T16:24:36.111+0200] {processor.py:183} INFO - Processing /Users/youssefdaaloul/venv/dbt_snowflake/airflow_venv_39/lib/python3.11/site-packages/airflow/example_dags/plugins/event_listener.py took 0.029 seconds
[2025-10-25T16:25:30.751+0200] {processor.py:161} INFO - Started process (PID=72116) to work on /Users/youssefdaaloul/venv/dbt_snowflake/airflow_venv_39/lib/python3.11/site-packages/airflow/example_dags/plugins/event_listener.py
[2025-10-25T16:25:30.753+0200] {processor.py:830} INFO - Processing file /Users/youssefdaaloul/venv/dbt_snowflake/airflow_venv_39/lib/python3.11/site-packages/airflow/example_dags/plugins/event_listener.py for tasks to queue
[2025-10-25T16:25:30.753+0200] {logging_mixin.py:188} INFO - [2025-10-25T16:25:30.753+0200] {dagbag.py:538} INFO - Filling up the DagBag from /Users/youssefdaaloul/venv/dbt_snowflake/airflow_venv_39/lib/python3.11/site-packages/airflow/example_dags/plugins/event_listener.py
[2025-10-25T16:25:30.754+0200] {processor.py:842} WARNING - No viable dags retrieved from /Users/youssefdaaloul/venv/dbt_snowflake/airflow_venv_39/lib/python3.11/site-packages/airflow/example_dags/plugins/event_listener.py
[2025-10-25T16:25:30.781+0200] {processor.py:183} INFO - Processing /Users/youssefdaaloul/venv/dbt_snowflake/airflow_venv_39/lib/python3.11/site-packages/airflow/example_dags/plugins/event_listener.py took 0.030 seconds
[2025-10-25T16:26:24.170+0200] {processor.py:161} INFO - Started process (PID=72188) to work on /Users/youssefdaaloul/venv/dbt_snowflake/airflow_venv_39/lib/python3.11/site-packages/airflow/example_dags/plugins/event_listener.py
[2025-10-25T16:26:24.170+0200] {processor.py:830} INFO - Processing file /Users/youssefdaaloul/venv/dbt_snowflake/airflow_venv_39/lib/python3.11/site-packages/airflow/example_dags/plugins/event_listener.py for tasks to queue
[2025-10-25T16:26:24.170+0200] {logging_mixin.py:188} INFO - [2025-10-25T16:26:24.170+0200] {dagbag.py:538} INFO - Filling up the DagBag from /Users/youssefdaaloul/venv/dbt_snowflake/airflow_venv_39/lib/python3.11/site-packages/airflow/example_dags/plugins/event_listener.py
[2025-10-25T16:26:24.171+0200] {processor.py:842} WARNING - No viable dags retrieved from /Users/youssefdaaloul/venv/dbt_snowflake/airflow_venv_39/lib/python3.11/site-packages/airflow/example_dags/plugins/event_listener.py
[2025-10-25T16:26:24.199+0200] {processor.py:183} INFO - Processing /Users/youssefdaaloul/venv/dbt_snowflake/airflow_venv_39/lib/python3.11/site-packages/airflow/example_dags/plugins/event_listener.py took 0.030 seconds
[2025-10-25T16:27:17.365+0200] {processor.py:161} INFO - Started process (PID=72226) to work on /Users/youssefdaaloul/venv/dbt_snowflake/airflow_venv_39/lib/python3.11/site-packages/airflow/example_dags/plugins/event_listener.py
[2025-10-25T16:27:17.367+0200] {processor.py:830} INFO - Processing file /Users/youssefdaaloul/venv/dbt_snowflake/airflow_venv_39/lib/python3.11/site-packages/airflow/example_dags/plugins/event_listener.py for tasks to queue
[2025-10-25T16:27:17.367+0200] {logging_mixin.py:188} INFO - [2025-10-25T16:27:17.367+0200] {dagbag.py:538} INFO - Filling up the DagBag from /Users/youssefdaaloul/venv/dbt_snowflake/airflow_venv_39/lib/python3.11/site-packages/airflow/example_dags/plugins/event_listener.py
[2025-10-25T16:27:17.368+0200] {processor.py:842} WARNING - No viable dags retrieved from /Users/youssefdaaloul/venv/dbt_snowflake/airflow_venv_39/lib/python3.11/site-packages/airflow/example_dags/plugins/event_listener.py
[2025-10-25T16:27:17.404+0200] {processor.py:183} INFO - Processing /Users/youssefdaaloul/venv/dbt_snowflake/airflow_venv_39/lib/python3.11/site-packages/airflow/example_dags/plugins/event_listener.py took 0.039 seconds
[2025-10-25T16:28:15.829+0200] {processor.py:161} INFO - Started process (PID=72297) to work on /Users/youssefdaaloul/venv/dbt_snowflake/airflow_venv_39/lib/python3.11/site-packages/airflow/example_dags/plugins/event_listener.py
[2025-10-25T16:28:15.830+0200] {processor.py:830} INFO - Processing file /Users/youssefdaaloul/venv/dbt_snowflake/airflow_venv_39/lib/python3.11/site-packages/airflow/example_dags/plugins/event_listener.py for tasks to queue
[2025-10-25T16:28:15.835+0200] {logging_mixin.py:188} INFO - [2025-10-25T16:28:15.831+0200] {dagbag.py:538} INFO - Filling up the DagBag from /Users/youssefdaaloul/venv/dbt_snowflake/airflow_venv_39/lib/python3.11/site-packages/airflow/example_dags/plugins/event_listener.py
[2025-10-25T16:28:15.836+0200] {processor.py:842} WARNING - No viable dags retrieved from /Users/youssefdaaloul/venv/dbt_snowflake/airflow_venv_39/lib/python3.11/site-packages/airflow/example_dags/plugins/event_listener.py
[2025-10-25T16:28:15.899+0200] {processor.py:183} INFO - Processing /Users/youssefdaaloul/venv/dbt_snowflake/airflow_venv_39/lib/python3.11/site-packages/airflow/example_dags/plugins/event_listener.py took 0.073 seconds
[2025-10-25T16:29:14.858+0200] {processor.py:161} INFO - Started process (PID=72346) to work on /Users/youssefdaaloul/venv/dbt_snowflake/airflow_venv_39/lib/python3.11/site-packages/airflow/example_dags/plugins/event_listener.py
[2025-10-25T16:29:14.858+0200] {processor.py:830} INFO - Processing file /Users/youssefdaaloul/venv/dbt_snowflake/airflow_venv_39/lib/python3.11/site-packages/airflow/example_dags/plugins/event_listener.py for tasks to queue
[2025-10-25T16:29:14.859+0200] {logging_mixin.py:188} INFO - [2025-10-25T16:29:14.859+0200] {dagbag.py:538} INFO - Filling up the DagBag from /Users/youssefdaaloul/venv/dbt_snowflake/airflow_venv_39/lib/python3.11/site-packages/airflow/example_dags/plugins/event_listener.py
[2025-10-25T16:29:14.859+0200] {processor.py:842} WARNING - No viable dags retrieved from /Users/youssefdaaloul/venv/dbt_snowflake/airflow_venv_39/lib/python3.11/site-packages/airflow/example_dags/plugins/event_listener.py
[2025-10-25T16:29:14.892+0200] {processor.py:183} INFO - Processing /Users/youssefdaaloul/venv/dbt_snowflake/airflow_venv_39/lib/python3.11/site-packages/airflow/example_dags/plugins/event_listener.py took 0.035 seconds
[2025-10-25T16:30:13.138+0200] {processor.py:161} INFO - Started process (PID=72417) to work on /Users/youssefdaaloul/venv/dbt_snowflake/airflow_venv_39/lib/python3.11/site-packages/airflow/example_dags/plugins/event_listener.py
[2025-10-25T16:30:13.139+0200] {processor.py:830} INFO - Processing file /Users/youssefdaaloul/venv/dbt_snowflake/airflow_venv_39/lib/python3.11/site-packages/airflow/example_dags/plugins/event_listener.py for tasks to queue
[2025-10-25T16:30:13.139+0200] {logging_mixin.py:188} INFO - [2025-10-25T16:30:13.139+0200] {dagbag.py:538} INFO - Filling up the DagBag from /Users/youssefdaaloul/venv/dbt_snowflake/airflow_venv_39/lib/python3.11/site-packages/airflow/example_dags/plugins/event_listener.py
[2025-10-25T16:30:13.139+0200] {processor.py:842} WARNING - No viable dags retrieved from /Users/youssefdaaloul/venv/dbt_snowflake/airflow_venv_39/lib/python3.11/site-packages/airflow/example_dags/plugins/event_listener.py
[2025-10-25T16:30:13.168+0200] {processor.py:183} INFO - Processing /Users/youssefdaaloul/venv/dbt_snowflake/airflow_venv_39/lib/python3.11/site-packages/airflow/example_dags/plugins/event_listener.py took 0.030 seconds
[2025-10-25T16:31:13.412+0200] {processor.py:161} INFO - Started process (PID=72501) to work on /Users/youssefdaaloul/venv/dbt_snowflake/airflow_venv_39/lib/python3.11/site-packages/airflow/example_dags/plugins/event_listener.py
[2025-10-25T16:31:13.413+0200] {processor.py:830} INFO - Processing file /Users/youssefdaaloul/venv/dbt_snowflake/airflow_venv_39/lib/python3.11/site-packages/airflow/example_dags/plugins/event_listener.py for tasks to queue
[2025-10-25T16:31:13.413+0200] {logging_mixin.py:188} INFO - [2025-10-25T16:31:13.413+0200] {dagbag.py:538} INFO - Filling up the DagBag from /Users/youssefdaaloul/venv/dbt_snowflake/airflow_venv_39/lib/python3.11/site-packages/airflow/example_dags/plugins/event_listener.py
[2025-10-25T16:31:13.414+0200] {processor.py:842} WARNING - No viable dags retrieved from /Users/youssefdaaloul/venv/dbt_snowflake/airflow_venv_39/lib/python3.11/site-packages/airflow/example_dags/plugins/event_listener.py
[2025-10-25T16:31:13.442+0200] {processor.py:183} INFO - Processing /Users/youssefdaaloul/venv/dbt_snowflake/airflow_venv_39/lib/python3.11/site-packages/airflow/example_dags/plugins/event_listener.py took 0.030 seconds
[2025-10-25T16:32:07.966+0200] {processor.py:161} INFO - Started process (PID=72588) to work on /Users/youssefdaaloul/venv/dbt_snowflake/airflow_venv_39/lib/python3.11/site-packages/airflow/example_dags/plugins/event_listener.py
[2025-10-25T16:32:07.968+0200] {processor.py:830} INFO - Processing file /Users/youssefdaaloul/venv/dbt_snowflake/airflow_venv_39/lib/python3.11/site-packages/airflow/example_dags/plugins/event_listener.py for tasks to queue
[2025-10-25T16:32:07.968+0200] {logging_mixin.py:188} INFO - [2025-10-25T16:32:07.968+0200] {dagbag.py:538} INFO - Filling up the DagBag from /Users/youssefdaaloul/venv/dbt_snowflake/airflow_venv_39/lib/python3.11/site-packages/airflow/example_dags/plugins/event_listener.py
[2025-10-25T16:32:07.969+0200] {processor.py:842} WARNING - No viable dags retrieved from /Users/youssefdaaloul/venv/dbt_snowflake/airflow_venv_39/lib/python3.11/site-packages/airflow/example_dags/plugins/event_listener.py
[2025-10-25T16:32:07.996+0200] {processor.py:183} INFO - Processing /Users/youssefdaaloul/venv/dbt_snowflake/airflow_venv_39/lib/python3.11/site-packages/airflow/example_dags/plugins/event_listener.py took 0.030 seconds
[2025-10-25T16:33:05.140+0200] {processor.py:161} INFO - Started process (PID=72641) to work on /Users/youssefdaaloul/venv/dbt_snowflake/airflow_venv_39/lib/python3.11/site-packages/airflow/example_dags/plugins/event_listener.py
[2025-10-25T16:33:05.141+0200] {processor.py:830} INFO - Processing file /Users/youssefdaaloul/venv/dbt_snowflake/airflow_venv_39/lib/python3.11/site-packages/airflow/example_dags/plugins/event_listener.py for tasks to queue
[2025-10-25T16:33:05.142+0200] {logging_mixin.py:188} INFO - [2025-10-25T16:33:05.142+0200] {dagbag.py:538} INFO - Filling up the DagBag from /Users/youssefdaaloul/venv/dbt_snowflake/airflow_venv_39/lib/python3.11/site-packages/airflow/example_dags/plugins/event_listener.py
[2025-10-25T16:33:05.142+0200] {processor.py:842} WARNING - No viable dags retrieved from /Users/youssefdaaloul/venv/dbt_snowflake/airflow_venv_39/lib/python3.11/site-packages/airflow/example_dags/plugins/event_listener.py
[2025-10-25T16:33:05.169+0200] {processor.py:183} INFO - Processing /Users/youssefdaaloul/venv/dbt_snowflake/airflow_venv_39/lib/python3.11/site-packages/airflow/example_dags/plugins/event_listener.py took 0.029 seconds
[2025-10-25T16:34:05.671+0200] {processor.py:161} INFO - Started process (PID=72715) to work on /Users/youssefdaaloul/venv/dbt_snowflake/airflow_venv_39/lib/python3.11/site-packages/airflow/example_dags/plugins/event_listener.py
[2025-10-25T16:34:05.672+0200] {processor.py:830} INFO - Processing file /Users/youssefdaaloul/venv/dbt_snowflake/airflow_venv_39/lib/python3.11/site-packages/airflow/example_dags/plugins/event_listener.py for tasks to queue
[2025-10-25T16:34:05.672+0200] {logging_mixin.py:188} INFO - [2025-10-25T16:34:05.672+0200] {dagbag.py:538} INFO - Filling up the DagBag from /Users/youssefdaaloul/venv/dbt_snowflake/airflow_venv_39/lib/python3.11/site-packages/airflow/example_dags/plugins/event_listener.py
[2025-10-25T16:34:05.672+0200] {processor.py:842} WARNING - No viable dags retrieved from /Users/youssefdaaloul/venv/dbt_snowflake/airflow_venv_39/lib/python3.11/site-packages/airflow/example_dags/plugins/event_listener.py
[2025-10-25T16:34:05.703+0200] {processor.py:183} INFO - Processing /Users/youssefdaaloul/venv/dbt_snowflake/airflow_venv_39/lib/python3.11/site-packages/airflow/example_dags/plugins/event_listener.py took 0.032 seconds
[2025-10-25T16:35:04.546+0200] {processor.py:161} INFO - Started process (PID=72813) to work on /Users/youssefdaaloul/venv/dbt_snowflake/airflow_venv_39/lib/python3.11/site-packages/airflow/example_dags/plugins/event_listener.py
[2025-10-25T16:35:04.546+0200] {processor.py:830} INFO - Processing file /Users/youssefdaaloul/venv/dbt_snowflake/airflow_venv_39/lib/python3.11/site-packages/airflow/example_dags/plugins/event_listener.py for tasks to queue
[2025-10-25T16:35:04.547+0200] {logging_mixin.py:188} INFO - [2025-10-25T16:35:04.546+0200] {dagbag.py:538} INFO - Filling up the DagBag from /Users/youssefdaaloul/venv/dbt_snowflake/airflow_venv_39/lib/python3.11/site-packages/airflow/example_dags/plugins/event_listener.py
[2025-10-25T16:35:04.547+0200] {processor.py:842} WARNING - No viable dags retrieved from /Users/youssefdaaloul/venv/dbt_snowflake/airflow_venv_39/lib/python3.11/site-packages/airflow/example_dags/plugins/event_listener.py
[2025-10-25T16:35:04.575+0200] {processor.py:183} INFO - Processing /Users/youssefdaaloul/venv/dbt_snowflake/airflow_venv_39/lib/python3.11/site-packages/airflow/example_dags/plugins/event_listener.py took 0.030 seconds
[2025-10-25T16:36:04.072+0200] {processor.py:161} INFO - Started process (PID=72885) to work on /Users/youssefdaaloul/venv/dbt_snowflake/airflow_venv_39/lib/python3.11/site-packages/airflow/example_dags/plugins/event_listener.py
[2025-10-25T16:36:04.073+0200] {processor.py:830} INFO - Processing file /Users/youssefdaaloul/venv/dbt_snowflake/airflow_venv_39/lib/python3.11/site-packages/airflow/example_dags/plugins/event_listener.py for tasks to queue
[2025-10-25T16:36:04.073+0200] {logging_mixin.py:188} INFO - [2025-10-25T16:36:04.073+0200] {dagbag.py:538} INFO - Filling up the DagBag from /Users/youssefdaaloul/venv/dbt_snowflake/airflow_venv_39/lib/python3.11/site-packages/airflow/example_dags/plugins/event_listener.py
[2025-10-25T16:36:04.074+0200] {processor.py:842} WARNING - No viable dags retrieved from /Users/youssefdaaloul/venv/dbt_snowflake/airflow_venv_39/lib/python3.11/site-packages/airflow/example_dags/plugins/event_listener.py
[2025-10-25T16:36:04.100+0200] {processor.py:183} INFO - Processing /Users/youssefdaaloul/venv/dbt_snowflake/airflow_venv_39/lib/python3.11/site-packages/airflow/example_dags/plugins/event_listener.py took 0.029 seconds
[2025-10-25T16:43:44.612+0200] {processor.py:161} INFO - Started process (PID=73813) to work on /Users/youssefdaaloul/venv/dbt_snowflake/airflow_venv_39/lib/python3.11/site-packages/airflow/example_dags/plugins/event_listener.py
[2025-10-25T16:43:44.613+0200] {processor.py:830} INFO - Processing file /Users/youssefdaaloul/venv/dbt_snowflake/airflow_venv_39/lib/python3.11/site-packages/airflow/example_dags/plugins/event_listener.py for tasks to queue
[2025-10-25T16:43:44.614+0200] {logging_mixin.py:188} INFO - [2025-10-25T16:43:44.614+0200] {dagbag.py:538} INFO - Filling up the DagBag from /Users/youssefdaaloul/venv/dbt_snowflake/airflow_venv_39/lib/python3.11/site-packages/airflow/example_dags/plugins/event_listener.py
[2025-10-25T16:43:44.614+0200] {processor.py:842} WARNING - No viable dags retrieved from /Users/youssefdaaloul/venv/dbt_snowflake/airflow_venv_39/lib/python3.11/site-packages/airflow/example_dags/plugins/event_listener.py
[2025-10-25T16:43:44.641+0200] {processor.py:183} INFO - Processing /Users/youssefdaaloul/venv/dbt_snowflake/airflow_venv_39/lib/python3.11/site-packages/airflow/example_dags/plugins/event_listener.py took 0.029 seconds
[2025-10-25T16:44:41.538+0200] {processor.py:161} INFO - Started process (PID=73939) to work on /Users/youssefdaaloul/venv/dbt_snowflake/airflow_venv_39/lib/python3.11/site-packages/airflow/example_dags/plugins/event_listener.py
[2025-10-25T16:44:41.538+0200] {processor.py:830} INFO - Processing file /Users/youssefdaaloul/venv/dbt_snowflake/airflow_venv_39/lib/python3.11/site-packages/airflow/example_dags/plugins/event_listener.py for tasks to queue
[2025-10-25T16:44:41.539+0200] {logging_mixin.py:188} INFO - [2025-10-25T16:44:41.539+0200] {dagbag.py:538} INFO - Filling up the DagBag from /Users/youssefdaaloul/venv/dbt_snowflake/airflow_venv_39/lib/python3.11/site-packages/airflow/example_dags/plugins/event_listener.py
[2025-10-25T16:44:41.539+0200] {processor.py:842} WARNING - No viable dags retrieved from /Users/youssefdaaloul/venv/dbt_snowflake/airflow_venv_39/lib/python3.11/site-packages/airflow/example_dags/plugins/event_listener.py
[2025-10-25T16:44:41.566+0200] {processor.py:183} INFO - Processing /Users/youssefdaaloul/venv/dbt_snowflake/airflow_venv_39/lib/python3.11/site-packages/airflow/example_dags/plugins/event_listener.py took 0.029 seconds
[2025-10-25T16:45:38.487+0200] {processor.py:161} INFO - Started process (PID=73986) to work on /Users/youssefdaaloul/venv/dbt_snowflake/airflow_venv_39/lib/python3.11/site-packages/airflow/example_dags/plugins/event_listener.py
[2025-10-25T16:45:38.488+0200] {processor.py:830} INFO - Processing file /Users/youssefdaaloul/venv/dbt_snowflake/airflow_venv_39/lib/python3.11/site-packages/airflow/example_dags/plugins/event_listener.py for tasks to queue
[2025-10-25T16:45:38.488+0200] {logging_mixin.py:188} INFO - [2025-10-25T16:45:38.488+0200] {dagbag.py:538} INFO - Filling up the DagBag from /Users/youssefdaaloul/venv/dbt_snowflake/airflow_venv_39/lib/python3.11/site-packages/airflow/example_dags/plugins/event_listener.py
[2025-10-25T16:45:38.489+0200] {processor.py:842} WARNING - No viable dags retrieved from /Users/youssefdaaloul/venv/dbt_snowflake/airflow_venv_39/lib/python3.11/site-packages/airflow/example_dags/plugins/event_listener.py
[2025-10-25T16:45:38.520+0200] {processor.py:183} INFO - Processing /Users/youssefdaaloul/venv/dbt_snowflake/airflow_venv_39/lib/python3.11/site-packages/airflow/example_dags/plugins/event_listener.py took 0.033 seconds
[2025-10-25T16:46:39.742+0200] {processor.py:161} INFO - Started process (PID=74037) to work on /Users/youssefdaaloul/venv/dbt_snowflake/airflow_venv_39/lib/python3.11/site-packages/airflow/example_dags/plugins/event_listener.py
[2025-10-25T16:46:39.743+0200] {processor.py:830} INFO - Processing file /Users/youssefdaaloul/venv/dbt_snowflake/airflow_venv_39/lib/python3.11/site-packages/airflow/example_dags/plugins/event_listener.py for tasks to queue
[2025-10-25T16:46:39.743+0200] {logging_mixin.py:188} INFO - [2025-10-25T16:46:39.743+0200] {dagbag.py:538} INFO - Filling up the DagBag from /Users/youssefdaaloul/venv/dbt_snowflake/airflow_venv_39/lib/python3.11/site-packages/airflow/example_dags/plugins/event_listener.py
[2025-10-25T16:46:39.744+0200] {processor.py:842} WARNING - No viable dags retrieved from /Users/youssefdaaloul/venv/dbt_snowflake/airflow_venv_39/lib/python3.11/site-packages/airflow/example_dags/plugins/event_listener.py
[2025-10-25T16:46:39.773+0200] {processor.py:183} INFO - Processing /Users/youssefdaaloul/venv/dbt_snowflake/airflow_venv_39/lib/python3.11/site-packages/airflow/example_dags/plugins/event_listener.py took 0.031 seconds
[2025-10-25T16:47:37.685+0200] {processor.py:161} INFO - Started process (PID=74083) to work on /Users/youssefdaaloul/venv/dbt_snowflake/airflow_venv_39/lib/python3.11/site-packages/airflow/example_dags/plugins/event_listener.py
[2025-10-25T16:47:37.686+0200] {processor.py:830} INFO - Processing file /Users/youssefdaaloul/venv/dbt_snowflake/airflow_venv_39/lib/python3.11/site-packages/airflow/example_dags/plugins/event_listener.py for tasks to queue
[2025-10-25T16:47:37.686+0200] {logging_mixin.py:188} INFO - [2025-10-25T16:47:37.686+0200] {dagbag.py:538} INFO - Filling up the DagBag from /Users/youssefdaaloul/venv/dbt_snowflake/airflow_venv_39/lib/python3.11/site-packages/airflow/example_dags/plugins/event_listener.py
[2025-10-25T16:47:37.687+0200] {processor.py:842} WARNING - No viable dags retrieved from /Users/youssefdaaloul/venv/dbt_snowflake/airflow_venv_39/lib/python3.11/site-packages/airflow/example_dags/plugins/event_listener.py
[2025-10-25T16:47:37.715+0200] {processor.py:183} INFO - Processing /Users/youssefdaaloul/venv/dbt_snowflake/airflow_venv_39/lib/python3.11/site-packages/airflow/example_dags/plugins/event_listener.py took 0.030 seconds
[2025-10-25T16:48:32.081+0200] {processor.py:161} INFO - Started process (PID=74140) to work on /Users/youssefdaaloul/venv/dbt_snowflake/airflow_venv_39/lib/python3.11/site-packages/airflow/example_dags/plugins/event_listener.py
[2025-10-25T16:48:32.082+0200] {processor.py:830} INFO - Processing file /Users/youssefdaaloul/venv/dbt_snowflake/airflow_venv_39/lib/python3.11/site-packages/airflow/example_dags/plugins/event_listener.py for tasks to queue
[2025-10-25T16:48:32.082+0200] {logging_mixin.py:188} INFO - [2025-10-25T16:48:32.082+0200] {dagbag.py:538} INFO - Filling up the DagBag from /Users/youssefdaaloul/venv/dbt_snowflake/airflow_venv_39/lib/python3.11/site-packages/airflow/example_dags/plugins/event_listener.py
[2025-10-25T16:48:32.083+0200] {processor.py:842} WARNING - No viable dags retrieved from /Users/youssefdaaloul/venv/dbt_snowflake/airflow_venv_39/lib/python3.11/site-packages/airflow/example_dags/plugins/event_listener.py
[2025-10-25T16:48:32.115+0200] {processor.py:183} INFO - Processing /Users/youssefdaaloul/venv/dbt_snowflake/airflow_venv_39/lib/python3.11/site-packages/airflow/example_dags/plugins/event_listener.py took 0.034 seconds
[2025-10-25T16:49:28.379+0200] {processor.py:161} INFO - Started process (PID=74205) to work on /Users/youssefdaaloul/venv/dbt_snowflake/airflow_venv_39/lib/python3.11/site-packages/airflow/example_dags/plugins/event_listener.py
[2025-10-25T16:49:28.379+0200] {processor.py:830} INFO - Processing file /Users/youssefdaaloul/venv/dbt_snowflake/airflow_venv_39/lib/python3.11/site-packages/airflow/example_dags/plugins/event_listener.py for tasks to queue
[2025-10-25T16:49:28.380+0200] {logging_mixin.py:188} INFO - [2025-10-25T16:49:28.380+0200] {dagbag.py:538} INFO - Filling up the DagBag from /Users/youssefdaaloul/venv/dbt_snowflake/airflow_venv_39/lib/python3.11/site-packages/airflow/example_dags/plugins/event_listener.py
[2025-10-25T16:49:28.380+0200] {processor.py:842} WARNING - No viable dags retrieved from /Users/youssefdaaloul/venv/dbt_snowflake/airflow_venv_39/lib/python3.11/site-packages/airflow/example_dags/plugins/event_listener.py
[2025-10-25T16:49:28.408+0200] {processor.py:183} INFO - Processing /Users/youssefdaaloul/venv/dbt_snowflake/airflow_venv_39/lib/python3.11/site-packages/airflow/example_dags/plugins/event_listener.py took 0.030 seconds
[2025-10-25T16:50:26.396+0200] {processor.py:161} INFO - Started process (PID=74246) to work on /Users/youssefdaaloul/venv/dbt_snowflake/airflow_venv_39/lib/python3.11/site-packages/airflow/example_dags/plugins/event_listener.py
[2025-10-25T16:50:26.396+0200] {processor.py:830} INFO - Processing file /Users/youssefdaaloul/venv/dbt_snowflake/airflow_venv_39/lib/python3.11/site-packages/airflow/example_dags/plugins/event_listener.py for tasks to queue
[2025-10-25T16:50:26.397+0200] {logging_mixin.py:188} INFO - [2025-10-25T16:50:26.396+0200] {dagbag.py:538} INFO - Filling up the DagBag from /Users/youssefdaaloul/venv/dbt_snowflake/airflow_venv_39/lib/python3.11/site-packages/airflow/example_dags/plugins/event_listener.py
[2025-10-25T16:50:26.397+0200] {processor.py:842} WARNING - No viable dags retrieved from /Users/youssefdaaloul/venv/dbt_snowflake/airflow_venv_39/lib/python3.11/site-packages/airflow/example_dags/plugins/event_listener.py
[2025-10-25T16:50:26.425+0200] {processor.py:183} INFO - Processing /Users/youssefdaaloul/venv/dbt_snowflake/airflow_venv_39/lib/python3.11/site-packages/airflow/example_dags/plugins/event_listener.py took 0.029 seconds
[2025-10-25T16:51:25.374+0200] {processor.py:161} INFO - Started process (PID=74307) to work on /Users/youssefdaaloul/venv/dbt_snowflake/airflow_venv_39/lib/python3.11/site-packages/airflow/example_dags/plugins/event_listener.py
[2025-10-25T16:51:25.375+0200] {processor.py:830} INFO - Processing file /Users/youssefdaaloul/venv/dbt_snowflake/airflow_venv_39/lib/python3.11/site-packages/airflow/example_dags/plugins/event_listener.py for tasks to queue
[2025-10-25T16:51:25.375+0200] {logging_mixin.py:188} INFO - [2025-10-25T16:51:25.375+0200] {dagbag.py:538} INFO - Filling up the DagBag from /Users/youssefdaaloul/venv/dbt_snowflake/airflow_venv_39/lib/python3.11/site-packages/airflow/example_dags/plugins/event_listener.py
[2025-10-25T16:51:25.375+0200] {processor.py:842} WARNING - No viable dags retrieved from /Users/youssefdaaloul/venv/dbt_snowflake/airflow_venv_39/lib/python3.11/site-packages/airflow/example_dags/plugins/event_listener.py
[2025-10-25T16:51:25.404+0200] {processor.py:183} INFO - Processing /Users/youssefdaaloul/venv/dbt_snowflake/airflow_venv_39/lib/python3.11/site-packages/airflow/example_dags/plugins/event_listener.py took 0.030 seconds
