[2025-10-25T16:08:19.191+0200] {processor.py:161} INFO - Started process (PID=71179) to work on /Users/youssefdaaloul/venv/dbt_snowflake/airflow_venv_39/lib/python3.11/site-packages/airflow/example_dags/plugins/listener_plugin.py
[2025-10-25T16:08:19.192+0200] {processor.py:830} INFO - Processing file /Users/youssefdaaloul/venv/dbt_snowflake/airflow_venv_39/lib/python3.11/site-packages/airflow/example_dags/plugins/listener_plugin.py for tasks to queue
[2025-10-25T16:08:19.192+0200] {logging_mixin.py:188} INFO - [2025-10-25T16:08:19.192+0200] {dagbag.py:538} INFO - Filling up the DagBag from /Users/youssefdaaloul/venv/dbt_snowflake/airflow_venv_39/lib/python3.11/site-packages/airflow/example_dags/plugins/listener_plugin.py
[2025-10-25T16:08:19.193+0200] {processor.py:842} WARNING - No viable dags retrieved from /Users/youssefdaaloul/venv/dbt_snowflake/airflow_venv_39/lib/python3.11/site-packages/airflow/example_dags/plugins/listener_plugin.py
[2025-10-25T16:08:19.221+0200] {processor.py:183} INFO - Processing /Users/youssefdaaloul/venv/dbt_snowflake/airflow_venv_39/lib/python3.11/site-packages/airflow/example_dags/plugins/listener_plugin.py took 0.031 seconds
[2025-10-25T16:09:49.323+0200] {processor.py:161} INFO - Started process (PID=71259) to work on /Users/youssefdaaloul/venv/dbt_snowflake/airflow_venv_39/lib/python3.11/site-packages/airflow/example_dags/plugins/listener_plugin.py
[2025-10-25T16:09:49.324+0200] {processor.py:830} INFO - Processing file /Users/youssefdaaloul/venv/dbt_snowflake/airflow_venv_39/lib/python3.11/site-packages/airflow/example_dags/plugins/listener_plugin.py for tasks to queue
[2025-10-25T16:09:49.324+0200] {logging_mixin.py:188} INFO - [2025-10-25T16:09:49.324+0200] {dagbag.py:538} INFO - Filling up the DagBag from /Users/youssefdaaloul/venv/dbt_snowflake/airflow_venv_39/lib/python3.11/site-packages/airflow/example_dags/plugins/listener_plugin.py
[2025-10-25T16:09:49.326+0200] {processor.py:842} WARNING - No viable dags retrieved from /Users/youssefdaaloul/venv/dbt_snowflake/airflow_venv_39/lib/python3.11/site-packages/airflow/example_dags/plugins/listener_plugin.py
[2025-10-25T16:09:49.356+0200] {processor.py:183} INFO - Processing /Users/youssefdaaloul/venv/dbt_snowflake/airflow_venv_39/lib/python3.11/site-packages/airflow/example_dags/plugins/listener_plugin.py took 0.034 seconds
[2025-10-25T16:10:49.638+0200] {processor.py:161} INFO - Started process (PID=71315) to work on /Users/youssefdaaloul/venv/dbt_snowflake/airflow_venv_39/lib/python3.11/site-packages/airflow/example_dags/plugins/listener_plugin.py
[2025-10-25T16:10:49.639+0200] {processor.py:830} INFO - Processing file /Users/youssefdaaloul/venv/dbt_snowflake/airflow_venv_39/lib/python3.11/site-packages/airflow/example_dags/plugins/listener_plugin.py for tasks to queue
[2025-10-25T16:10:49.639+0200] {logging_mixin.py:188} INFO - [2025-10-25T16:10:49.639+0200] {dagbag.py:538} INFO - Filling up the DagBag from /Users/youssefdaaloul/venv/dbt_snowflake/airflow_venv_39/lib/python3.11/site-packages/airflow/example_dags/plugins/listener_plugin.py
[2025-10-25T16:10:49.643+0200] {processor.py:842} WARNING - No viable dags retrieved from /Users/youssefdaaloul/venv/dbt_snowflake/airflow_venv_39/lib/python3.11/site-packages/airflow/example_dags/plugins/listener_plugin.py
[2025-10-25T16:10:49.678+0200] {processor.py:183} INFO - Processing /Users/youssefdaaloul/venv/dbt_snowflake/airflow_venv_39/lib/python3.11/site-packages/airflow/example_dags/plugins/listener_plugin.py took 0.040 seconds
[2025-10-25T16:11:49.230+0200] {processor.py:161} INFO - Started process (PID=71376) to work on /Users/youssefdaaloul/venv/dbt_snowflake/airflow_venv_39/lib/python3.11/site-packages/airflow/example_dags/plugins/listener_plugin.py
[2025-10-25T16:11:49.232+0200] {processor.py:830} INFO - Processing file /Users/youssefdaaloul/venv/dbt_snowflake/airflow_venv_39/lib/python3.11/site-packages/airflow/example_dags/plugins/listener_plugin.py for tasks to queue
[2025-10-25T16:11:49.232+0200] {logging_mixin.py:188} INFO - [2025-10-25T16:11:49.232+0200] {dagbag.py:538} INFO - Filling up the DagBag from /Users/youssefdaaloul/venv/dbt_snowflake/airflow_venv_39/lib/python3.11/site-packages/airflow/example_dags/plugins/listener_plugin.py
[2025-10-25T16:11:49.234+0200] {processor.py:842} WARNING - No viable dags retrieved from /Users/youssefdaaloul/venv/dbt_snowflake/airflow_venv_39/lib/python3.11/site-packages/airflow/example_dags/plugins/listener_plugin.py
[2025-10-25T16:11:49.263+0200] {processor.py:183} INFO - Processing /Users/youssefdaaloul/venv/dbt_snowflake/airflow_venv_39/lib/python3.11/site-packages/airflow/example_dags/plugins/listener_plugin.py took 0.033 seconds
[2025-10-25T16:12:47.495+0200] {processor.py:161} INFO - Started process (PID=71426) to work on /Users/youssefdaaloul/venv/dbt_snowflake/airflow_venv_39/lib/python3.11/site-packages/airflow/example_dags/plugins/listener_plugin.py
[2025-10-25T16:12:47.497+0200] {processor.py:830} INFO - Processing file /Users/youssefdaaloul/venv/dbt_snowflake/airflow_venv_39/lib/python3.11/site-packages/airflow/example_dags/plugins/listener_plugin.py for tasks to queue
[2025-10-25T16:12:47.497+0200] {logging_mixin.py:188} INFO - [2025-10-25T16:12:47.497+0200] {dagbag.py:538} INFO - Filling up the DagBag from /Users/youssefdaaloul/venv/dbt_snowflake/airflow_venv_39/lib/python3.11/site-packages/airflow/example_dags/plugins/listener_plugin.py
[2025-10-25T16:12:47.499+0200] {processor.py:842} WARNING - No viable dags retrieved from /Users/youssefdaaloul/venv/dbt_snowflake/airflow_venv_39/lib/python3.11/site-packages/airflow/example_dags/plugins/listener_plugin.py
[2025-10-25T16:12:47.531+0200] {processor.py:183} INFO - Processing /Users/youssefdaaloul/venv/dbt_snowflake/airflow_venv_39/lib/python3.11/site-packages/airflow/example_dags/plugins/listener_plugin.py took 0.036 seconds
[2025-10-25T16:13:46.954+0200] {processor.py:161} INFO - Started process (PID=71476) to work on /Users/youssefdaaloul/venv/dbt_snowflake/airflow_venv_39/lib/python3.11/site-packages/airflow/example_dags/plugins/listener_plugin.py
[2025-10-25T16:13:46.954+0200] {processor.py:830} INFO - Processing file /Users/youssefdaaloul/venv/dbt_snowflake/airflow_venv_39/lib/python3.11/site-packages/airflow/example_dags/plugins/listener_plugin.py for tasks to queue
[2025-10-25T16:13:46.955+0200] {logging_mixin.py:188} INFO - [2025-10-25T16:13:46.955+0200] {dagbag.py:538} INFO - Filling up the DagBag from /Users/youssefdaaloul/venv/dbt_snowflake/airflow_venv_39/lib/python3.11/site-packages/airflow/example_dags/plugins/listener_plugin.py
[2025-10-25T16:13:46.956+0200] {processor.py:842} WARNING - No viable dags retrieved from /Users/youssefdaaloul/venv/dbt_snowflake/airflow_venv_39/lib/python3.11/site-packages/airflow/example_dags/plugins/listener_plugin.py
[2025-10-25T16:13:46.988+0200] {processor.py:183} INFO - Processing /Users/youssefdaaloul/venv/dbt_snowflake/airflow_venv_39/lib/python3.11/site-packages/airflow/example_dags/plugins/listener_plugin.py took 0.035 seconds
[2025-10-25T16:14:49.689+0200] {processor.py:161} INFO - Started process (PID=71537) to work on /Users/youssefdaaloul/venv/dbt_snowflake/airflow_venv_39/lib/python3.11/site-packages/airflow/example_dags/plugins/listener_plugin.py
[2025-10-25T16:14:49.690+0200] {processor.py:830} INFO - Processing file /Users/youssefdaaloul/venv/dbt_snowflake/airflow_venv_39/lib/python3.11/site-packages/airflow/example_dags/plugins/listener_plugin.py for tasks to queue
[2025-10-25T16:14:49.690+0200] {logging_mixin.py:188} INFO - [2025-10-25T16:14:49.690+0200] {dagbag.py:538} INFO - Filling up the DagBag from /Users/youssefdaaloul/venv/dbt_snowflake/airflow_venv_39/lib/python3.11/site-packages/airflow/example_dags/plugins/listener_plugin.py
[2025-10-25T16:14:49.692+0200] {processor.py:842} WARNING - No viable dags retrieved from /Users/youssefdaaloul/venv/dbt_snowflake/airflow_venv_39/lib/python3.11/site-packages/airflow/example_dags/plugins/listener_plugin.py
[2025-10-25T16:14:49.721+0200] {processor.py:183} INFO - Processing /Users/youssefdaaloul/venv/dbt_snowflake/airflow_venv_39/lib/python3.11/site-packages/airflow/example_dags/plugins/listener_plugin.py took 0.032 seconds
[2025-10-25T16:15:51.606+0200] {processor.py:161} INFO - Started process (PID=71595) to work on /Users/youssefdaaloul/venv/dbt_snowflake/airflow_venv_39/lib/python3.11/site-packages/airflow/example_dags/plugins/listener_plugin.py
[2025-10-25T16:15:51.606+0200] {processor.py:830} INFO - Processing file /Users/youssefdaaloul/venv/dbt_snowflake/airflow_venv_39/lib/python3.11/site-packages/airflow/example_dags/plugins/listener_plugin.py for tasks to queue
[2025-10-25T16:15:51.607+0200] {logging_mixin.py:188} INFO - [2025-10-25T16:15:51.607+0200] {dagbag.py:538} INFO - Filling up the DagBag from /Users/youssefdaaloul/venv/dbt_snowflake/airflow_venv_39/lib/python3.11/site-packages/airflow/example_dags/plugins/listener_plugin.py
[2025-10-25T16:15:51.607+0200] {processor.py:842} WARNING - No viable dags retrieved from /Users/youssefdaaloul/venv/dbt_snowflake/airflow_venv_39/lib/python3.11/site-packages/airflow/example_dags/plugins/listener_plugin.py
[2025-10-25T16:15:51.636+0200] {processor.py:183} INFO - Processing /Users/youssefdaaloul/venv/dbt_snowflake/airflow_venv_39/lib/python3.11/site-packages/airflow/example_dags/plugins/listener_plugin.py took 0.031 seconds
[2025-10-25T16:16:50.278+0200] {processor.py:161} INFO - Started process (PID=71639) to work on /Users/youssefdaaloul/venv/dbt_snowflake/airflow_venv_39/lib/python3.11/site-packages/airflow/example_dags/plugins/listener_plugin.py
[2025-10-25T16:16:50.280+0200] {processor.py:830} INFO - Processing file /Users/youssefdaaloul/venv/dbt_snowflake/airflow_venv_39/lib/python3.11/site-packages/airflow/example_dags/plugins/listener_plugin.py for tasks to queue
[2025-10-25T16:16:50.280+0200] {logging_mixin.py:188} INFO - [2025-10-25T16:16:50.280+0200] {dagbag.py:538} INFO - Filling up the DagBag from /Users/youssefdaaloul/venv/dbt_snowflake/airflow_venv_39/lib/python3.11/site-packages/airflow/example_dags/plugins/listener_plugin.py
[2025-10-25T16:16:50.282+0200] {processor.py:842} WARNING - No viable dags retrieved from /Users/youssefdaaloul/venv/dbt_snowflake/airflow_venv_39/lib/python3.11/site-packages/airflow/example_dags/plugins/listener_plugin.py
[2025-10-25T16:16:50.310+0200] {processor.py:183} INFO - Processing /Users/youssefdaaloul/venv/dbt_snowflake/airflow_venv_39/lib/python3.11/site-packages/airflow/example_dags/plugins/listener_plugin.py took 0.032 seconds
[2025-10-25T16:17:49.618+0200] {processor.py:161} INFO - Started process (PID=71689) to work on /Users/youssefdaaloul/venv/dbt_snowflake/airflow_venv_39/lib/python3.11/site-packages/airflow/example_dags/plugins/listener_plugin.py
[2025-10-25T16:17:49.619+0200] {processor.py:830} INFO - Processing file /Users/youssefdaaloul/venv/dbt_snowflake/airflow_venv_39/lib/python3.11/site-packages/airflow/example_dags/plugins/listener_plugin.py for tasks to queue
[2025-10-25T16:17:49.619+0200] {logging_mixin.py:188} INFO - [2025-10-25T16:17:49.619+0200] {dagbag.py:538} INFO - Filling up the DagBag from /Users/youssefdaaloul/venv/dbt_snowflake/airflow_venv_39/lib/python3.11/site-packages/airflow/example_dags/plugins/listener_plugin.py
[2025-10-25T16:17:49.620+0200] {processor.py:842} WARNING - No viable dags retrieved from /Users/youssefdaaloul/venv/dbt_snowflake/airflow_venv_39/lib/python3.11/site-packages/airflow/example_dags/plugins/listener_plugin.py
[2025-10-25T16:17:49.648+0200] {processor.py:183} INFO - Processing /Users/youssefdaaloul/venv/dbt_snowflake/airflow_venv_39/lib/python3.11/site-packages/airflow/example_dags/plugins/listener_plugin.py took 0.031 seconds
[2025-10-25T16:18:51.009+0200] {processor.py:161} INFO - Started process (PID=71745) to work on /Users/youssefdaaloul/venv/dbt_snowflake/airflow_venv_39/lib/python3.11/site-packages/airflow/example_dags/plugins/listener_plugin.py
[2025-10-25T16:18:51.010+0200] {processor.py:830} INFO - Processing file /Users/youssefdaaloul/venv/dbt_snowflake/airflow_venv_39/lib/python3.11/site-packages/airflow/example_dags/plugins/listener_plugin.py for tasks to queue
[2025-10-25T16:18:51.010+0200] {logging_mixin.py:188} INFO - [2025-10-25T16:18:51.010+0200] {dagbag.py:538} INFO - Filling up the DagBag from /Users/youssefdaaloul/venv/dbt_snowflake/airflow_venv_39/lib/python3.11/site-packages/airflow/example_dags/plugins/listener_plugin.py
[2025-10-25T16:18:51.011+0200] {processor.py:842} WARNING - No viable dags retrieved from /Users/youssefdaaloul/venv/dbt_snowflake/airflow_venv_39/lib/python3.11/site-packages/airflow/example_dags/plugins/listener_plugin.py
[2025-10-25T16:18:51.039+0200] {processor.py:183} INFO - Processing /Users/youssefdaaloul/venv/dbt_snowflake/airflow_venv_39/lib/python3.11/site-packages/airflow/example_dags/plugins/listener_plugin.py took 0.030 seconds
[2025-10-25T16:19:56.775+0200] {processor.py:161} INFO - Started process (PID=71806) to work on /Users/youssefdaaloul/venv/dbt_snowflake/airflow_venv_39/lib/python3.11/site-packages/airflow/example_dags/plugins/listener_plugin.py
[2025-10-25T16:19:56.776+0200] {processor.py:830} INFO - Processing file /Users/youssefdaaloul/venv/dbt_snowflake/airflow_venv_39/lib/python3.11/site-packages/airflow/example_dags/plugins/listener_plugin.py for tasks to queue
[2025-10-25T16:19:56.777+0200] {logging_mixin.py:188} INFO - [2025-10-25T16:19:56.777+0200] {dagbag.py:538} INFO - Filling up the DagBag from /Users/youssefdaaloul/venv/dbt_snowflake/airflow_venv_39/lib/python3.11/site-packages/airflow/example_dags/plugins/listener_plugin.py
[2025-10-25T16:19:56.778+0200] {processor.py:842} WARNING - No viable dags retrieved from /Users/youssefdaaloul/venv/dbt_snowflake/airflow_venv_39/lib/python3.11/site-packages/airflow/example_dags/plugins/listener_plugin.py
[2025-10-25T16:19:56.806+0200] {processor.py:183} INFO - Processing /Users/youssefdaaloul/venv/dbt_snowflake/airflow_venv_39/lib/python3.11/site-packages/airflow/example_dags/plugins/listener_plugin.py took 0.031 seconds
[2025-10-25T16:20:57.443+0200] {processor.py:161} INFO - Started process (PID=71868) to work on /Users/youssefdaaloul/venv/dbt_snowflake/airflow_venv_39/lib/python3.11/site-packages/airflow/example_dags/plugins/listener_plugin.py
[2025-10-25T16:20:57.444+0200] {processor.py:830} INFO - Processing file /Users/youssefdaaloul/venv/dbt_snowflake/airflow_venv_39/lib/python3.11/site-packages/airflow/example_dags/plugins/listener_plugin.py for tasks to queue
[2025-10-25T16:20:57.444+0200] {logging_mixin.py:188} INFO - [2025-10-25T16:20:57.444+0200] {dagbag.py:538} INFO - Filling up the DagBag from /Users/youssefdaaloul/venv/dbt_snowflake/airflow_venv_39/lib/python3.11/site-packages/airflow/example_dags/plugins/listener_plugin.py
[2025-10-25T16:20:57.446+0200] {processor.py:842} WARNING - No viable dags retrieved from /Users/youssefdaaloul/venv/dbt_snowflake/airflow_venv_39/lib/python3.11/site-packages/airflow/example_dags/plugins/listener_plugin.py
[2025-10-25T16:20:57.474+0200] {processor.py:183} INFO - Processing /Users/youssefdaaloul/venv/dbt_snowflake/airflow_venv_39/lib/python3.11/site-packages/airflow/example_dags/plugins/listener_plugin.py took 0.031 seconds
[2025-10-25T16:21:51.743+0200] {processor.py:161} INFO - Started process (PID=71911) to work on /Users/youssefdaaloul/venv/dbt_snowflake/airflow_venv_39/lib/python3.11/site-packages/airflow/example_dags/plugins/listener_plugin.py
[2025-10-25T16:21:51.744+0200] {processor.py:830} INFO - Processing file /Users/youssefdaaloul/venv/dbt_snowflake/airflow_venv_39/lib/python3.11/site-packages/airflow/example_dags/plugins/listener_plugin.py for tasks to queue
[2025-10-25T16:21:51.744+0200] {logging_mixin.py:188} INFO - [2025-10-25T16:21:51.744+0200] {dagbag.py:538} INFO - Filling up the DagBag from /Users/youssefdaaloul/venv/dbt_snowflake/airflow_venv_39/lib/python3.11/site-packages/airflow/example_dags/plugins/listener_plugin.py
[2025-10-25T16:21:51.746+0200] {processor.py:842} WARNING - No viable dags retrieved from /Users/youssefdaaloul/venv/dbt_snowflake/airflow_venv_39/lib/python3.11/site-packages/airflow/example_dags/plugins/listener_plugin.py
[2025-10-25T16:21:51.774+0200] {processor.py:183} INFO - Processing /Users/youssefdaaloul/venv/dbt_snowflake/airflow_venv_39/lib/python3.11/site-packages/airflow/example_dags/plugins/listener_plugin.py took 0.032 seconds
[2025-10-25T16:22:44.720+0200] {processor.py:161} INFO - Started process (PID=71957) to work on /Users/youssefdaaloul/venv/dbt_snowflake/airflow_venv_39/lib/python3.11/site-packages/airflow/example_dags/plugins/listener_plugin.py
[2025-10-25T16:22:44.722+0200] {processor.py:830} INFO - Processing file /Users/youssefdaaloul/venv/dbt_snowflake/airflow_venv_39/lib/python3.11/site-packages/airflow/example_dags/plugins/listener_plugin.py for tasks to queue
[2025-10-25T16:22:44.722+0200] {logging_mixin.py:188} INFO - [2025-10-25T16:22:44.722+0200] {dagbag.py:538} INFO - Filling up the DagBag from /Users/youssefdaaloul/venv/dbt_snowflake/airflow_venv_39/lib/python3.11/site-packages/airflow/example_dags/plugins/listener_plugin.py
[2025-10-25T16:22:44.723+0200] {processor.py:842} WARNING - No viable dags retrieved from /Users/youssefdaaloul/venv/dbt_snowflake/airflow_venv_39/lib/python3.11/site-packages/airflow/example_dags/plugins/listener_plugin.py
[2025-10-25T16:22:44.750+0200] {processor.py:183} INFO - Processing /Users/youssefdaaloul/venv/dbt_snowflake/airflow_venv_39/lib/python3.11/site-packages/airflow/example_dags/plugins/listener_plugin.py took 0.030 seconds
[2025-10-25T16:23:37.940+0200] {processor.py:161} INFO - Started process (PID=72016) to work on /Users/youssefdaaloul/venv/dbt_snowflake/airflow_venv_39/lib/python3.11/site-packages/airflow/example_dags/plugins/listener_plugin.py
[2025-10-25T16:23:37.940+0200] {processor.py:830} INFO - Processing file /Users/youssefdaaloul/venv/dbt_snowflake/airflow_venv_39/lib/python3.11/site-packages/airflow/example_dags/plugins/listener_plugin.py for tasks to queue
[2025-10-25T16:23:37.941+0200] {logging_mixin.py:188} INFO - [2025-10-25T16:23:37.941+0200] {dagbag.py:538} INFO - Filling up the DagBag from /Users/youssefdaaloul/venv/dbt_snowflake/airflow_venv_39/lib/python3.11/site-packages/airflow/example_dags/plugins/listener_plugin.py
[2025-10-25T16:23:37.942+0200] {processor.py:842} WARNING - No viable dags retrieved from /Users/youssefdaaloul/venv/dbt_snowflake/airflow_venv_39/lib/python3.11/site-packages/airflow/example_dags/plugins/listener_plugin.py
[2025-10-25T16:23:37.969+0200] {processor.py:183} INFO - Processing /Users/youssefdaaloul/venv/dbt_snowflake/airflow_venv_39/lib/python3.11/site-packages/airflow/example_dags/plugins/listener_plugin.py took 0.029 seconds
[2025-10-25T16:24:34.295+0200] {processor.py:161} INFO - Started process (PID=72070) to work on /Users/youssefdaaloul/venv/dbt_snowflake/airflow_venv_39/lib/python3.11/site-packages/airflow/example_dags/plugins/listener_plugin.py
[2025-10-25T16:24:34.296+0200] {processor.py:830} INFO - Processing file /Users/youssefdaaloul/venv/dbt_snowflake/airflow_venv_39/lib/python3.11/site-packages/airflow/example_dags/plugins/listener_plugin.py for tasks to queue
[2025-10-25T16:24:34.297+0200] {logging_mixin.py:188} INFO - [2025-10-25T16:24:34.297+0200] {dagbag.py:538} INFO - Filling up the DagBag from /Users/youssefdaaloul/venv/dbt_snowflake/airflow_venv_39/lib/python3.11/site-packages/airflow/example_dags/plugins/listener_plugin.py
[2025-10-25T16:24:34.298+0200] {processor.py:842} WARNING - No viable dags retrieved from /Users/youssefdaaloul/venv/dbt_snowflake/airflow_venv_39/lib/python3.11/site-packages/airflow/example_dags/plugins/listener_plugin.py
[2025-10-25T16:24:34.325+0200] {processor.py:183} INFO - Processing /Users/youssefdaaloul/venv/dbt_snowflake/airflow_venv_39/lib/python3.11/site-packages/airflow/example_dags/plugins/listener_plugin.py took 0.030 seconds
[2025-10-25T16:25:29.352+0200] {processor.py:161} INFO - Started process (PID=72115) to work on /Users/youssefdaaloul/venv/dbt_snowflake/airflow_venv_39/lib/python3.11/site-packages/airflow/example_dags/plugins/listener_plugin.py
[2025-10-25T16:25:29.353+0200] {processor.py:830} INFO - Processing file /Users/youssefdaaloul/venv/dbt_snowflake/airflow_venv_39/lib/python3.11/site-packages/airflow/example_dags/plugins/listener_plugin.py for tasks to queue
[2025-10-25T16:25:29.353+0200] {logging_mixin.py:188} INFO - [2025-10-25T16:25:29.353+0200] {dagbag.py:538} INFO - Filling up the DagBag from /Users/youssefdaaloul/venv/dbt_snowflake/airflow_venv_39/lib/python3.11/site-packages/airflow/example_dags/plugins/listener_plugin.py
[2025-10-25T16:25:29.355+0200] {processor.py:842} WARNING - No viable dags retrieved from /Users/youssefdaaloul/venv/dbt_snowflake/airflow_venv_39/lib/python3.11/site-packages/airflow/example_dags/plugins/listener_plugin.py
[2025-10-25T16:25:29.382+0200] {processor.py:183} INFO - Processing /Users/youssefdaaloul/venv/dbt_snowflake/airflow_venv_39/lib/python3.11/site-packages/airflow/example_dags/plugins/listener_plugin.py took 0.031 seconds
[2025-10-25T16:26:23.327+0200] {processor.py:161} INFO - Started process (PID=72187) to work on /Users/youssefdaaloul/venv/dbt_snowflake/airflow_venv_39/lib/python3.11/site-packages/airflow/example_dags/plugins/listener_plugin.py
[2025-10-25T16:26:23.328+0200] {processor.py:830} INFO - Processing file /Users/youssefdaaloul/venv/dbt_snowflake/airflow_venv_39/lib/python3.11/site-packages/airflow/example_dags/plugins/listener_plugin.py for tasks to queue
[2025-10-25T16:26:23.329+0200] {logging_mixin.py:188} INFO - [2025-10-25T16:26:23.329+0200] {dagbag.py:538} INFO - Filling up the DagBag from /Users/youssefdaaloul/venv/dbt_snowflake/airflow_venv_39/lib/python3.11/site-packages/airflow/example_dags/plugins/listener_plugin.py
[2025-10-25T16:26:23.330+0200] {processor.py:842} WARNING - No viable dags retrieved from /Users/youssefdaaloul/venv/dbt_snowflake/airflow_venv_39/lib/python3.11/site-packages/airflow/example_dags/plugins/listener_plugin.py
[2025-10-25T16:26:23.359+0200] {processor.py:183} INFO - Processing /Users/youssefdaaloul/venv/dbt_snowflake/airflow_venv_39/lib/python3.11/site-packages/airflow/example_dags/plugins/listener_plugin.py took 0.032 seconds
[2025-10-25T16:27:14.907+0200] {processor.py:161} INFO - Started process (PID=72225) to work on /Users/youssefdaaloul/venv/dbt_snowflake/airflow_venv_39/lib/python3.11/site-packages/airflow/example_dags/plugins/listener_plugin.py
[2025-10-25T16:27:14.907+0200] {processor.py:830} INFO - Processing file /Users/youssefdaaloul/venv/dbt_snowflake/airflow_venv_39/lib/python3.11/site-packages/airflow/example_dags/plugins/listener_plugin.py for tasks to queue
[2025-10-25T16:27:14.908+0200] {logging_mixin.py:188} INFO - [2025-10-25T16:27:14.908+0200] {dagbag.py:538} INFO - Filling up the DagBag from /Users/youssefdaaloul/venv/dbt_snowflake/airflow_venv_39/lib/python3.11/site-packages/airflow/example_dags/plugins/listener_plugin.py
[2025-10-25T16:27:14.909+0200] {processor.py:842} WARNING - No viable dags retrieved from /Users/youssefdaaloul/venv/dbt_snowflake/airflow_venv_39/lib/python3.11/site-packages/airflow/example_dags/plugins/listener_plugin.py
[2025-10-25T16:27:14.937+0200] {processor.py:183} INFO - Processing /Users/youssefdaaloul/venv/dbt_snowflake/airflow_venv_39/lib/python3.11/site-packages/airflow/example_dags/plugins/listener_plugin.py took 0.031 seconds
[2025-10-25T16:28:13.682+0200] {processor.py:161} INFO - Started process (PID=72294) to work on /Users/youssefdaaloul/venv/dbt_snowflake/airflow_venv_39/lib/python3.11/site-packages/airflow/example_dags/plugins/listener_plugin.py
[2025-10-25T16:28:13.683+0200] {processor.py:830} INFO - Processing file /Users/youssefdaaloul/venv/dbt_snowflake/airflow_venv_39/lib/python3.11/site-packages/airflow/example_dags/plugins/listener_plugin.py for tasks to queue
[2025-10-25T16:28:13.683+0200] {logging_mixin.py:188} INFO - [2025-10-25T16:28:13.683+0200] {dagbag.py:538} INFO - Filling up the DagBag from /Users/youssefdaaloul/venv/dbt_snowflake/airflow_venv_39/lib/python3.11/site-packages/airflow/example_dags/plugins/listener_plugin.py
[2025-10-25T16:28:13.684+0200] {processor.py:842} WARNING - No viable dags retrieved from /Users/youssefdaaloul/venv/dbt_snowflake/airflow_venv_39/lib/python3.11/site-packages/airflow/example_dags/plugins/listener_plugin.py
[2025-10-25T16:28:13.714+0200] {processor.py:183} INFO - Processing /Users/youssefdaaloul/venv/dbt_snowflake/airflow_venv_39/lib/python3.11/site-packages/airflow/example_dags/plugins/listener_plugin.py took 0.032 seconds
[2025-10-25T16:29:12.887+0200] {processor.py:161} INFO - Started process (PID=72345) to work on /Users/youssefdaaloul/venv/dbt_snowflake/airflow_venv_39/lib/python3.11/site-packages/airflow/example_dags/plugins/listener_plugin.py
[2025-10-25T16:29:12.889+0200] {processor.py:830} INFO - Processing file /Users/youssefdaaloul/venv/dbt_snowflake/airflow_venv_39/lib/python3.11/site-packages/airflow/example_dags/plugins/listener_plugin.py for tasks to queue
[2025-10-25T16:29:12.889+0200] {logging_mixin.py:188} INFO - [2025-10-25T16:29:12.889+0200] {dagbag.py:538} INFO - Filling up the DagBag from /Users/youssefdaaloul/venv/dbt_snowflake/airflow_venv_39/lib/python3.11/site-packages/airflow/example_dags/plugins/listener_plugin.py
[2025-10-25T16:29:12.891+0200] {processor.py:842} WARNING - No viable dags retrieved from /Users/youssefdaaloul/venv/dbt_snowflake/airflow_venv_39/lib/python3.11/site-packages/airflow/example_dags/plugins/listener_plugin.py
[2025-10-25T16:29:12.926+0200] {processor.py:183} INFO - Processing /Users/youssefdaaloul/venv/dbt_snowflake/airflow_venv_39/lib/python3.11/site-packages/airflow/example_dags/plugins/listener_plugin.py took 0.039 seconds
[2025-10-25T16:30:11.320+0200] {processor.py:161} INFO - Started process (PID=72416) to work on /Users/youssefdaaloul/venv/dbt_snowflake/airflow_venv_39/lib/python3.11/site-packages/airflow/example_dags/plugins/listener_plugin.py
[2025-10-25T16:30:11.324+0200] {processor.py:830} INFO - Processing file /Users/youssefdaaloul/venv/dbt_snowflake/airflow_venv_39/lib/python3.11/site-packages/airflow/example_dags/plugins/listener_plugin.py for tasks to queue
[2025-10-25T16:30:11.324+0200] {logging_mixin.py:188} INFO - [2025-10-25T16:30:11.324+0200] {dagbag.py:538} INFO - Filling up the DagBag from /Users/youssefdaaloul/venv/dbt_snowflake/airflow_venv_39/lib/python3.11/site-packages/airflow/example_dags/plugins/listener_plugin.py
[2025-10-25T16:30:11.325+0200] {processor.py:842} WARNING - No viable dags retrieved from /Users/youssefdaaloul/venv/dbt_snowflake/airflow_venv_39/lib/python3.11/site-packages/airflow/example_dags/plugins/listener_plugin.py
[2025-10-25T16:30:11.354+0200] {processor.py:183} INFO - Processing /Users/youssefdaaloul/venv/dbt_snowflake/airflow_venv_39/lib/python3.11/site-packages/airflow/example_dags/plugins/listener_plugin.py took 0.034 seconds
[2025-10-25T16:31:11.606+0200] {processor.py:161} INFO - Started process (PID=72499) to work on /Users/youssefdaaloul/venv/dbt_snowflake/airflow_venv_39/lib/python3.11/site-packages/airflow/example_dags/plugins/listener_plugin.py
[2025-10-25T16:31:11.609+0200] {processor.py:830} INFO - Processing file /Users/youssefdaaloul/venv/dbt_snowflake/airflow_venv_39/lib/python3.11/site-packages/airflow/example_dags/plugins/listener_plugin.py for tasks to queue
[2025-10-25T16:31:11.609+0200] {logging_mixin.py:188} INFO - [2025-10-25T16:31:11.609+0200] {dagbag.py:538} INFO - Filling up the DagBag from /Users/youssefdaaloul/venv/dbt_snowflake/airflow_venv_39/lib/python3.11/site-packages/airflow/example_dags/plugins/listener_plugin.py
[2025-10-25T16:31:11.610+0200] {processor.py:842} WARNING - No viable dags retrieved from /Users/youssefdaaloul/venv/dbt_snowflake/airflow_venv_39/lib/python3.11/site-packages/airflow/example_dags/plugins/listener_plugin.py
[2025-10-25T16:31:11.641+0200] {processor.py:183} INFO - Processing /Users/youssefdaaloul/venv/dbt_snowflake/airflow_venv_39/lib/python3.11/site-packages/airflow/example_dags/plugins/listener_plugin.py took 0.035 seconds
[2025-10-25T16:32:06.166+0200] {processor.py:161} INFO - Started process (PID=72586) to work on /Users/youssefdaaloul/venv/dbt_snowflake/airflow_venv_39/lib/python3.11/site-packages/airflow/example_dags/plugins/listener_plugin.py
[2025-10-25T16:32:06.166+0200] {processor.py:830} INFO - Processing file /Users/youssefdaaloul/venv/dbt_snowflake/airflow_venv_39/lib/python3.11/site-packages/airflow/example_dags/plugins/listener_plugin.py for tasks to queue
[2025-10-25T16:32:06.167+0200] {logging_mixin.py:188} INFO - [2025-10-25T16:32:06.167+0200] {dagbag.py:538} INFO - Filling up the DagBag from /Users/youssefdaaloul/venv/dbt_snowflake/airflow_venv_39/lib/python3.11/site-packages/airflow/example_dags/plugins/listener_plugin.py
[2025-10-25T16:32:06.168+0200] {processor.py:842} WARNING - No viable dags retrieved from /Users/youssefdaaloul/venv/dbt_snowflake/airflow_venv_39/lib/python3.11/site-packages/airflow/example_dags/plugins/listener_plugin.py
[2025-10-25T16:32:06.197+0200] {processor.py:183} INFO - Processing /Users/youssefdaaloul/venv/dbt_snowflake/airflow_venv_39/lib/python3.11/site-packages/airflow/example_dags/plugins/listener_plugin.py took 0.031 seconds
[2025-10-25T16:33:03.359+0200] {processor.py:161} INFO - Started process (PID=72640) to work on /Users/youssefdaaloul/venv/dbt_snowflake/airflow_venv_39/lib/python3.11/site-packages/airflow/example_dags/plugins/listener_plugin.py
[2025-10-25T16:33:03.359+0200] {processor.py:830} INFO - Processing file /Users/youssefdaaloul/venv/dbt_snowflake/airflow_venv_39/lib/python3.11/site-packages/airflow/example_dags/plugins/listener_plugin.py for tasks to queue
[2025-10-25T16:33:03.360+0200] {logging_mixin.py:188} INFO - [2025-10-25T16:33:03.359+0200] {dagbag.py:538} INFO - Filling up the DagBag from /Users/youssefdaaloul/venv/dbt_snowflake/airflow_venv_39/lib/python3.11/site-packages/airflow/example_dags/plugins/listener_plugin.py
[2025-10-25T16:33:03.361+0200] {processor.py:842} WARNING - No viable dags retrieved from /Users/youssefdaaloul/venv/dbt_snowflake/airflow_venv_39/lib/python3.11/site-packages/airflow/example_dags/plugins/listener_plugin.py
[2025-10-25T16:33:03.390+0200] {processor.py:183} INFO - Processing /Users/youssefdaaloul/venv/dbt_snowflake/airflow_venv_39/lib/python3.11/site-packages/airflow/example_dags/plugins/listener_plugin.py took 0.031 seconds
[2025-10-25T16:34:03.780+0200] {processor.py:161} INFO - Started process (PID=72713) to work on /Users/youssefdaaloul/venv/dbt_snowflake/airflow_venv_39/lib/python3.11/site-packages/airflow/example_dags/plugins/listener_plugin.py
[2025-10-25T16:34:03.780+0200] {processor.py:830} INFO - Processing file /Users/youssefdaaloul/venv/dbt_snowflake/airflow_venv_39/lib/python3.11/site-packages/airflow/example_dags/plugins/listener_plugin.py for tasks to queue
[2025-10-25T16:34:03.781+0200] {logging_mixin.py:188} INFO - [2025-10-25T16:34:03.781+0200] {dagbag.py:538} INFO - Filling up the DagBag from /Users/youssefdaaloul/venv/dbt_snowflake/airflow_venv_39/lib/python3.11/site-packages/airflow/example_dags/plugins/listener_plugin.py
[2025-10-25T16:34:03.782+0200] {processor.py:842} WARNING - No viable dags retrieved from /Users/youssefdaaloul/venv/dbt_snowflake/airflow_venv_39/lib/python3.11/site-packages/airflow/example_dags/plugins/listener_plugin.py
[2025-10-25T16:34:03.815+0200] {processor.py:183} INFO - Processing /Users/youssefdaaloul/venv/dbt_snowflake/airflow_venv_39/lib/python3.11/site-packages/airflow/example_dags/plugins/listener_plugin.py took 0.035 seconds
[2025-10-25T16:35:02.699+0200] {processor.py:161} INFO - Started process (PID=72812) to work on /Users/youssefdaaloul/venv/dbt_snowflake/airflow_venv_39/lib/python3.11/site-packages/airflow/example_dags/plugins/listener_plugin.py
[2025-10-25T16:35:02.700+0200] {processor.py:830} INFO - Processing file /Users/youssefdaaloul/venv/dbt_snowflake/airflow_venv_39/lib/python3.11/site-packages/airflow/example_dags/plugins/listener_plugin.py for tasks to queue
[2025-10-25T16:35:02.700+0200] {logging_mixin.py:188} INFO - [2025-10-25T16:35:02.700+0200] {dagbag.py:538} INFO - Filling up the DagBag from /Users/youssefdaaloul/venv/dbt_snowflake/airflow_venv_39/lib/python3.11/site-packages/airflow/example_dags/plugins/listener_plugin.py
[2025-10-25T16:35:02.701+0200] {processor.py:842} WARNING - No viable dags retrieved from /Users/youssefdaaloul/venv/dbt_snowflake/airflow_venv_39/lib/python3.11/site-packages/airflow/example_dags/plugins/listener_plugin.py
[2025-10-25T16:35:02.730+0200] {processor.py:183} INFO - Processing /Users/youssefdaaloul/venv/dbt_snowflake/airflow_venv_39/lib/python3.11/site-packages/airflow/example_dags/plugins/listener_plugin.py took 0.031 seconds
[2025-10-25T16:36:02.175+0200] {processor.py:161} INFO - Started process (PID=72882) to work on /Users/youssefdaaloul/venv/dbt_snowflake/airflow_venv_39/lib/python3.11/site-packages/airflow/example_dags/plugins/listener_plugin.py
[2025-10-25T16:36:02.175+0200] {processor.py:830} INFO - Processing file /Users/youssefdaaloul/venv/dbt_snowflake/airflow_venv_39/lib/python3.11/site-packages/airflow/example_dags/plugins/listener_plugin.py for tasks to queue
[2025-10-25T16:36:02.176+0200] {logging_mixin.py:188} INFO - [2025-10-25T16:36:02.175+0200] {dagbag.py:538} INFO - Filling up the DagBag from /Users/youssefdaaloul/venv/dbt_snowflake/airflow_venv_39/lib/python3.11/site-packages/airflow/example_dags/plugins/listener_plugin.py
[2025-10-25T16:36:02.177+0200] {processor.py:842} WARNING - No viable dags retrieved from /Users/youssefdaaloul/venv/dbt_snowflake/airflow_venv_39/lib/python3.11/site-packages/airflow/example_dags/plugins/listener_plugin.py
[2025-10-25T16:36:02.205+0200] {processor.py:183} INFO - Processing /Users/youssefdaaloul/venv/dbt_snowflake/airflow_venv_39/lib/python3.11/site-packages/airflow/example_dags/plugins/listener_plugin.py took 0.031 seconds
[2025-10-25T16:43:43.794+0200] {processor.py:161} INFO - Started process (PID=73812) to work on /Users/youssefdaaloul/venv/dbt_snowflake/airflow_venv_39/lib/python3.11/site-packages/airflow/example_dags/plugins/listener_plugin.py
[2025-10-25T16:43:43.795+0200] {processor.py:830} INFO - Processing file /Users/youssefdaaloul/venv/dbt_snowflake/airflow_venv_39/lib/python3.11/site-packages/airflow/example_dags/plugins/listener_plugin.py for tasks to queue
[2025-10-25T16:43:43.795+0200] {logging_mixin.py:188} INFO - [2025-10-25T16:43:43.795+0200] {dagbag.py:538} INFO - Filling up the DagBag from /Users/youssefdaaloul/venv/dbt_snowflake/airflow_venv_39/lib/python3.11/site-packages/airflow/example_dags/plugins/listener_plugin.py
[2025-10-25T16:43:43.796+0200] {processor.py:842} WARNING - No viable dags retrieved from /Users/youssefdaaloul/venv/dbt_snowflake/airflow_venv_39/lib/python3.11/site-packages/airflow/example_dags/plugins/listener_plugin.py
[2025-10-25T16:43:43.825+0200] {processor.py:183} INFO - Processing /Users/youssefdaaloul/venv/dbt_snowflake/airflow_venv_39/lib/python3.11/site-packages/airflow/example_dags/plugins/listener_plugin.py took 0.031 seconds
[2025-10-25T16:44:39.645+0200] {processor.py:161} INFO - Started process (PID=73938) to work on /Users/youssefdaaloul/venv/dbt_snowflake/airflow_venv_39/lib/python3.11/site-packages/airflow/example_dags/plugins/listener_plugin.py
[2025-10-25T16:44:39.647+0200] {processor.py:830} INFO - Processing file /Users/youssefdaaloul/venv/dbt_snowflake/airflow_venv_39/lib/python3.11/site-packages/airflow/example_dags/plugins/listener_plugin.py for tasks to queue
[2025-10-25T16:44:39.647+0200] {logging_mixin.py:188} INFO - [2025-10-25T16:44:39.647+0200] {dagbag.py:538} INFO - Filling up the DagBag from /Users/youssefdaaloul/venv/dbt_snowflake/airflow_venv_39/lib/python3.11/site-packages/airflow/example_dags/plugins/listener_plugin.py
[2025-10-25T16:44:39.649+0200] {processor.py:842} WARNING - No viable dags retrieved from /Users/youssefdaaloul/venv/dbt_snowflake/airflow_venv_39/lib/python3.11/site-packages/airflow/example_dags/plugins/listener_plugin.py
[2025-10-25T16:44:39.679+0200] {processor.py:183} INFO - Processing /Users/youssefdaaloul/venv/dbt_snowflake/airflow_venv_39/lib/python3.11/site-packages/airflow/example_dags/plugins/listener_plugin.py took 0.034 seconds
[2025-10-25T16:45:37.575+0200] {processor.py:161} INFO - Started process (PID=73985) to work on /Users/youssefdaaloul/venv/dbt_snowflake/airflow_venv_39/lib/python3.11/site-packages/airflow/example_dags/plugins/listener_plugin.py
[2025-10-25T16:45:37.576+0200] {processor.py:830} INFO - Processing file /Users/youssefdaaloul/venv/dbt_snowflake/airflow_venv_39/lib/python3.11/site-packages/airflow/example_dags/plugins/listener_plugin.py for tasks to queue
[2025-10-25T16:45:37.576+0200] {logging_mixin.py:188} INFO - [2025-10-25T16:45:37.576+0200] {dagbag.py:538} INFO - Filling up the DagBag from /Users/youssefdaaloul/venv/dbt_snowflake/airflow_venv_39/lib/python3.11/site-packages/airflow/example_dags/plugins/listener_plugin.py
[2025-10-25T16:45:37.578+0200] {processor.py:842} WARNING - No viable dags retrieved from /Users/youssefdaaloul/venv/dbt_snowflake/airflow_venv_39/lib/python3.11/site-packages/airflow/example_dags/plugins/listener_plugin.py
[2025-10-25T16:45:37.605+0200] {processor.py:183} INFO - Processing /Users/youssefdaaloul/venv/dbt_snowflake/airflow_venv_39/lib/python3.11/site-packages/airflow/example_dags/plugins/listener_plugin.py took 0.031 seconds
[2025-10-25T16:46:37.907+0200] {processor.py:161} INFO - Started process (PID=74036) to work on /Users/youssefdaaloul/venv/dbt_snowflake/airflow_venv_39/lib/python3.11/site-packages/airflow/example_dags/plugins/listener_plugin.py
[2025-10-25T16:46:37.909+0200] {processor.py:830} INFO - Processing file /Users/youssefdaaloul/venv/dbt_snowflake/airflow_venv_39/lib/python3.11/site-packages/airflow/example_dags/plugins/listener_plugin.py for tasks to queue
[2025-10-25T16:46:37.909+0200] {logging_mixin.py:188} INFO - [2025-10-25T16:46:37.909+0200] {dagbag.py:538} INFO - Filling up the DagBag from /Users/youssefdaaloul/venv/dbt_snowflake/airflow_venv_39/lib/python3.11/site-packages/airflow/example_dags/plugins/listener_plugin.py
[2025-10-25T16:46:37.911+0200] {processor.py:842} WARNING - No viable dags retrieved from /Users/youssefdaaloul/venv/dbt_snowflake/airflow_venv_39/lib/python3.11/site-packages/airflow/example_dags/plugins/listener_plugin.py
[2025-10-25T16:46:37.939+0200] {processor.py:183} INFO - Processing /Users/youssefdaaloul/venv/dbt_snowflake/airflow_venv_39/lib/python3.11/site-packages/airflow/example_dags/plugins/listener_plugin.py took 0.032 seconds
[2025-10-25T16:47:35.909+0200] {processor.py:161} INFO - Started process (PID=74081) to work on /Users/youssefdaaloul/venv/dbt_snowflake/airflow_venv_39/lib/python3.11/site-packages/airflow/example_dags/plugins/listener_plugin.py
[2025-10-25T16:47:35.911+0200] {processor.py:830} INFO - Processing file /Users/youssefdaaloul/venv/dbt_snowflake/airflow_venv_39/lib/python3.11/site-packages/airflow/example_dags/plugins/listener_plugin.py for tasks to queue
[2025-10-25T16:47:35.911+0200] {logging_mixin.py:188} INFO - [2025-10-25T16:47:35.911+0200] {dagbag.py:538} INFO - Filling up the DagBag from /Users/youssefdaaloul/venv/dbt_snowflake/airflow_venv_39/lib/python3.11/site-packages/airflow/example_dags/plugins/listener_plugin.py
[2025-10-25T16:47:35.912+0200] {processor.py:842} WARNING - No viable dags retrieved from /Users/youssefdaaloul/venv/dbt_snowflake/airflow_venv_39/lib/python3.11/site-packages/airflow/example_dags/plugins/listener_plugin.py
[2025-10-25T16:47:35.941+0200] {processor.py:183} INFO - Processing /Users/youssefdaaloul/venv/dbt_snowflake/airflow_venv_39/lib/python3.11/site-packages/airflow/example_dags/plugins/listener_plugin.py took 0.032 seconds
[2025-10-25T16:48:30.252+0200] {processor.py:161} INFO - Started process (PID=74139) to work on /Users/youssefdaaloul/venv/dbt_snowflake/airflow_venv_39/lib/python3.11/site-packages/airflow/example_dags/plugins/listener_plugin.py
[2025-10-25T16:48:30.252+0200] {processor.py:830} INFO - Processing file /Users/youssefdaaloul/venv/dbt_snowflake/airflow_venv_39/lib/python3.11/site-packages/airflow/example_dags/plugins/listener_plugin.py for tasks to queue
[2025-10-25T16:48:30.253+0200] {logging_mixin.py:188} INFO - [2025-10-25T16:48:30.253+0200] {dagbag.py:538} INFO - Filling up the DagBag from /Users/youssefdaaloul/venv/dbt_snowflake/airflow_venv_39/lib/python3.11/site-packages/airflow/example_dags/plugins/listener_plugin.py
[2025-10-25T16:48:30.253+0200] {processor.py:842} WARNING - No viable dags retrieved from /Users/youssefdaaloul/venv/dbt_snowflake/airflow_venv_39/lib/python3.11/site-packages/airflow/example_dags/plugins/listener_plugin.py
[2025-10-25T16:48:30.282+0200] {processor.py:183} INFO - Processing /Users/youssefdaaloul/venv/dbt_snowflake/airflow_venv_39/lib/python3.11/site-packages/airflow/example_dags/plugins/listener_plugin.py took 0.031 seconds
[2025-10-25T16:49:26.597+0200] {processor.py:161} INFO - Started process (PID=74203) to work on /Users/youssefdaaloul/venv/dbt_snowflake/airflow_venv_39/lib/python3.11/site-packages/airflow/example_dags/plugins/listener_plugin.py
[2025-10-25T16:49:26.599+0200] {processor.py:830} INFO - Processing file /Users/youssefdaaloul/venv/dbt_snowflake/airflow_venv_39/lib/python3.11/site-packages/airflow/example_dags/plugins/listener_plugin.py for tasks to queue
[2025-10-25T16:49:26.599+0200] {logging_mixin.py:188} INFO - [2025-10-25T16:49:26.599+0200] {dagbag.py:538} INFO - Filling up the DagBag from /Users/youssefdaaloul/venv/dbt_snowflake/airflow_venv_39/lib/python3.11/site-packages/airflow/example_dags/plugins/listener_plugin.py
[2025-10-25T16:49:26.600+0200] {processor.py:842} WARNING - No viable dags retrieved from /Users/youssefdaaloul/venv/dbt_snowflake/airflow_venv_39/lib/python3.11/site-packages/airflow/example_dags/plugins/listener_plugin.py
[2025-10-25T16:49:26.628+0200] {processor.py:183} INFO - Processing /Users/youssefdaaloul/venv/dbt_snowflake/airflow_venv_39/lib/python3.11/site-packages/airflow/example_dags/plugins/listener_plugin.py took 0.031 seconds
[2025-10-25T16:50:25.112+0200] {processor.py:161} INFO - Started process (PID=74245) to work on /Users/youssefdaaloul/venv/dbt_snowflake/airflow_venv_39/lib/python3.11/site-packages/airflow/example_dags/plugins/listener_plugin.py
[2025-10-25T16:50:25.114+0200] {processor.py:830} INFO - Processing file /Users/youssefdaaloul/venv/dbt_snowflake/airflow_venv_39/lib/python3.11/site-packages/airflow/example_dags/plugins/listener_plugin.py for tasks to queue
[2025-10-25T16:50:25.114+0200] {logging_mixin.py:188} INFO - [2025-10-25T16:50:25.114+0200] {dagbag.py:538} INFO - Filling up the DagBag from /Users/youssefdaaloul/venv/dbt_snowflake/airflow_venv_39/lib/python3.11/site-packages/airflow/example_dags/plugins/listener_plugin.py
[2025-10-25T16:50:25.115+0200] {processor.py:842} WARNING - No viable dags retrieved from /Users/youssefdaaloul/venv/dbt_snowflake/airflow_venv_39/lib/python3.11/site-packages/airflow/example_dags/plugins/listener_plugin.py
[2025-10-25T16:50:25.143+0200] {processor.py:183} INFO - Processing /Users/youssefdaaloul/venv/dbt_snowflake/airflow_venv_39/lib/python3.11/site-packages/airflow/example_dags/plugins/listener_plugin.py took 0.031 seconds
[2025-10-25T16:51:23.584+0200] {processor.py:161} INFO - Started process (PID=74299) to work on /Users/youssefdaaloul/venv/dbt_snowflake/airflow_venv_39/lib/python3.11/site-packages/airflow/example_dags/plugins/listener_plugin.py
[2025-10-25T16:51:23.585+0200] {processor.py:830} INFO - Processing file /Users/youssefdaaloul/venv/dbt_snowflake/airflow_venv_39/lib/python3.11/site-packages/airflow/example_dags/plugins/listener_plugin.py for tasks to queue
[2025-10-25T16:51:23.585+0200] {logging_mixin.py:188} INFO - [2025-10-25T16:51:23.585+0200] {dagbag.py:538} INFO - Filling up the DagBag from /Users/youssefdaaloul/venv/dbt_snowflake/airflow_venv_39/lib/python3.11/site-packages/airflow/example_dags/plugins/listener_plugin.py
[2025-10-25T16:51:23.587+0200] {processor.py:842} WARNING - No viable dags retrieved from /Users/youssefdaaloul/venv/dbt_snowflake/airflow_venv_39/lib/python3.11/site-packages/airflow/example_dags/plugins/listener_plugin.py
[2025-10-25T16:51:23.615+0200] {processor.py:183} INFO - Processing /Users/youssefdaaloul/venv/dbt_snowflake/airflow_venv_39/lib/python3.11/site-packages/airflow/example_dags/plugins/listener_plugin.py took 0.031 seconds
