[2025-10-25T16:08:17.320+0200] {processor.py:161} INFO - Started process (PID=71175) to work on /Users/youssefdaaloul/venv/dbt_snowflake/airflow_venv_39/lib/python3.11/site-packages/airflow/example_dags/plugins/workday.py
[2025-10-25T16:08:17.321+0200] {processor.py:830} INFO - Processing file /Users/youssefdaaloul/venv/dbt_snowflake/airflow_venv_39/lib/python3.11/site-packages/airflow/example_dags/plugins/workday.py for tasks to queue
[2025-10-25T16:08:17.321+0200] {logging_mixin.py:188} INFO - [2025-10-25T16:08:17.321+0200] {dagbag.py:538} INFO - Filling up the DagBag from /Users/youssefdaaloul/venv/dbt_snowflake/airflow_venv_39/lib/python3.11/site-packages/airflow/example_dags/plugins/workday.py
[2025-10-25T16:08:17.322+0200] {logging_mixin.py:188} INFO - [2025-10-25T16:08:17.321+0200] {workday.py:40} WARNING - Could not import pandas. Holidays will not be considered.
[2025-10-25T16:08:17.322+0200] {processor.py:842} WARNING - No viable dags retrieved from /Users/youssefdaaloul/venv/dbt_snowflake/airflow_venv_39/lib/python3.11/site-packages/airflow/example_dags/plugins/workday.py
[2025-10-25T16:08:17.356+0200] {processor.py:183} INFO - Processing /Users/youssefdaaloul/venv/dbt_snowflake/airflow_venv_39/lib/python3.11/site-packages/airflow/example_dags/plugins/workday.py took 0.036 seconds
[2025-10-25T16:09:47.485+0200] {processor.py:161} INFO - Started process (PID=71258) to work on /Users/youssefdaaloul/venv/dbt_snowflake/airflow_venv_39/lib/python3.11/site-packages/airflow/example_dags/plugins/workday.py
[2025-10-25T16:09:47.486+0200] {processor.py:830} INFO - Processing file /Users/youssefdaaloul/venv/dbt_snowflake/airflow_venv_39/lib/python3.11/site-packages/airflow/example_dags/plugins/workday.py for tasks to queue
[2025-10-25T16:09:47.487+0200] {logging_mixin.py:188} INFO - [2025-10-25T16:09:47.487+0200] {dagbag.py:538} INFO - Filling up the DagBag from /Users/youssefdaaloul/venv/dbt_snowflake/airflow_venv_39/lib/python3.11/site-packages/airflow/example_dags/plugins/workday.py
[2025-10-25T16:09:47.488+0200] {logging_mixin.py:188} INFO - [2025-10-25T16:09:47.488+0200] {workday.py:40} WARNING - Could not import pandas. Holidays will not be considered.
[2025-10-25T16:09:47.488+0200] {processor.py:842} WARNING - No viable dags retrieved from /Users/youssefdaaloul/venv/dbt_snowflake/airflow_venv_39/lib/python3.11/site-packages/airflow/example_dags/plugins/workday.py
[2025-10-25T16:09:47.519+0200] {processor.py:183} INFO - Processing /Users/youssefdaaloul/venv/dbt_snowflake/airflow_venv_39/lib/python3.11/site-packages/airflow/example_dags/plugins/workday.py took 0.035 seconds
[2025-10-25T16:10:47.813+0200] {processor.py:161} INFO - Started process (PID=71314) to work on /Users/youssefdaaloul/venv/dbt_snowflake/airflow_venv_39/lib/python3.11/site-packages/airflow/example_dags/plugins/workday.py
[2025-10-25T16:10:47.814+0200] {processor.py:830} INFO - Processing file /Users/youssefdaaloul/venv/dbt_snowflake/airflow_venv_39/lib/python3.11/site-packages/airflow/example_dags/plugins/workday.py for tasks to queue
[2025-10-25T16:10:47.814+0200] {logging_mixin.py:188} INFO - [2025-10-25T16:10:47.814+0200] {dagbag.py:538} INFO - Filling up the DagBag from /Users/youssefdaaloul/venv/dbt_snowflake/airflow_venv_39/lib/python3.11/site-packages/airflow/example_dags/plugins/workday.py
[2025-10-25T16:10:47.815+0200] {logging_mixin.py:188} INFO - [2025-10-25T16:10:47.815+0200] {workday.py:40} WARNING - Could not import pandas. Holidays will not be considered.
[2025-10-25T16:10:47.815+0200] {processor.py:842} WARNING - No viable dags retrieved from /Users/youssefdaaloul/venv/dbt_snowflake/airflow_venv_39/lib/python3.11/site-packages/airflow/example_dags/plugins/workday.py
[2025-10-25T16:10:47.842+0200] {processor.py:183} INFO - Processing /Users/youssefdaaloul/venv/dbt_snowflake/airflow_venv_39/lib/python3.11/site-packages/airflow/example_dags/plugins/workday.py took 0.029 seconds
[2025-10-25T16:11:47.436+0200] {processor.py:161} INFO - Started process (PID=71375) to work on /Users/youssefdaaloul/venv/dbt_snowflake/airflow_venv_39/lib/python3.11/site-packages/airflow/example_dags/plugins/workday.py
[2025-10-25T16:11:47.436+0200] {processor.py:830} INFO - Processing file /Users/youssefdaaloul/venv/dbt_snowflake/airflow_venv_39/lib/python3.11/site-packages/airflow/example_dags/plugins/workday.py for tasks to queue
[2025-10-25T16:11:47.436+0200] {logging_mixin.py:188} INFO - [2025-10-25T16:11:47.436+0200] {dagbag.py:538} INFO - Filling up the DagBag from /Users/youssefdaaloul/venv/dbt_snowflake/airflow_venv_39/lib/python3.11/site-packages/airflow/example_dags/plugins/workday.py
[2025-10-25T16:11:47.437+0200] {logging_mixin.py:188} INFO - [2025-10-25T16:11:47.437+0200] {workday.py:40} WARNING - Could not import pandas. Holidays will not be considered.
[2025-10-25T16:11:47.437+0200] {processor.py:842} WARNING - No viable dags retrieved from /Users/youssefdaaloul/venv/dbt_snowflake/airflow_venv_39/lib/python3.11/site-packages/airflow/example_dags/plugins/workday.py
[2025-10-25T16:11:47.466+0200] {processor.py:183} INFO - Processing /Users/youssefdaaloul/venv/dbt_snowflake/airflow_venv_39/lib/python3.11/site-packages/airflow/example_dags/plugins/workday.py took 0.031 seconds
[2025-10-25T16:12:45.676+0200] {processor.py:161} INFO - Started process (PID=71424) to work on /Users/youssefdaaloul/venv/dbt_snowflake/airflow_venv_39/lib/python3.11/site-packages/airflow/example_dags/plugins/workday.py
[2025-10-25T16:12:45.677+0200] {processor.py:830} INFO - Processing file /Users/youssefdaaloul/venv/dbt_snowflake/airflow_venv_39/lib/python3.11/site-packages/airflow/example_dags/plugins/workday.py for tasks to queue
[2025-10-25T16:12:45.677+0200] {logging_mixin.py:188} INFO - [2025-10-25T16:12:45.677+0200] {dagbag.py:538} INFO - Filling up the DagBag from /Users/youssefdaaloul/venv/dbt_snowflake/airflow_venv_39/lib/python3.11/site-packages/airflow/example_dags/plugins/workday.py
[2025-10-25T16:12:45.678+0200] {logging_mixin.py:188} INFO - [2025-10-25T16:12:45.678+0200] {workday.py:40} WARNING - Could not import pandas. Holidays will not be considered.
[2025-10-25T16:12:45.678+0200] {processor.py:842} WARNING - No viable dags retrieved from /Users/youssefdaaloul/venv/dbt_snowflake/airflow_venv_39/lib/python3.11/site-packages/airflow/example_dags/plugins/workday.py
[2025-10-25T16:12:45.710+0200] {processor.py:183} INFO - Processing /Users/youssefdaaloul/venv/dbt_snowflake/airflow_venv_39/lib/python3.11/site-packages/airflow/example_dags/plugins/workday.py took 0.033 seconds
[2025-10-25T16:13:45.058+0200] {processor.py:161} INFO - Started process (PID=71474) to work on /Users/youssefdaaloul/venv/dbt_snowflake/airflow_venv_39/lib/python3.11/site-packages/airflow/example_dags/plugins/workday.py
[2025-10-25T16:13:45.059+0200] {processor.py:830} INFO - Processing file /Users/youssefdaaloul/venv/dbt_snowflake/airflow_venv_39/lib/python3.11/site-packages/airflow/example_dags/plugins/workday.py for tasks to queue
[2025-10-25T16:13:45.060+0200] {logging_mixin.py:188} INFO - [2025-10-25T16:13:45.059+0200] {dagbag.py:538} INFO - Filling up the DagBag from /Users/youssefdaaloul/venv/dbt_snowflake/airflow_venv_39/lib/python3.11/site-packages/airflow/example_dags/plugins/workday.py
[2025-10-25T16:13:45.061+0200] {logging_mixin.py:188} INFO - [2025-10-25T16:13:45.060+0200] {workday.py:40} WARNING - Could not import pandas. Holidays will not be considered.
[2025-10-25T16:13:45.061+0200] {processor.py:842} WARNING - No viable dags retrieved from /Users/youssefdaaloul/venv/dbt_snowflake/airflow_venv_39/lib/python3.11/site-packages/airflow/example_dags/plugins/workday.py
[2025-10-25T16:13:45.091+0200] {processor.py:183} INFO - Processing /Users/youssefdaaloul/venv/dbt_snowflake/airflow_venv_39/lib/python3.11/site-packages/airflow/example_dags/plugins/workday.py took 0.033 seconds
[2025-10-25T16:14:47.842+0200] {processor.py:161} INFO - Started process (PID=71536) to work on /Users/youssefdaaloul/venv/dbt_snowflake/airflow_venv_39/lib/python3.11/site-packages/airflow/example_dags/plugins/workday.py
[2025-10-25T16:14:47.843+0200] {processor.py:830} INFO - Processing file /Users/youssefdaaloul/venv/dbt_snowflake/airflow_venv_39/lib/python3.11/site-packages/airflow/example_dags/plugins/workday.py for tasks to queue
[2025-10-25T16:14:47.843+0200] {logging_mixin.py:188} INFO - [2025-10-25T16:14:47.843+0200] {dagbag.py:538} INFO - Filling up the DagBag from /Users/youssefdaaloul/venv/dbt_snowflake/airflow_venv_39/lib/python3.11/site-packages/airflow/example_dags/plugins/workday.py
[2025-10-25T16:14:47.844+0200] {logging_mixin.py:188} INFO - [2025-10-25T16:14:47.844+0200] {workday.py:40} WARNING - Could not import pandas. Holidays will not be considered.
[2025-10-25T16:14:47.844+0200] {processor.py:842} WARNING - No viable dags retrieved from /Users/youssefdaaloul/venv/dbt_snowflake/airflow_venv_39/lib/python3.11/site-packages/airflow/example_dags/plugins/workday.py
[2025-10-25T16:14:47.872+0200] {processor.py:183} INFO - Processing /Users/youssefdaaloul/venv/dbt_snowflake/airflow_venv_39/lib/python3.11/site-packages/airflow/example_dags/plugins/workday.py took 0.030 seconds
[2025-10-25T16:15:50.403+0200] {processor.py:161} INFO - Started process (PID=71594) to work on /Users/youssefdaaloul/venv/dbt_snowflake/airflow_venv_39/lib/python3.11/site-packages/airflow/example_dags/plugins/workday.py
[2025-10-25T16:15:50.408+0200] {processor.py:830} INFO - Processing file /Users/youssefdaaloul/venv/dbt_snowflake/airflow_venv_39/lib/python3.11/site-packages/airflow/example_dags/plugins/workday.py for tasks to queue
[2025-10-25T16:15:50.408+0200] {logging_mixin.py:188} INFO - [2025-10-25T16:15:50.408+0200] {dagbag.py:538} INFO - Filling up the DagBag from /Users/youssefdaaloul/venv/dbt_snowflake/airflow_venv_39/lib/python3.11/site-packages/airflow/example_dags/plugins/workday.py
[2025-10-25T16:15:50.409+0200] {logging_mixin.py:188} INFO - [2025-10-25T16:15:50.409+0200] {workday.py:40} WARNING - Could not import pandas. Holidays will not be considered.
[2025-10-25T16:15:50.409+0200] {processor.py:842} WARNING - No viable dags retrieved from /Users/youssefdaaloul/venv/dbt_snowflake/airflow_venv_39/lib/python3.11/site-packages/airflow/example_dags/plugins/workday.py
[2025-10-25T16:15:50.438+0200] {processor.py:183} INFO - Processing /Users/youssefdaaloul/venv/dbt_snowflake/airflow_venv_39/lib/python3.11/site-packages/airflow/example_dags/plugins/workday.py took 0.036 seconds
[2025-10-25T16:16:48.616+0200] {processor.py:161} INFO - Started process (PID=71638) to work on /Users/youssefdaaloul/venv/dbt_snowflake/airflow_venv_39/lib/python3.11/site-packages/airflow/example_dags/plugins/workday.py
[2025-10-25T16:16:48.617+0200] {processor.py:830} INFO - Processing file /Users/youssefdaaloul/venv/dbt_snowflake/airflow_venv_39/lib/python3.11/site-packages/airflow/example_dags/plugins/workday.py for tasks to queue
[2025-10-25T16:16:48.618+0200] {logging_mixin.py:188} INFO - [2025-10-25T16:16:48.618+0200] {dagbag.py:538} INFO - Filling up the DagBag from /Users/youssefdaaloul/venv/dbt_snowflake/airflow_venv_39/lib/python3.11/site-packages/airflow/example_dags/plugins/workday.py
[2025-10-25T16:16:48.619+0200] {logging_mixin.py:188} INFO - [2025-10-25T16:16:48.618+0200] {workday.py:40} WARNING - Could not import pandas. Holidays will not be considered.
[2025-10-25T16:16:48.619+0200] {processor.py:842} WARNING - No viable dags retrieved from /Users/youssefdaaloul/venv/dbt_snowflake/airflow_venv_39/lib/python3.11/site-packages/airflow/example_dags/plugins/workday.py
[2025-10-25T16:16:48.648+0200] {processor.py:183} INFO - Processing /Users/youssefdaaloul/venv/dbt_snowflake/airflow_venv_39/lib/python3.11/site-packages/airflow/example_dags/plugins/workday.py took 0.032 seconds
[2025-10-25T16:17:48.398+0200] {processor.py:161} INFO - Started process (PID=71688) to work on /Users/youssefdaaloul/venv/dbt_snowflake/airflow_venv_39/lib/python3.11/site-packages/airflow/example_dags/plugins/workday.py
[2025-10-25T16:17:48.398+0200] {processor.py:830} INFO - Processing file /Users/youssefdaaloul/venv/dbt_snowflake/airflow_venv_39/lib/python3.11/site-packages/airflow/example_dags/plugins/workday.py for tasks to queue
[2025-10-25T16:17:48.399+0200] {logging_mixin.py:188} INFO - [2025-10-25T16:17:48.399+0200] {dagbag.py:538} INFO - Filling up the DagBag from /Users/youssefdaaloul/venv/dbt_snowflake/airflow_venv_39/lib/python3.11/site-packages/airflow/example_dags/plugins/workday.py
[2025-10-25T16:17:48.399+0200] {logging_mixin.py:188} INFO - [2025-10-25T16:17:48.399+0200] {workday.py:40} WARNING - Could not import pandas. Holidays will not be considered.
[2025-10-25T16:17:48.399+0200] {processor.py:842} WARNING - No viable dags retrieved from /Users/youssefdaaloul/venv/dbt_snowflake/airflow_venv_39/lib/python3.11/site-packages/airflow/example_dags/plugins/workday.py
[2025-10-25T16:17:48.429+0200] {processor.py:183} INFO - Processing /Users/youssefdaaloul/venv/dbt_snowflake/airflow_venv_39/lib/python3.11/site-packages/airflow/example_dags/plugins/workday.py took 0.032 seconds
[2025-10-25T16:18:49.184+0200] {processor.py:161} INFO - Started process (PID=71744) to work on /Users/youssefdaaloul/venv/dbt_snowflake/airflow_venv_39/lib/python3.11/site-packages/airflow/example_dags/plugins/workday.py
[2025-10-25T16:18:49.185+0200] {processor.py:830} INFO - Processing file /Users/youssefdaaloul/venv/dbt_snowflake/airflow_venv_39/lib/python3.11/site-packages/airflow/example_dags/plugins/workday.py for tasks to queue
[2025-10-25T16:18:49.185+0200] {logging_mixin.py:188} INFO - [2025-10-25T16:18:49.185+0200] {dagbag.py:538} INFO - Filling up the DagBag from /Users/youssefdaaloul/venv/dbt_snowflake/airflow_venv_39/lib/python3.11/site-packages/airflow/example_dags/plugins/workday.py
[2025-10-25T16:18:49.186+0200] {logging_mixin.py:188} INFO - [2025-10-25T16:18:49.186+0200] {workday.py:40} WARNING - Could not import pandas. Holidays will not be considered.
[2025-10-25T16:18:49.186+0200] {processor.py:842} WARNING - No viable dags retrieved from /Users/youssefdaaloul/venv/dbt_snowflake/airflow_venv_39/lib/python3.11/site-packages/airflow/example_dags/plugins/workday.py
[2025-10-25T16:18:49.215+0200] {processor.py:183} INFO - Processing /Users/youssefdaaloul/venv/dbt_snowflake/airflow_venv_39/lib/python3.11/site-packages/airflow/example_dags/plugins/workday.py took 0.032 seconds
[2025-10-25T16:19:54.933+0200] {processor.py:161} INFO - Started process (PID=71804) to work on /Users/youssefdaaloul/venv/dbt_snowflake/airflow_venv_39/lib/python3.11/site-packages/airflow/example_dags/plugins/workday.py
[2025-10-25T16:19:54.934+0200] {processor.py:830} INFO - Processing file /Users/youssefdaaloul/venv/dbt_snowflake/airflow_venv_39/lib/python3.11/site-packages/airflow/example_dags/plugins/workday.py for tasks to queue
[2025-10-25T16:19:54.934+0200] {logging_mixin.py:188} INFO - [2025-10-25T16:19:54.934+0200] {dagbag.py:538} INFO - Filling up the DagBag from /Users/youssefdaaloul/venv/dbt_snowflake/airflow_venv_39/lib/python3.11/site-packages/airflow/example_dags/plugins/workday.py
[2025-10-25T16:19:54.935+0200] {logging_mixin.py:188} INFO - [2025-10-25T16:19:54.935+0200] {workday.py:40} WARNING - Could not import pandas. Holidays will not be considered.
[2025-10-25T16:19:54.935+0200] {processor.py:842} WARNING - No viable dags retrieved from /Users/youssefdaaloul/venv/dbt_snowflake/airflow_venv_39/lib/python3.11/site-packages/airflow/example_dags/plugins/workday.py
[2025-10-25T16:19:54.964+0200] {processor.py:183} INFO - Processing /Users/youssefdaaloul/venv/dbt_snowflake/airflow_venv_39/lib/python3.11/site-packages/airflow/example_dags/plugins/workday.py took 0.031 seconds
[2025-10-25T16:20:56.018+0200] {processor.py:161} INFO - Started process (PID=71866) to work on /Users/youssefdaaloul/venv/dbt_snowflake/airflow_venv_39/lib/python3.11/site-packages/airflow/example_dags/plugins/workday.py
[2025-10-25T16:20:56.019+0200] {processor.py:830} INFO - Processing file /Users/youssefdaaloul/venv/dbt_snowflake/airflow_venv_39/lib/python3.11/site-packages/airflow/example_dags/plugins/workday.py for tasks to queue
[2025-10-25T16:20:56.019+0200] {logging_mixin.py:188} INFO - [2025-10-25T16:20:56.019+0200] {dagbag.py:538} INFO - Filling up the DagBag from /Users/youssefdaaloul/venv/dbt_snowflake/airflow_venv_39/lib/python3.11/site-packages/airflow/example_dags/plugins/workday.py
[2025-10-25T16:20:56.020+0200] {logging_mixin.py:188} INFO - [2025-10-25T16:20:56.020+0200] {workday.py:40} WARNING - Could not import pandas. Holidays will not be considered.
[2025-10-25T16:20:56.020+0200] {processor.py:842} WARNING - No viable dags retrieved from /Users/youssefdaaloul/venv/dbt_snowflake/airflow_venv_39/lib/python3.11/site-packages/airflow/example_dags/plugins/workday.py
[2025-10-25T16:20:56.048+0200] {processor.py:183} INFO - Processing /Users/youssefdaaloul/venv/dbt_snowflake/airflow_venv_39/lib/python3.11/site-packages/airflow/example_dags/plugins/workday.py took 0.030 seconds
[2025-10-25T16:21:49.970+0200] {processor.py:161} INFO - Started process (PID=71910) to work on /Users/youssefdaaloul/venv/dbt_snowflake/airflow_venv_39/lib/python3.11/site-packages/airflow/example_dags/plugins/workday.py
[2025-10-25T16:21:49.971+0200] {processor.py:830} INFO - Processing file /Users/youssefdaaloul/venv/dbt_snowflake/airflow_venv_39/lib/python3.11/site-packages/airflow/example_dags/plugins/workday.py for tasks to queue
[2025-10-25T16:21:49.971+0200] {logging_mixin.py:188} INFO - [2025-10-25T16:21:49.971+0200] {dagbag.py:538} INFO - Filling up the DagBag from /Users/youssefdaaloul/venv/dbt_snowflake/airflow_venv_39/lib/python3.11/site-packages/airflow/example_dags/plugins/workday.py
[2025-10-25T16:21:49.972+0200] {logging_mixin.py:188} INFO - [2025-10-25T16:21:49.972+0200] {workday.py:40} WARNING - Could not import pandas. Holidays will not be considered.
[2025-10-25T16:21:49.972+0200] {processor.py:842} WARNING - No viable dags retrieved from /Users/youssefdaaloul/venv/dbt_snowflake/airflow_venv_39/lib/python3.11/site-packages/airflow/example_dags/plugins/workday.py
[2025-10-25T16:21:50.000+0200] {processor.py:183} INFO - Processing /Users/youssefdaaloul/venv/dbt_snowflake/airflow_venv_39/lib/python3.11/site-packages/airflow/example_dags/plugins/workday.py took 0.030 seconds
[2025-10-25T16:22:42.947+0200] {processor.py:161} INFO - Started process (PID=71956) to work on /Users/youssefdaaloul/venv/dbt_snowflake/airflow_venv_39/lib/python3.11/site-packages/airflow/example_dags/plugins/workday.py
[2025-10-25T16:22:42.948+0200] {processor.py:830} INFO - Processing file /Users/youssefdaaloul/venv/dbt_snowflake/airflow_venv_39/lib/python3.11/site-packages/airflow/example_dags/plugins/workday.py for tasks to queue
[2025-10-25T16:22:42.948+0200] {logging_mixin.py:188} INFO - [2025-10-25T16:22:42.948+0200] {dagbag.py:538} INFO - Filling up the DagBag from /Users/youssefdaaloul/venv/dbt_snowflake/airflow_venv_39/lib/python3.11/site-packages/airflow/example_dags/plugins/workday.py
[2025-10-25T16:22:42.949+0200] {logging_mixin.py:188} INFO - [2025-10-25T16:22:42.949+0200] {workday.py:40} WARNING - Could not import pandas. Holidays will not be considered.
[2025-10-25T16:22:42.949+0200] {processor.py:842} WARNING - No viable dags retrieved from /Users/youssefdaaloul/venv/dbt_snowflake/airflow_venv_39/lib/python3.11/site-packages/airflow/example_dags/plugins/workday.py
[2025-10-25T16:22:42.976+0200] {processor.py:183} INFO - Processing /Users/youssefdaaloul/venv/dbt_snowflake/airflow_venv_39/lib/python3.11/site-packages/airflow/example_dags/plugins/workday.py took 0.029 seconds
[2025-10-25T16:23:36.172+0200] {processor.py:161} INFO - Started process (PID=72014) to work on /Users/youssefdaaloul/venv/dbt_snowflake/airflow_venv_39/lib/python3.11/site-packages/airflow/example_dags/plugins/workday.py
[2025-10-25T16:23:36.173+0200] {processor.py:830} INFO - Processing file /Users/youssefdaaloul/venv/dbt_snowflake/airflow_venv_39/lib/python3.11/site-packages/airflow/example_dags/plugins/workday.py for tasks to queue
[2025-10-25T16:23:36.173+0200] {logging_mixin.py:188} INFO - [2025-10-25T16:23:36.173+0200] {dagbag.py:538} INFO - Filling up the DagBag from /Users/youssefdaaloul/venv/dbt_snowflake/airflow_venv_39/lib/python3.11/site-packages/airflow/example_dags/plugins/workday.py
[2025-10-25T16:23:36.174+0200] {logging_mixin.py:188} INFO - [2025-10-25T16:23:36.174+0200] {workday.py:40} WARNING - Could not import pandas. Holidays will not be considered.
[2025-10-25T16:23:36.174+0200] {processor.py:842} WARNING - No viable dags retrieved from /Users/youssefdaaloul/venv/dbt_snowflake/airflow_venv_39/lib/python3.11/site-packages/airflow/example_dags/plugins/workday.py
[2025-10-25T16:23:36.202+0200] {processor.py:183} INFO - Processing /Users/youssefdaaloul/venv/dbt_snowflake/airflow_venv_39/lib/python3.11/site-packages/airflow/example_dags/plugins/workday.py took 0.031 seconds
[2025-10-25T16:24:32.532+0200] {processor.py:161} INFO - Started process (PID=72068) to work on /Users/youssefdaaloul/venv/dbt_snowflake/airflow_venv_39/lib/python3.11/site-packages/airflow/example_dags/plugins/workday.py
[2025-10-25T16:24:32.532+0200] {processor.py:830} INFO - Processing file /Users/youssefdaaloul/venv/dbt_snowflake/airflow_venv_39/lib/python3.11/site-packages/airflow/example_dags/plugins/workday.py for tasks to queue
[2025-10-25T16:24:32.533+0200] {logging_mixin.py:188} INFO - [2025-10-25T16:24:32.533+0200] {dagbag.py:538} INFO - Filling up the DagBag from /Users/youssefdaaloul/venv/dbt_snowflake/airflow_venv_39/lib/python3.11/site-packages/airflow/example_dags/plugins/workday.py
[2025-10-25T16:24:32.533+0200] {logging_mixin.py:188} INFO - [2025-10-25T16:24:32.533+0200] {workday.py:40} WARNING - Could not import pandas. Holidays will not be considered.
[2025-10-25T16:24:32.534+0200] {processor.py:842} WARNING - No viable dags retrieved from /Users/youssefdaaloul/venv/dbt_snowflake/airflow_venv_39/lib/python3.11/site-packages/airflow/example_dags/plugins/workday.py
[2025-10-25T16:24:32.561+0200] {processor.py:183} INFO - Processing /Users/youssefdaaloul/venv/dbt_snowflake/airflow_venv_39/lib/python3.11/site-packages/airflow/example_dags/plugins/workday.py took 0.030 seconds
[2025-10-25T16:25:27.585+0200] {processor.py:161} INFO - Started process (PID=72114) to work on /Users/youssefdaaloul/venv/dbt_snowflake/airflow_venv_39/lib/python3.11/site-packages/airflow/example_dags/plugins/workday.py
[2025-10-25T16:25:27.586+0200] {processor.py:830} INFO - Processing file /Users/youssefdaaloul/venv/dbt_snowflake/airflow_venv_39/lib/python3.11/site-packages/airflow/example_dags/plugins/workday.py for tasks to queue
[2025-10-25T16:25:27.586+0200] {logging_mixin.py:188} INFO - [2025-10-25T16:25:27.586+0200] {dagbag.py:538} INFO - Filling up the DagBag from /Users/youssefdaaloul/venv/dbt_snowflake/airflow_venv_39/lib/python3.11/site-packages/airflow/example_dags/plugins/workday.py
[2025-10-25T16:25:27.587+0200] {logging_mixin.py:188} INFO - [2025-10-25T16:25:27.587+0200] {workday.py:40} WARNING - Could not import pandas. Holidays will not be considered.
[2025-10-25T16:25:27.587+0200] {processor.py:842} WARNING - No viable dags retrieved from /Users/youssefdaaloul/venv/dbt_snowflake/airflow_venv_39/lib/python3.11/site-packages/airflow/example_dags/plugins/workday.py
[2025-10-25T16:25:27.614+0200] {processor.py:183} INFO - Processing /Users/youssefdaaloul/venv/dbt_snowflake/airflow_venv_39/lib/python3.11/site-packages/airflow/example_dags/plugins/workday.py took 0.029 seconds
[2025-10-25T16:26:22.017+0200] {processor.py:161} INFO - Started process (PID=72186) to work on /Users/youssefdaaloul/venv/dbt_snowflake/airflow_venv_39/lib/python3.11/site-packages/airflow/example_dags/plugins/workday.py
[2025-10-25T16:26:22.019+0200] {processor.py:830} INFO - Processing file /Users/youssefdaaloul/venv/dbt_snowflake/airflow_venv_39/lib/python3.11/site-packages/airflow/example_dags/plugins/workday.py for tasks to queue
[2025-10-25T16:26:22.019+0200] {logging_mixin.py:188} INFO - [2025-10-25T16:26:22.019+0200] {dagbag.py:538} INFO - Filling up the DagBag from /Users/youssefdaaloul/venv/dbt_snowflake/airflow_venv_39/lib/python3.11/site-packages/airflow/example_dags/plugins/workday.py
[2025-10-25T16:26:22.019+0200] {logging_mixin.py:188} INFO - [2025-10-25T16:26:22.019+0200] {workday.py:40} WARNING - Could not import pandas. Holidays will not be considered.
[2025-10-25T16:26:22.020+0200] {processor.py:842} WARNING - No viable dags retrieved from /Users/youssefdaaloul/venv/dbt_snowflake/airflow_venv_39/lib/python3.11/site-packages/airflow/example_dags/plugins/workday.py
[2025-10-25T16:26:22.048+0200] {processor.py:183} INFO - Processing /Users/youssefdaaloul/venv/dbt_snowflake/airflow_venv_39/lib/python3.11/site-packages/airflow/example_dags/plugins/workday.py took 0.031 seconds
[2025-10-25T16:27:13.929+0200] {processor.py:161} INFO - Started process (PID=72224) to work on /Users/youssefdaaloul/venv/dbt_snowflake/airflow_venv_39/lib/python3.11/site-packages/airflow/example_dags/plugins/workday.py
[2025-10-25T16:27:13.930+0200] {processor.py:830} INFO - Processing file /Users/youssefdaaloul/venv/dbt_snowflake/airflow_venv_39/lib/python3.11/site-packages/airflow/example_dags/plugins/workday.py for tasks to queue
[2025-10-25T16:27:13.931+0200] {logging_mixin.py:188} INFO - [2025-10-25T16:27:13.931+0200] {dagbag.py:538} INFO - Filling up the DagBag from /Users/youssefdaaloul/venv/dbt_snowflake/airflow_venv_39/lib/python3.11/site-packages/airflow/example_dags/plugins/workday.py
[2025-10-25T16:27:13.931+0200] {logging_mixin.py:188} INFO - [2025-10-25T16:27:13.931+0200] {workday.py:40} WARNING - Could not import pandas. Holidays will not be considered.
[2025-10-25T16:27:13.931+0200] {processor.py:842} WARNING - No viable dags retrieved from /Users/youssefdaaloul/venv/dbt_snowflake/airflow_venv_39/lib/python3.11/site-packages/airflow/example_dags/plugins/workday.py
[2025-10-25T16:27:13.958+0200] {processor.py:183} INFO - Processing /Users/youssefdaaloul/venv/dbt_snowflake/airflow_venv_39/lib/python3.11/site-packages/airflow/example_dags/plugins/workday.py took 0.030 seconds
[2025-10-25T16:28:12.140+0200] {processor.py:161} INFO - Started process (PID=72292) to work on /Users/youssefdaaloul/venv/dbt_snowflake/airflow_venv_39/lib/python3.11/site-packages/airflow/example_dags/plugins/workday.py
[2025-10-25T16:28:12.140+0200] {processor.py:830} INFO - Processing file /Users/youssefdaaloul/venv/dbt_snowflake/airflow_venv_39/lib/python3.11/site-packages/airflow/example_dags/plugins/workday.py for tasks to queue
[2025-10-25T16:28:12.141+0200] {logging_mixin.py:188} INFO - [2025-10-25T16:28:12.140+0200] {dagbag.py:538} INFO - Filling up the DagBag from /Users/youssefdaaloul/venv/dbt_snowflake/airflow_venv_39/lib/python3.11/site-packages/airflow/example_dags/plugins/workday.py
[2025-10-25T16:28:12.141+0200] {logging_mixin.py:188} INFO - [2025-10-25T16:28:12.141+0200] {workday.py:40} WARNING - Could not import pandas. Holidays will not be considered.
[2025-10-25T16:28:12.141+0200] {processor.py:842} WARNING - No viable dags retrieved from /Users/youssefdaaloul/venv/dbt_snowflake/airflow_venv_39/lib/python3.11/site-packages/airflow/example_dags/plugins/workday.py
[2025-10-25T16:28:12.173+0200] {processor.py:183} INFO - Processing /Users/youssefdaaloul/venv/dbt_snowflake/airflow_venv_39/lib/python3.11/site-packages/airflow/example_dags/plugins/workday.py took 0.034 seconds
[2025-10-25T16:29:11.055+0200] {processor.py:161} INFO - Started process (PID=72344) to work on /Users/youssefdaaloul/venv/dbt_snowflake/airflow_venv_39/lib/python3.11/site-packages/airflow/example_dags/plugins/workday.py
[2025-10-25T16:29:11.056+0200] {processor.py:830} INFO - Processing file /Users/youssefdaaloul/venv/dbt_snowflake/airflow_venv_39/lib/python3.11/site-packages/airflow/example_dags/plugins/workday.py for tasks to queue
[2025-10-25T16:29:11.057+0200] {logging_mixin.py:188} INFO - [2025-10-25T16:29:11.057+0200] {dagbag.py:538} INFO - Filling up the DagBag from /Users/youssefdaaloul/venv/dbt_snowflake/airflow_venv_39/lib/python3.11/site-packages/airflow/example_dags/plugins/workday.py
[2025-10-25T16:29:11.057+0200] {logging_mixin.py:188} INFO - [2025-10-25T16:29:11.057+0200] {workday.py:40} WARNING - Could not import pandas. Holidays will not be considered.
[2025-10-25T16:29:11.058+0200] {processor.py:842} WARNING - No viable dags retrieved from /Users/youssefdaaloul/venv/dbt_snowflake/airflow_venv_39/lib/python3.11/site-packages/airflow/example_dags/plugins/workday.py
[2025-10-25T16:29:11.085+0200] {processor.py:183} INFO - Processing /Users/youssefdaaloul/venv/dbt_snowflake/airflow_venv_39/lib/python3.11/site-packages/airflow/example_dags/plugins/workday.py took 0.030 seconds
[2025-10-25T16:30:09.860+0200] {processor.py:161} INFO - Started process (PID=72414) to work on /Users/youssefdaaloul/venv/dbt_snowflake/airflow_venv_39/lib/python3.11/site-packages/airflow/example_dags/plugins/workday.py
[2025-10-25T16:30:09.862+0200] {processor.py:830} INFO - Processing file /Users/youssefdaaloul/venv/dbt_snowflake/airflow_venv_39/lib/python3.11/site-packages/airflow/example_dags/plugins/workday.py for tasks to queue
[2025-10-25T16:30:09.862+0200] {logging_mixin.py:188} INFO - [2025-10-25T16:30:09.862+0200] {dagbag.py:538} INFO - Filling up the DagBag from /Users/youssefdaaloul/venv/dbt_snowflake/airflow_venv_39/lib/python3.11/site-packages/airflow/example_dags/plugins/workday.py
[2025-10-25T16:30:09.863+0200] {logging_mixin.py:188} INFO - [2025-10-25T16:30:09.863+0200] {workday.py:40} WARNING - Could not import pandas. Holidays will not be considered.
[2025-10-25T16:30:09.863+0200] {processor.py:842} WARNING - No viable dags retrieved from /Users/youssefdaaloul/venv/dbt_snowflake/airflow_venv_39/lib/python3.11/site-packages/airflow/example_dags/plugins/workday.py
[2025-10-25T16:30:09.892+0200] {processor.py:183} INFO - Processing /Users/youssefdaaloul/venv/dbt_snowflake/airflow_venv_39/lib/python3.11/site-packages/airflow/example_dags/plugins/workday.py took 0.032 seconds
[2025-10-25T16:31:09.800+0200] {processor.py:161} INFO - Started process (PID=72497) to work on /Users/youssefdaaloul/venv/dbt_snowflake/airflow_venv_39/lib/python3.11/site-packages/airflow/example_dags/plugins/workday.py
[2025-10-25T16:31:09.801+0200] {processor.py:830} INFO - Processing file /Users/youssefdaaloul/venv/dbt_snowflake/airflow_venv_39/lib/python3.11/site-packages/airflow/example_dags/plugins/workday.py for tasks to queue
[2025-10-25T16:31:09.801+0200] {logging_mixin.py:188} INFO - [2025-10-25T16:31:09.801+0200] {dagbag.py:538} INFO - Filling up the DagBag from /Users/youssefdaaloul/venv/dbt_snowflake/airflow_venv_39/lib/python3.11/site-packages/airflow/example_dags/plugins/workday.py
[2025-10-25T16:31:09.802+0200] {logging_mixin.py:188} INFO - [2025-10-25T16:31:09.802+0200] {workday.py:40} WARNING - Could not import pandas. Holidays will not be considered.
[2025-10-25T16:31:09.802+0200] {processor.py:842} WARNING - No viable dags retrieved from /Users/youssefdaaloul/venv/dbt_snowflake/airflow_venv_39/lib/python3.11/site-packages/airflow/example_dags/plugins/workday.py
[2025-10-25T16:31:09.832+0200] {processor.py:183} INFO - Processing /Users/youssefdaaloul/venv/dbt_snowflake/airflow_venv_39/lib/python3.11/site-packages/airflow/example_dags/plugins/workday.py took 0.032 seconds
[2025-10-25T16:32:04.280+0200] {processor.py:161} INFO - Started process (PID=72585) to work on /Users/youssefdaaloul/venv/dbt_snowflake/airflow_venv_39/lib/python3.11/site-packages/airflow/example_dags/plugins/workday.py
[2025-10-25T16:32:04.281+0200] {processor.py:830} INFO - Processing file /Users/youssefdaaloul/venv/dbt_snowflake/airflow_venv_39/lib/python3.11/site-packages/airflow/example_dags/plugins/workday.py for tasks to queue
[2025-10-25T16:32:04.281+0200] {logging_mixin.py:188} INFO - [2025-10-25T16:32:04.281+0200] {dagbag.py:538} INFO - Filling up the DagBag from /Users/youssefdaaloul/venv/dbt_snowflake/airflow_venv_39/lib/python3.11/site-packages/airflow/example_dags/plugins/workday.py
[2025-10-25T16:32:04.282+0200] {logging_mixin.py:188} INFO - [2025-10-25T16:32:04.282+0200] {workday.py:40} WARNING - Could not import pandas. Holidays will not be considered.
[2025-10-25T16:32:04.282+0200] {processor.py:842} WARNING - No viable dags retrieved from /Users/youssefdaaloul/venv/dbt_snowflake/airflow_venv_39/lib/python3.11/site-packages/airflow/example_dags/plugins/workday.py
[2025-10-25T16:32:04.311+0200] {processor.py:183} INFO - Processing /Users/youssefdaaloul/venv/dbt_snowflake/airflow_venv_39/lib/python3.11/site-packages/airflow/example_dags/plugins/workday.py took 0.031 seconds
[2025-10-25T16:33:01.837+0200] {processor.py:161} INFO - Started process (PID=72639) to work on /Users/youssefdaaloul/venv/dbt_snowflake/airflow_venv_39/lib/python3.11/site-packages/airflow/example_dags/plugins/workday.py
[2025-10-25T16:33:01.837+0200] {processor.py:830} INFO - Processing file /Users/youssefdaaloul/venv/dbt_snowflake/airflow_venv_39/lib/python3.11/site-packages/airflow/example_dags/plugins/workday.py for tasks to queue
[2025-10-25T16:33:01.837+0200] {logging_mixin.py:188} INFO - [2025-10-25T16:33:01.837+0200] {dagbag.py:538} INFO - Filling up the DagBag from /Users/youssefdaaloul/venv/dbt_snowflake/airflow_venv_39/lib/python3.11/site-packages/airflow/example_dags/plugins/workday.py
[2025-10-25T16:33:01.838+0200] {logging_mixin.py:188} INFO - [2025-10-25T16:33:01.838+0200] {workday.py:40} WARNING - Could not import pandas. Holidays will not be considered.
[2025-10-25T16:33:01.838+0200] {processor.py:842} WARNING - No viable dags retrieved from /Users/youssefdaaloul/venv/dbt_snowflake/airflow_venv_39/lib/python3.11/site-packages/airflow/example_dags/plugins/workday.py
[2025-10-25T16:33:01.866+0200] {processor.py:183} INFO - Processing /Users/youssefdaaloul/venv/dbt_snowflake/airflow_venv_39/lib/python3.11/site-packages/airflow/example_dags/plugins/workday.py took 0.030 seconds
[2025-10-25T16:34:01.897+0200] {processor.py:161} INFO - Started process (PID=72711) to work on /Users/youssefdaaloul/venv/dbt_snowflake/airflow_venv_39/lib/python3.11/site-packages/airflow/example_dags/plugins/workday.py
[2025-10-25T16:34:01.898+0200] {processor.py:830} INFO - Processing file /Users/youssefdaaloul/venv/dbt_snowflake/airflow_venv_39/lib/python3.11/site-packages/airflow/example_dags/plugins/workday.py for tasks to queue
[2025-10-25T16:34:01.898+0200] {logging_mixin.py:188} INFO - [2025-10-25T16:34:01.898+0200] {dagbag.py:538} INFO - Filling up the DagBag from /Users/youssefdaaloul/venv/dbt_snowflake/airflow_venv_39/lib/python3.11/site-packages/airflow/example_dags/plugins/workday.py
[2025-10-25T16:34:01.899+0200] {logging_mixin.py:188} INFO - [2025-10-25T16:34:01.899+0200] {workday.py:40} WARNING - Could not import pandas. Holidays will not be considered.
[2025-10-25T16:34:01.899+0200] {processor.py:842} WARNING - No viable dags retrieved from /Users/youssefdaaloul/venv/dbt_snowflake/airflow_venv_39/lib/python3.11/site-packages/airflow/example_dags/plugins/workday.py
[2025-10-25T16:34:01.928+0200] {processor.py:183} INFO - Processing /Users/youssefdaaloul/venv/dbt_snowflake/airflow_venv_39/lib/python3.11/site-packages/airflow/example_dags/plugins/workday.py took 0.032 seconds
[2025-10-25T16:35:00.870+0200] {processor.py:161} INFO - Started process (PID=72811) to work on /Users/youssefdaaloul/venv/dbt_snowflake/airflow_venv_39/lib/python3.11/site-packages/airflow/example_dags/plugins/workday.py
[2025-10-25T16:35:00.870+0200] {processor.py:830} INFO - Processing file /Users/youssefdaaloul/venv/dbt_snowflake/airflow_venv_39/lib/python3.11/site-packages/airflow/example_dags/plugins/workday.py for tasks to queue
[2025-10-25T16:35:00.871+0200] {logging_mixin.py:188} INFO - [2025-10-25T16:35:00.870+0200] {dagbag.py:538} INFO - Filling up the DagBag from /Users/youssefdaaloul/venv/dbt_snowflake/airflow_venv_39/lib/python3.11/site-packages/airflow/example_dags/plugins/workday.py
[2025-10-25T16:35:00.871+0200] {logging_mixin.py:188} INFO - [2025-10-25T16:35:00.871+0200] {workday.py:40} WARNING - Could not import pandas. Holidays will not be considered.
[2025-10-25T16:35:00.871+0200] {processor.py:842} WARNING - No viable dags retrieved from /Users/youssefdaaloul/venv/dbt_snowflake/airflow_venv_39/lib/python3.11/site-packages/airflow/example_dags/plugins/workday.py
[2025-10-25T16:35:00.901+0200] {processor.py:183} INFO - Processing /Users/youssefdaaloul/venv/dbt_snowflake/airflow_venv_39/lib/python3.11/site-packages/airflow/example_dags/plugins/workday.py took 0.031 seconds
[2025-10-25T16:36:00.361+0200] {processor.py:161} INFO - Started process (PID=72881) to work on /Users/youssefdaaloul/venv/dbt_snowflake/airflow_venv_39/lib/python3.11/site-packages/airflow/example_dags/plugins/workday.py
[2025-10-25T16:36:00.361+0200] {processor.py:830} INFO - Processing file /Users/youssefdaaloul/venv/dbt_snowflake/airflow_venv_39/lib/python3.11/site-packages/airflow/example_dags/plugins/workday.py for tasks to queue
[2025-10-25T16:36:00.362+0200] {logging_mixin.py:188} INFO - [2025-10-25T16:36:00.362+0200] {dagbag.py:538} INFO - Filling up the DagBag from /Users/youssefdaaloul/venv/dbt_snowflake/airflow_venv_39/lib/python3.11/site-packages/airflow/example_dags/plugins/workday.py
[2025-10-25T16:36:00.363+0200] {logging_mixin.py:188} INFO - [2025-10-25T16:36:00.363+0200] {workday.py:40} WARNING - Could not import pandas. Holidays will not be considered.
[2025-10-25T16:36:00.363+0200] {processor.py:842} WARNING - No viable dags retrieved from /Users/youssefdaaloul/venv/dbt_snowflake/airflow_venv_39/lib/python3.11/site-packages/airflow/example_dags/plugins/workday.py
[2025-10-25T16:36:00.392+0200] {processor.py:183} INFO - Processing /Users/youssefdaaloul/venv/dbt_snowflake/airflow_venv_39/lib/python3.11/site-packages/airflow/example_dags/plugins/workday.py took 0.032 seconds
