[2025-10-25T16:08:14.373+0200] {processor.py:161} INFO - Started process (PID=71174) to work on /Users/youssefdaaloul/venv/dbt_snowflake/airflow_venv_39/lib/python3.11/site-packages/airflow/example_dags/subdags/subdag.py
[2025-10-25T16:08:14.373+0200] {processor.py:830} INFO - Processing file /Users/youssefdaaloul/venv/dbt_snowflake/airflow_venv_39/lib/python3.11/site-packages/airflow/example_dags/subdags/subdag.py for tasks to queue
[2025-10-25T16:08:14.374+0200] {logging_mixin.py:188} INFO - [2025-10-25T16:08:14.373+0200] {dagbag.py:538} INFO - Filling up the DagBag from /Users/youssefdaaloul/venv/dbt_snowflake/airflow_venv_39/lib/python3.11/site-packages/airflow/example_dags/subdags/subdag.py
[2025-10-25T16:08:14.374+0200] {processor.py:842} WARNING - No viable dags retrieved from /Users/youssefdaaloul/venv/dbt_snowflake/airflow_venv_39/lib/python3.11/site-packages/airflow/example_dags/subdags/subdag.py
[2025-10-25T16:08:14.403+0200] {processor.py:183} INFO - Processing /Users/youssefdaaloul/venv/dbt_snowflake/airflow_venv_39/lib/python3.11/site-packages/airflow/example_dags/subdags/subdag.py took 0.030 seconds
[2025-10-25T16:09:45.392+0200] {processor.py:161} INFO - Started process (PID=71255) to work on /Users/youssefdaaloul/venv/dbt_snowflake/airflow_venv_39/lib/python3.11/site-packages/airflow/example_dags/subdags/subdag.py
[2025-10-25T16:09:45.393+0200] {processor.py:830} INFO - Processing file /Users/youssefdaaloul/venv/dbt_snowflake/airflow_venv_39/lib/python3.11/site-packages/airflow/example_dags/subdags/subdag.py for tasks to queue
[2025-10-25T16:09:45.393+0200] {logging_mixin.py:188} INFO - [2025-10-25T16:09:45.393+0200] {dagbag.py:538} INFO - Filling up the DagBag from /Users/youssefdaaloul/venv/dbt_snowflake/airflow_venv_39/lib/python3.11/site-packages/airflow/example_dags/subdags/subdag.py
[2025-10-25T16:09:45.394+0200] {processor.py:842} WARNING - No viable dags retrieved from /Users/youssefdaaloul/venv/dbt_snowflake/airflow_venv_39/lib/python3.11/site-packages/airflow/example_dags/subdags/subdag.py
[2025-10-25T16:09:45.425+0200] {processor.py:183} INFO - Processing /Users/youssefdaaloul/venv/dbt_snowflake/airflow_venv_39/lib/python3.11/site-packages/airflow/example_dags/subdags/subdag.py took 0.033 seconds
[2025-10-25T16:10:45.973+0200] {processor.py:161} INFO - Started process (PID=71312) to work on /Users/youssefdaaloul/venv/dbt_snowflake/airflow_venv_39/lib/python3.11/site-packages/airflow/example_dags/subdags/subdag.py
[2025-10-25T16:10:45.974+0200] {processor.py:830} INFO - Processing file /Users/youssefdaaloul/venv/dbt_snowflake/airflow_venv_39/lib/python3.11/site-packages/airflow/example_dags/subdags/subdag.py for tasks to queue
[2025-10-25T16:10:45.975+0200] {logging_mixin.py:188} INFO - [2025-10-25T16:10:45.974+0200] {dagbag.py:538} INFO - Filling up the DagBag from /Users/youssefdaaloul/venv/dbt_snowflake/airflow_venv_39/lib/python3.11/site-packages/airflow/example_dags/subdags/subdag.py
[2025-10-25T16:10:45.976+0200] {processor.py:842} WARNING - No viable dags retrieved from /Users/youssefdaaloul/venv/dbt_snowflake/airflow_venv_39/lib/python3.11/site-packages/airflow/example_dags/subdags/subdag.py
[2025-10-25T16:10:46.004+0200] {processor.py:183} INFO - Processing /Users/youssefdaaloul/venv/dbt_snowflake/airflow_venv_39/lib/python3.11/site-packages/airflow/example_dags/subdags/subdag.py took 0.031 seconds
[2025-10-25T16:11:45.584+0200] {processor.py:161} INFO - Started process (PID=71373) to work on /Users/youssefdaaloul/venv/dbt_snowflake/airflow_venv_39/lib/python3.11/site-packages/airflow/example_dags/subdags/subdag.py
[2025-10-25T16:11:45.585+0200] {processor.py:830} INFO - Processing file /Users/youssefdaaloul/venv/dbt_snowflake/airflow_venv_39/lib/python3.11/site-packages/airflow/example_dags/subdags/subdag.py for tasks to queue
[2025-10-25T16:11:45.585+0200] {logging_mixin.py:188} INFO - [2025-10-25T16:11:45.585+0200] {dagbag.py:538} INFO - Filling up the DagBag from /Users/youssefdaaloul/venv/dbt_snowflake/airflow_venv_39/lib/python3.11/site-packages/airflow/example_dags/subdags/subdag.py
[2025-10-25T16:11:45.586+0200] {processor.py:842} WARNING - No viable dags retrieved from /Users/youssefdaaloul/venv/dbt_snowflake/airflow_venv_39/lib/python3.11/site-packages/airflow/example_dags/subdags/subdag.py
[2025-10-25T16:11:45.613+0200] {processor.py:183} INFO - Processing /Users/youssefdaaloul/venv/dbt_snowflake/airflow_venv_39/lib/python3.11/site-packages/airflow/example_dags/subdags/subdag.py took 0.029 seconds
[2025-10-25T16:12:43.853+0200] {processor.py:161} INFO - Started process (PID=71423) to work on /Users/youssefdaaloul/venv/dbt_snowflake/airflow_venv_39/lib/python3.11/site-packages/airflow/example_dags/subdags/subdag.py
[2025-10-25T16:12:43.855+0200] {processor.py:830} INFO - Processing file /Users/youssefdaaloul/venv/dbt_snowflake/airflow_venv_39/lib/python3.11/site-packages/airflow/example_dags/subdags/subdag.py for tasks to queue
[2025-10-25T16:12:43.855+0200] {logging_mixin.py:188} INFO - [2025-10-25T16:12:43.855+0200] {dagbag.py:538} INFO - Filling up the DagBag from /Users/youssefdaaloul/venv/dbt_snowflake/airflow_venv_39/lib/python3.11/site-packages/airflow/example_dags/subdags/subdag.py
[2025-10-25T16:12:43.856+0200] {processor.py:842} WARNING - No viable dags retrieved from /Users/youssefdaaloul/venv/dbt_snowflake/airflow_venv_39/lib/python3.11/site-packages/airflow/example_dags/subdags/subdag.py
[2025-10-25T16:12:43.884+0200] {processor.py:183} INFO - Processing /Users/youssefdaaloul/venv/dbt_snowflake/airflow_venv_39/lib/python3.11/site-packages/airflow/example_dags/subdags/subdag.py took 0.031 seconds
[2025-10-25T16:13:43.096+0200] {processor.py:161} INFO - Started process (PID=71473) to work on /Users/youssefdaaloul/venv/dbt_snowflake/airflow_venv_39/lib/python3.11/site-packages/airflow/example_dags/subdags/subdag.py
[2025-10-25T16:13:43.096+0200] {processor.py:830} INFO - Processing file /Users/youssefdaaloul/venv/dbt_snowflake/airflow_venv_39/lib/python3.11/site-packages/airflow/example_dags/subdags/subdag.py for tasks to queue
[2025-10-25T16:13:43.097+0200] {logging_mixin.py:188} INFO - [2025-10-25T16:13:43.097+0200] {dagbag.py:538} INFO - Filling up the DagBag from /Users/youssefdaaloul/venv/dbt_snowflake/airflow_venv_39/lib/python3.11/site-packages/airflow/example_dags/subdags/subdag.py
[2025-10-25T16:13:43.098+0200] {processor.py:842} WARNING - No viable dags retrieved from /Users/youssefdaaloul/venv/dbt_snowflake/airflow_venv_39/lib/python3.11/site-packages/airflow/example_dags/subdags/subdag.py
[2025-10-25T16:13:43.133+0200] {processor.py:183} INFO - Processing /Users/youssefdaaloul/venv/dbt_snowflake/airflow_venv_39/lib/python3.11/site-packages/airflow/example_dags/subdags/subdag.py took 0.039 seconds
[2025-10-25T16:14:46.655+0200] {processor.py:161} INFO - Started process (PID=71535) to work on /Users/youssefdaaloul/venv/dbt_snowflake/airflow_venv_39/lib/python3.11/site-packages/airflow/example_dags/subdags/subdag.py
[2025-10-25T16:14:46.656+0200] {processor.py:830} INFO - Processing file /Users/youssefdaaloul/venv/dbt_snowflake/airflow_venv_39/lib/python3.11/site-packages/airflow/example_dags/subdags/subdag.py for tasks to queue
[2025-10-25T16:14:46.656+0200] {logging_mixin.py:188} INFO - [2025-10-25T16:14:46.656+0200] {dagbag.py:538} INFO - Filling up the DagBag from /Users/youssefdaaloul/venv/dbt_snowflake/airflow_venv_39/lib/python3.11/site-packages/airflow/example_dags/subdags/subdag.py
[2025-10-25T16:14:46.657+0200] {processor.py:842} WARNING - No viable dags retrieved from /Users/youssefdaaloul/venv/dbt_snowflake/airflow_venv_39/lib/python3.11/site-packages/airflow/example_dags/subdags/subdag.py
[2025-10-25T16:14:46.684+0200] {processor.py:183} INFO - Processing /Users/youssefdaaloul/venv/dbt_snowflake/airflow_venv_39/lib/python3.11/site-packages/airflow/example_dags/subdags/subdag.py took 0.029 seconds
[2025-10-25T16:15:48.572+0200] {processor.py:161} INFO - Started process (PID=71593) to work on /Users/youssefdaaloul/venv/dbt_snowflake/airflow_venv_39/lib/python3.11/site-packages/airflow/example_dags/subdags/subdag.py
[2025-10-25T16:15:48.573+0200] {processor.py:830} INFO - Processing file /Users/youssefdaaloul/venv/dbt_snowflake/airflow_venv_39/lib/python3.11/site-packages/airflow/example_dags/subdags/subdag.py for tasks to queue
[2025-10-25T16:15:48.573+0200] {logging_mixin.py:188} INFO - [2025-10-25T16:15:48.573+0200] {dagbag.py:538} INFO - Filling up the DagBag from /Users/youssefdaaloul/venv/dbt_snowflake/airflow_venv_39/lib/python3.11/site-packages/airflow/example_dags/subdags/subdag.py
[2025-10-25T16:15:48.574+0200] {processor.py:842} WARNING - No viable dags retrieved from /Users/youssefdaaloul/venv/dbt_snowflake/airflow_venv_39/lib/python3.11/site-packages/airflow/example_dags/subdags/subdag.py
[2025-10-25T16:15:48.603+0200] {processor.py:183} INFO - Processing /Users/youssefdaaloul/venv/dbt_snowflake/airflow_venv_39/lib/python3.11/site-packages/airflow/example_dags/subdags/subdag.py took 0.032 seconds
[2025-10-25T16:16:47.208+0200] {processor.py:161} INFO - Started process (PID=71637) to work on /Users/youssefdaaloul/venv/dbt_snowflake/airflow_venv_39/lib/python3.11/site-packages/airflow/example_dags/subdags/subdag.py
[2025-10-25T16:16:47.208+0200] {processor.py:830} INFO - Processing file /Users/youssefdaaloul/venv/dbt_snowflake/airflow_venv_39/lib/python3.11/site-packages/airflow/example_dags/subdags/subdag.py for tasks to queue
[2025-10-25T16:16:47.209+0200] {logging_mixin.py:188} INFO - [2025-10-25T16:16:47.209+0200] {dagbag.py:538} INFO - Filling up the DagBag from /Users/youssefdaaloul/venv/dbt_snowflake/airflow_venv_39/lib/python3.11/site-packages/airflow/example_dags/subdags/subdag.py
[2025-10-25T16:16:47.210+0200] {processor.py:842} WARNING - No viable dags retrieved from /Users/youssefdaaloul/venv/dbt_snowflake/airflow_venv_39/lib/python3.11/site-packages/airflow/example_dags/subdags/subdag.py
[2025-10-25T16:16:47.240+0200] {processor.py:183} INFO - Processing /Users/youssefdaaloul/venv/dbt_snowflake/airflow_venv_39/lib/python3.11/site-packages/airflow/example_dags/subdags/subdag.py took 0.033 seconds
[2025-10-25T16:17:47.185+0200] {processor.py:161} INFO - Started process (PID=71685) to work on /Users/youssefdaaloul/venv/dbt_snowflake/airflow_venv_39/lib/python3.11/site-packages/airflow/example_dags/subdags/subdag.py
[2025-10-25T16:17:47.186+0200] {processor.py:830} INFO - Processing file /Users/youssefdaaloul/venv/dbt_snowflake/airflow_venv_39/lib/python3.11/site-packages/airflow/example_dags/subdags/subdag.py for tasks to queue
[2025-10-25T16:17:47.187+0200] {logging_mixin.py:188} INFO - [2025-10-25T16:17:47.187+0200] {dagbag.py:538} INFO - Filling up the DagBag from /Users/youssefdaaloul/venv/dbt_snowflake/airflow_venv_39/lib/python3.11/site-packages/airflow/example_dags/subdags/subdag.py
[2025-10-25T16:17:47.188+0200] {processor.py:842} WARNING - No viable dags retrieved from /Users/youssefdaaloul/venv/dbt_snowflake/airflow_venv_39/lib/python3.11/site-packages/airflow/example_dags/subdags/subdag.py
[2025-10-25T16:17:47.216+0200] {processor.py:183} INFO - Processing /Users/youssefdaaloul/venv/dbt_snowflake/airflow_venv_39/lib/python3.11/site-packages/airflow/example_dags/subdags/subdag.py took 0.031 seconds
[2025-10-25T16:18:47.331+0200] {processor.py:161} INFO - Started process (PID=71741) to work on /Users/youssefdaaloul/venv/dbt_snowflake/airflow_venv_39/lib/python3.11/site-packages/airflow/example_dags/subdags/subdag.py
[2025-10-25T16:18:47.332+0200] {processor.py:830} INFO - Processing file /Users/youssefdaaloul/venv/dbt_snowflake/airflow_venv_39/lib/python3.11/site-packages/airflow/example_dags/subdags/subdag.py for tasks to queue
[2025-10-25T16:18:47.333+0200] {logging_mixin.py:188} INFO - [2025-10-25T16:18:47.332+0200] {dagbag.py:538} INFO - Filling up the DagBag from /Users/youssefdaaloul/venv/dbt_snowflake/airflow_venv_39/lib/python3.11/site-packages/airflow/example_dags/subdags/subdag.py
[2025-10-25T16:18:47.334+0200] {processor.py:842} WARNING - No viable dags retrieved from /Users/youssefdaaloul/venv/dbt_snowflake/airflow_venv_39/lib/python3.11/site-packages/airflow/example_dags/subdags/subdag.py
[2025-10-25T16:18:47.366+0200] {processor.py:183} INFO - Processing /Users/youssefdaaloul/venv/dbt_snowflake/airflow_venv_39/lib/python3.11/site-packages/airflow/example_dags/subdags/subdag.py took 0.035 seconds
[2025-10-25T16:19:53.039+0200] {processor.py:161} INFO - Started process (PID=71803) to work on /Users/youssefdaaloul/venv/dbt_snowflake/airflow_venv_39/lib/python3.11/site-packages/airflow/example_dags/subdags/subdag.py
[2025-10-25T16:19:53.040+0200] {processor.py:830} INFO - Processing file /Users/youssefdaaloul/venv/dbt_snowflake/airflow_venv_39/lib/python3.11/site-packages/airflow/example_dags/subdags/subdag.py for tasks to queue
[2025-10-25T16:19:53.040+0200] {logging_mixin.py:188} INFO - [2025-10-25T16:19:53.040+0200] {dagbag.py:538} INFO - Filling up the DagBag from /Users/youssefdaaloul/venv/dbt_snowflake/airflow_venv_39/lib/python3.11/site-packages/airflow/example_dags/subdags/subdag.py
[2025-10-25T16:19:53.042+0200] {processor.py:842} WARNING - No viable dags retrieved from /Users/youssefdaaloul/venv/dbt_snowflake/airflow_venv_39/lib/python3.11/site-packages/airflow/example_dags/subdags/subdag.py
[2025-10-25T16:19:53.070+0200] {processor.py:183} INFO - Processing /Users/youssefdaaloul/venv/dbt_snowflake/airflow_venv_39/lib/python3.11/site-packages/airflow/example_dags/subdags/subdag.py took 0.031 seconds
[2025-10-25T16:20:54.223+0200] {processor.py:161} INFO - Started process (PID=71863) to work on /Users/youssefdaaloul/venv/dbt_snowflake/airflow_venv_39/lib/python3.11/site-packages/airflow/example_dags/subdags/subdag.py
[2025-10-25T16:20:54.223+0200] {processor.py:830} INFO - Processing file /Users/youssefdaaloul/venv/dbt_snowflake/airflow_venv_39/lib/python3.11/site-packages/airflow/example_dags/subdags/subdag.py for tasks to queue
[2025-10-25T16:20:54.224+0200] {logging_mixin.py:188} INFO - [2025-10-25T16:20:54.224+0200] {dagbag.py:538} INFO - Filling up the DagBag from /Users/youssefdaaloul/venv/dbt_snowflake/airflow_venv_39/lib/python3.11/site-packages/airflow/example_dags/subdags/subdag.py
[2025-10-25T16:20:54.225+0200] {processor.py:842} WARNING - No viable dags retrieved from /Users/youssefdaaloul/venv/dbt_snowflake/airflow_venv_39/lib/python3.11/site-packages/airflow/example_dags/subdags/subdag.py
[2025-10-25T16:20:54.251+0200] {processor.py:183} INFO - Processing /Users/youssefdaaloul/venv/dbt_snowflake/airflow_venv_39/lib/python3.11/site-packages/airflow/example_dags/subdags/subdag.py took 0.029 seconds
[2025-10-25T16:21:48.202+0200] {processor.py:161} INFO - Started process (PID=71909) to work on /Users/youssefdaaloul/venv/dbt_snowflake/airflow_venv_39/lib/python3.11/site-packages/airflow/example_dags/subdags/subdag.py
[2025-10-25T16:21:48.204+0200] {processor.py:830} INFO - Processing file /Users/youssefdaaloul/venv/dbt_snowflake/airflow_venv_39/lib/python3.11/site-packages/airflow/example_dags/subdags/subdag.py for tasks to queue
[2025-10-25T16:21:48.204+0200] {logging_mixin.py:188} INFO - [2025-10-25T16:21:48.204+0200] {dagbag.py:538} INFO - Filling up the DagBag from /Users/youssefdaaloul/venv/dbt_snowflake/airflow_venv_39/lib/python3.11/site-packages/airflow/example_dags/subdags/subdag.py
[2025-10-25T16:21:48.205+0200] {processor.py:842} WARNING - No viable dags retrieved from /Users/youssefdaaloul/venv/dbt_snowflake/airflow_venv_39/lib/python3.11/site-packages/airflow/example_dags/subdags/subdag.py
[2025-10-25T16:21:48.232+0200] {processor.py:183} INFO - Processing /Users/youssefdaaloul/venv/dbt_snowflake/airflow_venv_39/lib/python3.11/site-packages/airflow/example_dags/subdags/subdag.py took 0.030 seconds
[2025-10-25T16:22:41.188+0200] {processor.py:161} INFO - Started process (PID=71955) to work on /Users/youssefdaaloul/venv/dbt_snowflake/airflow_venv_39/lib/python3.11/site-packages/airflow/example_dags/subdags/subdag.py
[2025-10-25T16:22:41.190+0200] {processor.py:830} INFO - Processing file /Users/youssefdaaloul/venv/dbt_snowflake/airflow_venv_39/lib/python3.11/site-packages/airflow/example_dags/subdags/subdag.py for tasks to queue
[2025-10-25T16:22:41.190+0200] {logging_mixin.py:188} INFO - [2025-10-25T16:22:41.190+0200] {dagbag.py:538} INFO - Filling up the DagBag from /Users/youssefdaaloul/venv/dbt_snowflake/airflow_venv_39/lib/python3.11/site-packages/airflow/example_dags/subdags/subdag.py
[2025-10-25T16:22:41.191+0200] {processor.py:842} WARNING - No viable dags retrieved from /Users/youssefdaaloul/venv/dbt_snowflake/airflow_venv_39/lib/python3.11/site-packages/airflow/example_dags/subdags/subdag.py
[2025-10-25T16:22:41.219+0200] {processor.py:183} INFO - Processing /Users/youssefdaaloul/venv/dbt_snowflake/airflow_venv_39/lib/python3.11/site-packages/airflow/example_dags/subdags/subdag.py took 0.031 seconds
[2025-10-25T16:23:34.881+0200] {processor.py:161} INFO - Started process (PID=72013) to work on /Users/youssefdaaloul/venv/dbt_snowflake/airflow_venv_39/lib/python3.11/site-packages/airflow/example_dags/subdags/subdag.py
[2025-10-25T16:23:34.882+0200] {processor.py:830} INFO - Processing file /Users/youssefdaaloul/venv/dbt_snowflake/airflow_venv_39/lib/python3.11/site-packages/airflow/example_dags/subdags/subdag.py for tasks to queue
[2025-10-25T16:23:34.883+0200] {logging_mixin.py:188} INFO - [2025-10-25T16:23:34.882+0200] {dagbag.py:538} INFO - Filling up the DagBag from /Users/youssefdaaloul/venv/dbt_snowflake/airflow_venv_39/lib/python3.11/site-packages/airflow/example_dags/subdags/subdag.py
[2025-10-25T16:23:34.884+0200] {processor.py:842} WARNING - No viable dags retrieved from /Users/youssefdaaloul/venv/dbt_snowflake/airflow_venv_39/lib/python3.11/site-packages/airflow/example_dags/subdags/subdag.py
[2025-10-25T16:23:34.913+0200] {processor.py:183} INFO - Processing /Users/youssefdaaloul/venv/dbt_snowflake/airflow_venv_39/lib/python3.11/site-packages/airflow/example_dags/subdags/subdag.py took 0.032 seconds
[2025-10-25T16:24:30.698+0200] {processor.py:161} INFO - Started process (PID=72066) to work on /Users/youssefdaaloul/venv/dbt_snowflake/airflow_venv_39/lib/python3.11/site-packages/airflow/example_dags/subdags/subdag.py
[2025-10-25T16:24:30.699+0200] {processor.py:830} INFO - Processing file /Users/youssefdaaloul/venv/dbt_snowflake/airflow_venv_39/lib/python3.11/site-packages/airflow/example_dags/subdags/subdag.py for tasks to queue
[2025-10-25T16:24:30.699+0200] {logging_mixin.py:188} INFO - [2025-10-25T16:24:30.699+0200] {dagbag.py:538} INFO - Filling up the DagBag from /Users/youssefdaaloul/venv/dbt_snowflake/airflow_venv_39/lib/python3.11/site-packages/airflow/example_dags/subdags/subdag.py
[2025-10-25T16:24:30.700+0200] {processor.py:842} WARNING - No viable dags retrieved from /Users/youssefdaaloul/venv/dbt_snowflake/airflow_venv_39/lib/python3.11/site-packages/airflow/example_dags/subdags/subdag.py
[2025-10-25T16:24:30.727+0200] {processor.py:183} INFO - Processing /Users/youssefdaaloul/venv/dbt_snowflake/airflow_venv_39/lib/python3.11/site-packages/airflow/example_dags/subdags/subdag.py took 0.030 seconds
[2025-10-25T16:25:26.455+0200] {processor.py:161} INFO - Started process (PID=72112) to work on /Users/youssefdaaloul/venv/dbt_snowflake/airflow_venv_39/lib/python3.11/site-packages/airflow/example_dags/subdags/subdag.py
[2025-10-25T16:25:26.457+0200] {processor.py:830} INFO - Processing file /Users/youssefdaaloul/venv/dbt_snowflake/airflow_venv_39/lib/python3.11/site-packages/airflow/example_dags/subdags/subdag.py for tasks to queue
[2025-10-25T16:25:26.457+0200] {logging_mixin.py:188} INFO - [2025-10-25T16:25:26.457+0200] {dagbag.py:538} INFO - Filling up the DagBag from /Users/youssefdaaloul/venv/dbt_snowflake/airflow_venv_39/lib/python3.11/site-packages/airflow/example_dags/subdags/subdag.py
[2025-10-25T16:25:26.458+0200] {processor.py:842} WARNING - No viable dags retrieved from /Users/youssefdaaloul/venv/dbt_snowflake/airflow_venv_39/lib/python3.11/site-packages/airflow/example_dags/subdags/subdag.py
[2025-10-25T16:25:26.486+0200] {processor.py:183} INFO - Processing /Users/youssefdaaloul/venv/dbt_snowflake/airflow_venv_39/lib/python3.11/site-packages/airflow/example_dags/subdags/subdag.py took 0.031 seconds
[2025-10-25T16:26:20.214+0200] {processor.py:161} INFO - Started process (PID=72182) to work on /Users/youssefdaaloul/venv/dbt_snowflake/airflow_venv_39/lib/python3.11/site-packages/airflow/example_dags/subdags/subdag.py
[2025-10-25T16:26:20.214+0200] {processor.py:830} INFO - Processing file /Users/youssefdaaloul/venv/dbt_snowflake/airflow_venv_39/lib/python3.11/site-packages/airflow/example_dags/subdags/subdag.py for tasks to queue
[2025-10-25T16:26:20.215+0200] {logging_mixin.py:188} INFO - [2025-10-25T16:26:20.215+0200] {dagbag.py:538} INFO - Filling up the DagBag from /Users/youssefdaaloul/venv/dbt_snowflake/airflow_venv_39/lib/python3.11/site-packages/airflow/example_dags/subdags/subdag.py
[2025-10-25T16:26:20.216+0200] {processor.py:842} WARNING - No viable dags retrieved from /Users/youssefdaaloul/venv/dbt_snowflake/airflow_venv_39/lib/python3.11/site-packages/airflow/example_dags/subdags/subdag.py
[2025-10-25T16:26:20.243+0200] {processor.py:183} INFO - Processing /Users/youssefdaaloul/venv/dbt_snowflake/airflow_venv_39/lib/python3.11/site-packages/airflow/example_dags/subdags/subdag.py took 0.030 seconds
[2025-10-25T16:27:12.933+0200] {processor.py:161} INFO - Started process (PID=72223) to work on /Users/youssefdaaloul/venv/dbt_snowflake/airflow_venv_39/lib/python3.11/site-packages/airflow/example_dags/subdags/subdag.py
[2025-10-25T16:27:12.934+0200] {processor.py:830} INFO - Processing file /Users/youssefdaaloul/venv/dbt_snowflake/airflow_venv_39/lib/python3.11/site-packages/airflow/example_dags/subdags/subdag.py for tasks to queue
[2025-10-25T16:27:12.934+0200] {logging_mixin.py:188} INFO - [2025-10-25T16:27:12.934+0200] {dagbag.py:538} INFO - Filling up the DagBag from /Users/youssefdaaloul/venv/dbt_snowflake/airflow_venv_39/lib/python3.11/site-packages/airflow/example_dags/subdags/subdag.py
[2025-10-25T16:27:12.935+0200] {processor.py:842} WARNING - No viable dags retrieved from /Users/youssefdaaloul/venv/dbt_snowflake/airflow_venv_39/lib/python3.11/site-packages/airflow/example_dags/subdags/subdag.py
[2025-10-25T16:27:12.964+0200] {processor.py:183} INFO - Processing /Users/youssefdaaloul/venv/dbt_snowflake/airflow_venv_39/lib/python3.11/site-packages/airflow/example_dags/subdags/subdag.py took 0.032 seconds
[2025-10-25T16:28:10.953+0200] {processor.py:161} INFO - Started process (PID=72290) to work on /Users/youssefdaaloul/venv/dbt_snowflake/airflow_venv_39/lib/python3.11/site-packages/airflow/example_dags/subdags/subdag.py
[2025-10-25T16:28:10.954+0200] {processor.py:830} INFO - Processing file /Users/youssefdaaloul/venv/dbt_snowflake/airflow_venv_39/lib/python3.11/site-packages/airflow/example_dags/subdags/subdag.py for tasks to queue
[2025-10-25T16:28:10.955+0200] {logging_mixin.py:188} INFO - [2025-10-25T16:28:10.954+0200] {dagbag.py:538} INFO - Filling up the DagBag from /Users/youssefdaaloul/venv/dbt_snowflake/airflow_venv_39/lib/python3.11/site-packages/airflow/example_dags/subdags/subdag.py
[2025-10-25T16:28:10.956+0200] {processor.py:842} WARNING - No viable dags retrieved from /Users/youssefdaaloul/venv/dbt_snowflake/airflow_venv_39/lib/python3.11/site-packages/airflow/example_dags/subdags/subdag.py
[2025-10-25T16:28:10.983+0200] {processor.py:183} INFO - Processing /Users/youssefdaaloul/venv/dbt_snowflake/airflow_venv_39/lib/python3.11/site-packages/airflow/example_dags/subdags/subdag.py took 0.031 seconds
[2025-10-25T16:29:09.238+0200] {processor.py:161} INFO - Started process (PID=72343) to work on /Users/youssefdaaloul/venv/dbt_snowflake/airflow_venv_39/lib/python3.11/site-packages/airflow/example_dags/subdags/subdag.py
[2025-10-25T16:29:09.239+0200] {processor.py:830} INFO - Processing file /Users/youssefdaaloul/venv/dbt_snowflake/airflow_venv_39/lib/python3.11/site-packages/airflow/example_dags/subdags/subdag.py for tasks to queue
[2025-10-25T16:29:09.239+0200] {logging_mixin.py:188} INFO - [2025-10-25T16:29:09.239+0200] {dagbag.py:538} INFO - Filling up the DagBag from /Users/youssefdaaloul/venv/dbt_snowflake/airflow_venv_39/lib/python3.11/site-packages/airflow/example_dags/subdags/subdag.py
[2025-10-25T16:29:09.240+0200] {processor.py:842} WARNING - No viable dags retrieved from /Users/youssefdaaloul/venv/dbt_snowflake/airflow_venv_39/lib/python3.11/site-packages/airflow/example_dags/subdags/subdag.py
[2025-10-25T16:29:09.267+0200] {processor.py:183} INFO - Processing /Users/youssefdaaloul/venv/dbt_snowflake/airflow_venv_39/lib/python3.11/site-packages/airflow/example_dags/subdags/subdag.py took 0.030 seconds
[2025-10-25T16:30:08.000+0200] {processor.py:161} INFO - Started process (PID=72413) to work on /Users/youssefdaaloul/venv/dbt_snowflake/airflow_venv_39/lib/python3.11/site-packages/airflow/example_dags/subdags/subdag.py
[2025-10-25T16:30:08.000+0200] {processor.py:830} INFO - Processing file /Users/youssefdaaloul/venv/dbt_snowflake/airflow_venv_39/lib/python3.11/site-packages/airflow/example_dags/subdags/subdag.py for tasks to queue
[2025-10-25T16:30:08.001+0200] {logging_mixin.py:188} INFO - [2025-10-25T16:30:08.001+0200] {dagbag.py:538} INFO - Filling up the DagBag from /Users/youssefdaaloul/venv/dbt_snowflake/airflow_venv_39/lib/python3.11/site-packages/airflow/example_dags/subdags/subdag.py
[2025-10-25T16:30:08.002+0200] {processor.py:842} WARNING - No viable dags retrieved from /Users/youssefdaaloul/venv/dbt_snowflake/airflow_venv_39/lib/python3.11/site-packages/airflow/example_dags/subdags/subdag.py
[2025-10-25T16:30:08.030+0200] {processor.py:183} INFO - Processing /Users/youssefdaaloul/venv/dbt_snowflake/airflow_venv_39/lib/python3.11/site-packages/airflow/example_dags/subdags/subdag.py took 0.030 seconds
[2025-10-25T16:31:07.943+0200] {processor.py:161} INFO - Started process (PID=72494) to work on /Users/youssefdaaloul/venv/dbt_snowflake/airflow_venv_39/lib/python3.11/site-packages/airflow/example_dags/subdags/subdag.py
[2025-10-25T16:31:07.944+0200] {processor.py:830} INFO - Processing file /Users/youssefdaaloul/venv/dbt_snowflake/airflow_venv_39/lib/python3.11/site-packages/airflow/example_dags/subdags/subdag.py for tasks to queue
[2025-10-25T16:31:07.945+0200] {logging_mixin.py:188} INFO - [2025-10-25T16:31:07.944+0200] {dagbag.py:538} INFO - Filling up the DagBag from /Users/youssefdaaloul/venv/dbt_snowflake/airflow_venv_39/lib/python3.11/site-packages/airflow/example_dags/subdags/subdag.py
[2025-10-25T16:31:07.946+0200] {processor.py:842} WARNING - No viable dags retrieved from /Users/youssefdaaloul/venv/dbt_snowflake/airflow_venv_39/lib/python3.11/site-packages/airflow/example_dags/subdags/subdag.py
[2025-10-25T16:31:07.972+0200] {processor.py:183} INFO - Processing /Users/youssefdaaloul/venv/dbt_snowflake/airflow_venv_39/lib/python3.11/site-packages/airflow/example_dags/subdags/subdag.py took 0.030 seconds
[2025-10-25T16:32:02.477+0200] {processor.py:161} INFO - Started process (PID=72584) to work on /Users/youssefdaaloul/venv/dbt_snowflake/airflow_venv_39/lib/python3.11/site-packages/airflow/example_dags/subdags/subdag.py
[2025-10-25T16:32:02.477+0200] {processor.py:830} INFO - Processing file /Users/youssefdaaloul/venv/dbt_snowflake/airflow_venv_39/lib/python3.11/site-packages/airflow/example_dags/subdags/subdag.py for tasks to queue
[2025-10-25T16:32:02.478+0200] {logging_mixin.py:188} INFO - [2025-10-25T16:32:02.478+0200] {dagbag.py:538} INFO - Filling up the DagBag from /Users/youssefdaaloul/venv/dbt_snowflake/airflow_venv_39/lib/python3.11/site-packages/airflow/example_dags/subdags/subdag.py
[2025-10-25T16:32:02.479+0200] {processor.py:842} WARNING - No viable dags retrieved from /Users/youssefdaaloul/venv/dbt_snowflake/airflow_venv_39/lib/python3.11/site-packages/airflow/example_dags/subdags/subdag.py
[2025-10-25T16:32:02.505+0200] {processor.py:183} INFO - Processing /Users/youssefdaaloul/venv/dbt_snowflake/airflow_venv_39/lib/python3.11/site-packages/airflow/example_dags/subdags/subdag.py took 0.029 seconds
[2025-10-25T16:33:00.008+0200] {processor.py:161} INFO - Started process (PID=72638) to work on /Users/youssefdaaloul/venv/dbt_snowflake/airflow_venv_39/lib/python3.11/site-packages/airflow/example_dags/subdags/subdag.py
[2025-10-25T16:33:00.008+0200] {processor.py:830} INFO - Processing file /Users/youssefdaaloul/venv/dbt_snowflake/airflow_venv_39/lib/python3.11/site-packages/airflow/example_dags/subdags/subdag.py for tasks to queue
[2025-10-25T16:33:00.009+0200] {logging_mixin.py:188} INFO - [2025-10-25T16:33:00.009+0200] {dagbag.py:538} INFO - Filling up the DagBag from /Users/youssefdaaloul/venv/dbt_snowflake/airflow_venv_39/lib/python3.11/site-packages/airflow/example_dags/subdags/subdag.py
[2025-10-25T16:33:00.010+0200] {processor.py:842} WARNING - No viable dags retrieved from /Users/youssefdaaloul/venv/dbt_snowflake/airflow_venv_39/lib/python3.11/site-packages/airflow/example_dags/subdags/subdag.py
[2025-10-25T16:33:00.040+0200] {processor.py:183} INFO - Processing /Users/youssefdaaloul/venv/dbt_snowflake/airflow_venv_39/lib/python3.11/site-packages/airflow/example_dags/subdags/subdag.py took 0.033 seconds
[2025-10-25T16:34:00.569+0200] {processor.py:161} INFO - Started process (PID=72710) to work on /Users/youssefdaaloul/venv/dbt_snowflake/airflow_venv_39/lib/python3.11/site-packages/airflow/example_dags/subdags/subdag.py
[2025-10-25T16:34:00.574+0200] {processor.py:830} INFO - Processing file /Users/youssefdaaloul/venv/dbt_snowflake/airflow_venv_39/lib/python3.11/site-packages/airflow/example_dags/subdags/subdag.py for tasks to queue
[2025-10-25T16:34:00.574+0200] {logging_mixin.py:188} INFO - [2025-10-25T16:34:00.574+0200] {dagbag.py:538} INFO - Filling up the DagBag from /Users/youssefdaaloul/venv/dbt_snowflake/airflow_venv_39/lib/python3.11/site-packages/airflow/example_dags/subdags/subdag.py
[2025-10-25T16:34:00.576+0200] {processor.py:842} WARNING - No viable dags retrieved from /Users/youssefdaaloul/venv/dbt_snowflake/airflow_venv_39/lib/python3.11/site-packages/airflow/example_dags/subdags/subdag.py
[2025-10-25T16:34:00.604+0200] {processor.py:183} INFO - Processing /Users/youssefdaaloul/venv/dbt_snowflake/airflow_venv_39/lib/python3.11/site-packages/airflow/example_dags/subdags/subdag.py took 0.035 seconds
[2025-10-25T16:34:59.040+0200] {processor.py:161} INFO - Started process (PID=72808) to work on /Users/youssefdaaloul/venv/dbt_snowflake/airflow_venv_39/lib/python3.11/site-packages/airflow/example_dags/subdags/subdag.py
[2025-10-25T16:34:59.041+0200] {processor.py:830} INFO - Processing file /Users/youssefdaaloul/venv/dbt_snowflake/airflow_venv_39/lib/python3.11/site-packages/airflow/example_dags/subdags/subdag.py for tasks to queue
[2025-10-25T16:34:59.041+0200] {logging_mixin.py:188} INFO - [2025-10-25T16:34:59.041+0200] {dagbag.py:538} INFO - Filling up the DagBag from /Users/youssefdaaloul/venv/dbt_snowflake/airflow_venv_39/lib/python3.11/site-packages/airflow/example_dags/subdags/subdag.py
[2025-10-25T16:34:59.042+0200] {processor.py:842} WARNING - No viable dags retrieved from /Users/youssefdaaloul/venv/dbt_snowflake/airflow_venv_39/lib/python3.11/site-packages/airflow/example_dags/subdags/subdag.py
[2025-10-25T16:34:59.071+0200] {processor.py:183} INFO - Processing /Users/youssefdaaloul/venv/dbt_snowflake/airflow_venv_39/lib/python3.11/site-packages/airflow/example_dags/subdags/subdag.py took 0.031 seconds
[2025-10-25T16:35:58.476+0200] {processor.py:161} INFO - Started process (PID=72880) to work on /Users/youssefdaaloul/venv/dbt_snowflake/airflow_venv_39/lib/python3.11/site-packages/airflow/example_dags/subdags/subdag.py
[2025-10-25T16:35:58.476+0200] {processor.py:830} INFO - Processing file /Users/youssefdaaloul/venv/dbt_snowflake/airflow_venv_39/lib/python3.11/site-packages/airflow/example_dags/subdags/subdag.py for tasks to queue
[2025-10-25T16:35:58.477+0200] {logging_mixin.py:188} INFO - [2025-10-25T16:35:58.477+0200] {dagbag.py:538} INFO - Filling up the DagBag from /Users/youssefdaaloul/venv/dbt_snowflake/airflow_venv_39/lib/python3.11/site-packages/airflow/example_dags/subdags/subdag.py
[2025-10-25T16:35:58.478+0200] {processor.py:842} WARNING - No viable dags retrieved from /Users/youssefdaaloul/venv/dbt_snowflake/airflow_venv_39/lib/python3.11/site-packages/airflow/example_dags/subdags/subdag.py
[2025-10-25T16:35:58.507+0200] {processor.py:183} INFO - Processing /Users/youssefdaaloul/venv/dbt_snowflake/airflow_venv_39/lib/python3.11/site-packages/airflow/example_dags/subdags/subdag.py took 0.032 seconds
[2025-10-25T16:43:40.703+0200] {processor.py:161} INFO - Started process (PID=73789) to work on /Users/youssefdaaloul/venv/dbt_snowflake/airflow_venv_39/lib/python3.11/site-packages/airflow/example_dags/subdags/subdag.py
[2025-10-25T16:43:40.704+0200] {processor.py:830} INFO - Processing file /Users/youssefdaaloul/venv/dbt_snowflake/airflow_venv_39/lib/python3.11/site-packages/airflow/example_dags/subdags/subdag.py for tasks to queue
[2025-10-25T16:43:40.704+0200] {logging_mixin.py:188} INFO - [2025-10-25T16:43:40.704+0200] {dagbag.py:538} INFO - Filling up the DagBag from /Users/youssefdaaloul/venv/dbt_snowflake/airflow_venv_39/lib/python3.11/site-packages/airflow/example_dags/subdags/subdag.py
[2025-10-25T16:43:40.705+0200] {processor.py:842} WARNING - No viable dags retrieved from /Users/youssefdaaloul/venv/dbt_snowflake/airflow_venv_39/lib/python3.11/site-packages/airflow/example_dags/subdags/subdag.py
[2025-10-25T16:43:40.733+0200] {processor.py:183} INFO - Processing /Users/youssefdaaloul/venv/dbt_snowflake/airflow_venv_39/lib/python3.11/site-packages/airflow/example_dags/subdags/subdag.py took 0.031 seconds
[2025-10-25T16:44:36.563+0200] {processor.py:161} INFO - Started process (PID=73935) to work on /Users/youssefdaaloul/venv/dbt_snowflake/airflow_venv_39/lib/python3.11/site-packages/airflow/example_dags/subdags/subdag.py
[2025-10-25T16:44:36.565+0200] {processor.py:830} INFO - Processing file /Users/youssefdaaloul/venv/dbt_snowflake/airflow_venv_39/lib/python3.11/site-packages/airflow/example_dags/subdags/subdag.py for tasks to queue
[2025-10-25T16:44:36.565+0200] {logging_mixin.py:188} INFO - [2025-10-25T16:44:36.565+0200] {dagbag.py:538} INFO - Filling up the DagBag from /Users/youssefdaaloul/venv/dbt_snowflake/airflow_venv_39/lib/python3.11/site-packages/airflow/example_dags/subdags/subdag.py
[2025-10-25T16:44:36.566+0200] {processor.py:842} WARNING - No viable dags retrieved from /Users/youssefdaaloul/venv/dbt_snowflake/airflow_venv_39/lib/python3.11/site-packages/airflow/example_dags/subdags/subdag.py
[2025-10-25T16:44:36.593+0200] {processor.py:183} INFO - Processing /Users/youssefdaaloul/venv/dbt_snowflake/airflow_venv_39/lib/python3.11/site-packages/airflow/example_dags/subdags/subdag.py took 0.030 seconds
[2025-10-25T16:45:33.896+0200] {processor.py:161} INFO - Started process (PID=73981) to work on /Users/youssefdaaloul/venv/dbt_snowflake/airflow_venv_39/lib/python3.11/site-packages/airflow/example_dags/subdags/subdag.py
[2025-10-25T16:45:33.897+0200] {processor.py:830} INFO - Processing file /Users/youssefdaaloul/venv/dbt_snowflake/airflow_venv_39/lib/python3.11/site-packages/airflow/example_dags/subdags/subdag.py for tasks to queue
[2025-10-25T16:45:33.897+0200] {logging_mixin.py:188} INFO - [2025-10-25T16:45:33.897+0200] {dagbag.py:538} INFO - Filling up the DagBag from /Users/youssefdaaloul/venv/dbt_snowflake/airflow_venv_39/lib/python3.11/site-packages/airflow/example_dags/subdags/subdag.py
[2025-10-25T16:45:33.898+0200] {processor.py:842} WARNING - No viable dags retrieved from /Users/youssefdaaloul/venv/dbt_snowflake/airflow_venv_39/lib/python3.11/site-packages/airflow/example_dags/subdags/subdag.py
[2025-10-25T16:45:33.927+0200] {processor.py:183} INFO - Processing /Users/youssefdaaloul/venv/dbt_snowflake/airflow_venv_39/lib/python3.11/site-packages/airflow/example_dags/subdags/subdag.py took 0.032 seconds
[2025-10-25T16:46:34.285+0200] {processor.py:161} INFO - Started process (PID=74033) to work on /Users/youssefdaaloul/venv/dbt_snowflake/airflow_venv_39/lib/python3.11/site-packages/airflow/example_dags/subdags/subdag.py
[2025-10-25T16:46:34.286+0200] {processor.py:830} INFO - Processing file /Users/youssefdaaloul/venv/dbt_snowflake/airflow_venv_39/lib/python3.11/site-packages/airflow/example_dags/subdags/subdag.py for tasks to queue
[2025-10-25T16:46:34.286+0200] {logging_mixin.py:188} INFO - [2025-10-25T16:46:34.286+0200] {dagbag.py:538} INFO - Filling up the DagBag from /Users/youssefdaaloul/venv/dbt_snowflake/airflow_venv_39/lib/python3.11/site-packages/airflow/example_dags/subdags/subdag.py
[2025-10-25T16:46:34.287+0200] {processor.py:842} WARNING - No viable dags retrieved from /Users/youssefdaaloul/venv/dbt_snowflake/airflow_venv_39/lib/python3.11/site-packages/airflow/example_dags/subdags/subdag.py
[2025-10-25T16:46:34.316+0200] {processor.py:183} INFO - Processing /Users/youssefdaaloul/venv/dbt_snowflake/airflow_venv_39/lib/python3.11/site-packages/airflow/example_dags/subdags/subdag.py took 0.032 seconds
[2025-10-25T16:47:32.189+0200] {processor.py:161} INFO - Started process (PID=74079) to work on /Users/youssefdaaloul/venv/dbt_snowflake/airflow_venv_39/lib/python3.11/site-packages/airflow/example_dags/subdags/subdag.py
[2025-10-25T16:47:32.189+0200] {processor.py:830} INFO - Processing file /Users/youssefdaaloul/venv/dbt_snowflake/airflow_venv_39/lib/python3.11/site-packages/airflow/example_dags/subdags/subdag.py for tasks to queue
[2025-10-25T16:47:32.190+0200] {logging_mixin.py:188} INFO - [2025-10-25T16:47:32.190+0200] {dagbag.py:538} INFO - Filling up the DagBag from /Users/youssefdaaloul/venv/dbt_snowflake/airflow_venv_39/lib/python3.11/site-packages/airflow/example_dags/subdags/subdag.py
[2025-10-25T16:47:32.191+0200] {processor.py:842} WARNING - No viable dags retrieved from /Users/youssefdaaloul/venv/dbt_snowflake/airflow_venv_39/lib/python3.11/site-packages/airflow/example_dags/subdags/subdag.py
[2025-10-25T16:47:32.220+0200] {processor.py:183} INFO - Processing /Users/youssefdaaloul/venv/dbt_snowflake/airflow_venv_39/lib/python3.11/site-packages/airflow/example_dags/subdags/subdag.py took 0.031 seconds
[2025-10-25T16:48:28.151+0200] {processor.py:161} INFO - Started process (PID=74137) to work on /Users/youssefdaaloul/venv/dbt_snowflake/airflow_venv_39/lib/python3.11/site-packages/airflow/example_dags/subdags/subdag.py
[2025-10-25T16:48:28.151+0200] {processor.py:830} INFO - Processing file /Users/youssefdaaloul/venv/dbt_snowflake/airflow_venv_39/lib/python3.11/site-packages/airflow/example_dags/subdags/subdag.py for tasks to queue
[2025-10-25T16:48:28.152+0200] {logging_mixin.py:188} INFO - [2025-10-25T16:48:28.152+0200] {dagbag.py:538} INFO - Filling up the DagBag from /Users/youssefdaaloul/venv/dbt_snowflake/airflow_venv_39/lib/python3.11/site-packages/airflow/example_dags/subdags/subdag.py
[2025-10-25T16:48:28.153+0200] {processor.py:842} WARNING - No viable dags retrieved from /Users/youssefdaaloul/venv/dbt_snowflake/airflow_venv_39/lib/python3.11/site-packages/airflow/example_dags/subdags/subdag.py
[2025-10-25T16:48:28.183+0200] {processor.py:183} INFO - Processing /Users/youssefdaaloul/venv/dbt_snowflake/airflow_venv_39/lib/python3.11/site-packages/airflow/example_dags/subdags/subdag.py took 0.032 seconds
[2025-10-25T16:49:22.975+0200] {processor.py:161} INFO - Started process (PID=74199) to work on /Users/youssefdaaloul/venv/dbt_snowflake/airflow_venv_39/lib/python3.11/site-packages/airflow/example_dags/subdags/subdag.py
[2025-10-25T16:49:22.977+0200] {processor.py:830} INFO - Processing file /Users/youssefdaaloul/venv/dbt_snowflake/airflow_venv_39/lib/python3.11/site-packages/airflow/example_dags/subdags/subdag.py for tasks to queue
[2025-10-25T16:49:22.977+0200] {logging_mixin.py:188} INFO - [2025-10-25T16:49:22.977+0200] {dagbag.py:538} INFO - Filling up the DagBag from /Users/youssefdaaloul/venv/dbt_snowflake/airflow_venv_39/lib/python3.11/site-packages/airflow/example_dags/subdags/subdag.py
[2025-10-25T16:49:22.978+0200] {processor.py:842} WARNING - No viable dags retrieved from /Users/youssefdaaloul/venv/dbt_snowflake/airflow_venv_39/lib/python3.11/site-packages/airflow/example_dags/subdags/subdag.py
[2025-10-25T16:49:23.008+0200] {processor.py:183} INFO - Processing /Users/youssefdaaloul/venv/dbt_snowflake/airflow_venv_39/lib/python3.11/site-packages/airflow/example_dags/subdags/subdag.py took 0.034 seconds
[2025-10-25T16:50:22.377+0200] {processor.py:161} INFO - Started process (PID=74242) to work on /Users/youssefdaaloul/venv/dbt_snowflake/airflow_venv_39/lib/python3.11/site-packages/airflow/example_dags/subdags/subdag.py
[2025-10-25T16:50:22.378+0200] {processor.py:830} INFO - Processing file /Users/youssefdaaloul/venv/dbt_snowflake/airflow_venv_39/lib/python3.11/site-packages/airflow/example_dags/subdags/subdag.py for tasks to queue
[2025-10-25T16:50:22.378+0200] {logging_mixin.py:188} INFO - [2025-10-25T16:50:22.378+0200] {dagbag.py:538} INFO - Filling up the DagBag from /Users/youssefdaaloul/venv/dbt_snowflake/airflow_venv_39/lib/python3.11/site-packages/airflow/example_dags/subdags/subdag.py
[2025-10-25T16:50:22.380+0200] {processor.py:842} WARNING - No viable dags retrieved from /Users/youssefdaaloul/venv/dbt_snowflake/airflow_venv_39/lib/python3.11/site-packages/airflow/example_dags/subdags/subdag.py
[2025-10-25T16:50:22.409+0200] {processor.py:183} INFO - Processing /Users/youssefdaaloul/venv/dbt_snowflake/airflow_venv_39/lib/python3.11/site-packages/airflow/example_dags/subdags/subdag.py took 0.032 seconds
[2025-10-25T16:51:20.500+0200] {processor.py:161} INFO - Started process (PID=74293) to work on /Users/youssefdaaloul/venv/dbt_snowflake/airflow_venv_39/lib/python3.11/site-packages/airflow/example_dags/subdags/subdag.py
[2025-10-25T16:51:20.501+0200] {processor.py:830} INFO - Processing file /Users/youssefdaaloul/venv/dbt_snowflake/airflow_venv_39/lib/python3.11/site-packages/airflow/example_dags/subdags/subdag.py for tasks to queue
[2025-10-25T16:51:20.501+0200] {logging_mixin.py:188} INFO - [2025-10-25T16:51:20.501+0200] {dagbag.py:538} INFO - Filling up the DagBag from /Users/youssefdaaloul/venv/dbt_snowflake/airflow_venv_39/lib/python3.11/site-packages/airflow/example_dags/subdags/subdag.py
[2025-10-25T16:51:20.502+0200] {processor.py:842} WARNING - No viable dags retrieved from /Users/youssefdaaloul/venv/dbt_snowflake/airflow_venv_39/lib/python3.11/site-packages/airflow/example_dags/subdags/subdag.py
[2025-10-25T16:51:20.529+0200] {processor.py:183} INFO - Processing /Users/youssefdaaloul/venv/dbt_snowflake/airflow_venv_39/lib/python3.11/site-packages/airflow/example_dags/subdags/subdag.py took 0.029 seconds
